Thu Sep 13 0:08:04 BOT 2012: ASYNC -> STATS> Tiempo respuesta -0.193112 seg.
Thu Sep 13 9:12:09 BOT 2012: Asignar backtone escuchado > Asi termino:104298,105264,103507,104650,103506,149,
Thu Sep 13 9:15:41 BOT 2012: Check Session > msisdn: 77081159 > Usuario Valido 
Thu Sep 13 9:25:08 BOT 2012: Ajax->Mostrar Reproducciones:  
Thu Sep 13 9:28:26 BOT 2012: Busqueda Inteligente: resultados >145319
Thu Sep 13 9:28:53 BOT 2012: STATS > BUSQUEDA DE BACKTONE >Tiempo: 0.799227 seg. | registros: 9
Thu Sep 13 9:32:48 BOT 2012: WEB_REPRODUCIR_BUSQUEDA > Se recibieron:16 tonos
Thu Sep 13 9:33:15 BOT 2012: WEB_REPRODUCIR_BUSQUEDA > Se recibieron:10 tonos
Thu Sep 13 9:33:15 BOT 2012: Busqueda Inteligente: Jhonny Rivera
Thu Sep 13 9:33:36 BOT 2012: Busqueda Inteligente: resultados >104026
Thu Sep 13 9:38:41 BOT 2012: Busqueda Inteligente: resultados >128424
Thu Sep 13 9:40:32 BOT 2012: Mostrar Cantidad reproducciones: tono:128233 cantidad: 0
Thu Sep 13 9:40:50 BOT 2012: Ajax->Mostrar Imagen Portada:  
Thu Sep 13 9:41:17 BOT 2012: ASYNC -> STATS> Tiempo respuesta 0.627366 seg.
Thu Sep 13 9:42:03 BOT 2012: ASYNC -> STATS> Tiempo respuesta -0.609677 seg.
Thu Sep 13 9:59:55 BOT 2012: Busqueda Inteligente: 
Thu Sep 13 10:02:35 BOT 2012: Ajax->Mostrar Reproducciones:  
Thu Sep 13 10:03:47 BOT 2012: Ajax-> Mostrar Comentarios> tono:133775 
Thu Sep 13 10:10:13 BOT 2012: Busqueda Inteligente: The Cure
Thu Sep 13 10:18:45 BOT 2012: Consulta de precio de reason:3 - msisdn:75865603 tono:105370 Async responde:350
 
Thu Sep 13 10:21:37 BOT 2012: Ajax->Mostrar Reproducciones:  
Thu Sep 13 10:35:31 BOT 2012: Ajax->Mostrar Ranking:  
Thu Sep 13 10:38:47 BOT 2012: Ajax->Mostrar Reproducciones:  
Thu Sep 13 10:40:38 BOT 2012: Ajax-> Mostrar Megusta> tono:103096 
Thu Sep 13 10:42:27 BOT 2012: Ajax-> Mostrar Ranking > tono:103098 
Thu Sep 13 10:49:26 BOT 2012: WEB_REPRODUCIR_BUSQUEDA > Se recibieron:40 tonos
Thu Sep 13 11:05:08 BOT 2012: STATS > BUSQUEDA DE BACKTONE >Tiempo: 0.119192 seg. | registros: 5
Thu Sep 13 11:05:29 BOT 2012: Asignar backtone escuchado > Asi termino:129234,104560,135213,135228,472,104558,129238,103430,
Thu Sep 13 11:10:31 BOT 2012: Ajax-> Mostrar  Nombre Genero > tono:102623 
Thu Sep 13 11:19:18 BOT 2012: Ajax->Mostrar Nombre Artista:  
Thu Sep 13 11:22:33 BOT 2012: Ajax-> Mostrar Comentarios> tono:103459 
Thu Sep 13 11:53:41 BOT 2012: Busqueda Inteligente: resultados >109520
Thu Sep 13 11:55:38 BOT 2012: Ajax->Mostrar Ranking:  
Thu Sep 13 11:57:15 BOT 2012: Ajax->Mostrar Nombre Genero:  
Thu Sep 13 11:59:21 BOT 2012: Session Start>  Chequeo de sesion
Thu Sep 13 11:59:24 BOT 2012: Ajax-> Mostrar Ranking > tono:103265 
Thu Sep 13 11:59:24 BOT 2012: Ajax-> Mostrar Ranking > tono:105049 
Thu Sep 13 12:07:14 BOT 2012: Asignar backtone escuchado > Asi termino:104084,129238,105294,110100,105292,103450,103818,104089,105290,104095,104561,103430,154234,127457,127456,155516,127433,127472,127441,127447,
Thu Sep 13 12:07:14 BOT 2012: Asignar backtone escuchado > Asi termino:103462,
Thu Sep 13 12:07:14 BOT 2012: Ajax->Mostrar Nombre Genero:  
Thu Sep 13 12:15:52 BOT 2012: Ajax->Mostrar Ranking:  
Thu Sep 13 12:17:34 BOT 2012: Ajax-> Mostrar Ranking > tono:124243 
Thu Sep 13 12:19:59 BOT 2012: Ajax-> Mostrar Megusta> tono:109320 
Thu Sep 13 12:21:50 BOT 2012: Ajax-> Mostrar Megusta> tono:103462 
Thu Sep 13 12:28:04 BOT 2012: Consulta de precio de reason:10 - msisdn:76968719 tono:150260 Async responde:350
 
Thu Sep 13 12:28:31 BOT 2012: ASYNC -> STATS> Tiempo respuesta -0.056375 seg.
Thu Sep 13 12:28:34 BOT 2012: ASYNC -> STATS> Tiempo respuesta -0.113359 seg.
Thu Sep 13 12:28:34 BOT 2012: Ajax->Mostrar Ranking:  
Thu Sep 13 12:30:07 BOT 2012: ASYNC -> STATS> Tiempo respuesta 0.001757 seg.
Thu Sep 13 12:33:56 BOT 2012: Ajax->Mostrar Ranking:  
Thu Sep 13 12:34:20 BOT 2012: Mostrar Album: >Artista:  <a href='index.php?seccion=playlist&autor=426'>Tercer Cielo</a>
Thu Sep 13 12:35:51 BOT 2012: Ajax->Mostrar Nombre Genero:  
Thu Sep 13 12:36:00 BOT 2012: Ajax->Mostrar Nombre Genero:  
Thu Sep 13 12:39:13 BOT 2012: ASYNC -> STATS> Tiempo respuesta 0.003461 seg.
Thu Sep 13 12:39:16 BOT 2012: Ajax-> Mostrar Megusta> tono:104471 
Thu Sep 13 12:41:16 BOT 2012: Asignar backtone escuchado > Asi termino:118728,118745,118727,118725,137972,138306,138309,276,104331,138311,138286,137970,105536,155508,155504,155822,155818,155646,
Thu Sep 13 12:49:15 BOT 2012: Ajax->Mostrar Comentarios:  
Thu Sep 13 12:49:36 BOT 2012: Ajax->Mostrar Ranking:  
Thu Sep 13 12:52:19 BOT 2012: Ajax->Mostrar Reproducciones:  
Thu Sep 13 12:54:19 BOT 2012: Ajax-> Mostrar  Imagen Portada> tono:104554 
Thu Sep 13 12:57:02 BOT 2012: Ajax-> Mostrar Ranking > tono:103478 
Thu Sep 13 12:57:11 BOT 2012: Busqueda Inteligente: resultados >155198
Thu Sep 13 12:57:53 BOT 2012: Ajax-> Mostrar Ranking > tono:103718 
Thu Sep 13 13:00:18 BOT 2012: Ajax->Mostrar Nombre Artista:  
Thu Sep 13 13:00:39 BOT 2012: Ajax->Mostrar Megusta:  
Thu Sep 13 13:02:18 BOT 2012: Ajax-> Mostrar Comentarios> tono:103718 
Thu Sep 13 13:04:15 BOT 2012: Ajax->Mostrar Nombre Genero:  
Thu Sep 13 13:04:42 BOT 2012: Ajax-> Mostrar Megusta> tono:103064 
Thu Sep 13 13:06:52 BOT 2012: ASYNC -> STATS> Tiempo respuesta -0.440591 seg.
Thu Sep 13 13:08:16 BOT 2012: Ajax-> Mostrar  Nombre Artista > tono:110188 
Thu Sep 13 13:11:26 BOT 2012: ASYNC -> STATS> Tiempo respuesta 0.003414 seg.
Thu Sep 13 13:13:18 BOT 2012: Consulta de precio de reason:2 - msisdn: tono:145182 Async responde:350
 
Thu Sep 13 13:13:21 BOT 2012: ASYNC -> STATS> Tiempo respuesta -0.229248 seg.
Thu Sep 13 13:22:02 BOT 2012: ASYNC -> STATS> Tiempo respuesta -0.84177 seg.
Thu Sep 13 13:22:05 BOT 2012: ASYNC -> STATS> Tiempo respuesta -0.296547 seg.
Thu Sep 13 13:22:08 BOT 2012: Ajax->Mostrar Nombre Genero:  
Thu Sep 13 13:23:15 BOT 2012: Ajax-> Mostrar  Nombre Genero > tono:105419 
Thu Sep 13 13:25:52 BOT 2012: Ajax->Mostrar Megusta:  
Thu Sep 13 13:27:13 BOT 2012: Ajax-> Mostrar  Imagen Portada> Album:albumes/Angela Leiva-Angela.jpg
Thu Sep 13 13:27:16 BOT 2012: Ajax->Mostrar Nombre Artista:  
Thu Sep 13 13:31:14 BOT 2012: Ajax-> Mostrar Comentarios> tono:104579 
Thu Sep 13 13:31:38 BOT 2012: Ajax->Mostrar Imagen Portada:  
Thu Sep 13 13:31:50 BOT 2012: Ajax->Mostrar Nombre Artista:  
Thu Sep 13 13:33:56 BOT 2012: Ajax->Mostrar Nombre Artista:  
Thu Sep 13 13:39:43 BOT 2012: Ajax->Mostrar Megusta:  
Thu Sep 13 13:40:40 BOT 2012: Asignar backtone escuchado > Asi termino:127441,103872,103817,103429,136632,136633,104554,103816,127417,104560,129234,104553,103451,103430,
Thu Sep 13 13:44:32 BOT 2012: ASYNC -> STATS> Tiempo respuesta 0.003484 seg.
Thu Sep 13 13:44:38 BOT 2012: ASYNC -> STATS> Tiempo respuesta 0.004666 seg.
Thu Sep 13 13:44:41 BOT 2012: Ajax-> Mostrar Megusta> tono:154234 
Thu Sep 13 13:45:26 BOT 2012: Ajax->Mostrar Comentarios:  
Thu Sep 13 13:47:11 BOT 2012: Ajax->Mostrar Nombre Genero:  
Thu Sep 13 13:49:24 BOT 2012: Ajax->Mostrar Ranking:  
Thu Sep 13 13:49:24 BOT 2012: Asignar backtone escuchado > Asi termino:154234,118725,130814,
Thu Sep 13 13:50:54 BOT 2012: Ajax->Mostrar Ranking:  
Thu Sep 13 13:51:21 BOT 2012: Ajax-> Comprar Backtone: msisdn: 
Thu Sep 13 13:54:52 BOT 2012: Mostrar Ranking: tono:105590 calificacion: 
Thu Sep 13 13:54:58 BOT 2012: Asignar backtone escuchado > Asi termino:104999,105000,104998,147767,141881,130367,112457,102622,
Thu Sep 13 13:56:01 BOT 2012: Asignar backtone escuchado > Asi termino:144108,144106,102546,144104,104180,114603,114601,104187,105253,105590,194,
Thu Sep 13 13:57:14 BOT 2012: Ajax-> Mostrar Megusta> tono:104208 
Thu Sep 13 13:57:44 BOT 2012: Ajax->Mostrar Comentarios:  
Thu Sep 13 13:57:47 BOT 2012: Asignar backtone escuchado > Asi termino:104465,103712,141880,141881,
Thu Sep 13 13:59:26 BOT 2012: ASYNC -> STATS> Tiempo respuesta 0.546857 seg.
Thu Sep 13 14:00:57 BOT 2012: Mostrar Album: >albumes/album-default.jpg
Thu Sep 13 14:00:57 BOT 2012: Ajax-> Mostrar  Nombre Genero > tono:104462 
Thu Sep 13 14:04:06 BOT 2012: ASYNC -> STATS> Tiempo respuesta 0.002703 seg.
Thu Sep 13 14:06:16 BOT 2012: Ajax->Mostrar Megusta:  
Thu Sep 13 14:08:53 BOT 2012: Ajax->Mostrar Megusta:  
Thu Sep 13 14:15:58 BOT 2012: Ajax->Mostrar Ranking:  
Thu Sep 13 14:16:37 BOT 2012: Ajax-> Mostrar  Nombre Genero > tono:105004 
Thu Sep 13 14:19:19 BOT 2012: Ajax->Mostrar Ranking:  
Thu Sep 13 14:20:19 BOT 2012: Ajax->Mostrar Nombre Genero:  
Thu Sep 13 14:20:41 BOT 2012: Ajax-> Login Usuario msisdn: 77627533  pin:4041 > Validar msisdn
Thu Sep 13 14:22:59 BOT 2012: Ajax->Mostrar Comentarios:  
Thu Sep 13 14:23:23 BOT 2012: Session Start>  Chequeo de sesion
Thu Sep 13 14:33:01 BOT 2012: Ajax->Mostrar Megusta:  
Thu Sep 13 14:33:28 BOT 2012: Consulta de precio de reason:10 - msisdn:78153819 tono:110210 Async responde:350
 
Thu Sep 13 14:37:14 BOT 2012: Ajax->Mostrar Comentarios:  
Thu Sep 13 14:44:25 BOT 2012: Ajax->Mostrar Imagen Portada:  
Thu Sep 13 14:46:17 BOT 2012: ASYNC -> STATS> Tiempo respuesta -0.616293 seg.
Thu Sep 13 14:48:11 BOT 2012: Busqueda Inteligente: resultados >635
Thu Sep 13 14:51:09 BOT 2012: Ajax->Mostrar Ranking:  
Thu Sep 13 14:59:02 BOT 2012: STATS > BUSQUEDA DE BACKTONE >Tiempo: -0.873088 seg. | registros: 114
Thu Sep 13 14:59:50 BOT 2012: Session Start>  session por defecto 
Thu Sep 13 15:00:26 BOT 2012: Ajax-> Mostrar Ranking > tono:110210 
Thu Sep 13 15:03:54 BOT 2012: Ajax->Mostrar Nombre Genero:  
Thu Sep 13 15:07:12 BOT 2012: Ajax->Mostrar Comentarios:  
Thu Sep 13 15:09:01 BOT 2012: Ajax->Mostrar Imagen Portada:  
Thu Sep 13 15:10:37 BOT 2012: Ajax-> Mostrar Comentarios> tono:131003 
Thu Sep 13 15:10:55 BOT 2012: Ajax->Mostrar Ranking:  
Thu Sep 13 15:11:37 BOT 2012: ASYNC -> STATS> Tiempo respuesta 0.003463 seg.
Thu Sep 13 15:14:29 BOT 2012: Ajax->Mostrar Imagen Portada:  
Thu Sep 13 15:22:49 BOT 2012: Ajax-> Mostrar  Nombre Artista > tono:130371 
Thu Sep 13 15:26:56 BOT 2012: Ajax->Mostrar Comentarios:  
Thu Sep 13 15:28:11 BOT 2012: Ajax->Mostrar Nombre Artista:  
Thu Sep 13 15:28:23 BOT 2012: Ajax->Mostrar Nombre Genero:  
Thu Sep 13 15:29:27 BOT 2012: Ajax->Mostrar Imagen Portada:  
Thu Sep 13 15:32:06 BOT 2012: ASYNC -> STATS> Tiempo respuesta 0.002343 seg.
Thu Sep 13 15:33:04 BOT 2012: Check Session > msisdn: 76356563 > Usuario Valido 
Thu Sep 13 15:33:28 BOT 2012: Ajax->Actualizar pin usuario >recibe el msisdn:77860907 
Thu Sep 13 15:38:08 BOT 2012: Ajax-> Mostrar Comentarios> tono:509 
Thu Sep 13 15:38:41 BOT 2012: Ajax-> Mostrar Comentarios> tono:429 
Thu Sep 13 15:38:59 BOT 2012: STATS > BUSQUEDA DE BACKTONE >Tiempo: 0.491361 seg. | registros: 114
Thu Sep 13 15:46:20 BOT 2012: Ajax-> Mostrar  Imagen Portada> tono:16 
Thu Sep 13 15:46:32 BOT 2012: ASYNC -> STATS> Tiempo respuesta 0.010895 seg.
Thu Sep 13 15:46:35 BOT 2012: Ajax->Mostrar Reproducciones:  
Thu Sep 13 15:46:35 BOT 2012: Ajax->Mostrar Ranking:  
Thu Sep 13 15:47:02 BOT 2012: ASYNC -> STATS> Tiempo respuesta 0.005593 seg.
Thu Sep 13 15:49:27 BOT 2012: Mostrar Album: >albumes/album-default.jpg
Thu Sep 13 15:50:15 BOT 2012: Ajax-> Mostrar Ranking > tono:107586 
Thu Sep 13 15:51:28 BOT 2012: Ajax-> Mostrar Ranking > tono:103610 
Thu Sep 13 15:53:46 BOT 2012: STATS > BUSQUEDA DE BACKTONE >Tiempo: 0.086866 seg. | registros: 114
Thu Sep 13 15:55:08 BOT 2012: Ajax-> Mostrar Ranking > tono:102675 
Thu Sep 13 15:58:26 BOT 2012: Ajax-> Mostrar  Imagen Portada> tono:125510 
Thu Sep 13 15:58:47 BOT 2012: Ajax->Mostrar Ranking:  
Thu Sep 13 16:07:49 BOT 2012: Consulta de precio de reason:3 - msisdn: tono:109238 Async responde:350
 
Thu Sep 13 16:07:52 BOT 2012: Ajax->Mostrar Nombre Artista:  
Thu Sep 13 16:12:33 BOT 2012: Ajax->Mostrar Nombre Artista:  
Thu Sep 13 16:17:13 BOT 2012: Msisdn:76670036Asignando tono:102651:1:0:0:1| 
Thu Sep 13 16:17:31 BOT 2012: Ajax-> Mostrar Ranking > tono:123538 
Thu Sep 13 16:23:26 BOT 2012: Ajax->Mostrar Comentarios:  
Thu Sep 13 16:27:06 BOT 2012: Busqueda Inteligente: 
Thu Sep 13 16:27:15 BOT 2012: Ajax->Mostrar Comentarios:  
Thu Sep 13 16:28:03 BOT 2012: ASYNC -> STATS> Tiempo respuesta 0.002915 seg.
Thu Sep 13 16:32:01 BOT 2012: ASYNC -> STATS> Tiempo respuesta 0.003221 seg.
Thu Sep 13 16:32:04 BOT 2012: Ajax->Mostrar Comentarios:  
Thu Sep 13 16:32:46 BOT 2012: ASYNC -> STATS> Tiempo respuesta 0.268966 seg.
Thu Sep 13 16:32:52 BOT 2012: Error al consultar precio de renovacion - msisdn: tono:130802 - Async responde -3
Thu Sep 13 16:32:52 BOT 2012: Consulta de precio de reason:10 - msisdn: tono:151046 Async responde:200
 
Thu Sep 13 16:32:52 BOT 2012: Asignar backtone escuchado > Asi termino:123008,
Thu Sep 13 16:33:07 BOT 2012: Ajax-> Mostrar  Nombre Artista > tono:104630 
Thu Sep 13 16:33:07 BOT 2012: Ajax-> Mostrar Megusta> tono:104504 
Thu Sep 13 16:35:26 BOT 2012: Ajax->Mostrar Nombre Artista:  
Thu Sep 13 16:35:50 BOT 2012: Ajax->Eliminando backtone:  > msisdn:75459999 >  tono :105062  
Thu Sep 13 16:36:47 BOT 2012: Busqueda Inteligente: resultados >103816
Thu Sep 13 16:37:26 BOT 2012: Ajax-> Mostrar  Nombre Artista > tono:131749 
Thu Sep 13 16:37:57 BOT 2012: Ajax-> Mostrar  Imagen Portada> tono:104508 
Thu Sep 13 16:38:51 BOT 2012: Ajax-> Mostrar  Nombre Artista > tono:151044 
Thu Sep 13 16:39:09 BOT 2012: Asignar backtone escuchado > Asi termino:110379,110373,131645,104508,131749,132090,104121,137246,137253,128235,145223,105072,104659,560,104122,105073,142919,155334,155392,155204,
Thu Sep 13 16:39:12 BOT 2012: Consulta de precio de reason:3 - msisdn: tono:144646 Async responde:350
 
Thu Sep 13 16:39:27 BOT 2012: DB_LISTAR_TONOS> Se econtraron 93 resultados con estos ID:155488,130816,103170,135050,128427,153348,103171,130986,103924,115942,131821,141027,125510,201,134010,106308,131036,104441,103082,109611,120,82,104350,104115,521,134178,141024,133876,103762,130815,128425,141026,128599,141022,128432,128434,130819,125734,128440,103500,134008,102686,134022,128438,106267,128430,141049,141050,141052,108595,128436,128429,104457,102610,104178,104532,102622,105534,104165,104179,106286,106288,106289,106290,107788,107794,106294,106295,107737,105746,103466,105422,108557,109227,126476,129924,386,322,604,84,131819,103838,150020,145261,104607,131645,144646,107460,124025,148,136258,104200,112705, 
Thu Sep 13 16:39:51 BOT 2012: Ajax->Mostrar Megusta:  
Thu Sep 13 16:42:19 BOT 2012: Ajax-> Mostrar Ranking > tono:103615 
Thu Sep 13 16:42:25 BOT 2012: Ajax-> Mostrar  Imagen Portada> tono:131048 
Thu Sep 13 16:42:28 BOT 2012: Ajax->Mostrar Ranking:  
Thu Sep 13 16:45:40 BOT 2012: Asignar backtone escuchado > Asi termino:106380,105813,120250,120248,106382,257,106385,105802,120256,106388,120255,120251,106378,
Thu Sep 13 16:46:10 BOT 2012: Ajax-> Mostrar  Nombre Genero > tono:155502 
Thu Sep 13 16:47:35 BOT 2012: Asignar backtone escuchado > Asi termino:154234,103960,155148,142223,
Thu Sep 13 16:47:38 BOT 2012: ASYNC -> STATS> Tiempo respuesta 0.00369 seg.
Thu Sep 13 16:47:44 BOT 2012: ASYNC -> STATS> Tiempo respuesta -0.094965 seg.
Thu Sep 13 16:49:50 BOT 2012: Ajax->Mostrar Imagen Portada:  
Thu Sep 13 16:51:03 BOT 2012: WEB_REPRODUCIR_BUSQUEDA > Se recibieron:114 tonos
Thu Sep 13 16:52:21 BOT 2012: Ajax->Mostrar Reproducciones:  
Thu Sep 13 16:55:40 BOT 2012: Ajax-> Mostrar  Nombre Artista > tono:104798 
Thu Sep 13 16:56:10 BOT 2012: ASYNC -> STATS> Tiempo respuesta 0.002041 seg.
Thu Sep 13 16:58:22 BOT 2012: Mostrar Genero: >G&eacute;nero:  <a href='index.php?seccion=playlist&genero=147'>Folklore Oriental</a>
Thu Sep 13 16:59:44 BOT 2012: Check Session > msisdn: 76267295 > Usuario Valido 
Thu Sep 13 17:00:26 BOT 2012: Check Session > msisdn: 76670036 > Usuario Valido 
Thu Sep 13 17:00:32 BOT 2012: ASYNC -> STATS> Tiempo respuesta 0.005338 seg.
Thu Sep 13 17:06:09 BOT 2012: Ajax->Mostrar Megusta:  
Thu Sep 13 17:11:19 BOT 2012: Ajax-> Mostrar  Imagen Portada> Album:Artista:  <a href='index.php?seccion=playlist&autor=531'>La 7_55</a>
Thu Sep 13 17:12:41 BOT 2012: ASYNC -> STATS> Tiempo respuesta -0.241882 seg.
Thu Sep 13 17:12:41 BOT 2012: Ajax->Mostrar Nombre Genero:  
Thu Sep 13 17:15:20 BOT 2012: Ajax-> Mostrar Ranking > tono:134687 
Thu Sep 13 17:15:32 BOT 2012: ASYNC -> STATS> Tiempo respuesta 0.002786 seg.
Thu Sep 13 17:16:36 BOT 2012: Ajax-> Mostrar Comentarios> tono:150280 
Thu Sep 13 17:16:54 BOT 2012: Mostrar Album: >albumes/album-default.jpg
Thu Sep 13 17:18:57 BOT 2012: Ajax-> Mostrar  Nombre Genero > tono:103472 
Thu Sep 13 17:19:06 BOT 2012: Ajax-> Mostrar  Nombre Genero > tono:103464 
Thu Sep 13 17:20:31 BOT 2012: Ajax->Mostrar Nombre Artista:  
Thu Sep 13 17:21:25 BOT 2012: Ajax-> Mostrar  Nombre Artista > tono:129234 
Thu Sep 13 17:23:25 BOT 2012: Ajax-> Mostrar  Nombre Artista > tono:109410 
Thu Sep 13 17:24:19 BOT 2012: Ajax-> Mostrar  Nombre Artista > tono:103523 
Thu Sep 13 17:26:29 BOT 2012: Ajax->Mostrar Ranking:  
Thu Sep 13 17:27:44 BOT 2012: Busqueda Inteligente: 
Thu Sep 13 17:28:08 BOT 2012: ASYNC -> STATS> Tiempo respuesta 0.671149 seg.
Thu Sep 13 17:30:03 BOT 2012: ASYNC -> STATS> Tiempo respuesta 0.001426 seg.
Thu Sep 13 17:30:42 BOT 2012: Busqueda Inteligente: ser recibieron 65 resultados
Thu Sep 13 17:41:24 BOT 2012: Ajax-> Mostrar Megusta> tono:125516 
Thu Sep 13 17:41:33 BOT 2012: Ajax-> Mostrar  Genero > G&eacute;nero:  <a href='index.php?seccion=playlist&genero=136'>Reggaeton</a>
Thu Sep 13 17:42:03 BOT 2012: Mostrar Ranking: tono:104807 calificacion: 
Thu Sep 13 17:43:03 BOT 2012: Busqueda Inteligente: salsa
Thu Sep 13 17:46:10 BOT 2012: ASYNC -> STATS> Tiempo respuesta 0.077747 seg.
Thu Sep 13 17:46:10 BOT 2012: Ajax->Mostrar Ranking:  
Thu Sep 13 17:46:13 BOT 2012: Ajax->Mostrar Megusta:  
Thu Sep 13 17:46:31 BOT 2012: Ajax-> Mostrar Ranking > tono:383 
Thu Sep 13 18:22:28 BOT 2012: Ajax->Mostrar Nombre Artista:  
Thu Sep 13 18:25:29 BOT 2012: ASYNC -> STATS> Tiempo respuesta 0.002792 seg.
Thu Sep 13 18:27:29 BOT 2012: Consulta de precio de reason:10 - msisdn: tono:126167 Async responde:350
 
Thu Sep 13 18:28:03 BOT 2012: Ajax->Mostrar Megusta:  
Thu Sep 13 18:30:06 BOT 2012: Ajax-> Mostrar Ranking > tono:104604 
Thu Sep 13 18:30:27 BOT 2012: Asignar backtone escuchado > Asi termino:104813,104812,104811,104809,104808,104807,105041,104806,104805,104804,104803,104802,124975,104801,104800,104799,104798,104797,104796,104795,
Thu Sep 13 18:32:28 BOT 2012: Ajax->Mostrar Ranking:  
Thu Sep 13 18:35:10 BOT 2012: Mostrar Genero: >G&eacute;nero:  <a href='index.php?seccion=playlist&genero=143'>Latinas</a>
Thu Sep 13 18:39:11 BOT 2012: Ajax->Mostrar Imagen Portada:  
Thu Sep 13 18:43:21 BOT 2012: Ajax->Mostrar Imagen Portada:  
Thu Sep 13 18:43:52 BOT 2012: Ajax->Mostrar Imagen Portada:  
Thu Sep 13 18:44:34 BOT 2012: Session Start>  session por defecto 
Thu Sep 13 18:45:10 BOT 2012: Ajax->Mostrar Reproducciones:  
Thu Sep 13 18:47:07 BOT 2012: ASYNC -> STATS> Tiempo respuesta 0.001386 seg.
Thu Sep 13 18:47:31 BOT 2012: ASYNC -> STATS> Tiempo respuesta 0.001321 seg.
Thu Sep 13 18:47:43 BOT 2012: Ajax->Mostrar Reproducciones:  
Thu Sep 13 18:49:35 BOT 2012: Asignar backtone escuchado > Asi termino:127472,127438,127435,127463,110210,127441,127417,127429,110101,129891,104095,104088,113047,104554,103452,441,438,435,103450,103449,
Thu Sep 13 18:50:32 BOT 2012: Ajax->Mostrar Comentarios:  
Thu Sep 13 18:50:47 BOT 2012: ASYNC -> STATS> Tiempo respuesta 0.395897 seg.
Thu Sep 13 18:51:02 BOT 2012: Error al consultar precio de renovacion - msisdn: tono:152498 - Async responde -3
Thu Sep 13 18:51:23 BOT 2012: Ajax-> Mostrar  Nombre Genero > tono:133790 
Thu Sep 13 18:51:23 BOT 2012: Ajax->Mostrar Imagen Portada:  
Thu Sep 13 18:54:21 BOT 2012: Ajax->Mostrar Ranking:  
Thu Sep 13 18:55:15 BOT 2012: Ajax-> Mostrar  Nombre Artista > tono:156154 
Thu Sep 13 18:55:58 BOT 2012: Ajax-> Mostrar  Imagen Portada> tono:104253 
Thu Sep 13 18:57:10 BOT 2012: Ajax-> Mostrar  Imagen Portada> tono:152208 
Thu Sep 13 18:59:07 BOT 2012: Ajax->Mostrar Ranking:  
Thu Sep 13 19:02:53 BOT 2012: Ajax-> Mostrar Ranking > tono:155430 
Thu Sep 13 19:03:24 BOT 2012: Ajax->Mostrar Megusta:  
Thu Sep 13 19:05:45 BOT 2012: Ajax->Actualizar pin usuario
Thu Sep 13 19:07:03 BOT 2012: Ajax-> Mostrar Megusta> tono:155510 
Thu Sep 13 19:07:46 BOT 2012: Ajax->Mostrar Imagen Portada:  
Thu Sep 13 19:17:15 BOT 2012: Ajax->Mostrar Megusta:  
Thu Sep 13 19:21:43 BOT 2012: Ajax->Mostrar Nombre Genero:  
Thu Sep 13 19:24:29 BOT 2012: Busqueda Inteligente: resultados >103997
Thu Sep 13 19:24:50 BOT 2012: ASYNC -> STATS> Tiempo respuesta 0.002727 seg.
Thu Sep 13 19:26:17 BOT 2012: Ajax->Mostrar Megusta:  
Thu Sep 13 19:26:29 BOT 2012: Ajax->Mostrar Reproducciones:  
Thu Sep 13 19:27:03 BOT 2012: Ajax->Mostrar Nombre Genero:  
Thu Sep 13 19:27:30 BOT 2012: Ajax->Mostrar Megusta:  
Thu Sep 13 19:27:39 BOT 2012: Ajax->Mostrar Reproducciones:  
Thu Sep 13 19:30:55 BOT 2012: Asignar backtone escuchado > Asi termino:110210,113047,127441,103872,103817,103429,136632,136633,104554,103816,127417,104560,129234,104553,103451,103430,103819,437,103428,104558,
Thu Sep 13 19:31:34 BOT 2012: Ajax-> Mostrar  Nombre Artista > tono:103777 
Thu Sep 13 19:35:53 BOT 2012: Ajax->Mostrar Imagen Portada:  
Thu Sep 13 19:38:45 BOT 2012: Ajax-> Mostrar  Nombre Genero > tono:154234 
Thu Sep 13 19:42:34 BOT 2012: Ajax-> Mostrar Comentarios> tono:109433 
Thu Sep 13 19:44:46 BOT 2012: Asignar backtone escuchado > Asi termino:105294,110100,469,105292,127433,104556,127472,104782,155120,103450,103818,105702,103431,104089,105290,127438,127429,
Thu Sep 13 19:45:46 BOT 2012: Ajax-> Mostrar  Nombre Artista > tono:104567 
Thu Sep 13 19:52:15 BOT 2012: Ajax-> Mostrar  Imagen Portada> tono:104801 
Thu Sep 13 19:54:04 BOT 2012: Mostrar Cantidad reproducciones: tono:109431 cantidad: 0
Thu Sep 13 19:54:07 BOT 2012: Ajax-> Mostrar Ranking > tono:104803 
Thu Sep 13 19:55:40 BOT 2012: Mostrar Album: >albumes/album-default.jpg
Thu Sep 13 19:56:28 BOT 2012: Ajax-> Mostrar Ranking > tono:127447 
Thu Sep 13 19:58:23 BOT 2012: Mostrar Album: >albumes/album-default.jpg
Thu Sep 13 19:58:50 BOT 2012: Ajax-> Mostrar  Imagen Portada> tono:123008 
Thu Sep 13 19:58:56 BOT 2012: Ajax->Mostrar Imagen Portada:  
Thu Sep 13 19:59:35 BOT 2012: ASYNC -> STATS> Tiempo respuesta 0.245414 seg.
Thu Sep 13 19:59:56 BOT 2012: Ajax->Mostrar Nombre Genero:  
Thu Sep 13 20:01:05 BOT 2012: Asignar backtone escuchado > Asi termino:127423,126098,126170,127424,126146,
Thu Sep 13 20:02:18 BOT 2012: Ajax-> Mostrar Ranking > tono:109743 
Thu Sep 13 20:03:03 BOT 2012: Ajax->Mostrar Reproducciones:  
Thu Sep 13 20:05:39 BOT 2012: Ajax->Mostrar Comentarios:  
Thu Sep 13 20:07:25 BOT 2012: WEB_REPRODUCIR_BUSQUEDA > Se recibieron:8 tonos
Thu Sep 13 20:10:20 BOT 2012: STATS > BUSQUEDA DE BACKTONE >Tiempo: -0.681053 seg. | registros: 3
Thu Sep 13 20:10:32 BOT 2012: Ajax-> Mostrar  Nombre Genero > tono:124243 
Thu Sep 13 20:14:33 BOT 2012: ASYNC -> STATS> Tiempo respuesta -0.335787 seg.
Thu Sep 13 20:16:06 BOT 2012: Asignar backtone escuchado > Asi termino:103580,132452,402,276,509,109431,109433,109435,109337,109336,109381,109380,109605,109604,
Thu Sep 13 20:16:48 BOT 2012: Mostrar Cantidad reproducciones: tono:133791 cantidad: 0
Thu Sep 13 20:16:51 BOT 2012: Asignar backtone escuchado > Asi termino:104828,133791,293,620,141088,141086,141084,105012,156284,112439,112461,104390,619,110218,110219,617,104827,109330,112438,131837,
Thu Sep 13 20:17:15 BOT 2012: Ajax->Mostrar Megusta:  
Thu Sep 13 20:26:03 BOT 2012: Ajax-> Mostrar  Nombre Genero > tono:131042 
Thu Sep 13 20:26:06 BOT 2012: Ajax-> Mostrar Ranking > tono:131625 
Thu Sep 13 20:27:06 BOT 2012: Ajax->Mostrar Comentarios:  
Thu Sep 13 20:30:10 BOT 2012: Ajax->Mostrar Imagen Portada:  
Thu Sep 13 20:32:10 BOT 2012: Ajax->Mostrar Reproducciones:  
Thu Sep 13 20:33:16 BOT 2012: Busqueda Inteligente: 
Thu Sep 13 20:34:59 BOT 2012: Msisdn:75408621.Tono:131625.Estado TryAndBuy: 0 estado
Thu Sep 13 20:35:38 BOT 2012: Ajax-> Mostrar Comentarios> tono:155192 
Thu Sep 13 20:39:00 BOT 2012: Ajax->Mostrar Imagen Portada:  
Thu Sep 13 20:46:38 BOT 2012: Session Start>  session por defecto 
Thu Sep 13 21:11:13 BOT 2012: Ajax->Mostrar Reproducciones:  
Thu Sep 13 21:19:36 BOT 2012: Ajax->Mostrar Reproducciones:  
Thu Sep 13 21:20:36 BOT 2012: Ajax-> Mostrar Comentarios> tono:150304 
Thu Sep 13 21:21:24 BOT 2012: Ajax-> Mostrar Ranking > tono:127787 
Thu Sep 13 21:25:46 BOT 2012: Ajax-> Mostrar Ranking > tono:152472 
Thu Sep 13 21:26:20 BOT 2012: Ajax-> Mostrar Comentarios> tono:115945 
Thu Sep 13 21:28:59 BOT 2012: Consulta de precio de reason:3 - msisdn: tono:103129 Async responde:350
 
Thu Sep 13 21:31:06 BOT 2012: Session Start>  session por defecto 
Thu Sep 13 21:35:25 BOT 2012: Retornando el siguiente resultado 
 <div><div id='contenedor-albumes'><div  id="contenedor-busqueda" style="height:35px;">
    <div class="contenedor-enlaces-busqueda"  >
        <a class="enlaces-busqueda" style="color:navy;"href='index.php?seccion=playlist&autor=71' >Gaby</a>
    </div>
</div>
<div  id="contenedor-busqueda" style="height:35px;">
    <div class="contenedor-enlaces-busqueda"  >
        <a class="enlaces-busqueda" style="color:navy;"href='index.php?seccion=playlist&autor=512' >Gadiel Espinoza</a>
    </div>
</div>
<div  id="contenedor-busqueda" style="height:35px;">
    <div class="contenedor-enlaces-busqueda"  >
        <a class="enlaces-busqueda" style="color:navy;"href='index.php?seccion=playlist&autor=577' >Generico</a>
    </div>
</div>
<div  id="contenedor-busqueda" style="height:35px;">
    <div class="contenedor-enlaces-busqueda"  >
        <a class="enlaces-busqueda" style="color:navy;"href='index.php?seccion=playlist&autor=676' >Genova</a>
    </div>
</div>
<div  id="contenedor-busqueda" style="height:35px;">
    <div class="contenedor-enlaces-busqueda"  >
        <a class="enlaces-busqueda" style="color:navy;"href='index.php?seccion=playlist&autor=1231' >Gilberto Santa Rosa</a>
    </div>
</div>
<div  id="contenedor-busqueda" style="height:35px;">
    <div class="contenedor-enlaces-busqueda"  >
        <a class="enlaces-busqueda" style="color:navy;"href='index.php?seccion=playlist&autor=48' >Gilda</a>
    </div>
</div>
<div  id="contenedor-busqueda" style="height:35px;">
    <div class="contenedor-enlaces-busqueda"  >
        <a class="enlaces-busqueda" style="color:navy;"href='index.php?seccion=playlist&autor=1104' >Giova y Bawill</a>
    </div>
</div>
<div  id="contenedor-busqueda" style="height:35px;">
    <div class="contenedor-enlaces-busqueda"  >
        <a class="enlaces-busqueda" style="color:navy;"href='index.php?seccion=playlist&autor=258' >Gisela Santa Cruz</a>
    </div>
</div>
<div  id="contenedor-busqueda" style="height:35px;">
    <div class="contenedor-enlaces-busqueda"  >
        <a class="enlaces-busqueda" style="color:navy;"href='index.php?seccion=playlist&autor=1334' >Gitanos</a>
    </div>
</div>
<div  id="contenedor-busqueda" style="height:35px;">
    <div class="contenedor-enlaces-busqueda"  >
        <a class="enlaces-busqueda" style="color:navy;"href='index.php?seccion=playlist&autor=261' >Gladys</a>
    </div>
</div>
<div  id="contenedor-busqueda" style="height:35px;">
    <div class="contenedor-enlaces-busqueda"  >
        <a class="enlaces-busqueda" style="color:navy;"href='index.php?seccion=playlist&autor=1155' >Glee Cast</a>
    </div>
</div>
<div  id="contenedor-busqueda" style="height:35px;">
    <div class="contenedor-enlaces-busqueda"  >
        <a class="enlaces-busqueda" style="color:navy;"href='index.php?seccion=playlist&autor=677' >Glen Vargas</a>
    </div>
</div>
<div  id="contenedor-busqueda" style="height:35px;">
    <div class="contenedor-enlaces-busqueda"  >
        <a class="enlaces-busqueda" style="color:navy;"href='index.php?seccion=playlist&autor=1652' >Glenn Frey</a>
    </div>
</div>
<div  id="contenedor-busqueda" style="height:35px;">
    <div class="contenedor-enlaces-busqueda"  >
        <a class="enlaces-busqueda" style="color:navy;"href='index.php?seccion=playlist&autor=564' >Gloria Estefan</a>
    </div>
</div>
<div  id="contenedor-busqueda" style="height:35px;">
    <div class="contenedor-enlaces-busqueda"  >
        <a class="enlaces-busqueda" style="color:navy;"href='index.php?seccion=playlist&autor=69' >Gloria gaynor</a>
    </div>
</div>
<div  id="contenedor-busqueda" style="height:35px;">
    <div class="contenedor-enlaces-busqueda"  >
        <a class="enlaces-busqueda" style="color:navy;"href='index.php?seccion=playlist&autor=311' >Gloria Trevi</a>
    </div>
</div>
<div  id="contenedor-busqueda" style="height:35px;">
    <div class="contenedor-enlaces-busqueda"  >
        <a class="enlaces-busqueda" style="color:navy;"href='index.php?seccion=playlist&autor=1538' >Go Media</a>
    </div>
</div>
<div  id="contenedor-busqueda" style="height:35px;">
    <div class="contenedor-enlaces-busqueda"  >
        <a class="enlaces-busqueda" style="color:navy;"href='index.php?seccion=playlist&autor=1318' >Gocho ft. Jowell Opratel</a>
    </div>
</div>
<div  id="contenedor-busqueda" style="height:35px;">
    <div class="contenedor-enlaces-busqueda"  >
        <a class="enlaces-busqueda" style="color:navy;"href='index.php?seccion=playlist&autor=1199' >Golpe a Golpe</a>
    </div>
</div>
<div  id="contenedor-busqueda" style="height:35px;">
    <div class="contenedor-enlaces-busqueda"  >
        <a class="enlaces-busqueda" style="color:navy;"href='index.php?seccion=playlist&autor=602' >Gooool de Bolivia</a>
    </div>
</div>
<div  id="contenedor-busqueda" style="height:35px;">
    <div class="contenedor-enlaces-busqueda"  >
        <a class="enlaces-busqueda" style="color:navy;"href='index.php?seccion=playlist&autor=87' >Gorillaz</a>
    </div>
</div>
<div  id="contenedor-busqueda" style="height:35px;">
    <div class="contenedor-enlaces-busqueda"  >
        <a class="enlaces-busqueda" style="color:navy;"href='index.php?seccion=playlist&autor=1591' >Gotye</a>
    </div>
</div>
<div  id="contenedor-busqueda" style="height:35px;">
    <div class="contenedor-enlaces-busqueda"  >
        <a class="enlaces-busqueda" style="color:navy;"href='index.php?seccion=playlist&autor=347' >Grabowski</a>
    </div>
</div>
<div  id="contenedor-busqueda" style="height:35px;">
    <div class="contenedor-enlaces-busqueda"  >
        <a class="enlaces-busqueda" style="color:navy;"href='index.php?seccion=playlist&autor=151' >Gran orquesta de Hollywood</a>
    </div>
</div>
<div  id="contenedor-busqueda" style="height:35px;">
    <div class="contenedor-enlaces-busqueda"  >
        <a class="enlaces-busqueda" style="color:navy;"href='index.php?seccion=playlist&autor=467' >Grand National</a>
    </div>
</div>
<div  id="contenedor-busqueda" style="height:35px;">
    <div class="contenedor-enlaces-busqueda"  >
        <a class="enlaces-busqueda" style="color:navy;"href='index.php?seccion=playlist&autor=120' >Greenday</a>
    </div>
</div>
<div  id="contenedor-busqueda" style="height:35px;">
    <div class="contenedor-enlaces-busqueda"  >
        <a class="enlaces-busqueda" style="color:navy;"href='index.php?seccion=playlist&autor=376' >GrooveArmada</a>
    </div>
</div>
<div  id="contenedor-busqueda" style="height:35px;">
    <div class="contenedor-enlaces-busqueda"  >
        <a class="enlaces-busqueda" style="color:navy;"href='index.php?seccion=playlist&autor=500' >GRUPO CHAJA</a>
    </div>
</div>
<div  id="contenedor-busqueda" style="height:35px;">
    <div class="contenedor-enlaces-busqueda"  >
        <a class="enlaces-busqueda" style="color:navy;"href='index.php?seccion=playlist&autor=152' >Grupo estilo</a>
    </div>
</div>
<div  id="contenedor-busqueda" style="height:35px;">
    <div class="contenedor-enlaces-busqueda"  >
        <a class="enlaces-busqueda" style="color:navy;"href='index.php?seccion=playlist&autor=622' >Grupo Perfil</a>
    </div>
</div>
<div  id="contenedor-busqueda" style="height:35px;">
    <div class="contenedor-enlaces-busqueda"  >
        <a class="enlaces-busqueda" style="color:navy;"href='index.php?seccion=playlist&autor=1259' >Grupo Play</a>
    </div>
</div>
<div  id="contenedor-busqueda" style="height:35px;">
    <div class="contenedor-enlaces-busqueda"  >
        <a class="enlaces-busqueda" style="color:navy;"href='index.php?seccion=playlist&autor=510' >Grupo Renacer</a>
    </div>
</div>
<div  id="contenedor-busqueda" style="height:35px;">
    <div class="contenedor-enlaces-busqueda"  >
        <a class="enlaces-busqueda" style="color:navy;"href='index.php?seccion=playlist&autor=1322' >Grupo Treo Opratel</a>
    </div>
</div>
<div  id="contenedor-busqueda" style="height:35px;">
    <div class="contenedor-enlaces-busqueda"  >
        <a class="enlaces-busqueda" style="color:navy;"href='index.php?seccion=playlist&autor=265' >Grupo Uno</a>
    </div>
</div>
<div  id="contenedor-busqueda" style="height:35px;">
    <div class="contenedor-enlaces-busqueda"  >
        <a class="enlaces-busqueda" style="color:navy;"href='index.php?seccion=playlist&autor=344' >Guajiros</a>
    </div>
</div>
<div  id="contenedor-busqueda" style="height:35px;">
    <div class="contenedor-enlaces-busqueda"  >
        <a class="enlaces-busqueda" style="color:navy;"href='index.php?seccion=playlist&autor=414' >Gualberto Mojica</a>
    </div>
</div>
</div><!-- CONTENEDOR !-->
                                </div><!-- ITEMS !-->
                                <div><!-- ITEMS 37 !-->
                                <div id='contenedor-albumes'><div  id="contenedor-busqueda" style="height:35px;">
    <div class="contenedor-enlaces-busqueda"  >
        <a class="enlaces-busqueda" style="color:navy;"href='index.php?seccion=playlist&autor=197' >Guapacha</a>
    </div>
</div>
<div  id="contenedor-busqueda" style="height:35px;">
    <div class="contenedor-enlaces-busqueda"  >
        <a class="enlaces-busqueda" style="color:navy;"href='index.php?seccion=playlist&autor=355' >Guasones</a>
    </div>
</div>
<div  id="contenedor-busqueda" style="height:35px;">
    <div class="contenedor-enlaces-busqueda"  >
        <a class="enlaces-busqueda" style="color:navy;"href='index.php?seccion=playlist&autor=1319' >Guille el Invencible Oprate..</a>
    </div>
</div>
<div  id="contenedor-busqueda" style="height:35px;">
    <div class="contenedor-enlaces-busqueda"  >
        <a class="enlaces-busqueda" style="color:navy;"href='index.php?seccion=playlist&autor=381' >GUN</a>
    </div>
</div>
<div  id="contenedor-busqueda" style="height:35px;">
    <div class="contenedor-enlaces-busqueda"  >
        <a class="enlaces-busqueda" style="color:navy;"href='index.php?seccion=playlist&autor=454' >Guns N Roses</a>
    </div>
</div>
<div  id="contenedor-busqueda" style="height:35px;">
    <div class="contenedor-enlaces-busqueda"  >
        <a class="enlaces-busqueda" style="color:navy;"href='index.php?seccion=playlist&autor=1164' >Guru Project</a>
    </div>
</div>
<div  id="contenedor-busqueda" style="height:35px;">
    <div class="contenedor-enlaces-busqueda"  >
        <a class="enlaces-busqueda" style="color:navy;"href='index.php?seccion=playlist&autor=75' >Gustavo Cerati</a>
    </div>
</div>
<div  id="contenedor-busqueda" style="height:35px;">
    <div class="contenedor-enlaces-busqueda"  >
        <a class="enlaces-busqueda" style="color:navy;"href='index.php?seccion=playlist&autor=1314' >Gustavo Cordera</a>
    </div>
</div>
<div  id="contenedor-busqueda" style="height:35px;">
    <div class="contenedor-enlaces-busqueda"  >
        <a class="enlaces-busqueda" style="color:navy;"href='index.php?seccion=playlist&autor=1642' >Gusttavo Lima</a>
    </div>
</div>
<div  id="contenedor-busqueda" style="height:35px;">
    <div class="contenedor-enlaces-busqueda"  >
        <a class="enlaces-busqueda" style="color:navy;"href='index.php?seccion=playlist&autor=24' >Gwen Stefani</a>
    </div>
</div>
</div></div>
Thu Sep 13 21:35:55 BOT 2012: ASYNC -> STATS> Tiempo respuesta 0.003204 seg.
Thu Sep 13 21:37:55 BOT 2012: Ajax-> Mostrar  Imagen Portada> tono:129238 
Thu Sep 13 21:38:13 BOT 2012: Ajax-> Mostrar Megusta> tono:133 
Thu Sep 13 21:40:41 BOT 2012: Ajax->Mostrar Nombre Genero:  
Thu Sep 13 21:42:17 BOT 2012: Asignar backtone escuchado > Asi termino:137822,151286,121512,137812,137818,109264,128304,105808,128305,109261,144311,144306,106232,123008,155362,126857,106266,152504,124243,
Thu Sep 13 21:42:20 BOT 2012: Session Start>  session por defecto 
Thu Sep 13 21:43:54 BOT 2012: ASYNC -> STATS> Tiempo respuesta -0.217091 seg.
Thu Sep 13 21:43:57 BOT 2012: ASYNC -> STATS> Tiempo respuesta 0.00123 seg.
Thu Sep 13 21:43:57 BOT 2012: Ajax->Mostrar Ranking:  
Thu Sep 13 21:44:27 BOT 2012: Ajax->Mostrar Ranking:  
Thu Sep 13 21:44:42 BOT 2012: Ajax-> Mostrar  Nombre Genero > tono:132090 
Thu Sep 13 21:46:57 BOT 2012: Ajax-> Mostrar  Imagen Portada> tono:605 
Thu Sep 13 21:49:46 BOT 2012: Session Start>  session por defecto 
Thu Sep 13 21:49:55 BOT 2012: Ajax-> Mostrar Ranking > tono:103476 
Thu Sep 13 21:53:56 BOT 2012: Mostrar Cantidad reproducciones: tono:110101 cantidad: 0
Thu Sep 13 21:54:23 BOT 2012: Ajax-> Mostrar Ranking > tono:376 
Thu Sep 13 21:54:35 BOT 2012: Consulta de precio de reason:2 - msisdn:76581216 tono:140816 Async responde:350
 
Thu Sep 13 21:54:35 BOT 2012: ASYNC -> STATS> Tiempo respuesta 0.231369 seg.
Thu Sep 13 21:57:24 BOT 2012: Mostrar Genero: >G&eacute;nero:  <a href='index.php?seccion=playlist&genero=112'>Electronicas</a>
Thu Sep 13 21:59:21 BOT 2012: Ajax-> Mostrar  Imagen Portada> Album:albumes/album-default.jpg
Thu Sep 13 22:00:16 BOT 2012: Ajax->Mostrar Comentarios:  
Thu Sep 13 22:01:40 BOT 2012: Ajax-> Mostrar  Nombre Genero > tono:130806 
Thu Sep 13 22:07:47 BOT 2012: Ajax->Mostrar Comentarios:  
Thu Sep 13 22:10:39 BOT 2012: Asignar backtone escuchado > Asi termino:206,105361,200,204,211,102630,107763,509,155356,155354,155352,146575,106380,155372,152118,131616,103876,
Thu Sep 13 22:10:39 BOT 2012: ASYNC -> STATS> Tiempo respuesta 0.003467 seg.
Thu Sep 13 22:11:06 BOT 2012: Mostrar Comentarios : tono:104399 
Thu Sep 13 22:13:25 BOT 2012: MTD_DB_BUSCAR_ARTISTAS > retornando registros:10
Thu Sep 13 22:13:49 BOT 2012: ASYNC -> STATS> Tiempo respuesta -0.438517 seg.
Thu Sep 13 22:15:22 BOT 2012: Ajax-> Mostrar  Nombre Artista > tono:147095 
Thu Sep 13 22:15:28 BOT 2012: Ajax-> Mostrar  Nombre Artista > tono:155358 
Thu Sep 13 22:16:13 BOT 2012: Ajax->Mostrar Reproducciones:  
Thu Sep 13 22:16:35 BOT 2012: Session Start>  session por defecto 
Thu Sep 13 22:17:56 BOT 2012: Ajax->Mostrar Nombre Artista:  
Thu Sep 13 22:20:33 BOT 2012: Ajax->Actualizar pin usuario >recibe el msisdn: 
Thu Sep 13 22:23:30 BOT 2012: Ajax->Mostrar Megusta:  
Thu Sep 13 22:25:01 BOT 2012: Ajax->Mostrar Megusta:  
Thu Sep 13 22:29:57 BOT 2012: Busqueda Inteligente: resultados >199
Thu Sep 13 22:30:16 BOT 2012: Mostrar Ranking: tono:155362 calificacion: 
Thu Sep 13 22:30:16 BOT 2012: Ajax-> Mostrar Ranking > tono:155482 
Thu Sep 13 22:36:08 BOT 2012: Ajax->Mostrar Nombre Artista:  
Thu Sep 13 22:36:11 BOT 2012: Ajax->Mostrar Reproducciones:  
Thu Sep 13 22:37:08 BOT 2012: Ajax->Mostrar Ranking:  
Thu Sep 13 22:42:21 BOT 2012: ASYNC -> STATS> Tiempo respuesta 0.001229 seg.
Thu Sep 13 22:49:08 BOT 2012: Busqueda Inteligente: sebastian 
Thu Sep 13 22:49:17 BOT 2012: Busqueda Inteligente: resultados >103859
Thu Sep 13 22:51:11 BOT 2012: Ajax-> Mostrar Megusta> tono:155366 
Thu Sep 13 22:51:53 BOT 2012: Ajax->Mostrar Nombre Artista:  
Thu Sep 13 22:52:12 BOT 2012: WEB_REPRODUCIR_BUSQUEDA > Se recibieron:7 tonos
Thu Sep 13 22:53:27 BOT 2012: Ajax-> Mostrar  Nombre Artista > tono:106349 
Thu Sep 13 22:53:48 BOT 2012: ASYNC -> STATS> Tiempo respuesta 0.002847 seg.
Thu Sep 13 22:53:48 BOT 2012: Ajax-> Mostrar Ranking > tono:103642 
Thu Sep 13 22:53:48 BOT 2012: Asignar backtone escuchado > Asi termino:155380,103672,150026,
Thu Sep 13 22:54:12 BOT 2012: Mostrar Album: >albumes/album-default.jpg
Thu Sep 13 22:55:30 BOT 2012: Ajax-> Mostrar Ranking > tono:106349 
Thu Sep 13 22:55:39 BOT 2012: Ajax-> Mostrar  Imagen Portada> tono:126169 
Thu Sep 13 22:55:51 BOT 2012: Ajax->Mostrar Imagen Portada:  
Thu Sep 13 22:57:25 BOT 2012: Ajax->Mostrar Megusta:  
Thu Sep 13 22:57:58 BOT 2012: Ajax->Mostrar Ranking:  
Thu Sep 13 23:00:46 BOT 2012: Ajax->Mostrar Ranking:  
Thu Sep 13 23:01:29 BOT 2012: Ajax-> Mostrar  Nombre Artista > tono:116466 
Thu Sep 13 23:08:36 BOT 2012: Busqueda Inteligente: resultados >104177
Thu Sep 13 23:13:55 BOT 2012: Ajax->Mostrar Megusta:  
Thu Sep 13 23:14:28 BOT 2012: Ajax->Mostrar Megusta:  
Thu Sep 13 23:15:23 BOT 2012: Ajax-> Mostrar  Nombre Genero > tono:155380 
Thu Sep 13 23:20:12 BOT 2012: ASYNC -> STATS> Tiempo respuesta -0.140438 seg.
Thu Sep 13 23:20:27 BOT 2012: Ajax-> Mostrar Comentarios> tono:103921 
Thu Sep 13 23:21:03 BOT 2012: Asignar backtone escuchado > Asi termino:105657,103921,257,128612,128235,128237,105534,102622,150242,127754,128311,105672,127765,127767,135108,155504,105417,105746,155380,104940,
Thu Sep 13 23:21:06 BOT 2012: Ajax->Mostrar Megusta:  
Thu Sep 13 23:21:06 BOT 2012: Ajax->Mostrar Ranking:  
Thu Sep 13 23:21:06 BOT 2012: Ajax->Mostrar Ranking:  
Thu Sep 13 23:21:06 BOT 2012: Asignar backtone escuchado > Asi termino:105746,104364,133414,104023,323,110214,104846,103692,103115,103284,102560,104383,105096,109322,135727,240,126855,126857,102688,106378,
Thu Sep 13 23:21:09 BOT 2012: Ajax->Mostrar Ranking:  
Thu Sep 13 23:21:12 BOT 2012: ASYNC -> STATS> Tiempo respuesta -0.003798 seg.
Thu Sep 13 23:21:15 BOT 2012: Ajax->Mostrar Nombre Genero:  
Thu Sep 13 23:21:15 BOT 2012: Asignar backtone escuchado > Asi termino:143078,140836,145264,143746,152114,152112,155360,146576,106385,120255,145856,146571,143741,106384,141120,141124,140830,142231,137875,137830,
Thu Sep 13 23:21:15 BOT 2012: Ajax->Mostrar Megusta:  
Thu Sep 13 23:21:45 BOT 2012: Ajax-> Mostrar Ranking > tono:104998 
Thu Sep 13 23:27:40 BOT 2012: Ajax->Mostrar Megusta:  
Thu Sep 13 23:39:55 BOT 2012: Ajax-> Mostrar  Nombre Genero > tono:128299 
Thu Sep 13 23:48:27 BOT 2012: Busqueda Inteligente: resultados >109457
Thu Sep 13 23:50:06 BOT 2012: Consulta de precio de reason:10 - msisdn: tono:103543 Async responde:350
 
Thu Sep 13 23:50:12 BOT 2012: Ajax-> Mostrar Megusta> tono:103544 
Thu Sep 13 23:50:12 BOT 2012: Ajax-> Mostrar  Nombre Artista > tono:104469 
Thu Sep 13 23:50:21 BOT 2012: Ajax->Mostrar Imagen Portada:  
Thu Sep 13 23:51:18 BOT 2012: Mostrar Album: >Artista:  <a href='index.php?seccion=playlist&autor=1433'>Jimi Hendrix</a>
Thu Sep 13 23:51:58 BOT 2012: Ajax->Mostrar Megusta:  
Thu Sep 13 23:53:40 BOT 2012: Ajax->Mostrar Ranking:  
Thu Sep 13 23:54:28 BOT 2012: Ajax->Mostrar Comentarios:  
