Fri Mar 23 16:10:45 BOT 2012: ASYNC -> STATS> Tiempo respuesta 0.566886 seg.
Fri Mar 23 16:13:04 BOT 2012: Ajax-> Mostrar  Nombre Artista > tono:103235 
Fri Mar 23 16:17:34 BOT 2012: Ajax->Mostrar Nombre Artista:  
Fri Mar 23 16:19:23 BOT 2012: DB_LISTAR_TONOS> Se econtraron 5 resultados con estos ID:146557,146242,146563,146559,146561, 
Fri Mar 23 16:21:05 BOT 2012: Ajax-> Mostrar Comentarios> tono:109247 
Fri Mar 23 16:21:32 BOT 2012: ASYNC -> STATS> Tiempo respuesta 0.002242 seg.
Fri Mar 23 16:23:02 BOT 2012: WEB REPROD BUSQ > Facebook link: http%3A%2F%2Fbacktones.tigo.com.bo%2Fv3%2Findex.php%3Fseccion%3Dplaylist%26genero%3D185%26f%3D1%26t%3D123123
Fri Mar 23 16:23:38 BOT 2012: Ajax-> Mostrar  Nombre Genero > tono:104423 
Fri Mar 23 16:24:48 BOT 2012: Ajax->Mostrar Nombre Artista:  
Fri Mar 23 16:25:36 BOT 2012: ASYNC -> STATS> Tiempo respuesta 0.001515 seg.
Fri Mar 23 16:25:51 BOT 2012: Ajax-> Mostrar Ranking > tono:132464 
Fri Mar 23 16:25:54 BOT 2012: Ajax-> Mostrar Megusta> tono:104205 
Fri Mar 23 16:27:12 BOT 2012: Ajax->Mostrar Ranking:  
Fri Mar 23 16:27:18 BOT 2012: ASYNC -> STATS> Tiempo respuesta 0.013188 seg.
Fri Mar 23 16:27:18 BOT 2012: ASYNC -> STATS> Tiempo respuesta -0.031427 seg.
Fri Mar 23 16:27:21 BOT 2012: Consulta de precio de reason:3 - msisdn: tono:199 Async responde:350
 
Fri Mar 23 16:27:21 BOT 2012: ASYNC -> STATS> Tiempo respuesta 0.212271 seg.
Fri Mar 23 16:27:36 BOT 2012: Ajax->Mostrar Reproducciones:  
Fri Mar 23 16:28:21 BOT 2012: Ajax-> Mostrar Megusta> tono:103690 
Fri Mar 23 16:28:57 BOT 2012: Ajax->Mostrar Reproducciones:  
Fri Mar 23 16:28:57 BOT 2012: Ajax->Mostrar Ranking:  
Fri Mar 23 16:29:21 BOT 2012: Ajax-> Mostrar  Nombre Artista > tono:131722 
Fri Mar 23 16:29:21 BOT 2012: Asignar backtone escuchado > Asi termino:104968,104894,104307,132466,103997,103224,103824,104199,199,110214,104069,325,104465,110188,141080,240,104612,102539,323,102695,
Fri Mar 23 16:30:33 BOT 2012: Ajax->Mostrar Imagen Portada:  
Fri Mar 23 16:30:42 BOT 2012: Ajax-> Mostrar  Nombre Artista > tono:146563 
Fri Mar 23 16:32:55 BOT 2012: Ajax->Mostrar Reproducciones:  
Fri Mar 23 16:33:40 BOT 2012: Ajax-> Mostrar  Imagen Portada> tono:123518 
Fri Mar 23 16:38:20 BOT 2012: Ajax->Mostrar Imagen Portada:  
Fri Mar 23 16:38:56 BOT 2012: Ajax->Mostrar Imagen Portada:  
Fri Mar 23 16:40:56 BOT 2012: Ajax->Mostrar Reproducciones:  
Fri Mar 23 16:41:50 BOT 2012: Asignar backtone escuchado > Asi termino:105235,163,105775,104652,105767,103274,128597,208,105361,211,131771,103227,104049,103074,103996,104027,104026,104024,142157,103479,
Fri Mar 23 16:41:53 BOT 2012: Asignar backtone escuchado > Asi termino:103225,102790,103314,116506,102789,573,204,103588,103072,103029,103089,104460,105077,105078,104670,201,103671,102673,103997,103224,
Fri Mar 23 16:42:38 BOT 2012: Busqueda Inteligente: resultados >104036
Fri Mar 23 16:43:27 BOT 2012: Ajax->Mostrar Ranking:  
Fri Mar 23 20:12:58 BOT 2012: ASYNC -> STATS> Tiempo respuesta 0.00132 seg.
