Thu Jan 26 10:19:47 BOT 2012: Ajax-> Mostrar Comentarios> tono:126141 
Thu Jan 26 10:21:45 BOT 2012: Ajax->Mostrar Nombre Genero:  
Thu Jan 26 10:22:19 BOT 2012: Ajax->Mostrar Ranking:  
Thu Jan 26 10:22:37 BOT 2012: Ajax->Mostrar Nombre Genero:  
Thu Jan 26 10:23:13 BOT 2012: Ajax->Mostrar Nombre Genero:  
Thu Jan 26 10:23:37 BOT 2012: Mostrar Ranking: tono:104671 calificacion: 
Thu Jan 26 10:23:43 BOT 2012: Ajax->Mostrar Reproducciones:  
Thu Jan 26 10:24:34 BOT 2012: Ajax->Mostrar Nombre Artista:  
Thu Jan 26 10:28:20 BOT 2012: ASYNC -> STATS> Tiempo respuesta 0.013028 seg.
Thu Jan 26 10:28:23 BOT 2012: Asignar backtone escuchado > Asi termino:104393,240,107749,107747,107794,107788,107763,133769,126162,104484,124041,102612,105344,119,108562,102768,110342,133402,103937,128413,
Thu Jan 26 10:29:47 BOT 2012: Ajax-> Mostrar  Nombre Genero > tono:124243 
Thu Jan 26 10:31:26 BOT 2012: Ajax-> Mostrar  Imagen Portada> tono:124055 
Thu Jan 26 10:31:47 BOT 2012: Ajax->Mostrar Reproducciones:  
Thu Jan 26 10:33:02 BOT 2012: Ajax->Mostrar Imagen Portada:  
Thu Jan 26 10:36:09 BOT 2012: Ajax-> Mostrar Ranking > tono:124975 
Thu Jan 26 10:36:09 BOT 2012: Ajax-> Mostrar Ranking > tono:596 
Thu Jan 26 10:37:06 BOT 2012: Consulta de precio de reason:3 - msisdn:77485501 tono:131816 Async responde:350
 
Thu Jan 26 10:37:06 BOT 2012: Ajax->Mostrar Imagen Portada:  
Thu Jan 26 10:37:09 BOT 2012: ASYNC -> STATS> Tiempo respuesta 0.005038 seg.
Thu Jan 26 10:37:12 BOT 2012: Consulta de precio de reason:2 - msisdn:75020397 tono:124243 Async responde:200
 
Thu Jan 26 10:42:07 BOT 2012: Ajax->Mostrar Comentarios:  
Thu Jan 26 10:45:22 BOT 2012: MTD_DB_BUSCAR_ARTISTAS > retornando registros:6
Thu Jan 26 10:46:37 BOT 2012: Envio a ASYNC - msisdn:78191101 tono:142527
Thu Jan 26 10:48:28 BOT 2012: Asignar backtone escuchado > Asi termino:134681,134023,134661,134660,134015,134685,134638,134686,134687,134683,104174,
Thu Jan 26 10:48:28 BOT 2012: Ajax->Mostrar Nombre Artista:  
Thu Jan 26 10:49:32 BOT 2012: SMS >: Servidor responde: > STATS > tiempo respuesta:0.000875 
Thu Jan 26 10:49:32 BOT 2012: DB_ELIMINAR_BACKTONES > Msisdn:77766855 tono :103130 -> quedo asi:
Thu Jan 26 10:51:17 BOT 2012: Ajax-> Mostrar Ranking > tono:102812 
Thu Jan 26 10:52:44 BOT 2012: Ajax->Mostrar Megusta:  
Thu Jan 26 10:52:50 BOT 2012: Busqueda Inteligente: resultados >103826
Thu Jan 26 13:03:29 BOT 2012: ASYNC -> STATS> Tiempo respuesta 0.006394 seg.
Thu Jan 26 13:03:41 BOT 2012: Ajax->Mostrar Comentarios:  
Thu Jan 26 13:03:44 BOT 2012: Ajax->Mostrar Ranking:  
Thu Jan 26 13:04:23 BOT 2012: ASYNC -> STATS> Tiempo respuesta 0.006784 seg.
Thu Jan 26 13:05:06 BOT 2012: Ajax->Mostrar Nombre Artista:  
Thu Jan 26 14:53:29 BOT 2012: Mostrar Album: >Artista:  <a href='index.php?seccion=playlist&autor=370'>la oreja de van gogh</a>
Thu Jan 26 15:00:35 BOT 2012: Ajax->Mostrar Ranking:  
Thu Jan 26 15:00:59 BOT 2012: STATS > BUSQUEDA DE BACKTONE >Tiempo: 0.079254 seg. | registros: 114
Thu Jan 26 15:01:08 BOT 2012: Ajax-> Mostrar  Nombre Artista > tono:113598 
Thu Jan 26 15:02:11 BOT 2012: Ajax->Mostrar Nombre Artista:  
Thu Jan 26 15:03:08 BOT 2012: Consulta de precio de reason:2 - msisdn: tono:120248 Async responde:350
 
Thu Jan 26 15:03:14 BOT 2012: Ajax-> Mostrar  Nombre Genero > tono:120248 
Thu Jan 26 15:03:44 BOT 2012: ASYNC -> STATS> Tiempo respuesta 0.003787 seg.
Thu Jan 26 15:03:50 BOT 2012: Ajax->Mostrar Imagen Portada:  
Thu Jan 26 15:04:50 BOT 2012: ASYNC -> STATS> Tiempo respuesta -0.002425 seg.
Thu Jan 26 15:08:39 BOT 2012: Ajax->Mostrar Imagen Portada:  
Thu Jan 26 15:12:48 BOT 2012: Consulta de precio de reason:3 - msisdn: tono:104472 Async responde:350
 
Thu Jan 26 15:14:22 BOT 2012: STATS > BUSQUEDA DE BACKTONE >Tiempo: -0.799086 seg. | registros: 105
Thu Jan 26 15:16:49 BOT 2012: Mostrar Album: >Artista:  <a href='index.php?seccion=playlist&autor=365'>Camila</a>
Thu Jan 26 15:17:13 BOT 2012: Ajax-> Mostrar Ranking > tono:211 
Thu Jan 26 15:19:19 BOT 2012: Ajax-> Mostrar Ranking > tono:144195 
Thu Jan 26 15:19:25 BOT 2012: Consulta de precio de reason:2 - msisdn:77933353 tono:123218 Async responde:350
 
Thu Jan 26 15:19:43 BOT 2012: STATS > BUSQUEDA DE BACKTONE >Tiempo: 0.078582 seg. | registros: 114
Thu Jan 26 15:20:40 BOT 2012: Ajax-> Mostrar Ranking > tono:134687 
Thu Jan 26 15:23:59 BOT 2012: Ajax-> Mostrar  Nombre Artista > tono:118748 
Thu Jan 26 15:25:35 BOT 2012: ASYNC -> STATS> Tiempo respuesta 0.009926 seg.
Thu Jan 26 15:27:23 BOT 2012: Ajax->Mostrar Megusta:  
Thu Jan 26 15:27:44 BOT 2012: Ajax-> Mostrar Ranking > tono:109407 
Thu Jan 26 15:30:30 BOT 2012: Ajax-> Mostrar Ranking > tono:102957 
Thu Jan 26 15:30:57 BOT 2012: Ajax->Mostrar Ranking:  
Thu Jan 26 15:30:57 BOT 2012: Ajax->Mostrar Comentarios:  
Thu Jan 26 15:30:57 BOT 2012: Consulta de precio de reason:10 - msisdn: tono:132454 Async responde:50
 
Thu Jan 26 15:31:12 BOT 2012: Ajax->Mostrar Nombre Genero:  
Thu Jan 26 15:31:18 BOT 2012: Asignar backtone escuchado > Asi termino:105096,106266,124243,129251,109448,109446,109625,129257,130815,109621,130816,109620,109336,109381,109380,109605,109604,127855,127787,104991,
Thu Jan 26 15:31:33 BOT 2012: Ajax->Mostrar Nombre Genero:  
Thu Jan 26 15:35:36 BOT 2012: ASYNC -> STATS> Tiempo respuesta 0.00176 seg.
Thu Jan 26 15:39:49 BOT 2012: Ajax->Mostrar Ranking:  
Thu Jan 26 15:41:49 BOT 2012: Ajax-> Mostrar Comentarios> tono:103453 
Thu Jan 26 15:42:13 BOT 2012: ASYNC -> STATS> Tiempo respuesta 0.007783 seg.
Thu Jan 26 15:42:28 BOT 2012: Ajax-> Mostrar  Imagen Portada> tono:335 
Thu Jan 26 15:44:47 BOT 2012: ASYNC -> STATS> Tiempo respuesta 0.006983 seg.
Thu Jan 26 15:45:15 BOT 2012: Ajax->Mostrar Nombre Artista:  
Thu Jan 26 15:46:08 BOT 2012: Ajax-> Mostrar Ranking > tono:104850 
Thu Jan 26 15:47:35 BOT 2012: Ajax->Mostrar Comentarios:  
Thu Jan 26 15:48:47 BOT 2012: WEB_REPRODUCIR_BUSQUEDA > Se recibieron:114 tonos
Thu Jan 26 15:50:42 BOT 2012: Mostrar Comentarios : tono:127414 
Thu Jan 26 15:50:42 BOT 2012: Session Start>  Chequeo de sesion
Thu Jan 26 15:50:45 BOT 2012: ASYNC -> STATS> Tiempo respuesta -0.439576 seg.
Thu Jan 26 15:50:48 BOT 2012: Ajax-> Mostrar Comentarios> tono:102652 
Thu Jan 26 17:19:23 BOT 2012: Ajax-> Mostrar  Nombre Genero > tono:364 
Thu Jan 26 17:19:35 BOT 2012: Ajax-> Mostrar  Nombre Artista > tono:103790 
Thu Jan 26 17:20:32 BOT 2012: Busqueda Inteligente: Alexis Fido
Thu Jan 26 17:21:08 BOT 2012: Ajax->Mostrar Megusta:  
Thu Jan 26 17:21:14 BOT 2012: Ajax->Mostrar Ranking:  
Thu Jan 26 17:21:59 BOT 2012: Ajax->Mostrar Ranking:  
Thu Jan 26 17:22:38 BOT 2012: Ajax-> Mostrar Ranking > tono:144149 
Thu Jan 26 17:22:38 BOT 2012: Ajax->Mostrar Reproducciones:  
Thu Jan 26 17:23:29 BOT 2012: Ajax->Mostrar Reproducciones:  
Thu Jan 26 17:23:59 BOT 2012: Ajax->Mostrar Nombre Artista:  
Thu Jan 26 17:24:35 BOT 2012: Mostrar Cantidad reproducciones: tono:104174 cantidad: 0
Thu Jan 26 17:25:15 BOT 2012: Busqueda Inteligente: resultados >104249
Thu Jan 26 17:25:45 BOT 2012: Check Session > msisdn: 77136600 > Usuario Valido 
Thu Jan 26 17:26:33 BOT 2012: Ajax->Mostrar Comentarios:  
Thu Jan 26 17:27:54 BOT 2012: Ajax->Eliminando backtone:  > msisdn:77136600 >  tono :144149  
Thu Jan 26 17:28:12 BOT 2012: Ajax->Mostrar Ranking:  
Thu Jan 26 17:28:24 BOT 2012: Ajax-> Mostrar Ranking > tono:123010 
Thu Jan 26 17:28:36 BOT 2012: Ajax-> Mostrar Megusta> tono:118748 
Thu Jan 26 17:29:09 BOT 2012: Ajax->Mostrar Nombre Genero:  
Thu Jan 26 17:31:06 BOT 2012: Ajax-> Mostrar Megusta> tono:134032 
Thu Jan 26 17:31:15 BOT 2012: MTD_LISTAR_TONOS -> Se encontraron los siguientes tonos:144181,144182,144183,144185,144187,144189,144191,144192,144194,144195,144158,144160,144162,144164,144167,144168,144170,144171,144173,144174,144175,144177,144179
Thu Jan 26 17:31:21 BOT 2012: Asignar backtone escuchado > Asi termino:131003,139963,139956,118754,118752,118744,139844,118748,118741,139960,118738,118736,118749,139961,118747,131001,139964,139965,139967,139968,
Thu Jan 26 17:33:04 BOT 2012: Ajax-> Mostrar Megusta> tono:103530 
Thu Jan 26 17:40:08 BOT 2012: Ajax->Mostrar Megusta:  
Thu Jan 26 17:40:41 BOT 2012: Ajax-> Mostrar Ranking > tono:106384 
Thu Jan 26 17:40:41 BOT 2012: Ajax->Mostrar Comentarios:  
Thu Jan 26 17:40:50 BOT 2012: Ajax-> Mostrar Ranking > tono:126167 
Thu Jan 26 17:41:20 BOT 2012: Asignar backtone escuchado > Asi termino:140832,143743,106384,141120,141124,140830,142231,137875,137830,120252,142230,140821,
Thu Jan 26 17:43:47 BOT 2012: Ajax-> Mostrar Megusta> tono:140821 
Thu Jan 26 17:43:56 BOT 2012: Ajax->Mostrar Imagen Portada:  
Thu Jan 26 17:46:57 BOT 2012: Asignar backtone escuchado > Asi termino:102773,102883,102882,131760,102897,102774,104212,126489,102881,104255,102884,103227,104049,103072,103224,103992,104024,118754,118749,
Thu Jan 26 17:48:12 BOT 2012: Busqueda Inteligente: resultados >138552
Thu Jan 26 17:54:31 BOT 2012: Ajax->Mostrar Nombre Artista:  
Thu Jan 26 17:55:49 BOT 2012: Ajax->Mostrar Nombre Genero:  
Thu Jan 26 18:01:02 BOT 2012: ASYNC -> STATS> Tiempo respuesta 0.304572 seg.
Thu Jan 26 18:01:02 BOT 2012: Asignar backtone escuchado > Asi termino:118741,118748,139844,139956,118734,139958,118752,118744,118730,139846,118728,118745,118727,118725,103249,103101,103248,103100,547,104255,
Thu Jan 26 18:02:32 BOT 2012: ASYNC -> STATS> Tiempo respuesta -0.117335 seg.
Thu Jan 26 18:04:08 BOT 2012: Busqueda Inteligente: Axel
Thu Jan 26 18:05:50 BOT 2012: Ajax->Actualizar pin usuario
Thu Jan 26 18:08:00 BOT 2012: Asignar backtone escuchado > Asi termino:122287,140825,140823,137882,106380,140821,102742,103414,104510,104508,107741,103211,107737,117840,104174,106373,103208,103960,104567,104692,
Thu Jan 26 18:12:42 BOT 2012: Ajax-> Mostrar Ranking > tono:144638 
Thu Jan 26 18:17:22 BOT 2012: Busqueda Inteligente: resultados >135050
Thu Jan 26 18:21:41 BOT 2012: Ajax->Mostrar Ranking:  
Thu Jan 26 18:24:56 BOT 2012: Asignar backtone escuchado > Asi termino:120971,120969,110188,
Thu Jan 26 18:25:29 BOT 2012: ASYNC -> STATS> Tiempo respuesta 0.61158 seg.
Thu Jan 26 18:25:32 BOT 2012: ASYNC -> STATS> Tiempo respuesta 0.003115 seg.
Thu Jan 26 18:25:32 BOT 2012: Ajax->Mostrar Ranking:  
Thu Jan 26 18:25:41 BOT 2012: ASYNC -> STATS> Tiempo respuesta -0.127748 seg.
Thu Jan 26 18:25:47 BOT 2012: ASYNC -> STATS> Tiempo respuesta 0.013935 seg.
Thu Jan 26 18:25:47 BOT 2012: ASYNC -> STATS> Tiempo respuesta -0.0097790000000001 seg.
Thu Jan 26 18:25:50 BOT 2012: ASYNC -> STATS> Tiempo respuesta 0.410677 seg.
Thu Jan 26 18:26:02 BOT 2012: Error al consultar precio de renovacion - msisdn: tono:106288 - Async responde -3
Thu Jan 26 18:26:02 BOT 2012: ASYNC -> STATS> Tiempo respuesta 0.43758 seg.
Thu Jan 26 18:26:47 BOT 2012: Ajax->Mostrar Nombre Artista:  
Thu Jan 26 18:27:21 BOT 2012: ASYNC -> STATS> Tiempo respuesta -0.84854 seg.
Thu Jan 26 18:32:36 BOT 2012: Asignar backtone escuchado > Asi termino:124973,103139,103281,103138,104749,107763,105281,104220,109409,106298,105533,105096,240,
Thu Jan 26 18:32:42 BOT 2012: Ajax->Mostrar Nombre Genero:  
Thu Jan 26 18:32:51 BOT 2012: Busqueda Inteligente: 
Thu Jan 26 18:34:12 BOT 2012: Ajax-> Mostrar Megusta> tono:140825 
Thu Jan 26 18:35:07 BOT 2012: Ajax-> Mostrar  Imagen Portada> Album:albumes/album-default.jpg
Thu Jan 26 18:35:46 BOT 2012: STATS > BUSQUEDA DE BACKTONE >Tiempo: -0.719278 seg. | registros: 1
Thu Jan 26 18:36:37 BOT 2012: ASYNC -> STATS> Tiempo respuesta 0.006273 seg.
Thu Jan 26 18:38:49 BOT 2012: Ajax->Mostrar Nombre Genero:  
Thu Jan 26 18:42:35 BOT 2012: Ajax-> Mostrar  Imagen Portada> tono:140821 
Thu Jan 26 18:42:38 BOT 2012: ASYNC -> STATS> Tiempo respuesta 0.008059 seg.
Thu Jan 26 18:43:17 BOT 2012: ASYNC -> STATS> Tiempo respuesta 0.146814 seg.
Thu Jan 26 18:43:20 BOT 2012: Asignar backtone escuchado > Asi termino:144684,
Thu Jan 26 18:45:59 BOT 2012: Ajax-> Mostrar Comentarios> tono:127892 
Thu Jan 26 18:46:38 BOT 2012: Ajax-> Mostrar Megusta> tono:103572 
Thu Jan 26 18:47:42 BOT 2012: Ajax->Mostrar Nombre Genero:  
Thu Jan 26 18:48:30 BOT 2012: ASYNC -> STATS> Tiempo respuesta 0.009629 seg.
Thu Jan 26 18:48:30 BOT 2012: ASYNC -> STATS> Tiempo respuesta -0.351937 seg.
Thu Jan 26 18:48:33 BOT 2012: Asignar backtone escuchado > Asi termino:129426,124063,124052,124051,124041,
Thu Jan 26 18:49:15 BOT 2012: Consulta de precio de reason:3 - msisdn: tono:133736 Async responde:350
 
Thu Jan 26 18:49:18 BOT 2012: ASYNC -> STATS> Tiempo respuesta 0.004376 seg.
Thu Jan 26 18:49:33 BOT 2012: Ajax->Mostrar Nombre Genero:  
Thu Jan 26 18:49:36 BOT 2012: ASYNC -> STATS> Tiempo respuesta 0.003547 seg.
Thu Jan 26 18:50:54 BOT 2012: ASYNC -> STATS> Tiempo respuesta 0.095977 seg.
Thu Jan 26 18:52:57 BOT 2012: Ajax-> Mostrar  Nombre Artista > tono:140821 
Thu Jan 26 18:53:45 BOT 2012: Ajax-> Mostrar Ranking > tono:104787 
Thu Jan 26 18:54:16 BOT 2012: Ajax->Mostrar Comentarios:  
Thu Jan 26 18:55:37 BOT 2012: ASYNC -> STATS> Tiempo respuesta 0.003408 seg.
Thu Jan 26 18:55:40 BOT 2012: ASYNC -> STATS> Tiempo respuesta -0.297548 seg.
Thu Jan 26 18:56:55 BOT 2012: Session Start>  session por defecto 
Thu Jan 26 18:57:13 BOT 2012: Ajax-> Mostrar  Nombre Artista > tono:103838 
Thu Jan 26 18:58:46 BOT 2012: Ajax-> Mostrar Megusta> tono:105284 
Thu Jan 26 18:58:52 BOT 2012: Ajax->Mostrar Nombre Artista:  
Thu Jan 26 18:59:01 BOT 2012: Ajax->Mostrar Reproducciones:  
Thu Jan 26 19:00:56 BOT 2012: Ajax->Mostrar Nombre Genero:  
Thu Jan 26 19:01:08 BOT 2012: Ajax->Mostrar Nombre Genero:  
Thu Jan 26 19:02:56 BOT 2012: Ajax-> Mostrar Comentarios> tono:109314 
Thu Jan 26 19:03:53 BOT 2012: Ajax->Mostrar Ranking:  
Thu Jan 26 19:04:23 BOT 2012: ASYNC -> STATS> Tiempo respuesta 0.01375 seg.
Thu Jan 26 19:06:54 BOT 2012: Ajax->Mostrar Ranking:  
Thu Jan 26 19:07:36 BOT 2012: Ajax->Mostrar Comentarios:  
Thu Jan 26 19:09:21 BOT 2012: Ajax->Mostrar Reproducciones:  
Thu Jan 26 19:11:13 BOT 2012: Ajax->Mostrar Nombre Artista:  
Thu Jan 26 19:12:04 BOT 2012: Session Start>  Chequeo de sesion
Thu Jan 26 19:12:10 BOT 2012: Ajax-> Mostrar  Imagen Portada> tono:118727 
Thu Jan 26 19:13:16 BOT 2012: Ajax-> Mostrar Ranking > tono:103686 
Thu Jan 26 19:13:49 BOT 2012: Ajax-> Mostrar Ranking > tono:104967 
Thu Jan 26 19:14:10 BOT 2012: Ajax->Mostrar Comentarios:  
Thu Jan 26 19:14:46 BOT 2012: ASYNC -> STATS> Tiempo respuesta 0.511261 seg.
Thu Jan 26 19:14:46 BOT 2012: Ajax->Mostrar Ranking:  
Thu Jan 26 19:15:43 BOT 2012: Consulta de precio de reason:3 - msisdn: tono:103817 Async responde:350
 
Thu Jan 26 19:15:43 BOT 2012: ASYNC -> STATS> Tiempo respuesta 0.608037 seg.
Thu Jan 26 19:19:11 BOT 2012: ASYNC -> STATS> Tiempo respuesta 0.002422 seg.
Thu Jan 26 19:20:14 BOT 2012: Asignar backtone escuchado > Asi termino:127457,129892,105289,110100,129891,127435,127463,110210,127441,104941,161,104335,102529,103618,103617,103616,103997,
Thu Jan 26 19:21:41 BOT 2012: VALIDAR_MSISDN >76426658 numero valido
Thu Jan 26 19:21:56 BOT 2012: Asignar backtone escuchado > Asi termino:102993,102767,102718,102779,102992,105605,113030,102548,113034,104628,113032,113024,104629,105415,103521,422,425,424,423,421,
Thu Jan 26 19:21:59 BOT 2012: Ajax-> Mostrar Comentarios> tono:102780 
Thu Jan 26 19:22:17 BOT 2012: ASYNC -> STATS> Tiempo respuesta 0.007417 seg.
Thu Jan 26 19:22:38 BOT 2012: ASYNC -> STATS> Tiempo respuesta 0.00768 seg.
Thu Jan 26 19:22:41 BOT 2012: ASYNC -> STATS> Tiempo respuesta -0.09868 seg.
Thu Jan 26 19:22:41 BOT 2012: ASYNC -> STATS> Tiempo respuesta -0.386376 seg.
Thu Jan 26 19:23:17 BOT 2012: ASYNC -> STATS> Tiempo respuesta 0.00383 seg.
Thu Jan 26 19:23:20 BOT 2012: ASYNC -> STATS> Tiempo respuesta 0.0034949999999999 seg.
Thu Jan 26 19:23:26 BOT 2012: Ajax->Mostrar Megusta:  
Thu Jan 26 19:23:53 BOT 2012: ASYNC -> STATS> Tiempo respuesta 0.006615 seg.
Thu Jan 26 19:24:14 BOT 2012: ASYNC -> STATS> Tiempo respuesta 0.03367 seg.
Thu Jan 26 19:24:14 BOT 2012: Ajax->Mostrar Nombre Artista:  
Thu Jan 26 19:24:29 BOT 2012: Ajax-> Mostrar Comentarios> tono:102779 
Thu Jan 26 19:24:56 BOT 2012: Session Start>  session por defecto 
Thu Jan 26 19:25:08 BOT 2012: Ajax->Mostrar Ranking:  
Thu Jan 26 19:25:23 BOT 2012: ASYNC -> STATS> Tiempo respuesta 0.09449 seg.
Thu Jan 26 19:25:23 BOT 2012: Consulta de precio de reason:2 - msisdn: tono:104445 Async responde:350
 
Thu Jan 26 19:25:23 BOT 2012: Ajax->Mostrar Imagen Portada:  
Thu Jan 26 19:25:23 BOT 2012: Ajax->Mostrar Megusta:  
Thu Jan 26 19:26:00 BOT 2012: Ajax->Mostrar Nombre Genero:  
Thu Jan 26 19:26:27 BOT 2012: Ajax->Mostrar Comentarios:  
Thu Jan 26 19:26:45 BOT 2012: Mostrar Cantidad reproducciones: tono:118747 cantidad: 0
Thu Jan 26 19:26:51 BOT 2012: Ajax->Mostrar Reproducciones:  
Thu Jan 26 19:27:12 BOT 2012: Ajax->Mostrar Comentarios:  
Thu Jan 26 19:27:39 BOT 2012: Ajax->Mostrar Ranking:  
Thu Jan 26 19:28:15 BOT 2012: Ajax-> Mostrar Comentarios> tono:105621 
Thu Jan 26 19:30:15 BOT 2012: Ajax->Mostrar Reproducciones:  
Thu Jan 26 19:30:15 BOT 2012: ASYNC -> STATS> Tiempo respuesta 0.361803 seg.
Thu Jan 26 19:30:15 BOT 2012: ASYNC -> STATS> Tiempo respuesta 0.431544 seg.
Thu Jan 26 19:31:18 BOT 2012: ASYNC -> STATS> Tiempo respuesta 0.006346 seg.
Thu Jan 26 19:32:19 BOT 2012: Mostrar Cantidad reproducciones: tono:123527 cantidad: 0
Thu Jan 26 19:32:34 BOT 2012: ASYNC -> STATS> Tiempo respuesta 0.011778 seg.
Thu Jan 26 19:33:58 BOT 2012: STATS > BUSQUEDA DE BACKTONE >Tiempo: 0.036569 seg. | registros: 73
Thu Jan 26 19:34:49 BOT 2012: ASYNC -> STATS> Tiempo respuesta 0.004049 seg.
Thu Jan 26 19:41:38 BOT 2012: Asignar backtone escuchado > Asi termino:105290,127438,127429,110101,129891,126026,434,104555,102728,107585,104781,127435,127463,103447,102729,104095,104561,103449,442,129899,
Thu Jan 26 19:43:51 BOT 2012: ASYNC -> STATS> Tiempo respuesta 0.002386 seg.
Thu Jan 26 19:44:42 BOT 2012: ASYNC -> STATS> Tiempo respuesta -0.074118 seg.
Thu Jan 26 19:45:54 BOT 2012: Ajax->Mostrar Reproducciones:  
Thu Jan 26 19:46:03 BOT 2012: Ajax-> Mostrar Ranking > tono:103993 
Thu Jan 26 19:47:09 BOT 2012: Ajax-> Mostrar Ranking > tono:109975 
Thu Jan 26 19:59:22 BOT 2012: Mostrar Cantidad reproducciones: tono:144688 cantidad: 0
Thu Jan 26 20:19:38 BOT 2012: Mostrar Album: >albumes/album-default.jpg
Thu Jan 26 21:19:15 BOT 2012: ASYNC -> STATS> Tiempo respuesta 0.010676 seg.
Thu Jan 26 21:23:24 BOT 2012: Ajax-> Mostrar Ranking > tono:142168 
Thu Jan 26 21:28:46 BOT 2012: Ajax-> Mostrar  Imagen Portada> tono:107749 
Thu Jan 26 21:28:55 BOT 2012: Ajax-> Mostrar Ranking > tono:131757 
Thu Jan 26 21:29:49 BOT 2012: Mostrar Album: >albumes/album-default.jpg
Thu Jan 26 21:33:29 BOT 2012: Ajax->Mostrar Ranking:  
Thu Jan 26 21:34:29 BOT 2012: ASYNC -> STATS> Tiempo respuesta 0.011613 seg.
Thu Jan 26 21:34:50 BOT 2012: ASYNC -> STATS> Tiempo respuesta 0.005864 seg.
Thu Jan 26 21:36:29 BOT 2012: ASYNC -> STATS> Tiempo respuesta 0.079062 seg.
Thu Jan 26 21:37:14 BOT 2012: Ajax->Mostrar Reproducciones:  
Thu Jan 26 21:37:32 BOT 2012: ASYNC -> STATS> Tiempo respuesta 0.01466 seg.
Thu Jan 26 21:38:02 BOT 2012: Ajax->Mostrar Nombre Artista:  
Thu Jan 26 21:42:39 BOT 2012: ASYNC -> STATS> Tiempo respuesta 0.009304 seg.
Thu Jan 26 21:48:01 BOT 2012: Ajax-> Mostrar Ranking > tono:107757 
Thu Jan 26 21:48:52 BOT 2012: Ajax-> Mostrar  Nombre Artista > tono:102519 
Thu Jan 26 21:49:10 BOT 2012: Ajax-> Mostrar Comentarios> tono:137820 
Thu Jan 26 21:49:34 BOT 2012: Busqueda Inteligente: 
Thu Jan 26 21:52:26 BOT 2012: ASYNC -> STATS> Tiempo respuesta 0.005349 seg.
Thu Jan 26 21:52:53 BOT 2012: Ajax->Actualizar pin usuario >recibe el msisdn:76304439 
Thu Jan 26 21:53:11 BOT 2012: Ajax-> Mostrar Ranking > tono:118747 
Thu Jan 26 21:54:20 BOT 2012: Ajax-> Comprar Backtone: msisdn: 
Thu Jan 26 21:58:24 BOT 2012: Ajax->Mostrar Reproducciones:  
Thu Jan 26 21:58:27 BOT 2012: Ajax-> Mostrar  Imagen Portada> tono:103086 
Thu Jan 26 21:58:42 BOT 2012: Ajax->Mostrar Nombre Genero:  
Thu Jan 26 21:59:54 BOT 2012: ASYNC -> STATS> Tiempo respuesta 0.013425 seg.
Thu Jan 26 22:01:24 BOT 2012: Ajax-> Mostrar Ranking > tono:140826 
Thu Jan 26 22:01:24 BOT 2012: Ajax-> Mostrar  Nombre Artista > tono:135705 
Thu Jan 26 22:02:00 BOT 2012: Session Start>  session por defecto 
Thu Jan 26 22:02:27 BOT 2012: Mostrar Album: >Artista:  <a href='index.php?seccion=playlist&autor=1119'>Chaplin Show</a>
Thu Jan 26 22:02:39 BOT 2012: Busqueda Inteligente: Maria Juana
Thu Jan 26 22:02:48 BOT 2012: Ajax->Mostrar Comentarios:  
Thu Jan 26 22:05:01 BOT 2012: Asignar backtone escuchado > Asi termino:103235,116506,104460,112702,103086,
Thu Jan 26 22:06:04 BOT 2012: Ajax->Mostrar Nombre Genero:  
Thu Jan 26 22:09:22 BOT 2012: Asignar backtone escuchado > Asi termino:118741,118738,118736,118734,118732,118730,118728,118727,118725,118724,118747,118745,104532,104546,109240,104514,104781,130802,139727,
Thu Jan 26 22:14:38 BOT 2012: ASYNC -> STATS> Tiempo respuesta 0.009773 seg.
Thu Jan 26 22:17:14 BOT 2012: Ajax->Mostrar Nombre Genero:  
Thu Jan 26 22:18:27 BOT 2012: Ajax->Mostrar Comentarios:  
Thu Jan 26 22:18:51 BOT 2012: Ajax-> Mostrar Ranking > tono:128223 
Thu Jan 26 22:20:33 BOT 2012: STATS > BUSQUEDA DE BACKTONE >Tiempo: 0.254995 seg. | registros: 1
Thu Jan 26 22:20:54 BOT 2012: ASYNC -> STATS> Tiempo respuesta 0.003828 seg.
Thu Jan 26 22:22:42 BOT 2012: Ajax-> Mostrar  Nombre Artista > tono:109320 
Thu Jan 26 22:26:25 BOT 2012: Busqueda Inteligente: resultados >104465
Thu Jan 26 22:27:31 BOT 2012: Ajax-> Mostrar Comentarios> tono:144570 
Thu Jan 26 22:33:41 BOT 2012: STATS > BUSQUEDA DE BACKTONE >Tiempo: -0.259467 seg. | registros: 25
Thu Jan 26 22:35:47 BOT 2012: Session Start>  session por defecto 
Thu Jan 26 22:42:30 BOT 2012: Busqueda Inteligente: resultados >105016
Thu Jan 26 22:46:31 BOT 2012: Ajax->Mostrar Nombre Genero:  
Thu Jan 26 22:46:49 BOT 2012: Mostrar Ranking: tono:144110 calificacion: 
Thu Jan 26 22:48:31 BOT 2012: ASYNC -> STATS> Tiempo respuesta 0.01199 seg.
Thu Jan 26 22:49:52 BOT 2012: Session Start>  session por defecto 
Thu Jan 26 22:56:42 BOT 2012: Ajax->Mostrar Ranking:  
Thu Jan 26 22:59:00 BOT 2012: ASYNC -> STATS> Tiempo respuesta 0.012089 seg.
Thu Jan 26 23:00:54 BOT 2012: Ajax-> Mostrar  Imagen Portada> tono:104787 
Thu Jan 26 23:02:39 BOT 2012: ASYNC -> STATS> Tiempo respuesta 0.010901 seg.
Thu Jan 26 23:03:06 BOT 2012: Asignar backtone escuchado > Asi termino:103593,103789,120230,211,103273,104651,103506,149,126141,126173,126175,126142,125517,126167,18,104165,
Thu Jan 26 23:03:58 BOT 2012: Ajax->Mostrar Megusta:  
Thu Jan 26 23:05:25 BOT 2012: Ajax-> Mostrar  Nombre Genero > tono:105231 
Thu Jan 26 23:06:34 BOT 2012: ASYNC -> STATS> Tiempo respuesta 0.003892 seg.
Thu Jan 26 23:06:49 BOT 2012: Ajax->Mostrar Megusta:  
Thu Jan 26 23:09:31 BOT 2012: ASYNC -> STATS> Tiempo respuesta 0.006306 seg.
Thu Jan 26 23:09:49 BOT 2012: Ajax->Mostrar Reproducciones:  
Thu Jan 26 23:14:20 BOT 2012: WEB_REPRODUCIR_BUSQUEDA > Se recibieron:1 tonos
Thu Jan 26 23:27:13 BOT 2012: ASYNC -> STATS> Tiempo respuesta 0.004796 seg.
Thu Jan 26 23:29:46 BOT 2012: Ajax-> Mostrar  Imagen Portada> tono:102610 
Thu Jan 26 23:31:17 BOT 2012: Ajax->Mostrar Reproducciones:  
Thu Jan 26 23:31:38 BOT 2012: Busqueda Inteligente: 
Thu Jan 26 23:32:17 BOT 2012: Ajax->Mostrar Comentarios:  
