Mon Jan 9 1:15:44 BOT 2012: Ajax->Mostrar Megusta:  
Mon Jan 9 9:28:48 BOT 2012: Ajax->Mostrar Comentarios:  
Mon Jan 9 9:31:06 BOT 2012: Ajax-> Mostrar  Nombre Genero > tono:105234 
Mon Jan 9 9:35:19 BOT 2012: Ajax->Mostrar Reproducciones:  
Mon Jan 9 9:37:10 BOT 2012: Ajax->Mostrar Comentarios:  
Mon Jan 9 9:40:37 BOT 2012: ASYNC -> STATS> Tiempo respuesta 0.008825 seg.
Mon Jan 9 11:16:42 BOT 2012: Inicio de administracion perfil
Mon Jan 9 11:18:13 BOT 2012: Busqueda Inteligente: 
Mon Jan 9 11:20:52 BOT 2012: Ajax->Mostrar Imagen Portada:  
Mon Jan 9 11:20:55 BOT 2012: LISTAR_MODO_ROTACION_BACTONES > usuario: 75305018  modo:5 
Mon Jan 9 11:22:07 BOT 2012: Session Start>  session por defecto 
Mon Jan 9 11:22:49 BOT 2012: Ajax->Mostrar Comentarios:  
Mon Jan 9 11:24:50 BOT 2012: Check Session > msisdn: 75987870 > Usuario Valido 
Mon Jan 9 11:28:47 BOT 2012: Ajax->Mostrar Imagen Portada:  
Mon Jan 9 11:29:41 BOT 2012: Ajax->Mostrar Nombre Artista:  
Mon Jan 9 11:29:53 BOT 2012: Ajax-> Mostrar  Nombre Artista > tono:133434 
Mon Jan 9 11:30:05 BOT 2012: Ajax->Mostrar Nombre Genero:  
Mon Jan 9 11:31:18 BOT 2012: Session Start>  Chequeo de sesion
Mon Jan 9 11:31:57 BOT 2012: Ajax-> Mostrar  Nombre Artista > tono:124048 
Mon Jan 9 11:32:24 BOT 2012: Asignar backtone escuchado > Asi termino:103661,103495,135042,135072,73,103658,135057,135085,135089,137970,137086,104518,103489,104517,127256,135066,135074,135075,103498,135274,
Mon Jan 9 11:32:28 BOT 2012: Ajax->Mostrar Nombre Artista:  
Mon Jan 9 11:36:03 BOT 2012: Ajax->Mostrar Imagen Portada:  
Mon Jan 9 11:36:52 BOT 2012: Ajax->Mostrar Megusta:  
Mon Jan 9 11:37:10 BOT 2012: Ajax-> Mostrar  Nombre Artista > tono:102871 
Mon Jan 9 11:38:34 BOT 2012: Ajax->Mostrar Megusta:  
Mon Jan 9 11:41:49 BOT 2012: Ajax->Mostrar Imagen Portada:  
Mon Jan 9 11:47:11 BOT 2012: Ajax->Mostrar Nombre Genero:  
Mon Jan 9 11:47:14 BOT 2012: Ajax->Mostrar Nombre Artista:  
Mon Jan 9 11:47:44 BOT 2012: WEB REPROD BUSQ > Facebook link: http%3A%2F%2Fbacktones.tigo.com.bo%2Fv3%2Findex.php%3Fseccion%3Dplaylist%26search%3DALEX+Y+FIDO%26f%3D1%26t%3D123213
Mon Jan 9 11:48:05 BOT 2012: Consulta de precio de reason:2 - msisdn: tono:123523 Async responde:350
 
Mon Jan 9 11:48:05 BOT 2012: Ajax->Mostrar Ranking:  
Mon Jan 9 11:48:05 BOT 2012: Ajax->Mostrar Nombre Genero:  
Mon Jan 9 11:48:05 BOT 2012: ASYNC -> STATS> Tiempo respuesta 0.26921 seg.
Mon Jan 9 11:49:11 BOT 2012: Ajax->Mostrar Megusta:  
Mon Jan 9 11:49:56 BOT 2012: Ajax->Mostrar Comentarios:  
Mon Jan 9 11:51:48 BOT 2012: Ajax->Mostrar Imagen Portada:  
Mon Jan 9 11:51:57 BOT 2012: Ajax->Mostrar Nombre Genero:  
Mon Jan 9 11:54:24 BOT 2012: Ajax->Mostrar Ranking:  
Mon Jan 9 11:54:39 BOT 2012: Consulta de precio de reason:3 - msisdn: tono:127256 Async responde:350
 
Mon Jan 9 11:56:00 BOT 2012: ASYNC -> STATS> Tiempo respuesta -0.26951 seg.
Mon Jan 9 11:56:00 BOT 2012: ASYNC -> STATS> Tiempo respuesta -0.264888 seg.
Mon Jan 9 11:56:30 BOT 2012: Ajax->Mostrar Nombre Artista:  
Mon Jan 9 11:56:39 BOT 2012: Check Session > msisdn: 76150075  token:d27b341d76eeb5bcced75423f09bd4c5
Mon Jan 9 11:56:45 BOT 2012: Ajax->Mostrar Megusta:  
Mon Jan 9 11:57:21 BOT 2012: Ajax->Mostrar Comentarios:  
Mon Jan 9 11:59:37 BOT 2012: Ajax->Mostrar Reproducciones:  
Mon Jan 9 11:59:49 BOT 2012: ASYNC -> STATS> Tiempo respuesta 0.011101 seg.
Mon Jan 9 12:01:07 BOT 2012: Mostrar Comentarios : tono:104180 
Mon Jan 9 12:01:34 BOT 2012: Ajax-> Mostrar  Nombre Genero > tono:139961 
Mon Jan 9 12:02:34 BOT 2012: Ajax-> Mostrar  Nombre Genero > tono:123218 
Mon Jan 9 12:02:49 BOT 2012: Asignar backtone escuchado > Asi termino:139963,118747,139961,118754,118749,139960,118738,118741,118748,139844,139956,118734,139958,118752,118744,118730,118728,118745,118727,118725,
Mon Jan 9 12:03:28 BOT 2012: Ajax-> Mostrar  Nombre Artista > tono:104278 
Mon Jan 9 12:05:21 BOT 2012: Ajax->Mostrar Megusta:  
Mon Jan 9 12:06:00 BOT 2012: Busqueda Inteligente: resultados >102630
Mon Jan 9 12:07:07 BOT 2012: Consulta de precio de reason:3 - msisdn: tono:509 Async responde:350
 
Mon Jan 9 12:07:41 BOT 2012: ASYNC -> STATS> Tiempo respuesta 0.014777 seg.
Mon Jan 9 12:07:47 BOT 2012: Ajax->Mostrar Nombre Genero:  
Mon Jan 9 12:10:57 BOT 2012: Ajax-> Mostrar Ranking > tono:103604 
Mon Jan 9 12:11:42 BOT 2012: STATS > BUSQUEDA DE BACKTONE >Tiempo: 0.087978 seg. | registros: 114
Mon Jan 9 12:11:42 BOT 2012: Ajax->Mostrar Megusta:  
Mon Jan 9 12:12:45 BOT 2012: MTD_DB_BUSCAR_ARTISTAS > retornando registros:1
Mon Jan 9 12:13:36 BOT 2012: Ajax-> Mostrar  Nombre Genero > tono:141881 
Mon Jan 9 12:14:27 BOT 2012: Ajax->Mostrar Nombre Artista:  
Mon Jan 9 12:14:27 BOT 2012: Asignar backtone escuchado > Asi termino:142527,141880,141881,105499,129433,104472,
Mon Jan 9 12:15:18 BOT 2012: Ajax->Mostrar Comentarios:  
Mon Jan 9 12:15:21 BOT 2012: Ajax-> Mostrar  Nombre Artista > tono:105347 
Mon Jan 9 12:15:39 BOT 2012: Ajax->Mostrar Reproducciones:  
Mon Jan 9 12:18:19 BOT 2012: ASYNC -> STATS> Tiempo respuesta 0.004185 seg.
Mon Jan 9 12:19:40 BOT 2012: Ajax->Mostrar Imagen Portada:  
Mon Jan 9 12:19:43 BOT 2012: Ajax->Mostrar Reproducciones:  
Mon Jan 9 12:21:22 BOT 2012: STATS > BUSQUEDA DE BACKTONE >Tiempo: 0.492914 seg. | registros: 3
Mon Jan 9 12:22:55 BOT 2012: Busqueda Inteligente: miryam hernandez
Mon Jan 9 12:23:19 BOT 2012: Ajax->Mostrar Comentarios:  
Mon Jan 9 12:23:47 BOT 2012: Ajax->Mostrar Reproducciones:  
Mon Jan 9 12:24:32 BOT 2012: Ajax->Mostrar Nombre Genero:  
Mon Jan 9 12:26:26 BOT 2012: Busqueda Inteligente: resultados >127461
Mon Jan 9 12:26:29 BOT 2012: ASYNC -> STATS> Tiempo respuesta -0.068388 seg.
Mon Jan 9 12:27:05 BOT 2012: Asignar backtone escuchado > Asi termino:103938,102613,104409,104408,104407,103189,103063,104367,104402,135152,103777,104405,105257,103776,103084,517,104404,103054,104403,103233,
Mon Jan 9 12:27:17 BOT 2012: Ajax-> Mostrar Comentarios> tono:370 
Mon Jan 9 12:29:17 BOT 2012: Ajax->Mostrar Megusta:  
Mon Jan 9 12:29:56 BOT 2012: WEB_REPRODUCIR_BUSQUEDA > Se recibieron:4 tonos
Mon Jan 9 12:30:17 BOT 2012: ASYNC -> STATS> Tiempo respuesta -0.023677 seg.
Mon Jan 9 12:31:00 BOT 2012: ASYNC -> STATS> Tiempo respuesta 0.00941 seg.
Mon Jan 9 12:31:39 BOT 2012: ASYNC -> STATS> Tiempo respuesta 0.00243 seg.
Mon Jan 9 12:32:45 BOT 2012: ASYNC -> STATS> Tiempo respuesta 0.007445 seg.
Mon Jan 9 12:32:48 BOT 2012: Asignar backtone escuchado > Asi termino:104278,449,103342,104393,240,141263,129268,130053,105276,61,105024,105274,
Mon Jan 9 12:32:57 BOT 2012: Ajax->Mostrar Ranking:  
Mon Jan 9 12:33:03 BOT 2012: Ajax-> Mostrar Ranking > tono:104180 
Mon Jan 9 12:33:03 BOT 2012: Ajax->Mostrar Megusta:  
Mon Jan 9 12:33:03 BOT 2012: Ajax->Mostrar Reproducciones:  
Mon Jan 9 12:33:21 BOT 2012: Ajax-> Mostrar  Genero > G&eacute;nero:  <a href='index.php?seccion=playlist&genero=98'>Brasileras</a>
Mon Jan 9 12:33:48 BOT 2012: Ajax->Mostrar Reproducciones:  
Mon Jan 9 12:33:51 BOT 2012: Ajax-> Mostrar Megusta> tono:103712 
Mon Jan 9 12:35:42 BOT 2012: Asignar backtone escuchado > Asi termino:103686,132096,103713,104465,103712,141880,141881,142527,105001,104395,105000,104998,104999,126029,105498,103687,129445,129230,123218,110221,
Mon Jan 9 12:35:48 BOT 2012: Mostrar Album: >albumes/album-default.jpg
Mon Jan 9 12:36:21 BOT 2012: Busqueda Inteligente: 
Mon Jan 9 12:36:21 BOT 2012: Busqueda Inteligente:  no se olvidar alejandro fernandez
Mon Jan 9 12:37:48 BOT 2012: Ajax-> Mostrar Comentarios> tono:104352 
Mon Jan 9 12:38:07 BOT 2012: Ajax-> Mostrar Megusta> tono:103072 
Mon Jan 9 12:38:16 BOT 2012: Ajax->Mostrar Nombre Artista:  
Mon Jan 9 12:38:25 BOT 2012: Ajax-> Mostrar  Nombre Genero > tono:103226 
Mon Jan 9 12:38:34 BOT 2012: Ajax->Mostrar Nombre Genero:  
Mon Jan 9 12:38:46 BOT 2012: Asignar backtone escuchado > Asi termino:106281,109336,103991,103227,104049,103075,104048,103223,104047,104046,104045,104043,104044,104042,103074,130830,104041,104040,103996,104039,
Mon Jan 9 12:38:52 BOT 2012: Ajax->Mostrar Nombre Artista:  
Mon Jan 9 12:39:01 BOT 2012: Ajax->Mostrar Ranking:  
Mon Jan 9 12:39:01 BOT 2012: Ajax->Mostrar Ranking:  
Mon Jan 9 12:39:01 BOT 2012: Asignar backtone escuchado > Asi termino:104048,103075,104049,103227,103991,109336,106281,109337,102767,102993,103223,104047,104046,104045,104043,104044,104042,103074,130830,
Mon Jan 9 12:39:16 BOT 2012: ASYNC -> STATS> Tiempo respuesta 0.004006 seg.
Mon Jan 9 12:39:22 BOT 2012: ASYNC -> STATS> Tiempo respuesta 0.034377 seg.
Mon Jan 9 12:39:25 BOT 2012: ASYNC -> STATS> Tiempo respuesta -0.714198 seg.
Mon Jan 9 12:39:25 BOT 2012: ASYNC -> STATS> Tiempo respuesta -0.003664 seg.
Mon Jan 9 12:39:25 BOT 2012: Ajax->Mostrar Imagen Portada:  
Mon Jan 9 12:39:34 BOT 2012: Ajax->Mostrar Nombre Artista:  
Mon Jan 9 12:39:43 BOT 2012: Asignar backtone escuchado > Asi termino:449,104279,240,257,
Mon Jan 9 12:40:34 BOT 2012: Ajax->Mostrar Reproducciones:  
Mon Jan 9 12:41:01 BOT 2012: Busqueda Inteligente: amor quedate
Mon Jan 9 12:41:07 BOT 2012: ASYNC -> STATS> Tiempo respuesta -0.111586 seg.
Mon Jan 9 12:41:10 BOT 2012: Consulta de precio de reason:2 - msisdn:75796921 tono:104352 Async responde:350
 
Mon Jan 9 12:41:13 BOT 2012: ASYNC -> STATS> Tiempo respuesta -0.0031600000000001 seg.
Mon Jan 9 12:41:19 BOT 2012: ASYNC -> STATS> Tiempo respuesta 0.007256 seg.
Mon Jan 9 12:41:19 BOT 2012: Ajax->Mostrar Comentarios:  
Mon Jan 9 12:41:19 BOT 2012: Ajax-> Mostrar Comentarios> tono:110187 
Mon Jan 9 12:41:19 BOT 2012: Ajax->Mostrar Imagen Portada:  
Mon Jan 9 12:41:22 BOT 2012: ASYNC -> STATS> Tiempo respuesta -0.356533 seg.
Mon Jan 9 12:41:28 BOT 2012: Ajax->Mostrar Comentarios:  
Mon Jan 9 12:41:40 BOT 2012: Asignar backtone escuchado > Asi termino:103184,136216,136188,127424,129938,125516,140816,142273,131812,142230,140821,103203,106235,102709,102744,102902,102710,104511,105408,
Mon Jan 9 12:42:01 BOT 2012: STATS > BUSQUEDA DE BACKTONE >Tiempo: 0.080207 seg. | registros: 114
Mon Jan 9 12:43:04 BOT 2012: Ajax->Mostrar Imagen Portada:  
Mon Jan 9 12:43:31 BOT 2012: Ajax->Mostrar Imagen Portada:  
Mon Jan 9 12:47:11 BOT 2012: Ajax->Mostrar Nombre Genero:  
Mon Jan 9 12:47:29 BOT 2012: Ajax->Mostrar Reproducciones:  
Mon Jan 9 12:48:41 BOT 2012: Ajax-> Mostrar Ranking > tono:104991 
Mon Jan 9 12:49:11 BOT 2012: MTD_DB_BUSCAR_ARTISTAS > retornando registros:59
Mon Jan 9 12:49:14 BOT 2012: Ajax-> Mostrar Ranking > tono:129924 
Mon Jan 9 12:50:29 BOT 2012: Ajax->Mostrar Megusta:  
Mon Jan 9 12:51:14 BOT 2012: Ajax->Mostrar Megusta:  
Mon Jan 9 12:51:48 BOT 2012: WEB_REPRODUCIR_BUSQUEDA > Se recibieron:5 tonos
Mon Jan 9 12:51:54 BOT 2012: WEB_REPRODUCIR_BUSQUEDA > Se recibieron:47 tonos
Mon Jan 9 12:52:12 BOT 2012: Session Start>  session por defecto 
Mon Jan 9 12:52:21 BOT 2012: Ajax->Mostrar Ranking:  
Mon Jan 9 12:52:24 BOT 2012: Ajax-> Mostrar  Nombre Genero > tono:105758 
Mon Jan 9 12:53:45 BOT 2012: Ajax->Mostrar Imagen Portada:  
Mon Jan 9 12:54:27 BOT 2012: ASYNC -> STATS> Tiempo respuesta 0.266649 seg.
Mon Jan 9 12:54:33 BOT 2012: Ajax->Mostrar Imagen Portada:  
Mon Jan 9 12:54:42 BOT 2012: Ajax->Mostrar Imagen Portada:  
Mon Jan 9 12:54:54 BOT 2012: Asignar backtone escuchado > Asi termino:123008,132454,140778,142113,142111,140780,109320,109249,109247,109238,109243,109240,240,135108,127757,127759,124243,106237,130053,
Mon Jan 9 12:57:42 BOT 2012: DB_LISTAR_TONOS> Se econtraron 10 resultados con estos ID:134660,134661,134023,134681,134683,134687,134686,134638,134685,134015, 
Mon Jan 9 12:57:48 BOT 2012: ASYNC -> STATS> Tiempo respuesta 0.018939 seg.
Mon Jan 9 12:57:57 BOT 2012: Ajax->Mostrar Ranking:  
Mon Jan 9 12:58:33 BOT 2012: Session Start>  session por defecto 
Mon Jan 9 12:59:58 BOT 2012: Ajax->Mostrar Nombre Artista:  
Mon Jan 9 13:00:10 BOT 2012: Ajax-> Mostrar Ranking > tono:106298 
Mon Jan 9 13:00:22 BOT 2012: Ajax->Mostrar Comentarios:  
Mon Jan 9 13:00:43 BOT 2012: ASYNC -> STATS> Tiempo respuesta -0.175496 seg.
Mon Jan 9 13:01:16 BOT 2012: ASYNC -> STATS> Tiempo respuesta 0.01151 seg.
Mon Jan 9 13:02:43 BOT 2012: Busqueda Inteligente: resultados >105054
Mon Jan 9 13:02:52 BOT 2012: Error al consultar precio de renovacion - msisdn: tono:103086 - Async responde -3
Mon Jan 9 13:04:19 BOT 2012: Ajax->Mostrar Megusta:  
Mon Jan 9 13:04:22 BOT 2012: Ajax-> Mostrar  Imagen Portada> tono:116502 
Mon Jan 9 13:05:25 BOT 2012: Asignar backtone escuchado > Asi termino:103274,104024,112705,104200,103086,106295,106288,102622,134015,134685,134638,134686,134687,134683,134681,134023,134661,134660,103188,103686,
Mon Jan 9 13:05:34 BOT 2012: Asignar backtone escuchado > Asi termino:87,103693,102984,104653,104462,104609,104257,104362,125661,104329,103578,104819,104861,106389,104794,103698,130358,102673,122651,122650,
Mon Jan 9 13:08:23 BOT 2012: ASYNC -> STATS> Tiempo respuesta 0.00812 seg.
Mon Jan 9 13:08:26 BOT 2012: Error al consultar precio de renovacion - msisdn: tono:84 - Async responde -3
Mon Jan 9 13:08:29 BOT 2012: Ajax-> Mostrar  Nombre Artista > tono:84 
Mon Jan 9 13:08:29 BOT 2012: Asignar backtone escuchado > Asi termino:103477,103476,103478,103475,103793,276,509,104174,
Mon Jan 9 13:10:38 BOT 2012: STATS > BUSQUEDA DE BACKTONE >Tiempo: -0.132966 seg. | registros: 104
Mon Jan 9 13:10:50 BOT 2012: Ajax->Mostrar Megusta:  
Mon Jan 9 13:11:14 BOT 2012: Consulta de precio de reason:2 - msisdn: tono:109317 Async responde:350
 
Mon Jan 9 13:11:14 BOT 2012: ASYNC -> STATS> Tiempo respuesta -0.00038499999999997 seg.
Mon Jan 9 13:11:35 BOT 2012: Ajax->Mostrar Megusta:  
Mon Jan 9 13:11:44 BOT 2012: Asignar backtone escuchado > Asi termino:128237,139963,118741,118748,139844,139956,118734,139958,118752,118744,118730,139846,118728,118745,118727,118725,105420,109415,109414,105065,
Mon Jan 9 13:13:23 BOT 2012: Ajax->Mostrar Megusta:  
Mon Jan 9 13:14:36 BOT 2012: Consulta de precio de reason:2 - msisdn: tono:130981 Async responde:350
 
Mon Jan 9 13:15:54 BOT 2012: Check Session > msisdn: 77045212 > Usuario Valido 
Mon Jan 9 13:16:09 BOT 2012: Ajax-> Mostrar  Imagen Portada> tono:123533 
Mon Jan 9 13:17:51 BOT 2012: Ajax-> Mostrar Ranking > tono:130982 
Mon Jan 9 13:17:51 BOT 2012: ASYNC -> STATS> Tiempo respuesta 0.298013 seg.
Mon Jan 9 13:22:16 BOT 2012: Busqueda Inteligente: resultados >103086
Mon Jan 9 13:22:19 BOT 2012: Ajax->Mostrar Megusta:  
Mon Jan 9 13:22:22 BOT 2012: Mostrar Album: >Artista:  <a href='index.php?seccion=playlist&autor=18'>Juanes</a>
Mon Jan 9 13:23:58 BOT 2012: ASYNC -> STATS> Tiempo respuesta 0.011928 seg.
Mon Jan 9 13:24:13 BOT 2012: ASYNC -> STATS> Tiempo respuesta -0.089377 seg.
Mon Jan 9 13:24:16 BOT 2012: ASYNC -> STATS> Tiempo respuesta -0.347478 seg.
Mon Jan 9 13:24:19 BOT 2012: Consulta de precio de reason:2 - msisdn: tono:103345 Async responde:350
 
Mon Jan 9 13:24:19 BOT 2012: ASYNC -> STATS> Tiempo respuesta -0.307249 seg.
Mon Jan 9 13:24:49 BOT 2012: Consulta de precio de reason:2 - msisdn: tono:106382 Async responde:350
 
Mon Jan 9 13:26:31 BOT 2012: ASYNC -> STATS> Tiempo respuesta 0.011879 seg.
Mon Jan 9 13:28:19 BOT 2012: Ajax-> Mostrar Comentarios> tono:130982 
Mon Jan 9 13:28:44 BOT 2012: Ajax-> Mostrar  Imagen Portada> tono:493 
Mon Jan 9 13:29:32 BOT 2012: Ajax-> Mostrar  Nombre Artista > tono:103981 
Mon Jan 9 13:31:32 BOT 2012: Asignar backtone escuchado > Asi termino:103342,448,104393,240,103343,104278,246,449,104279,102650,102693,
Mon Jan 9 13:33:29 BOT 2012: Ajax->Mostrar Ranking:  
Mon Jan 9 13:36:09 BOT 2012: Mostrar Cantidad reproducciones: tono:102621 cantidad: 0
Mon Jan 9 13:36:15 BOT 2012: Ajax-> Mostrar  Nombre Artista > tono:106288 
Mon Jan 9 13:36:33 BOT 2012: Ajax->Mostrar Imagen Portada:  
Mon Jan 9 13:36:36 BOT 2012: Ajax-> Mostrar Comentarios> tono:109249 
Mon Jan 9 13:39:00 BOT 2012: Ajax->Mostrar Nombre Artista:  
Mon Jan 9 13:39:12 BOT 2012: Ajax->Mostrar Nombre Genero:  
Mon Jan 9 13:39:39 BOT 2012: Ajax-> Mostrar  Imagen Portada> tono:124025 
Mon Jan 9 13:40:12 BOT 2012: Ajax->Mostrar Reproducciones:  
Mon Jan 9 13:40:54 BOT 2012: Ajax->Mostrar Nombre Artista:  
Mon Jan 9 13:41:18 BOT 2012: Ajax->Mostrar Megusta:  
Mon Jan 9 13:41:27 BOT 2012: Ajax-> Mostrar Ranking > tono:113603 
Mon Jan 9 13:41:27 BOT 2012: Ajax-> Mostrar Ranking > tono:140845 
Mon Jan 9 13:41:27 BOT 2012: ASYNC -> STATS> Tiempo respuesta 0.353861 seg.
Mon Jan 9 13:43:15 BOT 2012: Mostrar Album: >albumes/album-default.jpg
Mon Jan 9 13:44:07 BOT 2012: Ajax->Asignar modalidad backtone: msisdn:78027270   
Mon Jan 9 13:45:25 BOT 2012: Mostrar Genero: >G&eacute;nero:  <a href='index.php?seccion=playlist&genero=110'>Cumbia</a>
Mon Jan 9 13:47:34 BOT 2012: Ajax-> Mostrar Megusta> tono:584 
Mon Jan 9 13:47:37 BOT 2012: ASYNC -> STATS> Tiempo respuesta 0.0028349999999999 seg.
Mon Jan 9 13:47:40 BOT 2012: Ajax->Mostrar Comentarios:  
Mon Jan 9 13:48:04 BOT 2012: Ajax->Mostrar Megusta:  
Mon Jan 9 13:48:28 BOT 2012: ASYNC -> STATS> Tiempo respuesta 0.007006 seg.
Mon Jan 9 13:48:31 BOT 2012: Ajax->Mostrar Megusta:  
Mon Jan 9 13:48:31 BOT 2012: Asignar backtone escuchado > Asi termino:104508,
Mon Jan 9 13:49:28 BOT 2012: Check Session > msisdn: 77226434 > Usuario Valido 
Mon Jan 9 13:49:46 BOT 2012: ASYNC -> STATS> Tiempo respuesta 0.673645 seg.
Mon Jan 9 13:51:50 BOT 2012: Ajax->Mostrar Comentarios:  
Mon Jan 9 13:52:17 BOT 2012: Asignar backtone escuchado > Asi termino:112438,131837,131627,104826,104193,380,607,109250,141082,131800,110179,628,112436,141080,102508,141077,141078,131635,131633,104194,
Mon Jan 9 13:52:38 BOT 2012: Ajax->Mostrar Megusta:  
Mon Jan 9 13:52:44 BOT 2012: Ajax->Mostrar Imagen Portada:  
Mon Jan 9 13:53:02 BOT 2012: Ajax->Mostrar Imagen Portada:  
Mon Jan 9 13:53:08 BOT 2012: Ajax->Mostrar Comentarios:  
Mon Jan 9 13:55:38 BOT 2012: Ajax->Mostrar Comentarios:  
Mon Jan 9 13:56:02 BOT 2012: Ajax->Mostrar Reproducciones:  
Mon Jan 9 13:56:38 BOT 2012: Ajax-> Mostrar  Imagen Portada> tono:102883 
Mon Jan 9 13:56:44 BOT 2012: Ajax-> Mostrar  Nombre Artista > tono:131760 
Mon Jan 9 13:57:14 BOT 2012: Ajax-> Mostrar Comentarios> tono:121503 
Mon Jan 9 13:57:20 BOT 2012: Ajax->Mostrar Nombre Artista:  
Mon Jan 9 13:57:20 BOT 2012: Ajax->Mostrar Nombre Genero:  
Mon Jan 9 13:58:51 BOT 2012: Asignar backtone escuchado > Asi termino:68,136264,104897,102845,124962,104309,566,124956,103505,103419,102886,102930,102838,102837,124964,564,121513,104308,563,106389,
Mon Jan 9 13:59:45 BOT 2012: Ajax-> Mostrar Megusta> tono:102877 
Mon Jan 9 14:00:09 BOT 2012: Ajax->Mostrar Comentarios:  
Mon Jan 9 14:01:06 BOT 2012: Ajax->Mostrar Reproducciones:  
Mon Jan 9 14:01:39 BOT 2012: Ajax->Mostrar Ranking:  
Mon Jan 9 14:01:45 BOT 2012: Ajax-> Mostrar Ranking > tono:105988 
Mon Jan 9 14:01:51 BOT 2012: Ajax-> Mostrar Ranking > tono:103991 
Mon Jan 9 14:02:48 BOT 2012: ASYNC -> STATS> Tiempo respuesta 0.0022949999999999 seg.
Mon Jan 9 14:03:18 BOT 2012: Ajax-> Mostrar Ranking > tono:139335 
Mon Jan 9 14:05:16 BOT 2012: Ajax-> Mostrar Megusta> tono:140849 
Mon Jan 9 14:08:07 BOT 2012: ASYNC -> STATS> Tiempo respuesta 0.014117 seg.
Mon Jan 9 14:09:04 BOT 2012: Asignar backtone escuchado > Asi termino:122546,122545,116851,584,102885,104311,122538,577,106391,120226,102929,105858,128223,131643,123218,105096,578,446,104316,
Mon Jan 9 14:09:10 BOT 2012: Busqueda Inteligente: resultados >131819
Mon Jan 9 14:10:10 BOT 2012: Ajax->Mostrar Comentarios:  
Mon Jan 9 14:10:13 BOT 2012: ASYNC -> STATS> Tiempo respuesta 0.00639 seg.
Mon Jan 9 14:10:31 BOT 2012: Ajax->Mostrar Reproducciones:  
Mon Jan 9 14:10:43 BOT 2012: ASYNC -> STATS> Tiempo respuesta 0.181725 seg.
Mon Jan 9 14:10:43 BOT 2012: Ajax->Mostrar Megusta:  
Mon Jan 9 14:11:35 BOT 2012: ASYNC -> STATS> Tiempo respuesta 0.009953 seg.
Mon Jan 9 14:11:38 BOT 2012: Ajax->Mostrar Megusta:  
Mon Jan 9 14:11:38 BOT 2012: Ajax-> Mostrar Ranking > tono:103376 
Mon Jan 9 14:11:38 BOT 2012: Ajax->Mostrar Reproducciones:  
Mon Jan 9 14:12:20 BOT 2012: STATS > BUSQUEDA DE BACKTONE >Tiempo: -0.78484 seg. | registros: 7
Mon Jan 9 14:12:29 BOT 2012: Ajax-> popup_listar_amigos: msisdn:77904571 
Mon Jan 9 14:12:29 BOT 2012: Ajax->Mostrar Reproducciones:  
Mon Jan 9 14:12:50 BOT 2012: Ajax-> Mostrar Comentarios> tono:573 
Mon Jan 9 14:12:53 BOT 2012: Consulta de precio de reason:3 - msisdn:76486345 tono:104461 Async responde:350
 
Mon Jan 9 14:12:53 BOT 2012: ASYNC -> STATS> Tiempo respuesta -0.515112 seg.
Mon Jan 9 14:13:17 BOT 2012: Ajax->Mostrar Reproducciones:  
Mon Jan 9 14:13:32 BOT 2012: ASYNC -> STATS> Tiempo respuesta 0.009281 seg.
Mon Jan 9 14:14:32 BOT 2012: Ajax->Mostrar Comentarios:  
Mon Jan 9 14:16:23 BOT 2012: Mostrar Comentarios : tono:132096 
Mon Jan 9 14:18:05 BOT 2012: Busqueda Inteligente: fanny lu
Mon Jan 9 14:19:09 BOT 2012: Ajax-> Mostrar Comentarios> tono:116471 
Mon Jan 9 14:21:00 BOT 2012: Ajax->Mostrar Megusta:  
Mon Jan 9 14:22:06 BOT 2012: Ajax-> Mostrar  Nombre Artista > tono:152 
Mon Jan 9 14:22:06 BOT 2012: Ajax->Mostrar Ranking:  
Mon Jan 9 14:22:12 BOT 2012: ASYNC -> STATS> Tiempo respuesta 0.007393 seg.
Mon Jan 9 14:22:15 BOT 2012: ASYNC -> STATS> Tiempo respuesta 0.284211 seg.
Mon Jan 9 14:23:36 BOT 2012: Ajax->Mostrar Nombre Artista:  
Mon Jan 9 14:23:58 BOT 2012: Ajax->Mostrar Ranking:  
Mon Jan 9 14:26:43 BOT 2012: Mostrar Cantidad reproducciones: tono:136633 cantidad: 0
Mon Jan 9 14:27:25 BOT 2012: Ajax-> Mostrar  Nombre Genero > tono:324 
Mon Jan 9 14:28:04 BOT 2012: Ajax->Mostrar Reproducciones:  
Mon Jan 9 14:28:07 BOT 2012: Mostrar Album: >albumes/album-default.jpg
Mon Jan 9 14:28:40 BOT 2012: Ajax->Mostrar Nombre Artista:  
Mon Jan 9 14:29:16 BOT 2012: ASYNC -> STATS> Tiempo respuesta 0.009802 seg.
Mon Jan 9 14:29:19 BOT 2012: ASYNC -> STATS> Tiempo respuesta 0.317506 seg.
Mon Jan 9 14:29:25 BOT 2012: Asignar backtone escuchado > Asi termino:131721,105092,105263,129675,109407,105547,132110,105546,105262,105550,105548,142286,120256,104383,104507,103451,
Mon Jan 9 14:29:28 BOT 2012: Ajax->Mostrar Imagen Portada:  
Mon Jan 9 14:30:26 BOT 2012: Ajax->Mostrar Imagen Portada:  
Mon Jan 9 14:33:05 BOT 2012: Ajax-> Mostrar  Imagen Portada> tono:103589 
Mon Jan 9 14:33:05 BOT 2012: Ajax->Mostrar Megusta:  
Mon Jan 9 14:33:47 BOT 2012: Ajax->Mostrar Nombre Artista:  
Mon Jan 9 14:35:08 BOT 2012: Ajax->Mostrar Comentarios:  
Mon Jan 9 14:37:21 BOT 2012: Ajax->Mostrar Reproducciones:  
Mon Jan 9 14:38:12 BOT 2012: Ajax-> Mostrar Ranking > tono:103135 
Mon Jan 9 14:38:17 BOT 2012: Mostrar Ranking: tono:105262 calificacion: 
Mon Jan 9 14:40:00 BOT 2012: Mostrar Album: >albumes/Pablo Fernandez.jpg
Mon Jan 9 14:40:30 BOT 2012: Ajax->Mostrar Comentarios:  
Mon Jan 9 14:40:51 BOT 2012: Asignar backtone escuchado > Asi termino:104352,
Mon Jan 9 14:41:00 BOT 2012: Mostrar Cantidad reproducciones: tono:105001 cantidad: 0
Mon Jan 9 14:42:54 BOT 2012: Ajax->Mostrar Comentarios:  
Mon Jan 9 14:45:37 BOT 2012: Ajax->Mostrar Imagen Portada:  
Mon Jan 9 14:46:37 BOT 2012: Ajax-> Mostrar Ranking > tono:104445 
Mon Jan 9 14:47:04 BOT 2012: ASYNC -> STATS> Tiempo respuesta 0.044307 seg.
Mon Jan 9 14:47:31 BOT 2012: Ajax-> Mostrar  Nombre Artista > tono:137882 
Mon Jan 9 14:50:52 BOT 2012: Ajax-> Mostrar Megusta> tono:103358 
Mon Jan 9 14:52:44 BOT 2012: ASYNC -> STATS> Tiempo respuesta 0.010531 seg.
Mon Jan 9 14:52:53 BOT 2012: ASYNC -> STATS> Tiempo respuesta 0.004151 seg.
Mon Jan 9 14:52:56 BOT 2012: Ajax->Mostrar Ranking:  
Mon Jan 9 14:53:17 BOT 2012: ASYNC -> STATS> Tiempo respuesta 0.006022 seg.
Mon Jan 9 14:53:29 BOT 2012: Ajax-> Mostrar Ranking > tono:141055 
Mon Jan 9 14:53:47 BOT 2012: Ajax->Mostrar Nombre Genero:  
Mon Jan 9 14:54:14 BOT 2012: ASYNC -> STATS> Tiempo respuesta -0.36108 seg.
Mon Jan 9 14:56:05 BOT 2012: Mostrar Album: >Artista:  <a href='index.php?seccion=playlist&autor=1107'>Version Solumovil</a>
Mon Jan 9 14:56:08 BOT 2012: ASYNC -> STATS> Tiempo respuesta 0.009125 seg.
Mon Jan 9 14:57:08 BOT 2012: Ajax-> Mostrar  Imagen Portada> tono:105001 
Mon Jan 9 14:58:14 BOT 2012: Ajax-> Mostrar Megusta> tono:120254 
Mon Jan 9 14:58:26 BOT 2012: Ajax->Mostrar Imagen Portada:  
Mon Jan 9 14:58:45 BOT 2012: Mostrar Album: >albumes/album-default.jpg
Mon Jan 9 15:00:00 BOT 2012: Ajax->Mostrar Ranking:  
Mon Jan 9 15:00:42 BOT 2012: Mostrar Album: >albumes/album-default.jpg
Mon Jan 9 15:01:21 BOT 2012: Ajax->Mostrar Imagen Portada:  
Mon Jan 9 15:01:21 BOT 2012: Check Session > msisdn: 75293493 > Usuario Valido 
Mon Jan 9 15:02:33 BOT 2012: Ajax-> Mostrar Ranking > tono:121512 
Mon Jan 9 15:04:48 BOT 2012: Ajax->Mostrar Nombre Artista:  
Mon Jan 9 15:09:34 BOT 2012: Ajax-> Mostrar Ranking > tono:246 
Mon Jan 9 15:11:40 BOT 2012: Ajax-> Mostrar Comentarios> tono:103599 
Mon Jan 9 15:13:32 BOT 2012: Ajax->Mostrar Comentarios:  
Mon Jan 9 15:14:14 BOT 2012: Ajax->Mostrar Nombre Genero:  
Mon Jan 9 15:15:38 BOT 2012: Asignar backtone escuchado > Asi termino:126476,105281,106299,106298,104846,104851,103044,104850,105239,104849,103043,103042,104848,103041,103040,104847,103039,104817,131823,104663,
Mon Jan 9 15:15:38 BOT 2012: Ajax->Mostrar Reproducciones:  
Mon Jan 9 15:15:44 BOT 2012: Ajax->Mostrar Nombre Artista:  
Mon Jan 9 15:16:53 BOT 2012: ASYNC -> STATS> Tiempo respuesta 0.0076080000000001 seg.
Mon Jan 9 15:18:08 BOT 2012: Ajax->Mostrar Nombre Artista:  
Mon Jan 9 15:19:14 BOT 2012: ASYNC -> STATS> Tiempo respuesta 0.00347 seg.
Mon Jan 9 15:20:18 BOT 2012: Ajax->Mostrar Megusta:  
Mon Jan 9 15:21:27 BOT 2012: Ajax-> Mostrar Ranking > tono:246 
Mon Jan 9 15:21:42 BOT 2012: Ajax-> Mostrar  Imagen Portada> tono:106388 
Mon Jan 9 15:21:57 BOT 2012: ASYNC -> STATS> Tiempo respuesta 0.002562 seg.
Mon Jan 9 15:23:33 BOT 2012: Ajax->Mostrar Nombre Genero:  
Mon Jan 9 15:24:21 BOT 2012: Ajax->Mostrar Megusta:  
Mon Jan 9 15:25:39 BOT 2012: Mostrar Album: >albumes/Solumovil-Version Solumovil.jpg
Mon Jan 9 15:26:00 BOT 2012: Session Start>  session por defecto 
Mon Jan 9 15:30:46 BOT 2012: Asignar backtone escuchado > Asi termino:127759,127757,538,133736,137253,130814,135057,139727,130808,133699,105342,105262,
Mon Jan 9 15:32:40 BOT 2012: Ajax-> Mostrar  Nombre Artista > tono:509 
Mon Jan 9 15:34:26 BOT 2012: Ajax->Mostrar Ranking:  
Mon Jan 9 15:34:50 BOT 2012: Ajax->Mostrar Ranking:  
Mon Jan 9 15:35:08 BOT 2012: Ajax->Mostrar Nombre Artista:  
Mon Jan 9 15:37:14 BOT 2012: Busqueda Inteligente: resultados >104907
Mon Jan 9 15:37:26 BOT 2012: Checklogin > msisdn: 75006794 , pin:aaS15rzlpHe9c
Mon Jan 9 15:38:20 BOT 2012: session-default => asignando por default session
Mon Jan 9 15:38:50 BOT 2012: Ajax->Mostrar Comentarios:  
Mon Jan 9 15:40:29 BOT 2012: Ajax-> Mostrar  Nombre Genero > tono:104286 
Mon Jan 9 15:41:21 BOT 2012: Ajax->Mostrar Nombre Artista:  
Mon Jan 9 15:42:39 BOT 2012: STATS > BUSQUEDA DE BACKTONE >Tiempo: 0.158482 seg. | registros: 59
Mon Jan 9 15:42:45 BOT 2012: Ajax-> Mostrar Ranking > tono:104553 
Mon Jan 9 15:42:57 BOT 2012: Ajax->Mostrar Megusta:  
Mon Jan 9 15:45:48 BOT 2012: Ajax-> Mostrar Ranking > tono:104286 
Mon Jan 9 15:47:45 BOT 2012: Ajax-> Mostrar Ranking > tono:104508 
Mon Jan 9 15:48:37 BOT 2012: ASYNC -> STATS> Tiempo respuesta -0.852372 seg.
Mon Jan 9 15:48:52 BOT 2012: Ajax->Mostrar Megusta:  
Mon Jan 9 15:50:31 BOT 2012: Asignar backtone escuchado > Asi termino:106382,142225,137882,140821,105519,134178,104454,122645,102539,105988,123718,103798,115885,128425,122650,122651,134660,453,126167,125088,
Mon Jan 9 15:51:34 BOT 2012: Busqueda Inteligente: resultados >112559
Mon Jan 9 15:51:40 BOT 2012: Session Start>  session por defecto 
Mon Jan 9 15:53:13 BOT 2012: Ajax->Mostrar Nombre Artista:  
Mon Jan 9 15:53:37 BOT 2012: Ajax->Mostrar Comentarios:  
Mon Jan 9 15:53:52 BOT 2012: Session Start>  Chequeo de sesion
Mon Jan 9 15:54:07 BOT 2012: ASYNC -> STATS> Tiempo respuesta 0.646012 seg.
Mon Jan 9 15:54:34 BOT 2012: Ajax->Mostrar Comentarios:  
Mon Jan 9 15:55:08 BOT 2012: Session Start>  Chequeo de sesion
Mon Jan 9 15:56:05 BOT 2012: Ajax-> Mostrar Ranking > tono:129675 
Mon Jan 9 15:56:14 BOT 2012: Ajax->Mostrar Imagen Portada:  
Mon Jan 9 15:57:26 BOT 2012: Ajax->Mostrar Nombre Genero:  
Mon Jan 9 15:57:26 BOT 2012: Ajax->Mostrar Reproducciones:  
Mon Jan 9 15:57:44 BOT 2012: Ajax->Mostrar Megusta:  
Mon Jan 9 15:58:23 BOT 2012: Ajax->Mostrar Megusta:  
Mon Jan 9 15:58:56 BOT 2012: Ajax->Mostrar Nombre Genero:  
Mon Jan 9 15:59:44 BOT 2012: Ajax->Mostrar Imagen Portada:  
Mon Jan 9 16:01:11 BOT 2012: Ajax->Mostrar Megusta:  
Mon Jan 9 16:01:11 BOT 2012: Asignar backtone escuchado > Asi termino:103134,102802,102626,116502,103507,116506,104670,102893,102630,135277,104538,103500,103487,127258,135060,135077,118736,135107,103496,103504,
Mon Jan 9 16:03:39 BOT 2012: Ajax->Mostrar Reproducciones:  
Mon Jan 9 16:04:15 BOT 2012: ASYNC -> STATS> Tiempo respuesta 0.006958 seg.
Mon Jan 9 16:07:14 BOT 2012: Ajax->Mostrar Ranking:  
Mon Jan 9 16:08:11 BOT 2012: Ajax-> Mostrar Ranking > tono:131730 
Mon Jan 9 16:08:41 BOT 2012: ASYNC -> STATS> Tiempo respuesta -0.434398 seg.
Mon Jan 9 16:11:05 BOT 2012: Ajax->Mostrar Comentarios:  
Mon Jan 9 16:11:44 BOT 2012: Ajax->Mostrar Nombre Genero:  
Mon Jan 9 16:12:05 BOT 2012: Ajax->Mostrar Nombre Artista:  
Mon Jan 9 16:12:14 BOT 2012: Ajax->Mostrar Imagen Portada:  
Mon Jan 9 16:12:48 BOT 2012: ASYNC -> STATS> Tiempo respuesta 0.002798 seg.
Mon Jan 9 16:12:48 BOT 2012: Ajax->Mostrar Nombre Artista:  
Mon Jan 9 16:13:00 BOT 2012: Ajax->Mostrar Nombre Genero:  
Mon Jan 9 16:15:36 BOT 2012: Busqueda Inteligente: resultados >107751
Mon Jan 9 16:18:09 BOT 2012: Ajax-> Mostrar  Nombre Artista > tono:109253 
Mon Jan 9 16:19:55 BOT 2012: WEB_REPRODUCIR_BUSQUEDA > Se recibieron:31 tonos
Mon Jan 9 16:20:58 BOT 2012: Ajax->Mostrar Nombre Artista:  
Mon Jan 9 16:21:04 BOT 2012: Busqueda Inteligente: resultados >104795
Mon Jan 9 16:22:04 BOT 2012: Ajax->Mostrar Nombre Genero:  
Mon Jan 9 16:22:13 BOT 2012: STATS > BUSQUEDA DE BACKTONE >Tiempo: 0.455565 seg. | registros: 1
Mon Jan 9 16:25:05 BOT 2012: Ajax->Mostrar Ranking:  
Mon Jan 9 16:25:35 BOT 2012: Check Session > msisdn: 75211888 > Usuario Valido 
Mon Jan 9 16:25:50 BOT 2012: Ajax->Mostrar Nombre Artista:  
Mon Jan 9 16:26:17 BOT 2012: Asignar backtone escuchado > Asi termino:102510,131616,103615,104676,577,105281,104220,102639,102560,103750,103464,103473,103472,103470,103480,103479,109409,105746,104383,106299,
Mon Jan 9 16:26:26 BOT 2012: Ajax->Mostrar Megusta:  
Mon Jan 9 16:26:32 BOT 2012: Ajax-> Mostrar Ranking > tono:103086 
Mon Jan 9 16:26:38 BOT 2012: Ajax->Mostrar Nombre Genero:  
Mon Jan 9 16:27:41 BOT 2012: STATS > BUSQUEDA DE BACKTONE >Tiempo: -0.030246 seg. | registros: 93
Mon Jan 9 16:28:35 BOT 2012: STATS > BUSQUEDA DE BACKTONE >Tiempo: -0.405671 seg. | registros: 29
Mon Jan 9 16:28:56 BOT 2012: Ajax->Mostrar Reproducciones:  
Mon Jan 9 16:29:26 BOT 2012: ASYNC -> STATS> Tiempo respuesta 0.006641 seg.
Mon Jan 9 16:38:48 BOT 2012: Ajax-> Mostrar Megusta> tono:142527 
Mon Jan 9 16:39:49 BOT 2012: STATS > BUSQUEDA DE BACKTONE >Tiempo: -0.28878 seg. | registros: 14
Mon Jan 9 16:40:34 BOT 2012: Checklogin > msisdn: 77557332 , pin:aanaUuL7EqU5s
Mon Jan 9 16:49:44 BOT 2012: Busqueda Inteligente: resultados >104924
Mon Jan 9 16:50:35 BOT 2012: Ajax->Mostrar Reproducciones:  
Mon Jan 9 16:57:45 BOT 2012: Ajax->Mostrar Megusta:  
Mon Jan 9 16:59:53 BOT 2012: Ajax->Mostrar Reproducciones:  
Mon Jan 9 17:01:10 BOT 2012: ASYNC -> STATS> Tiempo respuesta -0.118128 seg.
Mon Jan 9 17:03:16 BOT 2012: ASYNC -> STATS> Tiempo respuesta 0.00566 seg.
Mon Jan 9 17:21:17 BOT 2012: Ajax-> Mostrar  Imagen Portada> tono:104470 
Mon Jan 9 17:22:05 BOT 2012: Asignar backtone escuchado > Asi termino:62,105342,126470,126857,127904,136258,124025,141266,103062,103745,131819,126476,136251,108557,105422,103748,106295,106294,106290,106289,
Mon Jan 9 17:22:50 BOT 2012: Mostrar Cantidad reproducciones: tono:104120 cantidad: 0
Mon Jan 9 17:25:02 BOT 2012: Ajax->Mostrar Megusta:  
Mon Jan 9 17:29:24 BOT 2012: Asignar backtone escuchado > Asi termino:132096,103713,104465,103712,141880,141881,142527,124243,104393,240,560,104817,131823,104663,102882,131760,102883,
Mon Jan 9 17:29:57 BOT 2012: Asignar backtone escuchado > Asi termino:110221,103686,132096,103713,104465,103712,141880,141881,142527,124243,104393,240,560,104817,131823,104663,102882,131760,102883,
Mon Jan 9 17:32:46 BOT 2012: Ajax->Mostrar Imagen Portada:  
Mon Jan 9 17:32:58 BOT 2012: Asignar backtone escuchado > Asi termino:142527,141881,141880,103712,104465,103713,132096,103686,110221,123218,129230,129445,104470,142119,142111,105407,132454,142115,141915,
Mon Jan 9 17:34:13 BOT 2012: Asignar backtone escuchado > Asi termino:131049,131048,131046,131044,131042,131040,131038,131036,131035,123542,123541,123540,123538,123537,123534,123533,123531,123530,123528,123527,
Mon Jan 9 17:34:34 BOT 2012: Ajax->Mostrar Megusta:  
Mon Jan 9 17:34:55 BOT 2012: Session Start>  session por defecto 
Mon Jan 9 17:36:04 BOT 2012: Asignar backtone escuchado > Asi termino:123515,123513,131728,131730,131049,131048,131046,131044,131042,131040,131038,131036,131035,123542,123541,123540,123538,123537,123534,123533,
Mon Jan 9 17:37:22 BOT 2012: Ajax->Mostrar Nombre Genero:  
Mon Jan 9 17:38:55 BOT 2012: Ajax->Mostrar Comentarios:  
Mon Jan 9 17:39:04 BOT 2012: Ajax-> Mostrar Comentarios> tono:103769 
Mon Jan 9 17:39:29 BOT 2012: Asignar backtone escuchado > Asi termino:105245,102760,593,104491,102757,126994,509,449,109242,240,103342,109240,104393,130053,
Mon Jan 9 17:39:41 BOT 2012: Mostrar Ranking: tono:123218 calificacion: 5
Mon Jan 9 17:39:41 BOT 2012: Ajax-> Mostrar  Nombre Genero > tono:137244 
Mon Jan 9 17:41:11 BOT 2012: Mostrar Ranking: tono:143076 calificacion: 
Mon Jan 9 17:42:11 BOT 2012: Ajax-> Mostrar Comentarios> tono:129924 
Mon Jan 9 17:42:14 BOT 2012: Ajax-> Mostrar Ranking > tono:84 
Mon Jan 9 17:43:53 BOT 2012: Asignar backtone escuchado > Asi termino:105999,133699,102776,102777,102804,103655,102922,137826,142119,104120,290,104881,104880,104879,136046,104398,103616,104196,105366,133845,
Mon Jan 9 17:43:56 BOT 2012: Ajax->Mostrar Imagen Portada:  
Mon Jan 9 17:44:50 BOT 2012: ASYNC -> STATS> Tiempo respuesta 0.0072329999999999 seg.
Mon Jan 9 17:45:29 BOT 2012: Ajax->Mostrar Comentarios:  
Mon Jan 9 17:47:09 BOT 2012: Ajax->Mostrar Comentarios:  
Mon Jan 9 17:50:51 BOT 2012: Ajax->Mostrar Imagen Portada:  
Mon Jan 9 17:51:10 BOT 2012: Ajax->Mostrar Reproducciones:  
Mon Jan 9 17:51:36 BOT 2012: Ajax->Mostrar Nombre Genero:  
Mon Jan 9 17:54:16 BOT 2012: ASYNC -> STATS> Tiempo respuesta -0.146675 seg.
Mon Jan 9 17:54:52 BOT 2012: Asignar backtone escuchado > Asi termino:127757,127759,124243,
Mon Jan 9 17:55:52 BOT 2012: Ajax-> Mostrar Megusta> tono:509 
Mon Jan 9 17:56:22 BOT 2012: Asignar backtone escuchado > Asi termino:112705,105533,105282,105036,105096,130053,104991,124243,133822,133434,104829,131646,105079,131627,104193,380,607,109250,141078,105512,
Mon Jan 9 17:56:43 BOT 2012: WEB_REPRODUCIR_BUSQUEDA > Se recibieron:114 tonos
Mon Jan 9 17:56:46 BOT 2012: ASYNC -> STATS> Tiempo respuesta 0.004664 seg.
Mon Jan 9 17:56:49 BOT 2012: ASYNC -> STATS> Tiempo respuesta 0.056736 seg.
Mon Jan 9 17:56:49 BOT 2012: ASYNC -> STATS> Tiempo respuesta 0.32923 seg.
Mon Jan 9 17:56:52 BOT 2012: ASYNC -> STATS> Tiempo respuesta 0.495731 seg.
Mon Jan 9 17:57:46 BOT 2012: Ajax->Mostrar Ranking:  
Mon Jan 9 19:47:27 BOT 2012: ASYNC -> STATS> Tiempo respuesta 0.01573 seg.
Mon Jan 9 19:48:06 BOT 2012: Ajax->Mostrar Ranking:  
Mon Jan 9 19:48:45 BOT 2012: ASYNC -> STATS> Tiempo respuesta 0.587801 seg.
Mon Jan 9 19:48:48 BOT 2012: ASYNC -> STATS> Tiempo respuesta 0.858992 seg.
Mon Jan 9 19:49:10 BOT 2012: Mostrar Megusta> tono: 103462 msisdn: > a otros 6  les gusta 
Mon Jan 9 19:51:10 BOT 2012: Ajax->Mostrar Reproducciones:  
Mon Jan 9 19:51:43 BOT 2012: Ajax->Mostrar Reproducciones:  
Mon Jan 9 19:52:16 BOT 2012: ASYNC -> STATS> Tiempo respuesta 0.276311 seg.
Mon Jan 9 19:53:16 BOT 2012: STATS > BUSQUEDA DE BACKTONE >Tiempo: 0.079837 seg. | registros: 114
Mon Jan 9 19:53:46 BOT 2012: Ajax->Mostrar Nombre Artista:  
Mon Jan 9 19:54:19 BOT 2012: Ajax-> Mostrar Megusta> tono:125516 
Mon Jan 9 19:55:16 BOT 2012: STATS > BUSQUEDA DE BACKTONE >Tiempo: -0.058445 seg. | registros: 25
Mon Jan 9 19:55:58 BOT 2012: Ajax->Mostrar Reproducciones:  
Mon Jan 9 19:57:05 BOT 2012: Ajax->Mostrar Comentarios:  
Mon Jan 9 19:57:20 BOT 2012: Ajax->Mostrar Nombre Artista:  
Mon Jan 9 19:57:38 BOT 2012: Ajax-> Mostrar  Imagen Portada> tono:104361 
Mon Jan 9 19:58:14 BOT 2012: ASYNC -> STATS> Tiempo respuesta -0.037084 seg.
Mon Jan 9 19:58:29 BOT 2012: Ajax-> Mostrar Comentarios> tono:127295 
Mon Jan 9 20:01:38 BOT 2012: Asignar backtone escuchado > Asi termino:102676,102675,110495,105369,105363,105373,105383,105380,105381,105368,105371,105364,105378,105376,105379,105382,105372,105366,105365,105377,
Mon Jan 9 20:02:41 BOT 2012: WEB_REPRODUCIR_BUSQUEDA > Se recibieron:1 tonos
Mon Jan 9 20:04:18 BOT 2012: Ajax-> Mostrar Ranking > tono:142273 
Mon Jan 9 20:04:18 BOT 2012: Asignar backtone escuchado > Asi termino:139,105842,122,131758,127376,105237,131829,133698,105841,127400,122287,131828,131765,131764,105849,131757,140783,
Mon Jan 9 20:05:42 BOT 2012: Ajax-> Mostrar Comentarios> tono:142168 
Mon Jan 9 20:07:09 BOT 2012: Ajax-> Mostrar Ranking > tono:141835 
Mon Jan 9 20:07:48 BOT 2012: ASYNC -> STATS> Tiempo respuesta 0.01312 seg.
Mon Jan 9 20:08:30 BOT 2012: Mostrar Megusta > tono: 137283 msisdn:75083780 > cantidad de registros: 0
Mon Jan 9 20:09:48 BOT 2012: ASYNC -> STATS> Tiempo respuesta 0.565752 seg.
Mon Jan 9 20:10:39 BOT 2012: ASYNC -> STATS> Tiempo respuesta 0.0058269999999999 seg.
Mon Jan 9 20:10:51 BOT 2012: Ajax->Mostrar Imagen Portada:  
Mon Jan 9 20:11:18 BOT 2012: Ajax-> Mostrar Ranking > tono:133881 
Mon Jan 9 20:11:25 BOT 2012: Ajax->Mostrar Nombre Artista:  
Mon Jan 9 20:13:07 BOT 2012: Ajax->Mostrar Megusta:  
Mon Jan 9 20:13:28 BOT 2012: Ajax->Mostrar Comentarios:  
Mon Jan 9 20:16:10 BOT 2012: Ajax->Mostrar Ranking:  
Mon Jan 9 20:18:53 BOT 2012: Busqueda Inteligente: Resultado 
 125514;Baile de los Pobres;Calle13;Reggaeton
103860;Campana sobre campana;Coro Belen;Navidad
103861;El Nino pobre;Coro Belen;Navidad
103778;Llueve Sobre Mojado;Fito Paez;Latinas
130986;Mi Amor Es Pobre Feat Ken Y and Arcangel;Tony Dize;Latinas
104400;Pobre compa;Akwid;Reggaeton
105493;Pobre tonto Enamorado;La Banda del Loco;Latinas
113056;Sobre tu Regazo;Jesus A Romero;Cristianas
102831;sobredosis de TV;Toing;Latinas
117842;Conociendo tu cuerpo;Play Boy;Play Boy
 
Mon Jan 9 20:18:59 BOT 2012: Asignar backtone escuchado > Asi termino:123218,127376,105237,131829,140783,133698,128227,128226,118725,105365,122655,131764,131762,122287,104190,104174,105626,104171,132096,
Mon Jan 9 20:19:11 BOT 2012: ASYNC -> STATS> Tiempo respuesta 0.004806 seg.
Mon Jan 9 20:19:14 BOT 2012: Ajax->Mostrar Comentarios:  
Mon Jan 9 20:20:17 BOT 2012: ASYNC -> STATS> Tiempo respuesta 0.153929 seg.
Mon Jan 9 20:21:02 BOT 2012: Ajax-> Mostrar Megusta> tono:102621 
Mon Jan 9 20:21:02 BOT 2012: WEB_REPRODUCIR_BUSQUEDA > Se recibieron:73 tonos
Mon Jan 9 20:21:20 BOT 2012: Ajax->Mostrar Nombre Genero:  
Mon Jan 9 20:21:53 BOT 2012: Ajax->Mostrar Nombre Genero:  
Mon Jan 9 20:21:59 BOT 2012: Ajax->Mostrar Megusta:  
Mon Jan 9 20:22:17 BOT 2012: Ajax->Mostrar Imagen Portada:  
Mon Jan 9 20:22:17 BOT 2012: ASYNC -> STATS> Tiempo respuesta 0.327213 seg.
Mon Jan 9 20:22:35 BOT 2012: Ajax->Mostrar Ranking:  
Mon Jan 9 20:23:08 BOT 2012: Ajax->Mostrar Nombre Artista:  
Mon Jan 9 20:23:17 BOT 2012: Asignar backtone escuchado > Asi termino:103234,172,102828,104410,104405,104404,104403,103939,105618,105616,103839,104185,309,629,104172,104180,104171,122289,129231,141881,
Mon Jan 9 20:23:23 BOT 2012: Ajax-> Mostrar Comentarios> tono:133769 
Mon Jan 9 20:23:32 BOT 2012: Ajax->Mostrar Comentarios:  
Mon Jan 9 20:25:11 BOT 2012: ASYNC -> STATS> Tiempo respuesta 0.002058 seg.
Mon Jan 9 20:28:12 BOT 2012: Asignar backtone escuchado > Asi termino:102782,102781,105856,142912,103876,137283,107788,107763,119112,103507,104460,102630,130053,125514,112702,104465,126473,103683,104234,104232,
Mon Jan 9 20:28:57 BOT 2012: Asignar backtone escuchado > Asi termino:123218,127376,105237,131829,140783,133698,128227,128226,118725,105365,122655,131764,131762,122287,104190,104174,105626,104171,132096,
Mon Jan 9 20:29:24 BOT 2012: ASYNC -> STATS> Tiempo respuesta -0.156807 seg.
Mon Jan 9 20:30:06 BOT 2012: Ajax-> Mostrar Comentarios> tono:104577 
Mon Jan 9 20:30:09 BOT 2012: Ajax->Mostrar Comentarios:  
