Wed Sep 19 0:02:35 BOT 2012: Busqueda Inteligente: resultados >103663
Wed Sep 19 0:04:26 BOT 2012: STATS > BUSQUEDA DE BACKTONE >Tiempo: 0.38288 seg. | registros: 34
Wed Sep 19 0:06:24 BOT 2012: ASYNC -> STATS> Tiempo respuesta -0.063323 seg.
Wed Sep 19 0:08:39 BOT 2012: Ajax->Mostrar Nombre Genero:  
Wed Sep 19 0:09:03 BOT 2012: Ajax->Mostrar Ranking:  
Wed Sep 19 0:09:45 BOT 2012: Busqueda Inteligente: resultados >103821
Wed Sep 19 0:25:34 BOT 2012: Ajax-> Mostrar Ranking > tono:125100 
Wed Sep 19 0:27:43 BOT 2012: Ajax-> Login Usuario msisdn: 76161939  pin:8208 > Validar msisdn
Wed Sep 19 0:28:49 BOT 2012: Ajax->Mostrar Imagen Portada:  
Wed Sep 19 0:30:40 BOT 2012: STATS > BUSQUEDA DE BACKTONE >Tiempo: 0.305 seg. | registros: 9
Wed Sep 19 0:41:40 BOT 2012: Ajax->Mostrar Comentarios:  
Wed Sep 19 0:45:04 BOT 2012: Ajax->Mostrar Megusta:  
Wed Sep 19 0:45:04 BOT 2012: Asignar backtone escuchado > Asi termino:104651,105043,81,105266,103129,144,103272,103506,149,135151,107775,127440,103899,109253,103512,103131,103511,103273,103510,
Wed Sep 19 0:46:09 BOT 2012: ASYNC -> STATS> Tiempo respuesta 0.003429 seg.
Wed Sep 19 0:46:54 BOT 2012: Ajax->Mostrar Ranking:  
Wed Sep 19 1:03:19 BOT 2012: Ajax->Mostrar Nombre Artista:  
Wed Sep 19 1:04:46 BOT 2012: Consulta de precio de reason:2 - msisdn:78544426 tono:116502 Async responde:350
 
Wed Sep 19 1:06:40 BOT 2012: Ajax-> Mostrar Comentarios> tono:103652 
Wed Sep 19 1:10:32 BOT 2012: ASYNC -> STATS> Tiempo respuesta 0.336401 seg.
Wed Sep 19 1:11:41 BOT 2012: Ajax->Mostrar Imagen Portada:  
Wed Sep 19 1:12:44 BOT 2012: Ajax-> Mostrar Ranking > tono:104522 
Wed Sep 19 1:15:15 BOT 2012: Ajax->Mostrar Megusta:  
Wed Sep 19 1:19:23 BOT 2012: ASYNC -> STATS> Tiempo respuesta -0.148279 seg.
Wed Sep 19 1:20:36 BOT 2012: Asignar backtone escuchado > Asi termino:103142,110082,103479,130982,103089,103466,104503,103517,154234,145223,208,102960,312,103276,149528,103189,122651,137253,102652,113602,
Wed Sep 19 1:21:03 BOT 2012: Ajax-> Mostrar Megusta> tono:102674 
Wed Sep 19 1:21:33 BOT 2012: Mostrar Megusta> tono: 149592 msisdn: > a otros 4  les gusta 
Wed Sep 19 1:23:09 BOT 2012: Ajax->Mostrar Nombre Artista:  
Wed Sep 19 1:24:43 BOT 2012: Mostrar Ranking: tono:103424 calificacion: 
Wed Sep 19 1:32:48 BOT 2012: Mostrar Genero: >G&eacute;nero:  <a href='index.php?seccion=playlist&genero=157'>Salsa y Merengue</a>
Wed Sep 19 1:33:57 BOT 2012: Ajax->Mostrar Reproducciones:  
Wed Sep 19 1:40:36 BOT 2012: Ajax->Mostrar Nombre Genero:  
Wed Sep 19 1:57:21 BOT 2012: Busqueda Inteligente: resultados >130819
Wed Sep 19 9:30:02 BOT 2012: Ajax-> Mostrar  Imagen Portada> tono:132100 
Wed Sep 19 9:32:56 BOT 2012: Ajax->Mostrar Nombre Genero:  
Wed Sep 19 9:37:33 BOT 2012: Busqueda Inteligente: resultados >124067
Wed Sep 19 10:13:30 BOT 2012: STATS > BUSQUEDA DE BACKTONE >Tiempo: 0.285952 seg. | registros: 12
Wed Sep 19 10:14:03 BOT 2012: Ajax->Mostrar Nombre Genero:  
Wed Sep 19 10:16:16 BOT 2012: Session Start>  session por defecto 
Wed Sep 19 10:17:13 BOT 2012: Ajax->Mostrar Comentarios:  
Wed Sep 19 10:19:52 BOT 2012: Ajax->Mostrar Imagen Portada:  
Wed Sep 19 10:27:15 BOT 2012: Ajax-> Mostrar Ranking > tono:135064 
Wed Sep 19 10:27:42 BOT 2012: Ajax->Mostrar Reproducciones:  
Wed Sep 19 10:29:43 BOT 2012: ASYNC -> STATS> Tiempo respuesta 0.003804 seg.
Wed Sep 19 10:29:55 BOT 2012: Ajax-> Mostrar Ranking > tono:102743 
Wed Sep 19 10:30:37 BOT 2012: Ajax->Mostrar Ranking:  
Wed Sep 19 10:34:29 BOT 2012: Ajax->Mostrar Megusta:  
Wed Sep 19 10:34:47 BOT 2012: Ajax->Mostrar Comentarios:  
Wed Sep 19 10:35:56 BOT 2012: Asignar backtone escuchado > Asi termino:104998,109323,104999,
Wed Sep 19 10:39:18 BOT 2012: Session Start>  session por defecto 
Wed Sep 19 10:46:29 BOT 2012: Busqueda Inteligente: 
Wed Sep 19 10:47:56 BOT 2012: ASYNC -> STATS> Tiempo respuesta 0.004926 seg.
Wed Sep 19 10:49:18 BOT 2012: Ajax->Mostrar Reproducciones:  
Wed Sep 19 10:49:39 BOT 2012: Consulta de precio de reason:2 - msisdn: tono:104747 Async responde:350
 
Wed Sep 19 10:53:34 BOT 2012: Busqueda Inteligente: resultados >38
Wed Sep 19 11:00:14 BOT 2012: Session Start>  session por defecto 
Wed Sep 19 11:01:20 BOT 2012: Ajax-> Mostrar Ranking > tono:109249 
Wed Sep 19 11:02:06 BOT 2012: Ajax-> Mostrar  Nombre Artista > tono:102978 
Wed Sep 19 11:03:33 BOT 2012: ASYNC -> STATS> Tiempo respuesta 0.002109 seg.
Wed Sep 19 11:06:19 BOT 2012: Mostrar Cantidad reproducciones: tono:146583 cantidad: 0
Wed Sep 19 11:08:19 BOT 2012: Ajax-> Mostrar Megusta> tono:103462 
Wed Sep 19 11:09:28 BOT 2012: Mostrar Album: >albumes/Pablo Fernandez.jpg
Wed Sep 19 11:10:04 BOT 2012: Ajax-> Mostrar  Nombre Genero > tono:104837 
Wed Sep 19 11:11:35 BOT 2012: Ajax-> Mostrar Megusta> tono:103131 
Wed Sep 19 11:11:35 BOT 2012: Mostrar Ranking: tono:79 calificacion: 5
Wed Sep 19 11:14:36 BOT 2012: Busqueda Inteligente: resultados >104405
Wed Sep 19 11:18:12 BOT 2012: Ajax->Mostrar Ranking:  
Wed Sep 19 11:18:58 BOT 2012: Ajax-> Mostrar  Nombre Artista > tono:123516 
Wed Sep 19 11:20:13 BOT 2012: STATS > BUSQUEDA DE BACKTONE >Tiempo: -0.188897 seg. | registros: 96
Wed Sep 19 11:21:28 BOT 2012: Ajax->Mostrar Reproducciones:  
Wed Sep 19 11:22:43 BOT 2012: Ajax->Mostrar Nombre Genero:  
Wed Sep 19 11:24:38 BOT 2012: Ajax->Mostrar Megusta:  
Wed Sep 19 11:25:14 BOT 2012: Ajax-> Mostrar Comentarios> tono:135157 
Wed Sep 19 11:26:02 BOT 2012: ASYNC -> STATS> Tiempo respuesta 0.252849 seg.
Wed Sep 19 11:26:26 BOT 2012: Ajax->Mostrar Nombre Genero:  
Wed Sep 19 11:30:30 BOT 2012: Ajax->Mostrar Nombre Artista:  
Wed Sep 19 11:31:34 BOT 2012: STATS > BUSQUEDA DE BACKTONE >Tiempo: -0.857587 seg. | registros: 37
Wed Sep 19 11:32:46 BOT 2012: Ajax-> Mostrar  Nombre Artista > tono:117846 
Wed Sep 19 11:33:22 BOT 2012: Asignar backtone escuchado > Asi termino:118732,131003,130999,152222,139971,152208,118725,118724,139838,155888,152128,152120,109691,130053,
Wed Sep 19 11:36:08 BOT 2012: ASYNC -> STATS> Tiempo respuesta 0.00363 seg.
Wed Sep 19 11:37:26 BOT 2012: Ajax->Mostrar Nombre Artista:  
Wed Sep 19 11:38:59 BOT 2012: Ajax->Mostrar Ranking:  
Wed Sep 19 11:39:29 BOT 2012: ASYNC -> STATS> Tiempo respuesta 0.507808 seg.
Wed Sep 19 11:41:12 BOT 2012: Ajax->Mostrar Comentarios:  
Wed Sep 19 11:44:16 BOT 2012: Ajax->Mostrar Ranking:  
Wed Sep 19 11:45:19 BOT 2012: Ajax->Mostrar Ranking:  
Wed Sep 19 11:45:19 BOT 2012: Ajax->Mostrar Ranking:  
Wed Sep 19 11:46:47 BOT 2012: Ajax-> Mostrar Comentarios> tono:104257 
Wed Sep 19 11:48:24 BOT 2012: Ajax->Mostrar Nombre Genero:  
Wed Sep 19 11:48:48 BOT 2012: Ajax-> Mostrar Megusta> tono:104653 
Wed Sep 19 11:57:56 BOT 2012: Busqueda Inteligente: 
Wed Sep 19 12:02:33 BOT 2012: Ajax-> Mostrar Megusta> tono:103263 
Wed Sep 19 12:16:24 BOT 2012: Ajax-> Mostrar  Imagen Portada> tono:104991 
Wed Sep 19 12:24:47 BOT 2012: Asignar backtone escuchado > Asi termino:130358,128237,
Wed Sep 19 12:25:17 BOT 2012: Ajax->Mostrar Nombre Genero:  
Wed Sep 19 12:25:48 BOT 2012: ASYNC -> STATS> Tiempo respuesta 0.002758 seg.
Wed Sep 19 12:26:30 BOT 2012: Ajax->Mostrar Reproducciones:  
Wed Sep 19 12:33:10 BOT 2012: Ajax->Mostrar Comentarios:  
Wed Sep 19 12:34:44 BOT 2012: Ajax-> Mostrar  Imagen Portada> tono:144149 
Wed Sep 19 12:37:23 BOT 2012: Ajax->Mostrar Megusta:  
Wed Sep 19 12:39:51 BOT 2012: Session Start>  Chequeo de sesion
Wed Sep 19 12:42:37 BOT 2012: Ajax->Mostrar Megusta:  
Wed Sep 19 12:42:52 BOT 2012: ASYNC -> STATS> Tiempo respuesta 0.003079 seg.
Wed Sep 19 12:46:16 BOT 2012: Mostrar Ranking: tono:103790 calificacion: 5
Wed Sep 19 12:47:53 BOT 2012: ASYNC -> STATS> Tiempo respuesta 0.001512 seg.
Wed Sep 19 12:47:56 BOT 2012: Asignar backtone escuchado > Asi termino:145771,145772,116469,116501,116502,103086,105112,294,104831,131699,622,621,133792,620,619,104826,102508,104174,109247,
Wed Sep 19 12:47:59 BOT 2012: Error al consultar precio de renovacion - msisdn: tono:152498 - Async responde -3
Wed Sep 19 12:47:59 BOT 2012: ASYNC -> STATS> Tiempo respuesta 0.004293 seg.
Wed Sep 19 12:48:02 BOT 2012: Ajax->Mostrar Megusta:  
Wed Sep 19 12:48:02 BOT 2012: Ajax->Mostrar Imagen Portada:  
Wed Sep 19 12:48:02 BOT 2012: ASYNC -> STATS> Tiempo respuesta -0.344787 seg.
Wed Sep 19 12:48:38 BOT 2012: Ajax-> Mostrar Ranking > tono:145207 
Wed Sep 19 12:48:56 BOT 2012: Ajax->Mostrar Nombre Artista:  
Wed Sep 19 12:51:30 BOT 2012: Ajax->Mostrar Ranking:  
Wed Sep 19 12:57:07 BOT 2012: Ajax->Mostrar Nombre Genero:  
Wed Sep 19 13:06:24 BOT 2012: Ajax->Mostrar Reproducciones:  
Wed Sep 19 13:14:11 BOT 2012: ASYNC -> STATS> Tiempo respuesta 0.003568 seg.
Wed Sep 19 13:43:06 BOT 2012: ASYNC -> STATS> Tiempo respuesta 0.003818 seg.
Wed Sep 19 13:45:49 BOT 2012: Mostrar Ranking: tono:150022 calificacion: 
Wed Sep 19 13:46:28 BOT 2012: Ajax-> Mostrar  Nombre Artista > tono:127300 
Wed Sep 19 13:47:01 BOT 2012: Session Start>  session por defecto 
Wed Sep 19 13:52:14 BOT 2012: Ajax->Mostrar Imagen Portada:  
Wed Sep 19 13:59:27 BOT 2012: WEB_REPRODUCIR_BUSQUEDA > Se recibieron:6 tonos
Wed Sep 19 14:02:31 BOT 2012: STATS > BUSQUEDA DE BACKTONE >Tiempo: 0.443867 seg. | registros: 82
Wed Sep 19 14:07:48 BOT 2012: Ajax->Mostrar Imagen Portada:  
Wed Sep 19 14:09:39 BOT 2012: Asignar backtone escuchado > Asi termino:105377,105365,105366,105372,105370,103086,163,103991,103466,103469,103790,102630,118724,130817,102687,102686,130819,130815,103762,
Wed Sep 19 14:17:26 BOT 2012: Session Start>  session por defecto 
Wed Sep 19 14:17:47 BOT 2012: ASYNC -> STATS> Tiempo respuesta 0.003626 seg.
Wed Sep 19 14:18:32 BOT 2012: Asignar backtone escuchado > Asi termino:102550,149530,105015,125513,
Wed Sep 19 14:18:53 BOT 2012: Session Start>  session por defecto 
Wed Sep 19 14:28:44 BOT 2012: Session Start>  session por defecto 
Wed Sep 19 14:29:56 BOT 2012: Ajax-> Mostrar Ranking > tono:132095 
Wed Sep 19 14:30:50 BOT 2012: STATS > BUSQUEDA DE BACKTONE >Tiempo: 0.329349 seg. | registros: 4
Wed Sep 19 14:35:24 BOT 2012: Ajax->Mostrar Nombre Genero:  
Wed Sep 19 14:36:54 BOT 2012: Ajax-> Mostrar Comentarios> tono:124419 
Wed Sep 19 14:37:13 BOT 2012: ASYNC -> STATS> Tiempo respuesta 0.003348 seg.
Wed Sep 19 14:37:19 BOT 2012: Busqueda Inteligente: resultados >588
Wed Sep 19 14:37:34 BOT 2012: Ajax-> Mostrar Ranking > tono:127298 
Wed Sep 19 14:37:40 BOT 2012: Ajax->Mostrar Comentarios:  
Wed Sep 19 14:39:10 BOT 2012: Ajax-> Mostrar Ranking > tono:127267 
Wed Sep 19 14:39:10 BOT 2012: Ajax->Mostrar Comentarios:  
Wed Sep 19 14:44:32 BOT 2012: Ajax->Mostrar Nombre Genero:  
Wed Sep 19 14:44:32 BOT 2012: Ajax->Mostrar Nombre Genero:  
Wed Sep 19 14:46:24 BOT 2012: Ajax->Mostrar Imagen Portada:  
Wed Sep 19 14:48:51 BOT 2012: Ajax->Mostrar Nombre Artista:  
Wed Sep 19 14:49:27 BOT 2012: Ajax->Mostrar Reproducciones:  
Wed Sep 19 14:50:22 BOT 2012: VALIDAR_MSISDN >77685855 numero valido
Wed Sep 19 14:53:52 BOT 2012: Ajax-> Mostrar Comentarios> tono:149592 
Wed Sep 19 15:03:10 BOT 2012: Ajax->Mostrar Nombre Artista:  
Wed Sep 19 15:04:46 BOT 2012: Asignar backtone escuchado > Asi termino:103469,103790,102630,135108,127757,127759,127754,127756,127767,156284,
Wed Sep 19 15:04:55 BOT 2012: Consulta de precio de reason:3 - msisdn: tono:103991 Async responde:350
 
Wed Sep 19 15:05:40 BOT 2012: Ajax->Mostrar Megusta:  
Wed Sep 19 15:13:36 BOT 2012: Session Start>  session por defecto 
Wed Sep 19 15:14:21 BOT 2012: Ajax->Mostrar Reproducciones:  
Wed Sep 19 15:23:28 BOT 2012: Ajax->Mostrar Ranking:  
Wed Sep 19 15:23:31 BOT 2012: Error al consultar precio de renovacion - msisdn:76042236 tono:104560 - Async responde -3
Wed Sep 19 15:23:31 BOT 2012: ASYNC -> STATS> Tiempo respuesta -0.512604 seg.
Wed Sep 19 15:23:31 BOT 2012: Ajax->Mostrar Ranking:  
Wed Sep 19 15:27:26 BOT 2012: Ajax->Mostrar Comentarios:  
Wed Sep 19 15:32:09 BOT 2012: Ajax->Mostrar Megusta:  
Wed Sep 19 15:36:00 BOT 2012: Ajax->Mostrar Comentarios:  
Wed Sep 19 15:36:40 BOT 2012: Ajax->Mostrar Megusta:  
Wed Sep 19 15:37:52 BOT 2012: Ajax-> Login Usuario msisdn: 77789555  pin:4370 > Validar msisdn
Wed Sep 19 15:43:05 BOT 2012: Ajax->Mostrar Imagen Portada:  
Wed Sep 19 15:45:15 BOT 2012: Mostrar Genero: >G&eacute;nero:  <a href='index.php?seccion=playlist&genero=110'>Cumbia</a>
Wed Sep 19 15:48:03 BOT 2012: Ajax->Mostrar Ranking:  
Wed Sep 19 15:50:01 BOT 2012: Ajax-> Mostrar Ranking > tono:104428 
Wed Sep 19 15:51:37 BOT 2012: Ajax-> Mostrar  Nombre Artista > tono:126493 
Wed Sep 19 16:09:09 BOT 2012: Ajax->Mostrar Reproducciones:  
Wed Sep 19 16:13:07 BOT 2012: Mostrar Comentarios : tono:124419 
Wed Sep 19 16:16:59 BOT 2012: Ajax->Mostrar Ranking:  
Wed Sep 19 16:18:57 BOT 2012: Asignar backtone escuchado > Asi termino:122291,
Wed Sep 19 16:19:57 BOT 2012: Ajax-> Mostrar  Imagen Portada> tono:123218 
Wed Sep 19 16:26:56 BOT 2012: Check Session > msisdn: 77343883 > Usuario Valido 
Wed Sep 19 16:35:46 BOT 2012: ASYNC -> STATS> Tiempo respuesta -0.490118 seg.
Wed Sep 19 16:48:28 BOT 2012: Ajax->Actualizar pin usuario
Wed Sep 19 16:49:52 BOT 2012: Mostrar Ranking: tono:150040 calificacion: 
Wed Sep 19 16:49:52 BOT 2012: Ajax->Mostrar Comentarios:  
Wed Sep 19 16:51:01 BOT 2012: Ajax-> Mostrar Ranking > tono:106237 
Wed Sep 19 16:51:53 BOT 2012: Ajax->Mostrar Comentarios:  
Wed Sep 19 16:56:30 BOT 2012: Ajax->Mostrar Reproducciones:  
Wed Sep 19 16:59:34 BOT 2012: Ajax->Mostrar Comentarios:  
Wed Sep 19 16:59:49 BOT 2012: Ajax->Mostrar Nombre Genero:  
Wed Sep 19 17:05:05 BOT 2012: Ajax-> Mostrar Ranking > tono:155290 
Wed Sep 19 17:07:23 BOT 2012: Ajax->Mostrar Nombre Artista:  
Wed Sep 19 17:08:21 BOT 2012: Consulta de precio de reason:3 - msisdn: tono:103685 Async responde:350
 
Wed Sep 19 17:08:21 BOT 2012: Mostrar Cantidad reproducciones: tono:104305 cantidad: 0
Wed Sep 19 17:08:27 BOT 2012: Error al consultar precio de renovacion - msisdn: tono:103685 - Async responde -3
Wed Sep 19 17:08:27 BOT 2012: ASYNC -> STATS> Tiempo respuesta -0.006098 seg.
Wed Sep 19 17:14:16 BOT 2012: Ajax->Mostrar Reproducciones:  
Wed Sep 19 17:19:45 BOT 2012: Ajax-> Mostrar Ranking > tono:572 
Wed Sep 19 17:22:48 BOT 2012: Ajax->Mostrar Ranking:  
Wed Sep 19 17:22:51 BOT 2012: Ajax-> Mostrar Ranking > tono:155370 
Wed Sep 19 17:25:07 BOT 2012: Ajax->Mostrar Megusta:  
Wed Sep 19 17:27:52 BOT 2012: Ajax-> Mostrar  Nombre Genero > tono:104042 
Wed Sep 19 17:28:50 BOT 2012: Ajax->Mostrar Ranking:  
Wed Sep 19 17:28:53 BOT 2012: ASYNC -> STATS> Tiempo respuesta -0.00857 seg.
Wed Sep 19 17:28:53 BOT 2012: ASYNC -> STATS> Tiempo respuesta 0.044922 seg.
Wed Sep 19 17:33:24 BOT 2012: Mostrar Album: >albumes/album-default.jpg
Wed Sep 19 17:33:54 BOT 2012: Consulta de precio de reason:2 - msisdn: tono:104024 Async responde:350
 
Wed Sep 19 17:33:54 BOT 2012: ASYNC -> STATS> Tiempo respuesta 0.113794 seg.
Wed Sep 19 17:34:00 BOT 2012: Consulta de precio de reason:10 - msisdn: tono:146592 Async responde:350
 
Wed Sep 19 17:34:00 BOT 2012: Consulta de precio de reason:3 - msisdn: tono:102620 Async responde:350
 
Wed Sep 19 17:36:46 BOT 2012: Ajax->Mostrar Megusta:  
Wed Sep 19 17:42:17 BOT 2012: Busqueda Inteligente: resultados >104514
Wed Sep 19 17:45:27 BOT 2012: Ajax->Mostrar Megusta:  
Wed Sep 19 17:45:54 BOT 2012: Consulta de precio de reason:2 - msisdn: tono:103272 Async responde:350
 
Wed Sep 19 17:45:54 BOT 2012: ASYNC -> STATS> Tiempo respuesta 0.125671 seg.
Wed Sep 19 17:47:57 BOT 2012: Ajax-> Mostrar  Nombre Artista > tono:253 
Wed Sep 19 17:48:15 BOT 2012: Ajax->Mostrar Megusta:  
Wed Sep 19 17:49:28 BOT 2012: Ajax->Mostrar Nombre Genero:  
Wed Sep 19 17:51:55 BOT 2012: loggout => asignando por default session
Wed Sep 19 17:52:32 BOT 2012: WEB_REPRODUCIR_BUSQUEDA > Se recibieron:114 tonos
Wed Sep 19 17:54:14 BOT 2012: ASYNC -> STATS> Tiempo respuesta -0.295535 seg.
Wed Sep 19 17:54:14 BOT 2012: Ajax->Mostrar Ranking:  
Wed Sep 19 17:54:35 BOT 2012: Ajax-> Mostrar  Nombre Artista > tono:103791 
Wed Sep 19 17:57:27 BOT 2012: Ajax-> Mostrar Megusta> tono:155378 
Wed Sep 19 17:58:12 BOT 2012: Ajax->Mostrar Nombre Genero:  
Wed Sep 19 18:03:01 BOT 2012: Ajax->Mostrar Nombre Genero:  
Wed Sep 19 18:07:11 BOT 2012: Error al consultar precio de renovacion - msisdn: tono:146592 - Async responde -3
Wed Sep 19 18:07:53 BOT 2012: Ajax->Mostrar Comentarios:  
Wed Sep 19 18:12:15 BOT 2012: Ajax->Mostrar Imagen Portada:  
Wed Sep 19 18:13:03 BOT 2012: Ajax-> Mostrar  Nombre Artista > tono:145218 
Wed Sep 19 18:13:22 BOT 2012: ASYNC -> STATS> Tiempo respuesta 0.003223 seg.
Wed Sep 19 18:16:04 BOT 2012: ASYNC -> STATS> Tiempo respuesta 0.0014420000000001 seg.
Wed Sep 19 18:18:38 BOT 2012: Ajax-> Mostrar Ranking > tono:123527 
Wed Sep 19 18:23:18 BOT 2012: Ajax-> Mostrar Megusta> tono:104655 
Wed Sep 19 18:30:53 BOT 2012: Mostrar Album: >albumes/Jimi Hendrix-West Coast Seattle Boy.jpg
Wed Sep 19 18:33:30 BOT 2012: Ajax-> Mostrar Comentarios> tono:104165 
Wed Sep 19 18:33:54 BOT 2012: Ajax->Mostrar Nombre Genero:  
Wed Sep 19 18:37:34 BOT 2012: Ajax-> Mostrar Megusta> tono:104894 
Wed Sep 19 18:37:46 BOT 2012: Ajax-> Mostrar  Nombre Artista > tono:155376 
Wed Sep 19 18:38:58 BOT 2012: Ajax->Mostrar Ranking:  
Wed Sep 19 18:41:32 BOT 2012: Ajax-> Mostrar Comentarios> tono:105276 
Wed Sep 19 18:42:29 BOT 2012: WEB_REPRODUCIR_BUSQUEDA > Se recibieron:2 tonos
Wed Sep 19 18:42:32 BOT 2012: Ajax-> Mostrar Ranking > tono:152878 
Wed Sep 19 18:43:54 BOT 2012: ASYNC -> STATS> Tiempo respuesta 0.005476 seg.
Wed Sep 19 18:44:15 BOT 2012: Ajax-> Mostrar Comentarios> tono:152880 
Wed Sep 19 18:45:42 BOT 2012: Consulta de precio de reason:10 - msisdn: tono:143743 Async responde:350
 
Wed Sep 19 18:45:42 BOT 2012: Ajax->Mostrar Reproducciones:  
Wed Sep 19 18:45:45 BOT 2012: ASYNC -> STATS> Tiempo respuesta -0.098346 seg.
Wed Sep 19 18:47:24 BOT 2012: Ajax->Mostrar Nombre Genero:  
Wed Sep 19 18:49:01 BOT 2012: Ajax->Mostrar Megusta:  
Wed Sep 19 18:49:43 BOT 2012: Error al consultar precio de renovacion - msisdn: tono:103616 - Async responde -3
Wed Sep 19 18:49:43 BOT 2012: ASYNC -> STATS> Tiempo respuesta 0.652427 seg.
Wed Sep 19 18:49:43 BOT 2012: Asignar backtone escuchado > Asi termino:117850,117848,117846,117840,103476,103478,103475,103793,276,509,144149,145188,145186,145176,102599,458,102898,102535,128286,126493,
Wed Sep 19 18:49:46 BOT 2012: Ajax->Mostrar Megusta:  
Wed Sep 19 18:49:46 BOT 2012: Ajax-> Mostrar Ranking > tono:103477 
Wed Sep 19 18:49:46 BOT 2012: Mostrar Album: >albumes/album-default.jpg
Wed Sep 19 18:49:49 BOT 2012: Consulta de precio de reason:5 - msisdn: tono:103477 Async responde:350
 
Wed Sep 19 18:49:49 BOT 2012: Consulta de precio de reason:10 - msisdn: tono:103616 Async responde:350
 
Wed Sep 19 18:49:49 BOT 2012: ASYNC -> STATS> Tiempo respuesta 0.0017119999999999 seg.
Wed Sep 19 18:49:49 BOT 2012: Mostrar Ranking: tono:107763 calificacion: 
Wed Sep 19 18:50:13 BOT 2012: Ajax-> Mostrar Comentarios> tono:131699 
Wed Sep 19 18:50:28 BOT 2012: Ajax->Mostrar Megusta:  
Wed Sep 19 18:51:50 BOT 2012: Busqueda Inteligente: resultados >103822
Wed Sep 19 18:51:59 BOT 2012: Ajax-> Mostrar Comentarios> tono:145220 
Wed Sep 19 18:53:17 BOT 2012: Ajax->Mostrar Ranking:  
Wed Sep 19 18:53:56 BOT 2012: Ajax-> Mostrar Ranking > tono:103821 
Wed Sep 19 18:56:39 BOT 2012: Ajax-> Mostrar  Nombre Artista > tono:110342 
Wed Sep 19 18:56:48 BOT 2012: Busqueda Inteligente: resultados >128462
Wed Sep 19 18:58:52 BOT 2012: Ajax-> Mostrar Megusta> tono:30 
Wed Sep 19 18:59:43 BOT 2012: Asignar backtone escuchado > Asi termino:103128,103507,103506,30,105266,384,105545,11,105762,137852,105420,103134,103275,116502,103235,116506,103826,112702,103274,
Wed Sep 19 19:01:28 BOT 2012: ASYNC -> STATS> Tiempo respuesta 0.775491 seg.
Wed Sep 19 19:01:52 BOT 2012: Ajax->Mostrar Megusta:  
Wed Sep 19 19:05:32 BOT 2012: Mostrar Album: >Artista:  <a href='index.php?seccion=playlist&autor=417'>Chichicuilote</a>
Wed Sep 19 19:06:57 BOT 2012: Ajax-> Mostrar  Nombre Genero > tono:145857 
Wed Sep 19 19:09:06 BOT 2012: Ajax-> Mostrar Comentarios> tono:142220 
Wed Sep 19 19:10:28 BOT 2012: Ajax->Mostrar Megusta:  
Wed Sep 19 19:11:13 BOT 2012: Consulta de precio de reason:2 - msisdn: tono:123540 Async responde:350
 
Wed Sep 19 19:12:20 BOT 2012: Asignar backtone escuchado > Asi termino:103683,104959,132078,155262,104958,104285,102621,102610,107747,107794,107788,107763,116500,104036,104034,198,120230,102674,102624,104643,
Wed Sep 19 19:14:20 BOT 2012: Consulta de precio de reason:3 - msisdn:76237893 tono:133776 Async responde:350
 
Wed Sep 19 19:14:41 BOT 2012: Ajax-> Mostrar  Nombre Artista > tono:133402 
Wed Sep 19 19:15:02 BOT 2012: Ajax->Mostrar Ranking:  
Wed Sep 19 19:15:54 BOT 2012: ASYNC -> STATS> Tiempo respuesta -0.017991 seg.
Wed Sep 19 19:15:57 BOT 2012: Asignar backtone escuchado > Asi termino:155148,142223,154234,155646,
Wed Sep 19 19:16:33 BOT 2012: Asignar backtone escuchado > Asi termino:103703,126993,103700,126855,126857,131810,147132,155420,155436,155432,104363,125495,125511,7,463,109233,102550,104353,109227,
Wed Sep 19 19:18:21 BOT 2012: Ajax-> Mostrar Comentarios> tono:155122 
Wed Sep 19 19:18:42 BOT 2012: Session Start>  session por defecto 
Wed Sep 19 19:19:27 BOT 2012: Asignar backtone escuchado > Asi termino:123534,131036,123537,131048,131046,123516,131038,131728,123523,131044,123541,123527,123513,123538,131040,123540,123515,123528,131730,
Wed Sep 19 19:20:22 BOT 2012: Ajax->Mostrar Imagen Portada:  
Wed Sep 19 19:21:43 BOT 2012: Asignar backtone escuchado > Asi termino:125516,105276,61,482,105274,104532,149592,105262,105833,113034,126710,103707,103704,126857,
Wed Sep 19 19:26:35 BOT 2012: Ajax->Mostrar Ranking:  
Wed Sep 19 19:32:22 BOT 2012: ASYNC -> STATS> Tiempo respuesta 0.007533 seg.
Wed Sep 19 19:33:22 BOT 2012: STATS > BUSQUEDA DE BACKTONE >Tiempo: 0.058275 seg. | registros: 74
Wed Sep 19 19:42:03 BOT 2012: Ajax-> Mostrar Comentarios> tono:105648 
Wed Sep 19 19:42:54 BOT 2012: ASYNC -> STATS> Tiempo respuesta 0.004266 seg.
Wed Sep 19 19:42:57 BOT 2012: Ajax-> Mostrar Comentarios> tono:142225 
Wed Sep 19 19:49:29 BOT 2012: Ajax->Mostrar Nombre Genero:  
Wed Sep 19 19:49:32 BOT 2012: Ajax-> Mostrar Ranking > tono:103466 
Wed Sep 19 19:51:17 BOT 2012: Busqueda Inteligente: resultados >102826
Wed Sep 19 19:51:20 BOT 2012: Ajax->Mostrar Comentarios:  
Wed Sep 19 19:53:06 BOT 2012: Ajax-> Mostrar Megusta> tono:104576 
Wed Sep 19 19:54:18 BOT 2012: Ajax-> Mostrar Comentarios> tono:143742 
Wed Sep 19 19:56:19 BOT 2012: Ajax->Mostrar Nombre Artista:  
Wed Sep 19 19:57:43 BOT 2012: Ajax->Mostrar Nombre Genero:  
Wed Sep 19 19:57:43 BOT 2012: Ajax->Mostrar Ranking:  
Wed Sep 19 19:59:47 BOT 2012: Ajax->Mostrar Ranking:  
Wed Sep 19 20:00:11 BOT 2012: Ajax-> Mostrar Ranking > tono:104171 
Wed Sep 19 20:02:17 BOT 2012: Busqueda Inteligente: resultados >129925
Wed Sep 19 20:03:05 BOT 2012: Ajax-> Mostrar  Nombre Genero > tono:103112 
Wed Sep 19 20:04:51 BOT 2012: Busqueda Inteligente: resultados >105858
Wed Sep 19 20:05:54 BOT 2012: WEB REPROD BUSQ > Facebook link: http%3A%2F%2Fbacktones.tigo.com.bo%2Fv3%2Findex.php%3Fseccion%3Dplaylist%26genero%3D102%26f%3D1%26t%3D123123
Wed Sep 19 20:07:42 BOT 2012: Ajax->Mostrar Nombre Genero:  
Wed Sep 19 20:09:28 BOT 2012: Mostrar Ranking: tono:105076 calificacion: 
Wed Sep 19 20:10:04 BOT 2012: Ajax-> Mostrar Comentarios> tono:103712 
Wed Sep 19 20:10:16 BOT 2012: ASYNC -> STATS> Tiempo respuesta 0.002729 seg.
Wed Sep 19 20:11:13 BOT 2012: Ajax-> Mostrar  Nombre Genero > tono:125501 
Wed Sep 19 20:16:42 BOT 2012: Ajax-> Mostrar Comentarios> tono:104055 
Wed Sep 19 20:18:51 BOT 2012: Ajax->Mostrar Nombre Artista:  
Wed Sep 19 20:18:57 BOT 2012: Ajax->Mostrar Megusta:  
Wed Sep 19 20:19:51 BOT 2012: Ajax->Mostrar Reproducciones:  
Wed Sep 19 20:21:46 BOT 2012: ASYNC -> STATS> Tiempo respuesta 0.002157 seg.
Wed Sep 19 20:21:49 BOT 2012: Ajax->Mostrar Megusta:  
Wed Sep 19 20:26:29 BOT 2012: Ajax-> Mostrar Ranking > tono:143737 
Wed Sep 19 20:29:57 BOT 2012: ASYNC -> STATS> Tiempo respuesta -0.549868 seg.
Wed Sep 19 20:29:57 BOT 2012: ASYNC -> STATS> Tiempo respuesta -0.456855 seg.
Wed Sep 19 20:30:00 BOT 2012: Ajax->Mostrar Ranking:  
Wed Sep 19 20:30:00 BOT 2012: Ajax->Mostrar Reproducciones:  
Wed Sep 19 20:30:00 BOT 2012: Ajax->Mostrar Reproducciones:  
Wed Sep 19 20:33:40 BOT 2012: Ajax->Mostrar Nombre Artista:  
Wed Sep 19 20:35:19 BOT 2012: ASYNC -> STATS> Tiempo respuesta 0.250072 seg.
Wed Sep 19 20:36:26 BOT 2012: STATS > BUSQUEDA DE BACKTONE >Tiempo: -0.898648 seg. | registros: 82
Wed Sep 19 20:37:50 BOT 2012: Mostrar Album: >Artista:  <a href='index.php?seccion=playlist&autor=143'>Covertone</a>
Wed Sep 19 20:39:35 BOT 2012: Ajax->Mostrar Ranking:  
Wed Sep 19 20:39:38 BOT 2012: ASYNC -> STATS> Tiempo respuesta -0.026415 seg.
Wed Sep 19 20:39:53 BOT 2012: ASYNC -> STATS> Tiempo respuesta -0.00053500000000006 seg.
Wed Sep 19 20:39:56 BOT 2012: ASYNC -> STATS> Tiempo respuesta 0.669251 seg.
Wed Sep 19 20:39:56 BOT 2012: ASYNC -> STATS> Tiempo respuesta -0.034127 seg.
Wed Sep 19 20:42:42 BOT 2012: Ajax->Mostrar Nombre Genero:  
Wed Sep 19 20:44:43 BOT 2012: Ajax-> Mostrar  Imagen Portada> tono:147195 
Wed Sep 19 20:45:28 BOT 2012: Ajax-> Mostrar  Nombre Artista > tono:144106 
Wed Sep 19 20:47:49 BOT 2012: Busqueda Inteligente: resultados >124341
Wed Sep 19 20:48:01 BOT 2012: ASYNC -> STATS> Tiempo respuesta 0.0037210000000001 seg.
Wed Sep 19 20:48:59 BOT 2012: ASYNC -> STATS> Tiempo respuesta -0.578063 seg.
Wed Sep 19 20:49:47 BOT 2012: Ajax-> Mostrar Ranking > tono:145182 
Wed Sep 19 20:49:56 BOT 2012: Ajax->Mostrar Nombre Artista:  
Wed Sep 19 20:50:05 BOT 2012: ASYNC -> STATS> Tiempo respuesta 0.0054999999999999 seg.
Wed Sep 19 20:50:08 BOT 2012: Ajax->Mostrar Ranking:  
Wed Sep 19 20:51:38 BOT 2012: Session Start>  session por defecto 
Wed Sep 19 20:52:42 BOT 2012: Ajax->Mostrar Nombre Genero:  
Wed Sep 19 20:52:45 BOT 2012: WEB_REPRODUCIR_BUSQUEDA > Se recibieron:114 tonos
Wed Sep 19 20:56:12 BOT 2012: Ajax-> Mostrar  Imagen Portada> tono:109246 
Wed Sep 19 20:56:48 BOT 2012: Ajax-> Mostrar Ranking > tono:246 
Wed Sep 19 20:59:19 BOT 2012: STATS > BUSQUEDA DE BACKTONE >Tiempo: 0.066822 seg. | registros: 3
Wed Sep 19 21:01:05 BOT 2012: Busqueda Inteligente: resultados >102754
Wed Sep 19 21:01:08 BOT 2012: Ajax-> Mostrar Ranking > tono:143764 
Wed Sep 19 21:01:59 BOT 2012: Busqueda Inteligente: resultados >110495
Wed Sep 19 21:03:11 BOT 2012: Ajax->Mostrar Ranking:  
Wed Sep 19 21:03:14 BOT 2012: Ajax->Mostrar Reproducciones:  
Wed Sep 19 21:03:17 BOT 2012: Consulta de precio de reason:10 - msisdn: tono:122655 Async responde:350
 
Wed Sep 19 21:03:17 BOT 2012: ASYNC -> STATS> Tiempo respuesta 0.598999 seg.
Wed Sep 19 21:03:17 BOT 2012: Ajax->Mostrar Ranking:  
Wed Sep 19 21:03:56 BOT 2012: Busqueda Inteligente: resultados >103324
Wed Sep 19 21:04:42 BOT 2012: Ajax-> Mostrar Comentarios> tono:104147 
Wed Sep 19 21:05:39 BOT 2012: Ajax->Mostrar Ranking:  
Wed Sep 19 21:06:42 BOT 2012: Ajax->Asignar backtone turno: msisdn:78147194   
Wed Sep 19 21:10:43 BOT 2012: Ajax->Mostrar Nombre Artista:  
Wed Sep 19 21:11:07 BOT 2012: Ajax-> Mostrar Comentarios> tono:104455 
Wed Sep 19 21:11:34 BOT 2012: Ajax->Mostrar Nombre Genero:  
Wed Sep 19 21:12:59 BOT 2012: Ajax->Mostrar Ranking:  
Wed Sep 19 21:17:45 BOT 2012: Ajax-> Mostrar  Imagen Portada> tono:104455 
Wed Sep 19 21:19:03 BOT 2012: Asignar backtone escuchado > Asi termino:135727,105545,135694,140969,136229,135710,135686,135690,135681,103090,103238,103426,103089,135714,103997,103466,102642,102641,102640,
Wed Sep 19 21:21:04 BOT 2012: Asignar backtone escuchado > Asi termino:104455,104136,451,104454,637,393,104456,105997,105998,114601,144113,144114,144106,102652,102651,104307,
Wed Sep 19 21:23:31 BOT 2012: Session Start>  session por defecto 
Wed Sep 19 21:29:51 BOT 2012: Ajax->Mostrar Imagen Portada:  
Wed Sep 19 21:30:00 BOT 2012: Busqueda Inteligente: resultados >136203
Wed Sep 19 21:31:06 BOT 2012: Busqueda Inteligente: resultados >130984
Wed Sep 19 21:36:16 BOT 2012: Ajax->Mostrar Reproducciones:  
Wed Sep 19 21:39:44 BOT 2012: Ajax-> Mostrar Megusta> tono:133434 
Wed Sep 19 21:43:34 BOT 2012: Busqueda Inteligente: resultados >135657
Wed Sep 19 21:44:56 BOT 2012: Ajax->Mostrar Ranking:  
Wed Sep 19 21:44:59 BOT 2012: Ajax->Mostrar Nombre Genero:  
Wed Sep 19 21:48:36 BOT 2012: STATS > BUSQUEDA DE BACKTONE >Tiempo: -0.146482 seg. | registros: 2
Wed Sep 19 21:55:22 BOT 2012: Ajax-> Mostrar Ranking > tono:145741 
Wed Sep 19 22:01:21 BOT 2012: Error al consultar precio de renovacion - msisdn: tono:146574 - Async responde -3
Wed Sep 19 22:01:21 BOT 2012: ASYNC -> STATS> Tiempo respuesta -0.406125 seg.
Wed Sep 19 22:07:16 BOT 2012: Ajax->Mostrar Reproducciones:  
Wed Sep 19 22:25:02 BOT 2012: STATS > BUSQUEDA DE BACKTONE >Tiempo: 0.042892 seg. | registros: 114
Wed Sep 19 22:27:33 BOT 2012: Ajax->Mostrar Comentarios:  
Wed Sep 19 22:32:19 BOT 2012: Asignar backtone escuchado > Asi termino:135153,104544,135151,130833,468,131642,130834,135152,103402,110097,130832,
Wed Sep 19 23:05:17 BOT 2012: Busqueda Inteligente: resultados >113351
Wed Sep 19 23:06:00 BOT 2012: Ajax->Mostrar Comentarios:  
Wed Sep 19 23:43:47 BOT 2012: Ajax->Mostrar Reproducciones:  
Wed Sep 19 23:47:45 BOT 2012: Ajax-> Mostrar  Nombre Artista > tono:155372 
