Sun May 20 20:00:45 BOT 2012: Busqueda Inteligente: Resultado 
 137972;Zero 76 Original Mix part 2;Dj Tiesto and Hardwell;Electronicas
137086;C Mon ft Diplo and Bustha Rhymes;Dj Tiesto;Electronicas
137970;C Mon ft Diplo and Bustha Rhymes;Dj Tiesto Vs Diplo;Electronicas
276;15 dias;La banda de lechuga;Cumbia
121;Andando;Diego Torres;Latinas
103692;ANDANDO-;Diego Torres;Latinas
145319;Banda Loca del Aurinegro;Opratel;A todo futbol con Tigo
333;Blandingo del dedo;Aldo Penha;Carnaval
104331;Cara de Dengue V1;DJ;Sonidos
138286;Traffic Radio Edit;Dj Tiesto;Electronicas
138311;Who Wants To Be Alone;Dj Tiesto feat Nelly Furtado;Electronicas
104190; Canita Canaveral;Banda Juventud Centralistas de La Paz;Carnaval
104177; Chirapas;La Banda de Perucho;Carnaval
104189; El Tio;Banda Juventud Centralistas de La Paz;Carnaval
104178; En Las Playas Del Beni;La Banda de Perucho;Carnaval
104195; Mi Fiel Promesa;Banda Juventud Centralistas de La Paz;Carnaval
104175; Tahichi Aguilera;La Banda de Perucho;Carnaval
107794;-Rey Tu Credito se esta agotando-MTV ISA TKM;MTV;MTV
103479;2EntraEnMiVidaAlbumVersion;Sin Bandera;Latinas
103480;2Recordando a Natacha;Sombra;Latinas
102646;5 de septiembre;Banda reggaeton;Reggaeton
104886;Abusadora;Wisin y Yandel;Reggaeton
105302;Adios; Yandel-Franco "El Gorilla";Latinas
144150;Adios Perra;Opratel;Carnavaleando con Tigo
103596;AdoradoTormento;Vicente Fernandez;Mama Te Quiero
142912;Adornando El Arbolito;Opratel;Navidad
107747;Alex A donde estas llamando-MTV ISA TKM;MTV;MTV
104510; Chiquillada V2;Jardin Unicornio;Sonidos
325;Amor en bici;La banda de lechuga;Cumbia
129899;Antes De Ti;Marcela Gandara;Cristianas
104193;Ay Rosita;Banda Juventud Centralistas de La Paz;Carnaval
104051;Bandas marchando;Version Opratel;Clasicos
104223;bandera blanca;SERGIO DALMA;Latinas
129936;Besos Usados Opratel;Andres Cepeda Opratel;Mi Promo ConTigo
103320;Boricua morena dominicano;Banda reggaeton;Reggaeton
104507; Dormite Tranquilo;Claudio Taddei;Sonidos
150146;Amor Bandido;Opratel;Reggaeton
131036;Angela camba ordinario;Pablo Fernandez;Pablo Fernandez
104070;Aprendiste A Volar Remix;Vicente Fernandez;Mama Te Quiero
141636;ASE_02DEDIC2011_1_SALUDO;KARAOKE;KARAOKE
141626;ASE_02DEDIC2011_1_SONIDO;KARAOKE;KARAOKE
141631;ASE_02DEDIC2011_2_SONIDO;KARAOKE;KARAOKE
141659;ASE_03DEDIC2011_1_SALUDO;KARAOKE;KARAOKE
141661;ASE_03DEDIC2011_1_SONIDO;KARAOKE;KARAOKE
141676;ASE_03DEDIC2011_2_SALUDO;KARAOKE;KARAOKE
141665;ASE_03DEDIC2011_2_SONIDO;KARAOKE;KARAOKE
141677;ASE_03DEDIC2011_3_SALUDO;KARAOKE;KARAOKE
141673;ASE_03DEDIC2011_3_SONIDO;KARAOKE;KARAOKE
141674;ASE_03DEDIC2011_4_SONIDO;KARAOKE;KARAOKE
141678;ASE_03DEDIC2011_5_SONIDO;KARAOKE;KARAOKE
141682;ASE_03DEDIC2011_6_SONIDO;KARAOKE;KARAOKE
141683;ASE_03DEDIC2011_7_SONIDO;KARAOKE;KARAOKE
142066;ASE_10DEDIC2011_1_SONIDO;KARAOKE;KARAOKE
142069;ASE_10DEDIC2011_2_SONIDO;KARAOKE;KARAOKE
142184;ASE_11DEDIC2011_1_SALUDO;KARAOKE;KARAOKE
142782;ASE_23DEDIC2011_1_SALUDO;KARAOKE;KARAOKE
142807;ASE_24DEDIC2011_1_SALUDO;KARAOKE;KARAOKE
142809;ASE_24DEDIC2011_2_SALUDO;KARAOKE;KARAOKE
143130;ASE_30DEDIC2011_1_SALUDO;KARAOKE;KARAOKE
143148;ASE_30DEDIC2011_1_SONIDO;KARAOKE;KARAOKE
143147;ASE_30DEDIC2011_2_SALUDO;KARAOKE;KARAOKE
143153;ASE_30DEDIC2011_2_SONIDO;KARAOKE;KARAOKE
143156;ASE_30DEDIC2011_3_SALUDO;KARAOKE;KARAOKE
143171;ASE_31DEDIC2011_1_SALUDO;KARAOKE;KARAOKE
143163;ASE_31DEDIC2011_1_SONIDO;KARAOKE;KARAOKE
143176;ASE_31DEDIC2011_2_SALUDO;KARAOKE;KARAOKE
143164;ASE_31DEDIC2011_2_SONIDO;KARAOKE;KARAOKE
143173;ASE_31DEDIC2011_3_SONIDO;KARAOKE;KARAOKE
143172;ASE_31DEDIC2011_4_SONIDO;KARAOKE;KARAOKE
146587;Atigrado de Corazon 1;Go Media;Chistes
146590;Atigrado de Corazon 2;Go Media;Chistes
145857;Atigrado de Corazon 2;Go Media;Chistes
141563;AVV_01DEDIC2011_1_SALUDO;KARAOKE;KARAOKE
141639;AVV_03DEDIC2011_1_SALUDO;KARAOKE;KARAOKE
104612;Amor De Los Dos En Vivo;Vicente Fernandez;Mama Te Quiero
113600;besos mojados;Wisin y Yandel;Reggaeton
133883;Bleeding Heart;Jimi Hendrix;Wisin y Yandel Regalo 2x1
104820;BOCA QUE GRANDE SOS;Altos cumbieros;A todo futbol con Tigo
104371;Buscar;la mancha de rolando;Latinas
104372;Calavera;la mancha de rolando;Latinas
102870;calentando me voy;David Bisal;Latinas
104332;Cara de Dengue V2;DJ;BICENTENARIO
126175;Invisible feat Luis Enrique and DJ Kane;A.B. Quintanilla;Mama Te Quiero
138309;Just Be ft Kristy Hawkshaw;Dj Tiesto;Electronicas
128956;Lady Opratel;Dj Mendez Opratel;Mi Pr 
Sun May 20 20:02:54 BOT 2012: Ajax->Mostrar Nombre Genero:  
Sun May 20 20:02:54 BOT 2012: Ajax->Mostrar Nombre Genero:  
Sun May 20 20:04:15 BOT 2012: Busqueda Inteligente: resultados >108760
Sun May 20 20:04:18 BOT 2012: Ajax-> Mostrar Comentarios> tono:103652 
Sun May 20 20:04:18 BOT 2012: Ajax->Mostrar Nombre Artista:  
Sun May 20 20:06:00 BOT 2012: Asignar backtone escuchado > Asi termino:127293,127291,127260,127258,127256,131758,140783,133698,144149,137972,147195,131721,147197,
Sun May 20 20:13:34 BOT 2012: ASYNC -> STATS> Tiempo respuesta 0.617346 seg.
Sun May 20 20:16:56 BOT 2012: Busqueda Inteligente: resultados >105999
Sun May 20 20:17:35 BOT 2012: Ajax->Mostrar Nombre Artista:  
Sun May 20 20:19:02 BOT 2012: Ajax-> Mostrar Comentarios> tono:130815 
Sun May 20 20:20:17 BOT 2012: Ajax-> Mostrar Megusta> tono:125 
Sun May 20 20:23:33 BOT 2012: Ajax->Mostrar Comentarios:  
Sun May 20 20:24:06 BOT 2012: Ajax->Mostrar Megusta:  
Sun May 20 20:25:33 BOT 2012: Ajax->Mostrar Nombre Artista:  
Sun May 20 20:38:20 BOT 2012: Mostrar Cantidad reproducciones: tono:103550 cantidad: 0
Sun May 20 20:39:56 BOT 2012: MTD_DB_BUSCAR_ARTISTAS > retornando registros:44
Sun May 20 20:40:26 BOT 2012: ELIMINAR_BACKTONE > Envio a ASYNC:77426055 tono:137283 Reason 6
Sun May 20 20:40:29 BOT 2012: Asignar backtone escuchado > Asi termino:112468,
Sun May 20 20:41:08 BOT 2012: Ajax-> Mostrar Ranking > tono:22 
Sun May 20 20:44:39 BOT 2012: Ajax-> Mostrar  Nombre Genero > tono:149 
Sun May 20 20:46:30 BOT 2012: Ajax-> Login Usuario msisdn: 76147525  pin: > Validar msisdn
Sun May 20 20:47:48 BOT 2012: ASYNC -> STATS> Tiempo respuesta 0.740467 seg.
Sun May 20 20:48:45 BOT 2012: Ajax->Mostrar Imagen Portada:  
Sun May 20 20:49:16 BOT 2012: Asignar backtone escuchado > Asi termino:130,112462,104121,104120,131645,129924,103328,102622,129927,133453,135674,133865,105248,133452,130364,103670,115884,113634,113632,113631,
Sun May 20 20:50:13 BOT 2012: ASYNC -> STATS> Tiempo respuesta 0.00261 seg.
Sun May 20 20:51:43 BOT 2012: ASYNC -> STATS> Tiempo respuesta 0.001889 seg.
Sun May 20 20:54:19 BOT 2012: Check Session > msisdn: 77424828 > Usuario Valido 
Sun May 20 20:55:26 BOT 2012: Ajax->Mostrar Comentarios:  
Sun May 20 20:57:35 BOT 2012: Asignar backtone escuchado > Asi termino:131721,147195,147197,105092,147530,105263,129675,109407,105547,132110,105546,105262,
Sun May 20 20:58:17 BOT 2012: Asignar backtone escuchado > Asi termino:149592,121513,138286,147530,138311,129675,132108,128612,128221,128220,141880,141881,240,448,124243,144150,144149,
Sun May 20 20:58:17 BOT 2012: Ajax->Mostrar Comentarios:  
Sun May 20 21:00:08 BOT 2012: ASYNC -> STATS> Tiempo respuesta 0.208216 seg.
Sun May 20 21:03:30 BOT 2012: Ajax->Mostrar Ranking:  
Sun May 20 21:03:42 BOT 2012: Busqueda Inteligente: 
Sun May 20 21:04:30 BOT 2012: Ajax-> Mostrar Ranking > tono:104299 
Sun May 20 21:13:55 BOT 2012: Ajax->Mostrar Imagen Portada:  
Sun May 20 21:19:02 BOT 2012: Ajax->Mostrar Megusta:  
Sun May 20 21:20:05 BOT 2012: Ajax->Mostrar Nombre Genero:  
Sun May 20 21:20:32 BOT 2012: Ajax->Mostrar Megusta:  
Sun May 20 21:23:18 BOT 2012: Consulta de precio de reason:3 - msisdn: tono:148115 Async responde:350
 
Sun May 20 21:23:45 BOT 2012: Ajax-> Mostrar Ranking > tono:118670 
Sun May 20 21:24:09 BOT 2012: Ajax->Mostrar Ranking:  
Sun May 20 21:24:27 BOT 2012: Mostrar Cantidad reproducciones: tono:103562 cantidad: 0
Sun May 20 21:24:33 BOT 2012: ASYNC -> STATS> Tiempo respuesta 0.004827 seg.
Sun May 20 21:26:42 BOT 2012: Ajax-> Mostrar Ranking > tono:142230 
Sun May 20 21:28:30 BOT 2012: Ajax-> Mostrar Ranking > tono:118670 
Sun May 20 21:34:10 BOT 2012: Ajax->Mostrar Ranking:  
Sun May 20 21:35:04 BOT 2012: Ajax-> Comprar Backtone: msisdn: 
Sun May 20 21:35:52 BOT 2012: Ajax->Mostrar Megusta:  
Sun May 20 21:38:32 BOT 2012: Ajax->Mostrar Nombre Genero:  
