Mon Oct 8 0:02:01 BOT 2012: Ajax-> Mostrar Comentarios> tono:118741 
Mon Oct 8 0:04:31 BOT 2012: Ajax->Mostrar Megusta:  
Mon Oct 8 0:08:17 BOT 2012: ASYNC -> STATS> Tiempo respuesta 0.003305 seg.
Mon Oct 8 0:08:23 BOT 2012: Ajax-> Mostrar  Imagen Portada> Album:albumes/album-default.jpg
Mon Oct 8 0:08:35 BOT 2012: Ajax-> Mostrar Ranking > tono:105270 
Mon Oct 8 0:09:56 BOT 2012: Ajax->Mostrar Comentarios:  
Mon Oct 8 0:10:35 BOT 2012: Ajax-> Mostrar  Imagen Portada> Album:Artista:  <a href='index.php?seccion=playlist&autor=689'>Pitbull</a>
Mon Oct 8 0:10:59 BOT 2012: Ajax->Mostrar Megusta:  
Mon Oct 8 0:11:11 BOT 2012: Ajax->Mostrar Megusta:  
Mon Oct 8 0:14:21 BOT 2012: Ajax-> Mostrar Ranking > tono:133718 
Mon Oct 8 0:18:39 BOT 2012: Ajax->Mostrar Nombre Artista:  
Mon Oct 8 0:20:04 BOT 2012: Asignar backtone escuchado > Asi termino:133736,123242,134687,150320,155510,134660,134683,106295,152504,133719,133718,131834,129531,129439,129437,129233,128616,128419,128418,128416,
Mon Oct 8 0:20:40 BOT 2012: Ajax-> Mostrar Ranking > tono:133736 
Mon Oct 8 0:27:41 BOT 2012: Busqueda Inteligente: resultados >104640
Mon Oct 8 0:36:39 BOT 2012: ASYNC -> STATS> Tiempo respuesta -0.165875 seg.
Mon Oct 8 0:38:15 BOT 2012: Mostrar Album: >albumes/album-default.jpg
Mon Oct 8 0:47:41 BOT 2012: Ajax->Mostrar Reproducciones:  
Mon Oct 8 0:48:59 BOT 2012: Ajax->Mostrar Nombre Artista:  
Mon Oct 8 0:56:51 BOT 2012: Ajax->Mostrar Nombre Artista:  
Mon Oct 8 1:06:17 BOT 2012: Ajax-> Mostrar  Imagen Portada> tono:104026 
Mon Oct 8 1:10:17 BOT 2012: Ajax-> Mostrar Ranking > tono:509 
Mon Oct 8 1:15:56 BOT 2012: Ajax-> Mostrar Ranking > tono:110495 
Mon Oct 8 1:17:59 BOT 2012: Busqueda Inteligente: resultados >106616
Mon Oct 8 1:35:53 BOT 2012: Asignar backtone escuchado > Asi termino:104024,132054,150044,152414,150024,150022,104252,104253,131823,156790,104663,150220,110214,364,103790,102630,104661,104200,102515,131616,
Mon Oct 8 1:38:18 BOT 2012: Session Start>  session por defecto 
Mon Oct 8 8:39:04 BOT 2012: Busqueda Inteligente: resultados >104128
Mon Oct 8 9:02:53 BOT 2012: Ajax-> Mostrar Comentarios> tono:104558 
Mon Oct 8 9:11:04 BOT 2012: Ajax->Mostrar Imagen Portada:  
Mon Oct 8 9:11:49 BOT 2012: Busqueda Inteligente: resultados >155442
Mon Oct 8 9:14:55 BOT 2012: Ajax->Mostrar Megusta:  
Mon Oct 8 9:19:29 BOT 2012: Ajax->Mostrar Imagen Portada:  
Mon Oct 8 9:25:09 BOT 2012: ASYNC -> STATS> Tiempo respuesta 0.003892 seg.
Mon Oct 8 9:25:12 BOT 2012: Ajax->Mostrar Ranking:  
Mon Oct 8 9:25:15 BOT 2012: ASYNC -> STATS> Tiempo respuesta -0.0094379999999999 seg.
Mon Oct 8 9:25:15 BOT 2012: Ajax->Mostrar Ranking:  
Mon Oct 8 9:30:16 BOT 2012: Asignar backtone escuchado > Asi termino:103430,
Mon Oct 8 9:31:40 BOT 2012: Check Session > msisdn: 76372660  token:7578c5414f4522a7c1c19b2f38d6e53a
Mon Oct 8 9:31:46 BOT 2012: Ajax->Mostrar Ranking:  
Mon Oct 8 9:33:11 BOT 2012: Ajax->Mostrar Comentarios:  
Mon Oct 8 9:37:35 BOT 2012: Check Session > msisdn: 78176711 > Usuario Valido 
Mon Oct 8 9:38:17 BOT 2012: LISTAR_MODO_ROTACION_BACTONES > usuario: 77810166  modo:5 
Mon Oct 8 9:41:21 BOT 2012: Asignar backtone escuchado > Asi termino:138309,137086,137972,152530,155680,
Mon Oct 8 9:42:33 BOT 2012: Busqueda Inteligente: resultados >109437
Mon Oct 8 9:43:18 BOT 2012: Retornando el siguiente resultado 
 <div><div id='contenedor-albumes'><div  id="contenedor-busqueda" style="height:35px;">
    <div class="contenedor-enlaces-busqueda"  >
        <a class="enlaces-busqueda" style="color:navy;"href='index.php?seccion=playlist&autor=223' >A Banda Sombra</a>
    </div>
</div>
<div  id="contenedor-busqueda" style="height:35px;">
    <div class="contenedor-enlaces-busqueda"  >
        <a class="enlaces-busqueda" style="color:navy;"href='index.php?seccion=playlist&autor=1273' >A.B. Quintanilla</a>
    </div>
</div>
<div  id="contenedor-busqueda" style="height:35px;">
    <div class="contenedor-enlaces-busqueda"  >
        <a class="enlaces-busqueda" style="color:navy;"href='index.php?seccion=playlist&autor=1349' >Abba Opratel</a>
    </div>
</div>
<div  id="contenedor-busqueda" style="height:35px;">
    <div class="contenedor-enlaces-busqueda"  >
        <a class="enlaces-busqueda" style="color:navy;"href='index.php?seccion=playlist&autor=532' >Abel Zavala</a>
    </div>
</div>
<div  id="contenedor-busqueda" style="height:35px;">
    <div class="contenedor-enlaces-busqueda"  >
        <a class="enlaces-busqueda" style="color:navy;"href='index.php?seccion=playlist&autor=362' >ACDC</a>
    </div>
</div>
<div  id="contenedor-busqueda" style="height:35px;">
    <div class="contenedor-enlaces-busqueda"  >
        <a class="enlaces-busqueda" style="color:navy;"href='index.php?seccion=playlist&autor=1610' >Adele</a>
    </div>
</div>
<div  id="contenedor-busqueda" style="height:35px;">
    <div class="contenedor-enlaces-busqueda"  >
        <a class="enlaces-busqueda" style="color:navy;"href='index.php?seccion=playlist&autor=1306' >Aerosmith</a>
    </div>
</div>
<div  id="contenedor-busqueda" style="height:35px;">
    <div class="contenedor-enlaces-busqueda"  >
        <a class="enlaces-busqueda" style="color:navy;"href='index.php?seccion=playlist&autor=1392' >Agente 86</a>
    </div>
</div>
<div  id="contenedor-busqueda" style="height:35px;">
    <div class="contenedor-enlaces-busqueda"  >
        <a class="enlaces-busqueda" style="color:navy;"href='index.php?seccion=playlist&autor=137' >Agrupacion marilyn</a>
    </div>
</div>
<div  id="contenedor-busqueda" style="height:35px;">
    <div class="contenedor-enlaces-busqueda"  >
        <a class="enlaces-busqueda" style="color:navy;"href='index.php?seccion=playlist&autor=171' >Agrupacion marylin</a>
    </div>
</div>
<div  id="contenedor-busqueda" style="height:35px;">
    <div class="contenedor-enlaces-busqueda"  >
        <a class="enlaces-busqueda" style="color:navy;"href='index.php?seccion=playlist&autor=1628' >Agua Marina</a>
    </div>
</div>
<div  id="contenedor-busqueda" style="height:35px;">
    <div class="contenedor-enlaces-busqueda"  >
        <a class="enlaces-busqueda" style="color:navy;"href='index.php?seccion=playlist&autor=452' >Aguirre</a>
    </div>
</div>
<div  id="contenedor-busqueda" style="height:35px;">
    <div class="contenedor-enlaces-busqueda"  >
        <a class="enlaces-busqueda" style="color:navy;"href='index.php?seccion=playlist&autor=784' >Air Supply</a>
    </div>
</div>
<div  id="contenedor-busqueda" style="height:35px;">
    <div class="contenedor-enlaces-busqueda"  >
        <a class="enlaces-busqueda" style="color:navy;"href='index.php?seccion=playlist&autor=745' >Akerman</a>
    </div>
</div>
<div  id="contenedor-busqueda" style="height:35px;">
    <div class="contenedor-enlaces-busqueda"  >
        <a class="enlaces-busqueda" style="color:navy;"href='index.php?seccion=playlist&autor=1125' >Akon</a>
    </div>
</div>
<div  id="contenedor-busqueda" style="height:35px;">
    <div class="contenedor-enlaces-busqueda"  >
        <a class="enlaces-busqueda" style="color:navy;"href='index.php?seccion=playlist&autor=591' >Akwid</a>
    </div>
</div>
<div  id="contenedor-busqueda" style="height:35px;">
    <div class="contenedor-enlaces-busqueda"  >
        <a class="enlaces-busqueda" style="color:navy;"href='index.php?seccion=playlist&autor=1403' >Al fondo hay sitio Opratel</a>
    </div>
</div>
<div  id="contenedor-busqueda" style="height:35px;">
    <div class="contenedor-enlaces-busqueda"  >
        <a class="enlaces-busqueda" style="color:navy;"href='index.php?seccion=playlist&autor=1161' >Alberto Plaza</a>
    </div>
</div>
<div  id="contenedor-busqueda" style="height:35px;">
    <div class="contenedor-enlaces-busqueda"  >
        <a class="enlaces-busqueda" style="color:navy;"href='index.php?seccion=playlist&autor=345' >Alcides Pena</a>
    </div>
</div>
<div  id="contenedor-busqueda" style="height:35px;">
    <div class="contenedor-enlaces-busqueda"  >
        <a class="enlaces-busqueda" style="color:navy;"href='index.php?seccion=playlist&autor=1120' >ALdo Peña</a>
    </div>
</div>
<div  id="contenedor-busqueda" style="height:35px;">
    <div class="contenedor-enlaces-busqueda"  >
        <a class="enlaces-busqueda" style="color:navy;"href='index.php?seccion=playlist&autor=545' >Aldo Penha</a>
    </div>
</div>
<div  id="contenedor-busqueda" style="height:35px;">
    <div class="contenedor-enlaces-busqueda"  >
        <a class="enlaces-busqueda" style="color:navy;"href='index.php?seccion=playlist&autor=550' >Alejandra Guzman</a>
    </div>
</div>
<div  id="contenedor-busqueda" style="height:35px;">
    <div class="contenedor-enlaces-busqueda"  >
        <a class="enlaces-busqueda" style="color:navy;"href='index.php?seccion=playlist&autor=50' >Alejandro Fernandez</a>
    </div>
</div>
<div  id="contenedor-busqueda" style="height:35px;">
    <div class="contenedor-enlaces-busqueda"  >
        <a class="enlaces-busqueda" style="color:navy;"href='index.php?seccion=playlist&autor=1379' >Alejandro Fernandez Opratel..</a>
    </div>
</div>
<div  id="contenedor-busqueda" style="height:35px;">
    <div class="contenedor-enlaces-busqueda"  >
        <a class="enlaces-busqueda" style="color:navy;"href='index.php?seccion=playlist&autor=308' >Alejandro Gomez</a>
    </div>
</div>
<div  id="contenedor-busqueda" style="height:35px;">
    <div class="contenedor-enlaces-busqueda"  >
        <a class="enlaces-busqueda" style="color:navy;"href='index.php?seccion=playlist&autor=228' >Alejandro Sanz</a>
    </div>
</div>
<div  id="contenedor-busqueda" style="height:35px;">
    <div class="contenedor-enlaces-busqueda"  >
        <a class="enlaces-busqueda" style="color:navy;"href='index.php?seccion=playlist&autor=757' >Alejandro Sanz feat. Alicia..</a>
    </div>
</div>
<div  id="contenedor-busqueda" style="height:35px;">
    <div class="contenedor-enlaces-busqueda"  >
        <a class="enlaces-busqueda" style="color:navy;"href='index.php?seccion=playlist&autor=421' >Alex Campos</a>
    </div>
</div>
<div  id="contenedor-busqueda" style="height:35px;">
    <div class="contenedor-enlaces-busqueda"  >
        <a class="enlaces-busqueda" style="color:navy;"href='index.php?seccion=playlist&autor=427' >Alex metic</a>
    </div>
</div>
<div  id="contenedor-busqueda" style="height:35px;">
    <div class="contenedor-enlaces-busqueda"  >
        <a class="enlaces-busqueda" style="color:navy;"href='index.php?seccion=playlist&autor=523' >Alexandre Pires</a>
    </div>
</div>
<div  id="contenedor-busqueda" style="height:35px;">
    <div class="contenedor-enlaces-busqueda"  >
        <a class="enlaces-busqueda" style="color:navy;"href='index.php?seccion=playlist&autor=1175' >Alexis Fido</a>
    </div>
</div>
<div  id="contenedor-busqueda" style="height:35px;">
    <div class="contenedor-enlaces-busqueda"  >
        <a class="enlaces-busqueda" style="color:navy;"href='index.php?seccion=playlist&autor=1278' >Alianza Nueva</a>
    </div>
</div>
<div  id="contenedor-busqueda" style="height:35px;">
    <div class="contenedor-enlaces-busqueda"  >
        <a class="enlaces-busqueda" style="color:navy;"href='index.php?seccion=playlist&autor=563' >Alicia Keys</a>
    </div>
</div>
<div  id="contenedor-busqueda" style="height:35px;">
    <div class="contenedor-enlaces-busqueda"  >
        <a class="enlaces-busqueda" style="color:navy;"href='index.php?seccion=playlist&autor=333' >Alicia villareal</a>
    </div>
</div>
<div  id="contenedor-busqueda" style="height:35px;">
    <div class="contenedor-enlaces-busqueda"  >
        <a class="enlaces-busqueda" style="color:navy;"href='index.php?seccion=playlist&autor=103' >Alien ant Farm</a>
    </div>
</div>
<div  id="contenedor-busqueda" style="height:35px;">
    <div class="contenedor-enlaces-busqueda"  >
        <a class="enlaces-busqueda" style="color:navy;"href='index.php?seccion=playlist&autor=354' >Alma Fuerte</a>
    </div>
</div>
</div><!-- CONTENEDOR !-->
                                </div><!-- ITEMS !-->
                                <div><!-- ITEMS 37 !-->
                                <div id='contenedor-albumes'><div  id="contenedor-busqueda" style="height:35px;">
    <div class="contenedor-enlaces-busqueda"  >
        <a class="enlaces-busqueda" style="color:navy;"href='index.php?seccion=playlist&autor=138' >Altos cumbieros</a>
    </div>
</div>
<div  id="contenedor-busqueda" style="height:35px;">
    <div class="contenedor-enlaces-busqueda"  >
        <a class="enlaces-busqueda" style="color:navy;"href='index.php?seccion=playlist&autor=652' >Amaia Montero</a>
    </div>
</div>
<div  id="contenedor-busqueda" style="height:35px;">
    <div class="contenedor-enlaces-busqueda"  >
        <a class="enlaces-busqueda" style="color:navy;"href='index.php?seccion=playlist&autor=363' >Amandititita</a>
    </div>
</div>
<div  id="contenedor-busqueda" style="height:35px;">
    <div class="contenedor-enlaces-busqueda"  >
        <a class="enlaces-busqueda" style="color:navy;"href='index.php?seccion=playlist&autor=229' >Amaral</a>
    </div>
</div>
<div  id="contenedor-busqueda" style="height:35px;">
    <div class="contenedor-enlaces-busqueda"  >
        <a class="enlaces-busqueda" style="color:navy;"href='index.php?seccion=playlist&autor=428' >AmeDixon</a>
    </div>
</div>
<div  id="contenedor-busqueda" style="height:35px;">
    <div class="contenedor-enlaces-busqueda"  >
        <a class="enlaces-busqueda" style="color:navy;"href='index.php?seccion=playlist&autor=1438' >Americo</a>
    </div>
</div>
<div  id="contenedor-busqueda" style="height:35px;">
    <div class="contenedor-enlaces-busqueda"  >
        <a class="enlaces-busqueda" style="color:navy;"href='index.php?seccion=playlist&autor=605' >Amistad</a>
    </div>
</div>
<div  id="contenedor-busqueda" style="height:35px;">
    <div class="contenedor-enlaces-busqueda"  >
        <a class="enlaces-busqueda" style="color:navy;"href='index.php?seccion=playlist&autor=283' >Amy Winehouse</a>
    </div>
</div>
<div  id="contenedor-busqueda" style="height:35px;">
    <div class="contenedor-enlaces-busqueda"  >
        <a class="enlaces-busqueda" style="color:navy;"href='index.php?seccion=playlist&autor=551' >Ana Gabriel</a>
    </div>
</div>
<div  id="contenedor-busqueda" style="height:35px;">
    <div class="contenedor-enlaces-busqueda"  >
        <a class="enlaces-busqueda" style="color:navy;"href='index.php?seccion=playlist&autor=1634' >Anahi</a>
    </div>
</div>
<div  id="contenedor-busqueda" style="height:35px;">
    <div class="contenedor-enlaces-busqueda"  >
        <a class="enlaces-busqueda" style="color:navy;"href='index.php?seccion=playlist&autor=299' >Anderson Gonzaga</a>
    </div>
</div>
<div  id="contenedor-busqueda" style="height:35px;">
    <div class="contenedor-enlaces-busqueda"  >
        <a class="enlaces-busqueda" style="color:navy;"href='index.php?seccion=playlist&autor=766' >Andres Barba</a>
    </div>
</div>
<div  id="contenedor-busqueda" style="height:35px;">
    <div class="contenedor-enlaces-busqueda"  >
        <a class="enlaces-busqueda" style="color:navy;"href='index.php?seccion=playlist&autor=1324' >Andres Cepeda Opratel</a>
    </div>
</div>
<div  id="contenedor-busqueda" style="height:35px;">
    <div class="contenedor-enlaces-busqueda"  >
        <a class="enlaces-busqueda" style="color:navy;"href='index.php?seccion=playlist&autor=743' >Andy Aguilera</a>
    </div>
</div>
<div  id="contenedor-busqueda" style="height:35px;">
    <div class="contenedor-enlaces-busqueda"  >
        <a class="enlaces-busqueda" style="color:navy;"href='index.php?seccion=playlist&autor=56' >Andy boy vitico</a>
    </div>
</div>
<div  id="contenedor-busqueda" style="height:35px;">
    <div class="contenedor-enlaces-busqueda"  >
        <a class="enlaces-busqueda" style="color:navy;"href='index.php?seccion=playlist&autor=47' >Angel y Khriz</a>
    </div>
</div>
<div  id="contenedor-busqueda" style="height:35px;">
    <div class="contenedor-enlaces-busqueda"  >
        <a class="enlaces-busqueda" style="color:navy;"href='index.php?seccion=playlist&autor=1141' >Angela</a>
    </div>
</div>
<div  id="contenedor-busqueda" style="height:35px;">
    <div class="contenedor-enlaces-busqueda"  >
        <a class="enlaces-busqueda" style="color:navy;"href='index.php?seccion=playlist&autor=667' >Animal de Ciudad</a>
    </div>
</div>
<div  id="contenedor-busqueda" style="height:35px;">
    <div class="contenedor-enlaces-busqueda"  >
        <a class="enlaces-busqueda" style="color:navy;"href='index.php?seccion=playlist&autor=736' >Anio cero</a>
    </div>
</div>
<div  id="contenedor-busqueda" style="height:35px;">
    <div class="contenedor-enlaces-busqueda"  >
        <a class="enlaces-busqueda" style="color:navy;"href='index.php?seccion=playlist&autor=278' >Anonimo</a>
    </div>
</div>
<div  id="contenedor-busqueda" style="height:35px;">
    <div class="contenedor-enlaces-busqueda"  >
        <a class="enlaces-busqueda" style="color:navy;"href='index.php?seccion=playlist&autor=256' >Antologia</a>
    </div>
</div>
<div  id="contenedor-busqueda" style="height:35px;">
    <div class="contenedor-enlaces-busqueda"  >
        <a class="enlaces-busqueda" style="color:navy;"href='index.php?seccion=playlist&autor=1440' >Antonio Carmona</a>
    </div>
</div>
<div  id="contenedor-busqueda" style="height:35px;">
    <div class="contenedor-enlaces-busqueda"  >
        <a class="enlaces-busqueda" style="color:navy;"href='index.php?seccion=playlist&autor=1623' >Antonio Orozco</a>
    </div>
</div>
<div  id="contenedor-busqueda" style="height:35px;">
    <div class="contenedor-enlaces-busqueda"  >
        <a class="enlaces-busqueda" style="color:navy;"href='index.php?seccion=playlist&autor=1678' >Antonio Rios</a>
    </div>
</div>
<div  id="contenedor-busqueda" style="height:35px;">
    <div class="contenedor-enlaces-busqueda"  >
        <a class="enlaces-busqueda" style="color:navy;"href='index.php?seccion=playlist&autor=274' >Antony</a>
    </div>
</div>
<div  id="contenedor-busqueda" style="height:35px;">
    <div class="contenedor-enlaces-busqueda"  >
        <a class="enlaces-busqueda" style="color:navy;"href='index.php?seccion=playlist&autor=583' >arbol</a>
    </div>
</div>
<div  id="contenedor-busqueda" style="height:35px;">
    <div class="contenedor-enlaces-busqueda"  >
        <a class="enlaces-busqueda" style="color:navy;"href='index.php?seccion=playlist&autor=80' >Ashlee Simpson</a>
    </div>
</div>
<div  id="contenedor-busqueda" style="height:35px;">
    <div class="contenedor-enlaces-busqueda"  >
        <a class="enlaces-busqueda" style="color:navy;"href='index.php?seccion=playlist&autor=538' >Aspirante</a>
    </div>
</div>
<div  id="contenedor-busqueda" style="height:35px;">
    <div class="contenedor-enlaces-busqueda"  >
        <a class="enlaces-busqueda" style="color:navy;"href='index.php?seccion=playlist&autor=601' >astroboy</a>
    </div>
</div>
<div  id="contenedor-busqueda" style="height:35px;">
    <div class="contenedor-enlaces-busqueda"  >
        <a class="enlaces-busqueda" style="color:navy;"href='index.php?seccion=playlist&autor=343' >Asuncion Blues</a>
    </div>
</div>
<div  id="contenedor-busqueda" style="height:35px;">
    <div class="contenedor-enlaces-busqueda"  >
        <a class="enlaces-busqueda" style="color:navy;"href='index.php?seccion=playlist&autor=128' >Ataque77</a>
    </div>
</div>
<div  id="contenedor-busqueda" style="height:35px;">
    <div class="contenedor-enlaces-busqueda"  >
        <a class="enlaces-busqueda" style="color:navy;"href='index.php?seccion=playlist&autor=429' >ATFC</a>
    </div>
</div>
<div  id="contenedor-busqueda" style="height:35px;">
    <div class="contenedor-enlaces-busqueda"  >
        <a class="enlaces-busqueda" style="color:navy;"href='index.php?seccion=playlist&autor=1' >Audio Bullys</a>
    </div>
</div>
<div  id="contenedor-busqueda" style="height:35px;">
    <div class="contenedor-enlaces-busqueda"  >
        <a class="enlaces-busqueda" style="color:navy;"href='index.php?seccion=playlist&autor=320' >Autenticos decadentes</a>
    </div>
</div>
<div  id="contenedor-busqueda" style="height:35px;">
    <div class="contenedor-enlaces-busqueda"  >
        <a class="enlaces-busqueda" style="color:navy;"href='index.php?seccion=playlist&autor=184' >Autonomia</a>
    </div>
</div>
<div  id="contenedor-busqueda" style="height:35px;">
    <div class="contenedor-enlaces-busqueda"  >
        <a class="enlaces-busqueda" style="color:navy;"href='index.php?seccion=playlist&autor=1488' >AVE</a>
    </div>
</div>
</div><!-- CONTENEDOR !-->
                                </div><!-- ITEMS !-->
                                <div><!-- ITEMS 73 !-->
                                <div id='contenedor-albumes'><div  id="contenedor-busqueda" style="height:35px;">
    <div class="contenedor-enlaces-busqueda"  >
        <a class="enlaces-busqueda" style="color:navy;"href='index.php?seccion=playlist&autor=141' >Aventura</a>
    </div>
</div>
<div  id="contenedor-busqueda" style="height:35px;">
    <div class="contenedor-enlaces-busqueda"  >
        <a class="enlaces-busqueda" style="color:navy;"href='index.php?seccion=playlist&autor=76' >Avril Lavigne</a>
    </div>
</div>
<div  id="contenedor-busqueda" style="height:35px;">
    <div class="contenedor-enlaces-busqueda"  >
        <a class="enlaces-busqueda" style="color:navy;"href='index.php?seccion=playlist&autor=86' >Axel</a>
    </div>
</div>
<div  id="contenedor-busqueda" style="height:35px;">
    <div class="contenedor-enlaces-busqueda"  >
        <a class="enlaces-busqueda" style="color:navy;"href='index.php?seccion=playlist&autor=107' >Axwell</a>
    </div>
</div>
<div  id="contenedor-busqueda" style="height:35px;">
    <div class="contenedor-enlaces-busqueda"  >
        <a class="enlaces-busqueda" style="color:navy;"href='index.php?seccion=playlist&autor=161' >Azul azul</a>
    </div>
</div>
</div></div>
Mon Oct 8 9:49:34 BOT 2012: Ajax->Mostrar Megusta:  
Mon Oct 8 9:53:46 BOT 2012: Mostrar Cantidad reproducciones: tono:155680 cantidad: 0
Mon Oct 8 9:59:08 BOT 2012: Ajax-> Mostrar Ranking > tono:156792 
Mon Oct 8 9:59:59 BOT 2012: Ajax->Mostrar Nombre Genero:  
Mon Oct 8 10:02:21 BOT 2012: Ajax->Mostrar Imagen Portada:  
Mon Oct 8 10:07:15 BOT 2012: ASYNC -> STATS> Tiempo respuesta -0.004073 seg.
Mon Oct 8 10:08:13 BOT 2012: Mostrar Cantidad reproducciones: tono:103469 cantidad: 0
Mon Oct 8 10:08:19 BOT 2012: Mostrar Ranking: tono:103469 calificacion: 5
Mon Oct 8 10:08:19 BOT 2012: Ajax->Mostrar Ranking:  
Mon Oct 8 10:09:37 BOT 2012: Consulta de precio de reason:2 - msisdn: tono:105283 Async responde:350
 
Mon Oct 8 10:09:37 BOT 2012: ASYNC -> STATS> Tiempo respuesta -0.192069 seg.
Mon Oct 8 10:09:40 BOT 2012: Consulta de precio de reason:10 - msisdn: tono:112702 Async responde:350
 
Mon Oct 8 10:11:34 BOT 2012: Ajax-> Mostrar Ranking > tono:103627 
Mon Oct 8 10:11:49 BOT 2012: Error al consultar precio de renovacion - msisdn: tono:104787 - Async responde -3
Mon Oct 8 10:12:49 BOT 2012: Ajax-> Mostrar Ranking > tono:156792 
Mon Oct 8 10:13:19 BOT 2012: Consulta de precio de reason:3 - msisdn: tono:103239 Async responde:350
 
Mon Oct 8 10:13:35 BOT 2012: Mostrar Album: >albumes/album-default.jpg
Mon Oct 8 10:13:47 BOT 2012: Ajax->Mostrar Nombre Genero:  
Mon Oct 8 10:17:23 BOT 2012: Ajax-> Mostrar  Imagen Portada> tono:106364 
Mon Oct 8 10:18:11 BOT 2012: ASYNC -> STATS> Tiempo respuesta 0.005259 seg.
Mon Oct 8 10:18:14 BOT 2012: Busqueda Inteligente: resultados >104930
Mon Oct 8 10:24:15 BOT 2012: ASYNC -> STATS> Tiempo respuesta 0.0010290000000001 seg.
Mon Oct 8 10:24:15 BOT 2012: ASYNC -> STATS> Tiempo respuesta 0.37491 seg.
Mon Oct 8 10:24:18 BOT 2012: Consulta de precio de reason:10 - msisdn: tono:104680 Async responde:350
 
Mon Oct 8 10:25:40 BOT 2012: Ajax-> Mostrar Ranking > tono:103466 
Mon Oct 8 10:26:34 BOT 2012: Ajax-> Mostrar Ranking > tono:102595 
Mon Oct 8 10:29:34 BOT 2012: Mostrar Genero: >G&eacute;nero:  <a href='index.php?seccion=playlist&genero=155'>Romanticas</a>
Mon Oct 8 10:30:01 BOT 2012: ASYNC -> STATS> Tiempo respuesta 0.473149 seg.
Mon Oct 8 10:30:07 BOT 2012: ASYNC -> STATS> Tiempo respuesta 0.004969 seg.
Mon Oct 8 10:30:13 BOT 2012: ASYNC -> STATS> Tiempo respuesta 0.029787 seg.
Mon Oct 8 10:30:13 BOT 2012: ASYNC -> STATS> Tiempo respuesta 0.008949 seg.
Mon Oct 8 10:30:16 BOT 2012: ASYNC -> STATS> Tiempo respuesta 0.00012000000000001 seg.
Mon Oct 8 10:30:16 BOT 2012: ASYNC -> STATS> Tiempo respuesta 0.529281 seg.
Mon Oct 8 10:30:19 BOT 2012: Consulta de precio de reason:2 - msisdn:77996999 tono:109243 Async responde:350
 
Mon Oct 8 10:31:59 BOT 2012: session-default => asignando por default session
Mon Oct 8 10:33:59 BOT 2012: Session Start>  session por defecto 
Mon Oct 8 10:34:59 BOT 2012: Mostrar Album: >Artista:  <a href='index.php?seccion=playlist&autor=591'>Akwid</a>
Mon Oct 8 10:39:03 BOT 2012: Session Start>  session por defecto 
Mon Oct 8 10:40:33 BOT 2012: Ajax-> Mostrar  Imagen Portada> tono:121497 
Mon Oct 8 10:43:43 BOT 2012: Ajax->Mostrar Nombre Artista:  
Mon Oct 8 10:47:19 BOT 2012: Busqueda Inteligente: resultados >145184
Mon Oct 8 10:49:02 BOT 2012: Busqueda Inteligente: resultados >140967
Mon Oct 8 10:51:17 BOT 2012: Asignar backtone escuchado > Asi termino:156792,149592,103713,104465,103712,141880,141881,
Mon Oct 8 10:52:14 BOT 2012: Ajax->Mostrar Imagen Portada:  
Mon Oct 8 10:54:39 BOT 2012:  R: -5
Mon Oct 8 10:55:12 BOT 2012: ASYNC -> STATS> Tiempo respuesta 0.002468 seg.
Mon Oct 8 10:57:27 BOT 2012: ASYNC -> STATS> Tiempo respuesta 0.0025649999999999 seg.
Mon Oct 8 10:58:27 BOT 2012: Ajax-> Mostrar  Imagen Portada> tono:104747 
Mon Oct 8 11:00:58 BOT 2012: Ajax-> Mostrar  Imagen Portada> tono:109238 
Mon Oct 8 11:01:10 BOT 2012: Ajax->Mostrar Comentarios:  
Mon Oct 8 11:01:58 BOT 2012: Ajax->Mostrar Nombre Genero:  
Mon Oct 8 11:02:22 BOT 2012: Ajax-> Mostrar Comentarios> tono:109324 
Mon Oct 8 11:04:46 BOT 2012: Ajax-> Mostrar  Genero > G&eacute;nero:  <a href='index.php?seccion=playlist&genero=208'>Heavy Metal</a>
Mon Oct 8 11:05:44 BOT 2012: Ajax->Mostrar Megusta:  
Mon Oct 8 11:05:59 BOT 2012: Ajax-> Descargar Backtone: msisdn:77996999 
Mon Oct 8 11:06:20 BOT 2012: Ajax->Mostrar Ranking:  
Mon Oct 8 11:06:44 BOT 2012: Ajax-> Mostrar Ranking > tono:149528 
Mon Oct 8 11:08:20 BOT 2012: Ajax->Mostrar Nombre Artista:  
Mon Oct 8 11:11:48 BOT 2012: Consulta de precio de reason:5 - msisdn:77996999 tono:442 Async responde:350
 
Mon Oct 8 11:13:24 BOT 2012: Ajax->Mostrar Ranking:  
Mon Oct 8 11:13:33 BOT 2012: Ajax->Mostrar Ranking:  
Mon Oct 8 11:14:06 BOT 2012: Ajax-> Mostrar  Nombre Artista > tono:102630 
Mon Oct 8 11:14:24 BOT 2012: Error al consultar precio de renovacion - msisdn: tono:103469 - Async responde -3
Mon Oct 8 11:16:49 BOT 2012: Asignar backtone escuchado > Asi termino:592,177,126146,123010,104532,105545,305,104196,109323,124041,455,454,18,257,105073,103037,150126,102699,104809,105087,
Mon Oct 8 11:16:58 BOT 2012: Consulta de precio de reason:2 - msisdn:76330121 tono:126154 Async responde:350
 
Mon Oct 8 11:16:58 BOT 2012: ASYNC -> STATS> Tiempo respuesta -0.018018 seg.
Mon Oct 8 11:17:49 BOT 2012: Ajax-> Mostrar Ranking > tono:104024 
Mon Oct 8 11:18:28 BOT 2012: Ajax->Mostrar Imagen Portada:  
Mon Oct 8 11:18:34 BOT 2012: Consulta de precio de reason:2 - msisdn:76330121 tono:112702 Async responde:350
 
Mon Oct 8 11:18:34 BOT 2012: Asignar backtone escuchado > Asi termino:156794,
Mon Oct 8 11:20:28 BOT 2012: Ajax-> Mostrar  Nombre Artista > tono:144686 
Mon Oct 8 11:22:32 BOT 2012: ASYNC -> STATS> Tiempo respuesta -0.184888 seg.
Mon Oct 8 11:23:08 BOT 2012: Mostrar Megusta> tono: 4 msisdn: > 001
Mon Oct 8 11:25:26 BOT 2012: Ajax->Mostrar Nombre Artista:  
Mon Oct 8 11:26:05 BOT 2012: Mostrar Cantidad reproducciones: tono:131625 cantidad: 0
Mon Oct 8 11:30:03 BOT 2012: Ajax-> Mostrar Megusta> tono:156794 
Mon Oct 8 11:30:33 BOT 2012: Ajax->Mostrar Reproducciones:  
Mon Oct 8 11:32:00 BOT 2012: Ajax->Mostrar Ranking:  
Mon Oct 8 11:33:58 BOT 2012: Mostrar Megusta > tono: 132462 msisdn:76257111 > cantidad de registros: 0
Mon Oct 8 11:36:43 BOT 2012: Ajax->Mostrar Reproducciones:  
Mon Oct 8 11:37:16 BOT 2012: Ajax->Mostrar Nombre Artista:  
Mon Oct 8 12:13:23 BOT 2012: Ajax-> Mostrar Megusta> tono:366 
Mon Oct 8 12:13:23 BOT 2012: Ajax->Mostrar Ranking:  
Mon Oct 8 12:14:05 BOT 2012: Ajax-> Mostrar Megusta> tono:104503 
Mon Oct 8 12:19:06 BOT 2012: Ajax-> Mostrar Ranking > tono:104395 
Mon Oct 8 12:19:15 BOT 2012: Ajax->Mostrar Comentarios:  
Mon Oct 8 12:19:21 BOT 2012: Ajax-> Mostrar  Nombre Artista > tono:110206 
Mon Oct 8 12:19:24 BOT 2012: Ajax->Mostrar Nombre Artista:  
Mon Oct 8 12:19:39 BOT 2012: Mostrar Ranking: tono:105001 calificacion: 
Mon Oct 8 12:19:51 BOT 2012: ASYNC -> STATS> Tiempo respuesta 0.272866 seg.
Mon Oct 8 12:19:51 BOT 2012: Ajax->Mostrar Comentarios:  
Mon Oct 8 12:19:54 BOT 2012: ASYNC -> STATS> Tiempo respuesta 0.066074 seg.
Mon Oct 8 12:20:00 BOT 2012: ASYNC -> STATS> Tiempo respuesta 0.410985 seg.
Mon Oct 8 12:20:03 BOT 2012: Ajax->Mostrar Reproducciones:  
Mon Oct 8 12:20:12 BOT 2012: Ajax->Mostrar Ranking:  
Mon Oct 8 12:28:14 BOT 2012: ASYNC -> STATS> Tiempo respuesta -0.028292 seg.
Mon Oct 8 12:28:50 BOT 2012: Mostrar Album: >Artista:  <a href='index.php?seccion=playlist&autor=1147'>MTV</a>
Mon Oct 8 12:29:05 BOT 2012: Ajax->Mostrar Comentarios:  
Mon Oct 8 12:29:29 BOT 2012: Mostrar Megusta> tono: 127855 msisdn: > a otros 2  les gusta 
Mon Oct 8 12:29:35 BOT 2012: Ajax->Mostrar Ranking:  
Mon Oct 8 12:33:29 BOT 2012: ASYNC -> STATS> Tiempo respuesta -0.005161 seg.
Mon Oct 8 12:33:53 BOT 2012: Ajax->Mostrar Imagen Portada:  
Mon Oct 8 12:36:39 BOT 2012: Ajax->Mostrar Nombre Artista:  
Mon Oct 8 12:37:24 BOT 2012: Ajax->Mostrar Reproducciones:  
Mon Oct 8 12:39:12 BOT 2012: Ajax->Mostrar Ranking:  
Mon Oct 8 12:39:15 BOT 2012: ASYNC -> STATS> Tiempo respuesta -0.020518 seg.
Mon Oct 8 12:40:01 BOT 2012: Busqueda Inteligente: resultados >127440
Mon Oct 8 12:40:04 BOT 2012: Ajax->Mostrar Nombre Artista:  
Mon Oct 8 12:41:25 BOT 2012: Ajax-> Mostrar  Nombre Artista > tono:553 
Mon Oct 8 12:43:31 BOT 2012: Consulta de precio de reason:2 - msisdn: tono:106286 Async responde:350
 
Mon Oct 8 12:44:07 BOT 2012: Ajax->Mostrar Megusta:  
Mon Oct 8 12:45:04 BOT 2012: Ajax->Mostrar Ranking:  
Mon Oct 8 12:49:26 BOT 2012: Ajax-> Mostrar Ranking > tono:105361 
Mon Oct 8 12:51:12 BOT 2012: Ajax->Mostrar Nombre Artista:  
Mon Oct 8 12:53:24 BOT 2012: Ajax->Mostrar Nombre Artista:  
Mon Oct 8 12:54:24 BOT 2012: Check Session > msisdn: 75479853 > Usuario Valido 
Mon Oct 8 12:57:01 BOT 2012: Ajax-> Mostrar  Nombre Artista > tono:103210 
Mon Oct 8 12:59:52 BOT 2012: ASYNC -> STATS> Tiempo respuesta 0.001475 seg.
Mon Oct 8 13:00:04 BOT 2012: Ajax->Mostrar Megusta:  
Mon Oct 8 13:02:31 BOT 2012: Ajax->Mostrar Nombre Artista:  
Mon Oct 8 13:03:50 BOT 2012: Ajax->Mostrar Nombre Genero:  
Mon Oct 8 13:05:50 BOT 2012: Ajax->Mostrar Ranking:  
Mon Oct 8 13:08:45 BOT 2012: Ajax->Mostrar Megusta:  
Mon Oct 8 13:08:54 BOT 2012: Ajax->Mostrar Megusta:  
Mon Oct 8 13:10:09 BOT 2012: Ajax-> Mostrar Ranking > tono:104253 
Mon Oct 8 13:11:06 BOT 2012: Ajax-> Mostrar Megusta> tono:102630 
Mon Oct 8 13:11:45 BOT 2012: Ajax->Mostrar Reproducciones:  
Mon Oct 8 13:14:16 BOT 2012: Consulta de precio de reason:3 - msisdn: tono:155436 Async responde:350
 
Mon Oct 8 13:15:25 BOT 2012: Ajax->Mostrar Megusta:  
Mon Oct 8 13:17:49 BOT 2012: ASYNC -> STATS> Tiempo respuesta 0.005093 seg.
Mon Oct 8 13:22:41 BOT 2012: Ajax->Mostrar Reproducciones:  
Mon Oct 8 13:25:20 BOT 2012: ASYNC -> STATS> Tiempo respuesta 0.002171 seg.
Mon Oct 8 13:25:32 BOT 2012: Ajax->Mostrar Comentarios:  
Mon Oct 8 13:27:12 BOT 2012: Ajax->Mostrar Comentarios:  
Mon Oct 8 13:27:15 BOT 2012: ASYNC -> STATS> Tiempo respuesta -0.223295 seg.
Mon Oct 8 13:27:27 BOT 2012: Ajax-> Mostrar  Nombre Artista > tono:104234 
Mon Oct 8 13:27:33 BOT 2012: ASYNC -> STATS> Tiempo respuesta 0.004635 seg.
Mon Oct 8 13:27:39 BOT 2012: Ajax->Mostrar Ranking:  
Mon Oct 8 13:28:21 BOT 2012: Ajax-> Mostrar Comentarios> tono:155432 
Mon Oct 8 13:29:00 BOT 2012: Busqueda Inteligente: New Bolivia band
Mon Oct 8 13:29:27 BOT 2012: Ajax->Mostrar Imagen Portada:  
Mon Oct 8 13:30:48 BOT 2012: Ajax-> Mostrar Ranking > tono:386 
Mon Oct 8 13:31:00 BOT 2012: Asignar backtone escuchado > Asi termino:109410,109412,104814,104813,104812,104807,105041,104806,104805,124975,134018,104792,104790,104789,104788,104787,104794,104815,109237,104268,
Mon Oct 8 13:31:00 BOT 2012: Ajax->Mostrar Reproducciones:  
Mon Oct 8 13:36:25 BOT 2012: Ajax-> Mostrar  Nombre Artista > tono:103469 
Mon Oct 8 13:38:35 BOT 2012: Ajax-> Mostrar  Imagen Portada> tono:150222 
Mon Oct 8 13:39:38 BOT 2012: Ajax->Mostrar Comentarios:  
Mon Oct 8 13:43:42 BOT 2012: Ajax-> Mostrar Ranking > tono:154234 
Mon Oct 8 13:43:54 BOT 2012: ASYNC -> STATS> Tiempo respuesta 0.003256 seg.
Mon Oct 8 13:44:36 BOT 2012: Ajax->Mostrar Reproducciones:  
Mon Oct 8 13:45:00 BOT 2012: Busqueda Inteligente: resultados >142177
Mon Oct 8 13:45:15 BOT 2012: ASYNC -> STATS> Tiempo respuesta 0.011058 seg.
Mon Oct 8 13:45:27 BOT 2012: Error al consultar precio de renovacion - msisdn:76257359 tono:159 - Async responde -3
Mon Oct 8 13:45:27 BOT 2012: ASYNC -> STATS> Tiempo respuesta 0.261238 seg.
Mon Oct 8 13:45:33 BOT 2012: Asignar backtone escuchado > Asi termino:102630,103239,116502,206,105361,104033,103031,120230,119112,116501,204,103588,103086,163,103991,103466,103469,103790,116505,
Mon Oct 8 13:45:33 BOT 2012: Ajax->Mostrar Comentarios:  
Mon Oct 8 13:45:42 BOT 2012: ASYNC -> STATS> Tiempo respuesta -0.347498 seg.
Mon Oct 8 13:46:09 BOT 2012: Ajax-> Mostrar Ranking > tono:102893 
Mon Oct 8 13:47:06 BOT 2012: Ajax->Mostrar Megusta:  
Mon Oct 8 13:49:10 BOT 2012: Asignar backtone escuchado > Asi termino:155366,145309,128221,118727,118725,133434,442,126152,157090,154234,142527,147860,156792,
Mon Oct 8 13:51:28 BOT 2012: Ajax->Mostrar Reproducciones:  
Mon Oct 8 13:51:52 BOT 2012: Busqueda Inteligente: resultados >103062
Mon Oct 8 13:52:10 BOT 2012: Ajax->Mostrar Ranking:  
Mon Oct 8 13:55:08 BOT 2012: Busqueda Inteligente: 
Mon Oct 8 13:55:53 BOT 2012: Ajax->Mostrar Imagen Portada:  
Mon Oct 8 13:56:53 BOT 2012: Ajax-> Mostrar Megusta> tono:103481 
Mon Oct 8 13:57:08 BOT 2012: ASYNC -> STATS> Tiempo respuesta 0.0033339999999999 seg.
Mon Oct 8 13:58:08 BOT 2012: Ajax-> Mostrar Comentarios> tono:134661 
Mon Oct 8 13:59:08 BOT 2012: Busqueda Inteligente: resultados >145317
Mon Oct 8 13:59:17 BOT 2012: Ajax-> Mostrar Megusta> tono:104254 
Mon Oct 8 14:09:13 BOT 2012: Ajax->Mostrar Megusta:  
Mon Oct 8 14:10:07 BOT 2012: Ajax->Mostrar Ranking:  
Mon Oct 8 14:10:10 BOT 2012: ASYNC -> STATS> Tiempo respuesta -0.024415 seg.
Mon Oct 8 14:10:10 BOT 2012: Asignar backtone escuchado > Asi termino:139345,
Mon Oct 8 14:11:01 BOT 2012: Ajax-> Mostrar Comentarios> tono:149592 
Mon Oct 8 14:11:44 BOT 2012: Ajax->Mostrar Nombre Artista:  
Mon Oct 8 14:14:35 BOT 2012: Ajax->Mostrar Megusta:  
Mon Oct 8 14:14:44 BOT 2012: Ajax-> Mostrar  Nombre Genero > tono:103712 
Mon Oct 8 14:18:15 BOT 2012: Busqueda Inteligente: resultados >145210
Mon Oct 8 14:18:24 BOT 2012: Ajax-> Mostrar  Nombre Genero > tono:104787 
Mon Oct 8 14:25:29 BOT 2012: Session Start>  session por defecto 
Mon Oct 8 14:27:12 BOT 2012: Ajax-> Mostrar  Nombre Genero > tono:103342 
Mon Oct 8 14:28:18 BOT 2012: Ajax->Mostrar Megusta:  
Mon Oct 8 14:33:46 BOT 2012: Ajax->Mostrar Ranking:  
Mon Oct 8 14:33:55 BOT 2012: Busqueda Inteligente: resultados >104405
Mon Oct 8 14:34:07 BOT 2012: ASYNC -> STATS> Tiempo respuesta 0.002959 seg.
Mon Oct 8 14:37:01 BOT 2012: Ajax-> Mostrar Ranking > tono:126473 
Mon Oct 8 14:37:10 BOT 2012: Ajax->Mostrar Imagen Portada:  
Mon Oct 8 14:37:19 BOT 2012: Mostrar Album: >albumes/album-default.jpg
Mon Oct 8 14:41:35 BOT 2012: Ajax->Mostrar Ranking:  
Mon Oct 8 14:41:59 BOT 2012: Ajax->Mostrar Ranking:  
Mon Oct 8 14:47:54 BOT 2012: ASYNC -> STATS> Tiempo respuesta 0.0038560000000001 seg.
Mon Oct 8 14:53:58 BOT 2012: Asignar backtone escuchado > Asi termino:131751,131747,131824,124048,133678,124047,131816,75,103739,115941,103738,103737,103736,103735,103474,103743,104492,103345,103166,103742,
Mon Oct 8 14:54:01 BOT 2012: Ajax->Mostrar Ranking:  
Mon Oct 8 14:56:08 BOT 2012: Ajax-> Mostrar Megusta> tono:105495 
Mon Oct 8 14:56:11 BOT 2012: ASYNC -> STATS> Tiempo respuesta 0.003622 seg.
Mon Oct 8 14:56:14 BOT 2012: Consulta de precio de reason:2 - msisdn: tono:104279 Async responde:350
 
Mon Oct 8 14:57:02 BOT 2012: ASYNC -> STATS> Tiempo respuesta 0.002459 seg.
Mon Oct 8 14:57:29 BOT 2012: Ajax->Mostrar Comentarios:  
Mon Oct 8 14:57:35 BOT 2012: ASYNC -> STATS> Tiempo respuesta 0.200838 seg.
Mon Oct 8 14:57:38 BOT 2012: ASYNC -> STATS> Tiempo respuesta 0.00047900000000001 seg.
Mon Oct 8 14:57:41 BOT 2012: Ajax->Mostrar Ranking:  
Mon Oct 8 15:01:36 BOT 2012: Asignar backtone escuchado > Asi termino:155386,110495,105367,152506,155384,102682,102681,102680,102679,102974,155390,102678,155388,102677,102676,102675,134027,128237,128235,
Mon Oct 8 15:01:36 BOT 2012: Ajax->Mostrar Megusta:  
Mon Oct 8 15:02:21 BOT 2012: Ajax->Mostrar Ranking:  
Mon Oct 8 15:02:57 BOT 2012: Ajax->Mostrar Nombre Artista:  
Mon Oct 8 15:03:00 BOT 2012: Ajax-> Mostrar  Nombre Genero > tono:124243 
Mon Oct 8 15:04:51 BOT 2012: Ajax->Mostrar Nombre Genero:  
Mon Oct 8 15:08:01 BOT 2012: Asignar backtone escuchado > Asi termino:155384,102682,102681,102680,102679,102974,155390,102678,155388,102677,102676,102675,155386,110495,105367,152506,134027,128237,128235,
Mon Oct 8 15:09:55 BOT 2012: Mostrar Genero: >G&eacute;nero:  <a href='index.php?seccion=playlist&genero=167'>Pablo Fernandez</a>
Mon Oct 8 15:10:01 BOT 2012: Ajax->Mostrar Ranking:  
Mon Oct 8 15:10:37 BOT 2012: Ajax-> Mostrar Comentarios> tono:147090 
Mon Oct 8 15:13:17 BOT 2012: Ajax->Mostrar Imagen Portada:  
Mon Oct 8 15:14:12 BOT 2012: Busqueda Inteligente: resultados >135288
Mon Oct 8 15:18:04 BOT 2012: ASYNC -> STATS> Tiempo respuesta 0.0089790000000001 seg.
Mon Oct 8 15:20:44 BOT 2012: Ajax-> Mostrar Megusta> tono:102678 
Mon Oct 8 15:21:14 BOT 2012: ASYNC -> STATS> Tiempo respuesta -0.629691 seg.
Mon Oct 8 15:21:17 BOT 2012: ASYNC -> STATS> Tiempo respuesta 0.212699 seg.
Mon Oct 8 15:22:05 BOT 2012: Ajax-> Mostrar Ranking > tono:104898 
Mon Oct 8 15:26:12 BOT 2012: Ajax->Mostrar Ranking:  
Mon Oct 8 15:26:42 BOT 2012: ASYNC -> STATS> Tiempo respuesta 0.002839 seg.
Mon Oct 8 15:26:48 BOT 2012: Ajax-> Mostrar Megusta> tono:102675 
Mon Oct 8 15:38:20 BOT 2012: Ajax-> Mostrar Megusta> tono:102679 
Mon Oct 8 15:38:38 BOT 2012: Ajax-> Mostrar Ranking > tono:155646 
Mon Oct 8 15:40:23 BOT 2012: Ajax->Mostrar Reproducciones:  
Mon Oct 8 15:42:51 BOT 2012: ASYNC -> STATS> Tiempo respuesta 0.004265 seg.
Mon Oct 8 15:44:12 BOT 2012: Mostrar Ranking: tono:103479 calificacion: 2
Mon Oct 8 15:44:57 BOT 2012: Ajax->Mostrar Nombre Artista:  
Mon Oct 8 15:44:57 BOT 2012: STATS > BUSQUEDA DE BACKTONE >Tiempo: 0.153002 seg. | registros: 37
Mon Oct 8 15:46:24 BOT 2012: Ajax->Mostrar Nombre Genero:  
Mon Oct 8 15:46:36 BOT 2012: Ajax-> Mostrar  Nombre Genero > tono:142901 
Mon Oct 8 15:46:36 BOT 2012: Asignar backtone escuchado > Asi termino:9,88,127278,127289,103298,103161,103157,550,105304,104281,127898,588,152502,137296,102621,502,405,103991,103767,
Mon Oct 8 15:46:39 BOT 2012: Ajax-> Mostrar Ranking > tono:103462 
Mon Oct 8 15:47:54 BOT 2012: ASYNC -> STATS> Tiempo respuesta 0.00449 seg.
Mon Oct 8 15:48:09 BOT 2012: Mostrar Ranking: tono:129922 calificacion: 
Mon Oct 8 15:50:52 BOT 2012: Consulta de precio de reason:2 - msisdn:77573663 tono:272 Async responde:350
 
Mon Oct 8 15:51:22 BOT 2012: Ajax->Mostrar Ranking:  
Mon Oct 8 15:52:25 BOT 2012: Asignar backtone escuchado > Asi termino:104441,103084,103233,103083,103232,103082,103085,103234,458,136632,116,145387,135958,136231,125516,107737,103658,78,
Mon Oct 8 15:52:31 BOT 2012: Ajax-> Mostrar Comentarios> tono:441 
Mon Oct 8 15:53:46 BOT 2012: Ajax->Mostrar Ranking:  
Mon Oct 8 15:57:59 BOT 2012: Ajax->Mostrar Reproducciones:  
Mon Oct 8 15:59:35 BOT 2012: Ajax-> Mostrar  Imagen Portada> tono:155424 
Mon Oct 8 15:59:35 BOT 2012: Ajax-> Mostrar Megusta> tono:102676 
Mon Oct 8 16:00:30 BOT 2012: Ajax-> Mostrar Comentarios> tono:109664 
Mon Oct 8 16:01:39 BOT 2012: Error al consultar precio de renovacion - msisdn: tono:155390 - Async responde -3
Mon Oct 8 16:01:39 BOT 2012: ASYNC -> STATS> Tiempo respuesta -0.00087100000000001 seg.
Mon Oct 8 16:01:42 BOT 2012: Ajax->Actualizar pin usuario
Mon Oct 8 16:01:48 BOT 2012: Ajax->Actualizar pin usuario
Mon Oct 8 16:02:27 BOT 2012: Ajax->Mostrar Nombre Genero:  
Mon Oct 8 16:02:57 BOT 2012: Mostrar Album: >Artista:  <a href='index.php?seccion=playlist&autor=129'>Jennifer Lopez</a>
Mon Oct 8 16:04:03 BOT 2012: ASYNC -> STATS> Tiempo respuesta 0.001632 seg.
Mon Oct 8 16:06:31 BOT 2012: ASYNC -> STATS> Tiempo respuesta 0.003453 seg.
Mon Oct 8 16:07:58 BOT 2012: Consulta de precio de reason:3 - msisdn:77982788 tono:103469 Async responde:350
 
Mon Oct 8 16:07:58 BOT 2012: ASYNC -> STATS> Tiempo respuesta -0.443065 seg.
Mon Oct 8 16:08:04 BOT 2012: Asignar backtone escuchado > Asi termino:104302,133718,128418,129437,128616,176,104745,128419,129439,128414,133719,129233,131834,104288,128416,129531,124055,155504,
Mon Oct 8 16:08:40 BOT 2012: Ajax-> Mostrar  Imagen Portada> tono:155418 
Mon Oct 8 16:09:55 BOT 2012: Ajax->Mostrar Imagen Portada:  
Mon Oct 8 16:12:50 BOT 2012: Session Start>  session por defecto 
Mon Oct 8 16:13:32 BOT 2012: ASYNC -> STATS> Tiempo respuesta -0.516014 seg.
Mon Oct 8 16:15:08 BOT 2012: Ajax->Mostrar Megusta:  
Mon Oct 8 16:15:11 BOT 2012: Ajax->Mostrar Ranking:  
Mon Oct 8 16:15:56 BOT 2012: Ajax->Mostrar Ranking:  
Mon Oct 8 16:16:50 BOT 2012: Ajax->Mostrar Nombre Artista:  
Mon Oct 8 16:17:21 BOT 2012: Ajax-> Mostrar  Imagen Portada> Album:albumes/Sanz.jpg
Mon Oct 8 16:18:42 BOT 2012: Ajax->Mostrar Nombre Artista:  
Mon Oct 8 16:18:51 BOT 2012: Ajax-> Mostrar  Imagen Portada> tono:134658 
Mon Oct 8 16:19:30 BOT 2012: Asignar backtone escuchado > Asi termino:104042,11,104034,104029,104028,103993,104027,103224,103992,104024,
Mon Oct 8 16:21:12 BOT 2012: Ajax-> Mostrar Comentarios> tono:152506 
Mon Oct 8 16:21:45 BOT 2012: ASYNC -> STATS> Tiempo respuesta 0.003717 seg.
Mon Oct 8 16:23:13 BOT 2012: MTD_DB_BUSCAR_ARTISTAS > retornando registros:39
Mon Oct 8 16:24:01 BOT 2012: Busqueda Inteligente: resultados >104849
Mon Oct 8 16:24:58 BOT 2012: Session Start>  session por defecto 
Mon Oct 8 16:25:04 BOT 2012: STATS > BUSQUEDA DE BACKTONE >Tiempo: -0.096828 seg. | registros: 5
Mon Oct 8 16:25:28 BOT 2012: Ajax-> Mostrar Megusta> tono:122410 
Mon Oct 8 16:26:19 BOT 2012: Ajax->Mostrar Imagen Portada:  
Mon Oct 8 16:29:11 BOT 2012: Busqueda Inteligente: resultados >129236
Mon Oct 8 16:30:14 BOT 2012: Session Start>  session por defecto 
Mon Oct 8 16:30:29 BOT 2012: Ajax->Mostrar Ranking:  
Mon Oct 8 16:36:03 BOT 2012: Ajax-> Mostrar Ranking > tono:124055 
Mon Oct 8 16:38:12 BOT 2012: Ajax-> Mostrar Ranking > tono:105265 
Mon Oct 8 16:39:00 BOT 2012: Ajax->Mostrar Nombre Genero:  
Mon Oct 8 16:39:49 BOT 2012: Ajax->Mostrar Megusta:  
Mon Oct 8 16:39:58 BOT 2012: Session Start>  session por defecto 
Mon Oct 8 16:40:37 BOT 2012: Ajax->Mostrar Ranking:  
Mon Oct 8 16:40:40 BOT 2012: ASYNC -> STATS> Tiempo respuesta 0.00369 seg.
Mon Oct 8 16:41:04 BOT 2012: MTD_DB_BUSCAR_ARTISTAS > retornando registros:23
Mon Oct 8 16:42:49 BOT 2012: Busqueda Inteligente: Raphael
Mon Oct 8 16:43:37 BOT 2012: Busqueda Inteligente: resultados >141049
Mon Oct 8 16:44:28 BOT 2012: Session Start>  session por defecto 
Mon Oct 8 16:46:47 BOT 2012: STATS > BUSQUEDA DE BACKTONE >Tiempo: -0.262808 seg. | registros: 1
Mon Oct 8 16:55:39 BOT 2012: Ajax->Mostrar Reproducciones:  
Mon Oct 8 16:55:45 BOT 2012: ASYNC -> STATS> Tiempo respuesta 0.004966 seg.
Mon Oct 8 16:56:46 BOT 2012: STATS > BUSQUEDA DE BACKTONE >Tiempo: 0.088383 seg. | registros: 114
Mon Oct 8 17:03:14 BOT 2012: Busqueda Inteligente: resultados >105619
Mon Oct 8 17:06:50 BOT 2012: Ajax-> Mostrar Comentarios> tono:102539 
Mon Oct 8 17:08:45 BOT 2012: Ajax-> Mostrar Ranking > tono:150320 
Mon Oct 8 17:10:30 BOT 2012: Consulta de precio de reason:5 - msisdn: tono:154234 Async responde:350
 
Mon Oct 8 17:14:25 BOT 2012: Ajax->Mostrar Nombre Artista:  
Mon Oct 8 17:22:32 BOT 2012: Session Start>  session por defecto 
Mon Oct 8 17:24:08 BOT 2012: ASYNC -> STATS> Tiempo respuesta 0.002149 seg.
Mon Oct 8 17:24:11 BOT 2012: Ajax->Mostrar Reproducciones:  
Mon Oct 8 17:24:39 BOT 2012: Mostrar Ranking: tono:118730 calificacion: 
Mon Oct 8 17:26:00 BOT 2012: Consulta de precio de reason:10 - msisdn: tono:155370 Async responde:350
 
Mon Oct 8 17:26:00 BOT 2012: ASYNC -> STATS> Tiempo respuesta 0.037235 seg.
Mon Oct 8 17:26:54 BOT 2012: Asignar backtone escuchado > Asi termino:118738,118741,118748,139844,147092,139956,147093,118734,147095,139958,118752,118744,118730,118728,118745,118727,118725,118724,125516,102630,
Mon Oct 8 17:27:18 BOT 2012: ASYNC -> STATS> Tiempo respuesta -0.182122 seg.
Mon Oct 8 17:28:39 BOT 2012: ASYNC -> STATS> Tiempo respuesta 0.00076000000000009 seg.
Mon Oct 8 17:28:39 BOT 2012: Ajax->Mostrar Ranking:  
Mon Oct 8 17:38:44 BOT 2012: Ajax->Mostrar Nombre Genero:  
Mon Oct 8 17:41:11 BOT 2012: Asignar backtone escuchado > Asi termino:102619,109800,103654,104128,135223,126169,125661,105653,103329,105310,155298,103986,145239,102665,243,134635,103032,102795,104126,102577,
Mon Oct 8 17:48:48 BOT 2012: Ajax->Mostrar Ranking:  
Mon Oct 8 17:48:51 BOT 2012: Consulta de precio de reason:3 - msisdn: tono:110187 Async responde:350
 
Mon Oct 8 17:48:55 BOT 2012: Ajax->Mostrar Nombre Genero:  
Mon Oct 8 17:53:11 BOT 2012: Ajax->Mostrar Ranking:  
Mon Oct 8 17:53:41 BOT 2012: Ajax-> Mostrar Megusta> tono:145315 
Mon Oct 8 18:00:36 BOT 2012: Ajax->Mostrar Reproducciones:  
Mon Oct 8 18:06:35 BOT 2012: Ajax->Mostrar Ranking:  
Mon Oct 8 18:16:10 BOT 2012: Ajax-> Mostrar  Imagen Portada> tono:104179 
Mon Oct 8 18:19:29 BOT 2012: Ajax-> Mostrar Ranking > tono:137867 
Mon Oct 8 18:19:35 BOT 2012: ASYNC -> STATS> Tiempo respuesta -0.603408 seg.
Mon Oct 8 18:21:50 BOT 2012: Ajax-> Mostrar  Nombre Artista > tono:104315 
Mon Oct 8 18:24:18 BOT 2012: ASYNC -> STATS> Tiempo respuesta -0.673565 seg.
Mon Oct 8 18:24:18 BOT 2012: Mostrar Ranking: tono:127767 calificacion: 5
Mon Oct 8 18:24:21 BOT 2012: ASYNC -> STATS> Tiempo respuesta 0.185026 seg.
Mon Oct 8 18:24:57 BOT 2012: STATS > BUSQUEDA DE BACKTONE >Tiempo: 0.087025 seg. | registros: 114
Mon Oct 8 18:25:06 BOT 2012: Asignar backtone escuchado > Asi termino:104126,102577,102684,104351,242,117848,104315,144156,133876,105808,105529,104782,131643,309,105040,144149,104179,102630,103513,506,
Mon Oct 8 18:31:16 BOT 2012: Mostrar Megusta> tono: 103343 msisdn: > a otros 3  les gusta 
Mon Oct 8 18:33:50 BOT 2012: Asignar backtone escuchado > Asi termino:43,104286,107585,134028,103482,134025,103481,103423,105290,145203,104740,105503,145202,103521,104179,104173,145196,104769,103773,142908,
Mon Oct 8 18:34:05 BOT 2012: Session Start>  session por defecto 
Mon Oct 8 18:35:26 BOT 2012: Mostrar Megusta > tono: 104508 msisdn:76560493 > cantidad de registros: 0
Mon Oct 8 18:38:27 BOT 2012: Ajax-> Mostrar  Imagen Portada> tono:102634 
Mon Oct 8 18:40:30 BOT 2012: Ajax->Mostrar Nombre Artista:  
Mon Oct 8 18:44:31 BOT 2012: Ajax-> Mostrar  Nombre Artista > tono:105096 
Mon Oct 8 18:44:37 BOT 2012: Ajax->Mostrar Reproducciones:  
Mon Oct 8 18:48:59 BOT 2012: Ajax->Mostrar Comentarios:  
Mon Oct 8 18:54:30 BOT 2012: Ajax->Mostrar Imagen Portada:  
Mon Oct 8 18:55:09 BOT 2012: Ajax->Mostrar Nombre Artista:  
Mon Oct 8 18:57:25 BOT 2012: Ajax->Mostrar Ranking:  
Mon Oct 8 18:57:40 BOT 2012: Ajax-> Mostrar Ranking > tono:103274 
Mon Oct 8 18:57:52 BOT 2012: Asignar backtone escuchado > Asi termino:107758,107788,107763,105234,125516,
Mon Oct 8 19:03:17 BOT 2012: Ajax-> Mostrar Ranking > tono:130806 
Mon Oct 8 19:05:23 BOT 2012: Ajax->Mostrar Megusta:  
Mon Oct 8 19:07:57 BOT 2012: ASYNC -> STATS> Tiempo respuesta -0.036998 seg.
Mon Oct 8 19:08:03 BOT 2012: Consulta de precio de reason:3 - msisdn: tono:130814 Async responde:350
 
Mon Oct 8 19:08:03 BOT 2012: ASYNC -> STATS> Tiempo respuesta -0.084743 seg.
Mon Oct 8 19:11:22 BOT 2012: ASYNC -> STATS> Tiempo respuesta -0.540764 seg.
Mon Oct 8 19:11:25 BOT 2012: ASYNC -> STATS> Tiempo respuesta -0.002999 seg.
Mon Oct 8 19:11:28 BOT 2012: Ajax->Mostrar Comentarios:  
Mon Oct 8 19:17:44 BOT 2012: Ajax->Mostrar Megusta:  
Mon Oct 8 19:19:08 BOT 2012: Ajax->Mostrar Megusta:  
Mon Oct 8 19:19:42 BOT 2012: ASYNC -> STATS> Tiempo respuesta 0.004921 seg.
Mon Oct 8 19:19:54 BOT 2012: Error al consultar precio de renovacion - msisdn: tono:156630 - Async responde -3
Mon Oct 8 19:20:36 BOT 2012: Mostrar Megusta> tono: 126170 msisdn: > a otros 2  les gusta 
Mon Oct 8 19:21:21 BOT 2012: Ajax-> Mostrar Ranking > tono:104613 
Mon Oct 8 19:21:27 BOT 2012: Ajax->Mostrar Ranking:  
Mon Oct 8 19:22:03 BOT 2012: Busqueda Inteligente: resultados >105068
Mon Oct 8 19:22:21 BOT 2012: Ajax->Mostrar Nombre Artista:  
Mon Oct 8 19:23:15 BOT 2012: Session Start>  session por defecto 
Mon Oct 8 19:23:18 BOT 2012: Session Start>  session por defecto 
Mon Oct 8 19:23:36 BOT 2012: Busqueda Inteligente: La Kchorra
Mon Oct 8 19:23:48 BOT 2012: Session Start>  session por defecto 
Mon Oct 8 19:24:22 BOT 2012: Ajax->Mostrar Comentarios:  
Mon Oct 8 19:25:16 BOT 2012: Ajax->Mostrar Nombre Artista:  
Mon Oct 8 19:25:28 BOT 2012: Busqueda Inteligente: resultados >150564
Mon Oct 8 19:26:31 BOT 2012: Ajax-> Mostrar  Imagen Portada> tono:146590 
Mon Oct 8 19:34:24 BOT 2012: Ajax-> Mostrar  Nombre Artista > tono:140821 
Mon Oct 8 19:34:54 BOT 2012: Ajax->Mostrar Nombre Artista:  
Mon Oct 8 19:37:04 BOT 2012: WEB_REPRODUCIR_BUSQUEDA > Se recibieron:114 tonos
Mon Oct 8 19:37:34 BOT 2012: Busqueda Inteligente: Christian Castro
Mon Oct 8 19:37:52 BOT 2012: Ajax-> Mostrar Megusta> tono:102937 
Mon Oct 8 19:38:01 BOT 2012: Consulta de precio de reason:2 - msisdn: tono:105262 Async responde:350
 
Mon Oct 8 19:39:22 BOT 2012: Ajax->Mostrar Nombre Artista:  
Mon Oct 8 19:43:05 BOT 2012: Ajax-> Mostrar  Nombre Genero > tono:104354 
Mon Oct 8 19:46:18 BOT 2012: Mostrar Ranking: tono:134632 calificacion: 
Mon Oct 8 19:53:43 BOT 2012: ASYNC -> STATS> Tiempo respuesta 0.0038950000000001 seg.
Mon Oct 8 19:55:32 BOT 2012: Asignar backtone escuchado > Asi termino:140826,146590,145857,146587,143744,141833,142273,142166,139723,140825,155364,140823,152124,152116,155370,155374,152114,152112,155360,146576,
Mon Oct 8 19:57:02 BOT 2012: Ajax-> Mostrar  Nombre Artista > tono:126093 
Mon Oct 8 19:57:23 BOT 2012: Ajax-> Mostrar  Nombre Genero > tono:105811 
Mon Oct 8 19:59:45 BOT 2012: Ajax-> Mostrar Ranking > tono:117841 
Mon Oct 8 20:01:06 BOT 2012: Ajax-> Comprar Backtone: msisdn: 
Mon Oct 8 20:04:40 BOT 2012: Consulta de precio de reason:2 - msisdn:75428889 tono:126093 Async responde:350
 
Mon Oct 8 20:04:40 BOT 2012: Busqueda de Backtones Intel: 
 SQL:SELECT t.id, t.nombre as tono,aut.nombre as autor, alb.imagen, round(avg(wr.calificacion),0) as calificacion
                    FROM tonos as t
                    inner join autores as aut on ( t.autor = aut.id)
                    inner join billing as bil on (t.billing = bil.caso  and bil.concepto=2)
                    left join albumes as alb on (t.album = alb.id_album)
                    left join web_tonos_ranking as wr on (t.id = wr.tonos_id)
                    WHERE
                    FIND_IN_SET(t.id, '113030,113032,113024,109500,,')
                     AND t.autor=1180 
                    and t.categoria <> 207 and t.interfases &1 
                    group by t.id, t.nombre ,aut.nombre , alb.imagen
                    order by FIND_IN_SET(t.id, '113030,113032,113024,109500,,')
                    limit 114 
Mon Oct 8 20:06:28 BOT 2012: ASYNC -> STATS> Tiempo respuesta 0.0040250000000001 seg.
Mon Oct 8 20:07:50 BOT 2012: Ajax->Mostrar Megusta:  
Mon Oct 8 20:08:02 BOT 2012: Ajax->Mostrar Reproducciones:  
Mon Oct 8 20:12:18 BOT 2012: Ajax-> Mostrar Megusta> tono:109314 
Mon Oct 8 20:13:12 BOT 2012: Ajax-> Mostrar  Nombre Artista > tono:126093 
Mon Oct 8 20:18:59 BOT 2012: Busqueda Inteligente: resultados >105997
Mon Oct 8 20:22:57 BOT 2012: Session Start>  session por defecto 
Mon Oct 8 20:23:18 BOT 2012: Ajax-> Mostrar Comentarios> tono:103563 
Mon Oct 8 20:24:42 BOT 2012: Mostrar Ranking: tono:104905 calificacion: 
Mon Oct 8 20:26:26 BOT 2012: ASYNC -> STATS> Tiempo respuesta 0.005556 seg.
Mon Oct 8 20:30:37 BOT 2012: Ajax->Mostrar Megusta:  
Mon Oct 8 20:36:33 BOT 2012: Ajax->Mostrar Comentarios:  
Mon Oct 8 20:36:39 BOT 2012: Ajax->Mostrar Megusta:  
Mon Oct 8 20:38:21 BOT 2012: Ajax-> Mostrar Ranking > tono:103176 
Mon Oct 8 20:42:07 BOT 2012: Ajax-> Mostrar  Nombre Genero > tono:103038 
Mon Oct 8 20:42:07 BOT 2012: ASYNC -> STATS> Tiempo respuesta -0.259652 seg.
Mon Oct 8 20:42:46 BOT 2012: Session Start>  session por defecto 
Mon Oct 8 20:42:52 BOT 2012: Ajax->Mostrar Nombre Genero:  
Mon Oct 8 20:45:07 BOT 2012: Ajax->Mostrar Reproducciones:  
Mon Oct 8 20:46:47 BOT 2012: ASYNC -> STATS> Tiempo respuesta 0.003704 seg.
Mon Oct 8 20:48:29 BOT 2012: Ajax-> Mostrar  Imagen Portada> tono:134178 
Mon Oct 8 20:49:17 BOT 2012: Asignar backtone escuchado > Asi termino:103299,103545,103544,103543,103542,103300,103546,103549,156154,155680,62,103142,126462,104967,104447,152118,155372,102971,145917,116,
Mon Oct 8 20:54:33 BOT 2012: Busqueda Inteligente: 
Mon Oct 8 21:01:02 BOT 2012: Session Start>  session por defecto 
Mon Oct 8 21:01:56 BOT 2012: ASYNC -> STATS> Tiempo respuesta -0.042416 seg.
Mon Oct 8 21:08:30 BOT 2012: Ajax-> Mostrar Comentarios> tono:156788 
Mon Oct 8 21:10:07 BOT 2012: Session Start>  session por defecto 
Mon Oct 8 21:11:01 BOT 2012: Ajax->Mostrar Comentarios:  
Mon Oct 8 21:12:52 BOT 2012: Ajax-> Mostrar  Imagen Portada> tono:133412 
Mon Oct 8 21:14:08 BOT 2012: Ajax->Mostrar Ranking:  
Mon Oct 8 21:14:17 BOT 2012: ASYNC -> STATS> Tiempo respuesta -0.013276 seg.
Mon Oct 8 21:14:41 BOT 2012: Ajax->Mostrar Comentarios:  
Mon Oct 8 21:15:53 BOT 2012: Busqueda Inteligente: resultados >104178
Mon Oct 8 21:17:02 BOT 2012: ASYNC -> STATS> Tiempo respuesta -0.304006 seg.
Mon Oct 8 21:17:38 BOT 2012: Session Start>  session por defecto 
Mon Oct 8 21:18:56 BOT 2012: Ajax->Mostrar Comentarios:  
Mon Oct 8 21:33:36 BOT 2012: ASYNC -> STATS> Tiempo respuesta 0.00126 seg.
Mon Oct 8 21:33:45 BOT 2012: Ajax->Mostrar Imagen Portada:  
Mon Oct 8 21:33:57 BOT 2012: Mostrar Ranking: tono:104212 calificacion: 
Mon Oct 8 21:35:12 BOT 2012: Ajax-> Mostrar  Nombre Genero > tono:125092 
Mon Oct 8 21:36:21 BOT 2012: Consulta de precio de reason:3 - msisdn: tono:141880 Async responde:350
 
Mon Oct 8 21:37:43 BOT 2012: Ajax-> Mostrar Ranking > tono:103544 
Mon Oct 8 21:38:55 BOT 2012: Ajax->Mostrar Nombre Genero:  
Mon Oct 8 21:39:37 BOT 2012: Ajax->Mostrar Ranking:  
Mon Oct 8 21:39:46 BOT 2012: Ajax->Mostrar Comentarios:  
Mon Oct 8 21:39:46 BOT 2012: Ajax->Mostrar Ranking:  
Mon Oct 8 21:41:40 BOT 2012: ASYNC -> STATS> Tiempo respuesta 0.004574 seg.
Mon Oct 8 21:43:47 BOT 2012: Asignar backtone escuchado > Asi termino:104451,104487,104927,104933,104935,105054,105053,105052,105036,104937,104936,105056,105055,
Mon Oct 8 21:44:29 BOT 2012: ASYNC -> STATS> Tiempo respuesta 0.005525 seg.
Mon Oct 8 21:44:41 BOT 2012: WEB_REPRODUCIR_BUSQUEDA > Se recibieron:114 tonos
Mon Oct 8 21:45:29 BOT 2012: Ajax-> Mostrar Ranking > tono:103423 
Mon Oct 8 21:53:36 BOT 2012: Ajax-> Mostrar  Imagen Portada> Album:albumes/album-default.jpg
Mon Oct 8 21:58:25 BOT 2012: Ajax->Mostrar Megusta:  
Mon Oct 8 21:59:43 BOT 2012: Consulta de precio de reason:5 - msisdn:76989999 tono:104579 Async responde:350
 
Mon Oct 8 22:01:32 BOT 2012: WEB_REPRODUCIR_BUSQUEDA > Se recibieron:17 tonos
Mon Oct 8 22:03:08 BOT 2012: ASYNC -> STATS> Tiempo respuesta -0.186771 seg.
Mon Oct 8 22:03:08 BOT 2012: Consulta de precio de reason:2 - msisdn:75638974 tono:103744 Async responde:350
 
Mon Oct 8 22:03:14 BOT 2012: ASYNC -> STATS> Tiempo respuesta -0.147649 seg.
Mon Oct 8 22:03:14 BOT 2012: Ajax->Mostrar Comentarios:  
Mon Oct 8 22:03:14 BOT 2012: Ajax->Mostrar Comentarios:  
Mon Oct 8 22:03:23 BOT 2012: Busqueda Inteligente: resultados >140823
Mon Oct 8 22:04:47 BOT 2012: Ajax->Mostrar Megusta:  
Mon Oct 8 22:06:48 BOT 2012: Ajax-> Mostrar  Imagen Portada> tono:104030 
Mon Oct 8 22:10:27 BOT 2012: Mostrar Album: >Artista:  <a href='index.php?seccion=playlist&autor=288'>Luis Fonsi</a>
Mon Oct 8 22:14:16 BOT 2012: Ajax->Mostrar Nombre Artista:  
Mon Oct 8 22:15:25 BOT 2012: Ajax-> Mostrar  Nombre Genero > tono:112702 
Mon Oct 8 22:15:31 BOT 2012: Ajax-> Mostrar Megusta> tono:156164 
Mon Oct 8 22:16:13 BOT 2012: Ajax-> Mostrar Ranking > tono:152880 
Mon Oct 8 22:16:43 BOT 2012: Consulta de precio de reason:3 - msisdn: tono:105073 Async responde:350
 
Mon Oct 8 22:17:40 BOT 2012: Ajax->Mostrar Imagen Portada:  
Mon Oct 8 22:21:35 BOT 2012: Ajax->Mostrar Nombre Genero:  
Mon Oct 8 22:21:35 BOT 2012: Checklogin > msisdn: 76989999 , pin:aa22wvi.1eKWk
Mon Oct 8 22:21:38 BOT 2012: ASYNC -> STATS> Tiempo respuesta -0.032611 seg.
Mon Oct 8 22:24:15 BOT 2012: Asignar backtone escuchado > Asi termino:123242,105389,104086,152504,124243,
Mon Oct 8 22:25:33 BOT 2012: Ajax->Mostrar Nombre Genero:  
Mon Oct 8 22:31:13 BOT 2012: Ajax-> Mostrar  Nombre Artista > tono:115937 
Mon Oct 8 22:36:20 BOT 2012: ASYNC -> STATS> Tiempo respuesta 0.149948 seg.
Mon Oct 8 22:38:17 BOT 2012: Ajax->Mostrar Reproducciones:  
Mon Oct 8 22:39:29 BOT 2012: ASYNC -> STATS> Tiempo respuesta 0.629022 seg.
Mon Oct 8 22:40:05 BOT 2012: ASYNC -> STATS> Tiempo respuesta 0.003981 seg.
Mon Oct 8 22:40:48 BOT 2012: Ajax-> Mostrar Ranking > tono:155366 
Mon Oct 8 22:42:42 BOT 2012: Ajax->Mostrar Comentarios:  
Mon Oct 8 22:42:57 BOT 2012: Ajax->Mostrar Reproducciones:  
Mon Oct 8 22:43:21 BOT 2012: Ajax->Mostrar Ranking:  
Mon Oct 8 22:43:21 BOT 2012: ASYNC -> STATS> Tiempo respuesta 0.002874 seg.
Mon Oct 8 22:45:18 BOT 2012: ASYNC -> STATS> Tiempo respuesta 0.51366 seg.
Mon Oct 8 22:46:25 BOT 2012: Ajax->Mostrar Reproducciones:  
Mon Oct 8 22:46:31 BOT 2012: Ajax->Mostrar Reproducciones:  
Mon Oct 8 22:48:37 BOT 2012: Mostrar Album: >albumes/album-default.jpg
Mon Oct 8 22:50:01 BOT 2012: Ajax-> Mostrar  Nombre Artista > tono:104200 
Mon Oct 8 22:51:37 BOT 2012: Ajax->Mostrar Reproducciones:  
Mon Oct 8 22:54:02 BOT 2012: Busqueda Inteligente: ella no sigue de modas
Mon Oct 8 22:54:11 BOT 2012: Ajax->Mostrar Ranking:  
Mon Oct 8 22:54:32 BOT 2012: ASYNC -> STATS> Tiempo respuesta -0.296149 seg.
Mon Oct 8 22:54:56 BOT 2012: Ajax->Mostrar Ranking:  
Mon Oct 8 22:55:35 BOT 2012: Ajax->Mostrar Imagen Portada:  
Mon Oct 8 22:55:56 BOT 2012: Ajax-> Mostrar Comentarios> tono:131003 
Mon Oct 8 22:56:38 BOT 2012: Ajax-> Mostrar Comentarios> tono:118727 
Mon Oct 8 22:56:56 BOT 2012: Ajax-> Mostrar Ranking > tono:103506 
Mon Oct 8 22:57:02 BOT 2012: Session Start>  session por defecto 
Mon Oct 8 23:01:48 BOT 2012: Consulta de precio de reason:3 - msisdn: tono:156526 Async responde:350
 
Mon Oct 8 23:06:25 BOT 2012: Ajax->Mostrar Comentarios:  
Mon Oct 8 23:07:25 BOT 2012: WEB_REPRODUCIR_BUSQUEDA > Se recibieron:5 tonos
Mon Oct 8 23:08:13 BOT 2012: Ajax-> Mostrar Ranking > tono:137283 
Mon Oct 8 23:09:13 BOT 2012: ASYNC -> STATS> Tiempo respuesta 0.001926 seg.
Mon Oct 8 23:12:02 BOT 2012: Ajax-> Mostrar Ranking > tono:147077 
Mon Oct 8 23:12:23 BOT 2012: Ajax->Mostrar Ranking:  
Mon Oct 8 23:20:03 BOT 2012: Ajax->Mostrar Imagen Portada:  
Mon Oct 8 23:34:23 BOT 2012: ASYNC -> STATS> Tiempo respuesta 0.005413 seg.
Mon Oct 8 23:38:48 BOT 2012: ASYNC -> STATS> Tiempo respuesta 0.21534 seg.
Mon Oct 8 23:40:30 BOT 2012: Mostrar Ranking: tono:123527 calificacion: 
Mon Oct 8 23:40:42 BOT 2012: Busqueda Inteligente: resultados >104528
Mon Oct 8 23:45:55 BOT 2012: Consulta de precio de reason:3 - msisdn:77375508 tono:131038 Async responde:350
 
Mon Oct 8 23:51:59 BOT 2012: Ajax->Mostrar Megusta:  
Mon Oct 8 23:52:32 BOT 2012: Ajax->Mostrar Nombre Genero:  
Mon Oct 8 23:57:15 BOT 2012: ASYNC -> STATS> Tiempo respuesta 0.002154 seg.
Mon Oct 8 23:57:36 BOT 2012: Ajax-> Mostrar Megusta> tono:104430 
