Mon Jun 25 10:03:58 BOT 2012: Ajax->Mostrar Reproducciones:  
Mon Jun 25 10:10:38 BOT 2012: ASYNC -> STATS> Tiempo respuesta 0.376382 seg.
Mon Jun 25 19:43:46 BOT 2012: Ajax->Mostrar Megusta:  
Mon Jun 25 19:43:58 BOT 2012: Ajax-> Mostrar  Nombre Artista > tono:127894 
Mon Jun 25 19:44:01 BOT 2012: ASYNC -> STATS> Tiempo respuesta 0.17894 seg.
Mon Jun 25 19:45:35 BOT 2012: ASYNC -> STATS> Tiempo respuesta 0.005142 seg.
Mon Jun 25 19:46:50 BOT 2012: Busqueda Inteligente: 
Mon Jun 25 19:47:38 BOT 2012: Ajax->Mostrar Imagen Portada:  
Mon Jun 25 19:47:47 BOT 2012: Asignar backtone escuchado > Asi termino:104815,104323,147083,122538,134023,134661,134660,128425,125510,104293,104215,
Mon Jun 25 19:48:11 BOT 2012: Ajax-> Mostrar  Nombre Genero > tono:110100 
Mon Jun 25 19:49:05 BOT 2012: ASYNC -> STATS> Tiempo respuesta 0.003464 seg.
Mon Jun 25 19:50:33 BOT 2012: Ajax->Mostrar Nombre Artista:  
Mon Jun 25 19:50:54 BOT 2012: Ajax-> Mostrar Ranking > tono:105365 
Mon Jun 25 19:50:54 BOT 2012: Ajax->Mostrar Imagen Portada:  
Mon Jun 25 19:51:03 BOT 2012: Ajax->Mostrar Comentarios:  
Mon Jun 25 19:51:30 BOT 2012: Mostrar Album: >Artista:  <a href='index.php?seccion=playlist&autor=1433'>Jimi Hendrix</a>
Mon Jun 25 19:52:00 BOT 2012: Ajax->Actualizar pin usuario
Mon Jun 25 19:56:13 BOT 2012: Ajax->Mostrar Ranking:  
Mon Jun 25 19:56:19 BOT 2012: ASYNC -> STATS> Tiempo respuesta 0.003877 seg.
Mon Jun 25 20:01:11 BOT 2012: Ajax->Mostrar Nombre Genero:  
Mon Jun 25 20:02:35 BOT 2012: WEB_REPRODUCIR_BUSQUEDA > Se recibieron:114 tonos
Mon Jun 25 20:03:26 BOT 2012: Asignar backtone escuchado > Asi termino:102817,150068,149530,103349,110187,150020,134015,509,103702,103701,103700,126855,126857,105760,105758,103274,103277,103135,105767,103275,
Mon Jun 25 20:04:41 BOT 2012: Ajax->Mostrar Comentarios:  
Mon Jun 25 20:04:59 BOT 2012: Ajax->Mostrar Ranking:  
Mon Jun 25 20:05:02 BOT 2012: ASYNC -> STATS> Tiempo respuesta -0.027575 seg.
Mon Jun 25 20:05:08 BOT 2012: ASYNC -> STATS> Tiempo respuesta 0.441981 seg.
Mon Jun 25 20:05:11 BOT 2012: Consulta de precio de reason:10 - msisdn: tono:103507 Async responde:350
 
Mon Jun 25 20:05:11 BOT 2012: Ajax->Mostrar Reproducciones:  
Mon Jun 25 20:05:11 BOT 2012: Ajax->Mostrar Ranking:  
Mon Jun 25 20:05:11 BOT 2012: Asignar backtone escuchado > Asi termino:103203,109604,109380,130977,104812,110077,110079,104024,136636,103991,130965,130964,142910,130982,103592,135682,103789,40,104258,147767,
Mon Jun 25 20:05:29 BOT 2012: Ajax->Mostrar Megusta:  
Mon Jun 25 20:05:29 BOT 2012: Mostrar Megusta > tono: 109612 msisdn:75665630 > cantidad de registros: 0
Mon Jun 25 20:05:29 BOT 2012: Ajax->Mostrar Comentarios:  
Mon Jun 25 20:05:32 BOT 2012: ASYNC -> STATS> Tiempo respuesta 0.650092 seg.
Mon Jun 25 20:06:57 BOT 2012: ASYNC -> STATS> Tiempo respuesta 0.00658 seg.
Mon Jun 25 20:07:33 BOT 2012: Ajax-> Mostrar  Nombre Artista > tono:105242 
Mon Jun 25 20:08:18 BOT 2012: Ajax-> Mostrar Megusta> tono:448 
Mon Jun 25 20:09:36 BOT 2012: ASYNC -> STATS> Tiempo respuesta -0.104807 seg.
Mon Jun 25 20:09:39 BOT 2012: ASYNC -> STATS> Tiempo respuesta 0.25386 seg.
Mon Jun 25 20:09:51 BOT 2012: Busqueda Inteligente: resultados >109412
Mon Jun 25 20:10:00 BOT 2012: Consulta de precio de reason:10 - msisdn: tono:120946 Async responde:350
 
Mon Jun 25 20:12:22 BOT 2012: Ajax->Mostrar Megusta:  
Mon Jun 25 20:12:31 BOT 2012: Ajax-> Mostrar Comentarios> tono:127452 
Mon Jun 25 20:13:10 BOT 2012: Ajax->Mostrar Comentarios:  
Mon Jun 25 20:13:43 BOT 2012: Ajax-> Mostrar  Imagen Portada> tono:103434 
Mon Jun 25 20:14:46 BOT 2012: Ajax->Mostrar Ranking:  
Mon Jun 25 20:15:28 BOT 2012: Ajax-> Mostrar Ranking > tono:104367 
Mon Jun 25 20:15:44 BOT 2012: Mostrar Megusta > tono: 146575 msisdn:75665630 > cantidad de registros: 0
Mon Jun 25 20:16:26 BOT 2012: Ajax->Mostrar Nombre Artista:  
Mon Jun 25 20:17:26 BOT 2012: WEB REPROD BUSQ > Facebook link: http%3A%2F%2Fbacktones.tigo.com.bo%2Fv3%2Findex.php%3Fseccion%3Dplaylist%26genero%3D155%26f%3D1%26t%3D123123
Mon Jun 25 20:17:56 BOT 2012: Mostrar Album: >Artista:  <a href='index.php?seccion=playlist&autor=1107'>Version Solumovil</a>
Mon Jun 25 20:18:05 BOT 2012: Asignar backtone escuchado > Asi termino:121,126165,125661,152224,126167,509,104293,104215,147132,133434,105036,105096,107567,103420,109227,103952,133736,130814,150086,104904,
Mon Jun 25 20:18:08 BOT 2012: Ajax-> Mostrar  Imagen Portada> Album:albumes/album-default.jpg
Mon Jun 25 20:18:26 BOT 2012: ASYNC -> STATS> Tiempo respuesta 0.002741 seg.
Mon Jun 25 20:18:47 BOT 2012: Busqueda Inteligente: 
Mon Jun 25 20:19:41 BOT 2012: ASYNC -> STATS> Tiempo respuesta 0.002432 seg.
Mon Jun 25 20:21:24 BOT 2012: Ajax->Mostrar Comentarios:  
Mon Jun 25 20:22:15 BOT 2012: Consulta de precio de reason:3 - msisdn: tono:133736 Async responde:350
 
Mon Jun 25 20:23:03 BOT 2012: Asignar backtone escuchado > Asi termino:127418,127437,127422,129896,127469,127467,127474,127431,105389,127454,127414,129895,129893,127476,127465,127420,127425,127440,127459,127461,
Mon Jun 25 20:24:54 BOT 2012: Ajax->Mostrar Imagen Portada:  
Mon Jun 25 20:25:37 BOT 2012: Ajax->Mostrar Ranking:  
Mon Jun 25 20:27:58 BOT 2012: Busqueda Inteligente: 
Mon Jun 25 20:33:05 BOT 2012: Ajax->Mostrar Reproducciones:  
Mon Jun 25 20:34:48 BOT 2012: LISTAR_MODO_ROTACION_BACTONES > usuario: 76471608  modo:2 
Mon Jun 25 20:40:49 BOT 2012: ASYNC -> STATS> Tiempo respuesta 0.002408 seg.
Mon Jun 25 20:41:04 BOT 2012: Asignar backtone escuchado > Asi termino:134661,134660,134015,106288,135200,104174,257,104026,103430,105534,635,110199,110188,
Mon Jun 25 20:42:55 BOT 2012: Ajax->Mostrar Reproducciones:  
Mon Jun 25 21:11:19 BOT 2012: ASYNC -> STATS> Tiempo respuesta -0.598086 seg.
Mon Jun 25 21:11:25 BOT 2012: ASYNC -> STATS> Tiempo respuesta 0.009916 seg.
Mon Jun 25 21:11:52 BOT 2012: Consulta de precio de reason:2 - msisdn: tono:129230 Async responde:350
 
Mon Jun 25 21:11:58 BOT 2012: Asignar backtone escuchado > Asi termino:103992,104031,103507,104027,103086,163,103991,102630,104745,105533,105282,105096,104663,104846,105274,105276,134683,
Mon Jun 25 21:12:04 BOT 2012: ASYNC -> STATS> Tiempo respuesta -0.183016 seg.
Mon Jun 25 21:12:07 BOT 2012: Ajax->Mostrar Reproducciones:  
Mon Jun 25 21:12:13 BOT 2012: Busqueda Inteligente: resultados >430
Mon Jun 25 21:13:31 BOT 2012: Session Start>  session por defecto 
Mon Jun 25 21:13:46 BOT 2012: Ajax-> Mostrar Ranking > tono:103995 
Mon Jun 25 21:13:49 BOT 2012: Ajax-> Mostrar Ranking > tono:102665 
Mon Jun 25 21:13:52 BOT 2012: ASYNC -> STATS> Tiempo respuesta 0.002059 seg.
Mon Jun 25 21:13:52 BOT 2012: ASYNC -> STATS> Tiempo respuesta 0.00375 seg.
