Sat Dec 31 7:17:35 BOT 2011: Ajax->Mostrar Ranking:  
Sat Dec 31 9:17:12 BOT 2011: Ajax->Mostrar Megusta:  
Sat Dec 31 9:26:13 BOT 2011: Ajax-> Mostrar  Nombre Artista > tono:104886 
Sat Dec 31 9:37:36 BOT 2011: Session Start>  session por defecto 
Sat Dec 31 9:44:10 BOT 2011: Ajax-> Mostrar  Nombre Artista > tono:131049 
Sat Dec 31 9:47:22 BOT 2011: Ajax-> Mostrar Megusta> tono:120949 
Sat Dec 31 9:50:32 BOT 2011: ASYNC -> STATS> Tiempo respuesta 0.009669 seg.
Sat Dec 31 9:51:50 BOT 2011: Ajax-> Mostrar Ranking > tono:105233 
Sat Dec 31 9:51:53 BOT 2011: ASYNC -> STATS> Tiempo respuesta 0.004179 seg.
Sat Dec 31 9:54:20 BOT 2011: Consulta de precio de reason:2 - msisdn: tono:137817 Async responde:350
 
Sat Dec 31 10:01:15 BOT 2011: Ajax->Mostrar Megusta:  
Sat Dec 31 10:04:19 BOT 2011: ASYNC -> STATS> Tiempo respuesta 0.010355 seg.
Sat Dec 31 10:12:20 BOT 2011: Ajax->Mostrar Comentarios:  
Sat Dec 31 10:23:49 BOT 2011: Ajax->Mostrar Nombre Artista:  
Sat Dec 31 10:27:16 BOT 2011: Asignar backtone escuchado > Asi termino:132096,103713,104465,103712,141880,141881,142527,
Sat Dec 31 10:28:31 BOT 2011: Ajax-> Mostrar  Nombre Genero > tono:110221 
Sat Dec 31 10:30:32 BOT 2011: ASYNC -> STATS> Tiempo respuesta -0.023476 seg.
Sat Dec 31 10:30:47 BOT 2011: Session Start>  session por defecto 
Sat Dec 31 10:32:47 BOT 2011: Consulta de precio de reason:10 - msisdn: tono:141881 Async responde:350
 
Sat Dec 31 10:36:17 BOT 2011: Ajax->Mostrar Reproducciones:  
Sat Dec 31 10:37:42 BOT 2011: Ajax->Mostrar Nombre Genero:  
Sat Dec 31 10:37:42 BOT 2011: Ajax->Mostrar Imagen Portada:  
Sat Dec 31 10:37:57 BOT 2011: Ajax-> Mostrar  Nombre Genero > tono:104196 
Sat Dec 31 10:38:06 BOT 2011: Session Start>  session por defecto 
Sat Dec 31 10:38:12 BOT 2011: Busqueda Inteligente: ser recibieron 169 resultados
Sat Dec 31 10:40:18 BOT 2011: Ajax-> Mostrar Ranking > tono:105612 
Sat Dec 31 10:41:21 BOT 2011: Ajax->Mostrar Megusta:  
Sat Dec 31 10:42:54 BOT 2011: ASYNC -> STATS> Tiempo respuesta -0.005204 seg.
Sat Dec 31 10:43:09 BOT 2011: Ajax->Mostrar Megusta:  
Sat Dec 31 10:43:54 BOT 2011: Ajax->Mostrar Megusta:  
Sat Dec 31 10:45:04 BOT 2011: Ajax->Mostrar Reproducciones:  
Sat Dec 31 10:45:28 BOT 2011: Ajax-> Mostrar Megusta> tono:132455 
Sat Dec 31 10:48:34 BOT 2011: Ajax->Mostrar Nombre Genero:  
Sat Dec 31 10:53:08 BOT 2011: Ajax-> Mostrar Ranking > tono:103606 
Sat Dec 31 10:56:47 BOT 2011: Ajax->Mostrar Ranking:  
Sat Dec 31 10:57:44 BOT 2011: Mostrar Genero: >G&eacute;nero:  <a href='index.php?seccion=playlist&genero=126'>MTV</a>
Sat Dec 31 10:57:59 BOT 2011: Ajax-> Mostrar Comentarios> tono:141922 
Sat Dec 31 10:58:50 BOT 2011: Ajax-> Mostrar  Nombre Artista > tono:125100 
Sat Dec 31 11:00:06 BOT 2011: Ajax->Mostrar Megusta:  
Sat Dec 31 11:00:30 BOT 2011: Ajax-> Mostrar Comentarios> tono:128612 
Sat Dec 31 11:01:30 BOT 2011: Ajax->Mostrar Reproducciones:  
Sat Dec 31 11:07:10 BOT 2011: Ajax->Mostrar Reproducciones:  
Sat Dec 31 11:07:47 BOT 2011: Mostrar Megusta> tono: 104941 msisdn: > a otros 36  les gusta 
Sat Dec 31 11:08:32 BOT 2011: Ajax->Mostrar Nombre Artista:  
Sat Dec 31 11:10:07 BOT 2011: Mostrar Album: >albumes/album-default.jpg
Sat Dec 31 11:10:50 BOT 2011: Ajax->Mostrar Ranking:  
Sat Dec 31 11:10:58 BOT 2011: Ajax-> Mostrar Ranking > tono:123523 
Sat Dec 31 11:11:23 BOT 2011: Busqueda Inteligente: resultados >103414
Sat Dec 31 11:12:26 BOT 2011: Busqueda Inteligente: 
Sat Dec 31 11:15:20 BOT 2011: ASYNC -> STATS> Tiempo respuesta 0.367305 seg.
Sat Dec 31 11:15:32 BOT 2011: Ajax->Mostrar Reproducciones:  
Sat Dec 31 11:15:39 BOT 2011: Ajax-> Mostrar Ranking > tono:161 
Sat Dec 31 11:16:57 BOT 2011: Ajax->Mostrar Imagen Portada:  
Sat Dec 31 11:17:42 BOT 2011: Ajax->Mostrar Reproducciones:  
Sat Dec 31 11:17:57 BOT 2011: Ajax->Mostrar Nombre Genero:  
Sat Dec 31 11:20:43 BOT 2011: Ajax->Mostrar Nombre Genero:  
Sat Dec 31 11:22:10 BOT 2011: ASYNC -> STATS> Tiempo respuesta 0.006035 seg.
Sat Dec 31 11:23:07 BOT 2011: Ajax-> Mostrar  Imagen Portada> Album:Artista:  <a href='index.php?seccion=playlist&autor=1119'>Chaplin Show</a>
Sat Dec 31 11:25:38 BOT 2011: Check Session > msisdn: 77923084 > Usuario Valido 
Sat Dec 31 11:26:05 BOT 2011: Consulta de precio de reason:3 - msisdn: tono:102538 Async responde:350
 
Sat Dec 31 11:27:08 BOT 2011: Ajax-> Mostrar  Nombre Artista > tono:104740 
Sat Dec 31 11:27:53 BOT 2011: DB_ELIMINAR_BACKTONES > Msisdn:77385906 tono :103406 -> quitando tonos asignados a 1 amigos
Sat Dec 31 11:29:30 BOT 2011: Ajax-> Mostrar Megusta> tono:104469 
Sat Dec 31 11:32:51 BOT 2011: Ajax->Mostrar Nombre Artista:  
Sat Dec 31 11:36:31 BOT 2011: Asignar backtone escuchado > Asi termino:125100,125098,125096,125094,125092,125090,125088,125067,131812,103474,104903,102538,103763,102529,125102,103469,
Sat Dec 31 11:37:13 BOT 2011: Asignar backtone escuchado > Asi termino:103232,103082,105257,102822,103085,103234,172,37,103189,103084,103939,125739,136210,136246,136208,136207,135975,136220,105682,
Sat Dec 31 11:39:25 BOT 2011: Ajax-> Mostrar  Nombre Genero > tono:104941 
Sat Dec 31 11:40:07 BOT 2011: Ajax->Mostrar Nombre Artista:  
Sat Dec 31 11:40:37 BOT 2011: Ajax->Mostrar Nombre Artista:  
Sat Dec 31 11:41:22 BOT 2011: Ajax->Mostrar Comentarios:  
Sat Dec 31 11:41:34 BOT 2011: Ajax-> Mostrar  Nombre Genero > tono:125094 
Sat Dec 31 11:41:34 BOT 2011: Mostrar Album: >albumes/album-default.jpg
Sat Dec 31 11:41:34 BOT 2011: Ajax->Mostrar Comentarios:  
Sat Dec 31 11:41:49 BOT 2011: Ajax->Mostrar Comentarios:  
Sat Dec 31 11:42:59 BOT 2011: Ajax-> Mostrar Ranking > tono:110342 
Sat Dec 31 11:46:35 BOT 2011: Ajax-> Mostrar  Nombre Genero > tono:132454 
Sat Dec 31 11:47:05 BOT 2011: Ajax->Mostrar Reproducciones:  
Sat Dec 31 11:47:08 BOT 2011: MTD_DB_BUSCAR_ARTISTAS > retornando registros:19
Sat Dec 31 11:47:47 BOT 2011: Ajax->Mostrar Nombre Genero:  
Sat Dec 31 11:48:12 BOT 2011: ASYNC -> STATS> Tiempo respuesta 0.0021800000000001 seg.
Sat Dec 31 11:49:17 BOT 2011: WEB REPROD BUSQ > Facebook link: http%3A%2F%2Fbacktones.tigo.com.bo%2Fv3%2Findex.php%3Fseccion%3Dplaylist%26genero%3D96%26f%3D1%26t%3D123123
Sat Dec 31 11:49:36 BOT 2011: Ajax->Mostrar Comentarios:  
Sat Dec 31 11:51:03 BOT 2011: Busqueda Inteligente: resultados >104623
Sat Dec 31 11:51:15 BOT 2011: Ajax->Mostrar Nombre Genero:  
Sat Dec 31 11:51:45 BOT 2011: Asignar backtone escuchado > Asi termino:130808,130804,139727,130814,135057,105762,105764,103134,103274,163,247,502,404,103189,517,104404,103054,515,103232,103082,
Sat Dec 31 11:51:48 BOT 2011: Ajax->Mostrar Comentarios:  
Sat Dec 31 11:52:15 BOT 2011: STATS > BUSQUEDA DE BACKTONE >Tiempo: -0.05838 seg. | registros: 96
Sat Dec 31 11:52:42 BOT 2011: Ajax->Mostrar Comentarios:  
Sat Dec 31 11:52:57 BOT 2011: ASYNC -> STATS> Tiempo respuesta -0.434795 seg.
Sat Dec 31 11:54:06 BOT 2011: Ajax->Mostrar Reproducciones:  
Sat Dec 31 11:55:24 BOT 2011: ASYNC -> STATS> Tiempo respuesta 0.008055 seg.
Sat Dec 31 11:55:57 BOT 2011: ASYNC -> STATS> Tiempo respuesta 0.01146 seg.
Sat Dec 31 11:58:46 BOT 2011: Ajax->Mostrar Imagen Portada:  
Sat Dec 31 11:59:40 BOT 2011: Ajax->Mostrar Ranking:  
Sat Dec 31 12:01:22 BOT 2011: Ajax->Mostrar Nombre Artista:  
Sat Dec 31 12:03:22 BOT 2011: Ajax->Mostrar Nombre Genero:  
Sat Dec 31 12:03:26 BOT 2011: Ajax->Mostrar Reproducciones:  
Sat Dec 31 12:03:35 BOT 2011: Ajax-> Mostrar  Imagen Portada> tono:142632 
Sat Dec 31 12:04:08 BOT 2011: ASYNC -> STATS> Tiempo respuesta 0.008495 seg.
Sat Dec 31 12:04:32 BOT 2011: Asignar backtone escuchado > Asi termino:103474,104903,102538,103763,102529,125102,125100,125098,125096,125094,125092,125090,125088,125067,131812,103469,
Sat Dec 31 12:05:11 BOT 2011: Ajax->Mostrar Ranking:  
Sat Dec 31 12:09:11 BOT 2011: Ajax->Mostrar Ranking:  
Sat Dec 31 12:10:54 BOT 2011: Ajax-> Mostrar Megusta> tono:127757 
Sat Dec 31 12:11:33 BOT 2011: Busqueda Inteligente: resultados >106289
Sat Dec 31 12:12:12 BOT 2011: Ajax-> Mostrar Megusta> tono:125090 
Sat Dec 31 12:13:00 BOT 2011: ASYNC -> STATS> Tiempo respuesta -0.424281 seg.
Sat Dec 31 12:13:06 BOT 2011: ASYNC -> STATS> Tiempo respuesta 0.334196 seg.
Sat Dec 31 12:15:18 BOT 2011: Ajax-> Mostrar Megusta> tono:103543 
Sat Dec 31 12:16:06 BOT 2011: Busqueda Inteligente: 
Sat Dec 31 12:16:12 BOT 2011: ASYNC -> STATS> Tiempo respuesta 0.0044200000000001 seg.
Sat Dec 31 12:17:45 BOT 2011: ASYNC -> STATS> Tiempo respuesta 0.141914 seg.
Sat Dec 31 12:17:45 BOT 2011: ASYNC -> STATS> Tiempo respuesta 0.32089 seg.
Sat Dec 31 12:17:51 BOT 2011: Ajax-> Mostrar  Nombre Genero > tono:103184 
Sat Dec 31 12:18:25 BOT 2011: ASYNC -> STATS> Tiempo respuesta 0.031816 seg.
Sat Dec 31 12:18:43 BOT 2011: Ajax->Mostrar Reproducciones:  
Sat Dec 31 12:20:55 BOT 2011: Ajax->Mostrar Ranking:  
Sat Dec 31 12:21:16 BOT 2011: ASYNC -> STATS> Tiempo respuesta 0.008138 seg.
Sat Dec 31 12:22:37 BOT 2011: Ajax-> Mostrar Ranking > tono:105310 
Sat Dec 31 12:23:22 BOT 2011: Ajax->Mostrar Nombre Artista:  
Sat Dec 31 12:25:04 BOT 2011: Ajax-> Mostrar Comentarios> tono:103939 
Sat Dec 31 12:25:47 BOT 2011: Ajax->Mostrar Nombre Artista:  
Sat Dec 31 12:26:35 BOT 2011: Ajax->Mostrar Megusta:  
Sat Dec 31 12:26:41 BOT 2011: Ajax-> Mostrar Ranking > tono:103083 
Sat Dec 31 12:27:26 BOT 2011: Ajax->Mostrar Nombre Artista:  
Sat Dec 31 12:29:41 BOT 2011: Ajax->Mostrar Megusta:  
Sat Dec 31 12:31:32 BOT 2011: ASYNC -> STATS> Tiempo respuesta 0.0023810000000001 seg.
Sat Dec 31 12:31:35 BOT 2011: Ajax-> Login Usuario msisdn: 78008804  pin:9539 > Validar msisdn
Sat Dec 31 12:32:57 BOT 2011: Check Session > msisdn: 78008804 > Usuario Valido 
Sat Dec 31 12:34:45 BOT 2011: Mostrar Comentarios : tono:135277 
Sat Dec 31 12:35:36 BOT 2011: Busqueda Inteligente: resultados >104206
Sat Dec 31 12:35:45 BOT 2011: Ajax->Mostrar Nombre Genero:  
Sat Dec 31 12:36:42 BOT 2011: ASYNC -> STATS> Tiempo respuesta -0.350636 seg.
Sat Dec 31 12:38:24 BOT 2011: Ajax-> Mostrar Megusta> tono:125096 
Sat Dec 31 12:39:37 BOT 2011: Ajax->Mostrar Imagen Portada:  
Sat Dec 31 12:39:37 BOT 2011: ASYNC -> STATS> Tiempo respuesta -0.898888 seg.
Sat Dec 31 12:41:46 BOT 2011: Ajax->Mostrar Comentarios:  
Sat Dec 31 12:42:13 BOT 2011: Ajax->Mostrar Reproducciones:  
Sat Dec 31 12:43:31 BOT 2011: ASYNC -> STATS> Tiempo respuesta 0.015307 seg.
Sat Dec 31 12:49:05 BOT 2011: Ajax->Mostrar Ranking:  
Sat Dec 31 12:49:11 BOT 2011: Ajax-> Mostrar Megusta> tono:102797 
Sat Dec 31 12:49:50 BOT 2011: Ajax->Mostrar Ranking:  
Sat Dec 31 12:52:05 BOT 2011: Ajax-> Mostrar Comentarios> tono:142230 
Sat Dec 31 12:55:18 BOT 2011: Ajax->Mostrar Megusta:  
Sat Dec 31 12:56:42 BOT 2011: ASYNC -> STATS> Tiempo respuesta -0.656212 seg.
Sat Dec 31 12:56:42 BOT 2011: Ajax-> Mostrar  Nombre Artista > tono:104280 
Sat Dec 31 12:59:03 BOT 2011: ASYNC -> STATS> Tiempo respuesta 0.002374 seg.
Sat Dec 31 13:02:19 BOT 2011: Ajax->Mostrar Comentarios:  
Sat Dec 31 13:09:17 BOT 2011: Asignar backtone escuchado > Asi termino:105284,105024,105276,123218,126470,103062,103748,102610,140821,107763,117848,117840,103187,126095,136251,102621,127894,108563,110342,108561,
Sat Dec 31 13:09:20 BOT 2011: Ajax-> Mostrar Ranking > tono:142273 
Sat Dec 31 13:12:47 BOT 2011: Ajax->Mostrar Comentarios:  
Sat Dec 31 13:12:56 BOT 2011: Ajax-> Mostrar Ranking > tono:133883 
Sat Dec 31 13:13:23 BOT 2011: Ajax->Mostrar Nombre Genero:  
Sat Dec 31 13:13:56 BOT 2011: ASYNC -> STATS> Tiempo respuesta 0.002817 seg.
Sat Dec 31 13:14:44 BOT 2011: Ajax->Mostrar Megusta:  
Sat Dec 31 13:14:50 BOT 2011: Session Start>  session por defecto 
Sat Dec 31 13:16:48 BOT 2011: Ajax-> Mostrar  Nombre Genero > tono:102529 
Sat Dec 31 13:25:58 BOT 2011: Ajax->Mostrar Reproducciones:  
Sat Dec 31 13:29:41 BOT 2011: Ajax->Mostrar Nombre Genero:  
Sat Dec 31 13:31:20 BOT 2011: Ajax->Mostrar Reproducciones:  
Sat Dec 31 13:41:24 BOT 2011: Busqueda Inteligente: resultados >121499
Sat Dec 31 13:48:22 BOT 2011: Ajax-> Mostrar Ranking > tono:102934 
Sat Dec 31 13:49:13 BOT 2011: MTD_DB_BUSCAR_ARTISTAS > retornando registros:19
Sat Dec 31 13:50:16 BOT 2011: WEB REPROD BUSQ > Facebook link: http%3A%2F%2Fbacktones.tigo.com.bo%2Fv3%2Findex.php%3Fseccion%3Dplaylist%26search%3Dso%C3%B1e%26f%3D1%26t%3D123213
Sat Dec 31 13:51:05 BOT 2011: Ajax-> Mostrar Ranking > tono:104133 
Sat Dec 31 13:59:27 BOT 2011: WEB_REPRODUCIR_BUSQUEDA > Se recibieron:48 tonos
Sat Dec 31 13:59:54 BOT 2011: Ajax->Mostrar Imagen Portada:  
Sat Dec 31 14:00:00 BOT 2011: Mostrar Cantidad reproducciones: tono:103030 cantidad: 0
Sat Dec 31 14:01:15 BOT 2011: STATS > BUSQUEDA DE BACKTONE >Tiempo: 0.071588 seg. | registros: 114
Sat Dec 31 14:02:51 BOT 2011: Ajax->Mostrar Ranking:  
Sat Dec 31 14:03:06 BOT 2011: Ajax->Mostrar Ranking:  
Sat Dec 31 14:04:40 BOT 2011: Ajax->Mostrar Reproducciones:  
Sat Dec 31 14:04:40 BOT 2011: Session Start>  session por defecto 
Sat Dec 31 14:11:53 BOT 2011: Mostrar Cantidad reproducciones: tono:104305 cantidad: 0
Sat Dec 31 14:15:41 BOT 2011: Ajax-> Mostrar Megusta> tono:106372 
Sat Dec 31 14:16:50 BOT 2011: Ajax-> Mostrar  Nombre Genero > tono:104498 
Sat Dec 31 14:19:27 BOT 2011: Ajax->Actualizar pin usuario
Sat Dec 31 14:21:03 BOT 2011: ASYNC -> STATS> Tiempo respuesta 0.004162 seg.
Sat Dec 31 14:21:06 BOT 2011: Ajax->Mostrar Reproducciones:  
Sat Dec 31 14:22:18 BOT 2011: Ajax->Mostrar Nombre Genero:  
Sat Dec 31 14:23:45 BOT 2011: Ajax->Mostrar Imagen Portada:  
Sat Dec 31 14:26:01 BOT 2011: Ajax-> Mostrar  Nombre Artista > tono:103114 
Sat Dec 31 14:28:22 BOT 2011: Consulta de precio de reason:5 - msisdn:77486500 tono:141922 Async responde:100
 
Sat Dec 31 14:30:22 BOT 2011: ASYNC -> STATS> Tiempo respuesta 0.005468 seg.
Sat Dec 31 14:31:46 BOT 2011: Ajax-> Mostrar  Nombre Artista > tono:123010 
Sat Dec 31 14:32:31 BOT 2011: Asignar backtone escuchado > Asi termino:113049,126150,104557,104091,435,103481,127452,142148,127457,104090,470,129236,129892,102723,103423,103448,105294,110100,469,105292,
Sat Dec 31 14:32:31 BOT 2011: Ajax->Mostrar Ranking:  
Sat Dec 31 14:35:56 BOT 2011: Ajax->Mostrar Imagen Portada:  
Sat Dec 31 14:36:44 BOT 2011: Check Session > msisdn: 75337313 > Usuario Valido 
Sat Dec 31 14:37:02 BOT 2011: Ajax->Mostrar Ranking:  
Sat Dec 31 14:37:14 BOT 2011: Ajax->Asignar modalidad backtone: > msisdn:75337313 >  modalidad :4  
Sat Dec 31 14:38:17 BOT 2011: Ajax->Mostrar Nombre Artista:  
Sat Dec 31 14:39:53 BOT 2011: Consulta de precio de reason:3 - msisdn: tono:103521 Async responde:350
 
Sat Dec 31 14:41:09 BOT 2011: Mostrar Cantidad reproducciones: tono:103709 cantidad: 0
Sat Dec 31 14:42:18 BOT 2011: Ajax->Mostrar Ranking:  
Sat Dec 31 14:48:13 BOT 2011: Ajax->Mostrar Reproducciones:  
Sat Dec 31 14:49:19 BOT 2011: Ajax->Mostrar Nombre Artista:  
Sat Dec 31 14:49:46 BOT 2011: ASYNC -> STATS> Tiempo respuesta 0.011573 seg.
Sat Dec 31 14:50:04 BOT 2011: Ajax-> Mostrar Ranking > tono:139347 
Sat Dec 31 14:55:07 BOT 2011: Ajax->Mostrar Imagen Portada:  
Sat Dec 31 14:56:17 BOT 2011: ASYNC -> STATS> Tiempo respuesta -0.814454 seg.
Sat Dec 31 14:58:56 BOT 2011: ASYNC -> STATS> Tiempo respuesta 0.024538 seg.
Sat Dec 31 15:00:05 BOT 2011: Ajax->Mostrar Reproducciones:  
Sat Dec 31 15:00:17 BOT 2011: ASYNC -> STATS> Tiempo respuesta 0.007845 seg.
Sat Dec 31 15:00:35 BOT 2011: Asignar backtone escuchado > Asi termino:107586,103482,134025,103428,103481,103423,105290,105418,104943,104445,103011,119661,103517,112464,103927,103483,112462,107757,107755,107752,
Sat Dec 31 15:00:50 BOT 2011: ASYNC -> STATS> Tiempo respuesta 0.009246 seg.
Sat Dec 31 15:01:38 BOT 2011: Ajax-> Mostrar Comentarios> tono:141881 
Sat Dec 31 15:02:00 BOT 2011: Ajax->Mostrar Megusta:  
Sat Dec 31 15:02:12 BOT 2011: Mostrar Cantidad reproducciones: tono:104051 cantidad: 0
Sat Dec 31 15:03:03 BOT 2011: ASYNC -> STATS> Tiempo respuesta 0.007743 seg.
Sat Dec 31 15:04:12 BOT 2011: ASYNC -> STATS> Tiempo respuesta 0.013907 seg.
Sat Dec 31 15:05:48 BOT 2011: Ajax->Mostrar Reproducciones:  
Sat Dec 31 15:06:36 BOT 2011: Asignar backtone escuchado > Asi termino:104298,105264,103507,104650,103506,149,103508,105265,129675,105262,118724,123542,131036,
Sat Dec 31 15:06:43 BOT 2011: Ajax->Mostrar Nombre Genero:  
Sat Dec 31 15:08:04 BOT 2011: ASYNC -> STATS> Tiempo respuesta 0.550363 seg.
Sat Dec 31 15:08:13 BOT 2011: Ajax-> Mostrar  Imagen Portada> tono:130801 
Sat Dec 31 15:10:01 BOT 2011: Ajax-> Mostrar Ranking > tono:118747 
Sat Dec 31 15:10:22 BOT 2011: Ajax-> Mostrar  Imagen Portada> Album:albumes/album-default.jpg
Sat Dec 31 15:11:35 BOT 2011: Ajax->Mostrar Reproducciones:  
Sat Dec 31 15:12:26 BOT 2011: WEB_REPRODUCIR_BUSQUEDA > Se recibieron:1 tonos
Sat Dec 31 15:16:08 BOT 2011: Ajax-> Mostrar  Nombre Artista > tono:104576 
Sat Dec 31 15:16:47 BOT 2011: Ajax-> Mostrar  Nombre Artista > tono:103823 
Sat Dec 31 15:17:14 BOT 2011: Ajax->Mostrar Comentarios:  
Sat Dec 31 15:18:06 BOT 2011: Asignar backtone escuchado > Asi termino:107567,140823,103597,104870,105836,103187,102953,107573,103747,105052,104926,104925,104924,104923,105051,104922,105050,105049,105048,104921,
Sat Dec 31 15:18:12 BOT 2011: Ajax->Mostrar Nombre Artista:  
Sat Dec 31 15:18:15 BOT 2011: ASYNC -> STATS> Tiempo respuesta 0.008459 seg.
Sat Dec 31 15:27:25 BOT 2011: ASYNC -> STATS> Tiempo respuesta 0.014731 seg.
Sat Dec 31 15:28:22 BOT 2011: Busqueda Inteligente: PK2
Sat Dec 31 15:28:37 BOT 2011: Mostrar Comentarios : tono:107763 
Sat Dec 31 15:29:04 BOT 2011: Ajax-> Mostrar Comentarios> tono:560 
Sat Dec 31 15:33:11 BOT 2011: Ajax->Mostrar Nombre Artista:  
Sat Dec 31 15:35:17 BOT 2011: Ajax->Mostrar Imagen Portada:  
Sat Dec 31 15:37:20 BOT 2011: Ajax->Mostrar Nombre Artista:  
Sat Dec 31 15:39:14 BOT 2011: Ajax->Actualizar pin usuario
Sat Dec 31 15:40:00 BOT 2011: Ajax->Mostrar Megusta:  
Sat Dec 31 15:40:15 BOT 2011: Busqueda Inteligente: 
Sat Dec 31 15:48:52 BOT 2011: Mostrar Megusta > tono: 124243 msisdn:77077915 > cantidad de registros: 0
Sat Dec 31 15:49:34 BOT 2011: Ajax-> Mostrar  Imagen Portada> tono:140821 
Sat Dec 31 15:54:22 BOT 2011: Consulta de precio de reason:3 - msisdn: tono:128221 Async responde:350
 
Sat Dec 31 15:56:23 BOT 2011: Ajax->Mostrar Nombre Genero:  
Sat Dec 31 16:00:35 BOT 2011: Ajax->Mostrar Ranking:  
Sat Dec 31 16:05:57 BOT 2011: Ajax->Mostrar Comentarios:  
Sat Dec 31 16:06:00 BOT 2011: Ajax->Mostrar Nombre Genero:  
Sat Dec 31 16:10:13 BOT 2011: STATS > BUSQUEDA DE BACKTONE >Tiempo: -0.922292 seg. | registros: 114
Sat Dec 31 16:11:46 BOT 2011: Ajax-> Mostrar  Nombre Genero > tono:141835 
Sat Dec 31 16:11:46 BOT 2011: Asignar backtone escuchado > Asi termino:102782,102781,102786,
Sat Dec 31 16:22:56 BOT 2011: Ajax->Mostrar Comentarios:  
Sat Dec 31 16:26:51 BOT 2011: Ajax->Mostrar Nombre Genero:  
Sat Dec 31 16:27:12 BOT 2011: Ajax->Mostrar Ranking:  
Sat Dec 31 16:30:20 BOT 2011: ASYNC -> STATS> Tiempo respuesta 0.728006 seg.
Sat Dec 31 16:30:35 BOT 2011: Busqueda Inteligente: resultados >124025
Sat Dec 31 16:31:56 BOT 2011: Asignar backtone escuchado > Asi termino:104886,130364,104819,75,104357,102615,102614,102786,102782,102781,
Sat Dec 31 16:32:39 BOT 2011: Ajax->Mostrar Imagen Portada:  
Sat Dec 31 16:33:00 BOT 2011: Ajax-> Mostrar Ranking > tono:106382 
Sat Dec 31 16:33:51 BOT 2011: Ajax->Mostrar Ranking:  
Sat Dec 31 16:34:18 BOT 2011: Ajax->Mostrar Reproducciones:  
Sat Dec 31 16:34:24 BOT 2011: Ajax-> Mostrar  Nombre Artista > tono:142632 
Sat Dec 31 16:36:24 BOT 2011: ASYNC -> STATS> Tiempo respuesta 0.135483 seg.
Sat Dec 31 16:37:57 BOT 2011: Ajax->Mostrar Comentarios:  
Sat Dec 31 16:39:48 BOT 2011: Ajax-> Mostrar Ranking > tono:118727 
Sat Dec 31 16:41:28 BOT 2011: Ajax->Mostrar Reproducciones:  
Sat Dec 31 16:42:31 BOT 2011: Ajax->Mostrar Comentarios:  
Sat Dec 31 16:44:22 BOT 2011: Ajax->Mostrar Comentarios:  
Sat Dec 31 16:45:40 BOT 2011: Ajax->Mostrar Comentarios:  
Sat Dec 31 16:45:55 BOT 2011: ASYNC -> STATS> Tiempo respuesta 0.013102 seg.
Sat Dec 31 16:45:58 BOT 2011: Check Session > msisdn: 75023861 > Usuario Valido 
Sat Dec 31 16:48:08 BOT 2011: Ajax-> Mostrar Comentarios> tono:102954 
Sat Dec 31 16:48:59 BOT 2011: Ajax->Mostrar Ranking:  
Sat Dec 31 16:49:32 BOT 2011: Ajax-> Mostrar Comentarios> tono:104120 
Sat Dec 31 16:50:20 BOT 2011: Ajax-> Mostrar Comentarios> tono:137291 
Sat Dec 31 16:51:26 BOT 2011: Ajax-> Mostrar  Nombre Genero > tono:129892 
Sat Dec 31 16:53:08 BOT 2011: Ajax->Mostrar Imagen Portada:  
Sat Dec 31 16:54:29 BOT 2011: Asignar backtone escuchado > Asi termino:131835,
Sat Dec 31 16:55:39 BOT 2011: Ajax-> Mostrar  Imagen Portada> tono:123527 
Sat Dec 31 16:56:36 BOT 2011: Ajax->Mostrar Ranking:  
Sat Dec 31 16:57:51 BOT 2011: ASYNC -> STATS> Tiempo respuesta 0.009635 seg.
Sat Dec 31 16:57:54 BOT 2011: Busqueda Inteligente: 
Sat Dec 31 16:58:48 BOT 2011: ASYNC -> STATS> Tiempo respuesta -0.140705 seg.
Sat Dec 31 16:58:51 BOT 2011: ASYNC -> STATS> Tiempo respuesta 0.513874 seg.
Sat Dec 31 16:59:57 BOT 2011: Ajax->Mostrar Nombre Artista:  
Sat Dec 31 17:00:15 BOT 2011: Ajax->Mostrar Comentarios:  
Sat Dec 31 17:01:00 BOT 2011: Ajax->Mostrar Ranking:  
Sat Dec 31 17:01:09 BOT 2011: Busqueda Inteligente: resultados >103809
Sat Dec 31 17:01:12 BOT 2011: Ajax->Mostrar Comentarios:  
Sat Dec 31 17:03:16 BOT 2011: ASYNC -> STATS> Tiempo respuesta 0.003065 seg.
Sat Dec 31 17:03:31 BOT 2011: Ajax->Mostrar Comentarios:  
Sat Dec 31 17:04:19 BOT 2011: Ajax->Mostrar Megusta:  
Sat Dec 31 17:04:22 BOT 2011: ASYNC -> STATS> Tiempo respuesta 0.008848 seg.
Sat Dec 31 17:05:10 BOT 2011: ASYNC -> STATS> Tiempo respuesta 0.026776 seg.
Sat Dec 31 17:05:58 BOT 2011: ASYNC -> STATS> Tiempo respuesta 0.004489 seg.
Sat Dec 31 17:06:25 BOT 2011: Ajax->Mostrar Megusta:  
Sat Dec 31 17:06:40 BOT 2011: Ajax-> Mostrar Megusta> tono:120252 
Sat Dec 31 17:07:43 BOT 2011: Ajax-> Mostrar  Nombre Genero > tono:105555 
Sat Dec 31 17:08:55 BOT 2011: ASYNC -> STATS> Tiempo respuesta 0.0058039999999999 seg.
Sat Dec 31 17:08:58 BOT 2011: ASYNC -> STATS> Tiempo respuesta 0.733154 seg.
Sat Dec 31 17:09:23 BOT 2011: Mostrar Megusta > tono: 135057 msisdn:78541240 > cantidad de registros: 0
Sat Dec 31 17:09:23 BOT 2011: Asignar backtone escuchado > Asi termino:103328,102622,135108,127759,102650,127423,104279,448,127771,102693,103342,104393,240,106290,106289,106288,106286,102621,102610,102632,
Sat Dec 31 17:09:53 BOT 2011: Ajax-> Mostrar Comentarios> tono:104190 
Sat Dec 31 17:10:26 BOT 2011: Ajax->Mostrar Comentarios:  
Sat Dec 31 17:11:23 BOT 2011: Session Start>  session por defecto 
Sat Dec 31 17:11:38 BOT 2011: Ajax->Mostrar Nombre Artista:  
Sat Dec 31 17:11:56 BOT 2011: Ajax->Mostrar Megusta:  
Sat Dec 31 17:12:23 BOT 2011: Ajax->Mostrar Reproducciones:  
Sat Dec 31 17:12:32 BOT 2011: Ajax-> Mostrar Ranking > tono:102674 
Sat Dec 31 17:13:56 BOT 2011: Ajax->Mostrar Nombre Genero:  
Sat Dec 31 17:14:23 BOT 2011: Ajax-> Mostrar Ranking > tono:141109 
Sat Dec 31 17:18:55 BOT 2011: Ajax->Mostrar Imagen Portada:  
Sat Dec 31 17:19:52 BOT 2011: Ajax->Mostrar Reproducciones:  
Sat Dec 31 17:21:07 BOT 2011: Ajax->Mostrar Reproducciones:  
Sat Dec 31 17:22:25 BOT 2011: ASYNC -> STATS> Tiempo respuesta 0.007944 seg.
Sat Dec 31 17:25:53 BOT 2011: Ajax->Mostrar Ranking:  
Sat Dec 31 17:26:32 BOT 2011: Ajax->Mostrar Ranking:  
Sat Dec 31 17:26:53 BOT 2011: Ajax->Mostrar Reproducciones:  
Sat Dec 31 17:27:02 BOT 2011: ASYNC -> STATS> Tiempo respuesta 0.033716 seg.
Sat Dec 31 17:27:08 BOT 2011: Ajax->Mostrar Reproducciones:  
Sat Dec 31 17:28:47 BOT 2011: Mostrar Cantidad reproducciones: tono:102793 cantidad: 0
Sat Dec 31 17:30:48 BOT 2011: Ajax->Mostrar Ranking:  
Sat Dec 31 17:30:57 BOT 2011: ASYNC -> STATS> Tiempo respuesta 0.005112 seg.
Sat Dec 31 17:31:06 BOT 2011: ASYNC -> STATS> Tiempo respuesta 0.002553 seg.
Sat Dec 31 17:31:12 BOT 2011: Ajax->Mostrar Imagen Portada:  
Sat Dec 31 17:31:27 BOT 2011: Ajax->Mostrar Nombre Artista:  
Sat Dec 31 17:31:45 BOT 2011: Ajax->Mostrar Imagen Portada:  
Sat Dec 31 17:34:06 BOT 2011: ASYNC -> STATS> Tiempo respuesta 0.00673 seg.
Sat Dec 31 17:34:57 BOT 2011: Ajax->Mostrar Imagen Portada:  
Sat Dec 31 17:34:57 BOT 2011: Ajax->Mostrar Nombre Genero:  
Sat Dec 31 17:35:27 BOT 2011: Ajax->Mostrar Nombre Artista:  
Sat Dec 31 17:36:03 BOT 2011: Ajax->Mostrar Nombre Artista:  
Sat Dec 31 17:36:06 BOT 2011: Ajax-> Mostrar Comentarios> tono:129887 
Sat Dec 31 17:37:07 BOT 2011: ASYNC -> STATS> Tiempo respuesta -0.303706 seg.
Sat Dec 31 17:37:34 BOT 2011: Mostrar Genero: >G&eacute;nero:  <a href='index.php?seccion=playlist&genero=132'>Pop</a>
Sat Dec 31 17:38:25 BOT 2011: Ajax-> Mostrar  Nombre Artista > tono:106289 
Sat Dec 31 17:39:07 BOT 2011: Ajax-> Mostrar  Nombre Artista > tono:126173 
Sat Dec 31 17:40:46 BOT 2011: Ajax->Mostrar Comentarios:  
Sat Dec 31 17:41:04 BOT 2011: ASYNC -> STATS> Tiempo respuesta 0.007849 seg.
Sat Dec 31 17:42:22 BOT 2011: STATS > BUSQUEDA DE BACKTONE >Tiempo: 0.03696 seg. | registros: 73
Sat Dec 31 17:44:38 BOT 2011: ASYNC -> STATS> Tiempo respuesta 0.006692 seg.
Sat Dec 31 17:45:02 BOT 2011: Ajax-> popup_listar_amigos: msisdn: 
Sat Dec 31 17:48:44 BOT 2011: Ajax->Mostrar Reproducciones:  
Sat Dec 31 17:49:14 BOT 2011: ASYNC -> STATS> Tiempo respuesta 0.0076419999999999 seg.
Sat Dec 31 17:49:38 BOT 2011: Mostrar Album: >albumes/album-default.jpg
Sat Dec 31 17:50:05 BOT 2011: Busqueda Inteligente: Black Eyed Peas
Sat Dec 31 17:51:05 BOT 2011: Session Start>  session por defecto 
Sat Dec 31 17:51:33 BOT 2011: Busqueda Inteligente: resultados >43
Sat Dec 31 17:51:36 BOT 2011: ASYNC -> STATS> Tiempo respuesta 0.007136 seg.
Sat Dec 31 17:56:24 BOT 2011: ASYNC -> STATS> Tiempo respuesta -0.118808 seg.
Sat Dec 31 17:58:55 BOT 2011: ASYNC -> STATS> Tiempo respuesta 0.006188 seg.
Sat Dec 31 17:59:07 BOT 2011: Ajax->Mostrar Reproducciones:  
Sat Dec 31 17:59:37 BOT 2011: Ajax->Mostrar Ranking:  
Sat Dec 31 18:00:04 BOT 2011: Ajax->Mostrar Reproducciones:  
Sat Dec 31 18:00:58 BOT 2011: ASYNC -> STATS> Tiempo respuesta 0.003903 seg.
Sat Dec 31 18:02:40 BOT 2011: Ajax-> Mostrar Megusta> tono:103170 
Sat Dec 31 18:04:19 BOT 2011: Busqueda Inteligente: 
Sat Dec 31 18:05:28 BOT 2011: Ajax->Mostrar Nombre Genero:  
Sat Dec 31 18:06:44 BOT 2011: Ajax-> Mostrar Comentarios> tono:105068 
Sat Dec 31 18:07:29 BOT 2011: Ajax-> Mostrar  Imagen Portada> tono:105706 
Sat Dec 31 18:08:11 BOT 2011: Mostrar Cantidad reproducciones: tono:142284 cantidad: 0
Sat Dec 31 18:13:45 BOT 2011: Mostrar Megusta > tono: 105049 msisdn:76293262 > cantidad de registros: 0
Sat Dec 31 18:14:42 BOT 2011: Ajax->Mostrar Nombre Artista:  
Sat Dec 31 18:16:18 BOT 2011: Ajax-> Mostrar Ranking > tono:105290 
Sat Dec 31 18:17:03 BOT 2011: Asignar backtone escuchado > Asi termino:103382,102744,102710,103206,38,104026,104794,104293,104938,104214,104215,104294,142275,124243,106266,142287,141922,142284,142286,141946,
Sat Dec 31 18:17:15 BOT 2011: Mostrar Megusta> tono: 110221 msisdn: > a otros 2  les gusta 
Sat Dec 31 18:17:15 BOT 2011: Ajax-> Mostrar  Imagen Portada> tono:102736 
Sat Dec 31 18:17:39 BOT 2011: Ajax-> Mostrar  Nombre Genero > tono:109557 
Sat Dec 31 18:20:09 BOT 2011: ASYNC -> STATS> Tiempo respuesta 0.956737 seg.
Sat Dec 31 18:20:28 BOT 2011: Ajax-> Mostrar Comentarios> tono:123527 
Sat Dec 31 18:22:46 BOT 2011: Ajax-> Mostrar  Nombre Artista > tono:140825 
Sat Dec 31 18:23:28 BOT 2011: Mostrar Genero: >G&eacute;nero:  <a href='index.php?seccion=playlist&genero=159'>Sonidos</a>
Sat Dec 31 18:23:28 BOT 2011: STATS > BUSQUEDA DE BACKTONE >Tiempo: 0.349834 seg. | registros: 12
Sat Dec 31 18:24:04 BOT 2011: ASYNC -> STATS> Tiempo respuesta 0.006953 seg.
Sat Dec 31 18:25:02 BOT 2011: Ajax-> Mostrar  Genero > G&eacute;nero:  <a href='index.php?seccion=playlist&genero=102'>Chistes</a>
Sat Dec 31 18:27:48 BOT 2011: Ajax->Mostrar Nombre Genero:  
Sat Dec 31 18:27:54 BOT 2011: Mostrar Album: >albumes/Solumovil-Version Solumovil.jpg
Sat Dec 31 18:28:23 BOT 2011: Mostrar Cantidad reproducciones: tono:106075 cantidad: 0
Sat Dec 31 18:30:38 BOT 2011: Mostrar Album: >albumes/album-default.jpg
Sat Dec 31 18:31:17 BOT 2011: Ajax-> Mostrar Ranking > tono:118752 
Sat Dec 31 18:34:41 BOT 2011: Ajax->Mostrar Reproducciones:  
Sat Dec 31 18:35:26 BOT 2011: Ajax->Mostrar Reproducciones:  
Sat Dec 31 18:37:26 BOT 2011: Ajax->Mostrar Nombre Genero:  
Sat Dec 31 18:38:08 BOT 2011: Asignar backtone escuchado > Asi termino:104057,104056,104134,104499,105054,104519,105408,102737,102703,102987,104932,104337,102985,104249,104147,104547,102741,103685,104523,104133,
Sat Dec 31 18:38:14 BOT 2011: ASYNC -> STATS> Tiempo respuesta 0.319485 seg.
Sat Dec 31 18:38:14 BOT 2011: STATS > BUSQUEDA DE BACKTONE >Tiempo: -0.286234 seg. | registros: 114
Sat Dec 31 18:38:17 BOT 2011: Consulta de precio de reason:5 - msisdn: tono:104450 Async responde:350
 
Sat Dec 31 18:38:26 BOT 2011: Ajax-> Mostrar Ranking > tono:140826 
Sat Dec 31 18:38:38 BOT 2011: ASYNC -> STATS> Tiempo respuesta 0.331233 seg.
Sat Dec 31 18:39:47 BOT 2011: Ajax->Mostrar Nombre Artista:  
Sat Dec 31 18:40:41 BOT 2011: Ajax->Mostrar Nombre Genero:  
Sat Dec 31 18:41:42 BOT 2011: Ajax-> Mostrar  Imagen Portada> tono:132078 
Sat Dec 31 18:42:39 BOT 2011: Ajax-> Mostrar  Nombre Artista > tono:131824 
Sat Dec 31 18:42:45 BOT 2011: Ajax->Mostrar Megusta:  
Sat Dec 31 18:43:15 BOT 2011: ASYNC -> STATS> Tiempo respuesta 0.01309 seg.
Sat Dec 31 18:45:30 BOT 2011: Check Session > msisdn: 76311756  token:de4de5df1e414ab72855d06c40a50594
Sat Dec 31 18:46:00 BOT 2011: ASYNC -> STATS> Tiempo respuesta 0.014088 seg.
Sat Dec 31 18:47:21 BOT 2011: Asignar backtone escuchado > Asi termino:125511,104658,113600,104886,102622,104999,126029,103686,141881,142527,104506,119847,126175,102718,102672,103034,105392,102663,102671,116501,
Sat Dec 31 18:49:16 BOT 2011: Busqueda Inteligente: Americo
Sat Dec 31 18:49:58 BOT 2011: Asignar backtone escuchado > Asi termino:134661,134660,
Sat Dec 31 18:50:07 BOT 2011: Asignar backtone escuchado > Asi termino:104299,102805,102742,133452,133453,125511,104658,113600,104886,102622,104999,126029,103686,141881,142527,104506,119847,126175,102718,102672,
Sat Dec 31 18:51:16 BOT 2011: Ajax->Mostrar Megusta:  
Sat Dec 31 18:54:19 BOT 2011: Ajax-> Mostrar Ranking > tono:131810 
Sat Dec 31 18:57:50 BOT 2011: Ajax->Mostrar Megusta:  
Sat Dec 31 19:07:24 BOT 2011: Ajax-> Mostrar  Nombre Artista > tono:103479 
Sat Dec 31 19:08:57 BOT 2011: Ajax->Mostrar Imagen Portada:  
Sat Dec 31 19:12:19 BOT 2011: Ajax-> Mostrar  Nombre Artista > tono:135108 
Sat Dec 31 19:14:19 BOT 2011: ASYNC -> STATS> Tiempo respuesta 0.007469 seg.
Sat Dec 31 19:17:58 BOT 2011: Mostrar Album: >Artista:  <a href='index.php?seccion=playlist&autor=615'>Nombre Reggaeton</a>
Sat Dec 31 19:19:29 BOT 2011: Ajax-> Mostrar Comentarios> tono:129901 
Sat Dec 31 19:21:02 BOT 2011: Ajax->Mostrar Nombre Artista:  
Sat Dec 31 19:23:08 BOT 2011: Ajax->Mostrar Nombre Genero:  
Sat Dec 31 19:23:23 BOT 2011: Ajax->Mostrar Megusta:  
Sat Dec 31 19:23:29 BOT 2011: Ajax-> Mostrar  Nombre Genero > tono:105040 
Sat Dec 31 19:24:14 BOT 2011: Ajax->Mostrar Imagen Portada:  
Sat Dec 31 19:25:08 BOT 2011: Ajax->Mostrar Nombre Genero:  
Sat Dec 31 19:25:20 BOT 2011: Ajax->Mostrar Nombre Genero:  
Sat Dec 31 19:25:42 BOT 2011: Ajax->Mostrar Ranking:  
Sat Dec 31 19:27:48 BOT 2011: Ajax->Mostrar Nombre Genero:  
Sat Dec 31 19:30:07 BOT 2011: Busqueda Inteligente: resultados >104553
Sat Dec 31 19:31:09 BOT 2011: Ajax->Mostrar Megusta:  
Sat Dec 31 19:35:55 BOT 2011: Asignar backtone escuchado > Asi termino:140823,137882,106380,131812,142230,140821,141122,120251,141126,120252,142275,143076,
Sat Dec 31 19:36:10 BOT 2011: Ajax-> Mostrar Ranking > tono:130979 
Sat Dec 31 19:36:34 BOT 2011: ASYNC -> STATS> Tiempo respuesta 0.529854 seg.
Sat Dec 31 19:37:24 BOT 2011: WEB_REPRODUCIR_BUSQUEDA > Se recibieron:15 tonos
Sat Dec 31 19:38:15 BOT 2011: Ajax->Mostrar Comentarios:  
Sat Dec 31 19:39:00 BOT 2011: Ajax-> Mostrar Megusta> tono:133413 
Sat Dec 31 19:39:09 BOT 2011: Mostrar Cantidad reproducciones: tono:105548 cantidad: 0
Sat Dec 31 19:39:18 BOT 2011: Ajax-> Mostrar Ranking > tono:137814 
Sat Dec 31 19:40:00 BOT 2011: Mostrar Cantidad reproducciones: tono:141918 cantidad: 0
Sat Dec 31 19:40:18 BOT 2011: Ajax->Mostrar Reproducciones:  
Sat Dec 31 19:41:09 BOT 2011: Ajax->Mostrar Nombre Artista:  
Sat Dec 31 19:41:18 BOT 2011: Ajax-> Mostrar  Nombre Genero > tono:142927 
Sat Dec 31 19:42:33 BOT 2011: Ajax-> Mostrar  Nombre Artista > tono:141881 
Sat Dec 31 19:42:33 BOT 2011: ASYNC -> STATS> Tiempo respuesta 0.008982 seg.
Sat Dec 31 19:42:42 BOT 2011: ASYNC -> STATS> Tiempo respuesta 0.013867 seg.
Sat Dec 31 19:43:09 BOT 2011: Ajax->Mostrar Comentarios:  
Sat Dec 31 19:43:12 BOT 2011: Ajax->Eliminando backtone: msisdn:76480811   
Sat Dec 31 19:45:58 BOT 2011: Ajax-> Mostrar Comentarios> tono:142927 
Sat Dec 31 19:46:34 BOT 2011: STATS > BUSQUEDA DE BACKTONE >Tiempo: 0.0777 seg. | registros: 114
Sat Dec 31 19:46:55 BOT 2011: ASYNC -> STATS> Tiempo respuesta 0.004485 seg.
Sat Dec 31 19:48:43 BOT 2011: Asignar backtone escuchado > Asi termino:142527,110221,103686,132096,103713,104465,103712,141880,141881,
Sat Dec 31 19:49:01 BOT 2011: Ajax->Mostrar Comentarios:  
Sat Dec 31 19:50:35 BOT 2011: Asignar backtone escuchado > Asi termino:128304,123523,131044,123538,131040,131049,131035,140821,104093,129236,129892,434,104555,103430,438,105533,137818,105036,
Sat Dec 31 19:51:08 BOT 2011: Ajax-> Mostrar Comentarios> tono:128307 
Sat Dec 31 22:13:43 BOT 2011: ASYNC -> STATS> Tiempo respuesta 0.004926 seg.
Sat Dec 31 22:13:58 BOT 2011: Ajax->Mostrar Ranking:  
Sat Dec 31 22:16:20 BOT 2011: Ajax->Mostrar Ranking:  
Sat Dec 31 22:45:46 BOT 2011: Busqueda Inteligente: resultados >136231
Sat Dec 31 23:17:11 BOT 2011: ASYNC -> STATS> Tiempo respuesta 0.006054 seg.
Sat Dec 31 23:17:47 BOT 2011: ASYNC -> STATS> Tiempo respuesta -0.037918 seg.
Sat Dec 31 23:18:26 BOT 2011: Asignar backtone escuchado > Asi termino:121500,121499,131038,131728,121501,131044,123533,123528,131730,123530,123525,131042,123518,123531,123519,131049,131035,
Sat Dec 31 23:20:45 BOT 2011: ASYNC -> STATS> Tiempo respuesta 0.012158 seg.
Sat Dec 31 23:23:42 BOT 2011: Ajax->Mostrar Comentarios:  
Sat Dec 31 23:30:13 BOT 2011: Ajax->Mostrar Nombre Artista:  
Sat Dec 31 23:31:58 BOT 2011: Ajax->Mostrar Nombre Genero:  
