Wed Sep 5 8:42:18 BOT 2012: Ajax-> Mostrar Ranking > tono:106380 
Wed Sep 5 8:42:21 BOT 2012: ASYNC -> STATS> Tiempo respuesta 0.988556 seg.
Wed Sep 5 8:56:10 BOT 2012: Busqueda Inteligente: yo quiero tener
Wed Sep 5 8:57:19 BOT 2012: Session Start>  session por defecto 
Wed Sep 5 8:57:31 BOT 2012: Ajax-> Mostrar  Nombre Artista > tono:104467 
Wed Sep 5 9:06:25 BOT 2012: Asignar backtone escuchado > Asi termino:104104,134034,132105,103997,135172,133448,105610,113620,135133,155090,378,103306,103477,130977,102884,102773,102883,154234,
Wed Sep 5 9:08:22 BOT 2012: Ajax-> Mostrar Ranking > tono:150304 
Wed Sep 5 9:11:17 BOT 2012: Mostrar Comentarios : tono:150214 
Wed Sep 5 9:12:05 BOT 2012: Mostrar Album: >albumes/album-default.jpg
Wed Sep 5 9:14:30 BOT 2012: Ajax-> Mostrar  Nombre Genero > tono:103603 
Wed Sep 5 9:15:12 BOT 2012: ASYNC -> STATS> Tiempo respuesta 0.002439 seg.
Wed Sep 5 9:15:48 BOT 2012: Asignar backtone escuchado > Asi termino:105374,105369,105380,105381,105368,105371,105364,105378,105376,105379,105382,105372,105366,105365,105377,105370,126677,105988,509,144192,
Wed Sep 5 9:15:48 BOT 2012: Ajax-> Mostrar Ranking > tono:103220 
Wed Sep 5 9:20:50 BOT 2012: Ajax->Mostrar Imagen Portada:  
Wed Sep 5 9:21:12 BOT 2012: Mostrar Album: >albumes/album-default.jpg
Wed Sep 5 9:21:39 BOT 2012: Ajax->Mostrar Nombre Artista:  
Wed Sep 5 9:26:01 BOT 2012: Ajax-> Mostrar Ranking > tono:124051 
Wed Sep 5 9:26:01 BOT 2012: ASYNC -> STATS> Tiempo respuesta 0.025426 seg.
Wed Sep 5 9:28:50 BOT 2012: Asignar backtone escuchado > Asi termino:129224,104402,129422,104405,104404,104403,129226,131826,256,253,104578,104576,103221,103069,103220,103068,
Wed Sep 5 9:31:53 BOT 2012: Ajax->Mostrar Reproducciones:  
Wed Sep 5 9:34:51 BOT 2012: Check Session > msisdn: 76572480  token:a8f3b8a412703f2e3e15eccf4b86ccec
Wed Sep 5 9:46:21 BOT 2012: ASYNC -> STATS> Tiempo respuesta 0.005073 seg.
Wed Sep 5 9:46:58 BOT 2012: Ajax-> Mostrar Comentarios> tono:103713 
Wed Sep 5 9:47:52 BOT 2012: Asignar backtone escuchado > Asi termino:104408,104407,129428,129220,129224,104402,129422,104405,104404,104403,129226,131826,104421,104420,133663,104419,104418,104417,104416,129228,
Wed Sep 5 9:51:59 BOT 2012: Ajax-> Mostrar  Nombre Artista > tono:129230 
Wed Sep 5 9:52:41 BOT 2012: Ajax->Mostrar Imagen Portada:  
Wed Sep 5 9:53:29 BOT 2012: Ajax->Mostrar Megusta:  
Wed Sep 5 9:55:21 BOT 2012: Ajax->Mostrar Nombre Artista:  
Wed Sep 5 9:56:57 BOT 2012: Asignar backtone escuchado > Asi termino:104614,104078,104505,104002,103611,104613,103610,103609,103608,104463,104001,104065,104504,104000,104077,104207,104208,104076,104209,104075,
Wed Sep 5 9:57:45 BOT 2012: Ajax->Mostrar Reproducciones:  
Wed Sep 5 10:01:04 BOT 2012: Ajax-> Mostrar  Imagen Portada> tono:104402 
Wed Sep 5 10:01:38 BOT 2012: Ajax->Mostrar Megusta:  
Wed Sep 5 10:05:09 BOT 2012: Mostrar Album: >Artista:  <a href='index.php?seccion=playlist&autor=492'>Opratel</a>
Wed Sep 5 10:07:15 BOT 2012: Ajax->Mostrar Ranking:  
Wed Sep 5 10:08:45 BOT 2012: QUERY:SELECT renovacion FROM renovacion WHERE msisdn='75031764' AND tono = 131771
Wed Sep 5 10:10:13 BOT 2012: Ajax->Mostrar Megusta:  
Wed Sep 5 10:11:55 BOT 2012: Ajax-> Login Usuario msisdn: 76021230  pin:2716 > Validar msisdn
Wed Sep 5 10:15:53 BOT 2012: Ajax->Mostrar Reproducciones:  
Wed Sep 5 10:40:55 BOT 2012: Ajax->Mostrar Megusta:  
Wed Sep 5 10:42:07 BOT 2012: Ajax-> Mostrar Comentarios> tono:104027 
Wed Sep 5 10:47:33 BOT 2012: Ajax->Mostrar Imagen Portada:  
Wed Sep 5 10:52:36 BOT 2012: Busqueda Inteligente: resultados >133683
Wed Sep 5 11:32:15 BOT 2012: Busqueda Inteligente: resultados >153334
Wed Sep 5 11:32:15 BOT 2012: Ajax->Mostrar Nombre Genero:  
Wed Sep 5 11:32:42 BOT 2012: Asignar backtone escuchado > Asi termino:113049,155148,107589,105704,127447,135200,127415,135213,103432,129901,102727,127461,104084,436,127459,127771,113052,135228,155152,103433,
Wed Sep 5 11:34:10 BOT 2012: Ajax->Mostrar Imagen Portada:  
Wed Sep 5 11:34:25 BOT 2012: Asignar backtone escuchado > Asi termino:110101,127429,127438,105290,104089,103431,105702,103818,103450,155120,104782,127472,104556,127433,105292,469,110100,105294,103448,103423,
Wed Sep 5 11:34:25 BOT 2012: ASYNC -> STATS> Tiempo respuesta 0.118333 seg.
Wed Sep 5 11:35:07 BOT 2012: Ajax-> Mostrar  Nombre Artista > tono:145182 
Wed Sep 5 11:40:48 BOT 2012: Ajax->Mostrar Ranking:  
Wed Sep 5 11:44:06 BOT 2012: Ajax->Mostrar Ranking:  
Wed Sep 5 11:44:09 BOT 2012: Ajax-> Mostrar Ranking > tono:104998 
Wed Sep 5 11:48:01 BOT 2012: Ajax->Mostrar Megusta:  
Wed Sep 5 11:48:29 BOT 2012: ASYNC -> STATS> Tiempo respuesta 0.001357 seg.
Wed Sep 5 11:48:38 BOT 2012: ASYNC -> STATS> Tiempo respuesta -0.229773 seg.
Wed Sep 5 11:48:38 BOT 2012: Ajax->Mostrar Ranking:  
Wed Sep 5 11:48:38 BOT 2012: Asignar backtone escuchado > Asi termino:437,103819,103430,103451,104553,129234,104560,127417,103816,104554,136633,136632,103429,103817,103872,127441,113047,110210,136630,104088,
Wed Sep 5 11:48:41 BOT 2012: Ajax->Mostrar Imagen Portada:  
Wed Sep 5 11:48:44 BOT 2012: Ajax-> Mostrar Ranking > tono:104558 
Wed Sep 5 11:49:08 BOT 2012: Ajax-> Mostrar Ranking > tono:145181 
Wed Sep 5 11:49:50 BOT 2012: ASYNC -> STATS> Tiempo respuesta 0.003977 seg.
Wed Sep 5 11:51:20 BOT 2012: Ajax->Mostrar Imagen Portada:  
Wed Sep 5 11:51:29 BOT 2012: Ajax-> Mostrar  Nombre Artista > tono:110100 
Wed Sep 5 11:51:56 BOT 2012: WEB REPROD BUSQ > Facebook link: http%3A%2F%2Fbacktones.tigo.com.bo%2Fv3%2Findex.php%3Fseccion%3Dplaylist%26autor%3D1618%26f%3D1%26t%3D1231233
Wed Sep 5 11:51:56 BOT 2012: Ajax-> Mostrar Ranking > tono:103818 
Wed Sep 5 11:52:18 BOT 2012: Asignar backtone escuchado > Asi termino:102728,104555,434,126026,129891,110101,127429,127438,105290,104089,103431,105702,103818,103450,155120,104782,127472,104556,127433,105292,
Wed Sep 5 11:52:57 BOT 2012: Ajax-> Mostrar  Imagen Portada> tono:135225 
Wed Sep 5 11:53:00 BOT 2012: Ajax-> Mostrar Ranking > tono:150036 
Wed Sep 5 11:53:12 BOT 2012: Ajax->Mostrar Reproducciones:  
Wed Sep 5 11:55:24 BOT 2012: Ajax->Mostrar Nombre Artista:  
Wed Sep 5 11:55:39 BOT 2012: Asignar backtone escuchado > Asi termino:104091,104557,113049,126150,107589,155148,105704,127447,135200,127415,135213,103432,129901,102727,104084,127461,436,127459,127771,113052,
Wed Sep 5 12:06:18 BOT 2012: ASYNC -> STATS> Tiempo respuesta 0.001324 seg.
Wed Sep 5 12:06:36 BOT 2012: ASYNC -> STATS> Tiempo respuesta 0.003506 seg.
Wed Sep 5 12:06:57 BOT 2012: ASYNC -> STATS> Tiempo respuesta 0.001598 seg.
Wed Sep 5 12:13:44 BOT 2012: Session Start>  session por defecto 
Wed Sep 5 12:19:03 BOT 2012: Ajax-> Mostrar Ranking > tono:105522 
Wed Sep 5 12:20:40 BOT 2012: Busqueda Inteligente: 
Wed Sep 5 12:34:19 BOT 2012: Session Start>  session por defecto 
Wed Sep 5 12:38:30 BOT 2012: Ajax->Mostrar Nombre Artista:  
Wed Sep 5 12:39:21 BOT 2012: Ajax->Mostrar Comentarios:  
Wed Sep 5 12:40:24 BOT 2012: Ajax->Mostrar Imagen Portada:  
Wed Sep 5 12:41:33 BOT 2012: Mostrar Ranking: tono:146571 calificacion: 
Wed Sep 5 12:42:34 BOT 2012: Ajax->Mostrar Comentarios:  
Wed Sep 5 12:42:55 BOT 2012: Busqueda Inteligente: 
Wed Sep 5 12:44:55 BOT 2012: Busqueda Inteligente: resultados >141661
Wed Sep 5 12:49:11 BOT 2012: Ajax-> Mostrar Megusta> tono:105758 
Wed Sep 5 12:50:48 BOT 2012: Ajax->Mostrar Imagen Portada:  
Wed Sep 5 13:23:23 BOT 2012: STATS > BUSQUEDA DE BACKTONE >Tiempo: 0.054438 seg. | registros: 114
Wed Sep 5 13:25:05 BOT 2012: Ajax-> Mostrar  Nombre Genero > tono:136222 
Wed Sep 5 13:25:45 BOT 2012: Consulta de precio de reason:2 - msisdn: tono:102741 Async responde:350
 
Wed Sep 5 13:25:51 BOT 2012: Ajax->Mostrar Nombre Artista:  
Wed Sep 5 13:27:21 BOT 2012: Busqueda Inteligente: follow
Wed Sep 5 13:30:07 BOT 2012: Ajax-> Mostrar Ranking > tono:131821 
Wed Sep 5 13:30:22 BOT 2012: Ajax->Mostrar Nombre Genero:  
Wed Sep 5 13:33:44 BOT 2012: Ajax-> Mostrar Megusta> tono:103086 
Wed Sep 5 13:34:05 BOT 2012: Ajax-> Mostrar  Imagen Portada> tono:104532 
Wed Sep 5 13:35:11 BOT 2012: Ajax->Mostrar Nombre Genero:  
Wed Sep 5 13:36:44 BOT 2012: ASYNC -> STATS> Tiempo respuesta 0.0015160000000001 seg.
Wed Sep 5 13:38:24 BOT 2012: Ajax-> Mostrar Comentarios> tono:524 
Wed Sep 5 13:46:53 BOT 2012: Ajax->Mostrar Imagen Portada:  
Wed Sep 5 13:47:41 BOT 2012: Ajax-> Mostrar Megusta> tono:103830 
Wed Sep 5 13:50:30 BOT 2012: Ajax->Mostrar Reproducciones:  
Wed Sep 5 13:52:07 BOT 2012: Session Start>  session por defecto 
Wed Sep 5 13:53:31 BOT 2012: Ajax->Mostrar Reproducciones:  
Wed Sep 5 13:53:43 BOT 2012: Ajax-> Mostrar  Nombre Artista > tono:144160 
Wed Sep 5 13:55:29 BOT 2012: WEB REPROD BUSQ > Facebook link: http%3A%2F%2Fbacktones.tigo.com.bo%2Fv3%2Findex.php%3Fseccion%3Dplaylist%26search%3Dricardo+arjona%26f%3D1%26t%3D123213
Wed Sep 5 13:56:20 BOT 2012: Ajax->Mostrar Nombre Artista:  
Wed Sep 5 14:00:21 BOT 2012: ASYNC -> STATS> Tiempo respuesta 0.002276 seg.
Wed Sep 5 14:12:26 BOT 2012: Ajax-> Mostrar Megusta> tono:155818 
Wed Sep 5 14:15:15 BOT 2012: Ajax->Mostrar Nombre Artista:  
Wed Sep 5 14:15:15 BOT 2012: Ajax->Mostrar Comentarios:  
Wed Sep 5 14:16:39 BOT 2012: Ajax-> Mostrar Comentarios> tono:622 
Wed Sep 5 14:17:00 BOT 2012: Ajax->Mostrar Nombre Artista:  
Wed Sep 5 14:17:27 BOT 2012: ASYNC -> STATS> Tiempo respuesta 0.001988 seg.
Wed Sep 5 14:17:27 BOT 2012: Ajax->Mostrar Imagen Portada:  
Wed Sep 5 14:18:27 BOT 2012: Ajax->Mostrar Nombre Genero:  
Wed Sep 5 14:18:48 BOT 2012: Ajax->Mostrar Nombre Genero:  
Wed Sep 5 14:20:43 BOT 2012: Ajax-> Mostrar Megusta> tono:128237 
Wed Sep 5 14:20:52 BOT 2012: Ajax->Mostrar Reproducciones:  
Wed Sep 5 14:21:25 BOT 2012: Busqueda Inteligente: resultados >144149
Wed Sep 5 14:23:05 BOT 2012: Ajax->Mostrar Comentarios:  
Wed Sep 5 14:23:47 BOT 2012: Mostrar Ranking: tono:127420 calificacion: 
Wed Sep 5 14:25:56 BOT 2012: Ajax->Mostrar Nombre Genero:  
Wed Sep 5 14:26:20 BOT 2012: Error al consultar precio de renovacion - msisdn: tono:104393 - Async responde -3
Wed Sep 5 14:28:45 BOT 2012: Ajax->Mostrar Ranking:  
Wed Sep 5 14:29:06 BOT 2012: Ajax-> Mostrar  Nombre Artista > tono:108594 
Wed Sep 5 14:30:03 BOT 2012: Ajax-> Mostrar  Nombre Artista > tono:108594 
Wed Sep 5 14:31:37 BOT 2012: Ajax->Mostrar Reproducciones:  
Wed Sep 5 14:31:49 BOT 2012: Ajax->Mostrar Nombre Genero:  
Wed Sep 5 14:32:04 BOT 2012: Mostrar Ranking: tono:104199 calificacion: 
Wed Sep 5 14:32:58 BOT 2012: Ajax-> Mostrar  Imagen Portada> tono:104089 
Wed Sep 5 14:34:26 BOT 2012: Busqueda Inteligente: Justin Bieber
Wed Sep 5 14:34:38 BOT 2012: Ajax-> Mostrar  Imagen Portada> tono:127429 
Wed Sep 5 14:35:41 BOT 2012: Ajax->Mostrar Megusta:  
Wed Sep 5 14:37:11 BOT 2012: Ajax-> Mostrar Ranking > tono:102630 
Wed Sep 5 14:39:45 BOT 2012: Ajax-> Mostrar Ranking > tono:137229 
Wed Sep 5 14:41:09 BOT 2012: Ajax->Mostrar Imagen Portada:  
Wed Sep 5 14:41:15 BOT 2012: Ajax->Mostrar Nombre Artista:  
Wed Sep 5 14:42:00 BOT 2012: Ajax->Actualizar pin usuario
Wed Sep 5 14:45:16 BOT 2012: Busqueda Inteligente: 
Wed Sep 5 14:47:32 BOT 2012: Ajax->Mostrar Megusta:  
Wed Sep 5 14:47:44 BOT 2012: Ajax->Mostrar Nombre Genero:  
Wed Sep 5 14:48:23 BOT 2012: ASYNC -> STATS> Tiempo respuesta 0.307166 seg.
Wed Sep 5 14:50:42 BOT 2012: Consulta de precio de reason:2 - msisdn: tono:114593 Async responde:350
 
Wed Sep 5 14:50:45 BOT 2012: ASYNC -> STATS> Tiempo respuesta 0.00067200000000001 seg.
Wed Sep 5 14:50:45 BOT 2012: ASYNC -> STATS> Tiempo respuesta -0.012724 seg.
Wed Sep 5 14:51:39 BOT 2012: ASYNC -> STATS> Tiempo respuesta 0.22725 seg.
Wed Sep 5 14:51:39 BOT 2012: Consulta de precio de reason:2 - msisdn: tono:126141 Async responde:350
 
Wed Sep 5 14:53:52 BOT 2012: Ajax->Mostrar Reproducciones:  
Wed Sep 5 14:55:49 BOT 2012: ASYNC -> STATS> Tiempo respuesta 0.002087 seg.
Wed Sep 5 14:56:58 BOT 2012: ASYNC -> STATS> Tiempo respuesta 0.738452 seg.
Wed Sep 5 14:56:58 BOT 2012: ASYNC -> STATS> Tiempo respuesta 0.191781 seg.
Wed Sep 5 14:57:29 BOT 2012: Ajax->Mostrar Imagen Portada:  
Wed Sep 5 14:58:11 BOT 2012: Ajax-> Mostrar  Nombre Artista > tono:131049 
Wed Sep 5 14:59:11 BOT 2012: Ajax->Mostrar Ranking:  
Wed Sep 5 15:00:59 BOT 2012: Ajax-> Mostrar  Nombre Genero > tono:121500 
Wed Sep 5 15:05:13 BOT 2012: Ajax->Mostrar Ranking:  
Wed Sep 5 15:05:19 BOT 2012: Ajax->Mostrar Reproducciones:  
Wed Sep 5 15:09:08 BOT 2012: Ajax-> Mostrar  Nombre Genero > tono:637 
Wed Sep 5 15:10:21 BOT 2012: Ajax->Mostrar Megusta:  
Wed Sep 5 15:10:24 BOT 2012: Ajax->Mostrar Nombre Genero:  
Wed Sep 5 15:10:54 BOT 2012: ASYNC -> STATS> Tiempo respuesta 0.003086 seg.
Wed Sep 5 15:11:24 BOT 2012: Ajax->Mostrar Reproducciones:  
Wed Sep 5 15:11:39 BOT 2012: Ajax-> Mostrar  Genero > G&eacute;nero:  <a href='index.php?seccion=playlist&genero=102'>Chistes</a>
Wed Sep 5 15:12:30 BOT 2012: Ajax->Mostrar Comentarios:  
Wed Sep 5 15:13:55 BOT 2012: Ajax->Mostrar Nombre Genero:  
Wed Sep 5 15:14:01 BOT 2012: ASYNC -> STATS> Tiempo respuesta -0.082589 seg.
Wed Sep 5 15:15:04 BOT 2012: Consulta de precio de reason:3 - msisdn: tono:103479 Async responde:350
 
Wed Sep 5 15:15:37 BOT 2012: ASYNC -> STATS> Tiempo respuesta 0.006171 seg.
Wed Sep 5 15:16:25 BOT 2012: Ajax-> Mostrar Megusta> tono:114733 
Wed Sep 5 15:17:41 BOT 2012: Ajax->Mostrar Ranking:  
Wed Sep 5 15:18:11 BOT 2012: ASYNC -> STATS> Tiempo respuesta 0.002753 seg.
Wed Sep 5 15:19:02 BOT 2012: Ajax->Mostrar Comentarios:  
Wed Sep 5 15:19:05 BOT 2012: ASYNC -> STATS> Tiempo respuesta 0.001527 seg.
Wed Sep 5 15:27:14 BOT 2012: Ajax-> Mostrar Megusta> tono:103886 
Wed Sep 5 15:27:17 BOT 2012: ASYNC -> STATS> Tiempo respuesta 0.004628 seg.
Wed Sep 5 15:28:20 BOT 2012: session-default => asignando por default session
Wed Sep 5 15:28:59 BOT 2012: Ajax-> Mostrar Comentarios> tono:107573 
Wed Sep 5 15:31:15 BOT 2012: Busqueda Inteligente: resultados >146365
Wed Sep 5 15:33:57 BOT 2012: Asignar backtone escuchado > Asi termino:105672,127765,150242,155504,137970,130814,138311,134687,134686,152504,129243,102622,131615,145695,118730,118728,118727,118725,151286,104817,
Wed Sep 5 15:35:52 BOT 2012: Ajax->Mostrar Comentarios:  
Wed Sep 5 15:35:55 BOT 2012: Ajax-> Mostrar Ranking > tono:442 
Wed Sep 5 15:37:13 BOT 2012: Asignar backtone escuchado > Asi termino:103044,103042,104848,103041,103040,104847,103039,104817,131823,104663,132451,126175,150030,185,152224,105048,105672,127765,150242,155504,
Wed Sep 5 15:37:22 BOT 2012: Ajax->Mostrar Ranking:  
Wed Sep 5 15:37:56 BOT 2012: ASYNC -> STATS> Tiempo respuesta 0.001413 seg.
Wed Sep 5 15:48:31 BOT 2012: Ajax-> Mostrar  Imagen Portada> tono:131702 
Wed Sep 5 15:51:29 BOT 2012: Ajax-> Mostrar Megusta> tono:103469 
Wed Sep 5 15:55:06 BOT 2012: ASYNC -> STATS> Tiempo respuesta -0.024976 seg.
Wed Sep 5 15:55:12 BOT 2012: Consulta de precio de reason:10 - msisdn: tono:123528 Async responde:350
 
Wed Sep 5 15:55:52 BOT 2012: Ajax-> Mostrar  Nombre Genero > tono:109741 
Wed Sep 5 16:00:26 BOT 2012: Ajax-> Mostrar  Genero > G&eacute;nero:  <a href='index.php?seccion=playlist&genero=130'>Rancheras</a>
Wed Sep 5 16:00:56 BOT 2012: Ajax-> Mostrar Comentarios> tono:147092 
Wed Sep 5 16:02:17 BOT 2012: ASYNC -> STATS> Tiempo respuesta 0.0015769999999999 seg.
Wed Sep 5 16:05:33 BOT 2012: Ajax->Mostrar Ranking:  
Wed Sep 5 16:05:36 BOT 2012: Ajax-> Mostrar Megusta> tono:147081 
Wed Sep 5 16:08:19 BOT 2012: Ajax-> Mostrar  Imagen Portada> tono:118724 
Wed Sep 5 16:16:30 BOT 2012: Ajax-> Mostrar  Imagen Portada> Album:albumes/album-default.jpg
Wed Sep 5 16:17:30 BOT 2012: Ajax->Mostrar Nombre Artista:  
Wed Sep 5 16:17:39 BOT 2012: Ajax->Mostrar Imagen Portada:  
Wed Sep 5 16:20:10 BOT 2012: Ajax-> Mostrar  Nombre Genero > tono:131821 
Wed Sep 5 16:21:16 BOT 2012: Ajax->Mostrar Reproducciones:  
Wed Sep 5 16:22:17 BOT 2012: ASYNC -> STATS> Tiempo respuesta 0.003853 seg.
Wed Sep 5 16:24:26 BOT 2012: Mostrar Cantidad reproducciones: tono:139960 cantidad: 0
Wed Sep 5 16:25:08 BOT 2012: Ajax-> Mostrar  Imagen Portada> Album:Artista:  <a href='index.php?seccion=playlist&autor=1610'>Adele</a>
Wed Sep 5 16:27:39 BOT 2012: ASYNC -> STATS> Tiempo respuesta 0.003578 seg.
Wed Sep 5 16:31:07 BOT 2012: Consulta de precio de reason:3 - msisdn: tono:105645 Async responde:350
 
Wed Sep 5 16:33:59 BOT 2012: Ajax->Mostrar Imagen Portada:  
Wed Sep 5 16:35:38 BOT 2012: Asignar backtone escuchado > Asi termino:110218,110219,105563,105644,105561,105560,105559,105558,105557,105556,105555,
Wed Sep 5 16:35:38 BOT 2012: Ajax-> Mostrar Ranking > tono:147352 
Wed Sep 5 16:35:47 BOT 2012: Ajax->Mostrar Comentarios:  
Wed Sep 5 16:36:05 BOT 2012: ASYNC -> STATS> Tiempo respuesta 0.002595 seg.
Wed Sep 5 16:36:47 BOT 2012: Asignar backtone escuchado > Asi termino:127757,127759,127754,127756,115942,131821,127752,128311,105672,127765,127763,127760,127767,135108,124243,102650,240,149,104787,
Wed Sep 5 16:44:31 BOT 2012: ASYNC -> STATS> Tiempo respuesta 0.0048149999999999 seg.
Wed Sep 5 16:44:34 BOT 2012: Ajax-> Mostrar  Nombre Genero > tono:102693 
Wed Sep 5 16:46:41 BOT 2012: Mostrar Genero: >G&eacute;nero:  <a href='index.php?seccion=playlist&genero=100'>Carnaval</a>
Wed Sep 5 16:47:02 BOT 2012: Mostrar Ranking: tono:149 calificacion: 
Wed Sep 5 16:47:26 BOT 2012: Ajax->Mostrar Reproducciones:  
Wed Sep 5 16:47:47 BOT 2012: Ajax->Mostrar Comentarios:  
Wed Sep 5 16:49:09 BOT 2012: Mostrar Cantidad reproducciones: tono:123534 cantidad: 0
Wed Sep 5 16:49:39 BOT 2012: Ajax->Mostrar Imagen Portada:  
Wed Sep 5 16:50:27 BOT 2012: Ajax->Mostrar Nombre Artista:  
Wed Sep 5 16:50:57 BOT 2012: Consulta de precio de reason:2 - msisdn: tono:105570 Async responde:350
 
Wed Sep 5 16:51:30 BOT 2012: Ajax-> Mostrar  Imagen Portada> tono:103991 
Wed Sep 5 16:52:49 BOT 2012: Ajax-> Mostrar  Nombre Artista > tono:104789 
Wed Sep 5 16:53:37 BOT 2012: Ajax->Mostrar Imagen Portada:  
Wed Sep 5 16:55:46 BOT 2012: ASYNC -> STATS> Tiempo respuesta 0.0037149999999999 seg.
Wed Sep 5 16:57:17 BOT 2012: Ajax->Mostrar Imagen Portada:  
Wed Sep 5 16:57:44 BOT 2012: Asignar backtone escuchado > Asi termino:150050,150058,150068,
Wed Sep 5 16:57:47 BOT 2012: Ajax-> Mostrar  Nombre Genero > tono:150050 
Wed Sep 5 16:58:02 BOT 2012: Ajax->Mostrar Imagen Portada:  
Wed Sep 5 17:06:17 BOT 2012: Ajax->Mostrar Nombre Artista:  
Wed Sep 5 17:07:05 BOT 2012: Ajax->Mostrar Nombre Genero:  
Wed Sep 5 17:07:41 BOT 2012: Busqueda Inteligente: Resultado 
 -1 
Wed Sep 5 17:08:53 BOT 2012: ASYNC -> STATS> Tiempo respuesta 0.0020249999999999 seg.
Wed Sep 5 17:09:45 BOT 2012: Ajax->Mostrar Nombre Genero:  
Wed Sep 5 17:10:15 BOT 2012: Ajax-> Mostrar  Nombre Artista > tono:116512 
Wed Sep 5 17:19:37 BOT 2012: ASYNC -> STATS> Tiempo respuesta 0.001336 seg.
Wed Sep 5 17:20:59 BOT 2012: Ajax->Mostrar Nombre Genero:  
Wed Sep 5 17:22:08 BOT 2012: Mostrar Comentarios : tono:103462 
Wed Sep 5 17:22:38 BOT 2012: Ajax->Mostrar Ranking:  
Wed Sep 5 17:26:51 BOT 2012: ASYNC -> STATS> Tiempo respuesta 0.001965 seg.
Wed Sep 5 17:27:09 BOT 2012: Busqueda Inteligente: Marcos Witt
Wed Sep 5 17:28:55 BOT 2012: Session Start>  session por defecto 
Wed Sep 5 17:29:07 BOT 2012: WEB_REPRODUCIR_BUSQUEDA > Se recibieron:43 tonos
Wed Sep 5 17:34:11 BOT 2012: Mostrar Album: >albumes/juanes.jpg
Wed Sep 5 17:39:55 BOT 2012: Ajax-> Mostrar Ranking > tono:104313 
Wed Sep 5 17:41:43 BOT 2012: Ajax->Mostrar Nombre Genero:  
Wed Sep 5 17:42:59 BOT 2012: Ajax->Mostrar Reproducciones:  
Wed Sep 5 17:44:35 BOT 2012: Ajax-> Mostrar  Imagen Portada> Album:albumes/David Guetta-Nothing But The Beat.jpg
Wed Sep 5 17:47:21 BOT 2012: Ajax->Mostrar Ranking:  
Wed Sep 5 17:47:21 BOT 2012: Ajax-> Mostrar Megusta> tono:139844 
Wed Sep 5 17:47:21 BOT 2012: Ajax-> Mostrar Ranking > tono:104465 
Wed Sep 5 17:51:01 BOT 2012: Ajax-> Mostrar  Imagen Portada> tono:102630 
Wed Sep 5 17:51:43 BOT 2012: Session Start>  session por defecto 
Wed Sep 5 17:52:58 BOT 2012: Ajax-> Mostrar Comentarios> tono:144160 
Wed Sep 5 17:53:01 BOT 2012: Mostrar Genero: >G&eacute;nero:  <a href='index.php?seccion=playlist&genero=186'>Carnavaleando con Tigo</a>
Wed Sep 5 17:53:40 BOT 2012: ASYNC -> STATS> Tiempo respuesta 0.003162 seg.
Wed Sep 5 17:57:48 BOT 2012: Ajax-> Compra de backtone msisdn: 76389289  tono:103507
Wed Sep 5 17:58:45 BOT 2012: Ajax->Mostrar Comentarios:  
Wed Sep 5 18:00:36 BOT 2012: Ajax-> Mostrar Comentarios> tono:139838 
Wed Sep 5 18:02:43 BOT 2012: Ajax-> Mostrar  Nombre Artista > tono:102672 
Wed Sep 5 18:04:40 BOT 2012: Ajax-> Mostrar  Nombre Genero > tono:102971 
Wed Sep 5 18:05:47 BOT 2012: Ajax->Mostrar Reproducciones:  
Wed Sep 5 18:06:41 BOT 2012: Ajax-> Mostrar  Imagen Portada> tono:150068 
Wed Sep 5 18:11:45 BOT 2012: Ajax->Mostrar Nombre Genero:  
Wed Sep 5 18:12:12 BOT 2012: Ajax->Mostrar Reproducciones:  
Wed Sep 5 18:14:28 BOT 2012: Consulta de precio de reason:2 - msisdn:75673783 tono:121 Async responde:350
 
Wed Sep 5 18:14:58 BOT 2012: Ajax->Mostrar Megusta:  
Wed Sep 5 18:19:23 BOT 2012: Ajax-> Mostrar Ranking > tono:105080 
Wed Sep 5 18:19:26 BOT 2012: Consulta de precio de reason:10 - msisdn: tono:577 Async responde:350
 
Wed Sep 5 18:19:26 BOT 2012: ASYNC -> STATS> Tiempo respuesta -0.001309 seg.
Wed Sep 5 18:19:41 BOT 2012: Ajax->Mostrar Reproducciones:  
Wed Sep 5 18:21:30 BOT 2012: Ajax-> Mostrar Ranking > tono:104560 
Wed Sep 5 18:25:17 BOT 2012: Ajax-> Mostrar Ranking > tono:103693 
Wed Sep 5 18:26:59 BOT 2012: ASYNC -> STATS> Tiempo respuesta 0.0080910000000001 seg.
Wed Sep 5 18:28:30 BOT 2012: Mostrar Album: >albumes/album-default.jpg
Wed Sep 5 18:28:39 BOT 2012: ASYNC -> STATS> Tiempo respuesta -0.078829 seg.
Wed Sep 5 18:32:37 BOT 2012: Session Start>  session por defecto 
Wed Sep 5 18:33:43 BOT 2012: Ajax->Mostrar Imagen Portada:  
Wed Sep 5 18:36:14 BOT 2012: Mostrar Ranking: tono:122653 calificacion: 
Wed Sep 5 18:36:26 BOT 2012: Ajax-> Mostrar  Nombre Genero > tono:137279 
Wed Sep 5 18:36:32 BOT 2012: Ajax-> Mostrar Ranking > tono:105359 
Wed Sep 5 18:38:35 BOT 2012: Ajax->Mostrar Nombre Genero:  
Wed Sep 5 18:38:44 BOT 2012: Ajax-> Mostrar Ranking > tono:122543 
Wed Sep 5 18:39:21 BOT 2012: Ajax-> Mostrar Ranking > tono:104318 
Wed Sep 5 18:40:45 BOT 2012: ASYNC -> STATS> Tiempo respuesta 0.0058269999999999 seg.
Wed Sep 5 18:41:06 BOT 2012: Asignar backtone escuchado > Asi termino:194,114599,103318,105330,114603,114601,336,105836,105839,332,102546,102545,103471,104184,104305,104187,105253,105590,104987,
Wed Sep 5 18:42:37 BOT 2012: Ajax->Mostrar Comentarios:  
Wed Sep 5 18:44:55 BOT 2012: Ajax-> Mostrar  Imagen Portada> tono:118745 
Wed Sep 5 18:51:38 BOT 2012: Mostrar Megusta > tono: 118752 msisdn:76966436 > cantidad de registros: 0
Wed Sep 5 18:52:14 BOT 2012: Ajax->Mostrar Comentarios:  
Wed Sep 5 18:54:35 BOT 2012: Ajax-> Mostrar  Imagen Portada> tono:139961 
Wed Sep 5 18:55:51 BOT 2012: Ajax-> Mostrar Ranking > tono:147073 
Wed Sep 5 18:57:57 BOT 2012: Ajax-> Mostrar  Nombre Artista > tono:102675 
Wed Sep 5 19:00:07 BOT 2012: Asignar backtone escuchado > Asi termino:139967,147073,139965,147075,139964,147077,131001,139963,147079,118747,139961,147081,118754,118749,118736,147090,139960,118738,118741,118748,
Wed Sep 5 19:09:35 BOT 2012: Busqueda Inteligente: Resultado 
 131001;One Love Feat Estelle;David Guetta;David Guetta
 
Wed Sep 5 19:10:26 BOT 2012: Session Start>  session por defecto 
Wed Sep 5 19:11:12 BOT 2012: Ajax->Mostrar Megusta:  
Wed Sep 5 19:11:15 BOT 2012: WEB_REPRODUCIR_BUSQUEDA > Se recibieron:15 tonos
Wed Sep 5 19:20:20 BOT 2012: Ajax->Mostrar Nombre Genero:  
Wed Sep 5 19:20:23 BOT 2012: Consulta de precio de reason:2 - msisdn: tono:104773 Async responde:350
 
Wed Sep 5 19:31:08 BOT 2012: Check Session > msisdn: 77630922 > Usuario Valido 
Wed Sep 5 19:38:13 BOT 2012: ASYNC -> STATS> Tiempo respuesta 0.003173 seg.
Wed Sep 5 19:40:26 BOT 2012: Mostrar Megusta > tono: 155502 msisdn:78107796 > cantidad de registros: 0
Wed Sep 5 19:41:50 BOT 2012: Ajax-> Mostrar Comentarios> tono:105559 
Wed Sep 5 19:43:29 BOT 2012: Ajax->Mostrar Comentarios:  
Wed Sep 5 19:45:12 BOT 2012: Ajax->Mostrar Megusta:  
Wed Sep 5 19:46:00 BOT 2012: Session Start>  session por defecto 
Wed Sep 5 19:46:45 BOT 2012: Ajax->Mostrar Reproducciones:  
Wed Sep 5 19:50:55 BOT 2012: Busqueda Inteligente: resultados >104394
Wed Sep 5 20:00:10 BOT 2012: Busqueda Inteligente: Resultado 
 110228;eres mi vida.;Los tocayos;Pop
103065;esperarte y caminar;Los tocayos;Latinas
105009;Lazos;Los tocayos;Rock
105010;Sigo;Los tocayos;Rock
103066;Sin medida;Los tocayos;Latinas
103067;Viene;Los tocayos;Latinas
103064;D aqui;Los tocayos;Latinas
103472;2te hice mal;Los Temerarios;Latinas
102639;A Besitos;Los Diablitos;Latinas
103062;a pesar;Los Cafres;Pop
103816;Abre los cielos;Grupo Renacer;Cristianas
104554;Abre los cielos_;Jesus A Romero;Cristianas
104926;Agente 86 y los enanos;Version Opratel;Sonidos
107573;Ahora pienso en Ti;Los Temerarios;Latinas
102953;ahora pienso mas en ti;Los Temerarios;Latinas
131616;Al Final;Los Kjarkas;Folklore
103597;AlMayorDeLos;Vicente Fernandez;Vicente Fernandez
102817;amanecio;Los Internacionales;Latinas
102804;Amigo Bronco;Los Brons;Latinas
102811;Amigos con derecho;Los Brons;Latinas
102818;amor anejo;Los Internacionales;Latinas
104612;Amor De Los Dos En Vivo;Vicente Fernandez;Vicente Fernandez
102537;Amores como el nuestro;los Charros;Cumbia
104431;Ando Bien Arreglado;los tucanes;Rancheras
131625;Ave de cristal;Los Kjarkas;Folklore
107571;Ay amigo;Los Temerarios;Latinas
125514;Baile de los Pobres;Calle13;Reggaeton
104376;Basta para mi;los tipitos;Latinas
102812;Besos Frios;Los Internacionales;Latinas
104629;Blooming 1 a Nac Potosi 0;Carlos Castilla;Blooming
104628;Blooming 2 a Nac Potosi 0 CA 2009 F12;Carlos Castilla;Blooming
102718;Blooming1 contra Olimpia;Luis Carlos;Blooming
131627;Bolivia;Los Kjarkas;Folklore
214;Bombon asesino;Los palmeras;Latinas
151056;Boogie coro dos;Los Salmones;Rock
151042;Boogie uno;Los Salmones;Rock
109261;borrachos2;Los Mismos;Promoción Te Matamos de Risa
102663;Botella envenenada;Los Temerarios;Latinas
145198;Cantico los Chiflados;Opratel;A todo futbol con Tigo
109394;carlos;Homero;Mi Promo ConTigo
109395;carlos1;Homero;Mi Promo ConTigo
103967;Carnaval toda la vida;Los fabulosos cadillacs;Latinas
104663;celos;Fanny Lu;Latinas
120248;Celos chiste;Chaplin Show;Chistes
143739;Celoso;Go Media;Chistes
142223;Chicos Malos;Go Media;Chistes
238;Chupachichi;Los petes;Cumbia
109240;como diablos;Pipe Bueno;Vallenatos
102954;como te recuerdo;Los Temerarios;Latinas
130816;Como te voy a olvidar;Los Angeles Azules Opratel;Mi Promo ConTigo
102955;como tu;Los Temerarios;Latinas
102662;confesion;Los Temerarios;Latinas
102664;Conocerte;Los Temerarios;Latinas
105423;Contrabando De Amor;Los fabulosos cadillacs;Latinas
126994;Contrabando y Traicion;Los Tigres del Norte;Rancheras
102805;Corazon Bandido;Los Brons;Latinas
132452;Dale entrega la flor Feat Los Gedes;Damas gratis;Cumbia
127001;De Paisano a Paisano;Los Tigres del Norte;Rancheras
103965;Demasiada Presion;Los fabulosos cadillacs;Latinas
102813;Desnudos;Los Internacionales;Latinas
272;Destroyers;Los cambitas;A todo futbol con Tigo
103191;deudas;los Bunkers;Latinas
144802;Diablos locos;Tigo;Carnaval de Oruro
126681;Directo al Corazon;Los Tigres del Norte;Rancheras
103988;DISCO GAY;Los Sultanes;Latinas
103762;E ACORDARAS DE MI;Los angeles de charlie;Latinas
104432;El Aguila Blanca;los tucanes;Rancheras
131646;El arbol de mi destino;Los Kjarkas;Folklore
151058;El boogie coro;Los Salmones;Rock
132464;El Cartel de los Sapos Opratel;El Cartel de los Sapos Opratel;Rancheras
126167;El Dia De Los Muertos feat Jorge y Otro;A.B. Quintanilla;Cumbia
103211;el gato y el raton;los simpsons;Sonidos
103121;El genio;Los fabulosos cadillacs;Latinas
126683;El golpe traidor;Los Tigres del Norte;Rancheras
104430;El Hijo Del Pueblo;Los Tigres del Norte;Rancheras
131618;El hombre equivocado;Los Kjarkas;Folklore
130815;El liston de tu pelo;Los Angeles Azules Opratel;Mi Promo ConTigo
124960;El mejor de todos los tiempos;Daddy Yankee;Reggaeton
102969;EL MZ ;los tucanes;Rancheras
109262;el paco y la vieja2;Los Mismos;Promoción Te Matamos de Risa
102529;El Pricionero;LEO MATTIOLI y LOS PIBES CHORROS;Cumbia
103122;el satanico;Los fabulosos cadillacs;Latinas
102806;El sheriff de Chocolate;Los Brons;Latinas
104434;El tucanazo;los tucanes;Rancheras
104435;El virus del amor live;los tucanes;Rancheras
102847;Elena No;Los Enanos;Latinas
103267;ElLeonTumbao;Los fabulosos cadillacs;Latinas
103979;EN LOS BRAZOS DE EL;Banda XXI;Salsa y Merengue
102956;enamorado de ti;Los Temerarios;Latinas
105777;Entre la tierra y el cielo;Los Nocheros;Los Nocheros
130988;Entre Los Dos;Tony Dize;Reggaeton
102957;eres un sueno;Los Temerarios;Latinas
142128;Es El Pasito FT Los Parte Discotekas;Wachiturros;Cumbia
104398;Es que te amo;LOS LEALES;Cumbia
102810;Estabas tan linda;Los Brons;Latinas
103607;EstosCelos;Vicente Fernandez;Vicente Fernandez
140836;Fabulosos Canillas;Version Solumovil;Chistes
153336;Feel So Close feat Benny Benassi Remix;Calvin Harris;Pop
153334;Feel So Close feat Dillon Francis Remix;Calvin Harris;Pop
131615;Fria ;Los Kjarkas;Folklore
109264;ganadero original;Los Mismos;Promoción Te Matamos de Risa
127003;Gaviota;Los Tigres del Norte;Rancheras
103048;Gol de Blooming 1 a Real Mamore 1;Carlos Saucedo;Blooming
103049;Gol de Blooming 2 a Real Mamore 1;Carlos Saucedo;Blooming
103370;Gol de Carlos Saucedo Blooming 2 a La Paz Futbol Club 0;Carlos Saucedo;Blooming
103621;Gol de Carlos Saucedo Blooming 2 a Oriente 1;Radio Noticia la Red;Blooming
103519;Gol de Saucedo Blooming 1 a Oriente 2;Carlos Saucedo;A todo futbol con Tigo
103325;Golosa y Gostosa;Banda reggaeton;Reggaeton
128297;Golpes En El Corazon MTV;Los Tigres del Norte;Latinas
 
Wed Sep 5 20:10:03 BOT 2012: ASYNC -> STATS> Tiempo respuesta -0.028589 seg.
Wed Sep 5 20:10:57 BOT 2012: Consulta de precio de reason:2 - msisdn: tono:253 Async responde:350
 
Wed Sep 5 20:10:57 BOT 2012: Ajax->Mostrar Ranking:  
Wed Sep 5 20:11:00 BOT 2012: Ajax->Mostrar Nombre Artista:  
Wed Sep 5 20:16:23 BOT 2012: Ajax->Mostrar Ranking:  
Wed Sep 5 20:18:17 BOT 2012: Ajax->Mostrar Reproducciones:  
Wed Sep 5 20:25:31 BOT 2012: Busqueda Inteligente: 
Wed Sep 5 20:26:01 BOT 2012: Ajax->Mostrar Megusta:  
Wed Sep 5 20:26:10 BOT 2012: Asignar backtone escuchado > Asi termino:134015,134685,134687,134660,103736,103735,103474,109971,103654,103469,106005,59,166,104401,104399,104429,81,103508,103506,104298,
Wed Sep 5 20:27:38 BOT 2012: ASYNC -> STATS> Tiempo respuesta 0.003584 seg.
Wed Sep 5 20:28:53 BOT 2012: Ajax-> Mostrar  Nombre Artista > tono:104886 
Wed Sep 5 20:29:05 BOT 2012: Asignar backtone escuchado > Asi termino:104747,105231,104250,104301,104940,104461,105232,125517,126142,126164,126144,126165,125661,126172,126175,152224,134658,126141,126167,
Wed Sep 5 20:30:18 BOT 2012: ASYNC -> STATS> Tiempo respuesta 0.008748 seg.
Wed Sep 5 20:31:39 BOT 2012: Busqueda Inteligente: resultados >155372
Wed Sep 5 20:42:48 BOT 2012: Ajax-> Mostrar Megusta> tono:522 
Wed Sep 5 20:43:45 BOT 2012: Ajax-> Mostrar Ranking > tono:109238 
Wed Sep 5 20:48:23 BOT 2012: Ajax->Mostrar Comentarios:  
Wed Sep 5 20:50:44 BOT 2012: MTD_DB_BUSCAR_ARTISTAS > retornando registros:90
Wed Sep 5 20:56:37 BOT 2012: ASYNC -> STATS> Tiempo respuesta 0.001999 seg.
Wed Sep 5 20:56:40 BOT 2012: Consulta de precio de reason:3 - msisdn: tono:105231 Async responde:350
 
Wed Sep 5 20:59:14 BOT 2012: Ajax-> Mostrar Ranking > tono:147352 
Wed Sep 5 21:05:39 BOT 2012: Busqueda Inteligente: resultados >-1
Wed Sep 5 21:07:28 BOT 2012: Ajax-> Mostrar Comentarios> tono:131812 
Wed Sep 5 21:15:51 BOT 2012: Ajax-> Mostrar  Nombre Genero > tono:118752 
Wed Sep 5 21:17:55 BOT 2012: Session Start>  session por defecto 
Wed Sep 5 21:25:54 BOT 2012: Busqueda Inteligente: resultados >103952
Wed Sep 5 23:14:56 BOT 2012: Ajax-> Mostrar Megusta> tono:152114 
Wed Sep 5 23:16:05 BOT 2012: Ajax->Mostrar Ranking:  
Wed Sep 5 23:18:03 BOT 2012: Mostrar Album: >Artista:  <a href='index.php?seccion=playlist&autor=1326'>Romeo Santos</a>
Wed Sep 5 23:23:34 BOT 2012: Session Start>  session por defecto 
