Sun Jan 1 2:05:52 BOT 2012: Ajax-> Mostrar Comentarios> tono:142527 
Sun Jan 1 2:06:01 BOT 2012: Ajax->Mostrar Reproducciones:  
Sun Jan 1 2:07:34 BOT 2012: Ajax->Mostrar Imagen Portada:  
Sun Jan 1 2:13:05 BOT 2012: Ajax-> Mostrar  Nombre Genero > tono:104164 
Sun Jan 1 2:30:49 BOT 2012: Ajax-> popup_listar_amigos: msisdn: 
Sun Jan 1 3:02:15 BOT 2012: Mostrar Ranking: tono:107752 calificacion: 
Sun Jan 1 3:13:59 BOT 2012: Asignar backtone escuchado > Asi termino:140821,139723,140825,140823,137882,106380,142230,140832,120255,141120,140830,141126,143076,120252,120251,141122,141132,141134,140819,
Sun Jan 1 16:14:34 BOT 2012: ASYNC -> STATS> Tiempo respuesta 0.00513 seg.
Sun Jan 1 16:16:01 BOT 2012: Ajax-> Mostrar Comentarios> tono:121497 
Sun Jan 1 16:17:52 BOT 2012: Busqueda Inteligente: 
Sun Jan 1 16:20:11 BOT 2012: ASYNC -> STATS> Tiempo respuesta 0.00576 seg.
Sun Jan 1 16:23:17 BOT 2012: Ajax->Mostrar Megusta:  
Sun Jan 1 16:23:59 BOT 2012: Ajax-> Mostrar  Imagen Portada> tono:620 
Sun Jan 1 16:27:36 BOT 2012: Ajax->Mostrar Reproducciones:  
Sun Jan 1 16:27:54 BOT 2012: ASYNC -> STATS> Tiempo respuesta 0.008679 seg.
Sun Jan 1 16:31:15 BOT 2012: Ajax->Mostrar Nombre Artista:  
Sun Jan 1 16:31:36 BOT 2012: Busqueda Inteligente: resultados >105363
Sun Jan 1 16:32:42 BOT 2012: Ajax-> Mostrar  Nombre Genero > tono:105282 
Sun Jan 1 16:33:16 BOT 2012: Ajax-> Mostrar Ranking > tono:120248 
Sun Jan 1 16:34:25 BOT 2012: Ajax->Mostrar Comentarios:  
Sun Jan 1 16:34:55 BOT 2012: Ajax-> Mostrar  Imagen Portada> tono:140828 
Sun Jan 1 16:36:40 BOT 2012: ASYNC -> STATS> Tiempo respuesta 0.237052 seg.
Sun Jan 1 16:38:25 BOT 2012: ASYNC -> STATS> Tiempo respuesta 0.0103 seg.
Sun Jan 1 16:39:10 BOT 2012: Ajax->Mostrar Nombre Genero:  
Sun Jan 1 16:39:16 BOT 2012: Mostrar Ranking: tono:118730 calificacion: 
Sun Jan 1 16:42:14 BOT 2012: Asignar backtone escuchado > Asi termino:137086,135079,123010,104532,137972,138306,135060,135107,135059,118724,139844,139969,118727,118745,118741,118738,118736,118725,
Sun Jan 1 16:42:59 BOT 2012: Ajax->Mostrar Ranking:  
Sun Jan 1 16:44:27 BOT 2012: Ajax-> Mostrar  Imagen Portada> tono:118725 
Sun Jan 1 16:44:54 BOT 2012: Ajax->Mostrar Nombre Genero:  
Sun Jan 1 16:45:54 BOT 2012: ASYNC -> STATS> Tiempo respuesta 0.010878 seg.
Sun Jan 1 16:45:57 BOT 2012: Asignar backtone escuchado > Asi termino:129239,128224,128223,113616,113614,113628,113631,113630,103889,110108,104310,560,109889,110379,110377,110373,105547,130988,130986,129241,
Sun Jan 1 16:45:57 BOT 2012: Asignar backtone escuchado > Asi termino:141108,140851,105805,141920,140847,141109,131810,141111,106378,120260,142233,137867,137865,140845,141917,141922,140838,131808,140840,139722,
Sun Jan 1 16:46:00 BOT 2012: ASYNC -> STATS> Tiempo respuesta 0.580814 seg.
Sun Jan 1 16:46:06 BOT 2012: ASYNC -> STATS> Tiempo respuesta 0.465361 seg.
Sun Jan 1 16:46:06 BOT 2012: Ajax->Mostrar Ranking:  
Sun Jan 1 16:46:09 BOT 2012: Ajax->Mostrar Reproducciones:  
Sun Jan 1 16:51:37 BOT 2012: Consulta de precio de reason:3 - msisdn: tono:107573 Async responde:350
 
Sun Jan 1 16:51:40 BOT 2012: Busqueda Inteligente: resultados >104244
Sun Jan 1 16:57:50 BOT 2012: ASYNC -> STATS> Tiempo respuesta 0.001109 seg.
Sun Jan 1 16:57:53 BOT 2012: ASYNC -> STATS> Tiempo respuesta -0.157407 seg.
Sun Jan 1 16:57:56 BOT 2012: ASYNC -> STATS> Tiempo respuesta -0.20104 seg.
Sun Jan 1 16:58:05 BOT 2012: ASYNC -> STATS> Tiempo respuesta 0.012551 seg.
Sun Jan 1 16:58:11 BOT 2012: ASYNC -> STATS> Tiempo respuesta 0.026875 seg.
Sun Jan 1 16:58:11 BOT 2012: Ajax->Mostrar Ranking:  
Sun Jan 1 16:59:56 BOT 2012: Asignar backtone escuchado > Asi termino:105004,105003,104467,104466,105002,104471,129231,105001,104395,105000,104998,104999,110221,103686,132096,103713,104465,103712,141880,141881,
Sun Jan 1 17:04:03 BOT 2012: Ajax-> Mostrar Ranking > tono:104473 
Sun Jan 1 17:05:36 BOT 2012: Busqueda Inteligente: resultados >132098
Sun Jan 1 17:06:18 BOT 2012: ASYNC -> STATS> Tiempo respuesta -0.332198 seg.
Sun Jan 1 17:11:49 BOT 2012: Ajax->Mostrar Nombre Artista:  
Sun Jan 1 17:14:58 BOT 2012: ASYNC -> STATS> Tiempo respuesta 0.004235 seg.
Sun Jan 1 17:21:38 BOT 2012: MTD_LISTAR_TONOS -> Se encontraron los siguientes tonos:142527
Sun Jan 1 17:24:45 BOT 2012: Ajax-> Mostrar Megusta> tono:128427 
Sun Jan 1 17:32:52 BOT 2012: Ajax-> Mostrar Comentarios> tono:103328 
Sun Jan 1 17:36:25 BOT 2012: ASYNC -> STATS> Tiempo respuesta 0.006093 seg.
Sun Jan 1 17:38:11 BOT 2012: Check Session > msisdn: 75374012 > Usuario Valido 
Sun Jan 1 17:41:14 BOT 2012: Ajax->Mostrar Megusta:  
Sun Jan 1 17:42:17 BOT 2012: Ajax-> Mostrar  Nombre Genero > tono:125513 
Sun Jan 1 17:43:17 BOT 2012: Mostrar Album: >Artista:  <a href='index.php?seccion=playlist&autor=743'>Andy Aguilera</a>
Sun Jan 1 17:52:34 BOT 2012: Ajax->Mostrar Imagen Portada:  
Sun Jan 1 17:54:43 BOT 2012: Asignar backtone escuchado > Asi termino:126493,112470,112469,110228,105085,133736,137246,137253,246,104278,448,102650,240,105653,105310,105307,105986,
Sun Jan 1 18:11:54 BOT 2012: Busqueda Inteligente: Zeze de Camargo e Luciano
Sun Jan 1 18:14:16 BOT 2012: ASYNC -> STATS> Tiempo respuesta 0.006358 seg.
Sun Jan 1 18:19:34 BOT 2012: Ajax->Mostrar Megusta:  
Sun Jan 1 18:21:59 BOT 2012: Ajax->Mostrar Ranking:  
Sun Jan 1 18:25:20 BOT 2012: Asignar backtone escuchado > Asi termino:131730,131049,131048,131046,
Sun Jan 1 18:27:39 BOT 2012: Ajax->Mostrar Megusta:  
Sun Jan 1 18:28:12 BOT 2012: Ajax-> Mostrar Megusta> tono:103430 
Sun Jan 1 18:28:30 BOT 2012: Ajax->Mostrar Comentarios:  
Sun Jan 1 18:42:14 BOT 2012: ASYNC -> STATS> Tiempo respuesta 0.012352 seg.
Sun Jan 1 18:44:29 BOT 2012: Ajax-> Mostrar  Nombre Genero > tono:105072 
Sun Jan 1 18:45:05 BOT 2012: Ajax->Mostrar Reproducciones:  
Sun Jan 1 18:46:14 BOT 2012: ASYNC -> STATS> Tiempo respuesta 0.441213 seg.
Sun Jan 1 18:46:20 BOT 2012: ASYNC -> STATS> Tiempo respuesta -0.384871 seg.
Sun Jan 1 18:46:29 BOT 2012: ASYNC -> STATS> Tiempo respuesta 0.43038 seg.
Sun Jan 1 18:46:29 BOT 2012: ASYNC -> STATS> Tiempo respuesta -0.382821 seg.
Sun Jan 1 18:47:23 BOT 2012: Error al consultar precio de renovacion - msisdn: tono:104083 - Async responde -3
Sun Jan 1 18:52:12 BOT 2012: Ajax->Mostrar Megusta:  
Sun Jan 1 18:55:09 BOT 2012: Ajax-> Mostrar Comentarios> tono:140789 
Sun Jan 1 18:59:58 BOT 2012: Asignar backtone escuchado > Asi termino:102674,137266,102673,
Sun Jan 1 19:00:07 BOT 2012: Mostrar Ranking: tono:131816 calificacion: 4
Sun Jan 1 19:02:16 BOT 2012: Ajax->Mostrar Reproducciones:  
Sun Jan 1 19:03:22 BOT 2012: Ajax-> Mostrar Ranking > tono:102693 
Sun Jan 1 19:03:34 BOT 2012: Mostrar Ranking: tono:105365 calificacion: 5
Sun Jan 1 19:04:50 BOT 2012: Ajax->Mostrar Nombre Genero:  
Sun Jan 1 19:05:29 BOT 2012: Ajax-> Mostrar Megusta> tono:103115 
Sun Jan 1 19:05:47 BOT 2012: STATS > BUSQUEDA DE BACKTONE >Tiempo: -0.361466 seg. | registros: 8
Sun Jan 1 19:06:59 BOT 2012: Ajax->Mostrar Comentarios:  
Sun Jan 1 19:10:59 BOT 2012: Session Start>  session por defecto 
Sun Jan 1 19:13:12 BOT 2012: Asignar backtone escuchado > Asi termino:117841,104739,135714,102824,104404,103940,103939,
Sun Jan 1 19:14:03 BOT 2012: Ajax->Mostrar Imagen Portada:  
Sun Jan 1 19:14:24 BOT 2012: Consulta de precio de reason:2 - msisdn:75445700 tono:125092 Async responde:350
 
Sun Jan 1 19:14:30 BOT 2012: Ajax->Mostrar Comentarios:  
Sun Jan 1 19:16:30 BOT 2012: Ajax-> Mostrar  Nombre Genero > tono:104578 
Sun Jan 1 19:17:45 BOT 2012: ASYNC -> STATS> Tiempo respuesta 0.010615 seg.
Sun Jan 1 19:18:06 BOT 2012: STATS > BUSQUEDA DE BACKTONE >Tiempo: 0.208779 seg. | registros: 1
Sun Jan 1 19:20:49 BOT 2012: Ajax-> Mostrar  Nombre Genero > tono:134658 
Sun Jan 1 19:22:16 BOT 2012: Ajax-> Mostrar Ranking > tono:135042 
Sun Jan 1 19:24:19 BOT 2012: Consulta de precio de reason:3 - msisdn: tono:129445 Async responde:350
 
Sun Jan 1 19:28:32 BOT 2012: Ajax-> Mostrar  Imagen Portada> tono:104998 
Sun Jan 1 19:31:23 BOT 2012: Ajax->Mostrar Megusta:  
Sun Jan 1 19:32:23 BOT 2012: Ajax->Mostrar Reproducciones:  
Sun Jan 1 19:36:12 BOT 2012: Ajax-> Mostrar Comentarios> tono:103595 
Sun Jan 1 19:46:34 BOT 2012: Ajax->Mostrar Nombre Artista:  
Sun Jan 1 19:51:21 BOT 2012: Ajax->Mostrar Reproducciones:  
Sun Jan 1 19:55:37 BOT 2012: Ajax-> Mostrar Megusta> tono:137820 
Sun Jan 1 19:55:55 BOT 2012: Ajax->Mostrar Comentarios:  
Sun Jan 1 19:57:22 BOT 2012: Consulta de precio de reason:2 - msisdn: tono:103678 Async responde:350
 
Sun Jan 1 19:57:25 BOT 2012: ASYNC -> STATS> Tiempo respuesta -0.010882 seg.
Sun Jan 1 20:01:59 BOT 2012: Ajax-> Mostrar  Nombre Genero > tono:106289 
Sun Jan 1 20:06:47 BOT 2012: ASYNC -> STATS> Tiempo respuesta 0.496117 seg.
Sun Jan 1 20:07:11 BOT 2012: Ajax-> Mostrar Ranking > tono:128311 
Sun Jan 1 20:08:24 BOT 2012: Ajax->Mostrar Megusta:  
Sun Jan 1 20:08:30 BOT 2012: ASYNC -> STATS> Tiempo respuesta -0.236887 seg.
Sun Jan 1 20:08:33 BOT 2012: Ajax-> Mostrar Ranking > tono:131615 
Sun Jan 1 20:08:33 BOT 2012: Ajax->Mostrar Ranking:  
Sun Jan 1 20:08:33 BOT 2012: Asignar backtone escuchado > Asi termino:103477,103476,509,
Sun Jan 1 20:08:57 BOT 2012: Busqueda Inteligente: 
Sun Jan 1 20:09:24 BOT 2012: Asignar backtone escuchado > Asi termino:107763,127759,131613,131615,131616,142912,103876,103960,104568,106328,106326,106311,106308,106307,106306,106305,104569,106304,104567,117857,
Sun Jan 1 20:11:57 BOT 2012: Ajax-> Mostrar Ranking > tono:104927 
Sun Jan 1 20:12:30 BOT 2012: Ajax-> Mostrar  Imagen Portada> tono:104788 
Sun Jan 1 20:12:57 BOT 2012: ASYNC -> STATS> Tiempo respuesta 0.007691 seg.
Sun Jan 1 20:13:00 BOT 2012: ASYNC -> STATS> Tiempo respuesta -0.001378 seg.
Sun Jan 1 20:13:24 BOT 2012: Ajax-> Mostrar Ranking > tono:102620 
Sun Jan 1 20:13:57 BOT 2012: ASYNC -> STATS> Tiempo respuesta -0.163618 seg.
Sun Jan 1 20:14:06 BOT 2012: Asignar backtone escuchado > Asi termino:104393,102693,240,
Sun Jan 1 20:15:03 BOT 2012: Ajax->Mostrar Nombre Artista:  
Sun Jan 1 20:16:04 BOT 2012: Ajax-> Mostrar Ranking > tono:115947 
Sun Jan 1 20:16:19 BOT 2012: Ajax-> Mostrar Ranking > tono:105535 
Sun Jan 1 20:16:37 BOT 2012: Ajax->Mostrar Nombre Genero:  
Sun Jan 1 20:17:52 BOT 2012: ASYNC -> STATS> Tiempo respuesta 0.007169 seg.
Sun Jan 1 20:20:10 BOT 2012: Ajax->Mostrar Reproducciones:  
Sun Jan 1 20:21:58 BOT 2012: Ajax-> Mostrar Comentarios> tono:127260 
Sun Jan 1 20:25:08 BOT 2012: ASYNC -> STATS> Tiempo respuesta 0.002242 seg.
Sun Jan 1 20:28:11 BOT 2012: Busqueda Inteligente: resultados >132456
Sun Jan 1 21:12:26 BOT 2012: Ajax-> Mostrar Ranking > tono:142128 
Sun Jan 1 21:16:11 BOT 2012: Mostrar Ranking: tono:104622 calificacion: 
Sun Jan 1 21:18:41 BOT 2012: Ajax->Mostrar Megusta:  
Sun Jan 1 21:20:09 BOT 2012: Ajax->Mostrar Imagen Portada:  
Sun Jan 1 21:21:09 BOT 2012: Ajax-> Mostrar  Nombre Artista > tono:104622 
Sun Jan 1 21:23:03 BOT 2012: WEB REPROD BUSQ > Facebook link: http%3A%2F%2Fbacktones.tigo.com.bo%2Fv3%2Findex.php%3Fseccion%3Dplaylist%26autor%3D31%26f%3D1%26t%3D1231233
Sun Jan 1 21:24:12 BOT 2012: Ajax->Mostrar Comentarios:  
Sun Jan 1 21:24:30 BOT 2012: Ajax->Mostrar Comentarios:  
Sun Jan 1 21:25:00 BOT 2012: Ajax->Mostrar Megusta:  
Sun Jan 1 21:25:06 BOT 2012: ASYNC -> STATS> Tiempo respuesta 0.290071 seg.
Sun Jan 1 21:26:21 BOT 2012: Ajax-> Mostrar  Nombre Artista > tono:102595 
Sun Jan 1 21:28:19 BOT 2012: ASYNC -> STATS> Tiempo respuesta 0.003023 seg.
Sun Jan 1 21:31:52 BOT 2012: Ajax->Mostrar Ranking:  
Sun Jan 1 21:31:55 BOT 2012: Ajax->Mostrar Nombre Genero:  
Sun Jan 1 21:32:04 BOT 2012: Ajax-> Mostrar Comentarios> tono:130814 
Sun Jan 1 21:35:32 BOT 2012: Ajax-> Mostrar Megusta> tono:122653 
Sun Jan 1 21:36:44 BOT 2012: Ajax-> Mostrar Ranking > tono:118741 
Sun Jan 1 21:36:59 BOT 2012: Ajax->Mostrar Comentarios:  
Sun Jan 1 21:37:08 BOT 2012: Ajax->Mostrar Reproducciones:  
Sun Jan 1 21:39:08 BOT 2012: Ajax-> Mostrar Ranking > tono:127376 
Sun Jan 1 21:39:20 BOT 2012: Ajax-> Mostrar  Nombre Artista > tono:132090 
Sun Jan 1 21:40:06 BOT 2012: Consulta de precio de reason:10 - msisdn: tono:134638 Async responde:350
 
Sun Jan 1 21:41:39 BOT 2012: Asignar backtone escuchado > Asi termino:102992,113034,134683,134638,134687,134685,134660,135108,127759,
Sun Jan 1 21:42:30 BOT 2012: Ajax->Mostrar Imagen Portada:  
Sun Jan 1 21:42:30 BOT 2012: Ajax->Mostrar Imagen Portada:  
Sun Jan 1 21:47:19 BOT 2012: Asignar backtone escuchado > Asi termino:131828,131767,131765,131764,131762,131758,131757,127400,127376,122287,140783,133698,132460,132458,132095,131829,118724,118725,118747,
Sun Jan 1 21:49:19 BOT 2012: Ajax->Mostrar Ranking:  
Sun Jan 1 21:52:13 BOT 2012: Session Start>  session por defecto 
Sun Jan 1 22:12:40 BOT 2012: ASYNC -> STATS> Tiempo respuesta 0.0072449999999999 seg.
Sun Jan 1 22:13:31 BOT 2012: session-default => asignando por default session
Sun Jan 1 22:13:31 BOT 2012: Ajax->Mostrar Reproducciones:  
Sun Jan 1 22:16:12 BOT 2012: Consulta de precio de reason:2 - msisdn:75441060 tono:103872 Async responde:350
 
Sun Jan 1 22:16:50 BOT 2012: Consulta de precio de reason:2 - msisdn: tono:140821 Async responde:350
 
Sun Jan 1 22:22:12 BOT 2012: ASYNC -> STATS> Tiempo respuesta 0.011517 seg.
Sun Jan 1 22:30:55 BOT 2012: ASYNC -> STATS> Tiempo respuesta -0.028308 seg.
Sun Jan 1 22:32:25 BOT 2012: Ajax->Mostrar Reproducciones:  
Sun Jan 1 22:35:08 BOT 2012: ASYNC -> STATS> Tiempo respuesta 0.004897 seg.
Sun Jan 1 22:35:41 BOT 2012: ASYNC -> STATS> Tiempo respuesta -0.243865 seg.
Sun Jan 1 22:36:32 BOT 2012: Consulta de precio de reason:3 - msisdn: tono:105802 Async responde:350
 
Sun Jan 1 22:36:41 BOT 2012: Session Start>  session por defecto 
Sun Jan 1 22:38:26 BOT 2012: Busqueda Inteligente: resultados >129234
Sun Jan 1 22:41:36 BOT 2012: Ajax-> Mostrar Comentarios> tono:135662 
Sun Jan 1 22:45:18 BOT 2012: Ajax->Mostrar Nombre Genero:  
Sun Jan 1 22:45:45 BOT 2012: ASYNC -> STATS> Tiempo respuesta -0.010645 seg.
Sun Jan 1 22:50:49 BOT 2012: Ajax->Mostrar Comentarios:  
Sun Jan 1 22:51:43 BOT 2012: Ajax->Mostrar Nombre Artista:  
Sun Jan 1 22:52:25 BOT 2012: ASYNC -> STATS> Tiempo respuesta 0.0040709999999999 seg.
Sun Jan 1 22:55:50 BOT 2012: Ajax->Mostrar Reproducciones:  
Sun Jan 1 22:57:50 BOT 2012: Mostrar Album: >albumes/album-default.jpg
Sun Jan 1 22:59:14 BOT 2012: Ajax-> Mostrar Comentarios> tono:240 
Sun Jan 1 23:02:05 BOT 2012: ASYNC -> STATS> Tiempo respuesta 0.011448 seg.
Sun Jan 1 23:04:45 BOT 2012: Asignar backtone escuchado > Asi termino:142632,141835,139303,106382,142225,142220,142168,140808,141918,140826,141833,142273,142166,139723,140825,140823,137882,106380,131812,142230,
Sun Jan 1 23:06:57 BOT 2012: ASYNC -> STATS> Tiempo respuesta 0.493477 seg.
Sun Jan 1 23:12:25 BOT 2012: Asignar backtone escuchado > Asi termino:131812,140816,140814,140812,120250,140810,120248,142632,141835,139303,106382,142225,142220,142168,140808,141918,140826,141833,142273,142166,
Sun Jan 1 23:12:46 BOT 2012: Asignar backtone escuchado > Asi termino:139844,139838,137283,139965,139960,139971,139961,
Sun Jan 1 23:34:07 BOT 2012: Ajax-> Mostrar Comentarios> tono:107585 
Sun Jan 1 23:36:02 BOT 2012: Busqueda Inteligente: resultados >139303
Sun Jan 1 23:43:36 BOT 2012: Session Start>  session por defecto 
