Sat Jan 28 9:09:17 BOT 2012: Ajax->Mostrar Reproducciones:  
Sat Jan 28 9:09:35 BOT 2012: Ajax-> Mostrar Ranking > tono:109320 
Sat Jan 28 9:10:47 BOT 2012: Ajax->Mostrar Nombre Artista:  
Sat Jan 28 9:46:12 BOT 2012: Ajax->Mostrar Reproducciones:  
Sat Jan 28 11:02:04 BOT 2012: Ajax-> Mostrar Comentarios> tono:142527 
Sat Jan 28 11:02:34 BOT 2012: Ajax-> Mostrar Megusta> tono:142527 
Sat Jan 28 11:02:46 BOT 2012: Mostrar Cantidad reproducciones: tono:103119 cantidad: 0
Sat Jan 28 11:04:05 BOT 2012: Ajax-> Mostrar  Imagen Portada> Album:albumes/ivete Madison Square G.jpg
Sat Jan 28 11:08:08 BOT 2012: ASYNC -> STATS> Tiempo respuesta -0.159009 seg.
Sat Jan 28 11:08:08 BOT 2012: ASYNC -> STATS> Tiempo respuesta -0.246062 seg.
Sat Jan 28 11:10:05 BOT 2012: Ajax->Mostrar Reproducciones:  
Sat Jan 28 11:11:27 BOT 2012: Ajax-> Mostrar Ranking > tono:128231 
Sat Jan 28 11:13:24 BOT 2012: Ajax->Mostrar Imagen Portada:  
Sat Jan 28 11:14:15 BOT 2012: Ajax->Mostrar Megusta:  
Sat Jan 28 11:18:03 BOT 2012: ASYNC -> STATS> Tiempo respuesta 0.101246 seg.
Sat Jan 28 11:18:27 BOT 2012: ASYNC -> STATS> Tiempo respuesta 0.014878 seg.
Sat Jan 28 11:18:51 BOT 2012: Ajax-> Mostrar Ranking > tono:144148 
Sat Jan 28 11:19:06 BOT 2012: ASYNC -> STATS> Tiempo respuesta 0.005557 seg.
Sat Jan 28 11:19:13 BOT 2012: Ajax-> Mostrar Comentarios> tono:112702 
Sat Jan 28 11:19:55 BOT 2012: Consulta de precio de reason:10 - msisdn: tono:144106 Async responde:350
 
Sat Jan 28 11:20:10 BOT 2012: ASYNC -> STATS> Tiempo respuesta -0.651293 seg.
Sat Jan 28 11:22:04 BOT 2012: WEB_REPRODUCIR_BUSQUEDA > Se recibieron:24 tonos
Sat Jan 28 11:22:31 BOT 2012: Ajax-> Mostrar Comentarios> tono:105758 
Sat Jan 28 11:23:01 BOT 2012: Ajax->Mostrar Ranking:  
Sat Jan 28 11:26:23 BOT 2012: STATS > BUSQUEDA DE BACKTONE >Tiempo: -0.318189 seg. | registros: 1
Sat Jan 28 11:27:26 BOT 2012: Ajax->Mostrar Nombre Genero:  
Sat Jan 28 11:28:02 BOT 2012: Ajax->Mostrar Reproducciones:  
Sat Jan 28 11:28:17 BOT 2012: Ajax->Mostrar Ranking:  
Sat Jan 28 11:28:38 BOT 2012: Ajax-> Mostrar Megusta> tono:240 
Sat Jan 28 11:28:59 BOT 2012: Mostrar Megusta> tono: 136044 msisdn: > a otros 2  les gusta 
Sat Jan 28 11:30:50 BOT 2012: Ajax->Mostrar Ranking:  
Sat Jan 28 11:31:44 BOT 2012: Ajax-> Mostrar  Nombre Artista > tono:103671 
Sat Jan 28 11:33:24 BOT 2012: Ajax-> Mostrar  Nombre Artista > tono:142527 
Sat Jan 28 11:33:24 BOT 2012: Ajax->Mostrar Comentarios:  
Sat Jan 28 11:33:54 BOT 2012: Ajax-> Mostrar Ranking > tono:142527 
Sat Jan 28 11:35:48 BOT 2012: Ajax->Mostrar Comentarios:  
Sat Jan 28 11:36:21 BOT 2012: Ajax-> Mostrar Ranking > tono:113628 
Sat Jan 28 11:37:45 BOT 2012: Asignar backtone escuchado > Asi termino:144856,144854,144852,104173,104177,104171,144860,144858,144864,144862,144870,
Sat Jan 28 12:21:54 BOT 2012: Busqueda Inteligente: resultados >110345
Sat Jan 28 12:23:42 BOT 2012: Consulta de precio de reason:2 - msisdn: tono:144106 Async responde:350
 
Sat Jan 28 12:24:15 BOT 2012: Ajax-> Mostrar Megusta> tono:144108 
Sat Jan 28 12:24:57 BOT 2012: Ajax->Mostrar Nombre Artista:  
Sat Jan 28 12:26:49 BOT 2012: Ajax->Mostrar Nombre Genero:  
Sat Jan 28 12:27:22 BOT 2012: Asignar backtone escuchado > Asi termino:103654,102796,109975,108556,102624,102625,133413,572,102788,103627,103469,129268,120243,127894,135954,136232,105682,128220,128233,128231,
Sat Jan 28 12:27:25 BOT 2012: Ajax->Mostrar Comentarios:  
Sat Jan 28 12:28:43 BOT 2012: Asignar backtone escuchado > Asi termino:131035,131036,
Sat Jan 28 12:29:13 BOT 2012: Ajax->Mostrar Nombre Artista:  
Sat Jan 28 12:29:22 BOT 2012: ASYNC -> STATS> Tiempo respuesta 0.010258 seg.
Sat Jan 28 12:29:46 BOT 2012: Ajax->Mostrar Reproducciones:  
Sat Jan 28 12:30:07 BOT 2012: ASYNC -> STATS> Tiempo respuesta 0.010326 seg.
Sat Jan 28 12:32:22 BOT 2012: ASYNC -> STATS> Tiempo respuesta -0.130801 seg.
Sat Jan 28 12:32:40 BOT 2012: Asignar backtone escuchado > Asi termino:124043,124041,103562,201,128429,128436,125510,104355,104354,104253,107752,129268,141263,103273,103128,105264,103507,104650,103511,81,
Sat Jan 28 12:32:55 BOT 2012: Ajax->Mostrar Reproducciones:  
Sat Jan 28 12:34:14 BOT 2012: ASYNC -> STATS> Tiempo respuesta -0.265256 seg.
Sat Jan 28 12:34:17 BOT 2012: ASYNC -> STATS> Tiempo respuesta 0.027093 seg.
Sat Jan 28 12:34:17 BOT 2012: Asignar backtone escuchado > Asi termino:103120,141114,105059,103470,
Sat Jan 28 12:34:35 BOT 2012: ASYNC -> STATS> Tiempo respuesta 0.005085 seg.
Sat Jan 28 12:36:20 BOT 2012: Ajax-> Mostrar Ranking > tono:104781 
Sat Jan 28 12:36:38 BOT 2012: Mostrar Album: >albumes/album-default.jpg
Sat Jan 28 12:38:14 BOT 2012: Ajax->Mostrar Nombre Genero:  
Sat Jan 28 12:38:50 BOT 2012: Asignar backtone escuchado > Asi termino:103628,102893,572,112702,103274,102672,104024,103086,163,103991,103466,103469,103790,102630,127757,127759,104991,
Sat Jan 28 12:40:41 BOT 2012: Ajax->Mostrar Megusta:  
Sat Jan 28 12:40:44 BOT 2012: Ajax->Actualizar pin usuario
Sat Jan 28 12:41:15 BOT 2012: Ajax->Mostrar Reproducciones:  
Sat Jan 28 12:43:39 BOT 2012: Ajax->Mostrar Nombre Artista:  
Sat Jan 28 12:45:36 BOT 2012: Ajax->Mostrar Megusta:  
Sat Jan 28 12:46:57 BOT 2012: Ajax->Mostrar Imagen Portada:  
Sat Jan 28 12:49:46 BOT 2012: Asignar backtone escuchado > Asi termino:104873,104872,142912,144150,127787,144149,102622,106266,106234,280,123010,104532,118727,118725,112469,135075,106273,129261,141881,142527,
Sat Jan 28 12:49:55 BOT 2012: Mostrar Ranking: tono:144152 calificacion: 
Sat Jan 28 12:50:16 BOT 2012: Ajax-> Mostrar Comentarios> tono:123542 
Sat Jan 28 12:50:55 BOT 2012: Ajax-> Mostrar Ranking > tono:141837 
Sat Jan 28 12:53:07 BOT 2012: Ajax->Mostrar Nombre Genero:  
Sat Jan 28 12:53:17 BOT 2012: Ajax-> Mostrar Comentarios> tono:560 
Sat Jan 28 13:17:24 BOT 2012: Asignar backtone escuchado > Asi termino:109322,103343,109249,240,122666,122651,122650,142128,104909,128425,125517,134015,105988,509,129433,104472,104999,129230,123218,110221,
Sat Jan 28 13:17:24 BOT 2012: Ajax-> Mostrar Ranking > tono:143743 
Sat Jan 28 13:23:49 BOT 2012: Ajax-> Mostrar Ranking > tono:112464 
Sat Jan 28 13:28:02 BOT 2012: Ajax->Mostrar Reproducciones:  
Sat Jan 28 13:28:26 BOT 2012: Ajax->Mostrar Imagen Portada:  
Sat Jan 28 13:29:05 BOT 2012: Ajax-> Mostrar  Nombre Artista > tono:142527 
Sat Jan 28 13:52:10 BOT 2012: Busqueda Inteligente: resultados >105234
Sat Jan 28 14:59:54 BOT 2012: Ajax-> Mostrar Ranking > tono:73 
Sat Jan 28 17:23:20 BOT 2012: Ajax->Mostrar Nombre Artista:  
Sat Jan 28 17:23:26 BOT 2012: ASYNC -> STATS> Tiempo respuesta 0.005561 seg.
Sat Jan 28 17:23:32 BOT 2012: Mostrar Genero: >G&eacute;nero:  <a href='index.php?seccion=playlist&genero=155'>Romanticas</a>
Sat Jan 28 17:24:05 BOT 2012: Ajax->Mostrar Megusta:  
Sat Jan 28 17:24:08 BOT 2012: Ajax->Mostrar Nombre Artista:  
Sat Jan 28 17:24:47 BOT 2012: Ajax-> Mostrar Ranking > tono:207 
Sat Jan 28 17:28:29 BOT 2012: Consulta de precio de reason:2 - msisdn: tono:120225 Async responde:350
 
Sat Jan 28 17:29:11 BOT 2012: Ajax->Mostrar Comentarios:  
Sat Jan 28 17:30:30 BOT 2012: Ajax->Mostrar Comentarios:  
Sat Jan 28 17:30:30 BOT 2012: ASYNC -> STATS> Tiempo respuesta 0.009182 seg.
Sat Jan 28 17:33:15 BOT 2012: Ajax-> Mostrar  Nombre Artista > tono:139958 
Sat Jan 28 17:34:03 BOT 2012: ASYNC -> STATS> Tiempo respuesta 0.018051 seg.
Sat Jan 28 17:34:06 BOT 2012: Ajax-> Mostrar Ranking > tono:142527 
Sat Jan 28 17:34:09 BOT 2012: Asignar backtone escuchado > Asi termino:144564,141833,142230,127757,127759,127855,127787,130053,140810,120248,144562,142225,142220,142168,140808,142273,140825,140823,140821,117841,
Sat Jan 28 17:34:09 BOT 2012: Ajax-> Mostrar Comentarios> tono:112468 
Sat Jan 28 17:34:18 BOT 2012: Error al consultar precio de renovacion - msisdn:78004927 tono:142527 - Async responde -3
Sat Jan 28 17:34:18 BOT 2012: Asignar backtone escuchado > Asi termino:133833,143076,131842,103934,103933,103932,103931,
Sat Jan 28 17:34:24 BOT 2012: Ajax->Mostrar Ranking:  
Sat Jan 28 17:37:31 BOT 2012: Ajax->Mostrar Megusta:  
Sat Jan 28 17:41:37 BOT 2012: Ajax-> Mostrar Megusta> tono:105610 
Sat Jan 28 17:41:46 BOT 2012: ASYNC -> STATS> Tiempo respuesta 0.010226 seg.
Sat Jan 28 17:42:47 BOT 2012: Ajax->Mostrar Megusta:  
Sat Jan 28 17:43:20 BOT 2012: Ajax->Mostrar Nombre Genero:  
Sat Jan 28 17:43:41 BOT 2012: Ajax->Eliminando backtone: msisdn:78403596   
Sat Jan 28 17:45:26 BOT 2012: Ajax->Mostrar Imagen Portada:  
Sat Jan 28 17:46:08 BOT 2012: Ajax->Mostrar Nombre Artista:  
Sat Jan 28 17:46:41 BOT 2012: ASYNC -> STATS> Tiempo respuesta 0.0099779999999999 seg.
Sat Jan 28 17:48:57 BOT 2012: Ajax->Mostrar Nombre Genero:  
Sat Jan 28 17:49:57 BOT 2012: Ajax-> Mostrar  Nombre Genero > tono:102911 
Sat Jan 28 17:52:06 BOT 2012: Ajax->Mostrar Reproducciones:  
Sat Jan 28 17:52:51 BOT 2012: Ajax->Mostrar Nombre Artista:  
Sat Jan 28 17:53:36 BOT 2012: Ajax-> Mostrar Ranking > tono:117844 
Sat Jan 28 17:54:18 BOT 2012: Ajax-> Mostrar  Nombre Genero > tono:104167 
Sat Jan 28 17:55:03 BOT 2012: Ajax->Mostrar Nombre Artista:  
Sat Jan 28 17:56:46 BOT 2012: Ajax->Mostrar Megusta:  
Sat Jan 28 17:56:49 BOT 2012: ASYNC -> STATS> Tiempo respuesta -0.126787 seg.
Sat Jan 28 17:56:52 BOT 2012: ASYNC -> STATS> Tiempo respuesta -0.568195 seg.
Sat Jan 28 17:56:55 BOT 2012: Ajax-> Mostrar Ranking > tono:105572 
Sat Jan 28 17:57:04 BOT 2012: ASYNC -> STATS> Tiempo respuesta 0.00148 seg.
Sat Jan 28 17:57:19 BOT 2012: Ajax->Mostrar Comentarios:  
Sat Jan 28 17:57:25 BOT 2012: Consulta de precio de reason:3 - msisdn:75656086 tono:104177 Async responde:350
 
Sat Jan 28 17:57:28 BOT 2012: Ajax-> Mostrar Comentarios> tono:104180 
Sat Jan 28 17:57:35 BOT 2012: Ajax->Mostrar Ranking:  
Sat Jan 28 17:57:40 BOT 2012: Ajax->Mostrar Comentarios:  
Sat Jan 28 17:57:46 BOT 2012: Ajax->Mostrar Reproducciones:  
Sat Jan 28 17:57:55 BOT 2012: Busqueda Inteligente: resultados >565
Sat Jan 28 17:58:01 BOT 2012: Ajax->Mostrar Megusta:  
Sat Jan 28 17:58:01 BOT 2012: Ajax->Mostrar Reproducciones:  
Sat Jan 28 17:58:01 BOT 2012: Consulta de precio de reason:2 - msisdn: tono:103934 Async responde:350
 
Sat Jan 28 17:59:20 BOT 2012: ASYNC -> STATS> Tiempo respuesta 0.002196 seg.
Sat Jan 28 17:59:23 BOT 2012: Consulta de precio de reason:10 - msisdn:78004927 tono:142527 Async responde:350
 
Sat Jan 28 17:59:35 BOT 2012: Ajax->Mostrar Megusta:  
Sat Jan 28 17:59:38 BOT 2012: Ajax->Mostrar Nombre Genero:  
Sat Jan 28 18:00:20 BOT 2012: Asignar backtone escuchado > Asi termino:142527,
Sat Jan 28 18:01:26 BOT 2012: Ajax-> Mostrar  Nombre Artista > tono:103469 
Sat Jan 28 18:02:59 BOT 2012: ASYNC -> STATS> Tiempo respuesta 0.0040009999999999 seg.
Sat Jan 28 18:03:05 BOT 2012: ASYNC -> STATS> Tiempo respuesta -0.002081 seg.
Sat Jan 28 18:04:08 BOT 2012: Asignar backtone escuchado > Asi termino:104578,105541,105544,103572,103855,104897,253,105542,104916,256,255,119101,103575,103576,103555,103577,105524,104579,104256,105520,
Sat Jan 28 18:04:26 BOT 2012: Ajax-> Mostrar Megusta> tono:103790 
Sat Jan 28 18:04:50 BOT 2012: Ajax-> Mostrar Comentarios> tono:142527 
Sat Jan 28 18:05:24 BOT 2012: ASYNC -> STATS> Tiempo respuesta 0.002502 seg.
Sat Jan 28 18:09:09 BOT 2012: ASYNC -> STATS> Tiempo respuesta 0.008505 seg.
Sat Jan 28 18:09:27 BOT 2012: Ajax-> Mostrar  Nombre Genero > tono:107766 
Sat Jan 28 18:10:42 BOT 2012: Ajax-> Mostrar  Nombre Artista > tono:103934 
Sat Jan 28 18:11:03 BOT 2012: Ajax->Mostrar Ranking:  
Sat Jan 28 18:11:03 BOT 2012: Ajax->Mostrar Nombre Genero:  
Sat Jan 28 18:11:06 BOT 2012: Ajax->Mostrar Imagen Portada:  
Sat Jan 28 18:15:22 BOT 2012: Mostrar Album: >albumes/album-default.jpg
Sat Jan 28 18:24:02 BOT 2012: Ajax-> Mostrar  Nombre Genero > tono:142527 
Sat Jan 28 18:24:33 BOT 2012: Ajax->Mostrar Megusta:  
Sat Jan 28 18:24:33 BOT 2012: Ajax->Mostrar Megusta:  
Sat Jan 28 18:31:24 BOT 2012: ASYNC -> STATS> Tiempo respuesta 0.302162 seg.
Sat Jan 28 18:32:01 BOT 2012: Ajax->Mostrar Nombre Artista:  
Sat Jan 28 18:32:34 BOT 2012: ASYNC -> STATS> Tiempo respuesta 0.006487 seg.
Sat Jan 28 18:43:32 BOT 2012: Ajax->Mostrar Ranking:  
Sat Jan 28 18:43:35 BOT 2012: ASYNC -> STATS> Tiempo respuesta -0.150425 seg.
Sat Jan 28 18:44:08 BOT 2012: ASYNC -> STATS> Tiempo respuesta 0.070207 seg.
Sat Jan 28 18:44:20 BOT 2012: Ajax->Actualizar pin usuario
Sat Jan 28 18:45:05 BOT 2012: Ajax->Mostrar Comentarios:  
Sat Jan 28 18:46:51 BOT 2012: Ajax-> Mostrar  Nombre Artista > tono:140821 
Sat Jan 28 18:47:06 BOT 2012: ASYNC -> STATS> Tiempo respuesta -0.001874 seg.
Sat Jan 28 18:48:03 BOT 2012: ASYNC -> STATS> Tiempo respuesta 0.240098 seg.
Sat Jan 28 18:48:03 BOT 2012: Asignar backtone escuchado > Asi termino:104569,106304,104567,140821,103731,106310,105841,106305,107755,107752,107751,107749,107747,105836,141880,105068,105302,104133,107737,106294,
Sat Jan 28 18:48:12 BOT 2012: Asignar backtone escuchado > Asi termino:108595,128239,128230,128226,102682,102681,102676,102675,103274,
Sat Jan 28 18:51:48 BOT 2012: Busqueda Inteligente: resultados >103758
Sat Jan 28 18:53:49 BOT 2012: Ajax->Mostrar Megusta:  
Sat Jan 28 18:58:04 BOT 2012: STATS > BUSQUEDA DE BACKTONE >Tiempo: 0.08499 seg. | registros: 89
Sat Jan 28 18:58:40 BOT 2012: Ajax->Mostrar Nombre Artista:  
Sat Jan 28 19:00:53 BOT 2012: Ajax->Mostrar Megusta:  
Sat Jan 28 19:01:59 BOT 2012: Ajax->Mostrar Megusta:  
Sat Jan 28 19:35:51 BOT 2012: Ajax-> Mostrar Comentarios> tono:142527 
Sat Jan 28 19:36:24 BOT 2012: Ajax->Mostrar Ranking:  
Sat Jan 28 19:47:58 BOT 2012: Mostrar Genero: >G&eacute;nero:  <a href='index.php?seccion=playlist&genero=98'>Brasileras</a>
Sat Jan 28 20:02:36 BOT 2012: WEB_REPRODUCIR_BUSQUEDA > Se recibieron:1 tonos
Sat Jan 28 20:07:46 BOT 2012: ASYNC -> STATS> Tiempo respuesta -0.179087 seg.
Sat Jan 28 20:12:32 BOT 2012: Ajax-> Mostrar  Nombre Genero > tono:105006 
Sat Jan 28 20:16:08 BOT 2012: Asignar backtone escuchado > Asi termino:126154,126152,135057,130814,124964,124958,131757,124962,127376,122287,124960,121513,
Sat Jan 28 20:22:12 BOT 2012: Busqueda Inteligente: 
Sat Jan 28 20:26:07 BOT 2012: Ajax-> Mostrar Ranking > tono:141922 
Sat Jan 28 20:28:43 BOT 2012: Busqueda Inteligente: resultados >120944
Sat Jan 28 20:29:31 BOT 2012: Ajax-> Mostrar Megusta> tono:133878 
Sat Jan 28 20:29:40 BOT 2012: Ajax-> Mostrar  Nombre Genero > tono:127759 
Sat Jan 28 20:30:01 BOT 2012: Ajax->Mostrar Imagen Portada:  
Sat Jan 28 20:31:10 BOT 2012: Ajax->Mostrar Reproducciones:  
Sat Jan 28 20:31:40 BOT 2012: Ajax-> Mostrar Ranking > tono:102630 
Sat Jan 28 20:31:40 BOT 2012: Ajax->Mostrar Ranking:  
Sat Jan 28 20:44:45 BOT 2012: Ajax->Mostrar Nombre Genero:  
Sat Jan 28 20:46:12 BOT 2012: Ajax-> Mostrar Comentarios> tono:104460 
Sat Jan 28 20:46:18 BOT 2012: ASYNC -> STATS> Tiempo respuesta 0.002395 seg.
Sat Jan 28 20:46:21 BOT 2012: ASYNC -> STATS> Tiempo respuesta 0.084891 seg.
Sat Jan 28 20:46:24 BOT 2012: ASYNC -> STATS> Tiempo respuesta 0.576598 seg.
Sat Jan 28 20:46:40 BOT 2012: Ajax-> Mostrar Comentarios> tono:127763 
Sat Jan 28 20:47:19 BOT 2012: Ajax->Mostrar Reproducciones:  
Sat Jan 28 20:47:19 BOT 2012: Ajax->Mostrar Reproducciones:  
Sat Jan 28 20:48:19 BOT 2012: Ajax->Mostrar Comentarios:  
Sat Jan 28 20:48:22 BOT 2012: WEB_REPRODUCIR_BUSQUEDA > Se recibieron:114 tonos
Sat Jan 28 20:48:22 BOT 2012: Ajax-> Mostrar Comentarios> tono:104364 
Sat Jan 28 20:48:37 BOT 2012: Ajax-> Mostrar  Imagen Portada> tono:107763 
Sat Jan 28 20:49:58 BOT 2012: Ajax-> Mostrar Megusta> tono:107758 
Sat Jan 28 20:53:01 BOT 2012: Ajax->Mostrar Reproducciones:  
Sat Jan 28 20:53:53 BOT 2012: ASYNC -> STATS> Tiempo respuesta 0.004544 seg.
Sat Jan 28 20:53:59 BOT 2012: Ajax->Mostrar Nombre Artista:  
Sat Jan 28 20:54:15 BOT 2012: Ajax->Mostrar Ranking:  
Sat Jan 28 20:54:36 BOT 2012: Ajax->Mostrar Imagen Portada:  
Sat Jan 28 20:55:06 BOT 2012: Consulta de precio de reason:2 - msisdn:77303131 tono:144164 Async responde:350
 
Sat Jan 28 20:55:06 BOT 2012: Ajax->Mostrar Ranking:  
Sat Jan 28 20:55:45 BOT 2012: Ajax->Mostrar Ranking:  
Sat Jan 28 20:55:54 BOT 2012: ASYNC -> STATS> Tiempo respuesta 0.380978 seg.
Sat Jan 28 20:55:57 BOT 2012: Consulta de precio de reason:3 - msisdn:77303131 tono:104171 Async responde:350
 
Sat Jan 28 20:56:55 BOT 2012: Ajax-> Mostrar  Imagen Portada> Album:Artista:  <a href='index.php?seccion=playlist&autor=1109'>Chino y Nacho</a>
Sat Jan 28 20:59:41 BOT 2012: Busqueda Inteligente: resultados >133882
Sat Jan 28 21:00:20 BOT 2012: ASYNC -> STATS> Tiempo respuesta 0.00095100000000004 seg.
Sat Jan 28 21:00:32 BOT 2012: Session Start>  session por defecto 
Sat Jan 28 21:02:08 BOT 2012: Ajax-> Mostrar  Nombre Artista > tono:128235 
Sat Jan 28 21:02:51 BOT 2012: Asignar backtone escuchado > Asi termino:103469,103790,102630,106304,104567,105096,129933,131812,142230,140821,102825,104402,135152,103777,517,104404,103054,104403,103940,103939,
Sat Jan 28 21:05:45 BOT 2012: Ajax->Mostrar Reproducciones:  
Sat Jan 28 21:06:24 BOT 2012: ASYNC -> STATS> Tiempo respuesta 0.010187 seg.
Sat Jan 28 21:07:06 BOT 2012: ASYNC -> STATS> Tiempo respuesta 0.010664 seg.
Sat Jan 28 21:07:09 BOT 2012: Asignar backtone escuchado > Asi termino:121508,121510,130979,128309,137822,104305,104184,141113,106385,141120,141124,143739,106382,142225,141833,142273,140821,131035,123519,131730,
Sat Jan 28 21:08:09 BOT 2012: Ajax-> Mostrar  Nombre Artista > tono:144195 
Sat Jan 28 21:09:19 BOT 2012: Ajax->Mostrar Nombre Genero:  
Sat Jan 28 21:09:34 BOT 2012: Ajax->Mostrar Nombre Artista:  
Sat Jan 28 21:11:10 BOT 2012: Mostrar Genero: >G&eacute;nero:  <a href='index.php?seccion=playlist&genero=175'>CHINO Y NACHO</a>
Sat Jan 28 21:11:13 BOT 2012: Ajax->Mostrar Nombre Artista:  
Sat Jan 28 21:11:34 BOT 2012: Ajax->Mostrar Reproducciones:  
Sat Jan 28 21:12:25 BOT 2012: ASYNC -> STATS> Tiempo respuesta 0.003177 seg.
Sat Jan 28 21:14:01 BOT 2012: ASYNC -> STATS> Tiempo respuesta 0.0073 seg.
Sat Jan 28 21:14:46 BOT 2012: Ajax-> Mostrar Comentarios> tono:104991 
Sat Jan 28 21:15:13 BOT 2012: Asignar backtone escuchado > Asi termino:104180,104177,104171,141881,142527,104307,102817,102694,125510,110187,110188,103052,125067,125088,128425,125092,125090,402,103475,103051,
Sat Jan 28 21:15:16 BOT 2012: Mostrar Album: >Artista:  <a href='index.php?seccion=playlist&autor=547'>Pan de Arroz</a>
Sat Jan 28 21:15:56 BOT 2012: Error al consultar precio de renovacion - msisdn:78004927 tono:142527 - Async responde -3
Sat Jan 28 21:22:33 BOT 2012: ASYNC -> STATS> Tiempo respuesta 0.002777 seg.
Sat Jan 28 21:23:00 BOT 2012: ASYNC -> STATS> Tiempo respuesta 0.010594 seg.
Sat Jan 28 21:23:30 BOT 2012: ASYNC -> STATS> Tiempo respuesta 0.00615 seg.
Sat Jan 28 21:23:33 BOT 2012: Ajax-> Mostrar  Nombre Genero > tono:102757 
Sat Jan 28 21:23:33 BOT 2012: Mostrar Album: >Artista:  <a href='index.php?seccion=playlist&autor=546'>Banda Poopo</a>
Sat Jan 28 21:23:48 BOT 2012: Ajax-> Mostrar Ranking > tono:102645 
Sat Jan 28 21:25:09 BOT 2012: Ajax->Mostrar Nombre Artista:  
Sat Jan 28 21:26:18 BOT 2012: ASYNC -> STATS> Tiempo respuesta 0.009318 seg.
Sat Jan 28 21:26:21 BOT 2012: ASYNC -> STATS> Tiempo respuesta -0.141925 seg.
Sat Jan 28 21:26:51 BOT 2012: Busqueda Inteligente: resultados >110324
Sat Jan 28 21:27:36 BOT 2012: Ajax-> Mostrar  Imagen Portada> tono:142527 
Sat Jan 28 21:27:45 BOT 2012: Ajax->Mostrar Ranking:  
Sat Jan 28 21:29:55 BOT 2012: Ajax->Mostrar Ranking:  
Sat Jan 28 21:30:13 BOT 2012: Ajax-> Mostrar  Imagen Portada> tono:110342 
Sat Jan 28 21:30:58 BOT 2012: Ajax-> Mostrar Ranking > tono:127256 
Sat Jan 28 21:31:10 BOT 2012: Ajax->Mostrar Comentarios:  
Sat Jan 28 21:31:13 BOT 2012: Ajax->Mostrar Megusta:  
Sat Jan 28 21:31:43 BOT 2012: Ajax->Mostrar Comentarios:  
Sat Jan 28 21:33:07 BOT 2012: Mostrar Megusta > tono: 142527 msisdn:78004927 > cantidad de registros: 0
Sat Jan 28 21:33:28 BOT 2012: Asignar backtone escuchado > Asi termino:127273,127300,127295,125516,103779,103777,104403,103939,102630,104894,103279,112705,103479,105096,562,105547,125049,138307,130,105546,
Sat Jan 28 21:35:17 BOT 2012: Ajax-> Mostrar  Nombre Artista > tono:104164 
Sat Jan 28 21:38:53 BOT 2012: Ajax-> Mostrar Comentarios> tono:105580 
Sat Jan 28 21:40:20 BOT 2012: Ajax->Mostrar Ranking:  
Sat Jan 28 21:40:29 BOT 2012: Ajax->Mostrar Nombre Genero:  
Sat Jan 28 21:41:33 BOT 2012: Ajax->Mostrar Imagen Portada:  
Sat Jan 28 21:41:51 BOT 2012: Ajax-> Mostrar Ranking > tono:122650 
Sat Jan 28 21:44:00 BOT 2012: Busqueda Inteligente: Resultado 
 -1 
Sat Jan 28 21:44:15 BOT 2012: Ajax-> Mostrar Ranking > tono:102506 
Sat Jan 28 21:45:30 BOT 2012: Ajax->Mostrar Imagen Portada:  
Sat Jan 28 21:46:27 BOT 2012: ASYNC -> STATS> Tiempo respuesta 0.0048520000000001 seg.
Sat Jan 28 21:47:31 BOT 2012: Mostrar Ranking: tono:104329 calificacion: 
Sat Jan 28 21:48:01 BOT 2012: Ajax->Mostrar Nombre Artista:  
Sat Jan 28 21:57:53 BOT 2012: Ajax-> Mostrar  Imagen Portada> tono:142527 
Sat Jan 28 21:58:27 BOT 2012: ASYNC -> STATS> Tiempo respuesta 0.018506 seg.
Sat Jan 28 23:03:48 BOT 2012: ASYNC -> STATS> Tiempo respuesta 0.002275 seg.
Sat Jan 28 23:03:51 BOT 2012: Ajax->Mostrar Nombre Artista:  
Sat Jan 28 23:04:34 BOT 2012: Ajax->Mostrar Imagen Portada:  
Sat Jan 28 23:04:40 BOT 2012: Busqueda Inteligente: ser recibieron 1 resultados
Sat Jan 28 23:07:01 BOT 2012: Ajax->Mostrar Nombre Artista:  
Sat Jan 28 23:08:37 BOT 2012: Ajax-> Mostrar Ranking > tono:107749 
Sat Jan 28 23:10:25 BOT 2012: ASYNC -> STATS> Tiempo respuesta 0.225419 seg.
Sat Jan 28 23:10:37 BOT 2012: Ajax->Mostrar Reproducciones:  
Sat Jan 28 23:13:11 BOT 2012: Ajax-> Mostrar Megusta> tono:104410 
Sat Jan 28 23:13:32 BOT 2012: Ajax->Mostrar Megusta:  
Sat Jan 28 23:13:35 BOT 2012: Ajax->Mostrar Megusta:  
Sat Jan 28 23:13:41 BOT 2012: Busqueda Inteligente:  Yandel-Franco "El Gorilla"
Sat Jan 28 23:14:50 BOT 2012: Ajax->Mostrar Megusta:  
Sat Jan 28 23:14:50 BOT 2012: session-default => asignando por default session
Sat Jan 28 23:18:15 BOT 2012: Ajax->Mostrar Nombre Genero:  
Sat Jan 28 23:20:33 BOT 2012: ASYNC -> STATS> Tiempo respuesta 0.751425 seg.
Sat Jan 28 23:21:51 BOT 2012: Ajax->Mostrar Nombre Genero:  
Sat Jan 28 23:24:52 BOT 2012: ASYNC -> STATS> Tiempo respuesta 0.247972 seg.
Sat Jan 28 23:24:58 BOT 2012: Error al consultar precio de renovacion - msisdn:78004927 tono:142527 - Async responde -3
Sat Jan 28 23:25:01 BOT 2012: ASYNC -> STATS> Tiempo respuesta -0.100153 seg.
Sat Jan 28 23:25:07 BOT 2012: Consulta de precio de reason:10 - msisdn:78004927 tono:142527 Async responde:350
 
Sat Jan 28 23:25:07 BOT 2012: Consulta de precio de reason:10 - msisdn: tono:104766 Async responde:350
 
Sat Jan 28 23:31:41 BOT 2012: Ajax-> Mostrar Ranking > tono:102622 
Sat Jan 28 23:33:56 BOT 2012: Busqueda Inteligente: Makano
Sat Jan 28 23:34:26 BOT 2012: Ajax->Mostrar Reproducciones:  
Sat Jan 28 23:35:23 BOT 2012: MTD_DB_BUSCAR_ARTISTAS > retornando registros:73
Sat Jan 28 23:40:30 BOT 2012: Ajax->Mostrar Comentarios:  
Sat Jan 28 23:50:56 BOT 2012: Ajax-> Mostrar Ranking > tono:102742 
Sat Jan 28 23:51:38 BOT 2012: Ajax->Mostrar Imagen Portada:  
Sat Jan 28 23:52:11 BOT 2012: ASYNC -> STATS> Tiempo respuesta 0.005671 seg.
Sat Jan 28 23:52:20 BOT 2012: ASYNC -> STATS> Tiempo respuesta -0.015484 seg.
Sat Jan 28 23:52:59 BOT 2012: Ajax-> Mostrar  Nombre Artista > tono:103282 
Sat Jan 28 23:57:06 BOT 2012: Ajax-> Mostrar Megusta> tono:102702 
Sat Jan 28 23:58:12 BOT 2012: Ajax->Mostrar Imagen Portada:  
