Tue Feb 7 9:21:00 BOT 2012: Mostrar Ranking: tono:142111 calificacion: 5
Tue Feb 7 9:21:15 BOT 2012: Ajax->Mostrar Megusta:  
Tue Feb 7 9:28:52 BOT 2012: Ajax->Mostrar Reproducciones:  
Tue Feb 7 9:29:07 BOT 2012: MTD_DB_BUSCAR_ARTISTAS > retornando registros:73
Tue Feb 7 9:29:19 BOT 2012: Ajax->Mostrar Imagen Portada:  
Tue Feb 7 9:30:53 BOT 2012: Ajax->Mostrar Imagen Portada:  
Tue Feb 7 9:31:47 BOT 2012: Ajax->Mostrar Comentarios:  
Tue Feb 7 9:32:05 BOT 2012: Ajax-> Mostrar  Nombre Artista > tono:103103 
Tue Feb 7 9:32:11 BOT 2012: Ajax->Mostrar Imagen Portada:  
Tue Feb 7 9:32:50 BOT 2012: Ajax->Mostrar Megusta:  
Tue Feb 7 9:33:44 BOT 2012: Ajax->Mostrar Reproducciones:  
Tue Feb 7 9:34:44 BOT 2012: Asignar backtone escuchado > Asi termino:104038,103226,11,103224,103992,104024,104037,131627,131625,131616,131708,
Tue Feb 7 9:36:20 BOT 2012: Ajax->Mostrar Ranking:  
Tue Feb 7 9:36:20 BOT 2012: Ajax->Mostrar Ranking:  
Tue Feb 7 9:36:20 BOT 2012: Asignar backtone escuchado > Asi termino:127284,109243,105402,58,103703,126993,116862,103702,103701,103700,126855,126857,103711,106295,121,103946,104053,104052,105541,129217,
Tue Feb 7 9:39:00 BOT 2012: Ajax->Mostrar Megusta:  
Tue Feb 7 9:39:27 BOT 2012: Ajax-> Mostrar  Imagen Portada> tono:104174 
Tue Feb 7 9:42:06 BOT 2012: Ajax->Mostrar Ranking:  
Tue Feb 7 9:43:00 BOT 2012: STATS > BUSQUEDA DE BACKTONE >Tiempo: 0.079276 seg. | registros: 82
Tue Feb 7 9:43:30 BOT 2012: Ajax->Mostrar Nombre Genero:  
Tue Feb 7 9:44:03 BOT 2012: Ajax->Mostrar Imagen Portada:  
Tue Feb 7 9:46:13 BOT 2012: Ajax->Mostrar Imagen Portada:  
Tue Feb 7 9:48:43 BOT 2012: Busqueda Inteligente: resultados >114594
Tue Feb 7 9:49:31 BOT 2012: Asignar backtone escuchado > Asi termino:102945,102944,102946,103627,104206,102630,145288,102650,145222,103718,126855,126857,104297,140821,131823,104815,
Tue Feb 7 9:50:25 BOT 2012: ASYNC -> STATS> Tiempo respuesta 0.0072129999999999 seg.
Tue Feb 7 9:50:28 BOT 2012: ASYNC -> STATS> Tiempo respuesta -0.008293 seg.
Tue Feb 7 9:50:28 BOT 2012: Asignar backtone escuchado > Asi termino:104941,123218,128231,128221,128220,130830,124419,124243,
Tue Feb 7 9:50:55 BOT 2012: Mostrar Genero: >G&eacute;nero:  <a href='index.php?seccion=playlist&genero=132'>Pop</a>
Tue Feb 7 9:51:31 BOT 2012: Ajax->Mostrar Comentarios:  
Tue Feb 7 9:51:31 BOT 2012: Ajax->Mostrar Imagen Portada:  
Tue Feb 7 9:51:37 BOT 2012: Ajax->Mostrar Imagen Portada:  
Tue Feb 7 9:51:43 BOT 2012: Session Start>  session por defecto 
Tue Feb 7 9:57:35 BOT 2012: Mostrar Album: >albumes/Pablo Fernandez.jpg
Tue Feb 7 9:58:50 BOT 2012: Ajax->Eliminando backtone:  > msisdn:78856489 >  tono :105543  
Tue Feb 7 9:59:05 BOT 2012: Ajax->Mostrar Reproducciones:  
Tue Feb 7 10:00:21 BOT 2012: Busqueda Inteligente: resultados >144166
Tue Feb 7 10:03:51 BOT 2012: Ajax-> Mostrar Megusta> tono:110079 
Tue Feb 7 10:04:36 BOT 2012: Ajax-> Mostrar Ranking > tono:142919 
Tue Feb 7 10:04:54 BOT 2012: ASYNC -> STATS> Tiempo respuesta 0.011755 seg.
Tue Feb 7 10:05:39 BOT 2012: Asignar backtone escuchado > Asi termino:112439,104390,110219,104174,105046,114591,104305,240,144306,106232,123008,131717,141833,142273,142166,139723,137882,106380,142230,140821,
Tue Feb 7 10:05:54 BOT 2012: ASYNC -> STATS> Tiempo respuesta 0.21449 seg.
Tue Feb 7 10:05:57 BOT 2012: Consulta de precio de reason:10 - msisdn: tono:211 Async responde:350
 
Tue Feb 7 10:05:57 BOT 2012: Asignar backtone escuchado > Asi termino:123520,123537,131048,131046,123516,131038,131728,123523,131044,123533,123542,123541,123527,123513,123538,131040,123540,123515,123528,131730,
Tue Feb 7 10:05:57 BOT 2012: Ajax->Mostrar Imagen Portada:  
Tue Feb 7 10:07:37 BOT 2012: Consulta de precio de reason:2 - msisdn:75756007 tono:141132 Async responde:350
 
Tue Feb 7 10:07:37 BOT 2012: Ajax->Mostrar Reproducciones:  
Tue Feb 7 10:07:58 BOT 2012: Ajax-> Mostrar Megusta> tono:123519 
Tue Feb 7 10:10:19 BOT 2012: ASYNC -> STATS> Tiempo respuesta -0.595954 seg.
Tue Feb 7 10:10:55 BOT 2012: Ajax->Mostrar Ranking:  
Tue Feb 7 10:11:13 BOT 2012: Ajax-> Mostrar  Nombre Artista > tono:103952 
Tue Feb 7 10:11:13 BOT 2012: Ajax->Mostrar Ranking:  
Tue Feb 7 10:12:22 BOT 2012: Mostrar Cantidad reproducciones: tono:103018 cantidad: 0
Tue Feb 7 10:15:32 BOT 2012: Ajax->Mostrar Nombre Genero:  
Tue Feb 7 10:15:59 BOT 2012: Ajax->Mostrar Nombre Genero:  
Tue Feb 7 10:16:32 BOT 2012: ASYNC -> STATS> Tiempo respuesta -0.40653 seg.
Tue Feb 7 10:16:35 BOT 2012: ASYNC -> STATS> Tiempo respuesta -0.38102 seg.
Tue Feb 7 10:18:08 BOT 2012: Ajax-> Mostrar  Nombre Genero > tono:132454 
Tue Feb 7 10:18:23 BOT 2012: Ajax->Mostrar Nombre Artista:  
Tue Feb 7 10:18:41 BOT 2012: Ajax->Mostrar Ranking:  
Tue Feb 7 10:19:29 BOT 2012: Ajax-> Mostrar  Nombre Artista > tono:144566 
Tue Feb 7 10:19:41 BOT 2012: Ajax-> Mostrar Megusta> tono:142286 
Tue Feb 7 10:20:05 BOT 2012: Ajax-> Mostrar Megusta> tono:145676 
Tue Feb 7 10:20:08 BOT 2012: Ajax->Mostrar Nombre Genero:  
Tue Feb 7 10:22:21 BOT 2012: STATS > BUSQUEDA DE BACKTONE >Tiempo: -0.102118 seg. | registros: 63
Tue Feb 7 10:22:33 BOT 2012: Ajax->Mostrar Nombre Genero:  
Tue Feb 7 10:22:42 BOT 2012: Ajax->Mostrar Ranking:  
Tue Feb 7 10:22:45 BOT 2012: Ajax->Mostrar Nombre Genero:  
Tue Feb 7 10:24:12 BOT 2012: Ajax->Mostrar Reproducciones:  
Tue Feb 7 10:24:27 BOT 2012: Ajax-> Mostrar Megusta> tono:82 
Tue Feb 7 10:24:57 BOT 2012: Asignar backtone escuchado > Asi termino:126165,125661,126144,105865,105864,126167,109965,109964,109963,102997,132454,142284,145676,142286,141946,106232,141918,123008,145118,141922,
Tue Feb 7 10:25:39 BOT 2012: Ajax->Mostrar Nombre Artista:  
Tue Feb 7 10:25:57 BOT 2012: Ajax->Mostrar Reproducciones:  
Tue Feb 7 10:26:27 BOT 2012: Consulta de precio de reason:3 - msisdn: tono:126173 Async responde:350
 
Tue Feb 7 10:26:51 BOT 2012: Ajax-> Mostrar Ranking > tono:123513 
Tue Feb 7 10:26:51 BOT 2012: Ajax->Mostrar Nombre Genero:  
Tue Feb 7 10:27:03 BOT 2012: Ajax->Mostrar Nombre Artista:  
Tue Feb 7 10:28:58 BOT 2012: Ajax->Mostrar Reproducciones:  
Tue Feb 7 10:30:10 BOT 2012: Ajax->Mostrar Comentarios:  
Tue Feb 7 10:56:21 BOT 2012: Ajax->Mostrar Reproducciones:  
Tue Feb 7 10:56:21 BOT 2012: Ajax->Mostrar Ranking:  
Tue Feb 7 10:57:24 BOT 2012: Ajax->Mostrar Reproducciones:  
Tue Feb 7 10:57:45 BOT 2012: Ajax->Mostrar Comentarios:  
Tue Feb 7 10:57:48 BOT 2012: Ajax->Mostrar Nombre Genero:  
Tue Feb 7 11:00:01 BOT 2012: Ajax->Mostrar Reproducciones:  
Tue Feb 7 11:01:10 BOT 2012: MTD_DB_BUSCAR_ARTISTAS > retornando registros:42
Tue Feb 7 11:02:55 BOT 2012: MTD_DB_BUSCAR_ARTISTAS > retornando registros:15
Tue Feb 7 11:04:04 BOT 2012: Ajax-> Mostrar Megusta> tono:141126 
Tue Feb 7 11:07:16 BOT 2012: ASYNC -> STATS> Tiempo respuesta 0.006738 seg.
Tue Feb 7 11:07:22 BOT 2012: ASYNC -> STATS> Tiempo respuesta 0.00121 seg.
Tue Feb 7 11:07:29 BOT 2012: Ajax-> Mostrar Ranking > tono:103232 
Tue Feb 7 11:09:35 BOT 2012: Ajax-> Mostrar Ranking > tono:135673 
Tue Feb 7 11:09:38 BOT 2012: Ajax-> Mostrar Ranking > tono:145391 
Tue Feb 7 11:09:41 BOT 2012: Ajax-> Mostrar  Genero > G&eacute;nero:  <a href='index.php?seccion=playlist&genero=153'>Rock Latino</a>
Tue Feb 7 11:11:48 BOT 2012: Mostrar Cantidad reproducciones: tono:128434 cantidad: 0
Tue Feb 7 11:12:19 BOT 2012: Ajax-> Mostrar  Nombre Genero > tono:125734 
Tue Feb 7 11:14:15 BOT 2012: Ajax-> Mostrar  Nombre Artista > tono:118727 
Tue Feb 7 11:14:31 BOT 2012: Ajax->Mostrar Imagen Portada:  
Tue Feb 7 11:14:40 BOT 2012: Busqueda Inteligente: 
Tue Feb 7 11:16:13 BOT 2012: Ajax->Mostrar Ranking:  
Tue Feb 7 11:16:22 BOT 2012: Ajax->Mostrar Megusta:  
Tue Feb 7 11:16:34 BOT 2012: Ajax-> Mostrar Comentarios> tono:102630 
Tue Feb 7 11:16:37 BOT 2012: STATS > BUSQUEDA DE BACKTONE >Tiempo: 0.498679 seg. | registros: 18
Tue Feb 7 11:17:49 BOT 2012: MTD_DB_BUSCAR_ARTISTAS > retornando registros:49
Tue Feb 7 11:18:17 BOT 2012: Ajax->Mostrar Reproducciones:  
Tue Feb 7 11:19:59 BOT 2012: Ajax->Mostrar Imagen Portada:  
Tue Feb 7 11:20:35 BOT 2012: Ajax->Mostrar Reproducciones:  
Tue Feb 7 11:21:41 BOT 2012: Ajax->Mostrar Megusta:  
Tue Feb 7 11:21:56 BOT 2012: ASYNC -> STATS> Tiempo respuesta -0.040238 seg.
Tue Feb 7 11:23:29 BOT 2012: ASYNC -> STATS> Tiempo respuesta 0.009674 seg.
Tue Feb 7 11:23:32 BOT 2012: ASYNC -> STATS> Tiempo respuesta -0.0087670000000001 seg.
Tue Feb 7 11:23:35 BOT 2012: ASYNC -> STATS> Tiempo respuesta -0.080393 seg.
Tue Feb 7 11:23:38 BOT 2012: ASYNC -> STATS> Tiempo respuesta 0.554105 seg.
Tue Feb 7 11:23:38 BOT 2012: Error al consultar precio de renovacion - msisdn: tono:105769 - Async responde -3
Tue Feb 7 11:23:38 BOT 2012: ASYNC -> STATS> Tiempo respuesta 0.364712 seg.
Tue Feb 7 11:23:41 BOT 2012: Asignar backtone escuchado > Asi termino:105644,144824,103838,104171,145331,145188,144187,144170,142935,142914,142923,142921,144195,
Tue Feb 7 11:23:41 BOT 2012: Ajax->Mostrar Comentarios:  
Tue Feb 7 11:23:41 BOT 2012: Ajax->Mostrar Megusta:  
Tue Feb 7 11:23:59 BOT 2012: Ajax-> Mostrar Megusta> tono:133412 
Tue Feb 7 11:25:03 BOT 2012: Ajax-> Mostrar  Imagen Portada> tono:104189 
Tue Feb 7 11:26:06 BOT 2012: DB_ELIMINAR_BACKTONES > Msisdn:76881026 tono :128297 -> quitando tonos asignados a 1 amigos
Tue Feb 7 11:28:12 BOT 2012: Ajax-> Login Usuario msisdn: 78403135  pin:6473 > Validar msisdn
Tue Feb 7 11:28:24 BOT 2012: ASYNC -> STATS> Tiempo respuesta -0.418528 seg.
Tue Feb 7 11:28:24 BOT 2012: ASYNC -> STATS> Tiempo respuesta 0.00481 seg.
Tue Feb 7 11:28:57 BOT 2012: Ajax->Mostrar Reproducciones:  
Tue Feb 7 11:29:15 BOT 2012: Consulta de precio de reason:10 - msisdn: tono:144106 Async responde:350
 
Tue Feb 7 11:29:27 BOT 2012: Asignar backtone escuchado > Asi termino:125510,128429,128436,128430,106267,128438,128440,125734,128434,128432,128599,128427,128425,134178,305,306,103052,103051,
Tue Feb 7 11:29:36 BOT 2012: Consulta de precio de reason:2 - msisdn: tono:144796 Async responde:350
 
Tue Feb 7 11:31:09 BOT 2012: Ajax->Mostrar Reproducciones:  
Tue Feb 7 11:31:18 BOT 2012: ASYNC -> STATS> Tiempo respuesta 0.698986 seg.
Tue Feb 7 11:31:21 BOT 2012: ASYNC -> STATS> Tiempo respuesta 0.523508 seg.
Tue Feb 7 11:31:24 BOT 2012: Consulta de precio de reason:2 - msisdn: tono:123527 Async responde:350
 
Tue Feb 7 11:31:27 BOT 2012: ASYNC -> STATS> Tiempo respuesta 0.002163 seg.
Tue Feb 7 11:31:27 BOT 2012: Consulta de precio de reason:5 - msisdn: tono:144850 Async responde:350
 
Tue Feb 7 11:31:27 BOT 2012: Ajax->Mostrar Ranking:  
Tue Feb 7 11:31:27 BOT 2012: Ajax->Mostrar Ranking:  
Tue Feb 7 11:31:34 BOT 2012: Ajax->Mostrar Ranking:  
Tue Feb 7 11:32:49 BOT 2012: Ajax->Mostrar Reproducciones:  
Tue Feb 7 11:32:52 BOT 2012: Ajax->Mostrar Comentarios:  
Tue Feb 7 11:34:01 BOT 2012: Ajax-> Login Usuario msisdn: 76481256  pin:5757 > Validar msisdn
Tue Feb 7 11:35:04 BOT 2012: Ajax->Mostrar Ranking:  
Tue Feb 7 11:35:16 BOT 2012: Ajax->Mostrar Ranking:  
Tue Feb 7 11:38:49 BOT 2012: Ajax-> Mostrar Ranking > tono:105234 
Tue Feb 7 11:39:29 BOT 2012: Asignar backtone escuchado > Asi termino:112705,104804,104800,104799,104798,104797,104796,104795,104794,104793,104792,104791,104790,104789,104788,104787,104815,103451,124025,
Tue Feb 7 11:40:50 BOT 2012: Ajax->Mostrar Megusta:  
Tue Feb 7 11:41:08 BOT 2012: Ajax->Mostrar Ranking:  
Tue Feb 7 11:42:05 BOT 2012: Ajax->Mostrar Imagen Portada:  
Tue Feb 7 11:42:41 BOT 2012: ASYNC -> STATS> Tiempo respuesta 0.009616 seg.
Tue Feb 7 11:44:35 BOT 2012: Ajax->Mostrar Nombre Genero:  
Tue Feb 7 11:45:59 BOT 2012: Ajax->Mostrar Nombre Artista:  
Tue Feb 7 11:46:23 BOT 2012: ASYNC -> STATS> Tiempo respuesta 0.100932 seg.
Tue Feb 7 11:46:23 BOT 2012: ASYNC -> STATS> Tiempo respuesta 0.366961 seg.
Tue Feb 7 11:46:29 BOT 2012: Ajax->Mostrar Ranking:  
Tue Feb 7 11:46:30 BOT 2012: Ajax->Mostrar Ranking:  
Tue Feb 7 11:46:30 BOT 2012: Ajax->Mostrar Reproducciones:  
Tue Feb 7 11:46:30 BOT 2012: Ajax->Mostrar Ranking:  
Tue Feb 7 11:46:33 BOT 2012: ASYNC -> STATS> Tiempo respuesta -0.812748 seg.
Tue Feb 7 11:46:33 BOT 2012: WEB REPROD BUSQ > Facebook link: http%3A%2F%2Fbacktones.tigo.com.bo%2Fv3%2Findex.php%3Fseccion%3Dplaylist%26autor%3D339%26f%3D1%26t%3D1231233
Tue Feb 7 11:48:36 BOT 2012: Ajax->Eliminando backtone: msisdn:77902539   
Tue Feb 7 11:48:54 BOT 2012: ASYNC -> STATS> Tiempo respuesta 0.008591 seg.
Tue Feb 7 11:51:48 BOT 2012: Ajax->Mostrar Reproducciones:  
Tue Feb 7 11:51:57 BOT 2012: Ajax-> Mostrar Comentarios> tono:135155 
Tue Feb 7 11:54:13 BOT 2012: Asignar backtone escuchado > Asi termino:142527,134638,134687,134686,134685,134683,134681,134661,134660,134023,134015,122291,104278,109249,135727,104279,448,109314,102650,
Tue Feb 7 11:54:43 BOT 2012: Asignar backtone escuchado > Asi termino:131046,123538,131040,131042,131049,131035,131036,110099,123530,123525,123518,123531,123519,131730,104171,102630,104981,128299,121511,121497,
Tue Feb 7 11:54:43 BOT 2012: Asignar backtone escuchado > Asi termino:135158,129451,135156,131803,135157,135160,135155,120969,108594,108595,105503,109414,240,124243,588,590,137294,137274,102621,102681,
Tue Feb 7 11:55:25 BOT 2012: Check Session > msisdn: 76821398 > Usuario Valido 
Tue Feb 7 11:59:25 BOT 2012: Ajax->Mostrar Reproducciones:  
Tue Feb 7 11:59:55 BOT 2012: ASYNC -> STATS> Tiempo respuesta 0.007409 seg.
Tue Feb 7 12:00:22 BOT 2012: ASYNC -> STATS> Tiempo respuesta 0.004377 seg.
Tue Feb 7 12:01:16 BOT 2012: Asignar backtone escuchado > Asi termino:103992,109337,106281,109336,104024,103991,105402,139969,139968,139967,139965,139964,131001,139963,118747,139961,118754,118749,118736,139960,
Tue Feb 7 12:03:23 BOT 2012: ASYNC -> STATS> Tiempo respuesta 0.004653 seg.
Tue Feb 7 12:03:35 BOT 2012: Ajax->Mostrar Comentarios:  
Tue Feb 7 12:04:08 BOT 2012: Ajax-> Mostrar  Imagen Portada> tono:144846 
Tue Feb 7 12:04:41 BOT 2012: Ajax-> Mostrar  Nombre Genero > tono:103328 
Tue Feb 7 12:04:53 BOT 2012: Ajax->Mostrar Nombre Artista:  
Tue Feb 7 12:05:35 BOT 2012: Asignar backtone escuchado > Asi termino:103940,103939,140989,106288,106286,102621,102610,104174,104171,109322,109249,109320,109247,109318,109317,109246,109238,109245,109243,109242,
Tue Feb 7 12:08:56 BOT 2012: Ajax->Mostrar Ranking:  
Tue Feb 7 12:14:33 BOT 2012: Asignar backtone escuchado > Asi termino:104828,607,109250,141082,131800,112436,141080,104174,108275,103710,104296,103708,103706,103704,103700,126857,508,102656,103303,102924,
Tue Feb 7 12:14:57 BOT 2012: Ajax-> Mostrar  Nombre Genero > tono:133803 
Tue Feb 7 12:16:23 BOT 2012: Consulta de precio de reason:3 - msisdn: tono:103713 Async responde:350
 
Tue Feb 7 12:16:26 BOT 2012: ASYNC -> STATS> Tiempo respuesta 0.001705 seg.
Tue Feb 7 12:16:42 BOT 2012: Busqueda Inteligente: dime que te paso
Tue Feb 7 12:17:49 BOT 2012: Ajax-> Mostrar  Nombre Genero > tono:143738 
Tue Feb 7 12:17:55 BOT 2012: Ajax-> Mostrar Ranking > tono:294 
Tue Feb 7 12:17:58 BOT 2012: Asignar backtone escuchado > Asi termino:448,109314,102650,102693,103342,109240,104393,240,
Tue Feb 7 12:18:01 BOT 2012: ASYNC -> STATS> Tiempo respuesta -0.133508 seg.
Tue Feb 7 12:18:04 BOT 2012: ASYNC -> STATS> Tiempo respuesta -0.010417 seg.
Tue Feb 7 12:18:07 BOT 2012: Ajax->Mostrar Megusta:  
Tue Feb 7 12:18:07 BOT 2012: Asignar backtone escuchado > Asi termino:120949,103940,103938,103939,138306,144194,141024,141027,134022,128599,128425,134178,131036,125510,123530,123525,131042,123527,123513,123540,
Tue Feb 7 12:18:16 BOT 2012: Ajax->Mostrar Imagen Portada:  
Tue Feb 7 12:19:01 BOT 2012: Ajax->Mostrar Reproducciones:  
Tue Feb 7 12:20:13 BOT 2012: Ajax-> Mostrar Comentarios> tono:105812 
Tue Feb 7 12:21:46 BOT 2012: Ajax-> Mostrar  Nombre Artista > tono:104998 
Tue Feb 7 12:24:26 BOT 2012: Ajax->Mostrar Imagen Portada:  
Tue Feb 7 12:24:32 BOT 2012: Asignar backtone escuchado > Asi termino:79,102532,
Tue Feb 7 12:25:50 BOT 2012: Ajax->Mostrar Reproducciones:  
Tue Feb 7 12:26:44 BOT 2012: STATS > BUSQUEDA DE BACKTONE >Tiempo: 0.027861 seg. | registros: 1
Tue Feb 7 12:28:32 BOT 2012: Ajax->Mostrar Imagen Portada:  
Tue Feb 7 12:29:53 BOT 2012: Ajax->Mostrar Megusta:  
Tue Feb 7 12:33:15 BOT 2012: ASYNC -> STATS> Tiempo respuesta -0.297278 seg.
Tue Feb 7 12:33:18 BOT 2012: ASYNC -> STATS> Tiempo respuesta -0.016272 seg.
Tue Feb 7 12:34:06 BOT 2012: Ajax->Mostrar Reproducciones:  
Tue Feb 7 12:34:30 BOT 2012: Ajax->Mostrar Reproducciones:  
Tue Feb 7 12:34:48 BOT 2012: Ajax->Mostrar Reproducciones:  
Tue Feb 7 12:35:00 BOT 2012: Ajax->Mostrar Megusta:  
Tue Feb 7 12:35:36 BOT 2012: Ajax->Mostrar Imagen Portada:  
Tue Feb 7 12:35:54 BOT 2012: ASYNC -> STATS> Tiempo respuesta -0.270175 seg.
Tue Feb 7 12:36:42 BOT 2012: ASYNC -> STATS> Tiempo respuesta 0.005629 seg.
Tue Feb 7 12:36:54 BOT 2012: Mostrar Ranking: tono:106269 calificacion: 
Tue Feb 7 12:38:27 BOT 2012: Ajax->Mostrar Megusta:  
Tue Feb 7 12:41:43 BOT 2012: STATS > BUSQUEDA DE BACKTONE >Tiempo: 0.038406 seg. | registros: 35
Tue Feb 7 12:44:19 BOT 2012: Ajax->Mostrar Nombre Genero:  
Tue Feb 7 12:45:04 BOT 2012: ASYNC -> STATS> Tiempo respuesta 0.010898 seg.
Tue Feb 7 12:47:53 BOT 2012: Ajax->Mostrar Nombre Genero:  
Tue Feb 7 12:49:08 BOT 2012: Asignar backtone escuchado > Asi termino:437,103430,126100,103434,127420,104784,113053,104093,105293,127459,436,102727,113049,110100,103450,104555,129899,103816,127417,104553,
Tue Feb 7 12:49:23 BOT 2012: Ajax-> Mostrar Comentarios> tono:436 
Tue Feb 7 12:50:53 BOT 2012: Busqueda Inteligente: 
Tue Feb 7 12:51:53 BOT 2012: Consulta de precio de reason:2 - msisdn:77290223 tono:144191 Async responde:350
 
Tue Feb 7 12:51:53 BOT 2012: ASYNC -> STATS> Tiempo respuesta -0.335491 seg.
Tue Feb 7 12:52:05 BOT 2012: Asignar backtone escuchado > Asi termino:141130,141134,140819,140816,140814,143739,120248,106382,142225,143744,141833,142273,139723,140825,140823,137882,106380,131812,142230,140821,
Tue Feb 7 12:52:05 BOT 2012: Ajax->Mostrar Imagen Portada:  
Tue Feb 7 14:16:37 BOT 2012: Asignar backtone escuchado > Asi termino:116501,130988,105777,134660,128289,126471,104814,140795,106390,124958,560,105574,145059,124408,124404,124383,104171,142174,125067,104528,
Tue Feb 7 20:17:33 BOT 2012: Ajax-> Mostrar  Nombre Artista > tono:105036 
Tue Feb 7 20:26:10 BOT 2012: Ajax->Mostrar Ranking:  
Tue Feb 7 20:30:59 BOT 2012: Session Start>  session por defecto 
Tue Feb 7 20:32:26 BOT 2012: ASYNC -> STATS> Tiempo respuesta 0.173692 seg.
Tue Feb 7 20:35:03 BOT 2012: Ajax-> Mostrar Ranking > tono:104190 
Tue Feb 7 20:35:06 BOT 2012: Ajax->Mostrar Ranking:  
Tue Feb 7 20:35:06 BOT 2012: Ajax->Mostrar Imagen Portada:  
Tue Feb 7 20:36:36 BOT 2012: Ajax->Mostrar Reproducciones:  
Tue Feb 7 20:37:21 BOT 2012: Ajax->Mostrar Megusta:  
Tue Feb 7 20:37:33 BOT 2012: ASYNC -> STATS> Tiempo respuesta 0.015813 seg.
Tue Feb 7 20:39:06 BOT 2012: Mostrar Genero: >G&eacute;nero:  <a href='index.php?seccion=playlist&genero=167'>Pablo Fernandez</a>
Tue Feb 7 20:39:48 BOT 2012: Asignar backtone escuchado > Asi termino:123542,123541,123527,123513,123538,131040,123540,123515,123528,131730,123530,123525,131042,123518,123531,123519,131049,131035,
Tue Feb 7 20:40:09 BOT 2012: Ajax->Mostrar Imagen Portada:  
Tue Feb 7 20:43:04 BOT 2012: Ajax->Mostrar Nombre Artista:  
Tue Feb 7 20:43:25 BOT 2012: Ajax-> Mostrar Ranking > tono:104457 
Tue Feb 7 20:44:10 BOT 2012: Ajax-> Mostrar Megusta> tono:121499 
Tue Feb 7 20:44:28 BOT 2012: Ajax-> Mostrar Comentarios> tono:127441 
Tue Feb 7 20:48:40 BOT 2012: ASYNC -> STATS> Tiempo respuesta 0.007926 seg.
Tue Feb 7 20:49:34 BOT 2012: Ajax-> Mostrar  Nombre Artista > tono:104323 
Tue Feb 7 20:54:02 BOT 2012: Ajax->Mostrar Megusta:  
Tue Feb 7 20:55:08 BOT 2012: STATS > BUSQUEDA DE BACKTONE >Tiempo: 0.377598 seg. | registros: 5
Tue Feb 7 20:56:14 BOT 2012: STATS > BUSQUEDA DE BACKTONE >Tiempo: 0.685784 seg. | registros: 57
Tue Feb 7 20:56:17 BOT 2012: Ajax->Mostrar Nombre Artista:  
Tue Feb 7 20:56:35 BOT 2012: ASYNC -> STATS> Tiempo respuesta -0.0062589999999999 seg.
Tue Feb 7 20:57:14 BOT 2012: Ajax->Mostrar Nombre Artista:  
Tue Feb 7 20:57:17 BOT 2012: Ajax-> Mostrar Comentarios> tono:144194 
Tue Feb 7 20:58:15 BOT 2012: Ajax->Mostrar Ranking:  
Tue Feb 7 21:02:33 BOT 2012: Ajax->Mostrar Nombre Artista:  
Tue Feb 7 21:03:00 BOT 2012: Ajax-> Mostrar  Imagen Portada> tono:104177 
Tue Feb 7 21:04:12 BOT 2012: Ajax-> Mostrar Ranking > tono:145420 
Tue Feb 7 21:05:22 BOT 2012: Ajax->Mostrar Reproducciones:  
Tue Feb 7 21:06:37 BOT 2012: Ajax-> Mostrar  Genero > G&eacute;nero:  <a href='index.php?seccion=playlist&genero=167'>Pablo Fernandez</a>
Tue Feb 7 21:07:43 BOT 2012: Ajax->Mostrar Nombre Genero:  
Tue Feb 7 21:15:56 BOT 2012: Ajax->Mostrar Nombre Artista:  
Tue Feb 7 21:18:56 BOT 2012: Ajax->Mostrar Reproducciones:  
Tue Feb 7 21:20:09 BOT 2012: Ajax->Mostrar Nombre Artista:  
Tue Feb 7 21:23:24 BOT 2012: Ajax->Mostrar Nombre Artista:  
Tue Feb 7 21:25:15 BOT 2012: Ajax->Mostrar Megusta:  
Tue Feb 7 21:26:52 BOT 2012: Ajax-> Mostrar  Nombre Genero > tono:131730 
Tue Feb 7 21:28:32 BOT 2012: ASYNC -> STATS> Tiempo respuesta 0.002512 seg.
Tue Feb 7 21:29:53 BOT 2012: Ajax->Mostrar Reproducciones:  
Tue Feb 7 21:30:26 BOT 2012: Ajax-> Mostrar Comentarios> tono:131038 
Tue Feb 7 21:31:12 BOT 2012: Asignar backtone escuchado > Asi termino:103872,103817,103429,136633,104554,103816,127417,104560,129234,104553,103451,103430,
Tue Feb 7 21:31:33 BOT 2012: Ajax->Mostrar Megusta:  
Tue Feb 7 21:31:45 BOT 2012: ASYNC -> STATS> Tiempo respuesta -0.141513 seg.
Tue Feb 7 21:32:33 BOT 2012: Ajax-> Mostrar  Nombre Artista > tono:144640 
Tue Feb 7 21:35:06 BOT 2012: Ajax->Mostrar Ranking:  
Tue Feb 7 21:36:00 BOT 2012: Ajax->Mostrar Ranking:  
Tue Feb 7 21:36:00 BOT 2012: Ajax->Mostrar Comentarios:  
Tue Feb 7 21:36:06 BOT 2012: ASYNC -> STATS> Tiempo respuesta 0.004978 seg.
Tue Feb 7 21:38:22 BOT 2012: ASYNC -> STATS> Tiempo respuesta 0.006399 seg.
Tue Feb 7 21:40:52 BOT 2012: Ajax->Mostrar Megusta:  
Tue Feb 7 22:32:49 BOT 2012: ASYNC -> STATS> Tiempo respuesta 0.010815 seg.
Tue Feb 7 22:33:04 BOT 2012: Asignar backtone escuchado > Asi termino:103177,133873,136043,136186,135961,135950,136044,135958,136248,125516,128309,130979,109261,137822,106360,106359,104567,107787,107780,107769,
Tue Feb 7 22:35:31 BOT 2012: ASYNC -> STATS> Tiempo respuesta -0.276406 seg.
Tue Feb 7 22:36:31 BOT 2012: Ajax->Mostrar Nombre Genero:  
Tue Feb 7 22:38:25 BOT 2012: Ajax->Mostrar Imagen Portada:  
Tue Feb 7 22:41:17 BOT 2012: ASYNC -> STATS> Tiempo respuesta 0.017763 seg.
Tue Feb 7 22:41:53 BOT 2012: Asignar backtone escuchado > Asi termino:102882,129234,131760,102883,126141,126167,125517,126173,126175,134658,
Tue Feb 7 22:43:53 BOT 2012: Consulta de precio de reason:3 - msisdn: tono:143743 Async responde:350
 
Tue Feb 7 22:46:39 BOT 2012: Mostrar Genero: >G&eacute;nero:  <a href='index.php?seccion=playlist&genero=165'>Play Boy</a>
Tue Feb 7 22:46:54 BOT 2012: Asignar backtone escuchado > Asi termino:131035,131036,103475,103793,509,107788,107763,141106,103627,128602,103750,105096,143750,140840,137884,120257,142287,145391,141124,145302,
Tue Feb 7 22:47:15 BOT 2012: Ajax->Mostrar Comentarios:  
Tue Feb 7 22:47:30 BOT 2012: Ajax-> Mostrar  Imagen Portada> tono:143078 
Tue Feb 7 22:53:30 BOT 2012: Ajax->Mostrar Nombre Genero:  
Tue Feb 7 22:54:07 BOT 2012: Ajax->Mostrar Nombre Artista:  
Tue Feb 7 23:02:26 BOT 2012: Ajax->Mostrar Comentarios:  
Tue Feb 7 23:07:50 BOT 2012: ASYNC -> STATS> Tiempo respuesta 0.00469 seg.
Tue Feb 7 23:07:59 BOT 2012: Asignar backtone escuchado > Asi termino:276,509,110168,104305,118725,130814,137970,125516,103563,103552,134032,104991,145328,104465,103712,141880,141881,142527,105562,105566,
Tue Feb 7 23:11:00 BOT 2012: Ajax-> Mostrar  Imagen Portada> tono:517 
Tue Feb 7 23:17:37 BOT 2012: Asignar backtone escuchado > Asi termino:145059,145120,107460,107743,107737,139725,143748,143764,143750,140840,142286,140838,145217,144566,143765,140821,104923,105049,104147,104133,
Tue Feb 7 23:23:01 BOT 2012: Ajax-> Mostrar  Nombre Artista > tono:126144 
Tue Feb 7 23:25:59 BOT 2012: Ajax-> Mostrar Ranking > tono:102912 
Tue Feb 7 23:30:56 BOT 2012: Mostrar Comentarios : tono:103451 
Tue Feb 7 23:32:09 BOT 2012: Ajax->Mostrar Reproducciones:  
Tue Feb 7 23:32:09 BOT 2012: Check Session > msisdn: 77607999 > Usuario Valido 
Tue Feb 7 23:42:25 BOT 2012: ASYNC -> STATS> Tiempo respuesta 0.013449 seg.
Tue Feb 7 23:45:22 BOT 2012: Ajax->Mostrar Megusta:  
Tue Feb 7 23:45:31 BOT 2012: Ajax-> Mostrar Comentarios> tono:144164 
