Sat Sep 1 8:08:07 BOT 2012: Ajax-> Mostrar  Imagen Portada> tono:103692 
Sat Sep 1 8:09:04 BOT 2012: Ajax->Mostrar Nombre Artista:  
Sat Sep 1 9:03:52 BOT 2012: Ajax->Mostrar Comentarios:  
Sat Sep 1 9:12:06 BOT 2012: Ajax-> Mostrar Megusta> tono:103458 
Sat Sep 1 9:13:06 BOT 2012: Ajax-> Mostrar Ranking > tono:103460 
Sat Sep 1 9:20:56 BOT 2012: Consulta de precio de reason:2 - msisdn: tono:104024 Async responde:350
 
Sat Sep 1 9:20:56 BOT 2012: Ajax->Mostrar Reproducciones:  
Sat Sep 1 9:20:59 BOT 2012: Ajax-> Mostrar Ranking > tono:102897 
Sat Sep 1 9:20:59 BOT 2012: ASYNC -> STATS> Tiempo respuesta -0.025144 seg.
Sat Sep 1 9:20:59 BOT 2012: Ajax->Mostrar Ranking:  
Sat Sep 1 9:24:00 BOT 2012: Ajax->Mostrar Megusta:  
Sat Sep 1 9:24:12 BOT 2012: Ajax->Mostrar Nombre Artista:  
Sat Sep 1 9:25:03 BOT 2012: Ajax-> Mostrar  Imagen Portada> tono:104030 
Sat Sep 1 9:28:58 BOT 2012: Ajax->Mostrar Reproducciones:  
Sat Sep 1 9:31:38 BOT 2012: Ajax-> Login Usuario msisdn: 77236730  pin:5945 > Validar msisdn
Sat Sep 1 9:32:47 BOT 2012: Ajax->Mostrar Ranking:  
Sat Sep 1 9:37:22 BOT 2012: Ajax->Mostrar Ranking:  
Sat Sep 1 9:37:28 BOT 2012: Ajax->Mostrar Reproducciones:  
Sat Sep 1 9:40:11 BOT 2012: Ajax->Mostrar Megusta:  
Sat Sep 1 9:40:32 BOT 2012: Ajax->Mostrar Ranking:  
Sat Sep 1 9:44:09 BOT 2012: ASYNC -> STATS> Tiempo respuesta 0.083105 seg.
Sat Sep 1 9:44:12 BOT 2012: ASYNC -> STATS> Tiempo respuesta -0.022717 seg.
Sat Sep 1 9:47:22 BOT 2012: Asignar backtone escuchado > Asi termino:137277,137281,102621,110097,103267,102610,
Sat Sep 1 9:50:11 BOT 2012: Ajax->Mostrar Ranking:  
Sat Sep 1 9:50:14 BOT 2012: Ajax->Mostrar Megusta:  
Sat Sep 1 9:50:14 BOT 2012: Asignar backtone escuchado > Asi termino:131038,131728,123523,131044,123533,123542,123541,123527,123513,123538,131040,123540,123515,123528,131730,123530,123525,131042,123518,123531,
Sat Sep 1 10:35:39 BOT 2012: Busqueda Inteligente: resultados >103658
Sat Sep 1 10:38:05 BOT 2012: ASYNC -> STATS> Tiempo respuesta -0.223233 seg.
Sat Sep 1 10:50:45 BOT 2012: Asignar backtone escuchado > Asi termino:129209,103177,145930,145928,145926,53,145927,136248,127424,78,136229,136232,145921,103542,133881,125516,153338,103071,103070,103221,
Sat Sep 1 10:55:43 BOT 2012: Ajax-> Mostrar  Nombre Genero > tono:104298 
Sat Sep 1 10:56:49 BOT 2012: Ajax->Mostrar Nombre Genero:  
Sat Sep 1 11:46:15 BOT 2012: Ajax-> Mostrar Ranking > tono:123513 
Sat Sep 1 11:46:21 BOT 2012: Ajax->Mostrar Ranking:  
Sat Sep 1 11:46:42 BOT 2012: Check Session > msisdn: 76501951 > Usuario Valido 
Sat Sep 1 11:51:37 BOT 2012: Ajax->Mostrar Nombre Genero:  
Sat Sep 1 11:58:21 BOT 2012: Ajax->Mostrar Imagen Portada:  
Sat Sep 1 12:05:05 BOT 2012: Mostrar Genero: >G&eacute;nero:  <a href='index.php?seccion=playlist&genero=112'>Electronicas</a>
Sat Sep 1 12:09:34 BOT 2012: ASYNC -> STATS> Tiempo respuesta 0.00519 seg.
Sat Sep 1 12:11:34 BOT 2012: Ajax-> Mostrar Ranking > tono:102610 
Sat Sep 1 12:12:20 BOT 2012: Ajax-> Mostrar  Nombre Artista > tono:23 
Sat Sep 1 12:13:56 BOT 2012: Ajax-> Mostrar Ranking > tono:129231 
Sat Sep 1 12:15:30 BOT 2012: Ajax-> Mostrar Megusta> tono:142899 
Sat Sep 1 12:16:21 BOT 2012: Ajax-> Mostrar Megusta> tono:133434 
Sat Sep 1 12:16:36 BOT 2012: Asignar backtone escuchado > Asi termino:104998,105001,104466,105002,104471,129231,104395,147767,105000,103687,103713,141881,103571,104496,102595,102596,102597,155300,112318,
Sat Sep 1 12:18:54 BOT 2012: Mostrar Megusta> tono: 133434 msisdn: > 001
Sat Sep 1 12:19:01 BOT 2012: Ajax->Mostrar Ranking:  
Sat Sep 1 12:19:58 BOT 2012: ASYNC -> STATS> Tiempo respuesta -0.399384 seg.
Sat Sep 1 12:20:01 BOT 2012: Error al consultar precio de renovacion - msisdn: tono:104471 - Async responde -3
Sat Sep 1 12:21:22 BOT 2012: Asignar backtone escuchado > Asi termino:133434,102508,154226,141077,141078,131635,131633,104194,105512,154572,104389,104195,104189,104190,104174,
Sat Sep 1 12:22:59 BOT 2012: ASYNC -> STATS> Tiempo respuesta 0.00167 seg.
Sat Sep 1 12:27:03 BOT 2012: Ajax->Mostrar Ranking:  
Sat Sep 1 12:27:46 BOT 2012: Ajax->Mostrar Ranking:  
Sat Sep 1 12:27:55 BOT 2012: ASYNC -> STATS> Tiempo respuesta -0.520942 seg.
Sat Sep 1 12:28:01 BOT 2012: Ajax-> Mostrar Ranking > tono:133434 
Sat Sep 1 12:28:01 BOT 2012: Asignar backtone escuchado > Asi termino:104469,104473,105499,129433,104472,103689,103688,105005,105004,105003,104467,104466,105002,104471,129231,105001,104395,147767,105000,104998,
Sat Sep 1 12:28:04 BOT 2012: Ajax-> Mostrar Ranking > tono:109242 
Sat Sep 1 12:28:04 BOT 2012: ASYNC -> STATS> Tiempo respuesta -0.036335 seg.
Sat Sep 1 12:31:20 BOT 2012: Ajax-> Mostrar Ranking > tono:257 
Sat Sep 1 12:31:32 BOT 2012: Ajax->Mostrar Ranking:  
Sat Sep 1 12:31:32 BOT 2012: ASYNC -> STATS> Tiempo respuesta -0.004952 seg.
Sat Sep 1 12:31:35 BOT 2012: Consulta de precio de reason:10 - msisdn: tono:135057 Async responde:350
 
Sat Sep 1 12:31:35 BOT 2012: Ajax-> Mostrar Ranking > tono:133434 
Sat Sep 1 12:31:35 BOT 2012: ASYNC -> STATS> Tiempo respuesta -0.052297 seg.
Sat Sep 1 12:34:05 BOT 2012: Ajax->Mostrar Comentarios:  
Sat Sep 1 12:34:27 BOT 2012: Ajax->Mostrar Megusta:  
Sat Sep 1 12:36:49 BOT 2012: Ajax-> Mostrar  Imagen Portada> tono:104745 
Sat Sep 1 12:37:46 BOT 2012: ASYNC -> STATS> Tiempo respuesta 0.455795 seg.
Sat Sep 1 12:37:46 BOT 2012: ASYNC -> STATS> Tiempo respuesta 0.474891 seg.
Sat Sep 1 12:38:19 BOT 2012: Asignar backtone escuchado > Asi termino:152504,124243,
Sat Sep 1 12:38:19 BOT 2012: Ajax->Mostrar Ranking:  
Sat Sep 1 12:39:29 BOT 2012: Asignar backtone escuchado > Asi termino:134023,
Sat Sep 1 12:39:35 BOT 2012: Mostrar Megusta> tono: 104252 msisdn: > a otros 1  les gusta 
Sat Sep 1 12:40:14 BOT 2012: ASYNC -> STATS> Tiempo respuesta -0.23922 seg.
Sat Sep 1 12:40:17 BOT 2012: Ajax->Mostrar Ranking:  
Sat Sep 1 12:40:41 BOT 2012: ASYNC -> STATS> Tiempo respuesta 0.00139 seg.
Sat Sep 1 12:41:41 BOT 2012: Ajax-> Mostrar Ranking > tono:105373 
Sat Sep 1 12:42:18 BOT 2012: ASYNC -> STATS> Tiempo respuesta 0.006153 seg.
Sat Sep 1 12:42:36 BOT 2012: ASYNC -> STATS> Tiempo respuesta 0.003036 seg.
Sat Sep 1 12:46:43 BOT 2012: ASYNC -> STATS> Tiempo respuesta -0.487217 seg.
Sat Sep 1 12:47:37 BOT 2012: ASYNC -> STATS> Tiempo respuesta 0.053062 seg.
Sat Sep 1 12:50:05 BOT 2012: Session Start>  session por defecto 
Sat Sep 1 12:50:08 BOT 2012: Session Start>  session por defecto 
Sat Sep 1 12:50:50 BOT 2012: ASYNC -> STATS> Tiempo respuesta -0.478129 seg.
Sat Sep 1 12:54:06 BOT 2012: Busqueda Inteligente: resultados >140393
Sat Sep 1 13:02:35 BOT 2012: ASYNC -> STATS> Tiempo respuesta 0.001262 seg.
Sat Sep 1 13:03:08 BOT 2012: ASYNC -> STATS> Tiempo respuesta 0.005468 seg.
Sat Sep 1 13:05:18 BOT 2012: Ajax->Mostrar Imagen Portada:  
Sat Sep 1 13:11:05 BOT 2012: Ajax-> Mostrar  Nombre Artista > tono:123525 
Sat Sep 1 13:11:56 BOT 2012: Ajax->Mostrar Reproducciones:  
Sat Sep 1 13:13:02 BOT 2012: ACTUALIZAR_PIN_USUARIO >75625330 el usuario ya se encuentra registrado = 75625330
Sat Sep 1 13:17:49 BOT 2012: ASYNC -> STATS> Tiempo respuesta 0.003752 seg.
Sat Sep 1 13:49:16 BOT 2012: Ajax-> Mostrar Ranking > tono:141918 
Sat Sep 1 13:58:40 BOT 2012: Ajax-> Mostrar Ranking > tono:127256 
Sat Sep 1 13:58:43 BOT 2012: ASYNC -> STATS> Tiempo respuesta 0.499669 seg.
Sat Sep 1 14:03:44 BOT 2012: Mostrar Ranking: tono:146575 calificacion: 
Sat Sep 1 14:06:33 BOT 2012: Mostrar Genero: >G&eacute;nero:  <a href='index.php?seccion=playlist&genero=126'>MTV</a>
Sat Sep 1 14:06:51 BOT 2012: Ajax->Mostrar Comentarios:  
Sat Sep 1 14:09:46 BOT 2012: Ajax-> Mostrar  Genero > G&eacute;nero:  <a href='index.php?seccion=playlist&genero=132'>Pop</a>
Sat Sep 1 14:10:35 BOT 2012: ASYNC -> STATS> Tiempo respuesta 0.001051 seg.
Sat Sep 1 14:13:14 BOT 2012: Busqueda Inteligente: resultados >103477
Sat Sep 1 14:14:24 BOT 2012: Ajax-> Mostrar  Imagen Portada> tono:131819 
Sat Sep 1 14:15:48 BOT 2012: Busqueda Inteligente: resultados >104554
Sat Sep 1 14:15:48 BOT 2012: Ajax->Mostrar Imagen Portada:  
Sat Sep 1 14:16:24 BOT 2012: Busqueda Inteligente: resultados >104232
Sat Sep 1 14:18:13 BOT 2012: Ajax->Mostrar Reproducciones:  
Sat Sep 1 14:26:30 BOT 2012: Ajax-> Mostrar Megusta> tono:104429 
Sat Sep 1 14:28:01 BOT 2012: ASYNC -> STATS> Tiempo respuesta 0.008332 seg.
Sat Sep 1 14:28:07 BOT 2012: Ajax->Mostrar Nombre Artista:  
Sat Sep 1 14:28:07 BOT 2012: Consulta de precio de reason:2 - msisdn:75893947 tono:103272 Async responde:350
 
Sat Sep 1 14:38:38 BOT 2012: ASYNC -> STATS> Tiempo respuesta 0.071936 seg.
Sat Sep 1 16:48:16 BOT 2012: MTD_DB_BUSCAR_ARTISTAS > retornando registros:77
Sat Sep 1 16:58:55 BOT 2012: Ajax->Mostrar Nombre Genero:  
Sat Sep 1 17:13:28 BOT 2012: Ajax-> Mostrar  Nombre Artista > tono:102622 
Sat Sep 1 17:13:31 BOT 2012: ASYNC -> STATS> Tiempo respuesta 0.007219 seg.
Sat Sep 1 17:14:52 BOT 2012: Ajax-> Mostrar Ranking > tono:152208 
Sat Sep 1 17:15:26 BOT 2012: Ajax->Mostrar Megusta:  
Sat Sep 1 17:15:38 BOT 2012: Ajax-> Mostrar Ranking > tono:147097 
Sat Sep 1 17:20:09 BOT 2012: Session Start>  session por defecto 
Sat Sep 1 18:16:55 BOT 2012: ASYNC -> STATS> Tiempo respuesta -0.482725 seg.
Sat Sep 1 18:20:56 BOT 2012: Ajax-> Mostrar  Nombre Genero > tono:137251 
Sat Sep 1 18:29:52 BOT 2012: Ajax-> Mostrar  Nombre Genero > tono:104244 
Sat Sep 1 18:38:21 BOT 2012: Ajax-> Mostrar Ranking > tono:152504 
Sat Sep 1 18:42:40 BOT 2012: Ajax-> Mostrar  Nombre Artista > tono:109246 
Sat Sep 1 18:47:06 BOT 2012: Ajax-> Mostrar Megusta> tono:147197 
Sat Sep 1 18:47:51 BOT 2012: Ajax->Mostrar Nombre Artista:  
Sat Sep 1 18:52:01 BOT 2012: WEB_REPRODUCIR_BUSQUEDA > Se recibieron:114 tonos
Sat Sep 1 18:54:38 BOT 2012: Ajax->Mostrar Nombre Genero:  
Sat Sep 1 19:27:31 BOT 2012: Ajax-> Mostrar Megusta> tono:150304 
Sat Sep 1 19:29:58 BOT 2012: Mostrar Cantidad reproducciones: tono:150032 cantidad: 0
Sat Sep 1 19:35:54 BOT 2012: ASYNC -> STATS> Tiempo respuesta 0.00279 seg.
Sat Sep 1 19:37:31 BOT 2012: Busqueda Inteligente: resultados >104220
Sat Sep 1 19:38:28 BOT 2012: Busqueda Inteligente: pk2
Sat Sep 1 19:43:09 BOT 2012: ASYNC -> STATS> Tiempo respuesta 0.002906 seg.
Sat Sep 1 19:43:54 BOT 2012: Ajax->Mostrar Reproducciones:  
Sat Sep 1 19:47:58 BOT 2012: Ajax->Mostrar Ranking:  
Sat Sep 1 19:48:04 BOT 2012: Mostrar Cantidad reproducciones: tono:109253 cantidad: 0
Sat Sep 1 19:48:04 BOT 2012: Asignar backtone escuchado > Asi termino:150304,131721,147197,147195,
Sat Sep 1 19:48:04 BOT 2012: Ajax->Mostrar Megusta:  
Sat Sep 1 19:49:46 BOT 2012: Ajax->Mostrar Nombre Genero:  
Sat Sep 1 19:52:59 BOT 2012: Ajax->Mostrar Megusta:  
Sat Sep 1 19:52:59 BOT 2012: Ajax->Mostrar Nombre Artista:  
Sat Sep 1 19:54:00 BOT 2012: Ajax->Mostrar Reproducciones:  
Sat Sep 1 20:00:47 BOT 2012: Ajax->Mostrar Comentarios:  
Sat Sep 1 20:18:20 BOT 2012: ASYNC -> STATS> Tiempo respuesta 0.002813 seg.
Sat Sep 1 20:28:02 BOT 2012: Ajax->Mostrar Ranking:  
Sat Sep 1 20:28:26 BOT 2012: Ajax-> Mostrar  Nombre Genero > tono:103119 
Sat Sep 1 20:32:40 BOT 2012: Consulta de precio de reason:2 - msisdn: tono:155372 Async responde:350
 
Sat Sep 1 20:33:55 BOT 2012: Ajax->Mostrar Comentarios:  
Sat Sep 1 20:36:29 BOT 2012: Ajax->Mostrar Nombre Genero:  
Sat Sep 1 20:37:50 BOT 2012: Session Start>  session por defecto 
Sat Sep 1 20:38:41 BOT 2012: Busqueda Inteligente: resultados >103790
Sat Sep 1 20:40:21 BOT 2012: Ajax-> Mostrar Comentarios> tono:205 
Sat Sep 1 20:44:19 BOT 2012: Ajax->Mostrar Megusta:  
Sat Sep 1 20:44:22 BOT 2012: ASYNC -> STATS> Tiempo respuesta 0.089118 seg.
Sat Sep 1 20:44:22 BOT 2012: ASYNC -> STATS> Tiempo respuesta -0.06305 seg.
Sat Sep 1 20:46:56 BOT 2012: ASYNC -> STATS> Tiempo respuesta 0.002225 seg.
Sat Sep 1 20:49:35 BOT 2012: DB_LISTAR_TONOS> Se econtraron 53 resultados con estos ID:103991,104024,109336,106281,109337,103992,103224,103671,103072,102767,102993,103225,104025,104026,104027,103993,104028,104029,103994,103073,103995,104030,104031,104032,104270,104083,104033,104034,104035,105402,104036,11,104037,103226,104038,104039,103996,104040,104041,130830,152468,103074,104042,104043,104044,104045,104046,104047,103223,104048,103075,104049,103227, 
Sat Sep 1 20:52:36 BOT 2012: Asignar backtone escuchado > Asi termino:107747,150304,135057,177,126146,123010,104532,131721,147197,147195,
Sat Sep 1 20:52:36 BOT 2012: Ajax->Mostrar Ranking:  
Sat Sep 1 20:55:31 BOT 2012: Ajax->Mostrar Ranking:  
Sat Sep 1 20:55:34 BOT 2012: ASYNC -> STATS> Tiempo respuesta 0.399051 seg.
Sat Sep 1 20:55:37 BOT 2012: ASYNC -> STATS> Tiempo respuesta -0.028405 seg.
Sat Sep 1 20:55:37 BOT 2012: Ajax->Mostrar Nombre Genero:  
Sat Sep 1 20:56:46 BOT 2012: Ajax-> Mostrar Megusta> tono:103451 
Sat Sep 1 20:57:53 BOT 2012: ASYNC -> STATS> Tiempo respuesta 0.002482 seg.
Sat Sep 1 20:59:56 BOT 2012: Ajax->Mostrar Reproducciones:  
Sat Sep 1 21:01:27 BOT 2012: Mostrar Comentarios : tono:103828 
Sat Sep 1 21:02:30 BOT 2012: Ajax-> Mostrar Comentarios> tono:103423 
Sat Sep 1 21:02:42 BOT 2012: Ajax->Mostrar Nombre Genero:  
Sat Sep 1 21:22:43 BOT 2012: ASYNC -> STATS> Tiempo respuesta 0.003251 seg.
Sat Sep 1 21:25:22 BOT 2012: Ajax->Mostrar Reproducciones:  
Sat Sep 1 21:31:00 BOT 2012: Ajax->Mostrar Nombre Artista:  
Sat Sep 1 21:35:22 BOT 2012: Ajax-> Mostrar Ranking > tono:103659 
Sat Sep 1 21:56:10 BOT 2012: Ajax-> Mostrar Megusta> tono:134686 
Sat Sep 1 21:56:13 BOT 2012: ASYNC -> STATS> Tiempo respuesta -0.139751 seg.
Sat Sep 1 21:56:16 BOT 2012: Ajax-> Mostrar Ranking > tono:102539 
Sat Sep 1 22:09:17 BOT 2012: Ajax-> Mostrar  Imagen Portada> tono:109605 
Sat Sep 1 22:11:54 BOT 2012: ASYNC -> STATS> Tiempo respuesta -0.062245 seg.
Sat Sep 1 22:11:54 BOT 2012: Ajax->Mostrar Reproducciones:  
Sat Sep 1 22:12:42 BOT 2012: Ajax-> Mostrar  Nombre Genero > tono:131819 
Sat Sep 1 22:16:34 BOT 2012: Consulta de precio de reason:3 - msisdn: tono:123540 Async responde:350
 
Sat Sep 1 22:17:19 BOT 2012: Asignar backtone escuchado > Asi termino:103119,103789,150832,150834,150836,155468,103189,104465,104470,104468,104469,104473,104472,104467,104466,104471,103188,103187,103927,102945,
Sat Sep 1 22:20:04 BOT 2012: ASYNC -> STATS> Tiempo respuesta 0.003733 seg.
Sat Sep 1 22:22:17 BOT 2012: Ajax->Mostrar Nombre Genero:  
Sat Sep 1 22:23:02 BOT 2012: Ajax->Mostrar Imagen Portada:  
Sat Sep 1 22:23:02 BOT 2012: Mostrar Ranking: tono:102917 calificacion: 
Sat Sep 1 22:23:57 BOT 2012: Busqueda Inteligente: Re Piola
Sat Sep 1 22:24:09 BOT 2012: Ajax-> Mostrar  Imagen Portada> tono:132097 
Sat Sep 1 22:27:52 BOT 2012: Asignar backtone escuchado > Asi termino:117840,127267,127265,127300,127295,105133,104576,104577,104496,103554,103571,103573,104578,105541,155290,105544,103572,103855,104897,253,
Sat Sep 1 22:32:38 BOT 2012: Ajax-> Mostrar Megusta> tono:149592 
Sat Sep 1 22:32:38 BOT 2012: Asignar backtone escuchado > Asi termino:102721,105709,104561,129899,
Sat Sep 1 22:33:26 BOT 2012: Ajax-> Mostrar Ranking > tono:105327 
Sat Sep 1 22:50:43 BOT 2012: Ajax-> Mostrar  Nombre Genero > tono:126476 
Sat Sep 1 22:54:50 BOT 2012: Ajax->Mostrar Ranking:  
Sat Sep 1 23:01:00 BOT 2012: Ajax->Mostrar Comentarios:  
Sat Sep 1 23:10:37 BOT 2012: Ajax->Mostrar Reproducciones:  
Sat Sep 1 23:10:46 BOT 2012: Ajax->Mostrar Imagen Portada:  
Sat Sep 1 23:23:25 BOT 2012: Ajax->Mostrar Imagen Portada:  
Sat Sep 1 23:47:34 BOT 2012: Session Start>  session por defecto 
