Thu Apr 26 19:13:30 BOT 2012: Busqueda Inteligente: resultados >104090
Thu Apr 26 21:12:12 BOT 2012: ASYNC -> STATS> Tiempo respuesta 0.0036039999999999 seg.
Thu Apr 26 21:18:55 BOT 2012: Ajax->Mostrar Megusta:  
Thu Apr 26 21:23:38 BOT 2012: Ajax->Mostrar Megusta:  
Thu Apr 26 21:29:36 BOT 2012: Asignar backtone escuchado > Asi termino:135057,130814,
Thu Apr 26 21:30:45 BOT 2012: Asignar backtone escuchado > Asi termino:121510,121508,131048,131036,123534,131035,128299,130371,128300,128275,128307,128304,128305,104602,121501,121500,123533,123542,123513,
Thu Apr 26 21:32:15 BOT 2012: ASYNC -> STATS> Tiempo respuesta 0.121661 seg.
Thu Apr 26 21:32:15 BOT 2012: ASYNC -> STATS> Tiempo respuesta 0.50924 seg.
Thu Apr 26 21:41:13 BOT 2012: Ajax-> Desasignar tonos Amigos: msisdn:75500766   
Thu Apr 26 21:41:28 BOT 2012: Editar tonos del amigo >  msisdn:75500766 ani:78181991  nombre:lorena, formatea lista de tonos disponibles
Thu Apr 26 21:42:01 BOT 2012: Ajax->Mostrar Megusta:  
Thu Apr 26 21:46:02 BOT 2012: Ajax->Mostrar Reproducciones:  
Thu Apr 26 21:50:57 BOT 2012: Ajax->Mostrar Imagen Portada:  
Thu Apr 26 21:52:33 BOT 2012: Ajax->Mostrar Imagen Portada:  
Thu Apr 26 21:54:03 BOT 2012: Ajax->Mostrar Megusta:  
Thu Apr 26 21:58:52 BOT 2012: Consulta de precio de reason:10 - msisdn: tono:106347 Async responde:350
 
Thu Apr 26 22:22:22 BOT 2012: WEB REPROD BUSQ > Facebook link: http%3A%2F%2Fbacktones.tigo.com.bo%2Fv3%2Findex.php%3Fseccion%3Dplaylist%26genero%3D179%26f%3D1%26t%3D123123
Thu Apr 26 22:28:23 BOT 2012: Ajax-> Mostrar  Imagen Portada> tono:133725 
Thu Apr 26 22:28:29 BOT 2012: ASYNC -> STATS> Tiempo respuesta -0.339648 seg.
Thu Apr 26 22:31:27 BOT 2012: Ajax-> Mostrar Ranking > tono:103671 
Thu Apr 26 22:35:24 BOT 2012: Ajax->Mostrar Nombre Genero:  
Thu Apr 26 22:41:31 BOT 2012: Ajax->Mostrar Megusta:  
Thu Apr 26 22:41:34 BOT 2012: Ajax-> Mostrar Ranking > tono:82 
Thu Apr 26 22:45:13 BOT 2012: ASYNC -> STATS> Tiempo respuesta -0.018698 seg.
Thu Apr 26 22:46:23 BOT 2012: Ajax-> Mostrar  Nombre Artista > tono:122543 
Thu Apr 26 22:46:44 BOT 2012: ASYNC -> STATS> Tiempo respuesta -0.508374 seg.
Thu Apr 26 22:50:02 BOT 2012: ASYNC -> STATS> Tiempo respuesta 0.21388 seg.
Thu Apr 26 22:51:50 BOT 2012: Busqueda Inteligente: resultados >103838
Thu Apr 26 22:51:53 BOT 2012: ASYNC -> STATS> Tiempo respuesta 0.464358 seg.
Thu Apr 26 22:52:11 BOT 2012: ASYNC -> STATS> Tiempo respuesta -0.0037769999999999 seg.
Thu Apr 26 22:53:30 BOT 2012: ASYNC -> STATS> Tiempo respuesta 0.003989 seg.
Thu Apr 26 22:57:00 BOT 2012: Ajax->Mostrar Megusta:  
Thu Apr 26 23:06:10 BOT 2012: Asignar backtone escuchado > Asi termino:104462,
Thu Apr 26 23:06:25 BOT 2012: ASYNC -> STATS> Tiempo respuesta 0.004072 seg.
Thu Apr 26 23:07:41 BOT 2012: ASYNC -> STATS> Tiempo respuesta -0.783961 seg.
Thu Apr 26 23:07:41 BOT 2012: Asignar backtone escuchado > Asi termino:119842,126476,116860,126483,124969,124967,126503,126497,126501,104652,103132,163,104886,105535,135682,103786,103789,103274,131717,
Thu Apr 26 23:07:50 BOT 2012: Ajax-> Mostrar  Nombre Genero > tono:133454 
Thu Apr 26 23:09:11 BOT 2012: Ajax->Mostrar Ranking:  
Thu Apr 26 23:09:38 BOT 2012: Asignar backtone escuchado > Asi termino:104300,125517,104995,104833,104283,548,104966,104838,104958,142527,149592,129933,129931,103187,141880,105310,126142,126172,104738,104648,
Thu Apr 26 23:09:47 BOT 2012: Ajax-> Mostrar Ranking > tono:145160 
Thu Apr 26 23:11:14 BOT 2012: Consulta de precio de reason:3 - msisdn:77052489 tono:105523 Async responde:350
 
Thu Apr 26 23:11:17 BOT 2012: Error al consultar precio de renovacion - msisdn: tono:104362 - Async responde -3
Thu Apr 26 23:13:17 BOT 2012: Ajax->Mostrar Nombre Genero:  
Thu Apr 26 23:15:30 BOT 2012: ASYNC -> STATS> Tiempo respuesta 0.004454 seg.
Thu Apr 26 23:15:48 BOT 2012: Ajax->Mostrar Ranking:  
Thu Apr 26 23:16:18 BOT 2012: ASYNC -> STATS> Tiempo respuesta 0.184531 seg.
Thu Apr 26 23:16:18 BOT 2012: Ajax->Mostrar Ranking:  
Thu Apr 26 23:22:40 BOT 2012: Ajax-> Mostrar  Nombre Genero > tono:135152 
