Wed Jun 20 14:35:57 BOT 2012: Ajax->Mostrar Comentarios:  
Wed Jun 20 14:36:54 BOT 2012: Ajax-> Mostrar Megusta> tono:124243 
Wed Jun 20 14:38:03 BOT 2012: MTD_LISTAR_TONOS -> Se encontraron los siguientes tonos:
Wed Jun 20 14:42:07 BOT 2012: Busqueda Inteligente: resultados >104177
Wed Jun 20 14:42:37 BOT 2012: Ajax->Mostrar Comentarios:  
Wed Jun 20 14:42:58 BOT 2012: Ajax->Mostrar Imagen Portada:  
Wed Jun 20 14:52:12 BOT 2012: Mostrar Ranking: tono:124419 calificacion: 5
Wed Jun 20 14:57:44 BOT 2012: Ajax-> Mostrar  Imagen Portada> Album:albumes/album-default.jpg
Wed Jun 20 14:58:29 BOT 2012: Ajax->Mostrar Imagen Portada:  
Wed Jun 20 14:59:05 BOT 2012: ASYNC -> STATS> Tiempo respuesta 0.002661 seg.
Wed Jun 20 15:01:29 BOT 2012: Ajax->Mostrar Ranking:  
Wed Jun 20 15:07:49 BOT 2012: ASYNC -> STATS> Tiempo respuesta 0.003616 seg.
Wed Jun 20 15:09:34 BOT 2012: Mostrar Megusta > tono: 150292 msisdn:78007608 > cantidad de registros: 0
Wed Jun 20 15:10:55 BOT 2012: Ajax-> Mostrar Ranking > tono:104256 
Wed Jun 20 15:12:35 BOT 2012: ASYNC -> STATS> Tiempo respuesta 0.002625 seg.
Wed Jun 20 15:13:59 BOT 2012: ASYNC -> STATS> Tiempo respuesta 0.478502 seg.
Wed Jun 20 15:14:41 BOT 2012: ASYNC -> STATS> Tiempo respuesta 0.002561 seg.
Wed Jun 20 15:19:03 BOT 2012: Ajax->Mostrar Ranking:  
Wed Jun 20 15:19:03 BOT 2012: ASYNC -> STATS> Tiempo respuesta 0.563036 seg.
Wed Jun 20 15:19:24 BOT 2012: Mostrar Genero: >G&eacute;nero:  <a href='index.php?seccion=playlist&genero=155'>Romanticas</a>
Wed Jun 20 15:21:55 BOT 2012: Asignar backtone escuchado > Asi termino:133450,135175,134034,132105,132053,
Wed Jun 20 16:43:30 BOT 2012: Ajax->Mostrar Comentarios:  
Wed Jun 20 17:08:06 BOT 2012: Asignar backtone escuchado > Asi termino:146575,104661,129451,105270,107799,107797,127752,107790,142926,144181,117854,131808,128599,140840,103217,123541,150096,135053,103410,107775,
Wed Jun 20 17:08:09 BOT 2012: Asignar backtone escuchado > Asi termino:105415,145319,103521,152120,152114,152116,152124,102630,
Wed Jun 20 17:08:21 BOT 2012: Asignar backtone escuchado > Asi termino:246,109246,109247,109318,135727,104279,109240,104393,240,
Wed Jun 20 17:09:42 BOT 2012: ASYNC -> STATS> Tiempo respuesta 0.002728 seg.
Wed Jun 20 17:13:10 BOT 2012: Ajax-> Mostrar Megusta> tono:149592 
Wed Jun 20 17:18:32 BOT 2012: Ajax-> Mostrar  Nombre Artista > tono:104935 
Wed Jun 20 17:19:11 BOT 2012: Ajax-> Mostrar Comentarios> tono:143764 
Wed Jun 20 17:23:24 BOT 2012: ACTUALIZAR_PIN_USUARIO >77707470 nuevo pin:6375
Wed Jun 20 17:30:59 BOT 2012: Ajax-> Mostrar  Imagen Portada> tono:109227 
Wed Jun 20 17:33:23 BOT 2012: Ajax-> Mostrar  Genero > G&eacute;nero:  <a href='index.php?seccion=playlist&genero=143'>Latinas</a>
Wed Jun 20 17:37:06 BOT 2012: Ajax->Mostrar Megusta:  
Wed Jun 20 17:42:19 BOT 2012: Ajax->Mostrar Ranking:  
Wed Jun 20 17:44:46 BOT 2012: Ajax-> Mostrar  Imagen Portada> tono:109380 
Wed Jun 20 17:46:20 BOT 2012: Ajax->Mostrar Comentarios:  
Wed Jun 20 17:47:35 BOT 2012: Ajax-> Mostrar Comentarios> tono:109382 
Wed Jun 20 17:49:29 BOT 2012: Ajax->Mostrar Nombre Genero:  
Wed Jun 20 17:50:03 BOT 2012: Mostrar Album: >albumes/blogrsd.jpg
