Sun Mar 4 0:05:51 BOT 2012: Ajax->Mostrar Comentarios:  
Sun Mar 4 0:07:03 BOT 2012: ASYNC -> STATS> Tiempo respuesta -0.238665 seg.
Sun Mar 4 0:07:18 BOT 2012: ASYNC -> STATS> Tiempo respuesta 0.008993 seg.
Sun Mar 4 0:07:33 BOT 2012: Ajax->Mostrar Nombre Genero:  
Sun Mar 4 0:14:49 BOT 2012: Ajax->Mostrar Megusta:  
Sun Mar 4 0:15:49 BOT 2012: Session Start>  session por defecto 
Sun Mar 4 0:19:29 BOT 2012: Mostrar Album: >Artista:  <a href='index.php?seccion=playlist&autor=663'>Marc Anthony</a>
Sun Mar 4 0:28:57 BOT 2012: Asignar backtone escuchado > Asi termino:104813,104814,109412,104812,105041,104807,104808,104809,104811,109410,104816,112705,104806,104804,104803,104802,124975,104801,104800,
Sun Mar 4 0:29:15 BOT 2012: ASYNC -> STATS> Tiempo respuesta 0.796646 seg.
Sun Mar 4 0:38:08 BOT 2012: Session Start>  session por defecto 
Sun Mar 4 9:14:59 BOT 2012: Ajax->Mostrar Ranking:  
Sun Mar 4 9:17:23 BOT 2012: Ajax->Mostrar Nombre Genero:  
Sun Mar 4 9:17:29 BOT 2012: Ajax->Mostrar Nombre Genero:  
Sun Mar 4 9:20:48 BOT 2012: Session Start>  session por defecto 
Sun Mar 4 9:20:51 BOT 2012: Ajax->Mostrar Reproducciones:  
Sun Mar 4 9:27:04 BOT 2012: Ajax-> Mostrar Ranking > tono:127765 
Sun Mar 4 9:27:07 BOT 2012: Consulta de precio de reason:10 - msisdn:77043433 tono:105269 Async responde:350
 
Sun Mar 4 9:27:07 BOT 2012: ASYNC -> STATS> Tiempo respuesta -0.001739 seg.
Sun Mar 4 9:29:10 BOT 2012: Ajax->Mostrar Nombre Genero:  
Sun Mar 4 9:42:06 BOT 2012: Ajax-> Mostrar Ranking > tono:104393 
Sun Mar 4 9:45:09 BOT 2012: ASYNC -> STATS> Tiempo respuesta 0.055458 seg.
Sun Mar 4 9:48:49 BOT 2012: Consulta de precio de reason:10 - msisdn: tono:105533 Async responde:350
 
Sun Mar 4 9:50:49 BOT 2012: Asignar backtone escuchado > Asi termino:105498,103713,145328,104465,103712,142527,103343,109238,135727,240,136632,136630,126154,126152,126150,126100,126028,131765,131762,132460,
Sun Mar 4 9:51:37 BOT 2012: ASYNC -> STATS> Tiempo respuesta 0.002768 seg.
Sun Mar 4 9:51:52 BOT 2012: Ajax->Mostrar Ranking:  
Sun Mar 4 9:51:55 BOT 2012: Ajax->Mostrar Ranking:  
Sun Mar 4 9:54:14 BOT 2012: Ajax->Mostrar Nombre Genero:  
Sun Mar 4 9:54:35 BOT 2012: Ajax->Mostrar Nombre Genero:  
Sun Mar 4 9:57:59 BOT 2012: Ajax->Mostrar Nombre Artista:  
Sun Mar 4 9:58:08 BOT 2012: Session Start>  session por defecto 
Sun Mar 4 9:58:56 BOT 2012: Session Start>  session por defecto 
Sun Mar 4 10:05:09 BOT 2012: ASYNC -> STATS> Tiempo respuesta 0.002707 seg.
Sun Mar 4 10:09:37 BOT 2012: Ajax->Mostrar Comentarios:  
Sun Mar 4 10:11:22 BOT 2012: Ajax->Mostrar Nombre Artista:  
Sun Mar 4 10:23:20 BOT 2012: STATS > BUSQUEDA DE BACKTONE >Tiempo: 0.081474 seg. | registros: 114
Sun Mar 4 10:24:21 BOT 2012: Ajax->Mostrar Imagen Portada:  
Sun Mar 4 10:24:45 BOT 2012: Busqueda Inteligente: resultados >105054
Sun Mar 4 10:27:03 BOT 2012: Ajax->Mostrar Imagen Portada:  
Sun Mar 4 10:29:06 BOT 2012: Ajax-> Mostrar Megusta> tono:104555 
Sun Mar 4 10:31:25 BOT 2012: ASYNC -> STATS> Tiempo respuesta 0.001672 seg.
Sun Mar 4 10:37:40 BOT 2012: ASYNC -> STATS> Tiempo respuesta 0.004938 seg.
Sun Mar 4 10:41:38 BOT 2012: Ajax->Mostrar Imagen Portada:  
Sun Mar 4 10:51:39 BOT 2012: Asignar backtone escuchado > Asi termino:137259,137253,102630,
Sun Mar 4 10:53:01 BOT 2012: WEB_REPRODUCIR_BUSQUEDA > Se recibieron:32 tonos
Sun Mar 4 10:53:16 BOT 2012: ASYNC -> STATS> Tiempo respuesta -0.236323 seg.
Sun Mar 4 10:53:25 BOT 2012: ASYNC -> STATS> Tiempo respuesta 0.002635 seg.
Sun Mar 4 10:53:31 BOT 2012: Ajax->Mostrar Ranking:  
Sun Mar 4 10:53:31 BOT 2012: Ajax->Mostrar Ranking:  
Sun Mar 4 10:55:04 BOT 2012: Ajax-> Mostrar Ranking > tono:105618 
Sun Mar 4 10:59:22 BOT 2012: Ajax->Mostrar Comentarios:  
Sun Mar 4 10:59:31 BOT 2012: Ajax->Mostrar Ranking:  
Sun Mar 4 11:01:53 BOT 2012: ASYNC -> STATS> Tiempo respuesta 0.001431 seg.
Sun Mar 4 11:07:17 BOT 2012: Ajax->Mostrar Ranking:  
Sun Mar 4 11:07:48 BOT 2012: ASYNC -> STATS> Tiempo respuesta -0.989633 seg.
Sun Mar 4 11:08:12 BOT 2012: Ajax-> Mostrar Ranking > tono:137257 
Sun Mar 4 11:10:48 BOT 2012: Busqueda Inteligente: importadora
Sun Mar 4 11:10:51 BOT 2012: Ajax-> Mostrar  Nombre Genero > tono:103299 
Sun Mar 4 11:14:43 BOT 2012: Consulta de precio de reason:5 - msisdn: tono:124419 Async responde:350
 
Sun Mar 4 11:16:07 BOT 2012: Busqueda Inteligente: ATFC
Sun Mar 4 11:17:25 BOT 2012: Consulta de precio de reason:2 - msisdn: tono:125516 Async responde:350
 
Sun Mar 4 11:17:46 BOT 2012: ASYNC -> STATS> Tiempo respuesta 0.00483 seg.
Sun Mar 4 11:17:49 BOT 2012: Ajax->Mostrar Ranking:  
Sun Mar 4 11:18:13 BOT 2012: Busqueda Inteligente: resultados >104662
Sun Mar 4 11:23:44 BOT 2012: Ajax->Mostrar Comentarios:  
Sun Mar 4 11:23:56 BOT 2012: ASYNC -> STATS> Tiempo respuesta -0.704441 seg.
Sun Mar 4 11:23:56 BOT 2012: Consulta de precio de reason:2 - msisdn: tono:257 Async responde:350
 
Sun Mar 4 11:25:08 BOT 2012: Ajax->Mostrar Nombre Genero:  
Sun Mar 4 11:26:42 BOT 2012: STATS > BUSQUEDA DE BACKTONE >Tiempo: -0.286625 seg. | registros: 29
Sun Mar 4 11:32:24 BOT 2012: ASYNC -> STATS> Tiempo respuesta -0.087026 seg.
Sun Mar 4 11:33:09 BOT 2012: Ajax->Mostrar Ranking:  
Sun Mar 4 11:34:30 BOT 2012: Mostrar Album: >Artista:  <a href='index.php?seccion=playlist&autor=1109'>Chino y Nacho</a>
Sun Mar 4 11:35:15 BOT 2012: Asignar backtone escuchado > Asi termino:104037,104034,104029,103072,104024,
Sun Mar 4 11:36:46 BOT 2012: ASYNC -> STATS> Tiempo respuesta 0.007297 seg.
Sun Mar 4 11:36:49 BOT 2012: Consulta de precio de reason:3 - msisdn: tono:103778 Async responde:350
 
Sun Mar 4 11:38:01 BOT 2012: Ajax->Mostrar Megusta:  
Sun Mar 4 11:40:52 BOT 2012: SMS >: Servidor responde: > STATS > tiempo respuesta:0.001656 
Sun Mar 4 11:41:43 BOT 2012: Ajax-> Mostrar  Nombre Genero > tono:605 
Sun Mar 4 11:41:46 BOT 2012: Ajax->Mostrar Megusta:  
Sun Mar 4 11:42:47 BOT 2012: Ajax-> Mostrar Megusta> tono:103085 
Sun Mar 4 11:45:50 BOT 2012: Ajax->Mostrar Nombre Artista:  
Sun Mar 4 11:46:29 BOT 2012: Ajax->Mostrar Megusta:  
Sun Mar 4 11:46:32 BOT 2012: Ajax->Mostrar Nombre Artista:  
Sun Mar 4 11:47:41 BOT 2012: Session Start>  session por defecto 
Sun Mar 4 11:51:54 BOT 2012: Ajax->Mostrar Megusta:  
Sun Mar 4 11:52:45 BOT 2012: Ajax->Mostrar Imagen Portada:  
Sun Mar 4 11:53:42 BOT 2012: ASYNC -> STATS> Tiempo respuesta -0.341088 seg.
Sun Mar 4 11:53:42 BOT 2012: Ajax->Mostrar Reproducciones:  
Sun Mar 4 11:54:51 BOT 2012: Ajax->Mostrar Imagen Portada:  
Sun Mar 4 11:55:18 BOT 2012: Busqueda Inteligente: resultados >129897
Sun Mar 4 11:57:55 BOT 2012: Mostrar Genero: >G&eacute;nero:  <a href='index.php?seccion=playlist&genero=145'>Rock</a>
Sun Mar 4 11:59:52 BOT 2012: Asignar backtone escuchado > Asi termino:102638,102876,200,116505,103239,116502,116504,102630,103940,103939,102882,128602,103470,105096,103572,16,103573,103853,103552,105540,
Sun Mar 4 12:02:58 BOT 2012: Check Session > msisdn: 78550761 > Usuario Valido 
Sun Mar 4 12:03:44 BOT 2012: Busqueda Inteligente: ser recibieron 98 resultados
Sun Mar 4 12:03:46 BOT 2012: Ajax-> Mostrar  Nombre Artista > tono:123541 
Sun Mar 4 12:05:44 BOT 2012: Ajax->Mostrar Comentarios:  
Sun Mar 4 12:06:11 BOT 2012: Ajax->Mostrar Ranking:  
Sun Mar 4 12:08:05 BOT 2012: Ajax->Mostrar Nombre Genero:  
Sun Mar 4 12:10:59 BOT 2012: Ajax->Mostrar Ranking:  
Sun Mar 4 12:12:08 BOT 2012: Mostrar Album: >albumes/album-default.jpg
Sun Mar 4 12:13:06 BOT 2012: ASYNC -> STATS> Tiempo respuesta -0.793939 seg.
Sun Mar 4 12:13:12 BOT 2012: Ajax-> Mostrar  Imagen Portada> tono:104553 
Sun Mar 4 12:13:12 BOT 2012: Ajax->Mostrar Ranking:  
Sun Mar 4 12:17:00 BOT 2012: Ajax-> Mostrar  Nombre Genero > tono:516 
Sun Mar 4 12:19:24 BOT 2012: Ajax->Actualizar pin usuario
Sun Mar 4 12:21:49 BOT 2012: Ajax-> Mostrar Megusta> tono:127296 
Sun Mar 4 12:22:46 BOT 2012: ASYNC -> STATS> Tiempo respuesta 0.006418 seg.
Sun Mar 4 12:22:49 BOT 2012: Asignar backtone escuchado > Asi termino:129236,105702,110100,105292,105290,110101,129891,104555,102728,107585,104781,434,103872,103817,127417,104560,104553,103451,129234,103430,
Sun Mar 4 12:25:07 BOT 2012: Ajax-> Mostrar  Nombre Artista > tono:103627 
Sun Mar 4 12:25:31 BOT 2012: Mostrar Cantidad reproducciones: tono:146587 cantidad: 0
Sun Mar 4 12:26:50 BOT 2012: Mostrar Cantidad reproducciones: tono:142273 cantidad: 0
Sun Mar 4 12:32:14 BOT 2012: Session Start>  session por defecto 
Sun Mar 4 12:32:23 BOT 2012: Ajax->Mostrar Reproducciones:  
Sun Mar 4 12:33:17 BOT 2012: Ajax-> Mostrar Ranking > tono:129891 
Sun Mar 4 12:34:57 BOT 2012: Consulta de precio de reason:10 - msisdn: tono:102603 Async responde:350
 
Sun Mar 4 12:37:51 BOT 2012: ASYNC -> STATS> Tiempo respuesta 0.0015269999999999 seg.
Sun Mar 4 12:37:54 BOT 2012: Ajax->Mostrar Imagen Portada:  
Sun Mar 4 12:38:03 BOT 2012: Busqueda Inteligente: Guapacha
Sun Mar 4 12:38:36 BOT 2012: ASYNC -> STATS> Tiempo respuesta 0.186722 seg.
Sun Mar 4 12:38:45 BOT 2012: Ajax->Mostrar Ranking:  
Sun Mar 4 12:45:43 BOT 2012: Ajax->Mostrar Nombre Genero:  
Sun Mar 4 12:48:17 BOT 2012: ASYNC -> STATS> Tiempo respuesta 0.005294 seg.
Sun Mar 4 12:48:20 BOT 2012: ASYNC -> STATS> Tiempo respuesta -0.729986 seg.
Sun Mar 4 12:50:08 BOT 2012: Ajax-> Mostrar Ranking > tono:104050 
Sun Mar 4 12:52:11 BOT 2012: Ajax->Mostrar Nombre Artista:  
Sun Mar 4 12:52:23 BOT 2012: Ajax->Mostrar Imagen Portada:  
Sun Mar 4 12:56:24 BOT 2012: Ajax-> Mostrar Ranking > tono:105548 
Sun Mar 4 12:56:30 BOT 2012: Ajax->Mostrar Ranking:  
Sun Mar 4 12:59:15 BOT 2012: Ajax->Mostrar Ranking:  
Sun Mar 4 13:02:24 BOT 2012: Ajax-> Mostrar  Imagen Portada> tono:102623 
Sun Mar 4 13:03:10 BOT 2012: ASYNC -> STATS> Tiempo respuesta -0.648094 seg.
Sun Mar 4 13:33:24 BOT 2012: Asignar backtone escuchado > Asi termino:124964,124962,124960,124958,125049,124956,
Sun Mar 4 13:35:24 BOT 2012: Ajax-> Login Usuario msisdn: 75986402  pin: > Validar msisdn
Sun Mar 4 13:36:21 BOT 2012: Ajax-> Mostrar Ranking > tono:121500 
Sun Mar 4 13:36:45 BOT 2012: Ajax-> Mostrar Megusta> tono:124958 
Sun Mar 4 13:38:00 BOT 2012: Consulta de precio de reason:2 - msisdn:75435968 tono:103547 Async responde:350
 
Sun Mar 4 13:38:13 BOT 2012: Mostrar Megusta> tono: 121497 msisdn: > a otros 2  les gusta 
Sun Mar 4 13:39:25 BOT 2012: Consulta de precio de reason:2 - msisdn: tono:104815 Async responde:350
 
Sun Mar 4 13:39:31 BOT 2012: Ajax->Mostrar Reproducciones:  
Sun Mar 4 13:39:31 BOT 2012: Ajax->Mostrar Ranking:  
Sun Mar 4 13:40:10 BOT 2012: Asignar backtone escuchado > Asi termino:118728,118727,118725,118724,118747,118745,118741,118738,118736,118734,118732,118730,105873,135225,127420,135200,127447,103481,129892,
Sun Mar 4 13:40:58 BOT 2012: ASYNC -> STATS> Tiempo respuesta 0.004163 seg.
Sun Mar 4 13:42:52 BOT 2012: Ajax->Mostrar Nombre Artista:  
Sun Mar 4 13:43:22 BOT 2012: session-default => asignando por default session
Sun Mar 4 13:43:49 BOT 2012: Consulta de precio de reason:10 - msisdn:75986402 tono:122666 Async responde:350
 
Sun Mar 4 13:46:41 BOT 2012: Ajax->Mostrar Ranking:  
Sun Mar 4 13:47:17 BOT 2012: Ajax-> Mostrar Ranking > tono:103261 
Sun Mar 4 13:48:11 BOT 2012: ASYNC -> STATS> Tiempo respuesta 0.002422 seg.
Sun Mar 4 13:48:38 BOT 2012: Ajax->Mostrar Megusta:  
Sun Mar 4 13:50:32 BOT 2012: ASYNC -> STATS> Tiempo respuesta 0.004932 seg.
Sun Mar 4 13:52:54 BOT 2012: Asignar backtone escuchado > Asi termino:104582,103279,105555,103192,104980,145154,144686,105243,307,129931,103261,104300,105242,105231,105652,479,105610,105627,149,104787,
Sun Mar 4 13:53:18 BOT 2012: Consulta de precio de reason:5 - msisdn:75986402 tono:105290 Async responde:350
 
Sun Mar 4 13:56:39 BOT 2012: Ajax->Mostrar Megusta:  
Sun Mar 4 14:01:16 BOT 2012: Ajax->Mostrar Nombre Genero:  
Sun Mar 4 14:03:13 BOT 2012: ASYNC -> STATS> Tiempo respuesta 0.004725 seg.
Sun Mar 4 14:03:25 BOT 2012: ASYNC -> STATS> Tiempo respuesta 0.013224 seg.
Sun Mar 4 14:03:37 BOT 2012: Session Start>  Chequeo de sesion
Sun Mar 4 14:04:22 BOT 2012: Ajax->Mostrar Megusta:  
Sun Mar 4 14:04:46 BOT 2012: Ajax-> Mostrar  Imagen Portada> Album:Artista:  <a href='index.php?seccion=playlist&autor=483'>Vanessa Da Mata</a>
Sun Mar 4 14:06:55 BOT 2012: Ajax-> Mostrar Megusta> tono:123541 
Sun Mar 4 14:08:29 BOT 2012: Session Start>  session por defecto 
Sun Mar 4 14:08:41 BOT 2012: ASYNC -> STATS> Tiempo respuesta -0.191116 seg.
Sun Mar 4 14:12:08 BOT 2012: Ajax-> Mostrar  Imagen Portada> tono:141880 
Sun Mar 4 14:12:11 BOT 2012: Asignar backtone escuchado > Asi termino:103712,141880,141881,142527,129445,126029,104395,105000,104998,104999,105498,103687,129230,123218,110221,103686,132096,103713,145328,104465,
Sun Mar 4 14:12:23 BOT 2012: Ajax->Mostrar Megusta:  
Sun Mar 4 14:14:21 BOT 2012: Ajax->Mostrar Ranking:  
Sun Mar 4 14:16:42 BOT 2012: Ajax->Mostrar Ranking:  
Sun Mar 4 14:16:57 BOT 2012: ASYNC -> STATS> Tiempo respuesta 0.346819 seg.
Sun Mar 4 14:17:00 BOT 2012: Consulta de precio de reason:3 - msisdn: tono:123242 Async responde:350
 
Sun Mar 4 14:17:12 BOT 2012: Ajax->Mostrar Reproducciones:  
Sun Mar 4 14:17:21 BOT 2012: Ajax->Mostrar Ranking:  
Sun Mar 4 14:18:42 BOT 2012: ASYNC -> STATS> Tiempo respuesta -0.318207 seg.
Sun Mar 4 14:20:33 BOT 2012: Busqueda Inteligente: resultados >103823
Sun Mar 4 14:21:00 BOT 2012: Ajax->Mostrar Megusta:  
Sun Mar 4 14:21:46 BOT 2012: Busqueda Inteligente: Rosana
Sun Mar 4 14:24:43 BOT 2012: Busqueda Inteligente: resultados >103989
Sun Mar 4 14:25:34 BOT 2012: Busqueda Inteligente: resultados >141055
Sun Mar 4 14:25:52 BOT 2012: Ajax->Mostrar Ranking:  
Sun Mar 4 14:26:16 BOT 2012: Ajax->Mostrar Ranking:  
Sun Mar 4 14:26:31 BOT 2012: Ajax->Mostrar Nombre Artista:  
Sun Mar 4 14:26:49 BOT 2012: ASYNC -> STATS> Tiempo respuesta 0.186826 seg.
Sun Mar 4 14:26:49 BOT 2012: Ajax->Mostrar Ranking:  
Sun Mar 4 14:26:49 BOT 2012: Ajax->Mostrar Ranking:  
Sun Mar 4 14:28:32 BOT 2012: Busqueda Inteligente: resultados >138611
Sun Mar 4 14:32:35 BOT 2012: Ajax-> Mostrar Comentarios> tono:102704 
Sun Mar 4 14:33:38 BOT 2012: Ajax-> Mostrar  Nombre Artista > tono:442 
Sun Mar 4 14:35:41 BOT 2012: WEB_REPRODUCIR_BUSQUEDA > Se recibieron:82 tonos
Sun Mar 4 14:36:36 BOT 2012: Ajax->Mostrar Comentarios:  
Sun Mar 4 14:36:42 BOT 2012: Session Start>  session por defecto 
Sun Mar 4 14:43:28 BOT 2012: Asignar backtone escuchado > Asi termino:105499,129433,104472,103689,103688,105005,105004,105003,104467,104466,104471,105002,129231,105001,104395,105000,104998,104999,126029,105498,
Sun Mar 4 14:43:28 BOT 2012: Ajax->Mostrar Megusta:  
Sun Mar 4 14:45:04 BOT 2012: Ajax-> Mostrar  Nombre Artista > tono:104909 
Sun Mar 4 14:45:28 BOT 2012: Ajax->Mostrar Ranking:  
Sun Mar 4 14:45:49 BOT 2012: Ajax->Mostrar Megusta:  
Sun Mar 4 14:49:19 BOT 2012: Consulta de precio de reason:2 - msisdn: tono:124025 Async responde:350
 
Sun Mar 4 14:49:22 BOT 2012: ASYNC -> STATS> Tiempo respuesta 0.013552 seg.
Sun Mar 4 14:49:25 BOT 2012: Asignar backtone escuchado > Asi termino:105500,103714,122289,132094,103690,104469,104473,105499,129433,104472,103689,103688,105005,105004,105003,104467,104466,104471,105002,129231,
Sun Mar 4 14:49:31 BOT 2012: Ajax->Mostrar Ranking:  
Sun Mar 4 14:49:58 BOT 2012: Mostrar Album: >albumes/album-default.jpg
Sun Mar 4 14:51:26 BOT 2012: Ajax->Mostrar Ranking:  
Sun Mar 4 14:53:02 BOT 2012: Busqueda Inteligente: 
Sun Mar 4 14:55:14 BOT 2012: Busqueda Inteligente: resultados >102695
Sun Mar 4 14:55:14 BOT 2012: Asignar backtone escuchado > Asi termino:129231,105001,104395,105000,104998,104999,126029,105498,103469,103687,129445,129230,123218,110221,103686,132096,103713,145328,103790,104465,
Sun Mar 4 14:55:32 BOT 2012: Ajax-> Mostrar Megusta> tono:123218 
Sun Mar 4 14:56:53 BOT 2012: ASYNC -> STATS> Tiempo respuesta 0.00098600000000004 seg.
Sun Mar 4 14:56:56 BOT 2012: Consulta de precio de reason:2 - msisdn: tono:146590 Async responde:350
 
Sun Mar 4 14:57:02 BOT 2012: ASYNC -> STATS> Tiempo respuesta 0.032305 seg.
Sun Mar 4 14:57:05 BOT 2012: ASYNC -> STATS> Tiempo respuesta 0.00537 seg.
Sun Mar 4 14:57:08 BOT 2012: Ajax->Mostrar Ranking:  
Sun Mar 4 14:57:38 BOT 2012: Ajax-> Mostrar Ranking > tono:109803 
Sun Mar 4 14:59:18 BOT 2012: ASYNC -> STATS> Tiempo respuesta -0.158282 seg.
Sun Mar 4 15:00:36 BOT 2012: Busqueda de Backtones Intel: 
 SQL:SELECT t.id, t.nombre as tono,aut.nombre as autor, alb.imagen, round(avg(wr.calificacion),0) as calificacion
                    FROM tonos as t
                    inner join autores as aut on ( t.autor = aut.id)
                    inner join billing as bil on (t.billing = bil.caso  and bil.concepto=2)
                    left join albumes as alb on (t.album = alb.id_album)
                    left join web_tonos_ranking as wr on (t.id = wr.tonos_id)
                    WHERE
                    t.id > 0
                     AND t.genero =155 
                    and t.categoria <> 207 and t.interfases &1 
                    group by t.id, t.nombre ,aut.nombre , alb.imagen
                    order by t.nombre ,aut.nombre 
                    limit 114 
Sun Mar 4 15:02:42 BOT 2012: ASYNC -> STATS> Tiempo respuesta -0.182714 seg.
Sun Mar 4 15:02:48 BOT 2012: Ajax->Mostrar Reproducciones:  
Sun Mar 4 15:03:00 BOT 2012: Ajax->Mostrar Comentarios:  
Sun Mar 4 15:05:36 BOT 2012: Busqueda Inteligente: resultados >143086
Sun Mar 4 15:05:39 BOT 2012: Ajax->Mostrar Comentarios:  
Sun Mar 4 15:11:04 BOT 2012: ASYNC -> STATS> Tiempo respuesta 0.001518 seg.
Sun Mar 4 15:11:37 BOT 2012: ASYNC -> STATS> Tiempo respuesta -0.226854 seg.
Sun Mar 4 15:11:40 BOT 2012: Ajax->Mostrar Ranking:  
Sun Mar 4 15:15:44 BOT 2012: Ajax-> Mostrar  Imagen Portada> tono:104991 
Sun Mar 4 15:15:53 BOT 2012: Asignar backtone escuchado > Asi termino:134015,509,103474,103328,102622,104466,105002,104471,105001,104395,104999,132096,103712,142527,103817,103429,104553,103451,103430,129433,
Sun Mar 4 15:16:41 BOT 2012: Ajax->Mostrar Megusta:  
Sun Mar 4 15:17:11 BOT 2012: LISTAR_MODO_ROTACION_BACTONES > usuario: 76187660  modo:1 
Sun Mar 4 15:18:17 BOT 2012: Ajax->Mostrar Ranking:  
Sun Mar 4 15:19:23 BOT 2012: Ajax->Mostrar Comentarios:  
Sun Mar 4 15:19:50 BOT 2012: Ajax->Mostrar Ranking:  
Sun Mar 4 15:24:21 BOT 2012: Ajax->Mostrar Ranking:  
Sun Mar 4 15:25:27 BOT 2012: ASYNC -> STATS> Tiempo respuesta 0.500583 seg.
Sun Mar 4 15:25:48 BOT 2012: Error al consultar precio de renovacion - msisdn: tono:103779 - Async responde -3
Sun Mar 4 15:29:46 BOT 2012: Ajax-> Mostrar Megusta> tono:103084 
Sun Mar 4 15:33:49 BOT 2012: Asignar amigo a grupo: 82672 ani: 78236964 > Ingresar el amigo al grupo
Sun Mar 4 15:35:47 BOT 2012: Busqueda Inteligente: Pitbull
Sun Mar 4 15:36:05 BOT 2012: ASYNC -> STATS> Tiempo respuesta -0.339289 seg.
Sun Mar 4 15:37:08 BOT 2012: Asignar backtone escuchado > Asi termino:103598,104745,104069,104120,103476,127757,127759,127756,131821,102700,102698,102652,102651,
Sun Mar 4 15:38:17 BOT 2012: Asignar backtone escuchado > Asi termino:142230,140821,134015,110187,103349,102539,102695,509,102822,102615,104375,103779,518,103776,103939,105998,125090,106000,104904,105999,
Sun Mar 4 15:41:11 BOT 2012: Ajax-> Mostrar Ranking > tono:104958 
Sun Mar 4 15:41:29 BOT 2012: Ajax->Mostrar Ranking:  
Sun Mar 4 15:41:32 BOT 2012: ASYNC -> STATS> Tiempo respuesta 0.0023880000000001 seg.
Sun Mar 4 15:41:35 BOT 2012: ASYNC -> STATS> Tiempo respuesta -0.044553 seg.
Sun Mar 4 15:41:35 BOT 2012: Consulta de precio de reason:2 - msisdn: tono:142527 Async responde:350
 
Sun Mar 4 15:42:14 BOT 2012: Ajax->Mostrar Nombre Artista:  
Sun Mar 4 15:42:35 BOT 2012: Ajax->Mostrar Imagen Portada:  
Sun Mar 4 15:44:09 BOT 2012: ASYNC -> STATS> Tiempo respuesta 0.003582 seg.
Sun Mar 4 15:44:36 BOT 2012: Ajax->Mostrar Nombre Artista:  
Sun Mar 4 15:47:51 BOT 2012: Ajax-> Mostrar  Imagen Portada> tono:112705 
Sun Mar 4 15:54:43 BOT 2012: Ajax->Mostrar Comentarios:  
Sun Mar 4 15:55:37 BOT 2012: Ajax->Mostrar Nombre Artista:  
Sun Mar 4 15:58:29 BOT 2012: Ajax-> Mostrar  Imagen Portada> tono:104393 
Sun Mar 4 16:04:53 BOT 2012: Ajax->Mostrar Reproducciones:  
Sun Mar 4 16:05:05 BOT 2012: MTD_DB_BUSCAR_ARTISTAS > retornando registros:73
Sun Mar 4 16:05:32 BOT 2012: Ajax-> Mostrar Ranking > tono:104905 
Sun Mar 4 16:06:21 BOT 2012: Ajax-> Mostrar Comentarios> tono:140821 
Sun Mar 4 16:06:24 BOT 2012: Ajax-> Mostrar Ranking > tono:137298 
Sun Mar 4 16:09:12 BOT 2012: Busqueda Inteligente: resultados >104741
Sun Mar 4 16:09:39 BOT 2012: Ajax->Mostrar Ranking:  
Sun Mar 4 16:12:58 BOT 2012: ASYNC -> STATS> Tiempo respuesta 0.003277 seg.
Sun Mar 4 16:12:58 BOT 2012: ASYNC -> STATS> Tiempo respuesta -0.785245 seg.
Sun Mar 4 16:16:07 BOT 2012: WEB_REPRODUCIR_BUSQUEDA > Se recibieron:34 tonos
Sun Mar 4 16:20:56 BOT 2012: Ajax->Mostrar Ranking:  
Sun Mar 4 16:22:17 BOT 2012: Ajax-> Mostrar  Nombre Artista > tono:149 
Sun Mar 4 16:22:32 BOT 2012: Asignar backtone escuchado > Asi termino:596,124043,124041,
Sun Mar 4 16:22:35 BOT 2012: Mostrar Album: >albumes/album-default.jpg
Sun Mar 4 16:22:56 BOT 2012: Mostrar Album: >Artista:  <a href='index.php?seccion=playlist&autor=288'>Luis Fonsi</a>
Sun Mar 4 16:27:32 BOT 2012: ASYNC -> STATS> Tiempo respuesta -0.003727 seg.
Sun Mar 4 16:27:32 BOT 2012: ASYNC -> STATS> Tiempo respuesta -0.01379 seg.
Sun Mar 4 16:28:45 BOT 2012: Ajax->Mostrar Megusta:  
Sun Mar 4 16:31:24 BOT 2012: Check Session > msisdn: 76692905 > Usuario Valido 
Sun Mar 4 16:31:30 BOT 2012: Ajax->Mostrar Ranking:  
Sun Mar 4 16:32:39 BOT 2012: Asignar backtone escuchado > Asi termino:133404,142157,104346,104213,127894,102773,126489,102881,102883,133769,
Sun Mar 4 16:33:51 BOT 2012: Busqueda Inteligente: resultados >131642
Sun Mar 4 16:34:36 BOT 2012: Ajax-> Mostrar Ranking > tono:240 
Sun Mar 4 16:37:16 BOT 2012: Ajax->Mostrar Nombre Genero:  
Sun Mar 4 16:39:52 BOT 2012: Ajax->Mostrar Nombre Genero:  
Sun Mar 4 16:39:58 BOT 2012: Ajax->Mostrar Imagen Portada:  
Sun Mar 4 16:41:07 BOT 2012: Ajax-> Mostrar Megusta> tono:104751 
Sun Mar 4 16:43:17 BOT 2012: ASYNC -> STATS> Tiempo respuesta -0.171484 seg.
Sun Mar 4 16:45:35 BOT 2012: Ajax->Mostrar Nombre Artista:  
Sun Mar 4 16:45:50 BOT 2012: Ajax->Mostrar Nombre Genero:  
Sun Mar 4 16:46:26 BOT 2012: Ajax->Mostrar Megusta:  
Sun Mar 4 16:47:56 BOT 2012: Ajax-> Mostrar  Imagen Portada> tono:127760 
Sun Mar 4 17:16:38 BOT 2012: Ajax->Mostrar Nombre Genero:  
Sun Mar 4 17:16:47 BOT 2012: Ajax->Mostrar Reproducciones:  
Sun Mar 4 17:16:56 BOT 2012: Ajax-> Mostrar  Nombre Genero > tono:125660 
Sun Mar 4 17:17:02 BOT 2012: Ajax-> Mostrar Ranking > tono:123523 
Sun Mar 4 17:19:42 BOT 2012: Ajax->Mostrar Reproducciones:  
Sun Mar 4 17:21:03 BOT 2012: Ajax->Mostrar Reproducciones:  
Sun Mar 4 17:21:51 BOT 2012: Ajax->Mostrar Nombre Genero:  
Sun Mar 4 17:22:33 BOT 2012: ASYNC -> STATS> Tiempo respuesta -0.0015270000000001 seg.
Sun Mar 4 17:22:48 BOT 2012: Ajax-> Mostrar Ranking > tono:115942 
Sun Mar 4 17:23:36 BOT 2012: ASYNC -> STATS> Tiempo respuesta -0.072095 seg.
Sun Mar 4 17:24:06 BOT 2012: Ajax->Mostrar Nombre Artista:  
Sun Mar 4 17:24:57 BOT 2012: ASYNC -> STATS> Tiempo respuesta 0.621183 seg.
Sun Mar 4 17:25:36 BOT 2012: Ajax->Mostrar Reproducciones:  
Sun Mar 4 17:26:04 BOT 2012: Asignar backtone escuchado > Asi termino:131730,131049,131036,123542,123538,123533,123516,123515,131035,123541,123540,123537,123534,123531,123530,123528,123527,123525,123523,123520,
Sun Mar 4 17:26:31 BOT 2012: Ajax-> Mostrar Ranking > tono:145676 
Sun Mar 4 17:26:49 BOT 2012: ASYNC -> STATS> Tiempo respuesta -0.302291 seg.
Sun Mar 4 17:26:49 BOT 2012: Ajax->Mostrar Reproducciones:  
Sun Mar 4 17:27:49 BOT 2012: Ajax->Mostrar Megusta:  
Sun Mar 4 17:28:22 BOT 2012: Session Start>  Chequeo de sesion
Sun Mar 4 17:29:58 BOT 2012: STATS > BUSQUEDA DE BACKTONE >Tiempo: 0.031991 seg. | registros: 25
Sun Mar 4 17:30:43 BOT 2012: Ajax->Mostrar Comentarios:  
Sun Mar 4 17:31:28 BOT 2012: ASYNC -> STATS> Tiempo respuesta -0.022726 seg.
Sun Mar 4 17:31:34 BOT 2012: Consulta de precio de reason:10 - msisdn: tono:127759 Async responde:350
 
Sun Mar 4 17:31:34 BOT 2012: Ajax->Mostrar Ranking:  
Sun Mar 4 17:34:02 BOT 2012: ASYNC -> STATS> Tiempo respuesta 0.021857 seg.
Sun Mar 4 17:34:05 BOT 2012: ASYNC -> STATS> Tiempo respuesta -0.482233 seg.
Sun Mar 4 17:35:02 BOT 2012: Ajax-> Mostrar Megusta> tono:103683 
Sun Mar 4 17:35:05 BOT 2012: Mostrar Album: >Artista:  <a href='index.php?seccion=playlist&autor=1261'>Selena Gomez</a>
Sun Mar 4 17:36:14 BOT 2012: ASYNC -> STATS> Tiempo respuesta 0.003198 seg.
Sun Mar 4 17:36:20 BOT 2012: ASYNC -> STATS> Tiempo respuesta -0.003759 seg.
Sun Mar 4 17:36:44 BOT 2012: Busqueda Inteligente: 
Sun Mar 4 17:36:47 BOT 2012: Asignar backtone escuchado > Asi termino:109243,449,109242,135727,104279,448,109314,102650,102693,103342,109240,104393,240,120225,105991,105989,513,102506,102505,102504,
Sun Mar 4 17:38:02 BOT 2012: Ajax->Mostrar Comentarios:  
Sun Mar 4 17:40:24 BOT 2012: MTD_DESCARGAR_BACKTONES msisdn:77372794 tono:130830 Id:5793 
Sun Mar 4 17:43:30 BOT 2012: Asignar backtone escuchado > Asi termino:102650,104393,240,
Sun Mar 4 17:44:24 BOT 2012: Ajax->Mostrar Comentarios:  
Sun Mar 4 17:45:54 BOT 2012: Ajax->Mostrar Comentarios:  
Sun Mar 4 17:46:00 BOT 2012: Asignar backtone escuchado > Asi termino:140969,141109,124025,133680,133674,133676,132080,124065,124069,124061,132088,124053,131751,131747,124048,133678,124047,131816,
Sun Mar 4 17:46:24 BOT 2012: Ajax->Mostrar Reproducciones:  
Sun Mar 4 17:46:24 BOT 2012: Ajax-> Mostrar Ranking > tono:132096 
Sun Mar 4 17:48:43 BOT 2012: Ajax-> Mostrar Ranking > tono:103453 
Sun Mar 4 17:51:28 BOT 2012: Session Start>  Chequeo de sesion
Sun Mar 4 17:51:49 BOT 2012: Session Start>  session por defecto 
Sun Mar 4 17:52:04 BOT 2012: ASYNC -> STATS> Tiempo respuesta 0.222929 seg.
Sun Mar 4 17:52:20 BOT 2012: DB_ELIMINAR_BACKTONES > Msisdn:75513434 tono :145120 -> quedo asi:
Sun Mar 4 17:53:01 BOT 2012: Ajax->Mostrar Reproducciones:  
Sun Mar 4 17:53:38 BOT 2012: Check Session > msisdn: 78008094  token:a762affc7998035ff7737f67374d50e0
Sun Mar 4 17:56:05 BOT 2012: Mostrar Megusta> tono: 105672 msisdn: > 001
Sun Mar 4 17:56:08 BOT 2012: Asignar backtone escuchado > Asi termino:104028,103993,104025,103225,102767,103072,103992,104024,105250,106331,103613,121501,123523,123528,123530,103223,104047,104041,104035,104034,
Sun Mar 4 17:58:20 BOT 2012: Ajax->Mostrar Comentarios:  
Sun Mar 4 18:00:08 BOT 2012: ASYNC -> STATS> Tiempo respuesta 0.755138 seg.
Sun Mar 4 18:00:08 BOT 2012: ASYNC -> STATS> Tiempo respuesta -0.00059600000000004 seg.
Sun Mar 4 18:01:39 BOT 2012: Ajax->Mostrar Reproducciones:  
Sun Mar 4 18:03:03 BOT 2012: ASYNC -> STATS> Tiempo respuesta 0.177823 seg.
Sun Mar 4 18:04:45 BOT 2012: Busqueda Inteligente: resultados >109604
Sun Mar 4 18:05:03 BOT 2012: Ajax->Mostrar Nombre Genero:  
Sun Mar 4 18:09:13 BOT 2012: Ajax->Actualizar pin usuario
Sun Mar 4 18:10:25 BOT 2012: Ajax->Mostrar Nombre Genero:  
Sun Mar 4 18:13:37 BOT 2012: Ajax-> Mostrar  Imagen Portada> tono:142527 
Sun Mar 4 18:15:22 BOT 2012: Ajax-> Mostrar  Nombre Artista > tono:580 
Sun Mar 4 20:15:13 BOT 2012: ASYNC -> STATS> Tiempo respuesta 0.014384 seg.
Sun Mar 4 20:17:08 BOT 2012: Asignar backtone escuchado > Asi termino:240,
Sun Mar 4 20:17:17 BOT 2012: ASYNC -> STATS> Tiempo respuesta 0.009674 seg.
Sun Mar 4 20:17:17 BOT 2012: Ajax->Mostrar Nombre Artista:  
Sun Mar 4 20:17:23 BOT 2012: Ajax-> Mostrar Ranking > tono:127759 
Sun Mar 4 20:18:14 BOT 2012: ASYNC -> STATS> Tiempo respuesta 0.0021490000000001 seg.
Sun Mar 4 20:20:26 BOT 2012: ASYNC -> STATS> Tiempo respuesta 0.0032139999999999 seg.
Sun Mar 4 20:20:53 BOT 2012: Ajax->Mostrar Nombre Genero:  
Sun Mar 4 20:23:45 BOT 2012: Ajax->Mostrar Ranking:  
Sun Mar 4 20:24:06 BOT 2012: Consulta de precio de reason:10 - msisdn: tono:105036 Async responde:350
 
Sun Mar 4 20:29:51 BOT 2012: ASYNC -> STATS> Tiempo respuesta 0.243041 seg.
Sun Mar 4 20:30:22 BOT 2012: ASYNC -> STATS> Tiempo respuesta 0.001934 seg.
Sun Mar 4 20:30:22 BOT 2012: Ajax-> Mostrar Ranking > tono:128606 
Sun Mar 4 20:30:28 BOT 2012: ASYNC -> STATS> Tiempo respuesta -0.948687 seg.
Sun Mar 4 20:30:28 BOT 2012: ASYNC -> STATS> Tiempo respuesta 0.023068 seg.
Sun Mar 4 20:30:28 BOT 2012: Asignar backtone escuchado > Asi termino:127300,129435,53,145390,145927,136248,127424,78,136231,105234,125516,103328,102622,139956,118725,118724,104532,104569,106304,104567,
Sun Mar 4 20:30:31 BOT 2012: ASYNC -> STATS> Tiempo respuesta -0.046121 seg.
Sun Mar 4 20:30:31 BOT 2012: Ajax->Mostrar Imagen Portada:  
Sun Mar 4 20:30:31 BOT 2012: Consulta de precio de reason:2 - msisdn: tono:124975 Async responde:350
 
Sun Mar 4 20:30:46 BOT 2012: Error al consultar precio de renovacion - msisdn: tono:127763 - Async responde -3
Sun Mar 4 20:30:52 BOT 2012: Ajax-> Mostrar  Imagen Portada> tono:126712 
Sun Mar 4 20:32:58 BOT 2012: Ajax-> Mostrar Ranking > tono:131821 
Sun Mar 4 20:32:58 BOT 2012: Asignar backtone escuchado > Asi termino:136044,135958,129417,129218,129203,102659,103299,134011,129201,103176,127300,129435,53,145390,145927,136248,127424,78,136231,105234,
Sun Mar 4 20:33:07 BOT 2012: Busqueda Inteligente: resultados >130834
Sun Mar 4 20:34:07 BOT 2012: Ajax->Mostrar Ranking:  
Sun Mar 4 20:34:22 BOT 2012: Ajax-> Mostrar Ranking > tono:104652 
Sun Mar 4 20:34:22 BOT 2012: Asignar backtone escuchado > Asi termino:105077,105078,102673,102630,479,105610,105096,137086,104532,103476,103478,509,127759,124243,240,109322,104278,109249,109242,109240,
Sun Mar 4 20:34:22 BOT 2012: Asignar backtone escuchado > Asi termino:105647,120,
Sun Mar 4 20:34:28 BOT 2012: ASYNC -> STATS> Tiempo respuesta 0.398256 seg.
Sun Mar 4 20:36:37 BOT 2012: Ajax->Mostrar Nombre Genero:  
Sun Mar 4 20:36:43 BOT 2012: Ajax->Mostrar Reproducciones:  
Sun Mar 4 20:36:55 BOT 2012: STATS > BUSQUEDA DE BACKTONE >Tiempo: 0.083909 seg. | registros: 114
Sun Mar 4 20:42:32 BOT 2012: Ajax->Mostrar Reproducciones:  
Sun Mar 4 20:43:47 BOT 2012: Asignar backtone escuchado > Asi termino:131633,104194,105512,104389,104195,104189,104190,104174,104465,103712,141880,141881,142527,
Sun Mar 4 20:45:12 BOT 2012: Ajax->Mostrar Reproducciones:  
Sun Mar 4 20:45:36 BOT 2012: ASYNC -> STATS> Tiempo respuesta -0.346328 seg.
Sun Mar 4 20:46:33 BOT 2012: Busqueda Inteligente: resultados >104198
Sun Mar 4 20:47:03 BOT 2012: Ajax->Mostrar Nombre Artista:  
Sun Mar 4 20:48:00 BOT 2012: Session Start>  Chequeo de sesion
Sun Mar 4 20:52:22 BOT 2012: STATS > BUSQUEDA DE BACKTONE >Tiempo: -0.903102 seg. | registros: 70
Sun Mar 4 20:52:58 BOT 2012: Ajax-> Mostrar  Nombre Genero > tono:104121 
Sun Mar 4 20:53:25 BOT 2012: Ajax-> Mostrar Ranking > tono:129230 
Sun Mar 4 20:55:10 BOT 2012: ASYNC -> STATS> Tiempo respuesta -0.479729 seg.
Sun Mar 4 20:55:13 BOT 2012: ASYNC -> STATS> Tiempo respuesta -0.276594 seg.
Sun Mar 4 20:55:13 BOT 2012: ASYNC -> STATS> Tiempo respuesta -0.010256 seg.
Sun Mar 4 20:55:16 BOT 2012: ASYNC -> STATS> Tiempo respuesta -0.207288 seg.
Sun Mar 4 20:55:58 BOT 2012: Ajax->Mostrar Reproducciones:  
Sun Mar 4 20:56:31 BOT 2012: ASYNC -> STATS> Tiempo respuesta 0.002418 seg.
Sun Mar 4 20:56:40 BOT 2012: Ajax->Mostrar Comentarios:  
Sun Mar 4 20:57:22 BOT 2012: Mostrar Cantidad reproducciones: tono:104084 cantidad: 0
Sun Mar 4 20:58:22 BOT 2012: Ajax-> Mostrar  Imagen Portada> tono:133873 
Sun Mar 4 21:02:41 BOT 2012: Ajax->Mostrar Megusta:  
Sun Mar 4 21:03:08 BOT 2012: Ajax->Mostrar Megusta:  
Sun Mar 4 21:03:11 BOT 2012: Ajax-> Mostrar Ranking > tono:127759 
Sun Mar 4 21:07:24 BOT 2012: Ajax->Mostrar Ranking:  
Sun Mar 4 21:10:36 BOT 2012: Ajax-> Mostrar  Nombre Genero > tono:103671 
Sun Mar 4 21:10:57 BOT 2012: Session Start>  Chequeo de sesion
Sun Mar 4 21:11:42 BOT 2012: Mostrar Album: >Artista:  <a href='index.php?seccion=playlist&autor=1274'>Iron Maiden</a>
Sun Mar 4 21:13:00 BOT 2012: Ajax->Mostrar Megusta:  
Sun Mar 4 21:13:21 BOT 2012: Busqueda Inteligente: 
Sun Mar 4 21:14:13 BOT 2012: Ajax->Mostrar Nombre Artista:  
Sun Mar 4 21:14:34 BOT 2012: Ajax->Mostrar Comentarios:  
Sun Mar 4 21:14:55 BOT 2012: Busqueda Inteligente: resultados >118724
Sun Mar 4 21:16:13 BOT 2012: Ajax-> Mostrar  Nombre Genero > tono:118736 
Sun Mar 4 21:16:43 BOT 2012: Ajax->Mostrar Imagen Portada:  
Sun Mar 4 21:17:58 BOT 2012: Consulta de precio de reason:2 - msisdn:77176900 tono:108556 Async responde:350
 
Sun Mar 4 21:18:19 BOT 2012: ASYNC -> STATS> Tiempo respuesta 0.001742 seg.
Sun Mar 4 21:20:46 BOT 2012: Ajax-> Comprar Backtone: msisdn: 
Sun Mar 4 21:21:04 BOT 2012: Asignar backtone escuchado > Asi termino:103208,104567,105415,145319,425,424,103620,103731,139343,139339,103521,144311,144306,123008,139725,143748,141118,145391,141120,143076,
Sun Mar 4 21:22:29 BOT 2012: Ajax->Mostrar Megusta:  
Sun Mar 4 21:22:35 BOT 2012: Busqueda Inteligente: resultados >127765
Sun Mar 4 21:23:05 BOT 2012: Ajax-> Mostrar Ranking > tono:136231 
Sun Mar 4 21:23:08 BOT 2012: Busqueda Inteligente: 
Sun Mar 4 21:23:38 BOT 2012: Ajax->Mostrar Comentarios:  
Sun Mar 4 21:25:17 BOT 2012: Ajax->Mostrar Megusta:  
Sun Mar 4 21:26:20 BOT 2012: Ajax->Mostrar Ranking:  
Sun Mar 4 21:26:35 BOT 2012: Asignar backtone escuchado > Asi termino:145151,145156,103545,133883,103544,103543,136231,129938,145921,103542,127295,103068,102658,134012,145152,133881,105234,125516,105015,150,
Sun Mar 4 21:26:47 BOT 2012: Error al consultar precio de renovacion - msisdn:78222014 tono:105645 - Async responde -3
Sun Mar 4 21:27:20 BOT 2012: Ajax->Mostrar Reproducciones:  
Sun Mar 4 21:27:41 BOT 2012: ASYNC -> STATS> Tiempo respuesta 0.073151 seg.
Sun Mar 4 21:27:41 BOT 2012: ASYNC -> STATS> Tiempo respuesta -0.183724 seg.
Sun Mar 4 21:28:20 BOT 2012: Ajax->Mostrar Ranking:  
Sun Mar 4 21:28:26 BOT 2012: Consulta de precio de reason:2 - msisdn: tono:104294 Async responde:350
 
Sun Mar 4 21:28:51 BOT 2012: Ajax->Mostrar Imagen Portada:  
Sun Mar 4 21:29:00 BOT 2012: Busqueda Inteligente: 
Sun Mar 4 21:29:48 BOT 2012: Ajax->Mostrar Megusta:  
Sun Mar 4 21:29:51 BOT 2012: Ajax->Mostrar Comentarios:  
Sun Mar 4 21:31:27 BOT 2012: Ajax-> Mostrar  Imagen Portada> tono:103991 
Sun Mar 4 21:33:15 BOT 2012: ASYNC -> STATS> Tiempo respuesta 0.002807 seg.
Sun Mar 4 21:33:24 BOT 2012: Ajax->Mostrar Megusta:  
Sun Mar 4 21:33:33 BOT 2012: Ajax->Mostrar Comentarios:  
Sun Mar 4 21:34:15 BOT 2012: Busqueda Inteligente: resultados >370
Sun Mar 4 21:34:21 BOT 2012: Ajax-> Mostrar Comentarios> tono:116502 
Sun Mar 4 21:34:27 BOT 2012: Ajax->Mostrar Comentarios:  
Sun Mar 4 21:35:09 BOT 2012: Asignar backtone escuchado > Asi termino:574,102791,102802,102793,103994,103640,102675,102890,102978,102626,103275,102638,102876,200,116505,103239,116502,116504,104029,103090,
Sun Mar 4 21:35:51 BOT 2012: Ajax->Mostrar Reproducciones:  
Sun Mar 4 21:36:04 BOT 2012: Ajax-> Mostrar  Nombre Artista > tono:102674 
Sun Mar 4 21:36:43 BOT 2012: Ajax-> Mostrar Ranking > tono:104036 
Sun Mar 4 21:37:46 BOT 2012: Ajax->Mostrar Imagen Portada:  
Sun Mar 4 21:37:55 BOT 2012: Ajax-> Mostrar Comentarios> tono:130814 
Sun Mar 4 21:38:01 BOT 2012: Ajax-> Mostrar Megusta> tono:110187 
Sun Mar 4 21:38:37 BOT 2012: ASYNC -> STATS> Tiempo respuesta 0.018619 seg.
Sun Mar 4 21:38:58 BOT 2012: Ajax->Mostrar Comentarios:  
Sun Mar 4 21:39:04 BOT 2012: ASYNC -> STATS> Tiempo respuesta 0.001199 seg.
Sun Mar 4 21:39:07 BOT 2012: Ajax-> Mostrar Ranking > tono:130814 
Sun Mar 4 21:39:25 BOT 2012: ASYNC -> STATS> Tiempo respuesta 0.001684 seg.
Sun Mar 4 22:22:32 BOT 2012: ASYNC -> STATS> Tiempo respuesta 0.0023219999999999 seg.
Sun Mar 4 22:23:26 BOT 2012: Mostrar Ranking: tono:126659 calificacion: 
Sun Mar 4 22:23:41 BOT 2012: Ajax-> Mostrar Comentarios> tono:104385 
Sun Mar 4 22:28:30 BOT 2012: ASYNC -> STATS> Tiempo respuesta 0.127322 seg.
Sun Mar 4 22:41:29 BOT 2012: Asignar backtone escuchado > Asi termino:103628,572,102788,103627,103469,145925,103930,103929,140789,126175,106323,102630,102801,136048,102800,102799,103656,102798,103639,102637,
Sun Mar 4 22:52:09 BOT 2012: Ajax-> Cerrar session: msisdn:77234160 
Sun Mar 4 22:55:25 BOT 2012: Asignar backtone escuchado > Asi termino:140821,
Sun Mar 4 22:57:19 BOT 2012: Ajax->Mostrar Nombre Artista:  
Sun Mar 4 23:03:23 BOT 2012: Busqueda Inteligente: resultados >103356
Sun Mar 4 23:10:45 BOT 2012: Session Start>  session por defecto 
Sun Mar 4 23:17:10 BOT 2012: Mostrar Album: >albumes/album-default.jpg
Sun Mar 4 23:19:37 BOT 2012: Busqueda Inteligente: Christian Castro
Sun Mar 4 23:19:46 BOT 2012: Session Start>  session por defecto 
Sun Mar 4 23:23:44 BOT 2012: ASYNC -> STATS> Tiempo respuesta -0.03684 seg.
Sun Mar 4 23:23:47 BOT 2012: Ajax->Mostrar Ranking:  
Sun Mar 4 23:38:52 BOT 2012: Session Start>  session por defecto 
Sun Mar 4 23:39:43 BOT 2012: Ajax->Mostrar Reproducciones:  
