Mon Oct 29 0:10:40 BOT 2012: Busqueda Inteligente: resultados >129889
Mon Oct 29 0:19:14 BOT 2012: Ajax->Mostrar Nombre Genero:  
Mon Oct 29 0:33:43 BOT 2012: Ajax-> Mostrar  Imagen Portada> tono:104069 
Mon Oct 29 0:39:02 BOT 2012: Ajax-> Mostrar Ranking > tono:131816 
Mon Oct 29 0:41:12 BOT 2012: Ajax-> Mostrar  Imagen Portada> Album:albumes/album-default.jpg
Mon Oct 29 0:51:07 BOT 2012: Ajax-> Mostrar  Nombre Genero > tono:109323 
Mon Oct 29 0:55:29 BOT 2012: WEB_REPRODUCIR_BUSQUEDA > Se recibieron:3 tonos
Mon Oct 29 0:56:41 BOT 2012: Ajax-> Mostrar Ranking > tono:150182 
Mon Oct 29 1:11:20 BOT 2012: WEB_REPRODUCIR_BUSQUEDA > Se recibieron:3 tonos
Mon Oct 29 1:18:36 BOT 2012: Busqueda Inteligente: Resultado 
 104998;Eo Amor (Coro);Zeze de Camargo e Luciano; Brasileras
105000;Faca alguma coisa;Zeze de Camargo e Luciano; Brasileras
105001;Me universo e voce;Zeze de Camargo e Luciano; Brasileras
105002;Nao querer te perder;Zeze de Camargo e Luciano; Brasileras
105003;O que vai ser de nos;Zeze de Camargo e Luciano; Brasileras
105004;Pao de Mel;Zeze de Camargo e Luciano; Brasileras
105005;Pare;Zeze de Camargo e Luciano; Brasileras
105006;Te extranho (Z&L);Zeze de Camargo e Luciano; Brasileras
126476;A Destiempo;Luciano Pereyra;Pop
103552;Ave Maria;Luciano Pavarotti;Clasicos
126501;El Vestido Rojo;Luciano Pereyra;Latinas
109532;luciano;Homero;Mi Promo ConTigo
126497;Nunca Muere Un Gran Amor;Luciano Pereyra;Latinas
126503;Parecido A Mi;Luciano Pereyra;Latinas
103554;Questa o quella;Luciano Pavarotti;Clasicos
124967;Quien nos dijo;Luciano Pereyra;Latinas
124969;Si me pudieras ver;Luciano Pereyra;Latinas
126483;Si Pudiera Dejarte;Luciano Pereyra;Pop
116860;yo te queria querer;Luciano Pereyra;Latinas
103553;Mattinata;Luciano Pavarotti;Clasicos
103555;Una furtiva lagrima;Luciano Pavarotti;Clasicos
177;Another chance;Roger Sanchez;Electronicas
102753;Desconocida;Martha Sanchez;Latinas
109323;hoy he empezado a quererte otra vez;Mike Suarez;Salsa y Merengue
129437;Hypnotico;Jennifer Lopez;Pop
104302;No Me Ames;Jennifer Lopez;Latinas
133719;Until It Beats No More;Jennifer Lopez;Pop
135702;De Una Vez;Zion and Lennox;Latinas
152118; Alo Mexicano;Go Media;Chistes
155380; Alo No Cuelgues;Go Media;Chistes
104522; Donde esta el telefono;Wazzup;Sonidos
127558; GRABACION DEFECTUOSA	  NO SE ENTIENDE O NO SE ESCUCHA CLARO;KARAOKE;KARAOKE
104533; No Desesperes;Wazzup;Sonidos
103940; Noche De Paz;Moderatto;Navidad
104165; Soy Tarateno;Banda Poopo;Carnaval
102754;desesperada;Martha Sanchez;Latinas
102755;Profundo Valor;Martha Sanchez;Latinas
104745;Amor Se Paga Con Amor;Jennifer Lopez;Latinas
176;Get Right;Jennifer Lopez;HipHop
103313;Gol de Javier Lopez La Paz Futbol Club 2 a Blooming 1;Javier Lopez;Futbol
128616;Good Hit;Jennifer Lopez;Pop
128418;I m Into You;Jennifer Lopez;Pop
133718;Invading My Mind;Jennifer Lopez;Pop
104611;La Fiesta va a empezar;ISA;Infantiles
124055;On the floor;Jennifer Lopez;Pop
129531;One Love;Jennifer Lopez;Pop
128416;Papi_;Jennifer Lopez;Pop
104288;Que Hiciste;Jennifer Lopez;Pop
131834;Run The World;Jennifer Lopez;Pop
129233;Starting Over;Jennifer Lopez;Pop
103038;todo vuelve a empezar;Luis Fonsi;Luis Fonsi
128414;Ven a Bailar_On The Floor;Jennifer Lopez;Pop
129439;Villain;Jennifer Lopez;Pop
128419;What is LOVE;Jennifer Lopez;Pop
104065;Mares De Tristeza Remix;Vicente Fernandez;Vicente Fernandez
123008;Amigos traigan cerveza;Opratel;Promo 50 ctv
135705;Aqui Estas Otra Vez;fRANCO dE vITA;Latinas
442;Aqui estoy otra vez;Marcos Witt;Cristianas
140816;Chiste Cerveza Femenina;Version Solumovil;Chistes
102872;como la primera vez;David Bisal;Latinas
103132;De vez en mes;Ricardo Arjona;RICARDO ARJONA
102627;Enamorado Por Primera Vez;Enrique Iglesias;Enrique Inglesias
103956;Homero sin su cerveza;Homero;Sonidos
106372;Hugo chavez;Chaplin Show;Promoción Te Matamos de Risa
102762;Mienteme Una Vez Mas;Paulina Rubio;Pop
102655;Otra_Vez_Sin_Ti;PK2;Latinas
104196;Se Me Olvido Otra Vez;Juan Gabriel;Rancheras
104046;Si alguna vez_;Alejandro Fernandez;Latinas
103933;Tal Vez;Los de Adentro;Rock
103289;TalVez;Sin Bandera;Latinas
103380;Tequila y Cerveza;Voltaje;Latinas
104268;Ven devorame otra vez;Covertone;Latinas
141027;Y Si Alguna Vez;Teenangels;Pop
104290;Azucar Amargo;Fey;Latinas
155264;Azucar amargo;Opratel;Pop
105746;-You know me;Version Opratel;Latinas
103477;2No me ensenaste ultima version;Prisma;Pop
103474;2te amo;Makano;Makano
104225;ave lucia;SERGIO DALMA;Latinas
109657;luciana;Homero;Mi Promo ConTigo
150020;A llorar a otra parte;Hermanos Yaipen;Cumbia
103991;A Manos Llenas;Alejandro Fernandez;Latinas
130984;A Medio Vivir;Noel Schajris;Latinas
145261;A mi ladito;Humbertiko y Urbano;Reggaeton
126462;A Primera Vista;Bahiano;Latinas
103691;Abriendo Caminos;Diego Torres;Latinas
103190;Absurda;Chenoa;Latinas
103595;AcaEntreNOs;Vicente Fernandez;Vicente Fernandez
138518;Adelante Bolivia;OXIGENO;Futbol
144690;Adoro  Version Acustica Una Noche En E;David Bisbal;Latinas
104567;ADRIANA reg;Nombre Reggaeton;TU NOMBRE
106304;Adriana-;Nombre Reggaeton;TU NOMBRE
149516;Afortunadamente No E 
Mon Oct 29 1:19:39 BOT 2012: Ajax-> Mostrar  Nombre Artista > tono:105005 
Mon Oct 29 1:24:16 BOT 2012: Asignar backtone escuchado > Asi termino:125090,125088,125067,126091,102518,157090,132466,509,127759,104903,103763,102538,105006,105005,105004,105003,105002,105001,105000,104998,
Mon Oct 29 1:34:24 BOT 2012: Ajax-> Mostrar  Nombre Genero > tono:109604 
Mon Oct 29 1:36:51 BOT 2012: Ajax->Mostrar Reproducciones:  
Mon Oct 29 1:53:49 BOT 2012: ASYNC -> STATS> Tiempo respuesta 0.0014620000000001 seg.
Mon Oct 29 1:53:52 BOT 2012: ASYNC -> STATS> Tiempo respuesta -0.014985 seg.
Mon Oct 29 2:07:36 BOT 2012: Busqueda Inteligente: Daniel Agostini
Mon Oct 29 2:12:01 BOT 2012: Busqueda Inteligente: resultados >103470
Mon Oct 29 2:13:47 BOT 2012: Asignar backtone escuchado > Asi termino:103271,103127,127769,127771,129901,105704,129892,102723,103270,105702,104561,129899,105709,103872,103744,129936,103826,104929,103825,104927,
Mon Oct 29 2:13:50 BOT 2012: Ajax->Mostrar Reproducciones:  
Mon Oct 29 2:25:09 BOT 2012: Mostrar Cantidad reproducciones: tono:102728 cantidad: 0
Mon Oct 29 2:26:52 BOT 2012: Ajax-> Mostrar Comentarios> tono:129892 
Mon Oct 29 2:29:28 BOT 2012: Busqueda Inteligente: resultados >102741
Mon Oct 29 2:30:44 BOT 2012: Ajax-> Mostrar  Nombre Genero > tono:127771 
Mon Oct 29 8:50:03 BOT 2012: Ajax->Mostrar Comentarios:  
Mon Oct 29 9:04:11 BOT 2012: Mostrar Megusta > tono: 125067 msisdn:76426779 > cantidad de registros: 0
Mon Oct 29 9:25:57 BOT 2012: Session Start>  Chequeo de sesion
Mon Oct 29 9:37:26 BOT 2012: Consulta de precio de reason:10 - msisdn:76322435 tono:102613 Async responde:350
 
Mon Oct 29 9:41:45 BOT 2012: Ajax-> Mostrar Ranking > tono:156624 
Mon Oct 29 9:45:19 BOT 2012: ASYNC -> STATS> Tiempo respuesta 0.003279 seg.
Mon Oct 29 9:45:55 BOT 2012: Ajax-> Mostrar  Nombre Genero > tono:104120 
Mon Oct 29 10:01:54 BOT 2012: Consulta de precio de reason:2 - msisdn:76322435 tono:103261 Async responde:350
 
Mon Oct 29 10:03:55 BOT 2012: Ajax->Mostrar Megusta:  
Mon Oct 29 10:04:42 BOT 2012: ASYNC -> STATS> Tiempo respuesta 0.45241 seg.
Mon Oct 29 10:05:07 BOT 2012: ASYNC -> STATS> Tiempo respuesta 0.002914 seg.
Mon Oct 29 10:07:43 BOT 2012: Ajax-> Mostrar Comentarios> tono:103776 
Mon Oct 29 10:08:37 BOT 2012: Consulta de precio de reason:2 - msisdn: tono:103086 Async responde:350
 
Mon Oct 29 10:08:37 BOT 2012: ASYNC -> STATS> Tiempo respuesta 0.492091 seg.
Mon Oct 29 10:08:37 BOT 2012: Asignar backtone escuchado > Asi termino:140989,120944,
Mon Oct 29 10:08:59 BOT 2012: Ajax-> Mostrar  Nombre Genero > tono:246 
Mon Oct 29 10:10:44 BOT 2012: Ajax->Mostrar Ranking:  
Mon Oct 29 10:12:08 BOT 2012: ASYNC -> STATS> Tiempo respuesta -0.380368 seg.
Mon Oct 29 10:12:56 BOT 2012: Ajax->Mostrar Nombre Artista:  
Mon Oct 29 10:15:18 BOT 2012: Mostrar Cantidad reproducciones: tono:105534 cantidad: 0
Mon Oct 29 10:24:49 BOT 2012: Ajax->Mostrar Megusta:  
Mon Oct 29 10:28:47 BOT 2012: Ajax-> Mostrar Comentarios> tono:130053 
Mon Oct 29 10:29:32 BOT 2012: Ajax-> Mostrar Comentarios> tono:104178 
Mon Oct 29 10:31:35 BOT 2012: Ajax-> Mostrar Ranking > tono:131828 
Mon Oct 29 10:32:08 BOT 2012: Ajax-> Mostrar  Nombre Artista > tono:122287 
Mon Oct 29 10:33:57 BOT 2012: Ajax-> Mostrar Comentarios> tono:118738 
Mon Oct 29 10:34:00 BOT 2012: ASYNC -> STATS> Tiempo respuesta -0.438691 seg.
Mon Oct 29 10:34:30 BOT 2012: Ajax->Mostrar Comentarios:  
Mon Oct 29 10:36:54 BOT 2012: Ajax-> Mostrar Ranking > tono:141027 
Mon Oct 29 10:41:40 BOT 2012: Busqueda Inteligente: 
Mon Oct 29 10:43:13 BOT 2012: Ajax-> Mostrar Ranking > tono:157842 
Mon Oct 29 10:51:00 BOT 2012: Asignar backtone escuchado > Asi termino:122655,122653,122651,122650,122648,122647,122645,122660,122659,122657,122656,122666,122643,
Mon Oct 29 10:54:45 BOT 2012: Ajax-> Mostrar  Nombre Artista > tono:122647 
Mon Oct 29 10:55:09 BOT 2012: Ajax-> Mostrar Ranking > tono:105276 
Mon Oct 29 10:55:45 BOT 2012: Ajax-> Mostrar  Nombre Genero > tono:105274 
Mon Oct 29 11:00:43 BOT 2012: MTD_LISTAR_TONOS -> Se encontraron los siguientes tonos:103239
Mon Oct 29 11:02:20 BOT 2012: ASYNC -> STATS> Tiempo respuesta 0.003303 seg.
Mon Oct 29 11:02:26 BOT 2012: ASYNC -> STATS> Tiempo respuesta 0.002799 seg.
Mon Oct 29 11:05:38 BOT 2012: Ajax->Mostrar Reproducciones:  
Mon Oct 29 11:11:00 BOT 2012: Ajax-> Mostrar  Nombre Genero > tono:135041 
Mon Oct 29 11:12:12 BOT 2012: ASYNC -> STATS> Tiempo respuesta 0.003526 seg.
Mon Oct 29 11:14:52 BOT 2012: Ajax->Mostrar Nombre Artista:  
Mon Oct 29 11:16:19 BOT 2012: Ajax->Mostrar Nombre Artista:  
Mon Oct 29 11:17:13 BOT 2012: Ajax-> Mostrar Ranking > tono:105290 
Mon Oct 29 11:19:25 BOT 2012: ASYNC -> STATS> Tiempo respuesta 0.00285 seg.
Mon Oct 29 11:19:50 BOT 2012: Ajax->Mostrar Nombre Artista:  
Mon Oct 29 11:20:56 BOT 2012: Ajax-> Mostrar Megusta> tono:107723 
Mon Oct 29 11:22:17 BOT 2012: Ajax->Mostrar Comentarios:  
Mon Oct 29 11:23:05 BOT 2012: Ajax-> Mostrar Ranking > tono:144181 
Mon Oct 29 11:23:20 BOT 2012: Ajax->Mostrar Comentarios:  
Mon Oct 29 11:26:51 BOT 2012: Mostrar Cantidad reproducciones: tono:109612 cantidad: 0
Mon Oct 29 11:31:07 BOT 2012: Ajax->Mostrar Comentarios:  
Mon Oct 29 11:31:34 BOT 2012: Mostrar Album: >albumes/tapa cd cumbia juan.JPG
Mon Oct 29 11:32:34 BOT 2012: Check Session > msisdn: 77889169 > Usuario Valido 
Mon Oct 29 11:34:25 BOT 2012: Ajax->Mostrar Megusta:  
Mon Oct 29 11:34:25 BOT 2012: Ajax->Mostrar Ranking:  
Mon Oct 29 11:40:29 BOT 2012: Ajax->Mostrar Nombre Artista:  
Mon Oct 29 11:41:44 BOT 2012: ASYNC -> STATS> Tiempo respuesta 0.607759 seg.
Mon Oct 29 11:41:44 BOT 2012: ASYNC -> STATS> Tiempo respuesta 0.381792 seg.
Mon Oct 29 11:42:45 BOT 2012: Ajax->Mostrar Megusta:  
Mon Oct 29 11:43:54 BOT 2012: Check Session > msisdn: 77889169 > Usuario Valido 
Mon Oct 29 11:44:36 BOT 2012: Ajax->Mostrar Ranking:  
Mon Oct 29 11:46:57 BOT 2012: Busqueda Inteligente: Resultado 
 102823;veni raquel;Autenticos decadentes;Latinas
124025;A year without rain;Selena Gomez;Pop
112316;quedate;Version Opratel;Pop
145232;Quedate Conmigo;Sin Corte;Reggaeton
145825;Carnavalenado remix;Berthy Takana;Carnaval
150254;For Sentimental Reasons;Glenn Frey;Pop
112707;Quiere pa que te quieran;Dyland Lenny;Reggaeton
145742;Fuerza Carnavaleros_ Senor del carnaval;Berthy Takana;Carnaval cruceño
145845;Senor del carnaval v2_Creidazos;Berthy Takana;Carnaval
145847;Senor del carnaval v3_Creidazos;Berthy Takana;Carnaval
103258;EmergencyOnPlanetEarth;Jamiroquai;Pop
104343;EnBusqueda bachata;Generico;Latinas
142174;Que Tiene Ella Que No Tenga Yo;La kchorrita;Cumbia
104368;Sigue tu camino;Autenticos decadentes;Latinas
135286;Tendria que llorar por ti;Hermanos Yaipen Opratel;Cumbia
104104;Hay que venir al sur;KAREN PAOLA;Latinas
626;Querendon y aventurero;Negro palma;Carnaval
103343;Te quiero igual que ayer;Aventura;Cumbia
104165; Soy Tarateno;Banda Poopo;Carnaval
129924;A Ella Le Gusta El Dembow Feat Zion;RKM & Ken y;Reggaeton
155488;Angeles Y Demonios ft Kendo Kapponi;Don Omar;Reggaeton
130364;Goodbye;RKM & Ken y;Latinas
128220;Lloras Feat RKM and Ken Y;Plan B;Reggaeton
129927;Mas  ;RKM & Ken y;Reggaeton
130986;Mi Amor Es Pobre Feat Ken Y and Arcangel;Tony Dize;Latinas
133452;Mi Corazon Esta Muerto;RKM & Ken y;Reggaeton
133453;Mi Corazon Esta Muerto;RKM & Ken y;Reggaeton
105248;Mis dias sin ti remix;RKM & Ken y;Latinas
133454;Prefiero Morir;RKM & Ken y;Latinas
133859;Prefiero Morir Remix;RKM & Ken y;Reggaeton
133865;Te Doy Una Rosa;RKM & Ken y;Reggaeton
120971;The twelve days of Christmas;Kenny Garcia;Navidad
135674;Yo Se Feat Arthur Hanlon;RKM & Ken y;Latinas
103770;Mejor Hacerlo Todos Juntos;ElencoHighSchoolMusical;Infantiles
103771;SiempreJuntos;ElencoHighSchoolMusical;Infantiles
110092;solo junto a ti;OXIGENO;Latinas
110088;solo junto a ti-intro;OXIGENO;Latinas
110086;solo junto a ti-juan;OXIGENO;Latinas
110090;solo junto a ti-rap;OXIGENO;Latinas
138516;Solo Junto a ti_Carlitos;OXIGENO;Latinas
135662;Solo junto a ti_Giuseppe;OXIGENO;Latinas
135663;Solo junto a ti_intro;OXIGENO;Latinas
138520;Solo Junto a ti_Juan;OXIGENO;Latinas
103773;vamos todos juntos;ElencoHighSchoolMusical;Infantiles
514;Ven junto a mi;A Banda Sombra;Cumbia
103262;AmistadDeBorrachera;KevinJohansen;Cumbia
145923;Crying Blue Rain;Jimi Hendrix;Rock
134011;Crying Blue Rain;Jimi Hendrix;Rock
147866;Crying Blue Rain;Jimi Hendrix;Rock
103836;have you vever seen the rain;Version Opratel;Pop
103182;since yo been gone;rainbow;Pop
150302;After Hours;Glenn Frey;Pop
104249;Agente 86 el sol y la luna;Version Opratel;Sonidos
104247;Agente 86 Jefe y Jaime;Version Opratel;Sonidos
104920;Agente 86 y el chino;Version Opratel;Sonidos
104921;Agente 86 y el dueno de casa;Version Opratel;Sonidos
105048;Agente 86 y el hombre invisible;Version Opratel;Sonidos
105049;Agente 86 y el jefe;Version Opratel;Sonidos
105050;Agente 86 y el Tarta;Version Opratel;Sonidos
104922;Agente 86 y el timbre;Version Opratel;Sonidos
105051;Agente 86 y la ambulancia;Version Opratel;Sonidos
104923;Agente 86 y la contestadora;Version Opratel;Sonidos
104924;Agente 86 y la pata;Version Opratel;Sonidos
104925;Agente 86 y la suegra;Version Opratel;Sonidos
104926;Agente 86 y los enanos;Version Opratel;Sonidos
105052;Agente 86 y Sigfrid;Version Opratel;Sonidos
572;Alguien soy yo;Enrique Iglesias;Enrique Inglesias
103628;Alguien Soy Yo.;Enrique Iglesias;Enrique Inglesias
102893;alguien soy yo2;Enrique Iglesias;Enrique Inglesias
102870;calentando me voy;David Bisal;Latinas
150282;Caroline, No;Glenn Frey;Pop
145908;Con Mi Alma En Silencio;Kara N Daya;Pop
131816;Dices Who Says Spanish Vrs;Selena Gomez;Pop
112466;esclavo de tu piel;Dyland Lenny;Reggaeton
124047;Ghost of you;Selena Gomez;Pop
133723;Helen Wheels;Paul McCartney;Pop
150248;Heres To Life;Glenn Frey;Pop
138643;Hoy Lo Siento Feat Tony  Dize;Zion and Lennox;Latinas
130360;Hoy lo siento Opratel;Zion y Lennox Opratel;Mi Promo ConTigo
103769;Hoy Todo Es Mejor;ElencoHighSchoolMusical;Infantiles
150256;Im Getting Old Before My Time;Glenn Frey;Pop
112469;Intro My World ;Dyland Lenny;Reggaeton
150258;Its Too Soon To Know;Glenn Frey;Pop
135717;La Cita Ft Jowell y Randy;Zion and Lennox;Reggaeton
117853;Lenceria Hot;Play Boy;Play Boy
103116;Lento;Julieta Venegas;Pop
112470;Loco Bridge;Dyland Lenny;Regga 
Mon Oct 29 11:49:16 BOT 2012: Busqueda Inteligente: resultados >154572
Mon Oct 29 11:50:22 BOT 2012: Mostrar Genero: >G&eacute;nero:  <a href='index.php?seccion=playlist&genero=110'>Cumbia</a>
Mon Oct 29 11:51:13 BOT 2012: Ajax-> Mostrar Megusta> tono:144162 
Mon Oct 29 11:51:31 BOT 2012: Ajax-> Mostrar Comentarios> tono:104429 
Mon Oct 29 11:53:07 BOT 2012: Ajax->Mostrar Nombre Artista:  
Mon Oct 29 11:53:43 BOT 2012: ASYNC -> STATS> Tiempo respuesta 0.0037239999999999 seg.
Mon Oct 29 11:54:34 BOT 2012: Ajax-> Mostrar Ranking > tono:152506 
Mon Oct 29 11:54:34 BOT 2012: Ajax->Mostrar Ranking:  
Mon Oct 29 11:57:08 BOT 2012: MTD_DB_BUSCAR_ARTISTAS > retornando registros:11
Mon Oct 29 12:01:00 BOT 2012: WEB_REPRODUCIR_BUSQUEDA > Se recibieron:2 tonos
Mon Oct 29 12:01:03 BOT 2012: Ajax-> Mostrar  Imagen Portada> tono:142910 
Mon Oct 29 12:03:27 BOT 2012: Mostrar Genero: >G&eacute;nero:  <a href='index.php?seccion=playlist&genero=110'>Cumbia</a>
Mon Oct 29 12:04:15 BOT 2012: Ajax->Mostrar Ranking:  
Mon Oct 29 12:05:43 BOT 2012: Ajax->Mostrar Nombre Genero:  
Mon Oct 29 12:11:01 BOT 2012: Asignar backtone escuchado > Asi termino:102504,512,105986,144150,104305,104936,104247,144167,
Mon Oct 29 12:11:04 BOT 2012: Ajax->Mostrar Reproducciones:  
Mon Oct 29 12:15:17 BOT 2012: ASYNC -> STATS> Tiempo respuesta 0.004809 seg.
Mon Oct 29 12:18:42 BOT 2012: ASYNC -> STATS> Tiempo respuesta 0.003395 seg.
Mon Oct 29 12:23:34 BOT 2012: Ajax-> Mostrar  Nombre Artista > tono:133865 
Mon Oct 29 12:26:28 BOT 2012: Ajax->Mostrar Reproducciones:  
Mon Oct 29 12:27:31 BOT 2012: Ajax->Mostrar Comentarios:  
Mon Oct 29 12:31:23 BOT 2012: Ajax-> Mostrar  Nombre Artista > tono:103031 
Mon Oct 29 12:34:20 BOT 2012: Ajax->Mostrar Comentarios:  
Mon Oct 29 12:44:22 BOT 2012: WEB REPROD BUSQ > Facebook link: http%3A%2F%2Fbacktones.tigo.com.bo%2Fv3%2Findex.php%3Fseccion%3Dplaylist%26search%3Dprnce+royce%26f%3D1%26t%3D123213
Mon Oct 29 12:45:07 BOT 2012: Busqueda Inteligente: resultados >102611
Mon Oct 29 12:45:10 BOT 2012: Ajax->Mostrar Reproducciones:  
Mon Oct 29 12:48:29 BOT 2012: WEB REPROD BUSQ > Facebook link: http%3A%2F%2Fbacktones.tigo.com.bo%2Fv3%2Findex.php%3Fseccion%3Dplaylist%26search%3Dmarcos+wit%26f%3D1%26t%3D123213
Mon Oct 29 12:49:47 BOT 2012: Ajax-> Mostrar  Nombre Genero > tono:93 
Mon Oct 29 12:52:12 BOT 2012: Ajax->Mostrar Comentarios:  
Mon Oct 29 12:54:00 BOT 2012: Msisdn:77354679 ingreso exitoso de billing tono: 131613 
Mon Oct 29 12:58:31 BOT 2012: Consulta de precio de reason:2 - msisdn:77354679 tono:112440 Async responde:350
 
Mon Oct 29 12:59:13 BOT 2012: Ajax->Mostrar Comentarios:  
Mon Oct 29 13:04:02 BOT 2012: Busqueda Inteligente: Luis Fonsi
Mon Oct 29 13:11:18 BOT 2012: Ajax->Mostrar Ranking:  
Mon Oct 29 13:11:48 BOT 2012: Ajax->Mostrar Megusta:  
Mon Oct 29 13:12:33 BOT 2012: Ajax->Mostrar Nombre Artista:  
Mon Oct 29 13:12:54 BOT 2012: Ajax->Mostrar Comentarios:  
Mon Oct 29 13:13:27 BOT 2012: Ajax->Mostrar Megusta:  
Mon Oct 29 13:14:00 BOT 2012: Ajax-> Mostrar  Nombre Genero > tono:105076 
Mon Oct 29 13:15:25 BOT 2012: ASYNC -> STATS> Tiempo respuesta 0.004699 seg.
Mon Oct 29 13:15:31 BOT 2012: ASYNC -> STATS> Tiempo respuesta -0.064769 seg.
Mon Oct 29 13:16:07 BOT 2012: ASYNC -> STATS> Tiempo respuesta 0.003349 seg.
Mon Oct 29 13:16:13 BOT 2012: Ajax->Mostrar Reproducciones:  
Mon Oct 29 13:16:13 BOT 2012: Ajax->Mostrar Ranking:  
Mon Oct 29 13:16:13 BOT 2012: ASYNC -> STATS> Tiempo respuesta 0.119132 seg.
Mon Oct 29 13:16:16 BOT 2012: Consulta de precio de reason:10 - msisdn:76091083 tono:102776 Async responde:350
 
Mon Oct 29 13:16:25 BOT 2012: ASYNC -> STATS> Tiempo respuesta -0.001588 seg.
Mon Oct 29 13:16:28 BOT 2012: ASYNC -> STATS> Tiempo respuesta -0.00432 seg.
Mon Oct 29 13:16:58 BOT 2012: Ajax->Mostrar Imagen Portada:  
Mon Oct 29 13:20:59 BOT 2012: Ajax->Mostrar Megusta:  
Mon Oct 29 13:23:02 BOT 2012: Consulta de precio de reason:2 - msisdn: tono:102672 Async responde:350
 
Mon Oct 29 13:23:44 BOT 2012: Consulta de precio de reason:10 - msisdn: tono:103274 Async responde:350
 
Mon Oct 29 13:28:51 BOT 2012: Mostrar Album: >Artista:  <a href='index.php?seccion=playlist&autor=492'>Opratel</a>
Mon Oct 29 13:30:27 BOT 2012: Ajax->Mostrar Imagen Portada:  
Mon Oct 29 13:30:48 BOT 2012: Ajax->Mostrar Imagen Portada:  
Mon Oct 29 13:32:46 BOT 2012: Ajax->Mostrar Reproducciones:  
Mon Oct 29 13:35:04 BOT 2012: Consulta de precio de reason:2 - msisdn:78421341 tono:103480 Async responde:350
 
Mon Oct 29 13:35:19 BOT 2012: ASYNC -> STATS> Tiempo respuesta 0.368658 seg.
Mon Oct 29 13:35:19 BOT 2012: Ajax->Mostrar Reproducciones:  
Mon Oct 29 13:35:25 BOT 2012: ASYNC -> STATS> Tiempo respuesta -0.017228 seg.
Mon Oct 29 13:36:55 BOT 2012: Asignar backtone escuchado > Asi termino:103206,155196,104448,104449,105407,104929,102701,109251,102689,104510,104508,155372,137879,143078,141946,106385,120255,146571,145856,143741,
Mon Oct 29 13:39:11 BOT 2012: Ajax-> Mostrar Ranking > tono:104299 
Mon Oct 29 13:41:17 BOT 2012: Ajax-> Mostrar Comentarios> tono:109520 
Mon Oct 29 13:42:38 BOT 2012: Busqueda Inteligente: resultados >129891
Mon Oct 29 13:43:51 BOT 2012: Ajax-> Mostrar Megusta> tono:256 
Mon Oct 29 13:44:45 BOT 2012: Asignar backtone escuchado > Asi termino:102621,104453,130832,109240,109318,109317,109243,109314,104044,104047,104046,104043,104041,104039,104028,103993,103992,104024,134686,
Mon Oct 29 13:44:48 BOT 2012: Ajax->Mostrar Imagen Portada:  
Mon Oct 29 13:46:24 BOT 2012: Asignar backtone escuchado > Asi termino:102677,155386,104576,255,256,253,104578,104577,156792,142527,127461,104232,102675,102676,
Mon Oct 29 13:46:27 BOT 2012: Ajax-> Mostrar  Imagen Portada> tono:155360 
Mon Oct 29 13:48:27 BOT 2012: Ajax-> Mostrar  Nombre Genero > tono:153334 
Mon Oct 29 13:49:19 BOT 2012: Ajax->Mostrar Ranking:  
Mon Oct 29 13:53:10 BOT 2012: Mostrar Megusta > tono: 103272 msisdn:78421341 > cantidad de registros: 0
Mon Oct 29 13:56:35 BOT 2012: Asignar backtone escuchado > Asi termino:103521,123530,109520,109646,136235,
Mon Oct 29 13:56:41 BOT 2012: Mostrar Cantidad reproducciones: tono:102903 cantidad: 0
Mon Oct 29 13:57:17 BOT 2012: WEB_REPRODUCIR_BUSQUEDA > Se recibieron:27 tonos
Mon Oct 29 13:57:41 BOT 2012: Ajax-> Mostrar  Imagen Portada> tono:140840 
Mon Oct 29 13:57:59 BOT 2012: Ajax-> Mostrar  Imagen Portada> tono:104516 
Mon Oct 29 13:59:59 BOT 2012: Consulta de precio de reason:2 - msisdn:78421341 tono:105420 Async responde:350
 
Mon Oct 29 14:00:02 BOT 2012: ASYNC -> STATS> Tiempo respuesta 0.005066 seg.
Mon Oct 29 14:00:02 BOT 2012: Ajax->Mostrar Ranking:  
Mon Oct 29 14:01:45 BOT 2012: Session Start>  session por defecto 
Mon Oct 29 14:01:48 BOT 2012: Session Start>  Chequeo de sesion
Mon Oct 29 14:03:00 BOT 2012: ASYNC -> STATS> Tiempo respuesta -0.41722 seg.
Mon Oct 29 14:03:51 BOT 2012: Ajax-> Mostrar Ranking > tono:104357 
Mon Oct 29 14:05:24 BOT 2012: Check Session > msisdn: 78421341 > Usuario Valido 
Mon Oct 29 14:06:09 BOT 2012: Ajax->Mostrar Nombre Artista:  
Mon Oct 29 14:13:53 BOT 2012: Ajax-> Mostrar  Imagen Portada> Album:Artista:  <a href='index.php?seccion=playlist&autor=52'>Chayanne</a>
Mon Oct 29 14:16:05 BOT 2012: Ajax->Mostrar Ranking:  
Mon Oct 29 14:17:11 BOT 2012: Ajax->Mostrar Reproducciones:  
Mon Oct 29 14:19:48 BOT 2012: Ajax->Mostrar Comentarios:  
Mon Oct 29 14:22:21 BOT 2012: Ajax->Mostrar Ranking:  
Mon Oct 29 14:24:24 BOT 2012: Ajax-> Mostrar  Nombre Genero > tono:107794 
Mon Oct 29 14:24:49 BOT 2012: Ajax->Mostrar Megusta:  
Mon Oct 29 14:30:01 BOT 2012: Ajax->Mostrar Nombre Artista:  
Mon Oct 29 14:30:07 BOT 2012: Ajax-> Mostrar  Nombre Genero > tono:211 
Mon Oct 29 14:32:44 BOT 2012: Ajax-> Mostrar Ranking > tono:125501 
Mon Oct 29 14:33:32 BOT 2012: ASYNC -> STATS> Tiempo respuesta 0.0026430000000001 seg.
Mon Oct 29 14:34:08 BOT 2012: ASYNC -> STATS> Tiempo respuesta 0.002841 seg.
Mon Oct 29 14:35:26 BOT 2012: Ajax->Mostrar Reproducciones:  
Mon Oct 29 14:35:29 BOT 2012: ASYNC -> STATS> Tiempo respuesta -0.035998 seg.
Mon Oct 29 14:35:35 BOT 2012: ASYNC -> STATS> Tiempo respuesta 0.009138 seg.
Mon Oct 29 14:37:15 BOT 2012: STATS > BUSQUEDA DE BACKTONE >Tiempo: 0.021115 seg. | registros: 76
Mon Oct 29 14:37:51 BOT 2012: ASYNC -> STATS> Tiempo respuesta 0.003581 seg.
Mon Oct 29 14:42:34 BOT 2012: Ajax->Mostrar Nombre Genero:  
Mon Oct 29 14:44:07 BOT 2012: Ajax->Mostrar Ranking:  
Mon Oct 29 14:44:31 BOT 2012: Ajax->Mostrar Ranking:  
Mon Oct 29 14:44:31 BOT 2012: Asignar backtone escuchado > Asi termino:131042,123530,131035,109557,103694,
Mon Oct 29 14:47:25 BOT 2012: Ajax->Mostrar Imagen Portada:  
Mon Oct 29 14:47:37 BOT 2012: Ajax->Mostrar Comentarios:  
Mon Oct 29 14:48:38 BOT 2012: Ajax-> Mostrar Ranking > tono:121500 
Mon Oct 29 14:50:23 BOT 2012: Asignar backtone escuchado > Asi termino:7,82,120,155488,145305,105068,104886,104120,84,129924,103328,102622,133784,116,103221,127424,78,103542,125516,105234,
Mon Oct 29 14:51:29 BOT 2012: Ajax-> Mostrar Ranking > tono:103939 
Mon Oct 29 14:53:54 BOT 2012: Ajax-> Mostrar Ranking > tono:104379 
Mon Oct 29 14:54:54 BOT 2012: ASYNC -> STATS> Tiempo respuesta -0.447706 seg.
Mon Oct 29 14:56:21 BOT 2012: Ajax-> Mostrar Ranking > tono:103122 
Mon Oct 29 15:00:43 BOT 2012: Ajax-> Mostrar Ranking > tono:104738 
Mon Oct 29 15:04:10 BOT 2012: ASYNC -> STATS> Tiempo respuesta 0.714415 seg.
Mon Oct 29 15:06:53 BOT 2012: Ajax-> Mostrar  Imagen Portada> tono:122643 
Mon Oct 29 15:06:56 BOT 2012: ASYNC -> STATS> Tiempo respuesta -0.041903 seg.
Mon Oct 29 15:06:59 BOT 2012: ASYNC -> STATS> Tiempo respuesta 0.003083 seg.
Mon Oct 29 15:06:59 BOT 2012: Ajax->Mostrar Ranking:  
Mon Oct 29 15:07:02 BOT 2012: Ajax-> Mostrar Ranking > tono:103132 
Mon Oct 29 15:07:02 BOT 2012: Ajax->Mostrar Comentarios:  
Mon Oct 29 15:07:05 BOT 2012: Ajax-> Mostrar Megusta> tono:104807 
Mon Oct 29 15:07:20 BOT 2012: Ajax->Mostrar Nombre Genero:  
Mon Oct 29 15:10:00 BOT 2012: Asignar backtone escuchado > Asi termino:104800,104799,104798,104797,104796,104795,104794,104793,104792,104791,104790,104789,104788,104787,104815,112705,104816,109410,120947,120956,
Mon Oct 29 15:14:13 BOT 2012: Busqueda Inteligente: resultados >124969
Mon Oct 29 15:17:49 BOT 2012: Ajax-> Mostrar Ranking > tono:121501 
Mon Oct 29 15:18:59 BOT 2012: Ajax->Mostrar Ranking:  
Mon Oct 29 15:19:02 BOT 2012: ASYNC -> STATS> Tiempo respuesta -0.014651 seg.
Mon Oct 29 15:20:38 BOT 2012: Asignar backtone escuchado > Asi termino:109247,109318,109317,109246,109238,109245,109314,
Mon Oct 29 15:20:47 BOT 2012: Ajax->Mostrar Reproducciones:  
Mon Oct 29 15:20:59 BOT 2012: Ajax-> Mostrar Ranking > tono:120248 
Mon Oct 29 15:20:59 BOT 2012: Mostrar Cantidad reproducciones: tono:121511 cantidad: 0
Mon Oct 29 15:22:05 BOT 2012: ASYNC -> STATS> Tiempo respuesta 0.0019520000000001 seg.
Mon Oct 29 15:22:38 BOT 2012: Ajax-> Mostrar  Imagen Portada> tono:104606 
Mon Oct 29 15:22:41 BOT 2012: Consulta de precio de reason:2 - msisdn: tono:104606 Async responde:350
 
Mon Oct 29 15:23:02 BOT 2012: Ajax-> Login Usuario msisdn: 78631919  pin:3251 > Validar msisdn
Mon Oct 29 15:28:09 BOT 2012: Ajax->Mostrar Nombre Genero:  
Mon Oct 29 15:28:12 BOT 2012: VALIDAR_MSISDN >75517288 numero valido
Mon Oct 29 15:28:33 BOT 2012: Ajax->Mostrar Ranking:  
Mon Oct 29 15:28:33 BOT 2012: Ajax->Mostrar Ranking:  
Mon Oct 29 15:28:36 BOT 2012: Asignar backtone escuchado > Asi termino:109247,109318,109317,109246,109320,109249,109322,109242,109314,109240,109238,109245,
Mon Oct 29 15:28:36 BOT 2012: Asignar backtone escuchado > Asi termino:123527,123513,123538,131040,123515,123528,123518,131730,123530,123525,131042,123531,123519,131049,131035,123520,131036,123534,123537,131048,
Mon Oct 29 15:36:41 BOT 2012: Ajax->Mostrar Imagen Portada:  
Mon Oct 29 15:38:57 BOT 2012: Mostrar Cantidad reproducciones: tono:103431 cantidad: 0
Mon Oct 29 15:39:33 BOT 2012: MTD_LISTAR_TONOS -> Se encontraron los siguientes tonos:
Mon Oct 29 15:41:54 BOT 2012: Check Session > msisdn: 78631919 > Usuario Valido 
Mon Oct 29 15:42:27 BOT 2012: Busqueda Inteligente: resultados >150076
Mon Oct 29 15:42:36 BOT 2012: Ajax->Mostrar Megusta:  
Mon Oct 29 15:42:48 BOT 2012: Ajax->Mostrar Nombre Artista:  
Mon Oct 29 15:44:25 BOT 2012: Ajax->Mostrar Nombre Artista:  
Mon Oct 29 15:46:49 BOT 2012: Ajax->Mostrar Comentarios:  
Mon Oct 29 15:48:01 BOT 2012: Ajax-> Mostrar Megusta> tono:155236 
Mon Oct 29 15:48:37 BOT 2012: Ajax->Mostrar Nombre Genero:  
Mon Oct 29 15:50:29 BOT 2012: Ajax->Mostrar Nombre Genero:  
Mon Oct 29 15:59:22 BOT 2012: Ajax->Mostrar Ranking:  
Mon Oct 29 16:08:29 BOT 2012: Ajax-> Mostrar Megusta> tono:142157 
Mon Oct 29 16:11:24 BOT 2012: Busqueda Inteligente: 6tec
Mon Oct 29 16:12:48 BOT 2012: Ajax->Mostrar Nombre Artista:  
Mon Oct 29 16:19:23 BOT 2012: Ajax->Mostrar Ranking:  
Mon Oct 29 16:25:21 BOT 2012: Asignar backtone escuchado > Asi termino:122656,122666,122643,122655,122653,122651,122650,122648,122647,122645,122660,122659,122657,
Mon Oct 29 16:29:03 BOT 2012: Session Start>  Chequeo de sesion
Mon Oct 29 16:31:37 BOT 2012: Ajax->Mostrar Comentarios:  
Mon Oct 29 16:31:55 BOT 2012: Ajax->Mostrar Imagen Portada:  
Mon Oct 29 16:34:46 BOT 2012: Mostrar Megusta> tono: 122650 msisdn:77779798 > a otros 3  les gusta 
Mon Oct 29 16:39:08 BOT 2012: Ajax->Mostrar Reproducciones:  
Mon Oct 29 16:42:15 BOT 2012: Mostrar Album: >Artista:  <a href='index.php?seccion=playlist&autor=749'>Lady Gaga</a>
Mon Oct 29 16:47:49 BOT 2012: Ajax->Mostrar Nombre Genero:  
Mon Oct 29 16:49:58 BOT 2012: Busqueda Inteligente: resultados >138518
Mon Oct 29 16:51:13 BOT 2012: ASYNC -> STATS> Tiempo respuesta 0.007472 seg.
Mon Oct 29 17:00:57 BOT 2012: Busqueda Inteligente: la noche
Mon Oct 29 17:01:12 BOT 2012: Ajax-> Mostrar  Nombre Genero > tono:103830 
Mon Oct 29 17:03:06 BOT 2012: ASYNC -> STATS> Tiempo respuesta 0.003816 seg.
Mon Oct 29 17:07:07 BOT 2012: Ajax->Mostrar Ranking:  
Mon Oct 29 17:09:13 BOT 2012: Ajax->Mostrar Ranking:  
Mon Oct 29 17:10:35 BOT 2012: Ajax->Mostrar Ranking:  
Mon Oct 29 17:11:47 BOT 2012: Mostrar Album: >Artista:  <a href='index.php?seccion=playlist&autor=1249'>Qmbia Juan</a>
Mon Oct 29 17:12:26 BOT 2012: Ajax-> Mostrar Comentarios> tono:104084 
Mon Oct 29 17:13:17 BOT 2012: Ajax->Mostrar Imagen Portada:  
Mon Oct 29 17:23:34 BOT 2012: Ajax-> Mostrar Comentarios> tono:122650 
Mon Oct 29 17:24:55 BOT 2012: Ajax->Mostrar Comentarios:  
Mon Oct 29 17:26:58 BOT 2012: Asignar backtone escuchado > Asi termino:104629,
Mon Oct 29 17:30:05 BOT 2012: Ajax->Mostrar Ranking:  
Mon Oct 29 17:31:35 BOT 2012: Ajax-> Mostrar Ranking > tono:122643 
Mon Oct 29 17:41:40 BOT 2012: Ajax->Mostrar Ranking:  
Mon Oct 29 17:41:40 BOT 2012: Asignar backtone escuchado > Asi termino:128304,134687,134661,134660,
Mon Oct 29 17:44:14 BOT 2012: Ajax-> Mostrar Megusta> tono:104544 
Mon Oct 29 17:56:01 BOT 2012: Ajax->Mostrar Megusta:  
Mon Oct 29 17:56:22 BOT 2012: Check Session > msisdn: 77003777 > Usuario Valido 
Mon Oct 29 17:56:28 BOT 2012: Mostrar Album: >albumes/hermanos_yaipen.jpg
Mon Oct 29 17:58:28 BOT 2012: Ajax-> Mostrar  Nombre Genero > tono:193 
Mon Oct 29 18:00:59 BOT 2012: Ajax-> Mostrar Ranking > tono:122653 
Mon Oct 29 18:03:17 BOT 2012: ASYNC -> STATS> Tiempo respuesta -0.314752 seg.
Mon Oct 29 18:03:20 BOT 2012: ASYNC -> STATS> Tiempo respuesta -0.25106 seg.
Mon Oct 29 18:03:23 BOT 2012: Ajax-> Mostrar Ranking > tono:127765 
Mon Oct 29 18:03:23 BOT 2012: Asignar backtone escuchado > Asi termino:103190,240,
Mon Oct 29 18:03:26 BOT 2012: ASYNC -> STATS> Tiempo respuesta -0.001072 seg.
Mon Oct 29 18:03:47 BOT 2012: Ajax->Mostrar Imagen Portada:  
Mon Oct 29 18:04:26 BOT 2012: ASYNC -> STATS> Tiempo respuesta 0.318024 seg.
Mon Oct 29 18:04:53 BOT 2012: Error al consultar precio de renovacion - msisdn: tono:102723 - Async responde -3
Mon Oct 29 18:06:02 BOT 2012: WEB_REPRODUCIR_BUSQUEDA > Se recibieron:114 tonos
Mon Oct 29 18:06:33 BOT 2012: Ajax->Mostrar Nombre Genero:  
Mon Oct 29 18:08:36 BOT 2012: Ajax->Mostrar Megusta:  
Mon Oct 29 18:15:01 BOT 2012: Ajax->Mostrar Reproducciones:  
Mon Oct 29 18:16:40 BOT 2012: Ajax->Mostrar Ranking:  
Mon Oct 29 18:16:40 BOT 2012: Asignar backtone escuchado > Asi termino:102622,142128,140778,155646,110495,106299,106289,118727,145154,118725,118724,144690,104458,114,126175,128612,142527,155380,152118,155372,
Mon Oct 29 18:19:26 BOT 2012: Session Start>  Chequeo de sesion
Mon Oct 29 18:21:23 BOT 2012: WEB REPROD BUSQ > Facebook link: http%3A%2F%2Fbacktones.tigo.com.bo%2Fv3%2Findex.php%3Fseccion%3Dplaylist%26genero%3D208%26f%3D1%26t%3D123123
Mon Oct 29 18:22:44 BOT 2012: Mostrar Album: >albumes/album-default.jpg
Mon Oct 29 18:22:54 BOT 2012: Ajax-> Mostrar  Imagen Portada> tono:107788 
Mon Oct 29 18:26:24 BOT 2012: Ajax->Mostrar Comentarios:  
Mon Oct 29 18:28:55 BOT 2012: Ajax->Mostrar Comentarios:  
Mon Oct 29 18:30:49 BOT 2012: Busqueda Inteligente: Patito Feo
Mon Oct 29 18:32:55 BOT 2012: ASYNC -> STATS> Tiempo respuesta 0.513483 seg.
Mon Oct 29 18:33:46 BOT 2012: Ajax-> Mostrar  Imagen Portada> tono:112466 
Mon Oct 29 18:35:50 BOT 2012: Ajax->Actualizar pin usuario
Mon Oct 29 18:37:47 BOT 2012: Ajax->Mostrar Ranking:  
Mon Oct 29 18:38:02 BOT 2012: Ajax->Mostrar Megusta:  
Mon Oct 29 18:39:17 BOT 2012: Ajax->Mostrar Nombre Genero:  
Mon Oct 29 18:43:00 BOT 2012: Mostrar Ranking: tono:105096 calificacion: 5
Mon Oct 29 18:43:24 BOT 2012: Consulta de precio de reason:2 - msisdn:77003777 tono:105281 Async responde:350
 
Mon Oct 29 18:43:51 BOT 2012: Ajax->Mostrar Reproducciones:  
Mon Oct 29 18:44:30 BOT 2012: Ajax->Mostrar Nombre Artista:  
Mon Oct 29 18:46:40 BOT 2012: Msisdn0:77783473.Tono:104555Renovacion:0
Mon Oct 29 18:52:44 BOT 2012: Ajax->Mostrar Imagen Portada:  
Mon Oct 29 18:55:11 BOT 2012: Asignar backtone escuchado > Asi termino:127767,135108,127757,127759,104946,104901,102970,126679,104681,104503,127003,104445,104435,104434,102969,104430,126683,132464,104432,126681,
Mon Oct 29 19:02:09 BOT 2012: Ajax->Mostrar Nombre Genero:  
Mon Oct 29 19:20:46 BOT 2012: Ajax->Mostrar Megusta:  
Mon Oct 29 19:22:34 BOT 2012: Ajax-> Mostrar  Nombre Artista > tono:155364 
Mon Oct 29 19:24:46 BOT 2012: ASYNC -> STATS> Tiempo respuesta -0.029735 seg.
Mon Oct 29 19:27:53 BOT 2012: Busqueda Inteligente: los tigres
Mon Oct 29 19:29:44 BOT 2012: Asignar backtone escuchado > Asi termino:108563,108562,102768,104671,368,102918,367,364,509,118724,104508,102701,
Mon Oct 29 19:32:18 BOT 2012: Asignar backtone escuchado > Asi termino:152114,155374,140823,155370,155366,143078,120252,120251,141122,140816,140812,120248,155376,145741,155358,140808,141918,155364,152124,
Mon Oct 29 19:49:18 BOT 2012: Busqueda Inteligente: resultados >137877
Mon Oct 29 19:52:03 BOT 2012: WEB_REPRODUCIR_BUSQUEDA > Se recibieron:1 tonos
Mon Oct 29 19:53:15 BOT 2012: Asignar backtone escuchado > Asi termino:129675,131721,147195,147530,132110,151286,
Mon Oct 29 20:01:59 BOT 2012: Ajax->Mostrar Reproducciones:  
Mon Oct 29 20:02:41 BOT 2012: Ajax-> Mostrar Comentarios> tono:105501 
Mon Oct 29 20:03:45 BOT 2012: Session Start>  Chequeo de sesion
Mon Oct 29 20:06:09 BOT 2012: Ajax->Mostrar Nombre Artista:  
Mon Oct 29 20:07:57 BOT 2012: LISTAR_MODO_ROTACION_BACTONES > usuario: 78924185  modo:2 
Mon Oct 29 20:09:55 BOT 2012: Ajax->Eliminando backtone: msisdn:78924185   
Mon Oct 29 20:10:22 BOT 2012: Ajax->Mostrar Reproducciones:  
Mon Oct 29 20:13:13 BOT 2012: ASYNC -> STATS> Tiempo respuesta 0.005514 seg.
Mon Oct 29 20:14:32 BOT 2012: Ajax->Mostrar Ranking:  
Mon Oct 29 20:17:02 BOT 2012: Ajax->Mostrar Comentarios:  
Mon Oct 29 20:17:50 BOT 2012: Asignar backtone escuchado > Asi termino:124243,135108,127759,117863,117850,117844,117840,
Mon Oct 29 20:24:24 BOT 2012: Busqueda Inteligente: resultados >105550
Mon Oct 29 20:45:31 BOT 2012: Ajax-> Mostrar Ranking > tono:102537 
Mon Oct 29 20:52:59 BOT 2012: Session Start>  session por defecto 
Mon Oct 29 21:01:04 BOT 2012: WEB_REPRODUCIR_BUSQUEDA > Se recibieron:2 tonos
Mon Oct 29 21:05:56 BOT 2012: Ajax->Mostrar Imagen Portada:  
Mon Oct 29 21:08:02 BOT 2012: ASYNC -> STATS> Tiempo respuesta 0.001599 seg.
Mon Oct 29 21:13:51 BOT 2012: Ajax->Mostrar Reproducciones:  
Mon Oct 29 21:19:58 BOT 2012: Ajax->Mostrar Megusta:  
Mon Oct 29 21:21:46 BOT 2012: Ajax->Mostrar Reproducciones:  
Mon Oct 29 21:29:09 BOT 2012: Ajax->Mostrar Nombre Artista:  
Mon Oct 29 21:32:36 BOT 2012: Ajax->Mostrar Comentarios:  
Mon Oct 29 21:37:01 BOT 2012: Ajax-> Mostrar Megusta> tono:146575 
Mon Oct 29 21:38:31 BOT 2012: Ajax->Mostrar Ranking:  
Mon Oct 29 21:44:56 BOT 2012: Ajax->Mostrar Nombre Genero:  
Mon Oct 29 21:52:13 BOT 2012: Ajax->Mostrar Reproducciones:  
Mon Oct 29 21:59:56 BOT 2012: Busqueda Inteligente: resultados >105903
Mon Oct 29 22:01:56 BOT 2012: Consulta de precio de reason:2 - msisdn: tono:105343 Async responde:350
 
Mon Oct 29 22:01:56 BOT 2012: ASYNC -> STATS> Tiempo respuesta 0.0052 seg.
Mon Oct 29 22:06:48 BOT 2012: ASYNC -> STATS> Tiempo respuesta 0.00351 seg.
Mon Oct 29 22:07:54 BOT 2012: Ajax->Mostrar Imagen Portada:  
Mon Oct 29 22:07:57 BOT 2012: ASYNC -> STATS> Tiempo respuesta 0.003569 seg.
Mon Oct 29 22:08:03 BOT 2012: Ajax-> Mostrar  Imagen Portada> tono:133701 
Mon Oct 29 22:08:58 BOT 2012: Asignar backtone escuchado > Asi termino:105347,105985,133701,105354,105357,105356,133705,105352,132092,133717,133714,133715,105845,133710,131827,133706,131769,133697,105345,105355,
Mon Oct 29 22:09:07 BOT 2012: Ajax->Mostrar Reproducciones:  
Mon Oct 29 22:13:28 BOT 2012: Ajax-> Mostrar  Nombre Genero > tono:102674 
Mon Oct 29 22:18:26 BOT 2012: WEB_REPRODUCIR_BUSQUEDA > Se recibieron:114 tonos
Mon Oct 29 22:20:17 BOT 2012: Ajax-> Mostrar Comentarios> tono:104219 
Mon Oct 29 22:25:00 BOT 2012: Ajax-> Mostrar Ranking > tono:137826 
Mon Oct 29 22:25:09 BOT 2012: ASYNC -> STATS> Tiempo respuesta 0.104879 seg.
Mon Oct 29 22:25:18 BOT 2012: Consulta de precio de reason:3 - msisdn: tono:109259 Async responde:350
 
Mon Oct 29 22:32:25 BOT 2012: Ajax-> Mostrar  Nombre Genero > tono:102953 
Mon Oct 29 22:41:15 BOT 2012: Busqueda Inteligente: 
Mon Oct 29 22:47:28 BOT 2012: Busqueda Inteligente: LUIS FONSI 
Mon Oct 29 23:02:30 BOT 2012: ASYNC -> STATS> Tiempo respuesta 0.495545 seg.
Mon Oct 29 23:02:33 BOT 2012: Ajax->Mostrar Ranking:  
Mon Oct 29 23:02:36 BOT 2012: ASYNC -> STATS> Tiempo respuesta 0.001727 seg.
Mon Oct 29 23:02:39 BOT 2012: Ajax->Mostrar Ranking:  
Mon Oct 29 23:09:20 BOT 2012: ASYNC -> STATS> Tiempo respuesta 0.003713 seg.
Mon Oct 29 23:31:11 BOT 2012: Ajax-> Mostrar  Nombre Artista > tono:106289 
Mon Oct 29 23:36:36 BOT 2012: Ajax-> Votar Me gusta: msisdn: 
