Sun Feb 5 10:01:53 BOT 2012: ASYNC -> STATS> Tiempo respuesta -0.220937 seg.
Sun Feb 5 10:01:59 BOT 2012: Ajax->Mostrar Imagen Portada:  
Sun Feb 5 10:03:59 BOT 2012: Ajax->Mostrar Imagen Portada:  
Sun Feb 5 10:04:41 BOT 2012: Ajax->Mostrar Reproducciones:  
Sun Feb 5 10:04:44 BOT 2012: Ajax->Eliminando backtone: msisdn:75602794   
Sun Feb 5 10:04:44 BOT 2012: Ajax->Mostrar Ranking:  
Sun Feb 5 10:09:48 BOT 2012: ELIMINAR_BACKTONES > msisdn:75602794 tono :105643 -> quitando tonos del grupo a 1 grupos
Sun Feb 5 10:09:57 BOT 2012: WEB_REPRODUCIR_BUSQUEDA > Se recibieron:114 tonos
Sun Feb 5 10:09:57 BOT 2012: Ajax->Mostrar Nombre Artista:  
Sun Feb 5 10:11:12 BOT 2012: Ajax-> Mostrar  Nombre Genero > tono:103431 
Sun Feb 5 10:11:15 BOT 2012: Mostrar Ranking: tono:125516 calificacion: 4
Sun Feb 5 10:12:36 BOT 2012: ASYNC -> STATS> Tiempo respuesta 0.569333 seg.
Sun Feb 5 10:19:22 BOT 2012: Ajax->Mostrar Nombre Artista:  
Sun Feb 5 10:20:49 BOT 2012: Ajax->Mostrar Nombre Genero:  
Sun Feb 5 10:22:40 BOT 2012: Ajax-> Mostrar  Imagen Portada> tono:104133 
Sun Feb 5 10:23:23 BOT 2012: Busqueda Inteligente: 
Sun Feb 5 10:24:32 BOT 2012: Ajax->Mostrar Imagen Portada:  
Sun Feb 5 10:25:45 BOT 2012: Ajax->Mostrar Ranking:  
Sun Feb 5 10:26:51 BOT 2012: Ajax-> Mostrar  Imagen Portada> tono:102944 
Sun Feb 5 10:30:09 BOT 2012: Ajax-> Mostrar Comentarios> tono:105312 
Sun Feb 5 10:38:17 BOT 2012: Ajax-> Mostrar Ranking > tono:134658 
Sun Feb 5 10:39:11 BOT 2012: Check Session > msisdn: 75415325  token:92c26b46f8b5449f213848261ba06886
Sun Feb 5 10:39:35 BOT 2012: Session Start>  session por defecto 
Sun Feb 5 10:43:29 BOT 2012: Ajax->Mostrar Nombre Artista:  
Sun Feb 5 10:46:12 BOT 2012: Session Start>  session por defecto 
Sun Feb 5 10:52:18 BOT 2012: Session Start>  session por defecto 
Sun Feb 5 10:53:58 BOT 2012: Asignar backtone escuchado > Asi termino:145417,144182,144168,144148,144149,
Sun Feb 5 10:54:46 BOT 2012: ASYNC -> STATS> Tiempo respuesta 0.004402 seg.
Sun Feb 5 10:57:31 BOT 2012: Ajax->Mostrar Imagen Portada:  
Sun Feb 5 11:05:56 BOT 2012: Ajax->Mostrar Comentarios:  
Sun Feb 5 11:07:14 BOT 2012: ASYNC -> STATS> Tiempo respuesta 0.069852 seg.
Sun Feb 5 11:08:51 BOT 2012: Ajax->Mostrar Imagen Portada:  
Sun Feb 5 11:11:18 BOT 2012: Busqueda Inteligente: resultados >103163
Sun Feb 5 11:11:45 BOT 2012: Session Start>  session por defecto 
Sun Feb 5 11:13:42 BOT 2012: Consulta de precio de reason:2 - msisdn: tono:135153 Async responde:350
 
Sun Feb 5 11:15:03 BOT 2012: Ajax->Mostrar Nombre Genero:  
Sun Feb 5 11:23:35 BOT 2012: Ajax->Mostrar Imagen Portada:  
Sun Feb 5 11:24:35 BOT 2012: Ajax->Mostrar Imagen Portada:  
Sun Feb 5 11:24:59 BOT 2012: Ajax-> Mostrar Megusta> tono:135152 
Sun Feb 5 11:25:05 BOT 2012: Ajax-> Mostrar Megusta> tono:133414 
Sun Feb 5 11:31:51 BOT 2012: Ajax-> Mostrar Ranking > tono:137874 
Sun Feb 5 11:35:33 BOT 2012: Ajax-> Login Usuario msisdn: 78000788  pin:0788 > Validar msisdn
Sun Feb 5 11:35:51 BOT 2012: MTD_LISTAR_TONOS -> Se encontraron los siguientes tonos:105519
Sun Feb 5 11:36:15 BOT 2012: ASYNC -> STATS> Tiempo respuesta 0.187814 seg.
Sun Feb 5 11:37:52 BOT 2012: Ajax->Mostrar Megusta:  
Sun Feb 5 11:40:55 BOT 2012: Ajax->Mostrar Ranking:  
Sun Feb 5 11:42:40 BOT 2012: Asignar backtone escuchado > Asi termino:104745,103192,112705,103284,105096,144195,
Sun Feb 5 11:42:40 BOT 2012: WEB_REPRODUCIR_BUSQUEDA > Se recibieron:86 tonos
Sun Feb 5 11:43:46 BOT 2012: Ajax->Mostrar Nombre Artista:  
Sun Feb 5 11:48:44 BOT 2012: WEB_REPRODUCIR_BUSQUEDA > Se recibieron:4 tonos
Sun Feb 5 11:51:17 BOT 2012: Busqueda Inteligente: resultados >131049
Sun Feb 5 11:51:38 BOT 2012: Ajax-> Mostrar  Nombre Artista > tono:131035 
Sun Feb 5 11:52:42 BOT 2012: Ajax->Mostrar Ranking:  
Sun Feb 5 11:56:22 BOT 2012: ASYNC -> STATS> Tiempo respuesta 0.007906 seg.
Sun Feb 5 11:59:43 BOT 2012: Ajax-> Login Usuario msisdn:   pin:1233 > Validar msisdn
Sun Feb 5 12:02:05 BOT 2012: Ajax-> Mostrar Ranking > tono:104179 
Sun Feb 5 12:03:32 BOT 2012: Asignar backtone escuchado > Asi termino:104460,112702,103086,102630,
Sun Feb 5 12:04:11 BOT 2012: ASYNC -> STATS> Tiempo respuesta -0.188658 seg.
Sun Feb 5 12:06:35 BOT 2012: Busqueda Inteligente: resultados >105057
Sun Feb 5 12:07:14 BOT 2012: Ajax->Mostrar Nombre Genero:  
Sun Feb 5 12:08:15 BOT 2012: Ajax->Mostrar Megusta:  
Sun Feb 5 12:10:48 BOT 2012: Consulta de precio de reason:10 - msisdn: tono:103671 Async responde:350
 
Sun Feb 5 12:10:54 BOT 2012: Ajax-> Mostrar  Imagen Portada> tono:102693 
Sun Feb 5 12:10:54 BOT 2012: Consulta de precio de reason:2 - msisdn: tono:105262 Async responde:350
 
Sun Feb 5 12:10:54 BOT 2012: ASYNC -> STATS> Tiempo respuesta -0.08895 seg.
Sun Feb 5 12:12:09 BOT 2012: Ajax-> Mostrar  Imagen Portada> tono:103462 
Sun Feb 5 12:12:15 BOT 2012: Ajax-> Mostrar  Genero > G&eacute;nero:  <a href='index.php?seccion=playlist&genero=171'>Mi Promo ConTigo</a>
Sun Feb 5 12:12:30 BOT 2012: Ajax-> Mostrar Megusta> tono:131640 
Sun Feb 5 12:13:30 BOT 2012: Consulta de precio de reason:3 - msisdn: tono:102610 Async responde:350
 
Sun Feb 5 12:14:31 BOT 2012: Ajax->Mostrar Comentarios:  
Sun Feb 5 12:15:46 BOT 2012: Ajax->Mostrar Nombre Genero:  
Sun Feb 5 12:15:57 BOT 2012: Ajax-> Mostrar  Imagen Portada> tono:103190 
Sun Feb 5 12:16:29 BOT 2012: Ajax->Mostrar Ranking:  
Sun Feb 5 12:16:40 BOT 2012: Ajax->Mostrar Imagen Portada:  
Sun Feb 5 12:18:04 BOT 2012: Ajax->Mostrar Ranking:  
Sun Feb 5 13:21:49 BOT 2012: Ajax-> Mostrar Megusta> tono:103469 
Sun Feb 5 13:23:19 BOT 2012: ASYNC -> STATS> Tiempo respuesta 0.009293 seg.
Sun Feb 5 13:25:23 BOT 2012: Ajax-> Mostrar Comentarios> tono:105644 
Sun Feb 5 13:25:38 BOT 2012: Ajax-> Mostrar  Nombre Genero > tono:110204 
Sun Feb 5 13:28:44 BOT 2012: Ajax->Mostrar Ranking:  
Sun Feb 5 13:33:12 BOT 2012: Ajax-> Mostrar Ranking > tono:118725 
Sun Feb 5 13:33:27 BOT 2012: Ajax->Mostrar Nombre Artista:  
Sun Feb 5 13:33:54 BOT 2012: ASYNC -> STATS> Tiempo respuesta 0.011114 seg.
Sun Feb 5 13:33:57 BOT 2012: ASYNC -> STATS> Tiempo respuesta -0.559474 seg.
Sun Feb 5 13:33:57 BOT 2012: Consulta de precio de reason:10 - msisdn:78004811 tono:509 Async responde:350
 
Sun Feb 5 13:35:18 BOT 2012: Ajax-> Mostrar Megusta> tono:118744 
Sun Feb 5 13:37:12 BOT 2012: ASYNC -> STATS> Tiempo respuesta 0.009923 seg.
Sun Feb 5 13:38:21 BOT 2012: Ajax->Mostrar Ranking:  
Sun Feb 5 13:38:48 BOT 2012: Ajax-> Mostrar Comentarios> tono:103190 
Sun Feb 5 13:41:04 BOT 2012: Busqueda Inteligente: resultados >125137
Sun Feb 5 13:41:13 BOT 2012: Ajax->Mostrar Ranking:  
Sun Feb 5 13:48:23 BOT 2012: ASYNC -> STATS> Tiempo respuesta -0.291083 seg.
Sun Feb 5 13:48:26 BOT 2012: ASYNC -> STATS> Tiempo respuesta -0.463606 seg.
Sun Feb 5 13:48:38 BOT 2012: Asignar backtone escuchado > Asi termino:104178,104180,104177,104171,145423,145422,
Sun Feb 5 13:48:50 BOT 2012: Asignar backtone escuchado > Asi termino:142273,131812,142230,140821,104084,103816,127417,110210,135225,103431,135228,126028,103451,103430,
Sun Feb 5 13:53:11 BOT 2012: Ajax-> Mostrar  Nombre Genero > tono:125090 
Sun Feb 5 13:53:57 BOT 2012: Checklogin > msisdn: 75487358 , pin:aaQSqAReePlq6
Sun Feb 5 13:54:45 BOT 2012: ASYNC -> STATS> Tiempo respuesta 0.007154 seg.
Sun Feb 5 13:57:06 BOT 2012: WEB_REPRODUCIR_BUSQUEDA > Se recibieron:114 tonos
Sun Feb 5 13:57:42 BOT 2012: Ajax-> Mostrar Comentarios> tono:130834 
Sun Feb 5 13:58:18 BOT 2012: Ajax->Mostrar Ranking:  
Sun Feb 5 13:58:30 BOT 2012: STATS > BUSQUEDA DE BACKTONE >Tiempo: 0.033614 seg. | registros: 114
Sun Feb 5 14:00:01 BOT 2012: Ajax->Mostrar Megusta:  
Sun Feb 5 14:00:34 BOT 2012: Ajax-> Mostrar Megusta> tono:405 
Sun Feb 5 14:01:01 BOT 2012: ASYNC -> STATS> Tiempo respuesta 0.004235 seg.
Sun Feb 5 14:01:07 BOT 2012: Ajax->Mostrar Comentarios:  
Sun Feb 5 14:01:40 BOT 2012: Ajax->Mostrar Nombre Genero:  
Sun Feb 5 14:02:56 BOT 2012: Ajax-> Mostrar Ranking > tono:105075 
Sun Feb 5 14:12:03 BOT 2012: Ajax->Mostrar Imagen Portada:  
Sun Feb 5 14:12:45 BOT 2012: ASYNC -> STATS> Tiempo respuesta -0.461319 seg.
Sun Feb 5 14:12:48 BOT 2012: Consulta de precio de reason:2 - msisdn: tono:131642 Async responde:350
 
Sun Feb 5 14:12:57 BOT 2012: ASYNC -> STATS> Tiempo respuesta 0.024037 seg.
Sun Feb 5 14:13:39 BOT 2012: ASYNC -> STATS> Tiempo respuesta 0.005901 seg.
Sun Feb 5 14:19:28 BOT 2012: Ajax->Mostrar Imagen Portada:  
Sun Feb 5 14:20:19 BOT 2012: Ajax-> Mostrar Ranking > tono:132078 
Sun Feb 5 14:21:07 BOT 2012: Ajax-> Mostrar Ranking > tono:104308 
Sun Feb 5 14:23:49 BOT 2012: Ajax->Mostrar Reproducciones:  
Sun Feb 5 14:23:49 BOT 2012: Ajax->Mostrar Megusta:  
Sun Feb 5 14:26:05 BOT 2012: ASYNC -> STATS> Tiempo respuesta -0.211406 seg.
Sun Feb 5 14:29:56 BOT 2012: Ajax->Mostrar Reproducciones:  
Sun Feb 5 14:30:47 BOT 2012: Ajax-> Mostrar  Imagen Portada> tono:102623 
Sun Feb 5 14:33:36 BOT 2012: Ajax-> Mostrar Ranking > tono:103499 
Sun Feb 5 14:34:09 BOT 2012: Busqueda Inteligente: resultados >131808
Sun Feb 5 14:35:33 BOT 2012: ASYNC -> STATS> Tiempo respuesta 0.410177 seg.
Sun Feb 5 14:41:16 BOT 2012: Ajax-> Mostrar Megusta> tono:135057 
Sun Feb 5 14:46:02 BOT 2012: Ajax->Mostrar Nombre Artista:  
Sun Feb 5 14:51:14 BOT 2012: Ajax->Mostrar Nombre Artista:  
Sun Feb 5 14:54:36 BOT 2012: Ajax->Mostrar Ranking:  
Sun Feb 5 14:56:00 BOT 2012: Ajax-> Comprar Backtone: msisdn:77804035 
Sun Feb 5 14:57:39 BOT 2012: ASYNC -> STATS> Tiempo respuesta 0.011687 seg.
Sun Feb 5 14:58:31 BOT 2012: Busqueda Inteligente: resultados >240
Sun Feb 5 14:58:45 BOT 2012: Ajax-> Mostrar  Imagen Portada> tono:130053 
Sun Feb 5 15:01:58 BOT 2012: MTD_DB_BUSCAR_ARTISTAS > retornando registros:4
Sun Feb 5 15:03:22 BOT 2012: ASYNC -> STATS> Tiempo respuesta 0.007435 seg.
Sun Feb 5 15:03:31 BOT 2012: Ajax->Mostrar Comentarios:  
Sun Feb 5 15:03:31 BOT 2012: Asignar backtone escuchado > Asi termino:106367,109674,109604,127855,127787,
Sun Feb 5 18:06:39 BOT 2012: Ajax->Mostrar Reproducciones:  
Sun Feb 5 18:06:39 BOT 2012: Ajax->Mostrar Ranking:  
Sun Feb 5 20:20:51 BOT 2012: Ajax-> Mostrar Ranking > tono:144150 
Sun Feb 5 20:23:24 BOT 2012: Ajax->Mostrar Reproducciones:  
Sun Feb 5 20:23:39 BOT 2012: Ajax->Mostrar Ranking:  
Sun Feb 5 20:23:51 BOT 2012: Ajax->Mostrar Comentarios:  
Sun Feb 5 20:24:30 BOT 2012: Busqueda Inteligente: resultados >126993
Sun Feb 5 20:26:49 BOT 2012: Ajax->Mostrar Ranking:  
Sun Feb 5 20:27:58 BOT 2012: Ajax->Mostrar Reproducciones:  
Sun Feb 5 20:28:16 BOT 2012: Ajax->Mostrar Megusta:  
Sun Feb 5 20:28:16 BOT 2012: Ajax-> Mostrar Ranking > tono:104914 
Sun Feb 5 20:29:34 BOT 2012: Ajax->Mostrar Ranking:  
Sun Feb 5 20:30:28 BOT 2012: Ajax-> Mostrar Ranking > tono:103888 
Sun Feb 5 20:31:25 BOT 2012: Ajax->Mostrar Comentarios:  
Sun Feb 5 20:32:07 BOT 2012: Ajax->Mostrar Ranking:  
Sun Feb 5 20:32:13 BOT 2012: Ajax->Mostrar Reproducciones:  
Sun Feb 5 20:32:31 BOT 2012: Consulta de precio de reason:2 - msisdn: tono:107763 Async responde:350
 
Sun Feb 5 20:32:31 BOT 2012: ASYNC -> STATS> Tiempo respuesta 0.44327 seg.
Sun Feb 5 20:33:34 BOT 2012: Consulta de precio de reason:2 - msisdn: tono:104090 Async responde:350
 
Sun Feb 5 20:33:34 BOT 2012: Mostrar Album: >albumes/shakira.jpg
Sun Feb 5 20:33:35 BOT 2012: Asignar backtone escuchado > Asi termino:103194,103193,102826,103192,104804,104800,109412,104813,104792,104790,104815,144800,105614,105571,144816,144796,144866,105591,104166,104164,
Sun Feb 5 20:34:26 BOT 2012: Ajax->Mostrar Comentarios:  
Sun Feb 5 20:35:29 BOT 2012: Consulta de precio de reason:2 - msisdn: tono:135213 Async responde:350
 
Sun Feb 5 20:36:29 BOT 2012: Ajax->Mostrar Nombre Artista:  
Sun Feb 5 20:36:35 BOT 2012: Asignar backtone escuchado > Asi termino:105561,629,105560,105556,335,104171,114601,144110,114593,114591,144108,144106,
Sun Feb 5 20:36:59 BOT 2012: STATS > BUSQUEDA DE BACKTONE >Tiempo: -0.5076 seg. | registros: 5
Sun Feb 5 20:37:14 BOT 2012: Ajax->Mostrar Megusta:  
Sun Feb 5 20:37:20 BOT 2012: Ajax->Mostrar Reproducciones:  
Sun Feb 5 20:38:32 BOT 2012: Session Start>  session por defecto 
Sun Feb 5 20:40:05 BOT 2012: ASYNC -> STATS> Tiempo respuesta 0.007819 seg.
Sun Feb 5 20:40:08 BOT 2012: Ajax->Mostrar Imagen Portada:  
Sun Feb 5 20:40:35 BOT 2012: Ajax-> Mostrar  Nombre Genero > tono:142632 
Sun Feb 5 20:40:57 BOT 2012: Ajax->Mostrar Comentarios:  
Sun Feb 5 20:41:06 BOT 2012: Asignar backtone escuchado > Asi termino:105561,629,105642,105568,105566,105572,102517,144818,104009,632,105560,105556,335,104171,114601,144110,114593,114591,144108,
Sun Feb 5 20:41:45 BOT 2012: STATS > BUSQUEDA DE BACKTONE >Tiempo: -0.512205 seg. | registros: 4
Sun Feb 5 20:42:51 BOT 2012: Mostrar Genero: >G&eacute;nero:  <a href='index.php?seccion=playlist&genero=145'>Rock</a>
Sun Feb 5 20:46:00 BOT 2012: ASYNC -> STATS> Tiempo respuesta 0.008107 seg.
Sun Feb 5 20:46:54 BOT 2012: Consulta de precio de reason:3 - msisdn: tono:144173 Async responde:350
 
Sun Feb 5 20:46:54 BOT 2012: Asignar backtone escuchado > Asi termino:105810,105811,105812,120250,140810,143739,120248,144562,145301,145302,143738,142632,141835,139303,106382,142225,142220,142168,140808,141918,
