Thu Feb 23 9:17:43 BOT 2012: Ajax->Mostrar Comentarios:  
Thu Feb 23 9:20:02 BOT 2012: Busqueda Inteligente: resultados >104909
Thu Feb 23 9:28:54 BOT 2012: ASYNC -> STATS> Tiempo respuesta 0.002439 seg.
Thu Feb 23 9:28:57 BOT 2012: Ajax->Mostrar Comentarios:  
Thu Feb 23 9:30:45 BOT 2012: ASYNC -> STATS> Tiempo respuesta 0.010981 seg.
Thu Feb 23 9:32:57 BOT 2012: Ajax-> Mostrar  Nombre Artista > tono:600 
Thu Feb 23 9:34:30 BOT 2012: MTD_DB_BUSCAR_ARTISTAS > retornando registros:18
Thu Feb 23 9:38:25 BOT 2012: Ajax->Mostrar Nombre Artista:  
Thu Feb 23 9:50:36 BOT 2012: Ajax-> Mostrar Ranking > tono:139727 
Thu Feb 23 9:50:42 BOT 2012: Ajax->Mostrar Reproducciones:  
Thu Feb 23 9:51:54 BOT 2012: Busqueda Inteligente: Andres Cepeda Opratel
Thu Feb 23 9:53:36 BOT 2012: Ajax->Mostrar Megusta:  
Thu Feb 23 9:54:39 BOT 2012: Session Start>  session por defecto 
Thu Feb 23 9:55:30 BOT 2012: Ajax->Mostrar Megusta:  
Thu Feb 23 9:57:06 BOT 2012: Ajax->Mostrar Imagen Portada:  
Thu Feb 23 9:58:40 BOT 2012: Ajax->Mostrar Nombre Genero:  
Thu Feb 23 10:00:28 BOT 2012: ASYNC -> STATS> Tiempo respuesta -0.521299 seg.
Thu Feb 23 10:09:59 BOT 2012: Asignar backtone escuchado > Asi termino:142527,547,132050,579,
Thu Feb 23 10:10:20 BOT 2012: Busqueda Inteligente: resultados >104946
Thu Feb 23 10:11:03 BOT 2012: Ajax->Mostrar Comentarios:  
Thu Feb 23 10:13:11 BOT 2012: ASYNC -> STATS> Tiempo respuesta 0.003915 seg.
Thu Feb 23 10:16:57 BOT 2012: Ajax->Mostrar Ranking:  
Thu Feb 23 10:16:57 BOT 2012: ASYNC -> STATS> Tiempo respuesta -0.071408 seg.
Thu Feb 23 10:16:57 BOT 2012: ASYNC -> STATS> Tiempo respuesta -0.057931 seg.
Thu Feb 23 10:17:48 BOT 2012: Ajax->Mostrar Ranking:  
Thu Feb 23 10:18:57 BOT 2012: Ajax-> Mostrar Megusta> tono:136246 
Thu Feb 23 10:19:46 BOT 2012: Ajax-> Mostrar Comentarios> tono:103543 
Thu Feb 23 10:19:52 BOT 2012: Busqueda Inteligente: resultados >127440
Thu Feb 23 10:26:34 BOT 2012: Ajax->Mostrar Reproducciones:  
Thu Feb 23 10:28:26 BOT 2012: Ajax-> Mostrar Megusta> tono:130814 
Thu Feb 23 10:28:44 BOT 2012: Ajax-> Mostrar  Nombre Genero > tono:123528 
Thu Feb 23 10:31:23 BOT 2012: Ajax->Mostrar Imagen Portada:  
Thu Feb 23 12:06:45 BOT 2012: Ajax->Mostrar Ranking:  
Thu Feb 23 12:06:48 BOT 2012: Mostrar Megusta> tono: 134681 msisdn:75689651 > a otros 2  les gusta 
Thu Feb 23 12:07:15 BOT 2012: Ajax->Mostrar Imagen Portada:  
Thu Feb 23 12:07:27 BOT 2012: Mostrar Genero: >G&eacute;nero:  <a href='index.php?seccion=playlist&genero=143'>Latinas</a>
Thu Feb 23 12:09:21 BOT 2012: Ajax->Mostrar Megusta:  
Thu Feb 23 12:09:54 BOT 2012: Ajax->Mostrar Reproducciones:  
Thu Feb 23 12:13:04 BOT 2012: Asignar backtone escuchado > Asi termino:105503,
Thu Feb 23 12:13:55 BOT 2012: Ajax->Mostrar Nombre Genero:  
Thu Feb 23 12:18:37 BOT 2012: Ajax->Mostrar Ranking:  
Thu Feb 23 12:18:40 BOT 2012: ASYNC -> STATS> Tiempo respuesta 0.001472 seg.
Thu Feb 23 12:19:55 BOT 2012: Ajax->Mostrar Comentarios:  
Thu Feb 23 12:20:01 BOT 2012: Ajax-> Mostrar Megusta> tono:128668 
Thu Feb 23 12:21:26 BOT 2012: Ajax->Mostrar Ranking:  
Thu Feb 23 12:22:49 BOT 2012: Busqueda Inteligente: resultados >104372
Thu Feb 23 12:25:05 BOT 2012: Ajax->Mostrar Imagen Portada:  
Thu Feb 23 12:25:23 BOT 2012: Asignar backtone escuchado > Asi termino:102930,117841,128668,128601,106357,109654,104678,145895,127001,105651,257,131646,131627,131625,104902,325,276,108595,108594,
Thu Feb 23 12:26:17 BOT 2012: Ajax->Mostrar Ranking:  
Thu Feb 23 12:26:41 BOT 2012: Asignar backtone escuchado > Asi termino:125516,83,103453,133402,133406,124243,
Thu Feb 23 12:26:53 BOT 2012: Ajax->Mostrar Ranking:  
Thu Feb 23 12:31:36 BOT 2012: Session Start>  session por defecto 
Thu Feb 23 12:32:39 BOT 2012: Ajax-> Mostrar Ranking > tono:106357 
Thu Feb 23 12:32:54 BOT 2012: Session Start>  session por defecto 
Thu Feb 23 12:35:09 BOT 2012: Ajax->Mostrar Megusta:  
Thu Feb 23 12:37:40 BOT 2012: Asignar backtone escuchado > Asi termino:127894,
Thu Feb 23 12:38:19 BOT 2012: ASYNC -> STATS> Tiempo respuesta 0.005929 seg.
Thu Feb 23 12:40:19 BOT 2012: Session Start>  Chequeo de sesion
Thu Feb 23 12:41:10 BOT 2012: Ajax-> Mostrar Comentarios> tono:109654 
Thu Feb 23 12:42:31 BOT 2012: Asignar backtone escuchado > Asi termino:104991,127894,137268,105096,105281,135219,
Thu Feb 23 12:43:02 BOT 2012: Ajax->Mostrar Reproducciones:  
Thu Feb 23 12:44:14 BOT 2012: Ajax->Mostrar Imagen Portada:  
Thu Feb 23 12:44:29 BOT 2012: Ajax-> Mostrar Ranking > tono:240 
Thu Feb 23 12:44:29 BOT 2012: ASYNC -> STATS> Tiempo respuesta -0.494948 seg.
Thu Feb 23 12:46:47 BOT 2012: Ajax->Mostrar Nombre Genero:  
Thu Feb 23 12:47:38 BOT 2012: Ajax-> Mostrar Ranking > tono:135101 
Thu Feb 23 12:50:14 BOT 2012: Ajax-> Mostrar Megusta> tono:141124 
Thu Feb 23 12:51:15 BOT 2012: Ajax-> Mostrar  Imagen Portada> Album:Artista:  <a href='index.php?seccion=playlist&autor=28'>Reik</a>
Thu Feb 23 12:53:27 BOT 2012: ASYNC -> STATS> Tiempo respuesta -0.242599 seg.
Thu Feb 23 12:53:30 BOT 2012: ASYNC -> STATS> Tiempo respuesta 0.298536 seg.
Thu Feb 23 12:53:30 BOT 2012: Ajax->Mostrar Ranking:  
Thu Feb 23 12:54:33 BOT 2012: Ajax->Mostrar Ranking:  
Thu Feb 23 12:54:54 BOT 2012: Ajax-> Mostrar  Nombre Artista > tono:109247 
Thu Feb 23 12:55:03 BOT 2012: Ajax->Mostrar Ranking:  
Thu Feb 23 12:56:45 BOT 2012: Session Start>  session por defecto 
Thu Feb 23 12:57:57 BOT 2012: Ajax->Mostrar Nombre Artista:  
Thu Feb 23 12:58:30 BOT 2012: DB_ELIMINAR_BACKTONES > Msisdn:77489647 tono :103265 -> quedo asi:131823:1:0:0:1|
Thu Feb 23 12:58:45 BOT 2012: ASYNC -> STATS> Tiempo respuesta 0.755211 seg.
Thu Feb 23 12:58:55 BOT 2012: Asignar backtone escuchado > Asi termino:596,124043,124041,105092,105263,129675,105262,257,
Thu Feb 23 12:59:10 BOT 2012: Ajax->Mostrar Nombre Genero:  
Thu Feb 23 13:01:58 BOT 2012: Asignar backtone escuchado > Asi termino:134661,134660,
Thu Feb 23 13:02:19 BOT 2012: Mostrar Genero: >G&eacute;nero:  <a href='index.php?seccion=playlist&genero=102'>Chistes</a>
Thu Feb 23 13:03:01 BOT 2012: Mostrar Album: >Artista:  <a href='index.php?seccion=playlist&autor=1107'>Version Solumovil</a>
Thu Feb 23 13:07:14 BOT 2012: Ajax->Mostrar Imagen Portada:  
Thu Feb 23 13:10:56 BOT 2012: Ajax-> Mostrar  Nombre Artista > tono:136630 
Thu Feb 23 13:13:42 BOT 2012: Ajax->Mostrar Megusta:  
Thu Feb 23 13:13:57 BOT 2012: Mostrar Album: >albumes/album-default.jpg
Thu Feb 23 13:15:36 BOT 2012: Consulta de precio de reason:10 - msisdn: tono:127001 Async responde:350
 
Thu Feb 23 13:16:45 BOT 2012: Ajax->Mostrar Comentarios:  
Thu Feb 23 13:17:42 BOT 2012: Ajax->Mostrar Reproducciones:  
Thu Feb 23 13:17:51 BOT 2012: Ajax-> Mostrar Ranking > tono:137880 
Thu Feb 23 13:20:49 BOT 2012: Ajax->Mostrar Reproducciones:  
Thu Feb 23 13:23:16 BOT 2012: ASYNC -> STATS> Tiempo respuesta -0.177594 seg.
Thu Feb 23 13:23:16 BOT 2012: Consulta de precio de reason:2 - msisdn: tono:133736 Async responde:350
 
Thu Feb 23 13:23:28 BOT 2012: Ajax-> Mostrar Ranking > tono:102693 
Thu Feb 23 13:23:28 BOT 2012: ASYNC -> STATS> Tiempo respuesta 0.012773 seg.
Thu Feb 23 13:24:58 BOT 2012: Busqueda Inteligente: resultados >105385
Thu Feb 23 13:27:10 BOT 2012: Ajax->Mostrar Reproducciones:  
Thu Feb 23 13:28:11 BOT 2012: Ajax-> Mostrar Megusta> tono:104967 
Thu Feb 23 13:28:11 BOT 2012: ASYNC -> STATS> Tiempo respuesta 0.003599 seg.
Thu Feb 23 13:28:11 BOT 2012: Ajax->Mostrar Reproducciones:  
Thu Feb 23 13:28:14 BOT 2012: ASYNC -> STATS> Tiempo respuesta 0.001599 seg.
Thu Feb 23 13:28:17 BOT 2012: ASYNC -> STATS> Tiempo respuesta -0.010438 seg.
Thu Feb 23 13:28:17 BOT 2012: ASYNC -> STATS> Tiempo respuesta -0.017699 seg.
Thu Feb 23 13:28:20 BOT 2012: Ajax->Mostrar Imagen Portada:  
Thu Feb 23 13:28:20 BOT 2012: ASYNC -> STATS> Tiempo respuesta -0.048321 seg.
Thu Feb 23 13:28:20 BOT 2012: Ajax->Mostrar Imagen Portada:  
Thu Feb 23 13:28:20 BOT 2012: Asignar backtone escuchado > Asi termino:109605,109604,127855,127787,142527,104393,240,
Thu Feb 23 13:28:26 BOT 2012: ASYNC -> STATS> Tiempo respuesta -0.018596 seg.
Thu Feb 23 13:28:26 BOT 2012: Ajax->Mostrar Megusta:  
Thu Feb 23 13:28:29 BOT 2012: Consulta de precio de reason:2 - msisdn: tono:126173 Async responde:350
 
Thu Feb 23 13:29:44 BOT 2012: Consulta de precio de reason:3 - msisdn: tono:130358 Async responde:350
 
Thu Feb 23 13:32:23 BOT 2012: Ajax->Mostrar Comentarios:  
Thu Feb 23 13:32:29 BOT 2012: Session Start>  Chequeo de sesion
Thu Feb 23 13:33:17 BOT 2012: STATS > BUSQUEDA DE BACKTONE >Tiempo: 0.220271 seg. | registros: 114
Thu Feb 23 13:37:54 BOT 2012: Mostrar Album: >albumes/album-default.jpg
Thu Feb 23 13:40:00 BOT 2012: Mostrar Megusta > tono: 124419 msisdn:76057677 > cantidad de registros: 0
Thu Feb 23 13:43:31 BOT 2012: Ajax->Mostrar Reproducciones:  
Thu Feb 23 13:43:52 BOT 2012: Asignar backtone escuchado > Asi termino:140842,142286,140838,145217,143765,131808,143764,143750,140840,139721,139725,143748,139722,143742,137884,137886,143737,131805,137880,137879,
Thu Feb 23 13:44:58 BOT 2012: Ajax-> Mostrar Ranking > tono:240 
Thu Feb 23 13:46:52 BOT 2012: Ajax->Mostrar Ranking:  
Thu Feb 23 13:47:04 BOT 2012: Ajax->Mostrar Reproducciones:  
Thu Feb 23 13:47:52 BOT 2012: Ajax-> Mostrar Comentarios> tono:103438 
Thu Feb 23 13:51:29 BOT 2012: Consulta de precio de reason:3 - msisdn: tono:104119 Async responde:350
 
Thu Feb 23 13:52:50 BOT 2012: Ajax->Mostrar Comentarios:  
Thu Feb 23 13:53:50 BOT 2012: Ajax->Mostrar Megusta:  
Thu Feb 23 13:54:05 BOT 2012: Session Start>  session por defecto 
Thu Feb 23 13:54:17 BOT 2012: Asignar backtone escuchado > Asi termino:130814,135057,131001,130999,137822,104532,118724,
Thu Feb 23 13:55:50 BOT 2012: Ajax->Mostrar Reproducciones:  
Thu Feb 23 13:56:41 BOT 2012: Busqueda Inteligente: marcos witt
Thu Feb 23 13:58:06 BOT 2012: Ajax->Mostrar Megusta:  
Thu Feb 23 14:00:15 BOT 2012: Busqueda Inteligente: resultados >105377
Thu Feb 23 14:01:24 BOT 2012: Ajax->Mostrar Reproducciones:  
Thu Feb 23 14:02:18 BOT 2012: Ajax->Mostrar Nombre Artista:  
Thu Feb 23 14:03:27 BOT 2012: Ajax->Mostrar Ranking:  
Thu Feb 23 14:08:37 BOT 2012: ASYNC -> STATS> Tiempo respuesta 0.006495 seg.
Thu Feb 23 14:09:25 BOT 2012: Ajax-> Mostrar  Imagen Portada> Album:Artista:  <a href='index.php?seccion=playlist&autor=1245'>Pablo Fernandez</a>
Thu Feb 23 14:12:04 BOT 2012: Ajax-> Mostrar Comentarios> tono:118738 
Thu Feb 23 14:12:32 BOT 2012: Mostrar Genero: >G&eacute;nero:  <a href='index.php?seccion=playlist&genero=185'>David Guetta</a>
Thu Feb 23 14:14:50 BOT 2012: Mostrar Album: >albumes/album-default.jpg
Thu Feb 23 14:16:23 BOT 2012: ASYNC -> STATS> Tiempo respuesta 0.003188 seg.
Thu Feb 23 14:16:35 BOT 2012: Ajax->Mostrar Nombre Artista:  
Thu Feb 23 14:17:11 BOT 2012: ASYNC -> STATS> Tiempo respuesta -0.382148 seg.
Thu Feb 23 14:17:23 BOT 2012: Ajax-> Mostrar Ranking > tono:124958 
Thu Feb 23 14:18:20 BOT 2012: Ajax->Actualizar pin usuario
Thu Feb 23 14:19:59 BOT 2012: Ajax->Mostrar Nombre Artista:  
Thu Feb 23 14:20:08 BOT 2012: Ajax-> Mostrar Ranking > tono:134178 
Thu Feb 23 14:22:57 BOT 2012: Session Start>  session por defecto 
Thu Feb 23 14:23:12 BOT 2012: Ajax->Mostrar Imagen Portada:  
Thu Feb 23 14:23:45 BOT 2012: ASYNC -> STATS> Tiempo respuesta -0.560767 seg.
Thu Feb 23 14:23:48 BOT 2012: ASYNC -> STATS> Tiempo respuesta -0.413878 seg.
Thu Feb 23 14:23:48 BOT 2012: Asignar backtone escuchado > Asi termino:118730,139846,118728,118745,118727,118725,118724,139838,118732,131003,130999,139971,139969,139968,139967,139965,139964,131001,139963,118747,
Thu Feb 23 14:23:54 BOT 2012: ASYNC -> STATS> Tiempo respuesta 0.006885 seg.
Thu Feb 23 14:23:54 BOT 2012: Ajax-> Mostrar Ranking > tono:109255 
Thu Feb 23 14:23:54 BOT 2012: Ajax->Mostrar Megusta:  
Thu Feb 23 14:25:15 BOT 2012: Ajax->Mostrar Megusta:  
Thu Feb 23 14:27:03 BOT 2012: Ajax-> Mostrar  Imagen Portada> tono:102622 
Thu Feb 23 14:30:43 BOT 2012: ASYNC -> STATS> Tiempo respuesta 0.004099 seg.
Thu Feb 23 14:31:49 BOT 2012: Ajax-> Mostrar Megusta> tono:143744 
Thu Feb 23 14:31:49 BOT 2012: Ajax->Mostrar Nombre Artista:  
Thu Feb 23 14:33:22 BOT 2012: Ajax->Mostrar Nombre Artista:  
Thu Feb 23 14:34:07 BOT 2012: Ajax-> Mostrar  Nombre Genero > tono:144106 
Thu Feb 23 14:34:28 BOT 2012: Ajax->Mostrar Imagen Portada:  
Thu Feb 23 14:34:31 BOT 2012: ASYNC -> STATS> Tiempo respuesta 0.771764 seg.
Thu Feb 23 14:34:34 BOT 2012: ASYNC -> STATS> Tiempo respuesta 0.008675 seg.
Thu Feb 23 14:34:40 BOT 2012: ASYNC -> STATS> Tiempo respuesta 0.48269 seg.
Thu Feb 23 14:35:10 BOT 2012: Ajax-> Mostrar Ranking > tono:132054 
Thu Feb 23 14:35:56 BOT 2012: Ajax->Mostrar Comentarios:  
Thu Feb 23 14:36:38 BOT 2012: Asignar backtone escuchado > Asi termino:103469,103790,102630,102610,146242,
Thu Feb 23 14:36:47 BOT 2012: Ajax->Mostrar Ranking:  
Thu Feb 23 14:37:56 BOT 2012: Asignar backtone escuchado > Asi termino:104991,104381,103063,104024,103086,163,103991,103466,103469,103790,102630,104367,104402,135152,103939,109261,137822,106266,124243,105603,
Thu Feb 23 14:38:29 BOT 2012: Ajax-> Mostrar Megusta> tono:118728 
Thu Feb 23 14:38:32 BOT 2012: ASYNC -> STATS> Tiempo respuesta -0.09876 seg.
Thu Feb 23 14:38:32 BOT 2012: Ajax->Mostrar Ranking:  
Thu Feb 23 14:38:32 BOT 2012: Asignar backtone escuchado > Asi termino:103960,106304,104567,105273,105276,114733,118736,135107,135064,137086,103499,114,123010,104532,118747,118738,118734,118728,118727,118725,
Thu Feb 23 14:38:38 BOT 2012: Ajax-> Mostrar Ranking > tono:102630 
Thu Feb 23 14:38:38 BOT 2012: Ajax->Mostrar Nombre Artista:  
Thu Feb 23 14:39:35 BOT 2012: Ajax->Mostrar Ranking:  
Thu Feb 23 14:42:35 BOT 2012: Ajax->Mostrar Ranking:  
Thu Feb 23 14:42:35 BOT 2012: Ajax->Mostrar Nombre Genero:  
Thu Feb 23 14:42:38 BOT 2012: ASYNC -> STATS> Tiempo respuesta 0.008618 seg.
Thu Feb 23 14:42:48 BOT 2012: Ajax->Mostrar Reproducciones:  
Thu Feb 23 14:42:56 BOT 2012: Asignar backtone escuchado > Asi termino:102996,104630,609,104158,104151,114591,102995,102994,104156,102546,104305,130979,130371,128305,128304,144106,144104,144111,114603,
Thu Feb 23 14:43:30 BOT 2012: Ajax-> Mostrar Comentarios> tono:103235 
Thu Feb 23 14:43:30 BOT 2012: Ajax->Mostrar Nombre Artista:  
Thu Feb 23 14:44:00 BOT 2012: Mostrar Cantidad reproducciones: tono:335 cantidad: 0
Thu Feb 23 14:44:57 BOT 2012: Ajax->Mostrar Imagen Portada:  
Thu Feb 23 14:45:09 BOT 2012: Ajax->Mostrar Ranking:  
Thu Feb 23 14:45:15 BOT 2012: ASYNC -> STATS> Tiempo respuesta -0.63982 seg.
Thu Feb 23 14:45:15 BOT 2012: Ajax->Mostrar Ranking:  
Thu Feb 23 14:45:15 BOT 2012: Consulta de precio de reason:10 - msisdn: tono:105590 Async responde:350
 
Thu Feb 23 14:45:42 BOT 2012: Asignar backtone escuchado > Asi termino:103072,104024,127769,126497,104603,104285,120946,124243,103081,113598,110108,104886,105535,132053,135172,134036,133450,135175,134034,132105,
Thu Feb 23 14:46:12 BOT 2012: Session Start>  session por defecto 
Thu Feb 23 14:47:00 BOT 2012: STATS > BUSQUEDA DE BACKTONE >Tiempo: 0.041875 seg. | registros: 43
Thu Feb 23 14:47:09 BOT 2012: Ajax-> Mostrar  Nombre Artista > tono:123542 
Thu Feb 23 14:47:12 BOT 2012: Ajax->Mostrar Nombre Artista:  
Thu Feb 23 14:47:24 BOT 2012: ASYNC -> STATS> Tiempo respuesta -0.002118 seg.
Thu Feb 23 14:47:45 BOT 2012: Mostrar Album: >Artista:  <a href='index.php?seccion=playlist&autor=88'>Bob Sinclar</a>
Thu Feb 23 14:50:09 BOT 2012: Ajax-> Mostrar Comentarios> tono:104251 
Thu Feb 23 14:51:52 BOT 2012: Ajax-> Mostrar  Nombre Genero > tono:104171 
Thu Feb 23 14:52:31 BOT 2012: ASYNC -> STATS> Tiempo respuesta 0.008466 seg.
Thu Feb 23 14:53:25 BOT 2012: Ajax-> Mostrar  Imagen Portada> tono:102622 
Thu Feb 23 14:53:56 BOT 2012: Ajax->Mostrar Ranking:  
Thu Feb 23 14:54:56 BOT 2012: Ajax-> Mostrar  Imagen Portada> tono:118730 
Thu Feb 23 14:55:23 BOT 2012: ASYNC -> STATS> Tiempo respuesta 0.185055 seg.
Thu Feb 23 14:55:23 BOT 2012: ASYNC -> STATS> Tiempo respuesta 0.080285 seg.
Thu Feb 23 14:55:29 BOT 2012: Ajax->Mostrar Megusta:  
Thu Feb 23 14:55:44 BOT 2012: Ajax-> Mostrar Comentarios> tono:103545 
Thu Feb 23 14:55:56 BOT 2012: Ajax-> Mostrar Megusta> tono:118752 
Thu Feb 23 14:55:56 BOT 2012: ASYNC -> STATS> Tiempo respuesta 0.010444 seg.
Thu Feb 23 14:55:59 BOT 2012: ASYNC -> STATS> Tiempo respuesta -0.052254 seg.
Thu Feb 23 14:55:59 BOT 2012: Consulta de precio de reason:3 - msisdn: tono:145156 Async responde:350
 
Thu Feb 23 14:55:59 BOT 2012: Ajax->Mostrar Megusta:  
Thu Feb 23 14:56:53 BOT 2012: Ajax-> Mostrar Comentarios> tono:116500 
Thu Feb 23 14:57:17 BOT 2012: Ajax-> Mostrar  Nombre Artista > tono:136229 
Thu Feb 23 14:59:02 BOT 2012: Ajax-> Mostrar Ranking > tono:118738 
Thu Feb 23 14:59:33 BOT 2012: ASYNC -> STATS> Tiempo respuesta 0.00458 seg.
Thu Feb 23 14:59:36 BOT 2012: ASYNC -> STATS> Tiempo respuesta -0.231145 seg.
Thu Feb 23 14:59:39 BOT 2012: ASYNC -> STATS> Tiempo respuesta -0.00669 seg.
Thu Feb 23 14:59:42 BOT 2012: ASYNC -> STATS> Tiempo respuesta 0.002041 seg.
Thu Feb 23 14:59:51 BOT 2012: Ajax->Mostrar Nombre Artista:  
Thu Feb 23 14:59:51 BOT 2012: Ajax->Mostrar Reproducciones:  
Thu Feb 23 15:03:17 BOT 2012: Ajax-> Mostrar Comentarios> tono:103995 
Thu Feb 23 15:03:33 BOT 2012: Asignar backtone escuchado > Asi termino:132095,105850,105849,105848,132458,132460,139,105842,122,127376,105237,102610,105841,131767,105852,131764,131829,140783,133698,
Thu Feb 23 15:07:10 BOT 2012: Mostrar Megusta > tono: 139303 msisdn:76166667 > cantidad de registros: 0
Thu Feb 23 15:07:34 BOT 2012: Mostrar Album: >Artista:  <a href='index.php?seccion=playlist&autor=50'>Alejandro Fernandez</a>
Thu Feb 23 15:07:43 BOT 2012: Asignar backtone escuchado > Asi termino:103744,103563,104053,104052,135149,103827,104051,104050,103552,105540,104991,126100,126028,104992,104579,130814,
Thu Feb 23 15:07:46 BOT 2012: Ajax->Mostrar Comentarios:  
Thu Feb 23 15:08:43 BOT 2012: WEB_REPRODUCIR_BUSQUEDA > Se recibieron:81 tonos
Thu Feb 23 15:08:43 BOT 2012: Ajax->Mostrar Megusta:  
Thu Feb 23 15:09:01 BOT 2012: Ajax->Mostrar Nombre Artista:  
Thu Feb 23 15:10:04 BOT 2012: ASYNC -> STATS> Tiempo respuesta 0.01633 seg.
Thu Feb 23 15:10:04 BOT 2012: Consulta de precio de reason:2 - msisdn:75620043 tono:126489 Async responde:350
 
Thu Feb 23 15:10:07 BOT 2012: ASYNC -> STATS> Tiempo respuesta 0.001007 seg.
Thu Feb 23 15:10:10 BOT 2012: Error al consultar precio de renovacion - msisdn: tono:103642 - Async responde -3
Thu Feb 23 15:10:10 BOT 2012: ASYNC -> STATS> Tiempo respuesta -0.0014339999999999 seg.
Thu Feb 23 15:12:55 BOT 2012: Ajax->Mostrar Ranking:  
Thu Feb 23 15:18:47 BOT 2012: Asignar backtone escuchado > Asi termino:139964,131001,139963,118747,139961,118754,118749,118736,139960,118738,118741,118748,139844,139956,118734,139958,118752,118744,118730,139846,
Thu Feb 23 15:18:50 BOT 2012: Ajax->Mostrar Ranking:  
Thu Feb 23 15:19:41 BOT 2012: Ajax-> Mostrar  Nombre Genero > tono:139967 
Thu Feb 23 15:23:18 BOT 2012: Ajax-> Mostrar  Imagen Portada> Album:albumes/album-default.jpg
Thu Feb 23 15:25:00 BOT 2012: ASYNC -> STATS> Tiempo respuesta 0.08786 seg.
Thu Feb 23 15:25:03 BOT 2012: ASYNC -> STATS> Tiempo respuesta 0.023776 seg.
Thu Feb 23 15:25:06 BOT 2012: Consulta de precio de reason:2 - msisdn: tono:102622 Async responde:350
 
Thu Feb 23 15:25:15 BOT 2012: Ajax->Mostrar Nombre Artista:  
Thu Feb 23 15:26:51 BOT 2012: STATS > BUSQUEDA DE BACKTONE >Tiempo: 0.038164 seg. | registros: 32
Thu Feb 23 15:27:27 BOT 2012: Ajax->Mostrar Ranking:  
Thu Feb 23 15:28:22 BOT 2012: ASYNC -> STATS> Tiempo respuesta -0.295723 seg.
Thu Feb 23 15:28:43 BOT 2012: WEB_REPRODUCIR_BUSQUEDA > Se recibieron:114 tonos
Thu Feb 23 15:29:13 BOT 2012: Ajax-> Mostrar Ranking > tono:109317 
Thu Feb 23 15:30:34 BOT 2012: Ajax->Mostrar Imagen Portada:  
Thu Feb 23 15:31:28 BOT 2012: WEB_REPRODUCIR_BUSQUEDA > Se recibieron:114 tonos
Thu Feb 23 15:32:40 BOT 2012: Ajax->Mostrar Nombre Artista:  
Thu Feb 23 15:33:22 BOT 2012: Check Session > msisdn: 76190095 > Usuario Valido 
Thu Feb 23 15:34:01 BOT 2012: Consulta de precio de reason:2 - msisdn: tono:103509 Async responde:350
 
Thu Feb 23 15:34:01 BOT 2012: Ajax->Mostrar Ranking:  
Thu Feb 23 15:34:13 BOT 2012: Ajax->Mostrar Reproducciones:  
Thu Feb 23 15:34:22 BOT 2012: ASYNC -> STATS> Tiempo respuesta 0.015413 seg.
Thu Feb 23 15:37:44 BOT 2012: Ajax->Mostrar Imagen Portada:  
Thu Feb 23 15:38:11 BOT 2012: Mostrar Comentarios : tono:142527 
Thu Feb 23 15:38:23 BOT 2012: Consulta de precio de reason:2 - msisdn: tono:104535 Async responde:350
 
Thu Feb 23 15:38:23 BOT 2012: Ajax->Mostrar Comentarios:  
Thu Feb 23 15:38:32 BOT 2012: WEB REPROD BUSQ > Facebook link: http%3A%2F%2Fbacktones.tigo.com.bo%2Fv3%2Findex.php%3Fseccion%3Dplaylist%26search%3Dllegamos+ala+disco%26f%3D1%26t%3D123213
Thu Feb 23 15:38:50 BOT 2012: ASYNC -> STATS> Tiempo respuesta 0.346537 seg.
Thu Feb 23 15:39:08 BOT 2012: Ajax-> Mostrar  Imagen Portada> tono:109323 
Thu Feb 23 15:40:26 BOT 2012: Asignar backtone escuchado > Asi termino:105253,104355,104354,104252,104253,104348,102610,104300,105096,102661,102630,538,133736,137259,137261,137253,103730,141082,144640,145184,
Thu Feb 23 15:41:26 BOT 2012: Ajax->Mostrar Comentarios:  
Thu Feb 23 15:43:21 BOT 2012: STATS > BUSQUEDA DE BACKTONE >Tiempo: -0.291863 seg. | registros: 2
Thu Feb 23 15:44:15 BOT 2012: Ajax-> Mostrar Megusta> tono:103508 
Thu Feb 23 15:45:24 BOT 2012: STATS > BUSQUEDA DE BACKTONE >Tiempo: 0.082215 seg. | registros: 1
Thu Feb 23 15:45:57 BOT 2012: Ajax-> Mostrar Megusta> tono:105263 
Thu Feb 23 15:46:00 BOT 2012: Ajax->Mostrar Nombre Genero:  
Thu Feb 23 15:50:09 BOT 2012: Ajax->Mostrar Imagen Portada:  
Thu Feb 23 15:52:25 BOT 2012: ASYNC -> STATS> Tiempo respuesta 0.001579 seg.
Thu Feb 23 15:53:31 BOT 2012: Ajax-> Mostrar Ranking > tono:131812 
Thu Feb 23 15:54:19 BOT 2012: ASYNC -> STATS> Tiempo respuesta 0.668576 seg.
Thu Feb 23 15:59:53 BOT 2012: Ajax->Mostrar Nombre Genero:  
Thu Feb 23 16:00:47 BOT 2012: Asignar backtone escuchado > Asi termino:102622,131616,126144,133878,140825,140823,137882,106380,131812,142230,140821,104510,104508,125102,112462,112464,104287,127767,125049,
Thu Feb 23 16:01:05 BOT 2012: Mostrar Album: >Artista:  <a href='index.php?seccion=playlist&autor=421'>Alex Campos</a>
Thu Feb 23 16:02:17 BOT 2012: WEB_REPRODUCIR_BUSQUEDA > Se recibieron:24 tonos
Thu Feb 23 16:02:35 BOT 2012: Consulta de precio de reason:2 - msisdn: tono:127787 Async responde:350
 
Thu Feb 23 16:07:03 BOT 2012: Session Start>  session por defecto 
Thu Feb 23 16:11:13 BOT 2012: Consulta de precio de reason:3 - msisdn: tono:103742 Async responde:350
 
Thu Feb 23 16:14:37 BOT 2012: Ajax->Mostrar Ranking:  
Thu Feb 23 16:14:43 BOT 2012: ASYNC -> STATS> Tiempo respuesta 0.712735 seg.
Thu Feb 23 16:14:46 BOT 2012: ASYNC -> STATS> Tiempo respuesta -0.00032199999999993 seg.
Thu Feb 23 16:14:49 BOT 2012: ASYNC -> STATS> Tiempo respuesta 7.7000000000105E-05 seg.
Thu Feb 23 16:14:49 BOT 2012: Ajax->Mostrar Ranking:  
Thu Feb 23 16:14:58 BOT 2012: Consulta de precio de reason:10 - msisdn:75217511 tono:103740 Async responde:350
 
Thu Feb 23 16:14:58 BOT 2012: ASYNC -> STATS> Tiempo respuesta -0.017331 seg.
Thu Feb 23 16:16:43 BOT 2012: Ajax->Mostrar Megusta:  
Thu Feb 23 16:20:08 BOT 2012: Ajax->Mostrar Imagen Portada:  
Thu Feb 23 16:20:35 BOT 2012: Ajax->Mostrar Imagen Portada:  
Thu Feb 23 16:24:57 BOT 2012: Ajax-> Mostrar Megusta> tono:139844 
Thu Feb 23 16:25:03 BOT 2012: ASYNC -> STATS> Tiempo respuesta -0.10318 seg.
Thu Feb 23 16:31:18 BOT 2012: Ajax-> Mostrar Megusta> tono:127787 
Thu Feb 23 16:33:13 BOT 2012: Ajax->Mostrar Nombre Artista:  
Thu Feb 23 16:35:07 BOT 2012: Ajax-> Mostrar  Imagen Portada> Album:Artista:  <a href='index.php?seccion=playlist&autor=297'>Mbarete</a>
Thu Feb 23 16:36:43 BOT 2012: Ajax->Mostrar Nombre Artista:  
Thu Feb 23 16:38:07 BOT 2012: Ajax->Mostrar Reproducciones:  
Thu Feb 23 16:41:50 BOT 2012: ASYNC -> STATS> Tiempo respuesta -0.130386 seg.
Thu Feb 23 16:42:44 BOT 2012: Ajax->Mostrar Imagen Portada:  
Thu Feb 23 16:46:29 BOT 2012: Busqueda Inteligente: resultados >123538
Thu Feb 23 16:46:48 BOT 2012: Ajax-> Mostrar  Imagen Portada> tono:130832 
Thu Feb 23 16:47:42 BOT 2012: Ajax->Actualizar pin usuario
Thu Feb 23 16:51:45 BOT 2012: Ajax-> Comprar Backtone: msisdn:77281303 
Thu Feb 23 16:51:57 BOT 2012: ASYNC -> STATS> Tiempo respuesta 0.0091690000000001 seg.
Thu Feb 23 16:53:00 BOT 2012: Ajax-> Mostrar  Nombre Genero > tono:102669 
Thu Feb 23 16:53:39 BOT 2012: Ajax-> Mostrar Comentarios> tono:133736 
Thu Feb 23 16:54:43 BOT 2012: Ajax->Mostrar Ranking:  
Thu Feb 23 16:55:22 BOT 2012: Busqueda Inteligente: Resultado 
 130364;Goodbye;RKM & Ken y;Latinas
129927;Mas  ;RKM & Ken y;Reggaeton
133453;Mi Corazon Esta Muerto;RKM & Ken y;Reggaeton
133452;Mi Corazon Esta Muerto;RKM & Ken y;Reggaeton
105248;Mis dias sin ti remix;RKM & Ken y;Latinas
133454;Prefiero Morir;RKM & Ken y;Latinas
133859;Prefiero Morir Remix;RKM & Ken y;Reggaeton
133865;Te Doy Una Rosa;RKM & Ken y;Reggaeton
135674;Yo Se Feat Arthur Hanlon;RKM & Ken y;Latinas
128220;Lloras Feat RKM and Ken Y;Plan B;Reggaeton
120233;Me estas tentando W&Y;Wisin y Yandel;Reggaeton
145825;Carnavalenado remix;Berthy Takana;Carnaval
130360;Hoy lo siento Opratel;Zion y Lennox Opratel;Mi Promo ConTigo
145742;Fuerza Carnavaleros_ Senor del carnaval;Berthy Takana;Carnaval cruceño
145845;Senor del carnaval v2_Creidazos;Berthy Takana;Carnaval
145847;Senor del carnaval v3_Creidazos;Berthy Takana;Carnaval
103682;Listen from the motion picture Dreamgirls;Beyonce;Pop
121499;Pablo Fernandez centro de asistencia gay;opratel;Promoción Te Matamos de Risa
102823;veni raquel;Autenticos decadentes;Latinas
104092;Hoy te vengo a bendecir;Jesus A Romero;Cristianas
104328;Si Ya No Estas;RKM;Latinas
104330;Tuve Un Sueno;RKM;Latinas
130986;Mi Amor Es Pobre Feat Ken Y and Arcangel;Tony Dize;Latinas
120971;The twelve days of Christmas;Kenny Garcia;Navidad
104165; Soy Tarateno;Banda Poopo;Carnaval
124025;A year without rain;Selena Gomez;Pop
107775;Isa Que tengas una llamada Increible-MTV ISA TKM;MTV;MTV
107785;Linda te Ensena a Bailar-MTV ISA TKM;MTV;MTV
145676;Mujer Crucena;Rafa so y KMC;Reggaeton
102727;Enamorame;Jesus A Romero;Cristianas
104263;Levanten las manos;La Rama;Latinas
144306;No hay consejo que valga coro;Kati Karamelo;Promo 50 ctv
144311;No hay consejo que valga coro 1;Kati Karamelo;Promo 50 ctv
387;Nos Enamoramos;Agrupacion marilyn;Cumbia
123044;Tequi te quiero;Kati Karamelo;Salsa y Merengue
104268;Ven devorame otra vez;Covertone;Latinas
128462;Y voy a ser feliz;Kati Karamelo;Salsa y Merengue
104195; Mi Fiel Promesa;Banda Juventud Centralistas de La Paz;Carnaval
109614;belen;Homero;Mi Promo ConTigo
104481;bolivia 6 argentina1;Gooool de Bolivia;Super Promo
137820;Buenas tardes jonichi;Hans y Chivo;Promoción Te Matamos de Risa
102870;calentando me voy;David Bisal;Latinas
145908;Con Mi Alma En Silencio;Kara N Daya;Pop
131816;Dices Who Says Spanish Vrs;Selena Gomez;Pop
112466;esclavo de tu piel;Dyland Lenny;Reggaeton
124047;Ghost of you;Selena Gomez;Pop
133723;Helen Wheels;Paul McCartney;Pop
105045;Himno Cruceno vRock1;Glen Vargas;BICENTENARIO
105046;Himno Cruceno vRock2;Glen Vargas;BICENTENARIO
138643;Hoy Lo Siento Feat Tony  Dize;Zion and Lennox;Latinas
103769;Hoy Todo Es Mejor;ElencoHighSchoolMusical;Infantiles
112469;Intro My World ;Dyland Lenny;Reggaeton
135717;La Cita Ft Jowell y Randy;Zion and Lennox;Reggaeton
117853;Lenceria Hot;Play Boy;Play Boy
103116;Lento;Julieta Venegas;Pop
112470;Loco Bridge;Dyland Lenny;Reggaeton
103867;Los reyes magos;Coro Belen;Navidad
131824;Love You Like A Love Song;Selena Gomez;Pop
129922;Love You Now;Zion and Lennox;Latinas
109659;magdalena;Homero;Mi Promo ConTigo
131751;My Dilemma;Selena Gomez;Pop
112468;nadie te amaria como yo;Dyland Lenny;Reggaeton
109246;no voy a morir;Pipe Bueno;Vallenatos
112707;Quiere pa que te quieran;Dyland Lenny;Reggaeton
112706;Sexo en la disco ;Dyland Lenny;Reggaeton
109249;si yo fuera ladron;Pipe Bueno;Vallenatos
124065;Sick of you;Selena Gomez;Pop
135671;Silent Night Holy Night;Frank Sinatra;Navidad
129925;Soltera Feat J Balvi and Alberto Style;Zion and Lennox;Reggaeton
104249;Agente 86 el sol y la luna;Version Opratel;Sonidos
104247;Agente 86 Jefe y Jaime;Version Opratel;Sonidos
104920;Agente 86 y el chino;Version Opratel;Sonidos
104921;Agente 86 y el dueno de casa;Version Opratel;Sonidos
105048;Agente 86 y el hombre invisible;Version Opratel;Sonidos
105049;Agente 86 y el jefe;Version Opratel;Sonidos
105050;Agente 86 y el Tarta;Version Opratel;Sonidos
104922;Agente 86 y el timbre;Version Opratel;Sonidos
105051;Agente 86 y la ambulancia;Version Opratel;Sonidos
104923;Agente 86 y la contestadora;Version Opratel;Sonidos
104924;Agente 86 y la pata;Version Opratel;Sonidos
104925;Agente 86 y la suegra;Version Opratel;Sonidos
104926;Agente 86 y los enanos;Version Opratel;Sonidos
105052;Agente 86 y Sigfrid;Version Opratel;Sonidos
104789;Amor Aventurero;Marc Anthony;Marc Anthony
105362;Su nom 
Thu Feb 23 17:03:53 BOT 2012: ASYNC -> STATS> Tiempo respuesta 0.010186 seg.
Thu Feb 23 17:08:20 BOT 2012: Ajax->Mostrar Ranking:  
Thu Feb 23 17:08:38 BOT 2012: Ajax-> Mostrar Megusta> tono:144562 
Thu Feb 23 17:11:57 BOT 2012: Ajax->Mostrar Nombre Artista:  
Thu Feb 23 17:13:42 BOT 2012: Ajax->Mostrar Ranking:  
Thu Feb 23 17:15:03 BOT 2012: ELIMINAR_BACKTONES > msisdn:78786784 tono :103612 -> quitando tonos del grupo a 1 grupos
Thu Feb 23 17:15:18 BOT 2012: Busqueda Inteligente: 
Thu Feb 23 17:16:21 BOT 2012: ASYNC -> STATS> Tiempo respuesta 0.003809 seg.
Thu Feb 23 17:17:22 BOT 2012: ASYNC -> STATS> Tiempo respuesta 0.008652 seg.
Thu Feb 23 17:19:55 BOT 2012: Ajax-> Mostrar  Nombre Artista > tono:103192 
Thu Feb 23 17:20:22 BOT 2012: ASYNC -> STATS> Tiempo respuesta 0.00477 seg.
Thu Feb 23 17:21:04 BOT 2012: Ajax->Mostrar Nombre Artista:  
Thu Feb 23 17:21:40 BOT 2012: STATS > BUSQUEDA DE BACKTONE >Tiempo: -0.103133 seg. | registros: 25
Thu Feb 23 17:24:56 BOT 2012: Busqueda Inteligente: resultados >110099
Thu Feb 23 17:25:35 BOT 2012: Session Start>  session por defecto 
Thu Feb 23 17:26:29 BOT 2012: Ajax->Mostrar Imagen Portada:  
Thu Feb 23 17:28:29 BOT 2012: ASYNC -> STATS> Tiempo respuesta 0.004655 seg.
Thu Feb 23 17:28:47 BOT 2012: ASYNC -> STATS> Tiempo respuesta 0.551567 seg.
Thu Feb 23 17:28:50 BOT 2012: Ajax-> Mostrar Ranking > tono:123513 
Thu Feb 23 17:28:53 BOT 2012: Ajax-> Mostrar Ranking > tono:256 
Thu Feb 23 17:29:14 BOT 2012: Ajax->Mostrar Comentarios:  
Thu Feb 23 17:29:17 BOT 2012: ASYNC -> STATS> Tiempo respuesta 0.006673 seg.
Thu Feb 23 17:29:20 BOT 2012: ASYNC -> STATS> Tiempo respuesta -0.170424 seg.
Thu Feb 23 17:29:20 BOT 2012: Ajax->Mostrar Ranking:  
Thu Feb 23 17:30:23 BOT 2012: Ajax->Mostrar Imagen Portada:  
Thu Feb 23 17:31:23 BOT 2012: Asignar backtone escuchado > Asi termino:126681,110215,104294,103270,560,102565,103149,125067,102878,102805,105752,105750,103054,132053,103225,102781,145857,103232,102742,107751,
Thu Feb 23 17:31:38 BOT 2012: ASYNC -> STATS> Tiempo respuesta 0.042494 seg.
Thu Feb 23 17:32:24 BOT 2012: Ajax-> Mostrar  Imagen Portada> tono:113605 
Thu Feb 23 17:34:54 BOT 2012: Ajax-> Mostrar  Genero > G&eacute;nero:  <a href='index.php?seccion=playlist&genero=102'>Chistes</a>
Thu Feb 23 17:35:36 BOT 2012: Mostrar Megusta> tono: 120231 msisdn: > 001
Thu Feb 23 17:35:42 BOT 2012: Ajax-> Mostrar  Nombre Genero > tono:104553 
Thu Feb 23 17:37:45 BOT 2012: Ajax-> Mostrar Ranking > tono:144150 
Thu Feb 23 17:37:57 BOT 2012: Ajax->Mostrar Comentarios:  
Thu Feb 23 17:37:57 BOT 2012: Ajax->Mostrar Imagen Portada:  
Thu Feb 23 17:41:28 BOT 2012: Ajax->Mostrar Ranking:  
Thu Feb 23 17:42:28 BOT 2012: Busqueda Inteligente: resultados >104922
Thu Feb 23 17:42:58 BOT 2012: Ajax-> Mostrar Megusta> tono:127757 
Thu Feb 23 17:44:46 BOT 2012: Ajax-> Mostrar  Imagen Portada> tono:131830 
Thu Feb 23 17:47:56 BOT 2012: Ajax->Mostrar Imagen Portada:  
Thu Feb 23 17:51:44 BOT 2012: Ajax-> Mostrar Megusta> tono:127463 
Thu Feb 23 17:53:08 BOT 2012: Ajax-> Mostrar Megusta> tono:104129 
Thu Feb 23 17:53:23 BOT 2012: ASYNC -> STATS> Tiempo respuesta 0.915584 seg.
Thu Feb 23 17:53:23 BOT 2012: ASYNC -> STATS> Tiempo respuesta 0.684199 seg.
Thu Feb 23 17:54:00 BOT 2012: Ajax->Mostrar Nombre Artista:  
Thu Feb 23 17:55:30 BOT 2012: Ajax->Mostrar Imagen Portada:  
Thu Feb 23 17:55:36 BOT 2012: Ajax->Mostrar Reproducciones:  
Thu Feb 23 17:56:00 BOT 2012: Ajax->Mostrar Reproducciones:  
Thu Feb 23 17:56:39 BOT 2012: Ajax->Mostrar Comentarios:  
Thu Feb 23 17:59:27 BOT 2012: Ajax->Mostrar Ranking:  
Thu Feb 23 17:59:48 BOT 2012: Ajax->Mostrar Ranking:  
Thu Feb 23 18:02:07 BOT 2012: Session Start>  session por defecto 
Thu Feb 23 18:02:28 BOT 2012: Ajax->Mostrar Reproducciones:  
Thu Feb 23 18:02:28 BOT 2012: Asignar backtone escuchado > Asi termino:102688,114604,142933,142929,142930,142932,142927,142926,142924,142921,142923,142919,142918,142914,142912,142910,144149,144153,145420,
Thu Feb 23 18:02:37 BOT 2012: Ajax-> Mostrar Megusta> tono:105644 
Thu Feb 23 18:02:49 BOT 2012: ASYNC -> STATS> Tiempo respuesta -0.01154 seg.
Thu Feb 23 18:02:49 BOT 2012: ASYNC -> STATS> Tiempo respuesta -0.418727 seg.
Thu Feb 23 18:03:52 BOT 2012: Ajax-> Mostrar Comentarios> tono:124383 
Thu Feb 23 18:07:19 BOT 2012: Ajax-> Mostrar  Imagen Portada> Album:albumes/Chino_y_Nacho-El_Poeta_(CD_Single)-Frontal[1].jpg
Thu Feb 23 18:09:10 BOT 2012: Ajax->Mostrar Nombre Artista:  
Thu Feb 23 18:09:10 BOT 2012: Mostrar Ranking: tono:104279 calificacion: 5
Thu Feb 23 18:09:13 BOT 2012: Ajax-> Mostrar  Nombre Genero > tono:103818 
Thu Feb 23 18:11:05 BOT 2012: Error al consultar precio de renovacion - msisdn: tono:143076 - Async responde -3
Thu Feb 23 18:11:14 BOT 2012: Ajax-> Mostrar  Nombre Genero > tono:103597 
Thu Feb 23 18:11:50 BOT 2012: Ajax-> Mostrar  Imagen Portada> tono:104612 
Thu Feb 23 18:12:44 BOT 2012: ASYNC -> STATS> Tiempo respuesta 0.005164 seg.
Thu Feb 23 18:12:53 BOT 2012: Ajax-> Mostrar Ranking > tono:104088 
Thu Feb 23 18:13:08 BOT 2012: Ajax-> Mostrar Ranking > tono:104553 
Thu Feb 23 18:13:26 BOT 2012: Ajax->Mostrar Megusta:  
Thu Feb 23 18:13:26 BOT 2012: Ajax->Mostrar Nombre Genero:  
Thu Feb 23 18:13:32 BOT 2012: Ajax->Mostrar Imagen Portada:  
Thu Feb 23 18:13:47 BOT 2012: Ajax->Mostrar Nombre Genero:  
Thu Feb 23 18:14:29 BOT 2012: WEB_REPRODUCIR_BUSQUEDA > Se recibieron:3 tonos
Thu Feb 23 18:16:35 BOT 2012: Ajax->Mostrar Nombre Genero:  
Thu Feb 23 19:10:47 BOT 2012: Consulta de precio de reason:2 - msisdn: tono:120258 Async responde:350
 
Thu Feb 23 19:10:47 BOT 2012: ASYNC -> STATS> Tiempo respuesta 0.171566 seg.
Thu Feb 23 19:11:05 BOT 2012: ASYNC -> STATS> Tiempo respuesta 0.015623 seg.
Thu Feb 23 19:11:14 BOT 2012: Ajax-> Mostrar Ranking > tono:127374 
Thu Feb 23 19:11:17 BOT 2012: Ajax->Mostrar Megusta:  
Thu Feb 23 19:11:20 BOT 2012: ASYNC -> STATS> Tiempo respuesta 0.00329 seg.
Thu Feb 23 19:13:12 BOT 2012: Asignar backtone escuchado > Asi termino:146557,146242,102610,142927,112706,105534,142929,
Thu Feb 23 19:14:51 BOT 2012: Ajax-> Mostrar  Imagen Portada> tono:146557 
Thu Feb 23 19:15:39 BOT 2012: ASYNC -> STATS> Tiempo respuesta -0.188747 seg.
Thu Feb 23 19:15:42 BOT 2012: Asignar backtone escuchado > Asi termino:146242,146557,102610,142927,112706,105534,142929,
Thu Feb 23 19:18:54 BOT 2012: Asignar backtone escuchado > Asi termino:145304,140843,143753,141922,141116,143752,145137,140842,142286,140838,145217,143765,131808,143764,143750,140840,139721,139725,143748,139722,
Thu Feb 23 19:19:19 BOT 2012: Ajax-> Mostrar  Nombre Artista > tono:141917 
Thu Feb 23 19:20:37 BOT 2012: Session Start>  session por defecto 
Thu Feb 23 19:31:26 BOT 2012: Busqueda Inteligente: resultados >108561
Thu Feb 23 19:36:12 BOT 2012: Ajax->Mostrar Nombre Genero:  
Thu Feb 23 19:39:24 BOT 2012: Ajax->Mostrar Megusta:  
Thu Feb 23 19:41:06 BOT 2012: Asignar backtone escuchado > Asi termino:126994,104991,103903,103854,103848,103750,103748,104928,105529,104142,105049,104931,103829,104450,104929,104566,103469,102630,127894,
Thu Feb 23 19:44:19 BOT 2012: Ajax->Mostrar Comentarios:  
Thu Feb 23 19:47:10 BOT 2012: ASYNC -> STATS> Tiempo respuesta 0.01251 seg.
Thu Feb 23 19:54:29 BOT 2012: Ajax-> Mostrar Ranking > tono:104653 
Thu Feb 23 20:00:24 BOT 2012: Asignar backtone escuchado > Asi termino:103051,104905,104493,105999,102695,110187,144644,135692,102518,104273,276,509,
Thu Feb 23 20:00:45 BOT 2012: Session Start>  session por defecto 
Thu Feb 23 20:10:13 BOT 2012: ASYNC -> STATS> Tiempo respuesta 0.00181 seg.
Thu Feb 23 20:10:13 BOT 2012: ASYNC -> STATS> Tiempo respuesta 0.121063 seg.
Thu Feb 23 20:10:40 BOT 2012: Asignar backtone escuchado > Asi termino:104171,
Thu Feb 23 20:10:52 BOT 2012: Ajax->Mostrar Reproducciones:  
Thu Feb 23 20:13:35 BOT 2012: Ajax->Mostrar Imagen Portada:  
Thu Feb 23 20:13:38 BOT 2012: Mostrar Album: >Artista:  <a href='index.php?seccion=playlist&autor=444'>Richard Murray</a>
Thu Feb 23 20:14:17 BOT 2012: ASYNC -> STATS> Tiempo respuesta 0.002865 seg.
Thu Feb 23 20:14:29 BOT 2012: Ajax->Mostrar Nombre Artista:  
Thu Feb 23 20:16:17 BOT 2012: Ajax->Mostrar Megusta:  
Thu Feb 23 20:16:59 BOT 2012: WEB_REPRODUCIR_BUSQUEDA > Se recibieron:3 tonos
Thu Feb 23 20:17:35 BOT 2012: Ajax-> Mostrar  Nombre Artista > tono:130806 
Thu Feb 23 20:17:56 BOT 2012: Ajax-> Mostrar Ranking > tono:133824 
Thu Feb 23 20:18:17 BOT 2012: Busqueda Inteligente: resultados >115946
Thu Feb 23 20:20:36 BOT 2012: Consulta de precio de reason:2 - msisdn: tono:129675 Async responde:350
 
Thu Feb 23 20:20:36 BOT 2012: Ajax->Mostrar Ranking:  
Thu Feb 23 20:23:57 BOT 2012: Ajax->Mostrar Nombre Artista:  
Thu Feb 23 20:24:36 BOT 2012: Ajax->Mostrar Imagen Portada:  
Thu Feb 23 20:26:06 BOT 2012: STATS > BUSQUEDA DE BACKTONE >Tiempo: -0.029337 seg. | registros: 32
Thu Feb 23 20:27:43 BOT 2012: Ajax-> Mostrar Megusta> tono:131044 
Thu Feb 23 20:29:37 BOT 2012: Ajax-> Mostrar Ranking > tono:103210 
Thu Feb 23 20:30:49 BOT 2012: Ajax-> Mostrar Ranking > tono:107741 
Thu Feb 23 20:32:22 BOT 2012: Ajax->Mostrar Imagen Portada:  
Thu Feb 23 20:34:46 BOT 2012: ASYNC -> STATS> Tiempo respuesta 0.011009 seg.
Thu Feb 23 20:34:49 BOT 2012: Ajax-> Mostrar  Imagen Portada> tono:145741 
Thu Feb 23 20:34:49 BOT 2012: Ajax->Mostrar Megusta:  
Thu Feb 23 20:36:08 BOT 2012: ASYNC -> STATS> Tiempo respuesta 0.009344 seg.
Thu Feb 23 20:36:11 BOT 2012: Consulta de precio de reason:2 - msisdn: tono:135275 Async responde:350
 
Thu Feb 23 20:36:11 BOT 2012: Ajax->Mostrar Ranking:  
Thu Feb 23 20:36:11 BOT 2012: Ajax->Mostrar Ranking:  
Thu Feb 23 20:40:53 BOT 2012: Mostrar Megusta > tono: 132080 msisdn:77997331 > cantidad de registros: 0
Thu Feb 23 20:41:38 BOT 2012: Ajax->Mostrar Ranking:  
Thu Feb 23 20:44:15 BOT 2012: Ajax->Mostrar Ranking:  
Thu Feb 23 20:45:42 BOT 2012: Busqueda Inteligente: Resultado 
 -1 
Thu Feb 23 20:49:24 BOT 2012: Ajax->Mostrar Ranking:  
Thu Feb 23 20:49:24 BOT 2012: Ajax-> Mostrar Ranking > tono:103430 
Thu Feb 23 20:53:37 BOT 2012: Asignar backtone escuchado > Asi termino:128304,128305,
Thu Feb 23 20:55:22 BOT 2012: Ajax->Mostrar Nombre Artista:  
Thu Feb 23 20:55:55 BOT 2012: Ajax->Mostrar Reproducciones:  
Thu Feb 23 20:56:16 BOT 2012: Busqueda Inteligente: resultados >109533
Thu Feb 23 20:56:22 BOT 2012: Ajax->Mostrar Reproducciones:  
Thu Feb 23 21:00:38 BOT 2012: Ajax-> Mostrar Ranking > tono:105996 
Thu Feb 23 21:05:35 BOT 2012: Ajax-> Mostrar Ranking > tono:104174 
Thu Feb 23 21:10:33 BOT 2012: Busqueda Inteligente: mana amor clandestino
Thu Feb 23 21:10:54 BOT 2012: Ajax-> Mostrar Ranking > tono:131642 
Thu Feb 23 21:11:27 BOT 2012: Ajax-> popup_listar_amigos: msisdn: 
Thu Feb 23 21:15:41 BOT 2012: Mostrar Megusta> tono: 118736 msisdn: > 001
Thu Feb 23 21:16:25 BOT 2012: Ajax-> Mostrar  Imagen Portada> tono:138309 
Thu Feb 23 21:20:13 BOT 2012: Ajax->Mostrar Reproducciones:  
Thu Feb 23 21:20:40 BOT 2012: Ajax->Mostrar Nombre Genero:  
Thu Feb 23 21:21:41 BOT 2012: Ajax->Mostrar Reproducciones:  
Thu Feb 23 21:22:11 BOT 2012: Ajax-> Mostrar  Nombre Artista > tono:103503 
Thu Feb 23 21:28:24 BOT 2012: WEB_REPRODUCIR_BUSQUEDA > Se recibieron:15 tonos
Thu Feb 23 21:29:33 BOT 2012: Ajax->Mostrar Comentarios:  
Thu Feb 23 21:31:27 BOT 2012: ASYNC -> STATS> Tiempo respuesta 0.007549 seg.
Thu Feb 23 21:33:18 BOT 2012: Ajax->Mostrar Nombre Genero:  
Thu Feb 23 21:35:30 BOT 2012: Ajax->Mostrar Comentarios:  
Thu Feb 23 21:36:34 BOT 2012: ASYNC -> STATS> Tiempo respuesta 0.003933 seg.
Thu Feb 23 21:36:37 BOT 2012: Ajax->Mostrar Ranking:  
Thu Feb 23 21:39:04 BOT 2012: Busqueda Inteligente: resultados >122540
Thu Feb 23 22:16:33 BOT 2012: DB_ELIMINAR_BACKTONES > Msisdn:75022542 tono :104606 -> quitando tonos asignados a 1 amigos
Thu Feb 23 22:16:45 BOT 2012: Asignar backtone escuchado > Asi termino:102622,105096,105276,103170,103887,103558,103328,104508,509,122287,
Thu Feb 23 22:17:15 BOT 2012: Ajax-> Mostrar Ranking > tono:140778 
Thu Feb 23 22:17:39 BOT 2012: Ajax->Mostrar Reproducciones:  
Thu Feb 23 22:18:06 BOT 2012: Mostrar Megusta > tono: 124065 msisdn:78055786 > cantidad de registros: 0
Thu Feb 23 22:19:55 BOT 2012: ASYNC -> STATS> Tiempo respuesta -0.500507 seg.
Thu Feb 23 22:24:55 BOT 2012: Ajax->Mostrar Imagen Portada:  
Thu Feb 23 22:25:31 BOT 2012: Ajax-> Mostrar  Nombre Genero > tono:11 
Thu Feb 23 22:30:56 BOT 2012: Check Session > msisdn: 76397180 > Usuario Valido 
Thu Feb 23 22:32:41 BOT 2012: Ajax->Mostrar Reproducciones:  
Thu Feb 23 22:35:15 BOT 2012: Mostrar Megusta> tono: 104317 msisdn:75421333 > a otros 1  les gusta 
Thu Feb 23 22:35:42 BOT 2012: Busqueda Inteligente: ser recibieron 96 resultados
Thu Feb 23 22:37:57 BOT 2012: Ajax->Mostrar Ranking:  
Thu Feb 23 22:38:00 BOT 2012: Ajax-> Mostrar  Nombre Artista > tono:127441 
Thu Feb 23 22:40:18 BOT 2012: Ajax->Mostrar Megusta:  
Thu Feb 23 22:40:21 BOT 2012: ASYNC -> STATS> Tiempo respuesta 0.0070779999999999 seg.
Thu Feb 23 22:40:30 BOT 2012: Ajax->Mostrar Nombre Genero:  
Thu Feb 23 22:41:40 BOT 2012: Mostrar Megusta > tono: 127759 msisdn:77763555 > cantidad de registros: 0
Thu Feb 23 22:42:31 BOT 2012: Mostrar Cantidad reproducciones: tono:131643 cantidad: 0
Thu Feb 23 22:43:34 BOT 2012: Busqueda Inteligente: 
Thu Feb 23 22:45:04 BOT 2012: Ajax->Mostrar Nombre Genero:  
Thu Feb 23 22:46:01 BOT 2012: STATS > BUSQUEDA DE BACKTONE >Tiempo: 0.223271 seg. | registros: 114
Thu Feb 23 22:51:14 BOT 2012: Ajax-> Mostrar Ranking > tono:592 
Thu Feb 23 22:53:08 BOT 2012: Ajax-> Mostrar  Nombre Artista > tono:131645 
Thu Feb 23 22:58:42 BOT 2012: Asignar backtone escuchado > Asi termino:104922,105050,105049,105048,105274,105282,142918,118727,118725,110097,468,130832,140783,133698,
Thu Feb 23 22:59:09 BOT 2012: Ajax->Mostrar Ranking:  
Thu Feb 23 23:00:22 BOT 2012: Ajax->Mostrar Megusta:  
Thu Feb 23 23:01:19 BOT 2012: ASYNC -> STATS> Tiempo respuesta -0.45745 seg.
Thu Feb 23 23:03:07 BOT 2012: Ajax->Mostrar Comentarios:  
Thu Feb 23 23:03:40 BOT 2012: Ajax-> Mostrar Comentarios> tono:104783 
Thu Feb 23 23:06:04 BOT 2012: Ajax->Mostrar Reproducciones:  
Thu Feb 23 23:06:07 BOT 2012: ASYNC -> STATS> Tiempo respuesta 0.004375 seg.
Thu Feb 23 23:07:17 BOT 2012: Session Start>  Chequeo de sesion
Thu Feb 23 23:09:32 BOT 2012: Ajax->Mostrar Ranking:  
Thu Feb 23 23:10:59 BOT 2012: Mostrar Megusta > tono: 126028 msisdn:77734486 > cantidad de registros: 0
Thu Feb 23 23:12:23 BOT 2012: Check Session > msisdn: 77734486 > Usuario Valido 
Thu Feb 23 23:12:41 BOT 2012: Session Start>  Chequeo de sesion
Thu Feb 23 23:13:54 BOT 2012: Ajax-> Mostrar  Nombre Artista > tono:103273 
Thu Feb 23 23:14:24 BOT 2012: Asignar backtone escuchado > Asi termino:126857,127904,136258,124025,141266,144646,103062,103745,131819,126476,136251,108557,106288,106286,102621,102610,129933,121,104745,145895,
Thu Feb 23 23:18:15 BOT 2012: Ajax->Mostrar Imagen Portada:  
Thu Feb 23 23:18:21 BOT 2012: ASYNC -> STATS> Tiempo respuesta 0.008467 seg.
Thu Feb 23 23:18:21 BOT 2012: ASYNC -> STATS> Tiempo respuesta 0.149602 seg.
Thu Feb 23 23:19:24 BOT 2012: WEB REPROD BUSQ > Facebook link: http%3A%2F%2Fbacktones.tigo.com.bo%2Fv3%2Findex.php%3Fseccion%3Dplaylist%26genero%3D104%26f%3D1%26t%3D123123
Thu Feb 23 23:20:03 BOT 2012: Ajax->Mostrar Nombre Artista:  
Thu Feb 23 23:21:49 BOT 2012: Ajax->Mostrar Megusta:  
Thu Feb 23 23:22:07 BOT 2012: Ajax-> Mostrar Ranking > tono:133860 
Thu Feb 23 23:22:19 BOT 2012: ASYNC -> STATS> Tiempo respuesta 0.010412 seg.
Thu Feb 23 23:22:22 BOT 2012: Consulta de precio de reason:10 - msisdn: tono:133860 Async responde:350
 
Thu Feb 23 23:22:22 BOT 2012: ASYNC -> STATS> Tiempo respuesta 0.013803 seg.
Thu Feb 23 23:23:04 BOT 2012: ASYNC -> STATS> Tiempo respuesta 0.146875 seg.
Thu Feb 23 23:23:04 BOT 2012: Ajax->Mostrar Ranking:  
Thu Feb 23 23:23:07 BOT 2012: ASYNC -> STATS> Tiempo respuesta 0.004422 seg.
Thu Feb 23 23:23:10 BOT 2012: ASYNC -> STATS> Tiempo respuesta -0.148706 seg.
Thu Feb 23 23:23:10 BOT 2012: ASYNC -> STATS> Tiempo respuesta -0.030302 seg.
Thu Feb 23 23:23:10 BOT 2012: Ajax->Mostrar Ranking:  
Thu Feb 23 23:23:13 BOT 2012: Error al consultar precio de renovacion - msisdn:77734486 tono:104093 - Async responde -3
Thu Feb 23 23:23:13 BOT 2012: Ajax->Mostrar Ranking:  
Thu Feb 23 23:23:19 BOT 2012: ASYNC -> STATS> Tiempo respuesta 0.013921 seg.
Thu Feb 23 23:25:49 BOT 2012: Ajax->Mostrar Ranking:  
Thu Feb 23 23:25:49 BOT 2012: Ajax->Mostrar Reproducciones:  
Thu Feb 23 23:31:15 BOT 2012: Ajax->Mostrar Megusta:  
Thu Feb 23 23:31:30 BOT 2012: Ajax->Mostrar Megusta:  
Thu Feb 23 23:40:05 BOT 2012: Session Start>  session por defecto 
