Tue Jan 3 1:15:43 BOT 2012: STATS > BUSQUEDA DE BACKTONE >Tiempo: -0.178717 seg. | registros: 1
Tue Jan 3 11:16:23 BOT 2012: Session Start>  session por defecto 
Tue Jan 3 11:16:50 BOT 2012: Session Start>  Chequeo de sesion
Tue Jan 3 11:16:57 BOT 2012: Ajax->Mostrar Imagen Portada:  
Tue Jan 3 11:17:21 BOT 2012: Ajax->Mostrar Comentarios:  
Tue Jan 3 11:17:45 BOT 2012: Mostrar Album: >albumes/Michel Telo-NOOOSSAA.jpg
Tue Jan 3 11:18:00 BOT 2012: Ajax-> Mostrar Ranking > tono:137817 
Tue Jan 3 11:18:15 BOT 2012: ASYNC -> STATS> Tiempo respuesta 0.003008 seg.
Tue Jan 3 11:18:30 BOT 2012: Mostrar Comentarios : tono:137817 
Tue Jan 3 11:19:36 BOT 2012: WEB_REPRODUCIR_BUSQUEDA > Se recibieron:1 tonos
Tue Jan 3 11:19:42 BOT 2012: ASYNC -> STATS> Tiempo respuesta 0.008101 seg.
Tue Jan 3 11:20:24 BOT 2012: ASYNC -> STATS> Tiempo respuesta 0.011247 seg.
Tue Jan 3 11:24:19 BOT 2012: Ajax-> Mostrar  Imagen Portada> tono:126489 
Tue Jan 3 11:24:58 BOT 2012: Ajax->Mostrar Comentarios:  
Tue Jan 3 11:25:46 BOT 2012: Ajax->Mostrar Comentarios:  
Tue Jan 3 11:26:10 BOT 2012: Ajax-> Login Usuario msisdn: 7542952  pin:3862 > Validar msisdn
Tue Jan 3 11:26:58 BOT 2012: Ajax->Mostrar Comentarios:  
Tue Jan 3 11:27:22 BOT 2012: Asignar backtone escuchado > Asi termino:135057,130814,
Tue Jan 3 11:28:16 BOT 2012: Ajax->Mostrar Nombre Genero:  
Tue Jan 3 11:32:02 BOT 2012: Ajax->Mostrar Ranking:  
Tue Jan 3 11:32:14 BOT 2012: Consulta de precio de reason:3 - msisdn: tono:104028 Async responde:350
 
Tue Jan 3 11:32:14 BOT 2012: ASYNC -> STATS> Tiempo respuesta -0.71681 seg.
Tue Jan 3 11:32:14 BOT 2012: ASYNC -> STATS> Tiempo respuesta 0.012324 seg.
Tue Jan 3 11:32:26 BOT 2012: ASYNC -> STATS> Tiempo respuesta -0.421207 seg.
Tue Jan 3 11:32:26 BOT 2012: Asignar backtone escuchado > Asi termino:128612,128221,
Tue Jan 3 11:32:26 BOT 2012: WEB_REPRODUCIR_BUSQUEDA > Se recibieron:27 tonos
Tue Jan 3 11:32:56 BOT 2012: Ajax->Mostrar Nombre Genero:  
Tue Jan 3 11:33:29 BOT 2012: Ajax->Eliminando backtone: msisdn:75006450   
Tue Jan 3 11:33:29 BOT 2012: Ajax->Mostrar Reproducciones:  
Tue Jan 3 11:34:14 BOT 2012: Ajax-> Mostrar  Nombre Artista > tono:108594 
Tue Jan 3 11:34:44 BOT 2012: ASYNC -> STATS> Tiempo respuesta 0.0094919999999999 seg.
Tue Jan 3 11:35:08 BOT 2012: Ajax->Mostrar Nombre Genero:  
Tue Jan 3 11:37:38 BOT 2012: Ajax-> Mostrar  Nombre Genero > tono:114599 
Tue Jan 3 11:38:09 BOT 2012: Ajax-> Mostrar  Nombre Artista > tono:112438 
Tue Jan 3 11:40:03 BOT 2012: Ajax-> Mostrar  Nombre Artista > tono:102745 
Tue Jan 3 11:40:27 BOT 2012: Ajax-> Mostrar Ranking > tono:103700 
Tue Jan 3 11:40:30 BOT 2012: Ajax->Mostrar Megusta:  
Tue Jan 3 11:40:45 BOT 2012: Ajax-> Mostrar  Nombre Genero > tono:132088 
Tue Jan 3 11:40:51 BOT 2012: MTD_CHEQUEO_REINTENTO >- msisdn:75944707 tono: diferencia tiempo:25 
Tue Jan 3 11:41:45 BOT 2012: Asignar backtone escuchado > Asi termino:104789,103451,102745,127470,104289,104646,104212,102883,583,102558,122539,104314,577,135151,130833,130832,123008,105270,105272,105274,
Tue Jan 3 11:42:27 BOT 2012: Ajax-> Cerrar session: msisdn:75003380 
Tue Jan 3 11:42:27 BOT 2012: Ajax->Mostrar Imagen Portada:  
Tue Jan 3 11:42:45 BOT 2012: Asignar backtone escuchado > Asi termino:105001,105000,104998,129271,133680,124071,132088,133678,124053,132078,103153,550,102508,112438,623,104174,126859,105419,104296,103708,
Tue Jan 3 11:43:45 BOT 2012: ASYNC -> STATS> Tiempo respuesta 0.212572 seg.
Tue Jan 3 11:46:22 BOT 2012: Ajax->Mostrar Nombre Genero:  
Tue Jan 3 11:46:58 BOT 2012: Ajax->Mostrar Megusta:  
Tue Jan 3 11:48:25 BOT 2012: Asignar backtone escuchado > Asi termino:140814,105812,120250,140810,120248,141835,139303,106382,142220,142168,140808,141918,140826,142166,139723,140825,140823,137882,106380,131812,
Tue Jan 3 11:51:37 BOT 2012: Ajax->Mostrar Imagen Portada:  
Tue Jan 3 11:51:40 BOT 2012: ASYNC -> STATS> Tiempo respuesta -0.014441 seg.
Tue Jan 3 11:54:20 BOT 2012: ASYNC -> STATS> Tiempo respuesta 0.006775 seg.
Tue Jan 3 11:54:20 BOT 2012: ASYNC -> STATS> Tiempo respuesta -0.375141 seg.
Tue Jan 3 11:54:26 BOT 2012: Consulta de precio de reason:3 - msisdn: tono:104939 Async responde:350
 
Tue Jan 3 11:54:26 BOT 2012: ASYNC -> STATS> Tiempo respuesta -0.053755 seg.
Tue Jan 3 11:54:26 BOT 2012: Ajax->Mostrar Imagen Portada:  
Tue Jan 3 11:54:38 BOT 2012: Session Start>  Chequeo de sesion
Tue Jan 3 11:55:14 BOT 2012: ELIMINAR_BACKTONES > msisdn:76314885 tono :104250 -> quitando tonos del grupo a 1 grupos
Tue Jan 3 11:55:32 BOT 2012: Mostrar Ranking: tono:128299 calificacion: 
Tue Jan 3 11:55:44 BOT 2012: ASYNC -> STATS> Tiempo respuesta 0.011617 seg.
Tue Jan 3 11:56:29 BOT 2012: Ajax->Mostrar Comentarios:  
Tue Jan 3 11:57:38 BOT 2012: Mostrar Album: >albumes/Justin Mistletoe].jpg
Tue Jan 3 11:59:02 BOT 2012: Asignar backtone escuchado > Asi termino:104407,104405,105257,103084,103082,103232,103939,103746,104570,127894,110342,133776,105841,104837,127289,137285,104348,105347,132078,137281,
Tue Jan 3 12:00:12 BOT 2012: ASYNC -> STATS> Tiempo respuesta 0.005865 seg.
Tue Jan 3 12:00:42 BOT 2012: Ajax->Mostrar Reproducciones:  
Tue Jan 3 12:00:42 BOT 2012: Ajax-> Mostrar  Imagen Portada> tono:133736 
Tue Jan 3 12:01:12 BOT 2012: Mostrar Cantidad reproducciones: tono:130806 cantidad: 0
Tue Jan 3 12:01:36 BOT 2012: Ajax-> Mostrar Megusta> tono:104815 
Tue Jan 3 12:01:42 BOT 2012: Ajax->Mostrar Reproducciones:  
Tue Jan 3 12:02:09 BOT 2012: Ajax->Mostrar Nombre Genero:  
Tue Jan 3 12:02:12 BOT 2012: Mostrar Cantidad reproducciones: tono:133736 cantidad: 0
Tue Jan 3 12:02:15 BOT 2012: Ajax->Mostrar Comentarios:  
Tue Jan 3 12:02:27 BOT 2012: Mostrar Album: >Artista:  <a href='index.php?seccion=playlist&autor=50'>Alejandro Fernandez</a>
Tue Jan 3 12:03:18 BOT 2012: Ajax-> Mostrar Comentarios> tono:142527 
Tue Jan 3 12:03:24 BOT 2012: Ajax->Mostrar Imagen Portada:  
Tue Jan 3 12:03:27 BOT 2012: ASYNC -> STATS> Tiempo respuesta 0.0097999999999999 seg.
Tue Jan 3 12:04:06 BOT 2012: Ajax->Mostrar Comentarios:  
Tue Jan 3 12:04:39 BOT 2012: Asignar backtone escuchado > Asi termino:131823,105239,103043,103042,104848,103041,103040,104847,103039,104817,104663,
Tue Jan 3 12:05:09 BOT 2012: ASYNC -> STATS> Tiempo respuesta 0.186925 seg.
Tue Jan 3 12:06:34 BOT 2012: Asignar backtone escuchado > Asi termino:125516,124243,123008,
Tue Jan 3 12:06:37 BOT 2012: ASYNC -> STATS> Tiempo respuesta -0.436587 seg.
Tue Jan 3 12:07:01 BOT 2012: Ajax->Mostrar Imagen Portada:  
Tue Jan 3 12:07:25 BOT 2012: Ajax-> Mostrar Comentarios> tono:110214 
Tue Jan 3 12:07:52 BOT 2012: Mostrar Megusta> tono: 116502 msisdn: > 001
Tue Jan 3 12:08:13 BOT 2012: Ajax-> Mostrar  Imagen Portada> tono:240 
Tue Jan 3 12:08:46 BOT 2012: Ajax->Mostrar Nombre Artista:  
Tue Jan 3 12:08:55 BOT 2012: Ajax-> Mostrar  Nombre Artista > tono:104928 
Tue Jan 3 12:09:16 BOT 2012: ASYNC -> STATS> Tiempo respuesta 0.041887 seg.
Tue Jan 3 12:09:22 BOT 2012: Ajax->Mostrar Reproducciones:  
Tue Jan 3 12:09:22 BOT 2012: Asignar backtone escuchado > Asi termino:102659,136232,103068,133881,105234,125516,118182,69,172,105233,102614,102613,102828,104410,103938,104407,104405,105257,103084,103082,
Tue Jan 3 12:12:25 BOT 2012: Ajax->Mostrar Imagen Portada:  
Tue Jan 3 12:12:46 BOT 2012: Mostrar Megusta > tono: 105366 msisdn:77119025 > cantidad de registros: 0
Tue Jan 3 12:13:14 BOT 2012: Session Start>  session por defecto 
Tue Jan 3 12:13:44 BOT 2012: Consulta de precio de reason:2 - msisdn:76610341 tono:128425 Async responde:350
 
Tue Jan 3 12:13:56 BOT 2012: Consulta de precio de reason:10 - msisdn:76610341 tono:128425 Async responde:350
 
Tue Jan 3 12:14:02 BOT 2012: ASYNC -> STATS> Tiempo respuesta 0.00081600000000001 seg.
Tue Jan 3 12:14:11 BOT 2012: ASYNC -> STATS> Tiempo respuesta -0.136155 seg.
Tue Jan 3 12:14:41 BOT 2012: ASYNC -> STATS> Tiempo respuesta 0.002505 seg.
Tue Jan 3 12:16:08 BOT 2012: Ajax->Mostrar Nombre Genero:  
Tue Jan 3 12:16:08 BOT 2012: Ajax->Mostrar Nombre Artista:  
Tue Jan 3 12:16:50 BOT 2012: Session Start>  session por defecto 
Tue Jan 3 12:17:20 BOT 2012: Ajax-> Mostrar Ranking > tono:133736 
Tue Jan 3 12:17:20 BOT 2012: Ajax->Mostrar Ranking:  
Tue Jan 3 12:18:11 BOT 2012: Ajax-> Mostrar  Nombre Genero > tono:127265 
Tue Jan 3 12:19:20 BOT 2012: Ajax->Mostrar Reproducciones:  
Tue Jan 3 12:19:26 BOT 2012: ASYNC -> STATS> Tiempo respuesta 0.009536 seg.
Tue Jan 3 12:19:29 BOT 2012: ASYNC -> STATS> Tiempo respuesta 0.735951 seg.
Tue Jan 3 12:21:27 BOT 2012: Ajax-> Mostrar  Nombre Genero > tono:107763 
Tue Jan 3 12:22:12 BOT 2012: Ajax->Mostrar Megusta:  
Tue Jan 3 12:23:06 BOT 2012: Ajax->Mostrar Imagen Portada:  
Tue Jan 3 12:24:03 BOT 2012: Ajax-> Mostrar  Nombre Artista > tono:102621 
Tue Jan 3 12:26:15 BOT 2012: Ajax-> Mostrar Ranking > tono:103042 
Tue Jan 3 12:27:55 BOT 2012: Asignar backtone escuchado > Asi termino:133736,104206,
Tue Jan 3 12:28:28 BOT 2012: STATS > BUSQUEDA DE BACKTONE >Tiempo: 0.03637 seg. | registros: 73
Tue Jan 3 12:28:28 BOT 2012: Ajax-> Mostrar Comentarios> tono:133736 
Tue Jan 3 12:28:28 BOT 2012: Ajax->Mostrar Ranking:  
Tue Jan 3 12:29:25 BOT 2012: Ajax->Mostrar Nombre Artista:  
Tue Jan 3 12:29:28 BOT 2012: ASYNC -> STATS> Tiempo respuesta -0.222274 seg.
Tue Jan 3 12:29:28 BOT 2012: ASYNC -> STATS> Tiempo respuesta 0.008521 seg.
Tue Jan 3 12:30:07 BOT 2012: Ajax->Mostrar Reproducciones:  
Tue Jan 3 12:30:55 BOT 2012: Asignar backtone escuchado > Asi termino:128614,104950,136043,110,104097,103184,103176,102658,105234,125516,130053,123008,128413,108561,137281,103103,66,102621,102610,107788,
Tue Jan 3 12:31:22 BOT 2012: Ajax->Mostrar Nombre Artista:  
Tue Jan 3 12:31:25 BOT 2012: Ajax->Mostrar Ranking:  
Tue Jan 3 12:31:37 BOT 2012: ASYNC -> STATS> Tiempo respuesta 0.008338 seg.
Tue Jan 3 12:31:37 BOT 2012: Consulta de precio de reason:2 - msisdn: tono:103039 Async responde:350
 
Tue Jan 3 12:31:37 BOT 2012: Error al consultar precio de renovacion - msisdn: tono:138286 - Async responde -3
Tue Jan 3 12:31:52 BOT 2012: Ajax->Mostrar Ranking:  
Tue Jan 3 12:33:22 BOT 2012: ASYNC -> STATS> Tiempo respuesta 0.725863 seg.
Tue Jan 3 12:33:38 BOT 2012: Ajax->Mostrar Megusta:  
Tue Jan 3 12:34:44 BOT 2012: Ajax->Mostrar Nombre Genero:  
Tue Jan 3 12:35:14 BOT 2012: Ajax->Mostrar Imagen Portada:  
Tue Jan 3 12:37:17 BOT 2012: Ajax->Mostrar Nombre Artista:  
Tue Jan 3 12:37:32 BOT 2012: Mostrar Genero: >G&eacute;nero:  <a href='index.php?seccion=playlist&genero=98'>Brasileras</a>
Tue Jan 3 12:40:02 BOT 2012: Ajax->Mostrar Ranking:  
Tue Jan 3 12:40:20 BOT 2012: Ajax->Mostrar Imagen Portada:  
Tue Jan 3 12:41:36 BOT 2012: Ajax->Mostrar Nombre Artista:  
Tue Jan 3 12:43:00 BOT 2012: Ajax->Mostrar Imagen Portada:  
Tue Jan 3 12:45:33 BOT 2012: Ajax->Eliminando backtone:  > msisdn:75511541 >  tono :127412  
Tue Jan 3 12:49:01 BOT 2012: Ajax-> Mostrar  Nombre Genero > tono:131613 
Tue Jan 3 12:50:34 BOT 2012: ASYNC -> STATS> Tiempo respuesta 0.006802 seg.
Tue Jan 3 12:51:04 BOT 2012: Ajax-> Mostrar Ranking > tono:103289 
Tue Jan 3 12:51:04 BOT 2012: ASYNC -> STATS> Tiempo respuesta -0.010924 seg.
Tue Jan 3 12:51:13 BOT 2012: WEB_REPRODUCIR_BUSQUEDA > Se recibieron:65 tonos
Tue Jan 3 12:53:55 BOT 2012: Asignar backtone escuchado > Asi termino:131823,104847,103039,104817,104663,104851,103044,104850,105239,104849,103043,103042,104848,103041,103040,104846,
Tue Jan 3 12:54:07 BOT 2012: Ajax->Mostrar Imagen Portada:  
Tue Jan 3 12:55:47 BOT 2012: Ajax->Mostrar Nombre Artista:  
Tue Jan 3 12:58:08 BOT 2012: ASYNC -> STATS> Tiempo respuesta 0.088364 seg.
Tue Jan 3 12:58:08 BOT 2012: Asignar backtone escuchado > Asi termino:103222,103070,103221,103069,103220,103068,105986,304,105521,103502,104486,135097,133769,107737,106295,257,118183,37,103939,133755,
Tue Jan 3 12:59:02 BOT 2012: Mostrar Ranking: tono:103793 calificacion: 
Tue Jan 3 13:00:23 BOT 2012: Ajax->Mostrar Nombre Artista:  
Tue Jan 3 13:01:56 BOT 2012: Ajax->Mostrar Ranking:  
Tue Jan 3 13:02:47 BOT 2012: Ajax->Mostrar Comentarios:  
Tue Jan 3 13:03:00 BOT 2012: Ajax->Mostrar Nombre Genero:  
Tue Jan 3 13:03:24 BOT 2012: Ajax-> Mostrar Ranking > tono:139727 
Tue Jan 3 13:03:24 BOT 2012: STATS > BUSQUEDA DE BACKTONE >Tiempo: -0.695763 seg. | registros: 1
Tue Jan 3 13:08:03 BOT 2012: Ajax-> Login Usuario msisdn:   pin: > Validar msisdn
Tue Jan 3 13:08:12 BOT 2012: ASYNC -> STATS> Tiempo respuesta 0.78538 seg.
Tue Jan 3 13:08:15 BOT 2012: DB_ELIMINAR_BACKTONES > Msisdn:77480840 tono :134168 -> quedo asi:130814:1:0:0:0|133405:1:0:0:0|102617:1:0:0:0|108567:1:0:0:0|131824:1:1:0:1|142539:1:0:0:1|142527:1:0:0:1|139727:1:0:0:1|
Tue Jan 3 13:09:03 BOT 2012: WEB_REPRODUCIR_BUSQUEDA > Se recibieron:78 tonos
Tue Jan 3 13:10:10 BOT 2012: Ajax->Mostrar Nombre Genero:  
Tue Jan 3 13:10:16 BOT 2012: Ajax->Mostrar Comentarios:  
Tue Jan 3 13:11:34 BOT 2012: Ajax->Mostrar Megusta:  
Tue Jan 3 13:11:40 BOT 2012: Ajax-> Mostrar Comentarios> tono:103189 
Tue Jan 3 13:16:07 BOT 2012: Ajax->Mostrar Ranking:  
Tue Jan 3 13:17:59 BOT 2012: Ajax-> Mostrar Ranking > tono:16 
Tue Jan 3 13:18:23 BOT 2012: Ajax->Mostrar Comentarios:  
Tue Jan 3 13:19:50 BOT 2012: Consulta de precio de reason:2 - msisdn: tono:116508 Async responde:350
 
Tue Jan 3 13:20:17 BOT 2012: ASYNC -> STATS> Tiempo respuesta -0.074042 seg.
Tue Jan 3 13:20:20 BOT 2012: ASYNC -> STATS> Tiempo respuesta 0.376045 seg.
Tue Jan 3 13:20:20 BOT 2012: ASYNC -> STATS> Tiempo respuesta -0.204902 seg.
Tue Jan 3 13:21:32 BOT 2012: Ajax-> Mostrar Megusta> tono:102526 
Tue Jan 3 13:21:38 BOT 2012: Ajax->Mostrar Imagen Portada:  
Tue Jan 3 13:22:50 BOT 2012: Ajax->Mostrar Nombre Artista:  
Tue Jan 3 13:23:35 BOT 2012: Ajax->Mostrar Ranking:  
Tue Jan 3 13:23:50 BOT 2012: Ajax->Mostrar Nombre Artista:  
Tue Jan 3 13:23:56 BOT 2012: Busqueda Inteligente: resultados >118730
Tue Jan 3 13:24:08 BOT 2012: Asignar backtone escuchado > Asi termino:107585,104781,127435,127463,103447,102729,104095,104561,103449,442,129899,135225,104088,136630,110210,113047,127441,103872,103817,103429,
Tue Jan 3 13:26:03 BOT 2012: Ajax->Mostrar Reproducciones:  
Tue Jan 3 13:27:03 BOT 2012: ASYNC -> STATS> Tiempo respuesta 0.004867 seg.
Tue Jan 3 13:27:42 BOT 2012: Ajax->Mostrar Imagen Portada:  
Tue Jan 3 13:27:45 BOT 2012: Ajax->Mostrar Nombre Artista:  
Tue Jan 3 13:28:12 BOT 2012: STATS > BUSQUEDA DE BACKTONE >Tiempo: -0.281401 seg. | registros: 32
Tue Jan 3 13:28:51 BOT 2012: WEB REPROD BUSQ > Facebook link: http%3A%2F%2Fbacktones.tigo.com.bo%2Fv3%2Findex.php%3Fseccion%3Dplaylist%26autor%3D53%26f%3D1%26t%3D1231233
Tue Jan 3 13:30:00 BOT 2012: Ajax->Mostrar Imagen Portada:  
Tue Jan 3 13:30:33 BOT 2012: Ajax-> Mostrar Megusta> tono:135061 
Tue Jan 3 13:31:06 BOT 2012: Ajax-> Mostrar Megusta> tono:116502 
Tue Jan 3 13:32:10 BOT 2012: Ajax-> Mostrar Ranking > tono:104279 
Tue Jan 3 13:33:43 BOT 2012: Ajax->Mostrar Nombre Genero:  
Tue Jan 3 13:33:49 BOT 2012: Asignar backtone escuchado > Asi termino:103343,104278,246,104279,448,102650,103342,104393,240,
Tue Jan 3 13:33:52 BOT 2012: Ajax-> Mostrar Ranking > tono:107794 
Tue Jan 3 13:33:52 BOT 2012: Ajax->Mostrar Ranking:  
Tue Jan 3 13:34:01 BOT 2012: ASYNC -> STATS> Tiempo respuesta -0.013781 seg.
Tue Jan 3 13:34:04 BOT 2012: ASYNC -> STATS> Tiempo respuesta -0.075921 seg.
Tue Jan 3 13:34:25 BOT 2012: Ajax->Mostrar Comentarios:  
Tue Jan 3 13:34:31 BOT 2012: ASYNC -> STATS> Tiempo respuesta 0.007396 seg.
Tue Jan 3 13:38:28 BOT 2012: Ajax->Mostrar Comentarios:  
Tue Jan 3 13:39:38 BOT 2012: Ajax->Mostrar Comentarios:  
Tue Jan 3 13:39:56 BOT 2012: Ajax->Mostrar Comentarios:  
Tue Jan 3 13:40:26 BOT 2012: Ajax-> Mostrar Ranking > tono:103465 
Tue Jan 3 13:41:20 BOT 2012: Check Session > msisdn: 77419554 > Usuario Valido 
Tue Jan 3 13:43:11 BOT 2012: Ajax->Mostrar Nombre Artista:  
Tue Jan 3 13:43:38 BOT 2012: Ajax-> Mostrar  Imagen Portada> tono:113602 
Tue Jan 3 13:43:44 BOT 2012: Ajax->Mostrar Nombre Artista:  
Tue Jan 3 13:44:20 BOT 2012: Ajax->Mostrar Reproducciones:  
Tue Jan 3 13:44:23 BOT 2012: Ajax->Mostrar Imagen Portada:  
Tue Jan 3 13:44:47 BOT 2012: Ajax->Mostrar Comentarios:  
Tue Jan 3 13:45:45 BOT 2012: WEB_REPRODUCIR_BUSQUEDA > Se recibieron:114 tonos
Tue Jan 3 13:46:57 BOT 2012: ASYNC -> STATS> Tiempo respuesta 0.010172 seg.
Tue Jan 3 13:47:57 BOT 2012: Ajax->Mostrar Reproducciones:  
Tue Jan 3 13:48:57 BOT 2012: Ajax->Actualizar pin usuario
Tue Jan 3 13:50:09 BOT 2012: Session Start>  Chequeo de sesion
Tue Jan 3 13:50:36 BOT 2012: Ajax->Mostrar Ranking:  
Tue Jan 3 13:50:36 BOT 2012: Check Session > msisdn: 77345998 > Usuario Valido 
Tue Jan 3 13:52:40 BOT 2012: Ajax->Actualizar pin usuario >recibe el msisdn:77591624 
Tue Jan 3 13:52:43 BOT 2012: Ajax-> Mostrar Ranking > tono:103580 
Tue Jan 3 13:52:46 BOT 2012: Ajax->Mostrar Megusta:  
Tue Jan 3 13:53:28 BOT 2012: Ajax-> Mostrar Megusta> tono:106364 
Tue Jan 3 13:53:43 BOT 2012: ASYNC -> STATS> Tiempo respuesta 0.16816 seg.
Tue Jan 3 13:53:46 BOT 2012: ASYNC -> STATS> Tiempo respuesta -0.516087 seg.
Tue Jan 3 13:53:49 BOT 2012: ASYNC -> STATS> Tiempo respuesta -0.664421 seg.
Tue Jan 3 13:54:13 BOT 2012: ASYNC -> STATS> Tiempo respuesta -0.728864 seg.
Tue Jan 3 13:54:16 BOT 2012: ASYNC -> STATS> Tiempo respuesta -0.658397 seg.
Tue Jan 3 13:55:07 BOT 2012: Consulta de precio de reason:10 - msisdn: tono:139971 Async responde:350
 
Tue Jan 3 13:55:10 BOT 2012: Ajax->Mostrar Ranking:  
Tue Jan 3 13:55:19 BOT 2012: ASYNC -> STATS> Tiempo respuesta 0.243739 seg.
Tue Jan 3 13:55:22 BOT 2012: Asignar backtone escuchado > Asi termino:133736,104206,
Tue Jan 3 13:55:25 BOT 2012: ASYNC -> STATS> Tiempo respuesta -0.536586 seg.
Tue Jan 3 13:57:40 BOT 2012: Ajax-> Mostrar Megusta> tono:105402 
Tue Jan 3 14:01:35 BOT 2012: MTD_DB_BUSCAR_ARTISTAS > retornando registros:20
Tue Jan 3 14:01:35 BOT 2012: Ajax->Mostrar Comentarios:  
Tue Jan 3 14:02:08 BOT 2012: Check Session > msisdn: 76660220 > Usuario Valido 
Tue Jan 3 14:02:23 BOT 2012: Ajax->Eliminando backtone: msisdn:76660220   
Tue Jan 3 14:02:41 BOT 2012: Asignar backtone escuchado > Asi termino:103184,133858,103548,129417,103176,129201,134026,129217,104097,103547,110,103545,133883,103544,103543,136231,129938,103542,127295,103068,
Tue Jan 3 14:04:02 BOT 2012: Ajax->Mostrar Comentarios:  
Tue Jan 3 14:04:17 BOT 2012: Ajax->Mostrar Imagen Portada:  
Tue Jan 3 14:07:15 BOT 2012: STATS > BUSQUEDA DE BACKTONE >Tiempo: 0.031316 seg. | registros: 4
Tue Jan 3 14:08:21 BOT 2012: ASYNC -> STATS> Tiempo respuesta 0.003367 seg.
Tue Jan 3 14:08:51 BOT 2012: Ajax->Mostrar Megusta:  
Tue Jan 3 14:09:24 BOT 2012: Ajax-> Mostrar Ranking > tono:142230 
Tue Jan 3 14:09:45 BOT 2012: Asignar backtone escuchado > Asi termino:104510,104508,137865,133447,131812,142230,140821,272,142904,142894,142906,103521,139339,134628,104772,142888,105511,104740,142908,104631,
Tue Jan 3 14:10:33 BOT 2012: MTD_DB_BUSCAR_ARTISTAS > retornando registros:88
Tue Jan 3 14:10:39 BOT 2012: Ajax->Mostrar Reproducciones:  
Tue Jan 3 14:11:03 BOT 2012: Ajax->Mostrar Comentarios:  
Tue Jan 3 14:12:45 BOT 2012: Ajax->Mostrar Ranking:  
Tue Jan 3 14:14:58 BOT 2012: Ajax->Mostrar Nombre Artista:  
Tue Jan 3 14:16:22 BOT 2012: Ajax-> Mostrar Megusta> tono:103143 
Tue Jan 3 14:17:52 BOT 2012: Ajax->Mostrar Comentarios:  
Tue Jan 3 14:18:23 BOT 2012: Check Session > msisdn: 76264894 > Usuario Valido 
Tue Jan 3 14:23:44 BOT 2012: Busqueda Inteligente: resultados >104428
Tue Jan 3 14:24:08 BOT 2012: Inicio de administracion perfil
Tue Jan 3 14:24:53 BOT 2012: Ajax->Mostrar Megusta:  
Tue Jan 3 14:25:36 BOT 2012: Ajax-> Mostrar  Nombre Genero > tono:123516 
Tue Jan 3 14:31:57 BOT 2012: Ajax->Mostrar Ranking:  
Tue Jan 3 14:34:07 BOT 2012: Busqueda Inteligente: 
Tue Jan 3 14:36:04 BOT 2012: Mostrar Album: >Artista:  <a href='index.php?seccion=playlist&autor=243'>Enrique Iglesias</a>
Tue Jan 3 14:36:37 BOT 2012: Session Start>  Chequeo de sesion
Tue Jan 3 14:37:01 BOT 2012: Asignar backtone escuchado > Asi termino:123520,123537,131048,131046,123516,131038,131728,123523,131044,123533,123542,123541,123527,123513,123538,131040,123540,123515,123528,131730,
Tue Jan 3 14:37:04 BOT 2012: session-default => asignando por default session
Tue Jan 3 14:37:49 BOT 2012: Ajax-> Mostrar Ranking > tono:104300 
Tue Jan 3 14:38:37 BOT 2012: Ajax-> Mostrar Ranking > tono:116505 
Tue Jan 3 14:38:43 BOT 2012: Ajax->Mostrar Megusta:  
Tue Jan 3 14:38:49 BOT 2012: Mostrar Megusta> tono: 134661 msisdn: > 001
Tue Jan 3 14:40:47 BOT 2012: Asignar backtone escuchado > Asi termino:132094,103690,104469,104473,129433,104472,103689,103688,105005,105004,105003,104467,104466,103927,105002,104471,129231,105001,104395,105000,
Tue Jan 3 14:41:05 BOT 2012: Ajax->Mostrar Reproducciones:  
Tue Jan 3 14:44:50 BOT 2012: Ajax-> Mostrar Megusta> tono:104393 
Tue Jan 3 14:44:56 BOT 2012: Ajax->Mostrar Ranking:  
Tue Jan 3 14:50:00 BOT 2012: ASYNC -> STATS> Tiempo respuesta 0.005357 seg.
Tue Jan 3 14:57:22 BOT 2012: ASYNC -> STATS> Tiempo respuesta 0.005606 seg.
Tue Jan 3 14:59:46 BOT 2012: Ajax->Mostrar Reproducciones:  
Tue Jan 3 15:02:20 BOT 2012: Check Session > msisdn: 78826717 > Usuario Valido 
Tue Jan 3 15:06:26 BOT 2012: ELIMINAR_BACKTONES > msisdn:77770792 tono :141918 -> quitando tonos del grupo a 1 grupos
Tue Jan 3 15:07:02 BOT 2012: Mostrar Genero: >G&eacute;nero:  <a href='index.php?seccion=playlist&genero=108'>Cristianas</a>
Tue Jan 3 15:08:39 BOT 2012: Ajax->Mostrar Imagen Portada:  
Tue Jan 3 15:09:18 BOT 2012: Ajax->Mostrar Megusta:  
Tue Jan 3 15:10:06 BOT 2012: Ajax->Mostrar Megusta:  
Tue Jan 3 15:12:12 BOT 2012: ASYNC -> STATS> Tiempo respuesta 0.014345 seg.
Tue Jan 3 15:12:18 BOT 2012: ASYNC -> STATS> Tiempo respuesta -0.367847 seg.
Tue Jan 3 15:12:24 BOT 2012: ASYNC -> STATS> Tiempo respuesta -0.016819 seg.
Tue Jan 3 15:12:24 BOT 2012: Asignar backtone escuchado > Asi termino:103939,124243,
Tue Jan 3 15:12:27 BOT 2012: Ajax->Mostrar Ranking:  
Tue Jan 3 15:12:27 BOT 2012: ASYNC -> STATS> Tiempo respuesta 0.402813 seg.
Tue Jan 3 15:12:33 BOT 2012: ASYNC -> STATS> Tiempo respuesta -0.037266 seg.
Tue Jan 3 15:12:33 BOT 2012: Ajax->Mostrar Comentarios:  
Tue Jan 3 15:12:36 BOT 2012: ASYNC -> STATS> Tiempo respuesta 0.006804 seg.
Tue Jan 3 15:13:24 BOT 2012: Session Start>  session por defecto 
Tue Jan 3 15:13:27 BOT 2012: Ajax->Mostrar Megusta:  
Tue Jan 3 15:13:45 BOT 2012: Ajax->Mostrar Ranking:  
Tue Jan 3 15:14:15 BOT 2012: ASYNC -> STATS> Tiempo respuesta 0.010798 seg.
Tue Jan 3 15:14:15 BOT 2012: ASYNC -> STATS> Tiempo respuesta -0.040285 seg.
Tue Jan 3 15:16:25 BOT 2012: ASYNC -> STATS> Tiempo respuesta -0.78875 seg.
Tue Jan 3 15:16:31 BOT 2012: Ajax-> Mostrar Ranking > tono:74 
Tue Jan 3 15:16:31 BOT 2012: Ajax->Mostrar Comentarios:  
Tue Jan 3 15:16:58 BOT 2012: Ajax-> Mostrar Ranking > tono:109245 
Tue Jan 3 15:17:28 BOT 2012: Ajax->Mostrar Comentarios:  
Tue Jan 3 15:17:28 BOT 2012: Ajax->Mostrar Imagen Portada:  
Tue Jan 3 15:18:31 BOT 2012: ASYNC -> STATS> Tiempo respuesta 0.051289 seg.
Tue Jan 3 15:20:37 BOT 2012: Ajax-> Mostrar Comentarios> tono:103707 
Tue Jan 3 15:20:46 BOT 2012: ASYNC -> STATS> Tiempo respuesta 0.009513 seg.
Tue Jan 3 15:20:52 BOT 2012: ASYNC -> STATS> Tiempo respuesta -0.102017 seg.
Tue Jan 3 15:20:52 BOT 2012: ASYNC -> STATS> Tiempo respuesta 0.082865 seg.
Tue Jan 3 15:20:52 BOT 2012: Ajax->Mostrar Ranking:  
Tue Jan 3 15:21:10 BOT 2012: Ajax-> Mostrar Ranking > tono:114604 
Tue Jan 3 15:21:40 BOT 2012: Ajax->Mostrar Megusta:  
Tue Jan 3 15:22:01 BOT 2012: Ajax-> Mostrar Ranking > tono:166 
Tue Jan 3 15:23:41 BOT 2012: Mostrar Megusta > tono: 109240 msisdn:77665391 > cantidad de registros: 0
Tue Jan 3 15:26:59 BOT 2012: Ajax->Mostrar Nombre Artista:  
Tue Jan 3 15:28:20 BOT 2012: WEB_REPRODUCIR_BUSQUEDA > Se recibieron:7 tonos
Tue Jan 3 15:28:38 BOT 2012: WEB_REPRODUCIR_BUSQUEDA > Se recibieron:1 tonos
Tue Jan 3 15:35:54 BOT 2012: Ajax->Mostrar Ranking:  
Tue Jan 3 15:37:01 BOT 2012: ASYNC -> STATS> Tiempo respuesta -0.995929 seg.
Tue Jan 3 15:38:04 BOT 2012: Ajax->Mostrar Nombre Genero:  
Tue Jan 3 15:38:55 BOT 2012: MTD_DB_BUSCAR_ARTISTAS > retornando registros:73
Tue Jan 3 15:41:16 BOT 2012: WEB REPROD BUSQ > Facebook link: 
Tue Jan 3 15:43:58 BOT 2012: Ajax->Mostrar Nombre Genero:  
Tue Jan 3 15:45:20 BOT 2012: Busqueda Inteligente: bronco
Tue Jan 3 15:47:20 BOT 2012: Ajax->Mostrar Nombre Genero:  
Tue Jan 3 15:47:20 BOT 2012: Asignar backtone escuchado > Asi termino:105420,109415,109414,112704,124971,133736,136044,135958,136232,131625,131615,123718,128220,118725,102610,104991,
Tue Jan 3 15:47:38 BOT 2012: Mostrar Genero: >G&eacute;nero:  <a href='index.php?seccion=playlist&genero=110'>Cumbia</a>
Tue Jan 3 15:48:29 BOT 2012: Ajax-> Mostrar Megusta> tono:102597 
Tue Jan 3 15:48:44 BOT 2012: STATS > BUSQUEDA DE BACKTONE >Tiempo: 0.105001 seg. | registros: 76
Tue Jan 3 15:48:56 BOT 2012: Busqueda Inteligente: Jennifer Lopez
Tue Jan 3 15:49:32 BOT 2012: Ajax->Mostrar Ranking:  
Tue Jan 3 15:50:23 BOT 2012: ASYNC -> STATS> Tiempo respuesta 0.314956 seg.
Tue Jan 3 15:52:06 BOT 2012: Consulta de precio de reason:2 - msisdn: tono:129437 Async responde:350
 
Tue Jan 3 15:52:06 BOT 2012: ASYNC -> STATS> Tiempo respuesta -0.52653 seg.
Tue Jan 3 15:52:09 BOT 2012: Ajax->Mostrar Reproducciones:  
Tue Jan 3 15:52:33 BOT 2012: Ajax->Mostrar Comentarios:  
Tue Jan 3 15:53:06 BOT 2012: Ajax-> Mostrar Ranking > tono:176 
Tue Jan 3 15:53:36 BOT 2012: Ajax-> Mostrar Ranking > tono:128616 
Tue Jan 3 15:53:45 BOT 2012: Ajax-> Mostrar  Nombre Genero > tono:103991 
Tue Jan 3 15:54:18 BOT 2012: Ajax->Mostrar Ranking:  
Tue Jan 3 15:55:15 BOT 2012: STATS > BUSQUEDA DE BACKTONE >Tiempo: -0.293015 seg. | registros: 13
Tue Jan 3 15:56:06 BOT 2012: Ajax->Mostrar Reproducciones:  
Tue Jan 3 15:56:33 BOT 2012: ASYNC -> STATS> Tiempo respuesta 0.007772 seg.
Tue Jan 3 15:57:18 BOT 2012: Ajax->Mostrar Ranking:  
Tue Jan 3 15:57:18 BOT 2012: Consulta de precio de reason:2 - msisdn: tono:105812 Async responde:350
 
Tue Jan 3 15:57:55 BOT 2012: Ajax-> Mostrar  Imagen Portada> Album:albumes/album-default.jpg
Tue Jan 3 15:58:19 BOT 2012: Mostrar Ranking: tono:109240 calificacion: 
Tue Jan 3 15:58:19 BOT 2012: ASYNC -> STATS> Tiempo respuesta -0.580407 seg.
Tue Jan 3 15:58:25 BOT 2012: Ajax->Mostrar Nombre Artista:  
Tue Jan 3 15:58:49 BOT 2012: Ajax->Mostrar Nombre Artista:  
Tue Jan 3 15:59:22 BOT 2012: Ajax-> Mostrar Megusta> tono:104659 
Tue Jan 3 16:00:07 BOT 2012: Ajax->Mostrar Ranking:  
Tue Jan 3 16:00:37 BOT 2012: Ajax->Mostrar Megusta:  
Tue Jan 3 16:01:04 BOT 2012: Ajax->Mostrar Nombre Genero:  
Tue Jan 3 16:01:28 BOT 2012: ASYNC -> STATS> Tiempo respuesta 0.0071330000000001 seg.
Tue Jan 3 16:01:58 BOT 2012: Ajax->Mostrar Nombre Artista:  
Tue Jan 3 16:02:46 BOT 2012: Ajax-> Mostrar Megusta> tono:105038 
Tue Jan 3 16:03:10 BOT 2012: ASYNC -> STATS> Tiempo respuesta 0.090715 seg.
Tue Jan 3 16:03:10 BOT 2012: Ajax-> Comprar Backtone: msisdn: 
Tue Jan 3 16:03:22 BOT 2012: Ajax->Mostrar Comentarios:  
Tue Jan 3 16:03:40 BOT 2012: Ajax->Mostrar Imagen Portada:  
Tue Jan 3 16:03:40 BOT 2012: Ajax->Mostrar Ranking:  
Tue Jan 3 16:04:25 BOT 2012: ASYNC -> STATS> Tiempo respuesta 0.008261 seg.
Tue Jan 3 16:05:59 BOT 2012: Ajax->Mostrar Reproducciones:  
Tue Jan 3 16:07:20 BOT 2012: Ajax-> Mostrar  Imagen Portada> tono:131645 
Tue Jan 3 16:08:23 BOT 2012: Ajax->Mostrar Comentarios:  
Tue Jan 3 16:09:53 BOT 2012: Asignar backtone escuchado > Asi termino:113600,112462,125514,105073,104598,142919,7,103886,82,120,104107,104121,105309,520,103885,602,113598,105068,104886,104120,
Tue Jan 3 16:11:47 BOT 2012: Check Session > msisdn: 75271728 > Usuario Valido 
Tue Jan 3 16:11:47 BOT 2012: Ajax->Mostrar Imagen Portada:  
Tue Jan 3 16:11:47 BOT 2012: Ajax->Mostrar Ranking:  
Tue Jan 3 16:12:36 BOT 2012: Ajax->Mostrar Reproducciones:  
Tue Jan 3 16:12:39 BOT 2012: Ajax->Mostrar Nombre Artista:  
Tue Jan 3 16:13:45 BOT 2012: Ajax-> Mostrar Comentarios> tono:104171 
Tue Jan 3 16:14:03 BOT 2012: Ajax->Mostrar Comentarios:  
Tue Jan 3 16:14:36 BOT 2012: Ajax->Mostrar Nombre Genero:  
Tue Jan 3 16:16:21 BOT 2012: Error al consultar precio de renovacion - msisdn: tono:34 - Async responde -3
Tue Jan 3 16:18:24 BOT 2012: Ajax->Mostrar Imagen Portada:  
Tue Jan 3 16:19:09 BOT 2012: STATS > BUSQUEDA DE BACKTONE >Tiempo: 0.031059 seg. | registros: 3
Tue Jan 3 16:19:12 BOT 2012: ASYNC -> STATS> Tiempo respuesta 0.436972 seg.
Tue Jan 3 16:19:12 BOT 2012: ASYNC -> STATS> Tiempo respuesta 0.854575 seg.
Tue Jan 3 16:19:28 BOT 2012: Ajax->Mostrar Nombre Artista:  
Tue Jan 3 16:20:04 BOT 2012: Ajax->Mostrar Nombre Artista:  
Tue Jan 3 16:20:28 BOT 2012: Mostrar Megusta> tono: 115945 msisdn: > a otros 14  les gusta 
Tue Jan 3 16:20:52 BOT 2012: Mostrar Comentarios : tono:125 
Tue Jan 3 16:20:58 BOT 2012: Ajax-> Mostrar Ranking > tono:103469 
Tue Jan 3 16:21:34 BOT 2012: Ajax->Mostrar Reproducciones:  
Tue Jan 3 16:22:01 BOT 2012: ASYNC -> STATS> Tiempo respuesta 0.005254 seg.
Tue Jan 3 16:22:04 BOT 2012: ASYNC -> STATS> Tiempo respuesta 0.00026500000000002 seg.
Tue Jan 3 16:22:07 BOT 2012: ASYNC -> STATS> Tiempo respuesta -0.056483 seg.
Tue Jan 3 16:22:07 BOT 2012: ASYNC -> STATS> Tiempo respuesta -0.28473 seg.
Tue Jan 3 16:22:16 BOT 2012: ASYNC -> STATS> Tiempo respuesta -0.09619 seg.
Tue Jan 3 16:22:16 BOT 2012: ASYNC -> STATS> Tiempo respuesta 0.224073 seg.
Tue Jan 3 16:22:16 BOT 2012: ASYNC -> STATS> Tiempo respuesta 0.201286 seg.
Tue Jan 3 16:22:16 BOT 2012: Asignar backtone escuchado > Asi termino:82,24,115946,115945,115937,104660,104659,104658,105645,105647,104108,571,120,
Tue Jan 3 16:22:19 BOT 2012: Ajax-> Mostrar Ranking > tono:538 
Tue Jan 3 16:22:19 BOT 2012: Ajax-> Mostrar Ranking > tono:125517 
Tue Jan 3 16:22:31 BOT 2012: ASYNC -> STATS> Tiempo respuesta -0.331049 seg.
Tue Jan 3 16:22:31 BOT 2012: Ajax->Mostrar Ranking:  
Tue Jan 3 16:22:31 BOT 2012: Ajax->Mostrar Ranking:  
Tue Jan 3 16:22:37 BOT 2012: ASYNC -> STATS> Tiempo respuesta 0.023715 seg.
Tue Jan 3 16:22:37 BOT 2012: ASYNC -> STATS> Tiempo respuesta 0.03353 seg.
Tue Jan 3 16:22:37 BOT 2012: ASYNC -> STATS> Tiempo respuesta 0.04253 seg.
Tue Jan 3 16:22:40 BOT 2012: ASYNC -> STATS> Tiempo respuesta 0.03396 seg.
Tue Jan 3 16:22:40 BOT 2012: ASYNC -> STATS> Tiempo respuesta 0.028982 seg.
Tue Jan 3 16:22:40 BOT 2012: Ajax->Mostrar Ranking:  
Tue Jan 3 16:22:49 BOT 2012: Ajax-> Mostrar Ranking > tono:382 
Tue Jan 3 16:22:49 BOT 2012: Ajax->Mostrar Ranking:  
Tue Jan 3 16:22:52 BOT 2012: ASYNC -> STATS> Tiempo respuesta 0.005587 seg.
Tue Jan 3 16:22:55 BOT 2012: Ajax->Mostrar Comentarios:  
Tue Jan 3 16:22:58 BOT 2012: Ajax->Mostrar Megusta:  
Tue Jan 3 16:23:07 BOT 2012: Ajax->Mostrar Comentarios:  
Tue Jan 3 16:23:10 BOT 2012: ASYNC -> STATS> Tiempo respuesta -0.257332 seg.
Tue Jan 3 16:23:10 BOT 2012: Asignar backtone escuchado > Asi termino:571,120,82,24,115946,115945,115937,104660,104659,104658,105645,105647,104108,
Tue Jan 3 16:23:10 BOT 2012: Mostrar Cantidad reproducciones: tono:103615 cantidad: 0
Tue Jan 3 16:24:04 BOT 2012: ASYNC -> STATS> Tiempo respuesta 0.127289 seg.
Tue Jan 3 16:25:37 BOT 2012: Ajax->Mostrar Nombre Artista:  
Tue Jan 3 16:26:11 BOT 2012: Ajax->Mostrar Megusta:  
Tue Jan 3 16:27:11 BOT 2012: Asignar backtone escuchado > Asi termino:560,125049,131640,135153,135152,103402,130832,136246,106289,102820,126175,573,102788,103469,103103,140980,131635,131819,106294,
Tue Jan 3 16:27:17 BOT 2012: Ajax->Mostrar Reproducciones:  
Tue Jan 3 16:27:17 BOT 2012: Ajax->Mostrar Reproducciones:  
Tue Jan 3 16:29:38 BOT 2012: Ajax-> Mostrar  Nombre Artista > tono:103078 
Tue Jan 3 16:30:05 BOT 2012: Asignar backtone escuchado > Asi termino:142527,
Tue Jan 3 16:33:33 BOT 2012: Ajax-> Mostrar Comentarios> tono:137248 
Tue Jan 3 16:33:51 BOT 2012: Ajax-> Mostrar  Nombre Genero > tono:102764 
Tue Jan 3 16:33:54 BOT 2012: Ajax->Actualizar pin usuario
Tue Jan 3 16:33:57 BOT 2012: Session Start>  Chequeo de sesion
Tue Jan 3 16:35:00 BOT 2012: ASYNC -> STATS> Tiempo respuesta -0.17327 seg.
Tue Jan 3 16:35:03 BOT 2012: Asignar backtone escuchado > Asi termino:137283,102621,118725,118724,139838,129675,109406,140989,
Tue Jan 3 16:35:30 BOT 2012: WEB REPROD BUSQ > Facebook link: http%3A%2F%2Fbacktones.tigo.com.bo%2Fv3%2Findex.php%3Fseccion%3Dplaylist%26genero%3D155%26f%3D1%26t%3D123123
Tue Jan 3 16:35:57 BOT 2012: Ajax-> Mostrar Megusta> tono:104579 
Tue Jan 3 16:36:45 BOT 2012: Asignar backtone escuchado > Asi termino:104894,104161,104160,104895,105244,102762,102764,102765,125,105247,102758,105281,105765,103135,105771,105236,105767,103275,103274,
Tue Jan 3 16:36:48 BOT 2012: ASYNC -> STATS> Tiempo respuesta 0.003469 seg.
Tue Jan 3 16:36:51 BOT 2012: Ajax->Mostrar Ranking:  
Tue Jan 3 16:36:51 BOT 2012: Ajax->Mostrar Megusta:  
Tue Jan 3 16:36:57 BOT 2012: ASYNC -> STATS> Tiempo respuesta 0.019876 seg.
Tue Jan 3 16:36:57 BOT 2012: Ajax->Mostrar Reproducciones:  
Tue Jan 3 16:38:12 BOT 2012: Mostrar Album: >albumes/album-default.jpg
Tue Jan 3 16:39:03 BOT 2012: Ajax-> Mostrar Comentarios> tono:381 
Tue Jan 3 16:39:21 BOT 2012: Busqueda Inteligente: resultados >135079
Tue Jan 3 16:40:28 BOT 2012: Mostrar Megusta> tono: 125510 msisdn: > a otros 2  les gusta 
Tue Jan 3 16:42:58 BOT 2012: Busqueda Inteligente: resultados >104383
Tue Jan 3 16:43:43 BOT 2012: Ajax-> Mostrar  Nombre Genero > tono:122289 
Tue Jan 3 16:44:46 BOT 2012: Session Start>  session por defecto 
Tue Jan 3 16:45:49 BOT 2012: Ajax->Mostrar Comentarios:  
Tue Jan 3 16:45:52 BOT 2012: Busqueda Inteligente: 
Tue Jan 3 16:46:35 BOT 2012: ASYNC -> STATS> Tiempo respuesta 0.005009 seg.
Tue Jan 3 16:46:50 BOT 2012: WEB_REPRODUCIR_BUSQUEDA > Se recibieron:114 tonos
Tue Jan 3 16:49:05 BOT 2012: Ajax->Mostrar Ranking:  
Tue Jan 3 16:49:47 BOT 2012: Ajax-> Mostrar  Nombre Artista > tono:104195 
Tue Jan 3 16:50:44 BOT 2012: Session Start>  session por defecto 
Tue Jan 3 16:51:17 BOT 2012: Ajax->Mostrar Megusta:  
Tue Jan 3 16:51:26 BOT 2012: Ajax->Mostrar Imagen Portada:  
Tue Jan 3 16:51:29 BOT 2012: Consulta de precio de reason:10 - msisdn: tono:105704 Async responde:350
 
Tue Jan 3 16:52:35 BOT 2012: Asignar backtone escuchado > Asi termino:112702,103274,105682,134685,134683,134661,104393,240,109322,103343,246,102693,103342,109240,131760,104302,176,104745,128419,104288,
Tue Jan 3 16:53:14 BOT 2012: Ajax-> Mostrar Comentarios> tono:129447 
Tue Jan 3 16:53:39 BOT 2012: Ajax->Mostrar Reproducciones:  
Tue Jan 3 16:53:57 BOT 2012: Ajax-> Mostrar  Nombre Artista > tono:102560 
Tue Jan 3 16:53:57 BOT 2012: Ajax->Mostrar Nombre Genero:  
Tue Jan 3 16:54:21 BOT 2012: Ajax->Mostrar Nombre Artista:  
Tue Jan 3 16:54:51 BOT 2012: WEB_REPRODUCIR_BUSQUEDA > Se recibieron:114 tonos
Tue Jan 3 16:55:57 BOT 2012: Ajax-> Mostrar Ranking > tono:128606 
Tue Jan 3 16:57:00 BOT 2012: Asignar backtone escuchado > Asi termino:104285,126495,104280,132078,106284,104841,108561,493,105841,103937,110343,104674,133769,126481,119,133402,105343,133725,104961,103250,
Tue Jan 3 16:57:30 BOT 2012: Ajax-> Mostrar  Nombre Artista > tono:102776 
Tue Jan 3 16:58:36 BOT 2012: Ajax-> Mostrar  Imagen Portada> tono:104300 
Tue Jan 3 16:59:06 BOT 2012: ASYNC -> STATS> Tiempo respuesta 0.0026510000000001 seg.
Tue Jan 3 16:59:09 BOT 2012: ASYNC -> STATS> Tiempo respuesta 0.0325 seg.
Tue Jan 3 16:59:12 BOT 2012: ASYNC -> STATS> Tiempo respuesta 0.001534 seg.
Tue Jan 3 17:01:16 BOT 2012: Check Session > msisdn: 77539049 > Usuario Valido 
Tue Jan 3 17:01:19 BOT 2012: Ajax-> Mostrar Comentarios> tono:104356 
Tue Jan 3 17:01:43 BOT 2012: Asignar backtone escuchado > Asi termino:135710,116856,103242,103094,135711,135679,103237,116855,135686,103093,103241,103092,135684,135689,103240,135695,135694,105545,135727,103997,
Tue Jan 3 17:02:28 BOT 2012: Ajax->Mostrar Megusta:  
Tue Jan 3 17:02:58 BOT 2012: Ajax-> Mostrar Comentarios> tono:116514 
Tue Jan 3 17:04:31 BOT 2012: ASYNC -> STATS> Tiempo respuesta 0.006806 seg.
Tue Jan 3 17:05:19 BOT 2012: ASYNC -> STATS> Tiempo respuesta 0.002412 seg.
Tue Jan 3 17:05:22 BOT 2012: ASYNC -> STATS> Tiempo respuesta 0.682845 seg.
Tue Jan 3 17:06:25 BOT 2012: Ajax->Mostrar Reproducciones:  
Tue Jan 3 17:10:38 BOT 2012: Ajax-> Mostrar  Imagen Portada> tono:102778 
Tue Jan 3 17:11:02 BOT 2012: Ajax->Mostrar Nombre Genero:  
Tue Jan 3 17:12:08 BOT 2012: Ajax->Mostrar Nombre Genero:  
Tue Jan 3 17:15:30 BOT 2012: Busqueda Inteligente: resultados >104813
Tue Jan 3 17:17:39 BOT 2012: Ajax->Mostrar Megusta:  
Tue Jan 3 17:18:27 BOT 2012: Asignar backtone escuchado > Asi termino:127441,129234,104553,103430,109210,40,103420,109227,137852,102628,103086,102630,103343,109245,109243,246,109246,109238,240,127757,
Tue Jan 3 17:20:18 BOT 2012: Check Session > msisdn: 76712132 > Usuario Valido 
Tue Jan 3 17:25:25 BOT 2012: ASYNC -> STATS> Tiempo respuesta 0.008039 seg.
Tue Jan 3 17:26:10 BOT 2012: Ajax->Mostrar Reproducciones:  
Tue Jan 3 17:26:16 BOT 2012: ASYNC -> STATS> Tiempo respuesta 0.576517 seg.
Tue Jan 3 17:28:10 BOT 2012: Ajax->Mostrar Reproducciones:  
Tue Jan 3 17:28:25 BOT 2012: Busqueda Inteligente: resultados >125498
Tue Jan 3 17:29:08 BOT 2012: Ajax->Mostrar Ranking:  
Tue Jan 3 17:29:08 BOT 2012: Ajax->Mostrar Reproducciones:  
Tue Jan 3 17:32:44 BOT 2012: ASYNC -> STATS> Tiempo respuesta 0.006377 seg.
Tue Jan 3 17:34:14 BOT 2012: Ajax-> Mostrar Ranking > tono:102673 
Tue Jan 3 17:34:50 BOT 2012: Ajax->Mostrar Comentarios:  
Tue Jan 3 17:36:54 BOT 2012: Ajax->Mostrar Nombre Artista:  
Tue Jan 3 17:37:48 BOT 2012: Ajax->Mostrar Nombre Genero:  
Tue Jan 3 17:38:42 BOT 2012: ASYNC -> STATS> Tiempo respuesta 0.004326 seg.
Tue Jan 3 17:39:15 BOT 2012: ASYNC -> STATS> Tiempo respuesta 0.015568 seg.
Tue Jan 3 17:39:27 BOT 2012: Ajax->Mostrar Imagen Portada:  
Tue Jan 3 17:41:03 BOT 2012: Ajax->Mostrar Ranking:  
Tue Jan 3 17:41:24 BOT 2012: Ajax->Mostrar Nombre Genero:  
Tue Jan 3 17:41:27 BOT 2012: Ajax->Mostrar Reproducciones:  
Tue Jan 3 17:41:36 BOT 2012: Check Session > msisdn: 77590727 > Usuario Valido 
Tue Jan 3 17:42:48 BOT 2012: Consulta de precio de reason:2 - msisdn: tono:126154 Async responde:350
 
Tue Jan 3 17:42:48 BOT 2012: ASYNC -> STATS> Tiempo respuesta 0.856789 seg.
Tue Jan 3 17:43:01 BOT 2012: Ajax-> popup_listar_amigos: msisdn:77390636 
Tue Jan 3 17:45:16 BOT 2012: Ajax->Mostrar Comentarios:  
Tue Jan 3 17:45:19 BOT 2012: Ajax->Mostrar Imagen Portada:  
Tue Jan 3 17:45:28 BOT 2012: Ajax-> Mostrar  Imagen Portada> tono:102995 
Tue Jan 3 17:46:49 BOT 2012: Ajax-> Mostrar Ranking > tono:127757 
Tue Jan 3 17:47:58 BOT 2012: Asignar backtone escuchado > Asi termino:104906,104904,391,122651,122650,102652,142132,388,102529,142119,103793,276,509,
Tue Jan 3 17:49:01 BOT 2012: Ajax->Mostrar Megusta:  
Tue Jan 3 17:49:49 BOT 2012: Ajax->Mostrar Ranking:  
Tue Jan 3 17:51:44 BOT 2012: Ajax->Mostrar Megusta:  
Tue Jan 3 17:52:47 BOT 2012: Ajax->Mostrar Nombre Artista:  
Tue Jan 3 17:57:32 BOT 2012: Ajax->Mostrar Megusta:  
Tue Jan 3 17:57:35 BOT 2012: Ajax-> Mostrar Comentarios> tono:139727 
Tue Jan 3 17:58:57 BOT 2012: Ajax->Mostrar Comentarios:  
Tue Jan 3 18:01:36 BOT 2012: WEB_REPRODUCIR_BUSQUEDA > Se recibieron:9 tonos
Tue Jan 3 18:03:03 BOT 2012: Ajax->Mostrar Nombre Genero:  
Tue Jan 3 18:03:48 BOT 2012: Ajax->Mostrar Comentarios:  
Tue Jan 3 18:03:51 BOT 2012: Ajax-> Mostrar  Nombre Artista > tono:104612 
Tue Jan 3 18:04:18 BOT 2012: ASYNC -> STATS> Tiempo respuesta 0.017144 seg.
Tue Jan 3 18:04:36 BOT 2012: Ajax->Mostrar Nombre Artista:  
Tue Jan 3 18:06:07 BOT 2012: ASYNC -> STATS> Tiempo respuesta 0.008292 seg.
Tue Jan 3 18:06:10 BOT 2012: Consulta de precio de reason:5 - msisdn: tono:511 Async responde:350
 
Tue Jan 3 18:06:31 BOT 2012: Ajax-> Mostrar  Nombre Genero > tono:240 
Tue Jan 3 18:06:52 BOT 2012: Ajax->Mostrar Reproducciones:  
Tue Jan 3 18:07:25 BOT 2012: Consulta de precio de reason:2 - msisdn: tono:105234 Async responde:350
 
Tue Jan 3 18:07:40 BOT 2012: Ajax->Mostrar Ranking:  
Tue Jan 3 18:07:55 BOT 2012: Busqueda Inteligente: resultados >173
Tue Jan 3 18:08:34 BOT 2012: WEB_REPRODUCIR_BUSQUEDA > Se recibieron:6 tonos
Tue Jan 3 18:09:25 BOT 2012: Asignar backtone escuchado > Asi termino:129445,129230,123218,110221,103686,132096,103713,104465,103712,141880,141881,142527,
Tue Jan 3 18:10:16 BOT 2012: Ajax-> Mostrar  Imagen Portada> tono:102646 
Tue Jan 3 18:11:16 BOT 2012: Ajax-> Mostrar  Nombre Genero > tono:103088 
Tue Jan 3 18:12:16 BOT 2012: Ajax-> Mostrar Ranking > tono:127376 
Tue Jan 3 18:12:16 BOT 2012: Ajax-> Mostrar Ranking > tono:102526 
Tue Jan 3 18:12:16 BOT 2012: Ajax-> Mostrar Ranking > tono:137270 
Tue Jan 3 18:12:53 BOT 2012: ASYNC -> STATS> Tiempo respuesta -0.553745 seg.
Tue Jan 3 18:13:05 BOT 2012: Mostrar Ranking: tono:334 calificacion: 
Tue Jan 3 18:13:20 BOT 2012: Busqueda Inteligente: resultados >104251
Tue Jan 3 18:14:11 BOT 2012: ASYNC -> STATS> Tiempo respuesta -0.411533 seg.
Tue Jan 3 18:15:20 BOT 2012: Ajax-> Mostrar Comentarios> tono:129419 
Tue Jan 3 18:15:41 BOT 2012: Ajax-> Mostrar Ranking > tono:104206 
Tue Jan 3 18:16:14 BOT 2012: Ajax->Mostrar Ranking:  
Tue Jan 3 18:18:05 BOT 2012: Ajax->Mostrar Reproducciones:  
Tue Jan 3 18:18:41 BOT 2012: MTD_DB_BUSCAR_ARTISTAS > retornando registros:62
Tue Jan 3 18:19:41 BOT 2012: Ajax-> Mostrar Megusta> tono:134015 
Tue Jan 3 18:19:51 BOT 2012: Ajax->Mostrar Comentarios:  
Tue Jan 3 18:21:33 BOT 2012: Ajax-> Mostrar  Nombre Artista > tono:425 
Tue Jan 3 18:21:36 BOT 2012: Ajax->Mostrar Megusta:  
Tue Jan 3 18:24:03 BOT 2012: Ajax->Mostrar Megusta:  
Tue Jan 3 18:24:06 BOT 2012: Ajax-> Mostrar  Nombre Genero > tono:109247 
Tue Jan 3 18:25:24 BOT 2012: Ajax->Mostrar Ranking:  
Tue Jan 3 18:26:09 BOT 2012: Ajax-> Mostrar  Imagen Portada> tono:110346 
Tue Jan 3 18:26:42 BOT 2012: ASYNC -> STATS> Tiempo respuesta 0.010737 seg.
Tue Jan 3 18:27:55 BOT 2012: ASYNC -> STATS> Tiempo respuesta 0.007165 seg.
Tue Jan 3 18:28:04 BOT 2012: Ajax->Mostrar Comentarios:  
Tue Jan 3 18:28:37 BOT 2012: ASYNC -> STATS> Tiempo respuesta -0.385098 seg.
Tue Jan 3 18:28:37 BOT 2012: Ajax->Mostrar Ranking:  
Tue Jan 3 18:28:46 BOT 2012: ASYNC -> STATS> Tiempo respuesta 0.007007 seg.
Tue Jan 3 18:28:55 BOT 2012: Ajax-> Mostrar  Nombre Artista > tono:134660 
Tue Jan 3 18:29:28 BOT 2012: ASYNC -> STATS> Tiempo respuesta 0.002729 seg.
Tue Jan 3 18:30:43 BOT 2012: Ajax->Mostrar Megusta:  
Tue Jan 3 18:31:07 BOT 2012: Ajax->Mostrar Nombre Genero:  
Tue Jan 3 18:31:37 BOT 2012: ASYNC -> STATS> Tiempo respuesta 0.004314 seg.
Tue Jan 3 18:31:40 BOT 2012: Mostrar Genero: >G&eacute;nero:  <a href='index.php?seccion=playlist&genero=155'>Romanticas</a>
Tue Jan 3 18:31:46 BOT 2012: Ajax->Mostrar Megusta:  
Tue Jan 3 18:31:46 BOT 2012: ASYNC -> STATS> Tiempo respuesta 0.249307 seg.
Tue Jan 3 18:32:10 BOT 2012: MTD_DB_BUSCAR_ARTISTAS > retornando registros:15
Tue Jan 3 18:33:59 BOT 2012: Ajax-> Mostrar Ranking > tono:104220 
Tue Jan 3 18:34:20 BOT 2012: Check Session > msisdn: 77344222  token:2e0e97a6f770ea372334380279a06788
Tue Jan 3 18:34:20 BOT 2012: Ajax->Mostrar Comentarios:  
Tue Jan 3 18:34:29 BOT 2012: Ajax-> Mostrar Ranking > tono:133681 
Tue Jan 3 18:34:41 BOT 2012: Ajax-> Mostrar Comentarios> tono:105576 
Tue Jan 3 18:34:53 BOT 2012: Busqueda Inteligente: 
Tue Jan 3 18:35:08 BOT 2012: Ajax->Mostrar Ranking:  
Tue Jan 3 18:36:02 BOT 2012: Asignar backtone escuchado > Asi termino:103430,
Tue Jan 3 18:36:14 BOT 2012: Ajax->Mostrar Megusta:  
Tue Jan 3 18:36:47 BOT 2012: Ajax->Mostrar Megusta:  
Tue Jan 3 18:37:47 BOT 2012: ASYNC -> STATS> Tiempo respuesta 0.004645 seg.
Tue Jan 3 18:39:26 BOT 2012: Ajax-> Mostrar  Imagen Portada> tono:104024 
Tue Jan 3 18:44:33 BOT 2012: Mostrar Album: >Artista:  <a href='index.php?seccion=playlist&autor=141'>Aventura</a>
Tue Jan 3 18:44:42 BOT 2012: Busqueda Inteligente: resultados >138867
Tue Jan 3 18:45:03 BOT 2012: Ajax->Mostrar Megusta:  
Tue Jan 3 18:45:06 BOT 2012: Ajax->Mostrar Nombre Artista:  
Tue Jan 3 18:47:06 BOT 2012: Ajax-> Mostrar Ranking > tono:109314 
Tue Jan 3 18:49:01 BOT 2012: ASYNC -> STATS> Tiempo respuesta -0.247807 seg.
Tue Jan 3 18:49:01 BOT 2012: Ajax->Mostrar Ranking:  
Tue Jan 3 18:49:25 BOT 2012: ASYNC -> STATS> Tiempo respuesta 0.006489 seg.
Tue Jan 3 18:49:31 BOT 2012: STATS > BUSQUEDA DE BACKTONE >Tiempo: 0.118166 seg. | registros: 114
Tue Jan 3 18:50:22 BOT 2012: Ajax->Mostrar Reproducciones:  
Tue Jan 3 18:50:28 BOT 2012: Ajax->Mostrar Reproducciones:  
Tue Jan 3 18:50:40 BOT 2012: Ajax-> Mostrar  Nombre Genero > tono:104287 
Tue Jan 3 18:51:01 BOT 2012: ASYNC -> STATS> Tiempo respuesta 0.315617 seg.
Tue Jan 3 18:51:04 BOT 2012: ASYNC -> STATS> Tiempo respuesta 0.198407 seg.
Tue Jan 3 18:51:07 BOT 2012: Ajax->Mostrar Megusta:  
Tue Jan 3 18:51:13 BOT 2012: ASYNC -> STATS> Tiempo respuesta -0.321144 seg.
Tue Jan 3 18:51:19 BOT 2012: Ajax-> Mostrar  Nombre Artista > tono:103690 
Tue Jan 3 18:51:19 BOT 2012: Ajax-> Mostrar  Imagen Portada> tono:135045 
Tue Jan 3 18:51:25 BOT 2012: Ajax-> Mostrar Ranking > tono:7 
Tue Jan 3 18:51:58 BOT 2012: Ajax->Mostrar Imagen Portada:  
Tue Jan 3 18:52:37 BOT 2012: Ajax->Mostrar Nombre Artista:  
Tue Jan 3 18:53:28 BOT 2012: ASYNC -> STATS> Tiempo respuesta 0.009939 seg.
Tue Jan 3 18:53:34 BOT 2012: Ajax-> Mostrar Ranking > tono:123538 
Tue Jan 3 18:53:55 BOT 2012: Ajax-> Mostrar Ranking > tono:123533 
Tue Jan 3 18:54:58 BOT 2012: Ajax->Mostrar Comentarios:  
Tue Jan 3 18:55:07 BOT 2012: Ajax->Mostrar Ranking:  
Tue Jan 3 18:55:07 BOT 2012: Ajax->Mostrar Reproducciones:  
Tue Jan 3 18:55:16 BOT 2012: Ajax-> Mostrar  Imagen Portada> Album:albumes/juanes.jpg
Tue Jan 3 18:55:41 BOT 2012: Ajax-> Mostrar Comentarios> tono:104508 
Tue Jan 3 18:55:50 BOT 2012: Mostrar Ranking: tono:104806 calificacion: 
Tue Jan 3 18:56:14 BOT 2012: WEB_REPRODUCIR_BUSQUEDA > Se recibieron:5 tonos
Tue Jan 3 18:56:20 BOT 2012: Ajax-> Mostrar Ranking > tono:132054 
Tue Jan 3 18:56:35 BOT 2012: ASYNC -> STATS> Tiempo respuesta 0.005011 seg.
Tue Jan 3 19:16:26 BOT 2012: Ajax->Mostrar Reproducciones:  
Tue Jan 3 19:16:26 BOT 2012: Busqueda Inteligente: resultados >103602
Tue Jan 3 21:10:42 BOT 2012: Mostrar Megusta > tono: 106237 msisdn:76218300 > cantidad de registros: 0
Tue Jan 3 21:12:48 BOT 2012: WEB_REPRODUCIR_BUSQUEDA > Se recibieron:4 tonos
Tue Jan 3 21:15:07 BOT 2012: Ajax->Mostrar Ranking:  
Tue Jan 3 21:18:13 BOT 2012: ASYNC -> STATS> Tiempo respuesta 0.534111 seg.
Tue Jan 3 21:19:40 BOT 2012: Ajax->Mostrar Megusta:  
Tue Jan 3 21:20:31 BOT 2012: Ajax-> Mostrar Ranking > tono:103192 
Tue Jan 3 21:20:34 BOT 2012: ASYNC -> STATS> Tiempo respuesta -0.01677 seg.
Tue Jan 3 21:20:52 BOT 2012: Ajax-> Mostrar  Genero > G&eacute;nero:  <a href='index.php?seccion=playlist&genero=116'>Folklore</a>
Tue Jan 3 21:21:10 BOT 2012: Ajax-> Mostrar Comentarios> tono:105555 
Tue Jan 3 21:25:59 BOT 2012: ASYNC -> STATS> Tiempo respuesta 0.0088140000000001 seg.
Tue Jan 3 21:29:39 BOT 2012: Ajax-> Mostrar  Nombre Genero > tono:105284 
Tue Jan 3 21:30:27 BOT 2012: Ajax-> Mostrar  Imagen Portada> tono:105278 
Tue Jan 3 21:32:36 BOT 2012: Ajax-> Mostrar  Genero > G&eacute;nero:  <a href='index.php?seccion=playlist&genero=110'>Cumbia</a>
Tue Jan 3 21:32:57 BOT 2012: Ajax-> Mostrar  Nombre Genero > tono:123515 
Tue Jan 3 21:34:48 BOT 2012: Ajax->Mostrar Nombre Genero:  
Tue Jan 3 21:34:57 BOT 2012: STATS > BUSQUEDA DE BACKTONE >Tiempo: -0.118388 seg. | registros: 107
Tue Jan 3 21:36:37 BOT 2012: Ajax->Mostrar Megusta:  
Tue Jan 3 21:36:37 BOT 2012: Session Start>  session por defecto 
Tue Jan 3 21:36:58 BOT 2012: Ajax-> Mostrar  Nombre Artista > tono:103701 
Tue Jan 3 21:37:34 BOT 2012: Busqueda Inteligente: need ypu now
Tue Jan 3 21:40:25 BOT 2012: Ajax->Mostrar Comentarios:  
Tue Jan 3 21:41:13 BOT 2012: Busqueda Inteligente: resultados >102679
Tue Jan 3 21:42:10 BOT 2012: Asignar backtone escuchado > Asi termino:104784,103819,127459,436,102727,142148,127457,110100,434,104555,104095,104561,127441,103817,136632,136633,103816,127417,104560,129234,
Tue Jan 3 21:42:38 BOT 2012: ASYNC -> STATS> Tiempo respuesta -0.9955 seg.
Tue Jan 3 21:44:08 BOT 2012: ASYNC -> STATS> Tiempo respuesta 0.290229 seg.
Tue Jan 3 21:44:11 BOT 2012: Ajax->Mostrar Megusta:  
Tue Jan 3 21:44:14 BOT 2012: ASYNC -> STATS> Tiempo respuesta -0.165943 seg.
Tue Jan 3 21:45:02 BOT 2012: Busqueda Inteligente: Resultado 
 137972;Zero 76 Original Mix part 2;Dj Tiesto and Hardwell;Electronicas
137086;C Mon ft Diplo and Bustha Rhymes;Dj Tiesto;Electronicas
137970;C Mon ft Diplo and Bustha Rhymes;Dj Tiesto Vs Diplo;Electronicas
276;15 dias;La banda de lechuga;Cumbia
121;Andando;Diego Torres;Latinas
103692;ANDANDO-;Diego Torres;Latinas
333;Blandingo del dedo;Aldo Penha;Carnaval
104331;Cara de Dengue V1;DJ;Sonidos
138286;Traffic Radio Edit;Dj Tiesto;Electronicas
138311;Who Wants To Be Alone;Dj Tiesto feat Nelly Furtado;Electronicas
104190; Canita Canaveral;Banda Juventud Centralistas de La Paz;Carnaval
104177; Chirapas;La Banda de Perucho;Carnaval
104189; El Tio;Banda Juventud Centralistas de La Paz;Carnaval
104178; En Las Playas Del Beni;La Banda de Perucho;Carnaval
104195; Mi Fiel Promesa;Banda Juventud Centralistas de La Paz;Carnaval
104175; Tahichi Aguilera;La Banda de Perucho;Carnaval
107794;-Rey Tu Credito se esta agotando-MTV ISA TKM;MTV;MTV
103479;2EntraEnMiVidaAlbumVersion;Sin Bandera;Latinas
103480;2Recordando a Natacha;Sombra;Latinas
102646;5 de septiembre;Banda reggaeton;Reggaeton
104886;Abusadora;Wisin y Yandel;Reggaeton
105302;Adios; Yandel-Franco "El Gorilla";Latinas
103596;AdoradoTormento;Vicente Fernandez;Rancheras
142912;Adornando El Arbolito;opratel;Navidad
107747;Alex A donde estas llamando-MTV ISA TKM;MTV;MTV
104510; Chiquillada V2;Jardin Unicornio;Sonidos
325;Amor en bici;La banda de lechuga;Cumbia
129899;Antes De Ti;Marcela Gandara;Cristianas
104193;Ay Rosita;Banda Juventud Centralistas de La Paz;Carnaval
104051;Bandas marchando;Version Opratel;Clasicos
104223;bandera blanca;SERGIO DALMA;Latinas
129936;Besos Usados Opratel;Andres Cepeda Opratel;Mi Promo ConTigo
103320;Boricua morena dominicano;Banda reggaeton;Reggaeton
102870;calentando me voy;David Bisal;Latinas
105392;Campanada de reloj;Mob Effects;Sonidos
104969;Cancion Del Adios;Soledad Pastorutti;Latinas
105564;cantos vallegrandinos;BANDAS;Carnaval
521;Carita de angel;Banda reggaeton;Reggaeton
105567;carnaval de vallegrande;BANDAS;Carnaval
105569;carnaval vallegrandino;BANDAS;Carnaval
104507; Dormite Tranquilo;Claudio Taddei;Sonidos
131036;Angela camba ordinario;Pablo Fernandez;Pablo Fernandez
104070;Aprendiste A Volar Remix;Vicente Fernandez;Rancheras
141636;ASE_02DEDIC2011_1_SALUDO;KARAOKE;KARAOKE
141626;ASE_02DEDIC2011_1_SONIDO;KARAOKE;KARAOKE
141631;ASE_02DEDIC2011_2_SONIDO;KARAOKE;KARAOKE
141659;ASE_03DEDIC2011_1_SALUDO;KARAOKE;KARAOKE
141661;ASE_03DEDIC2011_1_SONIDO;KARAOKE;KARAOKE
141676;ASE_03DEDIC2011_2_SALUDO;KARAOKE;KARAOKE
141665;ASE_03DEDIC2011_2_SONIDO;KARAOKE;KARAOKE
141677;ASE_03DEDIC2011_3_SALUDO;KARAOKE;KARAOKE
141673;ASE_03DEDIC2011_3_SONIDO;KARAOKE;KARAOKE
141674;ASE_03DEDIC2011_4_SONIDO;KARAOKE;KARAOKE
141678;ASE_03DEDIC2011_5_SONIDO;KARAOKE;KARAOKE
141682;ASE_03DEDIC2011_6_SONIDO;KARAOKE;KARAOKE
141683;ASE_03DEDIC2011_7_SONIDO;KARAOKE;KARAOKE
142066;ASE_10DEDIC2011_1_SONIDO;KARAOKE;KARAOKE
142069;ASE_10DEDIC2011_2_SONIDO;KARAOKE;KARAOKE
142184;ASE_11DEDIC2011_1_SALUDO;KARAOKE;KARAOKE
142782;ASE_23DEDIC2011_1_SALUDO;KARAOKE;KARAOKE
142807;ASE_24DEDIC2011_1_SALUDO;KARAOKE;KARAOKE
142809;ASE_24DEDIC2011_2_SALUDO;KARAOKE;KARAOKE
143130;ASE_30DEDIC2011_1_SALUDO;KARAOKE;KARAOKE
143148;ASE_30DEDIC2011_1_SONIDO;KARAOKE;KARAOKE
143147;ASE_30DEDIC2011_2_SALUDO;KARAOKE;KARAOKE
143153;ASE_30DEDIC2011_2_SONIDO;KARAOKE;KARAOKE
143156;ASE_30DEDIC2011_3_SALUDO;KARAOKE;KARAOKE
143171;ASE_31DEDIC2011_1_SALUDO;KARAOKE;KARAOKE
143163;ASE_31DEDIC2011_1_SONIDO;KARAOKE;KARAOKE
143176;ASE_31DEDIC2011_2_SALUDO;KARAOKE;KARAOKE
143164;ASE_31DEDIC2011_2_SONIDO;KARAOKE;KARAOKE
143173;ASE_31DEDIC2011_3_SONIDO;KARAOKE;KARAOKE
143172;ASE_31DEDIC2011_4_SONIDO;KARAOKE;KARAOKE
141563;AVV_01DEDIC2011_1_SALUDO;KARAOKE;KARAOKE
141639;AVV_03DEDIC2011_1_SALUDO;KARAOKE;KARAOKE
143353;AVV_03DEDIC2012_1_SALUDO;KARAOKE;KARAOKE
104612;Amor De Los Dos En Vivo;Vicente Fernandez;Rancheras
113600;besos mojados;Wisin y Yandel;Reggaeton
133883;Bleeding Heart;Jimi Hendrix;Wisin y Yandel Regalo 2x1
104371;Buscar;la mancha de rolando;Latinas
104372;Calavera;la mancha de rolando;Latinas
104072;Campanas Del Olvido Remix;Vicente Fernandez;Rancheras
104332;Cara de Dengue V2;DJ;BICENTENARIO
126175;Invisible feat Luis Enrique and DJ Kane;A.B. Quintanilla;Cumbia
138309;Just Be ft Kristy Hawkshaw;Dj Tiesto;Electronicas
128956;Lady Opratel;Dj Mendez  
Tue Jan 3 21:45:38 BOT 2012: Ajax-> Mostrar Ranking > tono:103171 
Tue Jan 3 21:45:44 BOT 2012: ASYNC -> STATS> Tiempo respuesta 0.018035 seg.
Tue Jan 3 21:47:33 BOT 2012: Ajax-> Mostrar Comentarios> tono:103713 
Tue Jan 3 21:47:36 BOT 2012: Ajax->Mostrar Reproducciones:  
Tue Jan 3 21:47:57 BOT 2012: Ajax->Mostrar Nombre Genero:  
Tue Jan 3 21:48:36 BOT 2012: Ajax-> Mostrar  Imagen Portada> tono:105626 
Tue Jan 3 21:49:00 BOT 2012: Ajax->Mostrar Imagen Portada:  
Tue Jan 3 21:49:51 BOT 2012: Asignar backtone escuchado > Asi termino:127441,103430,106266,124243,102630,135225,104088,136630,113047,103872,103817,136632,104560,104553,103451,104562,127420,104784,103819,127459,
Tue Jan 3 21:50:45 BOT 2012: ASYNC -> STATS> Tiempo respuesta 0.0058280000000001 seg.
Tue Jan 3 21:53:18 BOT 2012: Ajax->Mostrar Ranking:  
