Sat Aug 25 0:09:04 BOT 2012: STATS > BUSQUEDA DE BACKTONE >Tiempo: 0.586595 seg. | registros: 46
Sat Aug 25 0:37:08 BOT 2012: ASYNC -> STATS> Tiempo respuesta 0.003316 seg.
Sat Aug 25 0:40:29 BOT 2012: Asignar backtone escuchado > Asi termino:129268,246,257,449,102650,103342,240,116466,103134,572,103790,102630,152502,
Sat Aug 25 0:41:42 BOT 2012: Asignar backtone escuchado > Asi termino:105389,468,131642,130832,129268,246,257,449,102650,103342,240,116466,103134,572,103790,102630,152502,
Sat Aug 25 0:46:04 BOT 2012: Busqueda Inteligente: resultados >103859
Sat Aug 25 0:46:13 BOT 2012: Ajax-> Mostrar  Imagen Portada> tono:118725 
Sat Aug 25 0:46:22 BOT 2012: Ajax->Mostrar Ranking:  
Sat Aug 25 0:46:22 BOT 2012: Ajax-> Mostrar Ranking > tono:118745 
Sat Aug 25 0:46:25 BOT 2012: ASYNC -> STATS> Tiempo respuesta -0.018734 seg.
Sat Aug 25 0:47:34 BOT 2012: Consulta de precio de reason:2 - msisdn: tono:105519 Async responde:350
 
Sat Aug 25 0:50:11 BOT 2012: Ajax-> Mostrar  Imagen Portada> tono:139844 
Sat Aug 25 0:51:02 BOT 2012: Ajax->Mostrar Ranking:  
Sat Aug 25 0:51:14 BOT 2012: Mostrar Genero: >G&eacute;nero:  <a href='index.php?seccion=playlist&genero=143'>Latinas</a>
Sat Aug 25 1:04:50 BOT 2012: Ajax->Mostrar Ranking:  
Sat Aug 25 1:10:09 BOT 2012: ASYNC -> STATS> Tiempo respuesta 0.002516 seg.
Sat Aug 25 2:08:48 BOT 2012: Busqueda Inteligente: Cosa Nostra
Sat Aug 25 2:22:30 BOT 2012: STATS > BUSQUEDA DE BACKTONE >Tiempo: 0.164185 seg. | registros: 30
Sat Aug 25 2:27:16 BOT 2012: Busqueda Inteligente: resultados >124051
Sat Aug 25 9:32:50 BOT 2012: Session Start>  session por defecto 
Sat Aug 25 9:36:15 BOT 2012: Busqueda Inteligente: resultados >118747
Sat Aug 25 9:37:52 BOT 2012: ASYNC -> STATS> Tiempo respuesta -0.013331 seg.
Sat Aug 25 9:37:52 BOT 2012: ASYNC -> STATS> Tiempo respuesta -0.01224 seg.
Sat Aug 25 9:39:01 BOT 2012: Ajax->Mostrar Megusta:  
Sat Aug 25 9:42:32 BOT 2012: Ajax-> Mostrar Ranking > tono:113611 
Sat Aug 25 9:43:32 BOT 2012: Ajax->Mostrar Ranking:  
Sat Aug 25 9:45:11 BOT 2012: Busqueda Inteligente: resultados >152208
Sat Aug 25 9:45:14 BOT 2012: Mostrar Genero: >G&eacute;nero:  <a href='index.php?seccion=playlist&genero=96'>Bachata y Vallenato</a>
Sat Aug 25 9:45:23 BOT 2012: ASYNC -> STATS> Tiempo respuesta 0.0031410000000001 seg.
Sat Aug 25 9:45:57 BOT 2012: Mostrar Cantidad reproducciones: tono:128275 cantidad: 0
Sat Aug 25 9:45:57 BOT 2012: ASYNC -> STATS> Tiempo respuesta 0.006234 seg.
Sat Aug 25 9:50:25 BOT 2012: Ajax-> Mostrar Ranking > tono:121503 
Sat Aug 25 9:54:17 BOT 2012: Ajax-> Mostrar  Imagen Portada> tono:150320 
Sat Aug 25 9:55:38 BOT 2012: Ajax->Mostrar Megusta:  
Sat Aug 25 9:56:53 BOT 2012: Mostrar Album: >albumes/album-default.jpg
Sat Aug 25 10:05:49 BOT 2012: ASYNC -> STATS> Tiempo respuesta 0.006219 seg.
Sat Aug 25 10:11:05 BOT 2012: Ajax->Mostrar Nombre Genero:  
Sat Aug 25 10:15:06 BOT 2012: Ajax->Mostrar Reproducciones:  
Sat Aug 25 10:17:19 BOT 2012: Ajax->Mostrar Nombre Artista:  
Sat Aug 25 10:23:17 BOT 2012: Ajax->Mostrar Ranking:  
Sat Aug 25 10:23:20 BOT 2012: Consulta de precio de reason:2 - msisdn: tono:103671 Async responde:350
 
Sat Aug 25 10:23:23 BOT 2012: Asignar backtone escuchado > Asi termino:131721,147195,132110,105546,105262,151286,126855,126857,
Sat Aug 25 10:23:23 BOT 2012: Asignar backtone escuchado > Asi termino:104253,
Sat Aug 25 10:23:23 BOT 2012: Asignar backtone escuchado > Asi termino:103671,103598,104307,103224,104199,199,104465,130832,104009,145210,105005,105004,105003,104467,104466,105002,105006,105001,105000,104999,
Sat Aug 25 10:24:21 BOT 2012: Ajax->Mostrar Comentarios:  
Sat Aug 25 10:26:06 BOT 2012: Ajax-> Mostrar  Imagen Portada> tono:103749 
Sat Aug 25 10:26:06 BOT 2012: Busqueda Inteligente: 
Sat Aug 25 10:28:13 BOT 2012: Ajax->Mostrar Nombre Genero:  
Sat Aug 25 10:28:34 BOT 2012: Asignar backtone escuchado > Asi termino:129231,105001,147767,105000,104998,104999,125660,126029,103687,129445,129230,123218,110221,103686,128413,132096,103713,104465,103712,141880,
Sat Aug 25 10:33:29 BOT 2012: ASYNC -> STATS> Tiempo respuesta 0.001491 seg.
Sat Aug 25 10:33:59 BOT 2012: Mostrar Comentarios : tono:105005 
Sat Aug 25 10:34:32 BOT 2012: Ajax->Mostrar Comentarios:  
Sat Aug 25 10:35:36 BOT 2012: Ajax-> Mostrar Ranking > tono:149592 
Sat Aug 25 10:35:39 BOT 2012: ASYNC -> STATS> Tiempo respuesta 0.002116 seg.
Sat Aug 25 10:38:45 BOT 2012: Ajax-> Mostrar Ranking > tono:276 
Sat Aug 25 10:40:52 BOT 2012: Ajax-> Mostrar Ranking > tono:124050 
Sat Aug 25 10:43:38 BOT 2012: Ajax->Mostrar Megusta:  
Sat Aug 25 10:44:35 BOT 2012: Ajax-> Mostrar Comentarios> tono:105001 
Sat Aug 25 10:49:21 BOT 2012: Ajax-> Mostrar  Imagen Portada> tono:127759 
Sat Aug 25 10:49:51 BOT 2012: Ajax-> Mostrar  Imagen Portada> tono:104198 
Sat Aug 25 10:51:22 BOT 2012: Ajax->Mostrar Comentarios:  
Sat Aug 25 10:56:02 BOT 2012: ASYNC -> STATS> Tiempo respuesta 0.014092 seg.
Sat Aug 25 10:56:44 BOT 2012: Ajax->Mostrar Megusta:  
Sat Aug 25 10:57:08 BOT 2012: Ajax->Mostrar Nombre Genero:  
Sat Aug 25 10:57:11 BOT 2012: Ajax->Mostrar Reproducciones:  
Sat Aug 25 10:58:06 BOT 2012: ASYNC -> STATS> Tiempo respuesta 0.003725 seg.
Sat Aug 25 10:58:09 BOT 2012: Ajax->Mostrar Ranking:  
Sat Aug 25 10:59:18 BOT 2012: Ajax->Mostrar Nombre Artista:  
Sat Aug 25 11:01:12 BOT 2012: ASYNC -> STATS> Tiempo respuesta 0.003211 seg.
Sat Aug 25 11:04:31 BOT 2012: Ajax->Mostrar Megusta:  
Sat Aug 25 11:06:53 BOT 2012: Ajax->Mostrar Megusta:  
Sat Aug 25 11:07:50 BOT 2012: Ajax->Mostrar Reproducciones:  
Sat Aug 25 11:09:24 BOT 2012: Ajax->Mostrar Reproducciones:  
Sat Aug 25 11:10:57 BOT 2012: Ajax-> Mostrar  Nombre Genero > tono:103701 
Sat Aug 25 11:12:39 BOT 2012: ASYNC -> STATS> Tiempo respuesta 0.0030140000000001 seg.
Sat Aug 25 11:13:19 BOT 2012: Mostrar Album: >albumes/album-default.jpg
Sat Aug 25 11:14:52 BOT 2012: Ajax-> Mostrar Comentarios> tono:534 
Sat Aug 25 11:16:53 BOT 2012: Ajax->Mostrar Reproducciones:  
Sat Aug 25 11:17:29 BOT 2012: Ajax-> Mostrar Comentarios> tono:127423 
Sat Aug 25 11:17:59 BOT 2012: Ajax-> Mostrar Ranking > tono:149592 
Sat Aug 25 11:23:24 BOT 2012: Ajax->Mostrar Imagen Portada:  
Sat Aug 25 11:23:33 BOT 2012: ASYNC -> STATS> Tiempo respuesta 0.478005 seg.
Sat Aug 25 11:23:36 BOT 2012: ASYNC -> STATS> Tiempo respuesta -0.074331 seg.
Sat Aug 25 11:23:36 BOT 2012: Ajax-> Mostrar Ranking > tono:149592 
Sat Aug 25 11:23:36 BOT 2012: Asignar backtone escuchado > Asi termino:127759,106266,152504,124243,109247,109318,109317,246,104393,104278,449,240,
Sat Aug 25 11:23:36 BOT 2012: ASYNC -> STATS> Tiempo respuesta 0.673787 seg.
Sat Aug 25 11:23:36 BOT 2012: Ajax->Mostrar Reproducciones:  
Sat Aug 25 11:29:50 BOT 2012: Ajax->Mostrar Reproducciones:  
Sat Aug 25 11:30:08 BOT 2012: Ajax->Mostrar Ranking:  
Sat Aug 25 11:30:14 BOT 2012: Consulta de precio de reason:3 - msisdn: tono:105233 Async responde:350
 
Sat Aug 25 11:30:35 BOT 2012: ASYNC -> STATS> Tiempo respuesta 0.003065 seg.
Sat Aug 25 11:32:21 BOT 2012: Ajax-> Mostrar  Nombre Artista > tono:103995 
Sat Aug 25 11:34:27 BOT 2012: Ajax->Mostrar Ranking:  
Sat Aug 25 11:34:27 BOT 2012: DB_LISTAR_TONOS> Se econtraron 1 resultados con estos ID:147132, 
Sat Aug 25 11:34:27 BOT 2012: Asignar backtone escuchado > Asi termino:105231,104250,104301,104940,103087,116469,116502,116504,104460,103086,
Sat Aug 25 12:38:09 BOT 2012: Busqueda Inteligente: resultados >110742
Sat Aug 25 12:46:57 BOT 2012: Consulta de precio de reason:2 - msisdn:75640000 tono:131003 Async responde:350
 
Sat Aug 25 12:47:00 BOT 2012: ASYNC -> STATS> Tiempo respuesta -0.008974 seg.
Sat Aug 25 12:47:03 BOT 2012: Asignar backtone escuchado > Asi termino:131003,118732,130999,152222,139971,152208,139958,118725,124051,124050,150312,126144,126167,145254,145257,145223,145227,
Sat Aug 25 12:47:09 BOT 2012: Ajax->Mostrar Reproducciones:  
Sat Aug 25 12:47:12 BOT 2012: Ajax->Mostrar Reproducciones:  
Sat Aug 25 12:54:29 BOT 2012: Ajax-> Mostrar  Imagen Portada> Album:Artista:  <a href='index.php?seccion=playlist&autor=1642'>Gusttavo Lima</a>
Sat Aug 25 12:58:54 BOT 2012: Ajax->Mostrar Reproducciones:  
Sat Aug 25 13:06:23 BOT 2012: Ajax->Mostrar Reproducciones:  
Sat Aug 25 13:11:30 BOT 2012: Ajax->Mostrar Nombre Artista:  
Sat Aug 25 13:15:13 BOT 2012: Busqueda Inteligente: resultados >104376
Sat Aug 25 13:18:11 BOT 2012: ASYNC -> STATS> Tiempo respuesta 0.155469 seg.
Sat Aug 25 13:18:14 BOT 2012: Consulta de precio de reason:3 - msisdn: tono:538 Async responde:350
 
Sat Aug 25 13:22:51 BOT 2012: Ajax-> Mostrar Ranking > tono:117842 
Sat Aug 25 13:27:19 BOT 2012: Mostrar Album: >Artista:  <a href='index.php?seccion=playlist&autor=247'>Maroon5</a>
Sat Aug 25 13:30:17 BOT 2012: Ajax->Mostrar Ranking:  
Sat Aug 25 13:30:20 BOT 2012: ASYNC -> STATS> Tiempo respuesta -0.008192 seg.
Sat Aug 25 13:38:52 BOT 2012: Ajax-> Mostrar Ranking > tono:153338 
Sat Aug 25 13:41:50 BOT 2012: Ajax-> Mostrar  Imagen Portada> Album:Artista:  <a href='index.php?seccion=playlist&autor=492'>Opratel</a>
Sat Aug 25 13:55:02 BOT 2012: Ajax-> Mostrar  Imagen Portada> tono:136044 
Sat Aug 25 13:56:15 BOT 2012: ASYNC -> STATS> Tiempo respuesta -0.492387 seg.
Sat Aug 25 13:56:18 BOT 2012: Consulta de precio de reason:3 - msisdn: tono:104752 Async responde:350
 
Sat Aug 25 13:56:18 BOT 2012: ASYNC -> STATS> Tiempo respuesta 0.207322 seg.
Sat Aug 25 13:56:24 BOT 2012: ASYNC -> STATS> Tiempo respuesta 0.027532 seg.
Sat Aug 25 14:09:15 BOT 2012: Ajax->Mostrar Reproducciones:  
Sat Aug 25 14:14:55 BOT 2012: Ajax->Mostrar Comentarios:  
Sat Aug 25 14:14:55 BOT 2012: Ajax->Mostrar Ranking:  
Sat Aug 25 14:15:01 BOT 2012: Ajax->Mostrar Ranking:  
Sat Aug 25 14:15:04 BOT 2012: Ajax-> Mostrar Ranking > tono:102744 
Sat Aug 25 14:15:16 BOT 2012: Ajax->Mostrar Nombre Genero:  
Sat Aug 25 14:15:22 BOT 2012: Session Start>  session por defecto 
Sat Aug 25 14:16:44 BOT 2012: Ajax-> Mostrar  Imagen Portada> Album:Artista:  <a href='index.php?seccion=playlist&autor=1306'>Aerosmith</a>
Sat Aug 25 14:18:41 BOT 2012: Ajax-> Mostrar Ranking > tono:124320 
Sat Aug 25 14:19:32 BOT 2012: Ajax-> Mostrar Megusta> tono:139335 
Sat Aug 25 14:20:08 BOT 2012: Ajax-> Mostrar  Nombre Artista > tono:136186 
Sat Aug 25 14:25:31 BOT 2012: Mostrar Cantidad reproducciones: tono:105005 cantidad: 0
Sat Aug 25 14:28:29 BOT 2012: Ajax->Mostrar Reproducciones:  
Sat Aug 25 14:33:09 BOT 2012: Ajax-> Mostrar Comentarios> tono:140778 
Sat Aug 25 14:33:09 BOT 2012: Ajax->Mostrar Megusta:  
Sat Aug 25 14:34:09 BOT 2012: Ajax->Mostrar Reproducciones:  
Sat Aug 25 14:39:53 BOT 2012: Session Start>  session por defecto 
Sat Aug 25 14:44:57 BOT 2012: Session Start>  session por defecto 
Sat Aug 25 14:53:17 BOT 2012: Ajax->Mostrar Nombre Artista:  
Sat Aug 25 15:01:58 BOT 2012: Ajax->Mostrar Nombre Artista:  
Sat Aug 25 15:07:51 BOT 2012: Ajax->Mostrar Reproducciones:  
Sat Aug 25 15:17:54 BOT 2012: ASYNC -> STATS> Tiempo respuesta 0.003147 seg.
Sat Aug 25 15:21:13 BOT 2012: Ajax->Mostrar Megusta:  
Sat Aug 25 15:27:36 BOT 2012: Ajax-> Mostrar Ranking > tono:138306 
Sat Aug 25 15:29:21 BOT 2012: Ajax->Mostrar Ranking:  
Sat Aug 25 15:29:24 BOT 2012: Ajax-> Mostrar Megusta> tono:104033 
Sat Aug 25 15:42:18 BOT 2012: ASYNC -> STATS> Tiempo respuesta 0.002951 seg.
Sat Aug 25 15:43:15 BOT 2012: Ajax->Mostrar Comentarios:  
Sat Aug 25 15:44:13 BOT 2012: ASYNC -> STATS> Tiempo respuesta 0.005211 seg.
Sat Aug 25 15:46:31 BOT 2012: Ajax-> Mostrar  Nombre Artista > tono:127472 
Sat Aug 25 15:47:56 BOT 2012: Ajax-> popup_listar_amigos: msisdn: 
Sat Aug 25 15:50:56 BOT 2012: Asignar backtone escuchado > Asi termino:104133,103533,103414,104927,102701,109251,102709,102742,103202,104870,104498,102689,105052,104926,104925,104924,104923,105051,104922,
Sat Aug 25 15:52:21 BOT 2012: Ajax->Mostrar Ranking:  
Sat Aug 25 15:57:13 BOT 2012: ASYNC -> STATS> Tiempo respuesta 0.002811 seg.
Sat Aug 25 15:58:07 BOT 2012: Ajax-> Mostrar  Nombre Artista > tono:128221 
Sat Aug 25 16:02:53 BOT 2012: ASYNC -> STATS> Tiempo respuesta 0.48379 seg.
Sat Aug 25 16:05:24 BOT 2012: Ajax->Mostrar Comentarios:  
Sat Aug 25 16:10:04 BOT 2012: Ajax->Mostrar Reproducciones:  
Sat Aug 25 16:12:02 BOT 2012: Asignar backtone escuchado > Asi termino:131036,104445,104991,118736,147097,103483,135057,127256,104516,177,126146,123010,104532,140810,142632,106382,142225,152124,137882,146575,
Sat Aug 25 16:20:52 BOT 2012: Ajax-> Mostrar  Nombre Artista > tono:110495 
Sat Aug 25 16:23:13 BOT 2012: Busqueda Inteligente: resultados >140087
Sat Aug 25 16:37:02 BOT 2012: Asignar backtone escuchado > Asi termino:103187,126095,62,105342,150302,126470,126857,127904,136258,124025,141266,144646,103062,103745,131819,126476,136251,108557,105422,103748,
Sat Aug 25 16:42:49 BOT 2012: Session Start>  session por defecto 
Sat Aug 25 16:48:11 BOT 2012: Ajax->Mostrar Nombre Artista:  
Sat Aug 25 17:10:21 BOT 2012: Busqueda Inteligente: resultados >102745
Sat Aug 25 17:12:54 BOT 2012: Ajax-> Mostrar Comentarios> tono:104991 
Sat Aug 25 17:21:15 BOT 2012: Asignar backtone escuchado > Asi termino:103459,103458,103462,103460,150032,154226,103450,103449,442,
Sat Aug 25 17:32:09 BOT 2012: Consulta de precio de reason:3 - msisdn: tono:134687 Async responde:350
 
Sat Aug 25 17:37:13 BOT 2012: Ajax-> Mostrar  Nombre Artista > tono:103277 
Sat Aug 25 17:39:23 BOT 2012: Ajax->Mostrar Imagen Portada:  
Sat Aug 25 17:48:04 BOT 2012: Busqueda Inteligente: resultados >141028
Sat Aug 25 18:02:25 BOT 2012: Mostrar Megusta > tono: 102811 msisdn:75892629 > cantidad de registros: 0
Sat Aug 25 18:02:58 BOT 2012: Ajax-> Mostrar  Nombre Artista > tono:104432 
Sat Aug 25 18:15:29 BOT 2012: Mostrar Comentarios : tono:131618 
Sat Aug 25 18:24:01 BOT 2012: Error al consultar precio de renovacion - msisdn: tono:102790 - Async responde -3
Sat Aug 25 18:25:07 BOT 2012: Busqueda Inteligente: resultados >325
Sat Aug 25 18:30:54 BOT 2012: Check Session > msisdn: 77490110 > Usuario Valido 
Sat Aug 25 18:33:52 BOT 2012: WEB_REPRODUCIR_BUSQUEDA > Se recibieron:114 tonos
Sat Aug 25 18:57:10 BOT 2012: Busqueda Inteligente: 
Sat Aug 25 18:59:08 BOT 2012: Ajax-> Mostrar Megusta> tono:149592 
Sat Aug 25 19:00:59 BOT 2012: Ajax-> Mostrar Ranking > tono:109227 
Sat Aug 25 19:02:08 BOT 2012: STATS > BUSQUEDA DE BACKTONE >Tiempo: 0.087957 seg. | registros: 114
Sat Aug 25 19:10:19 BOT 2012: Ajax-> Mostrar Ranking > tono:153382 
Sat Aug 25 19:15:00 BOT 2012: WEB REPROD BUSQ > Facebook link: http%3A%2F%2Fbacktones.tigo.com.bo%2Fv3%2Findex.php%3Fseccion%3Dplaylist%26autor%3D1370%26f%3D1%26t%3D1231233
Sat Aug 25 19:17:06 BOT 2012: Ajax->Mostrar Imagen Portada:  
Sat Aug 25 19:22:14 BOT 2012: ASYNC -> STATS> Tiempo respuesta 0.003259 seg.
Sat Aug 25 19:24:41 BOT 2012: Ajax->Mostrar Megusta:  
Sat Aug 25 19:25:02 BOT 2012: Ajax->Mostrar Comentarios:  
Sat Aug 25 19:28:55 BOT 2012: Ajax->Mostrar Nombre Genero:  
Sat Aug 25 19:32:13 BOT 2012: Ajax-> Mostrar Megusta> tono:102643 
Sat Aug 25 19:33:47 BOT 2012: Ajax->Mostrar Nombre Genero:  
Sat Aug 25 19:39:12 BOT 2012: ASYNC -> STATS> Tiempo respuesta 0.003679 seg.
Sat Aug 25 19:39:52 BOT 2012: Busqueda Inteligente: resultados >104133
Sat Aug 25 19:40:55 BOT 2012: Ajax-> Mostrar  Imagen Portada> Album:Artista:  <a href='index.php?seccion=playlist&autor=723'>Pearl Jam</a>
Sat Aug 25 19:57:46 BOT 2012: Ajax->Mostrar Ranking:  
Sat Aug 25 20:00:20 BOT 2012: Mostrar Ranking: tono:118744 calificacion: 2
Sat Aug 25 20:07:25 BOT 2012: Busqueda Inteligente: resultados >112559
Sat Aug 25 20:09:49 BOT 2012: Ajax-> Mostrar  Imagen Portada> tono:135175 
Sat Aug 25 20:11:07 BOT 2012: Ajax->Mostrar Comentarios:  
Sat Aug 25 20:24:22 BOT 2012: Busqueda Inteligente: resultados >134031
Sat Aug 25 20:25:26 BOT 2012: Ajax-> Mostrar  Imagen Portada> tono:104872 
Sat Aug 25 20:26:17 BOT 2012: ASYNC -> STATS> Tiempo respuesta 0.003633 seg.
Sat Aug 25 20:27:29 BOT 2012: ASYNC -> STATS> Tiempo respuesta 0.08145 seg.
Sat Aug 25 20:33:46 BOT 2012: ASYNC -> STATS> Tiempo respuesta 0.018334 seg.
Sat Aug 25 20:33:49 BOT 2012: ASYNC -> STATS> Tiempo respuesta -0.003599 seg.
Sat Aug 25 20:33:49 BOT 2012: Ajax->Mostrar Ranking:  
Sat Aug 25 20:34:25 BOT 2012: Ajax-> Mostrar Ranking > tono:153346 
Sat Aug 25 20:40:42 BOT 2012: Busqueda Inteligente: resultados >121499
