Fri Feb 10 10:06:23 BOT 2012: Ajax->Mostrar Reproducciones:  
Fri Feb 10 10:06:23 BOT 2012: Ajax->Mostrar Reproducciones:  
Fri Feb 10 10:08:53 BOT 2012: Asignar backtone escuchado > Asi termino:118670,109233,104206,104355,104354,104252,104253,130832,104250,104301,104940,105231,102890,102978,102626,103627,103469,131711,141880,
Fri Feb 10 10:08:53 BOT 2012: Ajax->Mostrar Imagen Portada:  
Fri Feb 10 10:14:57 BOT 2012: Ajax-> Mostrar  Nombre Artista > tono:103265 
Fri Feb 10 10:16:51 BOT 2012: Ajax->Mostrar Nombre Genero:  
Fri Feb 10 10:18:27 BOT 2012: ASYNC -> STATS> Tiempo respuesta 0.0017860000000001 seg.
Fri Feb 10 10:19:15 BOT 2012: ASYNC -> STATS> Tiempo respuesta 0.474401 seg.
Fri Feb 10 10:22:01 BOT 2012: Ajax->Mostrar Nombre Genero:  
Fri Feb 10 10:22:34 BOT 2012: Ajax-> Mostrar Ranking > tono:131730 
Fri Feb 10 10:22:55 BOT 2012: Ajax-> Mostrar Ranking > tono:102639 
Fri Feb 10 10:23:28 BOT 2012: Ajax->Mostrar Nombre Genero:  
Fri Feb 10 10:25:01 BOT 2012: Ajax->Mostrar Ranking:  
Fri Feb 10 10:25:37 BOT 2012: Ajax->Mostrar Comentarios:  
Fri Feb 10 10:25:43 BOT 2012: Ajax->Mostrar Nombre Artista:  
Fri Feb 10 10:27:16 BOT 2012: Ajax->Mostrar Imagen Portada:  
Fri Feb 10 10:28:20 BOT 2012: Ajax->Mostrar Megusta:  
Fri Feb 10 10:28:29 BOT 2012: Ajax->Mostrar Reproducciones:  
Fri Feb 10 10:29:38 BOT 2012: Ajax->Mostrar Reproducciones:  
Fri Feb 10 10:30:08 BOT 2012: ASYNC -> STATS> Tiempo respuesta 0.006523 seg.
Fri Feb 10 10:30:17 BOT 2012: Ajax->Mostrar Nombre Genero:  
Fri Feb 10 10:32:02 BOT 2012: Ajax->Mostrar Imagen Portada:  
Fri Feb 10 10:32:26 BOT 2012: Ajax-> Mostrar Comentarios> tono:103119 
Fri Feb 10 10:32:47 BOT 2012: Ajax->Mostrar Ranking:  
Fri Feb 10 10:32:51 BOT 2012: Ajax-> Mostrar Comentarios> tono:125100 
Fri Feb 10 10:32:51 BOT 2012: Ajax->Mostrar Imagen Portada:  
Fri Feb 10 10:32:56 BOT 2012: Session Start>  Chequeo de sesion
Fri Feb 10 10:33:08 BOT 2012: ASYNC -> STATS> Tiempo respuesta 0.365934 seg.
Fri Feb 10 10:33:15 BOT 2012: Ajax-> Mostrar Megusta> tono:105059 
Fri Feb 10 10:34:27 BOT 2012: Ajax->Mostrar Imagen Portada:  
Fri Feb 10 10:35:00 BOT 2012: Ajax->Mostrar Ranking:  
Fri Feb 10 10:35:03 BOT 2012: Ajax->Mostrar Comentarios:  
Fri Feb 10 10:35:12 BOT 2012: Ajax->Mostrar Nombre Genero:  
Fri Feb 10 10:35:12 BOT 2012: Ajax->Mostrar Reproducciones:  
Fri Feb 10 10:35:52 BOT 2012: Ajax->Mostrar Imagen Portada:  
Fri Feb 10 10:36:28 BOT 2012: Ajax-> Mostrar Ranking > tono:103119 
Fri Feb 10 10:37:34 BOT 2012: Ajax-> Mostrar Ranking > tono:141122 
Fri Feb 10 10:37:43 BOT 2012: Ajax->Mostrar Comentarios:  
Fri Feb 10 10:38:25 BOT 2012: Ajax->Mostrar Comentarios:  
Fri Feb 10 10:39:52 BOT 2012: Ajax->Mostrar Comentarios:  
Fri Feb 10 10:40:43 BOT 2012: Asignar backtone escuchado > Asi termino:141880,141881,142527,124243,109317,246,109246,109238,109245,109243,449,109242,135727,104279,448,109314,102650,102693,103342,109240,
Fri Feb 10 10:41:16 BOT 2012: ASYNC -> STATS> Tiempo respuesta 0.0095999999999999 seg.
Fri Feb 10 10:41:19 BOT 2012: Ajax->Mostrar Ranking:  
Fri Feb 10 10:41:19 BOT 2012: Asignar backtone escuchado > Asi termino:103713,145328,104465,103712,141880,141881,142527,124243,109317,246,109246,109238,109245,109243,449,109242,135727,104279,448,109314,
Fri Feb 10 10:42:17 BOT 2012: Ajax->Mostrar Megusta:  
Fri Feb 10 10:42:47 BOT 2012: Asignar backtone escuchado > Asi termino:105986,103477,103476,103478,103475,103793,276,509,104305,129231,105001,104395,105000,104998,104999,126029,105498,103687,129445,129230,
Fri Feb 10 10:44:41 BOT 2012: Ajax-> Mostrar Ranking > tono:105666 
Fri Feb 10 10:44:44 BOT 2012: Ajax-> Mostrar Ranking > tono:142527 
Fri Feb 10 10:45:38 BOT 2012: Ajax-> Mostrar Megusta> tono:104673 
Fri Feb 10 10:45:50 BOT 2012: ASYNC -> STATS> Tiempo respuesta 0.00166 seg.
Fri Feb 10 10:45:59 BOT 2012: Ajax-> Mostrar  Nombre Artista > tono:144149 
Fri Feb 10 10:46:29 BOT 2012: Ajax->Mostrar Comentarios:  
Fri Feb 10 10:47:38 BOT 2012: ASYNC -> STATS> Tiempo respuesta 0.001582 seg.
Fri Feb 10 10:48:29 BOT 2012: Ajax->Mostrar Ranking:  
Fri Feb 10 10:48:57 BOT 2012: Ajax->Mostrar Reproducciones:  
Fri Feb 10 10:49:00 BOT 2012: Ajax->Mostrar Nombre Genero:  
Fri Feb 10 10:49:42 BOT 2012: Mostrar Album: >albumes/Pablo Fernandez.jpg
Fri Feb 10 10:50:33 BOT 2012: ASYNC -> STATS> Tiempo respuesta -0.075284 seg.
Fri Feb 10 10:54:48 BOT 2012: Ajax-> Mostrar Ranking > tono:144844 
Fri Feb 10 10:57:22 BOT 2012: Ajax-> Mostrar Ranking > tono:142527 
Fri Feb 10 10:58:07 BOT 2012: ASYNC -> STATS> Tiempo respuesta -0.162268 seg.
Fri Feb 10 10:58:07 BOT 2012: ASYNC -> STATS> Tiempo respuesta -0.496025 seg.
Fri Feb 10 10:58:07 BOT 2012: Ajax-> Mostrar Ranking > tono:104738 
Fri Feb 10 10:58:55 BOT 2012: Ajax-> Mostrar Ranking > tono:103466 
Fri Feb 10 10:59:22 BOT 2012: Ajax->Mostrar Megusta:  
Fri Feb 10 11:00:16 BOT 2012: Ajax->Mostrar Reproducciones:  
Fri Feb 10 11:01:10 BOT 2012: Asignar backtone escuchado > Asi termino:126681,127001,129884,131616,104174,
Fri Feb 10 11:02:19 BOT 2012: Ajax->Mostrar Comentarios:  
Fri Feb 10 11:02:58 BOT 2012: Consulta de precio de reason:3 - msisdn: tono:142527 Async responde:350
 
Fri Feb 10 11:04:07 BOT 2012: Ajax-> Mostrar  Nombre Genero > tono:144170 
Fri Feb 10 11:06:20 BOT 2012: Ajax->Mostrar Nombre Artista:  
Fri Feb 10 11:06:38 BOT 2012: Ajax-> Mostrar Ranking > tono:102818 
Fri Feb 10 11:07:35 BOT 2012: Ajax->Mostrar Reproducciones:  
Fri Feb 10 11:08:29 BOT 2012: Ajax-> Mostrar  Genero > G&eacute;nero:  <a href='index.php?seccion=playlist&genero=98'>Brasileras</a>
Fri Feb 10 11:08:59 BOT 2012: Ajax-> Mostrar  Nombre Genero > tono:142527 
Fri Feb 10 11:09:38 BOT 2012: Ajax->Mostrar Reproducciones:  
Fri Feb 10 11:10:50 BOT 2012: ASYNC -> STATS> Tiempo respuesta 0.008119 seg.
Fri Feb 10 11:11:21 BOT 2012: Check Session > msisdn: 76508775 > Usuario Valido 
Fri Feb 10 11:12:39 BOT 2012: Asignar backtone escuchado > Asi termino:139844,139838,137972,138306,139727,135057,118727,118725,118741,118738,118730,118728,130814,135054,137970,177,126146,123010,104532,
Fri Feb 10 11:12:45 BOT 2012: ASYNC -> STATS> Tiempo respuesta 0.002311 seg.
Fri Feb 10 11:12:51 BOT 2012: Ajax->Mostrar Nombre Genero:  
Fri Feb 10 11:15:03 BOT 2012: ASYNC -> STATS> Tiempo respuesta 0.001223 seg.
Fri Feb 10 11:15:45 BOT 2012: ASYNC -> STATS> Tiempo respuesta 0.084216 seg.
Fri Feb 10 11:18:46 BOT 2012: Session Start>  session por defecto 
Fri Feb 10 11:19:04 BOT 2012: WEB_REPRODUCIR_BUSQUEDA > Se recibieron:82 tonos
Fri Feb 10 11:19:07 BOT 2012: Ajax->Mostrar Nombre Genero:  
Fri Feb 10 11:23:25 BOT 2012: ASYNC -> STATS> Tiempo respuesta 0.004251 seg.
Fri Feb 10 11:25:04 BOT 2012: Ajax->Mostrar Megusta:  
Fri Feb 10 11:27:11 BOT 2012: Mostrar Comentarios : tono:142527 
Fri Feb 10 11:28:17 BOT 2012: Ajax->Mostrar Imagen Portada:  
Fri Feb 10 11:28:50 BOT 2012: Ajax-> Mostrar Megusta> tono:124043 
Fri Feb 10 11:31:38 BOT 2012: STATS > BUSQUEDA DE BACKTONE >Tiempo: 0.199681 seg. | registros: 20
Fri Feb 10 11:35:03 BOT 2012: ASYNC -> STATS> Tiempo respuesta 0.010455 seg.
Fri Feb 10 11:35:15 BOT 2012: Asignar backtone escuchado > Asi termino:594,102905,102766,104418,102764,102765,125,105247,102763,104675,102762,137268,105246,105245,104154,102760,105244,593,102759,102758,
Fri Feb 10 11:35:45 BOT 2012: Ajax->Mostrar Nombre Artista:  
Fri Feb 10 11:35:45 BOT 2012: Ajax->Mostrar Nombre Artista:  
Fri Feb 10 11:36:24 BOT 2012: Ajax->Mostrar Comentarios:  
Fri Feb 10 11:36:33 BOT 2012: Ajax-> Mostrar Ranking > tono:105356 
Fri Feb 10 11:36:39 BOT 2012: STATS > BUSQUEDA DE BACKTONE >Tiempo: 0.038379 seg. | registros: 30
Fri Feb 10 11:37:42 BOT 2012: Ajax->Eliminando backtone: msisdn:77715955   
Fri Feb 10 11:38:06 BOT 2012: ASYNC -> STATS> Tiempo respuesta 0.155242 seg.
Fri Feb 10 11:38:06 BOT 2012: Asignar backtone escuchado > Asi termino:106279,105291,109242,109314,109240,
Fri Feb 10 11:38:45 BOT 2012: Ajax->Mostrar Imagen Portada:  
Fri Feb 10 11:38:45 BOT 2012: Ajax->Mostrar Comentarios:  
Fri Feb 10 11:39:54 BOT 2012: Ajax-> Mostrar Comentarios> tono:131728 
Fri Feb 10 11:40:15 BOT 2012: ASYNC -> STATS> Tiempo respuesta 0.756655 seg.
Fri Feb 10 11:40:52 BOT 2012: Ajax->Mostrar Comentarios:  
Fri Feb 10 11:41:19 BOT 2012: Consulta de precio de reason:2 - msisdn: tono:123516 Async responde:350
 
Fri Feb 10 11:42:55 BOT 2012: Ajax-> Mostrar Comentarios> tono:141880 
Fri Feb 10 11:44:25 BOT 2012: Busqueda Inteligente: 
Fri Feb 10 11:44:34 BOT 2012: Ajax-> Mostrar Ranking > tono:128237 
Fri Feb 10 11:45:13 BOT 2012: Ajax->Mostrar Nombre Artista:  
Fri Feb 10 11:45:13 BOT 2012: WEB_REPRODUCIR_BUSQUEDA > Se recibieron:93 tonos
Fri Feb 10 11:46:04 BOT 2012: Check Session > msisdn: 76433776 > Usuario Valido 
Fri Feb 10 11:47:28 BOT 2012: Ajax->Mostrar Nombre Artista:  
Fri Feb 10 11:48:41 BOT 2012: Busqueda Inteligente: resultados >133717
Fri Feb 10 11:48:53 BOT 2012: Ajax->Mostrar Nombre Artista:  
Fri Feb 10 11:49:26 BOT 2012: Ajax->Mostrar Comentarios:  
Fri Feb 10 11:50:23 BOT 2012: Ajax->Mostrar Imagen Portada:  
Fri Feb 10 11:50:23 BOT 2012: Ajax->Mostrar Nombre Genero:  
Fri Feb 10 11:50:41 BOT 2012: Ajax->Actualizar pin usuario
Fri Feb 10 11:51:17 BOT 2012: Ajax->Mostrar Imagen Portada:  
Fri Feb 10 11:51:26 BOT 2012: WEB_REPRODUCIR_BUSQUEDA > Se recibieron:45 tonos
Fri Feb 10 11:52:23 BOT 2012: Ajax-> Mostrar Megusta> tono:145857 
Fri Feb 10 11:52:23 BOT 2012: Session Start>  Chequeo de sesion
Fri Feb 10 11:52:29 BOT 2012: Ajax-> Mostrar Comentarios> tono:123542 
Fri Feb 10 11:53:14 BOT 2012: Ajax->Mostrar Nombre Artista:  
Fri Feb 10 11:53:14 BOT 2012: Ajax->Mostrar Imagen Portada:  
Fri Feb 10 11:53:20 BOT 2012: Ajax->Mostrar Reproducciones:  
Fri Feb 10 11:53:29 BOT 2012: Ajax-> Mostrar  Nombre Artista > tono:144167 
Fri Feb 10 11:53:56 BOT 2012: ASYNC -> STATS> Tiempo respuesta 0.005301 seg.
Fri Feb 10 11:54:02 BOT 2012: Ajax->Mostrar Reproducciones:  
Fri Feb 10 11:54:05 BOT 2012: Asignar backtone escuchado > Asi termino:104177,104171,142168,140808,141918,140826,145857,143744,141833,142273,142166,139723,140825,140823,137882,106380,131812,142230,140821,123523,
Fri Feb 10 11:54:20 BOT 2012: Session Start>  session por defecto 
Fri Feb 10 11:54:32 BOT 2012: Ajax->Mostrar Nombre Genero:  
Fri Feb 10 11:54:56 BOT 2012: ASYNC -> STATS> Tiempo respuesta 0.008803 seg.
Fri Feb 10 11:54:59 BOT 2012: ASYNC -> STATS> Tiempo respuesta -0.148188 seg.
Fri Feb 10 11:54:59 BOT 2012: ASYNC -> STATS> Tiempo respuesta 0.799715 seg.
Fri Feb 10 11:55:05 BOT 2012: STATS > BUSQUEDA DE BACKTONE >Tiempo: -0.104968 seg. | registros: 1
Fri Feb 10 11:56:48 BOT 2012: Consulta de precio de reason:5 - msisdn: tono:123537 Async responde:350
 
Fri Feb 10 11:56:48 BOT 2012: Ajax->Mostrar Ranking:  
Fri Feb 10 11:56:51 BOT 2012: Ajax->Mostrar Ranking:  
Fri Feb 10 11:56:51 BOT 2012: Asignar backtone escuchado > Asi termino:133434,103297,104195,134640,105096,124243,103991,103838,104190,104174,133850,131615,133,129451,129884,131616,105638,105616,105591,
Fri Feb 10 11:56:57 BOT 2012: Ajax-> Mostrar  Imagen Portada> tono:141880 
Fri Feb 10 11:56:57 BOT 2012: Check Session > msisdn: 75519308 > Usuario Valido 
Fri Feb 10 11:57:12 BOT 2012: Asignar backtone escuchado > Asi termino:110221,103686,132096,103713,145328,104465,103712,141880,141881,142527,123010,104532,
Fri Feb 10 11:57:48 BOT 2012: Busqueda Inteligente: resultados >104590
Fri Feb 10 11:58:42 BOT 2012: ASYNC -> STATS> Tiempo respuesta 0.011296 seg.
Fri Feb 10 11:59:33 BOT 2012: Asignar backtone escuchado > Asi termino:123519,131049,131035,131036,123534,123520,123537,131048,131046,123516,131038,131728,123523,131044,123533,123542,123541,123527,123513,123538,
Fri Feb 10 11:59:54 BOT 2012: Ajax->Mostrar Imagen Portada:  
Fri Feb 10 12:00:06 BOT 2012: Ajax-> Mostrar  Imagen Portada> tono:103300 
Fri Feb 10 12:00:33 BOT 2012: Ajax-> Mostrar  Imagen Portada> tono:53 
Fri Feb 10 12:01:45 BOT 2012: ASYNC -> STATS> Tiempo respuesta 0.010814 seg.
Fri Feb 10 12:02:09 BOT 2012: Ajax->Mostrar Megusta:  
Fri Feb 10 12:02:39 BOT 2012: ASYNC -> STATS> Tiempo respuesta 0.0037050000000001 seg.
Fri Feb 10 12:03:06 BOT 2012: WEB_REPRODUCIR_BUSQUEDA > Se recibieron:20 tonos
Fri Feb 10 12:03:12 BOT 2012: Ajax-> Mostrar Comentarios> tono:124404 
Fri Feb 10 12:03:40 BOT 2012: ASYNC -> STATS> Tiempo respuesta -0.63336 seg.
Fri Feb 10 12:03:46 BOT 2012: Ajax-> Mostrar Megusta> tono:124408 
Fri Feb 10 12:03:49 BOT 2012: Ajax->Mostrar Megusta:  
Fri Feb 10 12:04:49 BOT 2012: Busqueda Inteligente: Mana Opratel
Fri Feb 10 12:04:58 BOT 2012: Ajax->Mostrar Ranking:  
Fri Feb 10 12:04:58 BOT 2012: Asignar backtone escuchado > Asi termino:131812,106380,142230,140821,104471,129231,105001,104395,105000,104998,104999,126029,105498,103687,129445,129230,123218,110221,103686,
Fri Feb 10 12:06:07 BOT 2012: Ajax->Mostrar Nombre Genero:  
Fri Feb 10 12:06:19 BOT 2012: ASYNC -> STATS> Tiempo respuesta 0.001608 seg.
Fri Feb 10 12:07:43 BOT 2012: Asignar backtone escuchado > Asi termino:104416,104414,172,102589,104380,102827,104408,103063,104405,103084,103054,516,103083,103232,118180,103939,103300,127423,125516,
Fri Feb 10 12:08:01 BOT 2012: Ajax->Mostrar Megusta:  
Fri Feb 10 12:08:34 BOT 2012: Ajax->Mostrar Comentarios:  
Fri Feb 10 12:13:47 BOT 2012: Check Session > msisdn: 76909735 > Usuario Valido 
Fri Feb 10 12:13:47 BOT 2012: Checklogin > msisdn: 76528460 , pin:aaQSqAReePlq6
Fri Feb 10 12:13:56 BOT 2012: Ajax->Mostrar Comentarios:  
Fri Feb 10 12:14:26 BOT 2012: Ajax->Mostrar Megusta:  
Fri Feb 10 12:17:59 BOT 2012: Ajax->Mostrar Megusta:  
Fri Feb 10 12:19:57 BOT 2012: Ajax-> Mostrar  Nombre Genero > tono:102913 
Fri Feb 10 12:23:48 BOT 2012: Asignar backtone escuchado > Asi termino:102630,104991,103224,199,205,103628,104024,103466,
Fri Feb 10 12:26:28 BOT 2012: Ajax-> Mostrar Comentarios> tono:142527 
Fri Feb 10 12:27:07 BOT 2012: Session Start>  Chequeo de sesion
Fri Feb 10 12:27:31 BOT 2012: Ajax-> Mostrar  Nombre Artista > tono:104670 
Fri Feb 10 12:29:49 BOT 2012: ASYNC -> STATS> Tiempo respuesta 0.010778 seg.
Fri Feb 10 12:31:22 BOT 2012: Ajax->Mostrar Megusta:  
Fri Feb 10 12:31:40 BOT 2012: Session Start>  session por defecto 
Fri Feb 10 12:35:26 BOT 2012: Ajax-> Login Usuario msisdn: 77600983  pin: > Validar msisdn
Fri Feb 10 12:38:11 BOT 2012: Ajax-> Mostrar Comentarios> tono:132090 
Fri Feb 10 12:39:26 BOT 2012: Consulta de precio de reason:2 - msisdn: tono:104178 Async responde:350
 
Fri Feb 10 12:41:30 BOT 2012: STATS > BUSQUEDA DE BACKTONE >Tiempo: -0.177047 seg. | registros: 95
Fri Feb 10 12:44:30 BOT 2012: Ajax->Mostrar Ranking:  
Fri Feb 10 12:45:00 BOT 2012: Asignar backtone escuchado > Asi termino:123008,103566,127898,110222,104055,104053,104991,131807,141917,145304,140843,143753,141922,141116,142286,140838,137882,106380,131812,142230,
Fri Feb 10 13:57:01 BOT 2012: Ajax-> Mostrar Ranking > tono:144148 
Fri Feb 10 14:01:05 BOT 2012: ASYNC -> STATS> Tiempo respuesta 0.014879 seg.
Fri Feb 10 14:01:08 BOT 2012: Ajax->Mostrar Reproducciones:  
Fri Feb 10 14:01:14 BOT 2012: Ajax-> Mostrar  Imagen Portada> Album:albumes/hermanos_yaipen_integrantes.jpg
Fri Feb 10 14:01:14 BOT 2012: Ajax->Mostrar Comentarios:  
Fri Feb 10 14:01:20 BOT 2012: Consulta de precio de reason:10 - msisdn: tono:425 Async responde:350
 
Fri Feb 10 14:03:35 BOT 2012: Session Start>  session por defecto 
Fri Feb 10 14:05:26 BOT 2012: Ajax-> Mostrar Megusta> tono:30 
Fri Feb 10 14:06:12 BOT 2012: Ajax-> Mostrar  Nombre Artista > tono:104170 
Fri Feb 10 14:07:00 BOT 2012: Ajax-> Mostrar  Imagen Portada> tono:110373 
Fri Feb 10 14:07:03 BOT 2012: Ajax->Mostrar Nombre Genero:  
Fri Feb 10 14:07:44 BOT 2012: Busqueda Inteligente: resultados >103089
Fri Feb 10 14:08:12 BOT 2012: Ajax-> Mostrar Ranking > tono:140821 
Fri Feb 10 14:12:51 BOT 2012: Mostrar Album: >Artista:  <a href='index.php?seccion=playlist&autor=1107'>Version Solumovil</a>
Fri Feb 10 14:16:34 BOT 2012: Ajax->Mostrar Nombre Genero:  
Fri Feb 10 14:21:14 BOT 2012: Ajax->Mostrar Nombre Genero:  
Fri Feb 10 14:21:35 BOT 2012: Ajax->Mostrar Ranking:  
Fri Feb 10 14:22:23 BOT 2012: ASYNC -> STATS> Tiempo respuesta -0.105789 seg.
Fri Feb 10 14:22:29 BOT 2012: Error al consultar precio de renovacion - msisdn: tono:140821 - Async responde -3
Fri Feb 10 14:22:29 BOT 2012: ASYNC -> STATS> Tiempo respuesta 0.002611 seg.
Fri Feb 10 14:22:32 BOT 2012: ASYNC -> STATS> Tiempo respuesta -0.289241 seg.
Fri Feb 10 14:23:02 BOT 2012: ASYNC -> STATS> Tiempo respuesta 0.009973 seg.
Fri Feb 10 14:24:23 BOT 2012: Ajax->Mostrar Ranking:  
Fri Feb 10 14:24:32 BOT 2012: Ajax-> Login Usuario msisdn: tigo  pin:7633 > Msisdn invalido
Fri Feb 10 14:26:47 BOT 2012: Ajax->Mostrar Comentarios:  
Fri Feb 10 14:27:44 BOT 2012: Ajax-> Mostrar  Nombre Artista > tono:104165 
Fri Feb 10 14:29:03 BOT 2012: ASYNC -> STATS> Tiempo respuesta -0.829696 seg.
Fri Feb 10 14:29:03 BOT 2012: Ajax->Mostrar Reproducciones:  
Fri Feb 10 14:30:06 BOT 2012: Asignar backtone escuchado > Asi termino:103839,317,145423,105562,124408,144110,309,105635,105557,314,104173,104165,104172,104177,104171,142157,
Fri Feb 10 14:30:33 BOT 2012: Ajax->Mostrar Ranking:  
Fri Feb 10 14:30:36 BOT 2012: ASYNC -> STATS> Tiempo respuesta -0.377412 seg.
Fri Feb 10 14:31:12 BOT 2012: ASYNC -> STATS> Tiempo respuesta -0.172814 seg.
Fri Feb 10 14:34:27 BOT 2012: Ajax->Mostrar Ranking:  
Fri Feb 10 14:34:27 BOT 2012: Ajax->Actualizar pin usuario
Fri Feb 10 14:35:03 BOT 2012: Ajax->Mostrar Nombre Genero:  
Fri Feb 10 14:37:19 BOT 2012: Mostrar Ranking: tono:133434 calificacion: 5
Fri Feb 10 14:38:52 BOT 2012: Ajax->Mostrar Ranking:  
Fri Feb 10 14:38:52 BOT 2012: Consulta de precio de reason:2 - msisdn: tono:133434 Async responde:350
 
Fri Feb 10 14:38:52 BOT 2012: Ajax->Mostrar Comentarios:  
Fri Feb 10 14:39:43 BOT 2012: Busqueda Inteligente: resultados >104215
Fri Feb 10 14:42:34 BOT 2012: Ajax->Mostrar Reproducciones:  
Fri Feb 10 14:44:47 BOT 2012: Msisdn:76528460Asignando tono:130999:1:0:0:1| 
Fri Feb 10 14:45:11 BOT 2012: WEB REPROD BUSQ > Facebook link: http%3A%2F%2Fbacktones.tigo.com.bo%2Fv3%2Findex.php%3Fseccion%3Dplaylist%26autor%3D550%26f%3D1%26t%3D1231233
Fri Feb 10 14:45:14 BOT 2012: STATS > BUSQUEDA DE BACKTONE >Tiempo: -0.592127 seg. | registros: 1
Fri Feb 10 14:45:47 BOT 2012: ASYNC -> STATS> Tiempo respuesta 0.003967 seg.
Fri Feb 10 14:46:17 BOT 2012: Ajax-> Mostrar Comentarios> tono:144694 
Fri Feb 10 14:46:20 BOT 2012: Busqueda Inteligente: 
Fri Feb 10 14:46:50 BOT 2012: Check Session > msisdn: 77223018 > Usuario Valido 
Fri Feb 10 14:48:17 BOT 2012: Ajax->Mostrar Ranking:  
Fri Feb 10 14:50:23 BOT 2012: Ajax->Mostrar Ranking:  
Fri Feb 10 14:50:59 BOT 2012: Asignar backtone escuchado > Asi termino:104481,104480,104479,104478,104477,123010,78,116,133668,133671,133669,
Fri Feb 10 14:51:05 BOT 2012: WEB REPROD BUSQ > Facebook link: http%3A%2F%2Fbacktones.tigo.com.bo%2Fv3%2Findex.php%3Fseccion%3Dplaylist%26genero%3D102%26f%3D1%26t%3D123123
Fri Feb 10 14:51:30 BOT 2012: Ajax->Mostrar Megusta:  
Fri Feb 10 14:52:21 BOT 2012: Mostrar Genero: >G&eacute;nero:  <a href='index.php?seccion=playlist&genero=143'>Latinas</a>
Fri Feb 10 14:53:03 BOT 2012: Ajax->Mostrar Reproducciones:  
Fri Feb 10 14:55:00 BOT 2012: Asignar backtone escuchado > Asi termino:144150,144149,104171,104172,104178,104180,104177,
Fri Feb 10 14:55:18 BOT 2012: Mostrar Megusta> tono: 105605 msisdn: > a otros 2  les gusta 
Fri Feb 10 14:55:29 BOT 2012: Ajax->Actualizar pin usuario >Asignar nuevo pin a msisdn:78856245 
Fri Feb 10 15:16:36 BOT 2012: Ajax-> Mostrar Ranking > tono:104253 
Fri Feb 10 15:16:36 BOT 2012: Ajax->Mostrar Ranking:  
Fri Feb 10 15:16:40 BOT 2012: Ajax->Mostrar Nombre Artista:  
Fri Feb 10 15:16:49 BOT 2012: ASYNC -> STATS> Tiempo respuesta -0.212522 seg.
Fri Feb 10 15:16:59 BOT 2012: Ajax->Mostrar Comentarios:  
Fri Feb 10 15:16:59 BOT 2012: Ajax-> Mostrar Megusta> tono:142539 
Fri Feb 10 15:17:12 BOT 2012: Asignar backtone escuchado > Asi termino:105096,104553,103451,103430,127447,
Fri Feb 10 15:17:19 BOT 2012: Mostrar Album: >albumes/Pablo Fernandez.jpg
Fri Feb 10 15:17:29 BOT 2012: Consulta de precio de reason:3 - msisdn:77834540 tono:104172 Async responde:350
 
Fri Feb 10 15:17:40 BOT 2012: Ajax->Mostrar Megusta:  
Fri Feb 10 15:17:43 BOT 2012: Busqueda Inteligente: LATINAS
Fri Feb 10 15:19:10 BOT 2012: Asignar backtone escuchado > Asi termino:131040,123538,131730,123530,123542,123541,123540,123515,131042,123518,123531,131035,131036,123534,123520,123537,131048,131046,123516,131038,
Fri Feb 10 15:19:13 BOT 2012: Ajax->Mostrar Comentarios:  
Fri Feb 10 15:21:04 BOT 2012: Ajax->Mostrar Reproducciones:  
Fri Feb 10 15:21:40 BOT 2012: Ajax->Mostrar Nombre Genero:  
Fri Feb 10 15:22:23 BOT 2012: Ajax-> Mostrar Ranking > tono:105574 
Fri Feb 10 15:22:47 BOT 2012: Ajax-> Login Usuario msisdn: 75669967  pin:1526 > Validar msisdn
Fri Feb 10 15:25:02 BOT 2012: Ajax->Mostrar Reproducciones:  
Fri Feb 10 15:25:02 BOT 2012: MTD_DB_BUSCAR_ARTISTAS > retornando registros:73
Fri Feb 10 15:26:02 BOT 2012: Check Session > msisdn: 76859083 > Usuario Valido 
Fri Feb 10 15:28:20 BOT 2012: Ajax->Mostrar Ranking:  
Fri Feb 10 15:30:30 BOT 2012: Busqueda Inteligente: 
Fri Feb 10 15:31:54 BOT 2012: Ajax->Mostrar Reproducciones:  
Fri Feb 10 15:31:57 BOT 2012: Ajax->Mostrar Ranking:  
Fri Feb 10 15:33:09 BOT 2012: Mostrar Cantidad reproducciones: tono:127771 cantidad: 0
Fri Feb 10 15:34:30 BOT 2012: Ajax-> Mostrar Megusta> tono:103276 
Fri Feb 10 15:34:30 BOT 2012: Ajax->Mostrar Ranking:  
Fri Feb 10 15:34:33 BOT 2012: Ajax->Mostrar Nombre Artista:  
Fri Feb 10 15:35:27 BOT 2012: Busqueda Inteligente: resultados >105366
Fri Feb 10 15:37:49 BOT 2012: Ajax->Mostrar Imagen Portada:  
Fri Feb 10 15:37:55 BOT 2012: Ajax->Mostrar Ranking:  
Fri Feb 10 15:39:58 BOT 2012: Busqueda Inteligente: Resultado 
 105272;Touch The Sky;50 cent;Hip hop
105270;All of me (f. Mary J. Blige);50 cent;Hip hop
105273;Ayo technology (Album Version (Explicit));50 cent;Hip hop
105268;Come & Go;50 cent;Hip hop
105275;Crack a bottle;50 cent;Hip hop
105271;Fire;50 cent;Hip hop
4;In the club;50 cent;HipHop
105269;Peep show;50 cent;Hip hop
105621;saya centralista;BANDAS;Carnaval
178;Soy de la central;Sin Autor;Latinas
105274; Get up;50 cent;Hip hop
110545;AJR_13DEAGOSTO_50_CANCIONES;KARAOKE;KARAOKE
110749;AJR_14DEAGOSTO_50_SONIDO;KARAOKE;KARAOKE
110984;AJR_16DEAGOSTO_50_CANCIONES;KARAOKE;KARAOKE
111455;AJR_20DEAGOSTO_50_CANCIONES;KARAOKE;KARAOKE
111635;AJR_21DEAGOSTO_50_CANCIONES;KARAOKE;KARAOKE
111833;AJR_22DEAGOSTO_50_CANCIONES;KARAOKE;KARAOKE
123008;Amigos traigan cerveza;opratel;Promo 50 ctv
107806;AMP_16dejunio_50_Saludos;KARAOKE;KARAOKE
108730;AMP_26dejunio_50_Saludos;KARAOKE;KARAOKE
125351;ASE_20DEMAR2011_50_CANCION;KARAOKE;KARAOKE
125600;ASE_22DEMAR2011_50_CANCION;KARAOKE;KARAOKE
125963;ASE_27DEMAR2011_50_SONIDO;KARAOKE;KARAOKE
112290;AVV_25/08/2010_50_CANCIONES;KARAOKE;KARAOKE
115303;AVV_25/09/2010_50_CANCION;KARAOKE;KARAOKE
115319;AVV_25/09/2010_50_SALUDO;KARAOKE;KARAOKE
106232;Cobertura Tigo!;Tigo;Promo 50 ctv
143273;DMV_02DEENERO12_50_CANCION;KARAOKE;KARAOKE
130744;DMV_12DEJUNIO2011_50_CANCION;KARAOKE;KARAOKE
133202;DMV_20DEJULIO2011_50_CANCION;KARAOKE;KARAOKE
133596;DMV_24DEJULIO2011_50_CANCION;KARAOKE;KARAOKE
133874;DMV_25DEJULIO2011_50_SONIDO;KARAOKE;KARAOKE
133982;DMV_26DEJULIO2011_50_CANCION;KARAOKE;KARAOKE
116495;LNV_07DEOCT_50_CANCION;KARAOKE;KARAOKE
106895;LNV_11dejunio_50_Saludos;KARAOKE;KARAOKE
110885;LNV_16DEAGOSTO_50_CANCION;KARAOKE;KARAOKE
111225;LNV_18DEAGOSTO_50_CANCION;KARAOKE;KARAOKE
111324;LNV_19DEAGOSTO_50_CANCION;KARAOKE;KARAOKE
111552;LNV_21DEAGOSTO_50_CANCION;KARAOKE;KARAOKE
111757;LNV_22DEAGOSTO_50_SALUDO;KARAOKE;KARAOKE
111917;LNV_23DEAGOSTO_50_CANCION;KARAOKE;KARAOKE
115447;LNV_26DESEPT_50_CANCION;KARAOKE;KARAOKE
115676;LNV_27DESEPT_50_SALUDO;KARAOKE;KARAOKE
113257;LVF_03/09/2010_50_CANCION;KARAOKE;KARAOKE
107424;LVF_12.06.2010_50_CANCIONES;KARAOKE;KARAOKE
107425;LVF_13.06.2010_50_CANCIONES;KARAOKE;KARAOKE
117663;LVF_24/10/2010_50_CANCION;KARAOKE;KARAOKE
106842;MAM_11dejunio_50_saludos;KARAOKE;KARAOKE
110647;MAM_14deagosto_50_saludos;KARAOKE;KARAOKE
144306;No hay consejo que valga coro;Kati Karamelo;Promo 50 ctv
144311;No hay consejo que valga coro 1;Kati Karamelo;Promo 50 ctv
106161;NPC_09demayo_250_canciones;KARAOKE;KARAOKE
104190; Canita Canaveral;Banda Juventud Centralistas de La Paz;Carnaval
104189; El Tio;Banda Juventud Centralistas de La Paz;Carnaval
104195; Mi Fiel Promesa;Banda Juventud Centralistas de La Paz;Carnaval
104206;A Quien Vas A Amar Mas Que A mi;Vicente Fernandez;Rancheras
102546;A santa cruz de la sierra;Aldo Penha;BICENTENARIO
103595;AcaEntreNOs;Vicente Fernandez;Rancheras
103596;AdoradoTormento;Vicente Fernandez;Rancheras
105836;Aldo Penha-Siempre Libres;Aldo Penha;BICENTENARIO
103597;AlMayorDeLos;Vicente Fernandez;Rancheras
102695;Amor de Adolecentes;El Polaco;Cumbia
104612;Amor De Los Dos En Vivo;Vicente Fernandez;Rancheras
104069;Amor En Sombras Remexiero Ser Remix;Vicente Fernandez;Rancheras
103598;AmorEterno;Vicente Fernandez;Rancheras
103599;AmorSinCuenta;Vicente Fernandez;Rancheras
104070;Aprendiste A Volar Remix;Vicente Fernandez;Rancheras
103600;AQuienVas;Vicente Fernandez;Rancheras
105296;autonomia carajo2;Jake Mate;BICENTENARIO
104193;Ay Rosita;Banda Juventud Centralistas de La Paz;Carnaval
105834;call center;KARAOKE;KARAOKE
142225;Call Center Chica sexy;Go Media;Chistes
104064;Callate;Vicente Fernandez;Rancheras
104071;Camino Inseguro Remix;Vicente Fernandez;Rancheras
104072;Campanas Del Olvido Remix;Vicente Fernandez;Rancheras
104158;Canto a Sta Cruz de la Sierra;Aldo Penha;BICENTENARIO
104332;Cara de Dengue V2;DJ;BICENTENARIO
114591;Confusion de amor bicentenario;Gisela Santa Cruz;BICENTENARIO
103601;ConUnaCopaDeVino;Vicente Fernandez;Rancheras
103602;CorridoDeJuan;Vicente Fernandez;Vicente Fernandez
103603;DeParteDeQuien;Vicente Fernandez;Rancheras
103604;DeQueManeraTeOlvido;Vicente Fernandez;Rancheras
103605;DeUnRancho;Vicente Fernandez;Vicente Fernandez
104205;El Chofer;Vicente Fernandez;Vicente Fernandez
104073;El Derrotado Remix;Vicente Fernandez;Rancheras
124976;El hombre que mas te amo;Vicente Fernandez;Rancher 
Fri Feb 10 15:42:25 BOT 2012: ASYNC -> STATS> Tiempo respuesta 0.005282 seg.
Fri Feb 10 15:43:16 BOT 2012: Ajax-> Mostrar Ranking > tono:104095 
Fri Feb 10 15:45:01 BOT 2012: Busqueda Inteligente: resultados >127440
Fri Feb 10 15:45:41 BOT 2012: Ajax-> Mostrar Megusta> tono:145695 
Fri Feb 10 15:45:50 BOT 2012: STATS > BUSQUEDA DE BACKTONE >Tiempo: -0.086385 seg. | registros: 1
Fri Feb 10 15:47:02 BOT 2012: Mostrar Album: >albumes/album-default.jpg
Fri Feb 10 15:47:08 BOT 2012: Mostrar Comentarios : tono:104229 
Fri Feb 10 15:48:02 BOT 2012: Ajax->Mostrar Megusta:  
Fri Feb 10 15:48:56 BOT 2012: ASYNC -> STATS> Tiempo respuesta 0.012464 seg.
Fri Feb 10 15:48:59 BOT 2012: ASYNC -> STATS> Tiempo respuesta -0.240721 seg.
Fri Feb 10 15:49:08 BOT 2012: Ajax->Mostrar Megusta:  
Fri Feb 10 15:49:56 BOT 2012: Ajax->Mostrar Reproducciones:  
Fri Feb 10 15:50:47 BOT 2012: Session Start>  Chequeo de sesion
Fri Feb 10 15:53:33 BOT 2012: Mostrar Megusta > tono: 39 msisdn:78063103 > cantidad de registros: 0
Fri Feb 10 15:54:45 BOT 2012: ASYNC -> STATS> Tiempo respuesta -0.579055 seg.
Fri Feb 10 15:54:45 BOT 2012: Check Session > msisdn: 76509913 > Usuario Valido 
Fri Feb 10 15:56:03 BOT 2012: Asignar backtone escuchado > Asi termino:141881,142527,
Fri Feb 10 15:57:06 BOT 2012: Ajax->Mostrar Ranking:  
Fri Feb 10 15:57:12 BOT 2012: Ajax-> Login Usuario msisdn: 76848611  pin:2785 > Validar msisdn
Fri Feb 10 15:57:15 BOT 2012: ASYNC -> STATS> Tiempo respuesta 0.084168 seg.
Fri Feb 10 15:57:21 BOT 2012: ASYNC -> STATS> Tiempo respuesta -0.013995 seg.
Fri Feb 10 15:57:36 BOT 2012: Ajax->Mostrar Reproducciones:  
Fri Feb 10 15:58:44 BOT 2012: Ajax->Mostrar Ranking:  
Fri Feb 10 16:00:25 BOT 2012: Ajax->Mostrar Reproducciones:  
Fri Feb 10 16:01:58 BOT 2012: MTD_DB_BUSCAR_ARTISTAS > retornando registros:19
Fri Feb 10 16:01:58 BOT 2012: Ajax->Mostrar Comentarios:  
Fri Feb 10 16:02:04 BOT 2012: Mostrar Album: >Artista:  <a href='index.php?seccion=playlist&autor=258'>Gisela Santa Cruz</a>
Fri Feb 10 16:05:10 BOT 2012: Ajax->Mostrar Nombre Genero:  
Fri Feb 10 16:05:49 BOT 2012: Ajax->Mostrar Nombre Artista:  
Fri Feb 10 16:06:49 BOT 2012: Asignar backtone escuchado > Asi termino:137310,104830,133432,104831,133828,133827,624,105640,133833,109326,141095,131699,133814,133815,109255,466,131646,464,131837,
Fri Feb 10 16:06:49 BOT 2012: Ajax->Mostrar Ranking:  
Fri Feb 10 16:07:50 BOT 2012: loggout => asignando por default session
Fri Feb 10 16:07:50 BOT 2012: Ajax->Mostrar Megusta:  
Fri Feb 10 16:08:32 BOT 2012: STATS > BUSQUEDA DE BACKTONE >Tiempo: 0.039768 seg. | registros: 45
Fri Feb 10 16:08:41 BOT 2012: Ajax->Mostrar Reproducciones:  
Fri Feb 10 16:08:41 BOT 2012: Ajax->Mostrar Comentarios:  
Fri Feb 10 16:09:02 BOT 2012: Ajax-> Login Usuario msisdn: 78025818  pin:8515 > Validar msisdn
Fri Feb 10 16:10:17 BOT 2012: Ajax->Mostrar Reproducciones:  
Fri Feb 10 16:10:53 BOT 2012: Ajax->Mostrar Comentarios:  
Fri Feb 10 16:11:53 BOT 2012: Ajax->Mostrar Megusta:  
Fri Feb 10 16:12:11 BOT 2012: Ajax->Mostrar Nombre Genero:  
Fri Feb 10 16:12:44 BOT 2012: Ajax->Mostrar Comentarios:  
Fri Feb 10 16:12:54 BOT 2012: Ajax->Mostrar Reproducciones:  
Fri Feb 10 16:13:29 BOT 2012: STATS > BUSQUEDA DE BACKTONE >Tiempo: 0.080639 seg. | registros: 114
Fri Feb 10 16:13:32 BOT 2012: Ajax-> Mostrar Comentarios> tono:104174 
Fri Feb 10 16:14:41 BOT 2012: Ajax->Mostrar Nombre Artista:  
Fri Feb 10 16:16:12 BOT 2012: ASYNC -> STATS> Tiempo respuesta -0.024259 seg.
Fri Feb 10 16:16:24 BOT 2012: ASYNC -> STATS> Tiempo respuesta 0.004544 seg.
Fri Feb 10 16:17:00 BOT 2012: ASYNC -> STATS> Tiempo respuesta -0.373838 seg.
Fri Feb 10 16:18:03 BOT 2012: Check Session > msisdn: 78063103 > Usuario Valido 
Fri Feb 10 16:18:08 BOT 2012: Ajax->Mostrar Megusta:  
Fri Feb 10 16:18:11 BOT 2012: Ajax-> Mostrar  Nombre Artista > tono:105534 
Fri Feb 10 16:18:43 BOT 2012: Ajax-> Mostrar Ranking > tono:103472 
Fri Feb 10 16:19:05 BOT 2012: Ajax->Mostrar Ranking:  
Fri Feb 10 16:19:05 BOT 2012: Ajax->Mostrar Imagen Portada:  
Fri Feb 10 16:19:09 BOT 2012: Ajax->Mostrar Nombre Artista:  
Fri Feb 10 16:19:39 BOT 2012: ASYNC -> STATS> Tiempo respuesta 0.004085 seg.
Fri Feb 10 16:19:42 BOT 2012: Mostrar Cantidad reproducciones: tono:141098 cantidad: 0
Fri Feb 10 16:19:54 BOT 2012: Ajax-> Mostrar Ranking > tono:110495 
Fri Feb 10 16:20:09 BOT 2012: Ajax->Mostrar Nombre Artista:  
Fri Feb 10 16:20:22 BOT 2012: Session Start>  session por defecto 
Fri Feb 10 16:20:33 BOT 2012: Ajax->Mostrar Reproducciones:  
Fri Feb 10 16:20:48 BOT 2012: Ajax->Mostrar Comentarios:  
Fri Feb 10 16:21:09 BOT 2012: Ajax->Mostrar Nombre Artista:  
Fri Feb 10 16:21:23 BOT 2012: Ajax-> Mostrar  Genero > G&eacute;nero:  <a href='index.php?seccion=playlist&genero=136'>Reggaeton</a>
Fri Feb 10 16:21:24 BOT 2012: Ajax-> Mostrar Ranking > tono:104023 
Fri Feb 10 16:21:35 BOT 2012: ASYNC -> STATS> Tiempo respuesta 0.001582 seg.
Fri Feb 10 16:21:38 BOT 2012: Ajax->Mostrar Ranking:  
Fri Feb 10 16:21:41 BOT 2012: Ajax->Mostrar Reproducciones:  
Fri Feb 10 16:21:43 BOT 2012: Ajax->Mostrar Imagen Portada:  
Fri Feb 10 16:21:46 BOT 2012: Ajax->Mostrar Ranking:  
Fri Feb 10 16:22:09 BOT 2012: Ajax->Mostrar Reproducciones:  
Fri Feb 10 16:22:24 BOT 2012: DB_ELIMINAR_BACKTONES > Msisdn:76007480 tono :126173 -> quedo asi:103032:1:0:0:1|
Fri Feb 10 16:22:54 BOT 2012: Ajax-> Mostrar Ranking > tono:105231 
Fri Feb 10 16:24:00 BOT 2012: Ajax->Mostrar Nombre Artista:  
Fri Feb 10 16:24:57 BOT 2012: Ajax->Actualizar pin usuario >recibe el msisdn:78867764 
Fri Feb 10 16:25:55 BOT 2012: Ajax->Mostrar Megusta:  
Fri Feb 10 16:26:49 BOT 2012: Asignar backtone escuchado > Asi termino:127759,109915,127757,
Fri Feb 10 16:27:13 BOT 2012: Ajax->Mostrar Ranking:  
Fri Feb 10 16:28:37 BOT 2012: Ajax->Mostrar Megusta:  
Fri Feb 10 16:29:34 BOT 2012: ASYNC -> STATS> Tiempo respuesta 0.010595 seg.
Fri Feb 10 16:29:58 BOT 2012: Ajax->Mostrar Nombre Artista:  
Fri Feb 10 16:30:58 BOT 2012: MTD_DB_BUSCAR_ARTISTAS > retornando registros:41
Fri Feb 10 16:32:49 BOT 2012: Ajax->Mostrar Reproducciones:  
Fri Feb 10 16:34:29 BOT 2012: Busqueda Inteligente: ser recibieron 108 resultados
Fri Feb 10 16:35:26 BOT 2012: WEB_REPRODUCIR_BUSQUEDA > Se recibieron:10 tonos
Fri Feb 10 16:35:32 BOT 2012: Asignar backtone escuchado > Asi termino:137235,135285,135283,546,94,104588,104290,105058,575,107737,105645,82,104310,560,145387,145390,104603,104285,256,253,
Fri Feb 10 16:35:47 BOT 2012: Ajax-> Mostrar Ranking > tono:105810 
Fri Feb 10 16:36:32 BOT 2012: Ajax->Mostrar Ranking:  
Fri Feb 10 16:37:05 BOT 2012: Ajax-> Mostrar Megusta> tono:104745 
Fri Feb 10 16:37:05 BOT 2012: Ajax-> Mostrar Ranking > tono:128304 
Fri Feb 10 16:37:11 BOT 2012: Ajax->Mostrar Nombre Artista:  
Fri Feb 10 16:37:32 BOT 2012: ASYNC -> STATS> Tiempo respuesta 0.005312 seg.
Fri Feb 10 16:38:03 BOT 2012: Ajax->Mostrar Nombre Artista:  
Fri Feb 10 16:39:15 BOT 2012: Asignar backtone escuchado > Asi termino:140821,106266,124243,142231,137875,137830,120252,120251,141128,141130,141132,141134,140819,140828,140817,140816,140814,142223,140812,105810,
Fri Feb 10 16:40:55 BOT 2012: Busqueda Inteligente: resultados >104195
Fri Feb 10 16:41:10 BOT 2012: Ajax-> Mostrar Comentarios> tono:131642 
Fri Feb 10 16:41:43 BOT 2012: ASYNC -> STATS> Tiempo respuesta 0.012575 seg.
Fri Feb 10 16:42:19 BOT 2012: STATS > BUSQUEDA DE BACKTONE >Tiempo: 0.236017 seg. | registros: 6
Fri Feb 10 16:44:40 BOT 2012: ASYNC -> STATS> Tiempo respuesta 0.089104 seg.
Fri Feb 10 16:44:43 BOT 2012: Ajax->Mostrar Comentarios:  
Fri Feb 10 16:44:52 BOT 2012: Busqueda Inteligente: resultados >102630
Fri Feb 10 16:45:55 BOT 2012: Ajax->Mostrar Megusta:  
Fri Feb 10 16:46:22 BOT 2012: Ajax->Mostrar Comentarios:  
Fri Feb 10 16:46:43 BOT 2012: Ajax->Mostrar Reproducciones:  
Fri Feb 10 16:53:56 BOT 2012: Mostrar Genero: >G&eacute;nero:  <a href='index.php?seccion=playlist&genero=110'>Cumbia</a>
Fri Feb 10 16:56:03 BOT 2012: Ajax-> Mostrar Comentarios> tono:240 
Fri Feb 10 16:56:09 BOT 2012: Ajax-> Mostrar Ranking > tono:137246 
Fri Feb 10 16:56:18 BOT 2012: Check Session > msisdn: 76539823 > Usuario Valido 
Fri Feb 10 16:57:21 BOT 2012: Ajax-> Mostrar  Nombre Artista > tono:238 
Fri Feb 10 16:57:24 BOT 2012: Session Start>  Chequeo de sesion
Fri Feb 10 16:57:36 BOT 2012: Ajax->Mostrar Comentarios:  
Fri Feb 10 16:57:42 BOT 2012: Ajax-> Mostrar Ranking > tono:109314 
Fri Feb 10 16:58:27 BOT 2012: ASYNC -> STATS> Tiempo respuesta 0.011437 seg.
Fri Feb 10 16:58:30 BOT 2012: Consulta de precio de reason:2 - msisdn: tono:309 Async responde:350
 
Fri Feb 10 16:59:42 BOT 2012: Ajax->Mostrar Megusta:  
Fri Feb 10 17:00:30 BOT 2012: Ajax->Mostrar Megusta:  
Fri Feb 10 17:00:36 BOT 2012: Session Start>  Chequeo de sesion
Fri Feb 10 17:01:12 BOT 2012: Ajax-> Mostrar Megusta> tono:103838 
Fri Feb 10 17:01:51 BOT 2012: WEB_REPRODUCIR_BUSQUEDA > Se recibieron:3 tonos
Fri Feb 10 17:02:21 BOT 2012: Ajax-> Mostrar Ranking > tono:239 
Fri Feb 10 17:03:04 BOT 2012: ACTUALIZAR_PIN_USUARIO >76740679 el usuario es nuevo
Fri Feb 10 17:04:25 BOT 2012: Consulta de precio de reason:2 - msisdn: tono:103939 Async responde:350
 
Fri Feb 10 17:09:22 BOT 2012: ASYNC -> STATS> Tiempo respuesta -0.012329 seg.
Fri Feb 10 17:09:55 BOT 2012: Ajax->Mostrar Imagen Portada:  
Fri Feb 10 17:09:58 BOT 2012: Ajax->Mostrar Nombre Artista:  
Fri Feb 10 17:10:16 BOT 2012: ASYNC -> STATS> Tiempo respuesta 0.401761 seg.
Fri Feb 10 17:10:19 BOT 2012: ASYNC -> STATS> Tiempo respuesta 0.572929 seg.
Fri Feb 10 17:10:35 BOT 2012: Ajax-> Mostrar Ranking > tono:102594 
Fri Feb 10 17:10:44 BOT 2012: WEB_REPRODUCIR_BUSQUEDA > Se recibieron:1 tonos
Fri Feb 10 17:10:56 BOT 2012: Ajax->Mostrar Megusta:  
Fri Feb 10 17:11:08 BOT 2012: Ajax->Mostrar Comentarios:  
Fri Feb 10 17:11:11 BOT 2012: Busqueda Inteligente: resultados >104178
Fri Feb 10 17:11:23 BOT 2012: Ajax-> Mostrar Ranking > tono:104932 
Fri Feb 10 17:11:26 BOT 2012: Ajax->Mostrar Nombre Artista:  
Fri Feb 10 17:13:11 BOT 2012: Ajax-> Mostrar Ranking > tono:104991 
Fri Feb 10 17:13:59 BOT 2012: Busqueda Inteligente: resultados >273
Fri Feb 10 17:15:02 BOT 2012: ASYNC -> STATS> Tiempo respuesta 0.004771 seg.
Fri Feb 10 17:15:05 BOT 2012: ASYNC -> STATS> Tiempo respuesta -0.090361 seg.
Fri Feb 10 17:15:11 BOT 2012: ASYNC -> STATS> Tiempo respuesta 0.001487 seg.
Fri Feb 10 17:15:14 BOT 2012: ASYNC -> STATS> Tiempo respuesta 0.50952 seg.
Fri Feb 10 17:15:14 BOT 2012: Ajax->Mostrar Megusta:  
Fri Feb 10 17:16:14 BOT 2012: Msisdn:77513262.Tono:133434.Async responde:000000000
Fri Feb 10 17:16:20 BOT 2012: Asignar backtone escuchado > Asi termino:449,109242,135727,104279,448,109314,102650,102693,103342,109240,104393,240,109322,103343,104278,109249,109320,109247,109318,109317,
Fri Feb 10 17:17:22 BOT 2012: Ajax->Mostrar Nombre Genero:  
Fri Feb 10 17:18:45 BOT 2012: Ajax-> Mostrar  Nombre Genero > tono:393 
Fri Feb 10 17:20:09 BOT 2012:  R: template
Fri Feb 10 17:21:42 BOT 2012: Ajax->Mostrar Comentarios:  
Fri Feb 10 17:22:45 BOT 2012: Mostrar Genero: >G&eacute;nero:  <a href='index.php?seccion=playlist&genero=167'>Pablo Fernandez</a>
Fri Feb 10 17:23:12 BOT 2012: Ajax-> Mostrar Megusta> tono:144150 
Fri Feb 10 17:23:12 BOT 2012: Asignar backtone escuchado > Asi termino:143739,120248,144562,143738,142632,141835,139303,106382,142225,145741,142220,142168,140808,141918,140826,145857,143744,141833,142273,
Fri Feb 10 17:23:33 BOT 2012: Ajax-> Mostrar  Nombre Artista > tono:104299 
Fri Feb 10 17:24:03 BOT 2012: Ajax->Mostrar Megusta:  
Fri Feb 10 17:25:22 BOT 2012: Asignar backtone escuchado > Asi termino:105812,120250,140810,143739,120248,144562,143738,142632,141835,139303,106382,142225,145741,142220,142168,140808,141918,140826,145857,143744,
Fri Feb 10 17:27:13 BOT 2012: Ajax->Mostrar Nombre Artista:  
Fri Feb 10 17:27:13 BOT 2012: Ajax->Mostrar Nombre Genero:  
Fri Feb 10 17:28:13 BOT 2012: ASYNC -> STATS> Tiempo respuesta 0.001828 seg.
Fri Feb 10 17:28:52 BOT 2012: Ajax->Mostrar Reproducciones:  
Fri Feb 10 17:29:10 BOT 2012: Ajax-> Login Usuario msisdn: 77272543  pin:7533 > Validar msisdn
Fri Feb 10 17:30:28 BOT 2012: Ajax->Mostrar Nombre Genero:  
Fri Feb 10 17:31:19 BOT 2012: Ajax->Mostrar Megusta:  
Fri Feb 10 17:32:16 BOT 2012: ASYNC -> STATS> Tiempo respuesta 0.001813 seg.
Fri Feb 10 17:33:14 BOT 2012: Busqueda Inteligente: j.alavares
Fri Feb 10 17:34:29 BOT 2012: Ajax-> Mostrar Comentarios> tono:131035 
Fri Feb 10 17:36:46 BOT 2012: Ajax-> Mostrar  Nombre Genero > tono:109240 
Fri Feb 10 17:38:28 BOT 2012: Ajax->Mostrar Comentarios:  
Fri Feb 10 17:38:34 BOT 2012: Asignar backtone escuchado > Asi termino:123531,131036,104305,131042,123530,123525,131040,131044,123533,104991,
Fri Feb 10 17:40:28 BOT 2012: ASYNC -> STATS> Tiempo respuesta -0.228799 seg.
Fri Feb 10 17:40:28 BOT 2012: Ajax->Mostrar Nombre Genero:  
Fri Feb 10 17:40:28 BOT 2012: ASYNC -> STATS> Tiempo respuesta 0.476924 seg.
Fri Feb 10 17:40:28 BOT 2012: Consulta de precio de reason:5 - msisdn: tono:109243 Async responde:350
 
Fri Feb 10 17:41:22 BOT 2012: Ajax->Mostrar Nombre Genero:  
Fri Feb 10 17:41:34 BOT 2012: WEB_REPRODUCIR_BUSQUEDA > Se recibieron:9 tonos
Fri Feb 10 17:42:04 BOT 2012: Ajax->Mostrar Reproducciones:  
Fri Feb 10 17:42:19 BOT 2012: WEB_REPRODUCIR_BUSQUEDA > Se recibieron:114 tonos
Fri Feb 10 17:43:14 BOT 2012: ASYNC -> STATS> Tiempo respuesta -0.990859 seg.
Fri Feb 10 17:43:44 BOT 2012: ASYNC -> STATS> Tiempo respuesta 0.001411 seg.
Fri Feb 10 17:43:47 BOT 2012: LISTAR_MODO_ROTACION_BACTONES > usuario: 77390674  modo:3 
Fri Feb 10 17:44:29 BOT 2012: Ajax->Mostrar Nombre Genero:  
Fri Feb 10 17:44:32 BOT 2012: Ajax->Mostrar Nombre Artista:  
Fri Feb 10 17:44:38 BOT 2012: ASYNC -> STATS> Tiempo respuesta -0.334898 seg.
Fri Feb 10 17:44:38 BOT 2012: ASYNC -> STATS> Tiempo respuesta -0.287603 seg.
Fri Feb 10 17:44:41 BOT 2012: ASYNC -> STATS> Tiempo respuesta -0.00215 seg.
Fri Feb 10 17:44:44 BOT 2012: ASYNC -> STATS> Tiempo respuesta -0.004102 seg.
Fri Feb 10 17:44:44 BOT 2012: ASYNC -> STATS> Tiempo respuesta -0.002611 seg.
Fri Feb 10 17:44:44 BOT 2012: Ajax->Mostrar Nombre Artista:  
Fri Feb 10 17:44:47 BOT 2012: ASYNC -> STATS> Tiempo respuesta 0.002183 seg.
Fri Feb 10 17:44:50 BOT 2012: Ajax->Mostrar Reproducciones:  
Fri Feb 10 17:44:50 BOT 2012: Ajax-> Mostrar Ranking > tono:110381 
Fri Feb 10 17:46:05 BOT 2012: Mostrar Ranking: tono:102788 calificacion: 
Fri Feb 10 17:47:08 BOT 2012: Ajax->Mostrar Imagen Portada:  
Fri Feb 10 17:47:11 BOT 2012: Ajax->Mostrar Imagen Portada:  
Fri Feb 10 17:47:17 BOT 2012: Asignar backtone escuchado > Asi termino:123519,131049,131035,131036,139723,140825,140823,120256,106388,145856,140821,131038,123541,143748,144562,145739,145217,145263,145304,145741,
Fri Feb 10 17:48:05 BOT 2012: Ajax->Mostrar Nombre Genero:  
Fri Feb 10 17:48:11 BOT 2012: Mostrar Album: >Artista:  <a href='index.php?seccion=playlist&autor=1107'>Version Solumovil</a>
Fri Feb 10 17:48:11 BOT 2012: Ajax->Mostrar Imagen Portada:  
Fri Feb 10 17:48:14 BOT 2012: Ajax-> Mostrar  Imagen Portada> tono:103792 
Fri Feb 10 17:48:56 BOT 2012: Ajax->Mostrar Ranking:  
Fri Feb 10 17:49:02 BOT 2012: ASYNC -> STATS> Tiempo respuesta 0.003822 seg.
Fri Feb 10 17:49:05 BOT 2012: Asignar backtone escuchado > Asi termino:139303,102548,103521,104817,131823,104846,140821,131642,104931,102580,110097,130832,103303,
Fri Feb 10 17:49:41 BOT 2012: Ajax-> Mostrar  Nombre Genero > tono:142169 
Fri Feb 10 17:50:02 BOT 2012: Ajax-> Mostrar Megusta> tono:102671 
Fri Feb 10 17:51:27 BOT 2012: Ajax-> Mostrar  Nombre Genero > tono:137880 
Fri Feb 10 17:51:33 BOT 2012: Ajax->Mostrar Comentarios:  
Fri Feb 10 17:53:54 BOT 2012: Ajax-> Mostrar Comentarios> tono:103211 
Fri Feb 10 17:54:12 BOT 2012: ASYNC -> STATS> Tiempo respuesta -0.484139 seg.
Fri Feb 10 17:54:42 BOT 2012: MTD_DB_BUSCAR_ARTISTAS > retornando registros:73
Fri Feb 10 17:55:36 BOT 2012: ASYNC -> STATS> Tiempo respuesta 0.008132 seg.
Fri Feb 10 17:56:09 BOT 2012: Ajax->Mostrar Megusta:  
Fri Feb 10 17:56:18 BOT 2012: Ajax->Mostrar Nombre Genero:  
Fri Feb 10 17:56:21 BOT 2012: Asignar backtone escuchado > Asi termino:104817,131823,104663,123218,104482,
Fri Feb 10 17:56:30 BOT 2012: Ajax->Mostrar Comentarios:  
Fri Feb 10 17:56:42 BOT 2012: Busqueda Inteligente: 
Fri Feb 10 17:56:48 BOT 2012: Ajax-> Mostrar Ranking > tono:102958 
Fri Feb 10 17:56:51 BOT 2012: Ajax->Mostrar Comentarios:  
Fri Feb 10 17:57:30 BOT 2012: MTD_DB_BUSCAR_ARTISTAS > retornando registros:1
Fri Feb 10 17:58:31 BOT 2012: ASYNC -> STATS> Tiempo respuesta 0.012043 seg.
Fri Feb 10 17:59:49 BOT 2012: Session Start>  session por defecto 
Fri Feb 10 18:00:01 BOT 2012: Ajax-> Mostrar Ranking > tono:131035 
Fri Feb 10 18:00:13 BOT 2012: WEB_REPRODUCIR_BUSQUEDA > Se recibieron:16 tonos
Fri Feb 10 18:01:43 BOT 2012: Ajax->Mostrar Nombre Artista:  
Fri Feb 10 18:02:28 BOT 2012: Ajax->Mostrar Megusta:  
Fri Feb 10 18:04:19 BOT 2012: Ajax-> Mostrar Megusta> tono:104251 
Fri Feb 10 18:05:50 BOT 2012: Session Start>  Chequeo de sesion
Fri Feb 10 18:05:59 BOT 2012: Ajax->Mostrar Megusta:  
Fri Feb 10 18:06:14 BOT 2012: Ajax-> Mostrar Comentarios> tono:145772 
Fri Feb 10 18:06:47 BOT 2012: Mostrar Ranking: tono:117861 calificacion: 
Fri Feb 10 18:07:17 BOT 2012: Asignar backtone escuchado > Asi termino:130806,130804,130802,139727,137253,103735,124958,103323,125049,113600,104107,104886,113598,145227,82,103885,142919,105309,602,7,
Fri Feb 10 18:08:23 BOT 2012: Ajax-> Mostrar Ranking > tono:145772 
Fri Feb 10 18:09:35 BOT 2012: Ajax-> Login Usuario msisdn: 76558406  pin:3655 > Validar msisdn
Fri Feb 10 18:10:14 BOT 2012: Mostrar Ranking: tono:103039 calificacion: 
Fri Feb 10 18:10:35 BOT 2012: Ajax->Mostrar Comentarios:  
Fri Feb 10 18:10:41 BOT 2012: Ajax-> Mostrar Comentarios> tono:123513 
Fri Feb 10 18:11:32 BOT 2012: Ajax->Mostrar Comentarios:  
Fri Feb 10 18:11:59 BOT 2012: Ajax->Mostrar Ranking:  
Fri Feb 10 18:12:08 BOT 2012: ASYNC -> STATS> Tiempo respuesta -0.129454 seg.
Fri Feb 10 18:13:48 BOT 2012: Ajax-> Mostrar Megusta> tono:104849 
Fri Feb 10 18:17:27 BOT 2012: ASYNC -> STATS> Tiempo respuesta -0.240697 seg.
Fri Feb 10 18:18:18 BOT 2012: Ajax->Mostrar Ranking:  
Fri Feb 10 18:19:27 BOT 2012: Busqueda Inteligente: resultados >104308
Fri Feb 10 18:19:33 BOT 2012: Asignar backtone escuchado > Asi termino:103041,103040,103039,104817,131823,104663,104846,104851,103044,104850,105239,104849,103043,103042,104848,104847,123218,104482,
Fri Feb 10 18:19:52 BOT 2012: ASYNC -> STATS> Tiempo respuesta -0.599435 seg.
Fri Feb 10 18:20:01 BOT 2012: Ajax->Mostrar Ranking:  
Fri Feb 10 18:21:10 BOT 2012: Ajax->Mostrar Nombre Genero:  
Fri Feb 10 18:23:31 BOT 2012: Ajax-> Mostrar Megusta> tono:104121 
Fri Feb 10 18:24:34 BOT 2012: Asignar backtone escuchado > Asi termino:104789,102818,104121,205,103685,127855,110187,104120,103476,105036,104084,102727,104344,104345,119842,102627,102956,142169,104895,102570,
Fri Feb 10 18:24:43 BOT 2012: Ajax->Mostrar Nombre Artista:  
Fri Feb 10 18:25:19 BOT 2012: Busqueda Inteligente: enrique iglesias
Fri Feb 10 18:25:31 BOT 2012: ASYNC -> STATS> Tiempo respuesta 0.002984 seg.
Fri Feb 10 18:26:22 BOT 2012: Ajax->Mostrar Megusta:  
Fri Feb 10 18:27:56 BOT 2012: Consulta de precio de reason:3 - msisdn: tono:140973 Async responde:350
 
Fri Feb 10 18:28:05 BOT 2012: Ajax->Mostrar Reproducciones:  
Fri Feb 10 18:28:29 BOT 2012: Ajax-> Mostrar Megusta> tono:131036 
Fri Feb 10 18:28:29 BOT 2012: Session Start>  session por defecto 
Fri Feb 10 18:28:29 BOT 2012: Asignar backtone escuchado > Asi termino:124956,566,103505,125049,106390,124958,560,105263,104452,129675,105547,102756,133736,139838,130814,130808,130806,130804,130802,
Fri Feb 10 18:30:47 BOT 2012: Ajax->Mostrar Nombre Genero:  
Fri Feb 10 18:31:02 BOT 2012: Asignar backtone escuchado > Asi termino:103793,103086,276,142527,509,104629,105316,105415,103521,
Fri Feb 10 18:31:08 BOT 2012: Ajax-> Mostrar Ranking > tono:566 
Fri Feb 10 18:31:11 BOT 2012: Ajax->Mostrar Comentarios:  
Fri Feb 10 18:31:29 BOT 2012: ASYNC -> STATS> Tiempo respuesta -0.183263 seg.
Fri Feb 10 18:32:50 BOT 2012: ASYNC -> STATS> Tiempo respuesta 0.58884 seg.
Fri Feb 10 18:33:59 BOT 2012: Session Start>  session por defecto 
Fri Feb 10 18:34:00 BOT 2012: Busqueda Inteligente: Dj Tiesto and Hardwell
Fri Feb 10 18:34:30 BOT 2012: Ajax->Mostrar Imagen Portada:  
Fri Feb 10 18:35:06 BOT 2012: Ajax->Mostrar Nombre Genero:  
Fri Feb 10 18:35:33 BOT 2012: ASYNC -> STATS> Tiempo respuesta 0.009883 seg.
Fri Feb 10 18:35:36 BOT 2012: ASYNC -> STATS> Tiempo respuesta -0.098659 seg.
Fri Feb 10 18:36:03 BOT 2012: Ajax-> Mostrar Comentarios> tono:176 
Fri Feb 10 18:36:06 BOT 2012: Mostrar Ranking: tono:110355 calificacion: 
Fri Feb 10 18:36:06 BOT 2012: ASYNC -> STATS> Tiempo respuesta 0.00321 seg.
Fri Feb 10 18:36:06 BOT 2012: Ajax->Mostrar Ranking:  
Fri Feb 10 18:37:06 BOT 2012: Ajax-> Mostrar  Imagen Portada> tono:105328 
Fri Feb 10 18:37:09 BOT 2012: Ajax->Mostrar Reproducciones:  
Fri Feb 10 18:37:15 BOT 2012: Ajax->Mostrar Imagen Portada:  
Fri Feb 10 18:37:39 BOT 2012: ASYNC -> STATS> Tiempo respuesta 0.826451 seg.
Fri Feb 10 18:37:46 BOT 2012: Ajax-> Mostrar  Imagen Portada> tono:103675 
Fri Feb 10 18:37:52 BOT 2012: Consulta de precio de reason:2 - msisdn: tono:134660 Async responde:350
 
Fri Feb 10 18:37:52 BOT 2012: Ajax->Asignar modalidad backtone: msisdn:77084920   
Fri Feb 10 18:39:10 BOT 2012: ASYNC -> STATS> Tiempo respuesta 0.008142 seg.
Fri Feb 10 18:43:37 BOT 2012: Ajax-> Mostrar  Nombre Genero > tono:104569 
Fri Feb 10 18:44:40 BOT 2012: ASYNC -> STATS> Tiempo respuesta 0.624937 seg.
Fri Feb 10 18:45:23 BOT 2012: WEB_REPRODUCIR_BUSQUEDA > Se formatearon:102 tonos
Fri Feb 10 18:45:32 BOT 2012: Ajax->Mostrar Comentarios:  
Fri Feb 10 18:46:35 BOT 2012: Ajax->Mostrar Nombre Artista:  
Fri Feb 10 18:47:53 BOT 2012: Ajax->Mostrar Comentarios:  
Fri Feb 10 18:47:56 BOT 2012: Ajax->Mostrar Reproducciones:  
Fri Feb 10 18:48:17 BOT 2012: Ajax->Mostrar Reproducciones:  
Fri Feb 10 18:48:20 BOT 2012: Ajax->Mostrar Megusta:  
Fri Feb 10 18:48:29 BOT 2012: Ajax->Mostrar Nombre Genero:  
Fri Feb 10 18:48:32 BOT 2012: ASYNC -> STATS> Tiempo respuesta -0.300732 seg.
Fri Feb 10 18:48:32 BOT 2012: Ajax->Mostrar Comentarios:  
Fri Feb 10 18:48:35 BOT 2012: ASYNC -> STATS> Tiempo respuesta -0.021568 seg.
Fri Feb 10 18:50:50 BOT 2012: Ajax-> Mostrar Comentarios> tono:103652 
Fri Feb 10 18:50:56 BOT 2012: Ajax->Mostrar Comentarios:  
Fri Feb 10 18:51:14 BOT 2012: Ajax->Mostrar Ranking:  
Fri Feb 10 18:51:23 BOT 2012: ASYNC -> STATS> Tiempo respuesta 0.0104 seg.
Fri Feb 10 18:52:17 BOT 2012: Ajax->Asignar modalidad backtone: msisdn:77290223   
Fri Feb 10 18:52:48 BOT 2012: ASYNC -> STATS> Tiempo respuesta 0.003779 seg.
Fri Feb 10 18:53:24 BOT 2012: Session Start>  session por defecto 
Fri Feb 10 18:53:27 BOT 2012: Ajax->Mostrar Reproducciones:  
Fri Feb 10 18:54:06 BOT 2012: Ajax->Mostrar Ranking:  
Fri Feb 10 18:55:09 BOT 2012: ASYNC -> STATS> Tiempo respuesta 0.23792 seg.
Fri Feb 10 18:55:12 BOT 2012: Ajax->Mostrar Reproducciones:  
Fri Feb 10 18:56:21 BOT 2012: Ajax->Mostrar Imagen Portada:  
Fri Feb 10 18:57:24 BOT 2012: ASYNC -> STATS> Tiempo respuesta 0.58984 seg.
Fri Feb 10 18:57:33 BOT 2012: ASYNC -> STATS> Tiempo respuesta 0.141139 seg.
Fri Feb 10 18:57:36 BOT 2012: ASYNC -> STATS> Tiempo respuesta -0.070659 seg.
Fri Feb 10 18:59:45 BOT 2012: Ajax-> Mostrar Ranking > tono:115942 
Fri Feb 10 19:00:01 BOT 2012: Ajax->Mostrar Reproducciones:  
Fri Feb 10 19:03:28 BOT 2012: Ajax->Mostrar Reproducciones:  
Fri Feb 10 19:03:46 BOT 2012: Ajax->Mostrar Megusta:  
Fri Feb 10 19:04:16 BOT 2012: ASYNC -> STATS> Tiempo respuesta 0.0056670000000001 seg.
Fri Feb 10 19:05:04 BOT 2012: Ajax-> Mostrar  Imagen Portada> tono:104646 
Fri Feb 10 19:06:16 BOT 2012: ASYNC -> STATS> Tiempo respuesta 0.01282 seg.
Fri Feb 10 19:06:18 BOT 2012: Busqueda Inteligente: resultados >594
Fri Feb 10 19:06:25 BOT 2012: WEB_REPRODUCIR_BUSQUEDA > Se recibieron:114 tonos
Fri Feb 10 19:09:20 BOT 2012: Ajax-> Mostrar Ranking > tono:103482 
Fri Feb 10 19:09:38 BOT 2012: Ajax->Mostrar Comentarios:  
Fri Feb 10 19:10:47 BOT 2012: ASYNC -> STATS> Tiempo respuesta 0.021162 seg.
Fri Feb 10 19:11:44 BOT 2012: Ajax->Mostrar Nombre Genero:  
Fri Feb 10 19:11:47 BOT 2012: Ajax-> Mostrar Comentarios> tono:133860 
Fri Feb 10 19:13:23 BOT 2012: Ajax->Mostrar Ranking:  
Fri Feb 10 19:13:38 BOT 2012: SMS >: Servidor responde: > STATS > tiempo respuesta:0.00090000000000001 
Fri Feb 10 19:18:18 BOT 2012: Ajax->Mostrar Comentarios:  
Fri Feb 10 19:21:00 BOT 2012: ASYNC -> STATS> Tiempo respuesta 0.011747 seg.
Fri Feb 10 19:22:46 BOT 2012: Mostrar Genero: >G&eacute;nero:  <a href='index.php?seccion=playlist&genero=167'>Pablo Fernandez</a>
Fri Feb 10 19:24:37 BOT 2012: Ajax->Mostrar Nombre Genero:  
Fri Feb 10 19:26:49 BOT 2012: Ajax->Mostrar Comentarios:  
Fri Feb 10 19:33:38 BOT 2012: Ajax->Mostrar Megusta:  
Fri Feb 10 19:33:53 BOT 2012: Mostrar Album: >albumes/album-default.jpg
Fri Feb 10 19:34:05 BOT 2012: Ajax-> Mostrar Ranking > tono:109249 
Fri Feb 10 19:35:14 BOT 2012: Asignar backtone escuchado > Asi termino:105702,103431,104089,127438,127429,110101,129891,127435,127463,103447,104095,103449,442,129899,136630,136632,129234,102651,105388,437,
Fri Feb 10 19:35:47 BOT 2012: Asignar backtone escuchado > Asi termino:109414,102766,102765,125,105247,593,102758,104491,102757,105243,105242,105281,105240,103264,105059,103470,103265,103120,103119,104570,
Fri Feb 10 19:36:02 BOT 2012: Busqueda Inteligente: 
Fri Feb 10 19:37:24 BOT 2012: Ajax->Mostrar Imagen Portada:  
Fri Feb 10 19:39:39 BOT 2012: Ajax-> Mostrar Megusta> tono:136186 
Fri Feb 10 19:40:30 BOT 2012: Ajax->Mostrar Reproducciones:  
Fri Feb 10 19:41:00 BOT 2012: Ajax->Mostrar Comentarios:  
Fri Feb 10 19:41:42 BOT 2012: Ajax-> Mostrar Ranking > tono:325 
Fri Feb 10 19:42:54 BOT 2012: Ajax-> Mostrar  Imagen Portada> Album:albumes/album-default.jpg
Fri Feb 10 19:44:37 BOT 2012: Ajax->Mostrar Imagen Portada:  
Fri Feb 10 19:46:07 BOT 2012: Ajax-> Mostrar  Imagen Portada> tono:133867 
Fri Feb 10 19:46:55 BOT 2012: Busqueda Inteligente: Resultado 
  
Fri Feb 10 19:46:58 BOT 2012: Ajax->Mostrar Ranking:  
Fri Feb 10 19:47:01 BOT 2012: Ajax-> Mostrar  Imagen Portada> Album:Artista:  <a href='index.php?seccion=playlist&autor=50'>Alejandro Fernandez</a>
Fri Feb 10 19:47:19 BOT 2012: Ajax-> Mostrar Ranking > tono:116501 
Fri Feb 10 19:47:49 BOT 2012: Ajax->Mostrar Reproducciones:  
Fri Feb 10 19:48:40 BOT 2012: Ajax->Mostrar Megusta:  
Fri Feb 10 19:48:58 BOT 2012: ASYNC -> STATS> Tiempo respuesta 0.007085 seg.
Fri Feb 10 19:51:46 BOT 2012: Ajax-> Mostrar Comentarios> tono:123523 
Fri Feb 10 19:52:53 BOT 2012: ASYNC -> STATS> Tiempo respuesta -0.773637 seg.
Fri Feb 10 19:53:02 BOT 2012: Ajax-> Mostrar Ranking > tono:131038 
Fri Feb 10 19:53:35 BOT 2012: Consulta de precio de reason:10 - msisdn:78865002 tono:104670 Async responde:350
 
Fri Feb 10 19:54:35 BOT 2012: Consulta de precio de reason:3 - msisdn: tono:105303 Async responde:350
 
Fri Feb 10 19:54:41 BOT 2012: Check Session > msisdn: 78865002 > Usuario Valido 
Fri Feb 10 19:54:50 BOT 2012: Asignar backtone escuchado > Asi termino:125735,133867,134021,133864,131844,133860,125492,125493,
Fri Feb 10 19:54:50 BOT 2012: ASYNC -> STATS> Tiempo respuesta -0.461231 seg.
Fri Feb 10 19:54:53 BOT 2012: Consulta de precio de reason:10 - msisdn: tono:145899 Async responde:350
 
Fri Feb 10 19:55:38 BOT 2012: Ajax->Mostrar Imagen Portada:  
Fri Feb 10 19:55:41 BOT 2012: Busqueda Inteligente: aerosmith armagedon
Fri Feb 10 19:55:44 BOT 2012: ASYNC -> STATS> Tiempo respuesta -0.071175 seg.
Fri Feb 10 19:55:50 BOT 2012: ASYNC -> STATS> Tiempo respuesta -0.343061 seg.
Fri Feb 10 19:56:17 BOT 2012: Mostrar Ranking: tono:145387 calificacion: 
Fri Feb 10 19:58:29 BOT 2012: Ajax-> Mostrar Ranking > tono:103472 
Fri Feb 10 20:00:27 BOT 2012: ASYNC -> STATS> Tiempo respuesta -0.05342 seg.
Fri Feb 10 20:00:30 BOT 2012: ASYNC -> STATS> Tiempo respuesta -0.516249 seg.
Fri Feb 10 20:01:45 BOT 2012: Ajax->Mostrar Nombre Artista:  
Fri Feb 10 20:02:30 BOT 2012: Mostrar Album: >albumes/Pablo Fernandez.jpg
Fri Feb 10 20:02:51 BOT 2012: Ajax->Mostrar Nombre Artista:  
Fri Feb 10 20:03:15 BOT 2012: Ajax->Mostrar Ranking:  
Fri Feb 10 20:03:54 BOT 2012: Ajax->Mostrar Reproducciones:  
Fri Feb 10 20:04:57 BOT 2012: WEB_REPRODUCIR_BUSQUEDA > Se recibieron:114 tonos
Fri Feb 10 20:06:27 BOT 2012: Ajax-> Mostrar  Nombre Artista > tono:103184 
Fri Feb 10 20:08:01 BOT 2012: Ajax-> Mostrar Ranking > tono:131728 
Fri Feb 10 20:08:10 BOT 2012: Ajax->Mostrar Nombre Artista:  
Fri Feb 10 20:08:37 BOT 2012: Mostrar Album: >Artista:  <a href='index.php?seccion=playlist&autor=503'>Version Opratel</a>
Fri Feb 10 20:11:07 BOT 2012: Ajax->Mostrar Nombre Artista:  
Fri Feb 10 20:11:52 BOT 2012: Consulta de precio de reason:3 - msisdn: tono:133760 Async responde:350
 
Fri Feb 10 20:11:52 BOT 2012: ASYNC -> STATS> Tiempo respuesta 0.135049 seg.
Fri Feb 10 20:13:52 BOT 2012: Ajax-> Mostrar  Imagen Portada> tono:103992 
Fri Feb 10 20:14:16 BOT 2012: Ajax->Mostrar Ranking:  
Fri Feb 10 20:14:19 BOT 2012: Ajax->Mostrar Nombre Artista:  
Fri Feb 10 20:16:47 BOT 2012: Ajax->Mostrar Nombre Genero:  
Fri Feb 10 20:18:11 BOT 2012: STATS > BUSQUEDA DE BACKTONE >Tiempo: -0.128391 seg. | registros: 24
Fri Feb 10 20:18:20 BOT 2012: Ajax->Mostrar Megusta:  
Fri Feb 10 20:18:35 BOT 2012: Ajax->Mostrar Reproducciones:  
Fri Feb 10 20:19:41 BOT 2012: Ajax->Mostrar Nombre Artista:  
Fri Feb 10 20:21:11 BOT 2012: Ajax-> Mostrar  Imagen Portada> tono:103348 
Fri Feb 10 20:21:17 BOT 2012: Ajax-> Mostrar  Imagen Portada> tono:103274 
Fri Feb 10 20:22:42 BOT 2012: Ajax->Mostrar Ranking:  
Fri Feb 10 20:22:52 BOT 2012: Ajax->Mostrar Reproducciones:  
Fri Feb 10 20:22:58 BOT 2012: Ajax-> Mostrar Megusta> tono:125735 
Fri Feb 10 20:23:03 BOT 2012: Ajax->Mostrar Nombre Genero:  
Fri Feb 10 20:23:21 BOT 2012: Ajax->Mostrar Reproducciones:  
Fri Feb 10 20:24:16 BOT 2012: Ajax->Mostrar Comentarios:  
Fri Feb 10 20:24:39 BOT 2012: Ajax-> Mostrar Comentarios> tono:103226 
Fri Feb 10 20:24:49 BOT 2012: Ajax->Mostrar Nombre Genero:  
Fri Feb 10 20:25:34 BOT 2012: Ajax->Mostrar Imagen Portada:  
Fri Feb 10 20:25:37 BOT 2012: Ajax-> Mostrar Megusta> tono:131812 
Fri Feb 10 20:27:02 BOT 2012: ASYNC -> STATS> Tiempo respuesta 0.006772 seg.
Fri Feb 10 20:28:08 BOT 2012: Ajax->Mostrar Reproducciones:  
Fri Feb 10 20:31:23 BOT 2012: Mostrar Album: >Artista:  <a href='index.php?seccion=playlist&autor=67'>David Guetta</a>
Fri Feb 10 20:33:08 BOT 2012: Asignar backtone escuchado > Asi termino:141946,103525,257,
Fri Feb 10 20:33:08 BOT 2012: Asignar backtone escuchado > Asi termino:129,103778,102614,104411,518,104380,103938,102613,103082,118180,103940,103939,126100,126028,127376,105237,131829,140783,133698,131757,
Fri Feb 10 20:37:24 BOT 2012: Ajax->Mostrar Megusta:  
Fri Feb 10 20:37:45 BOT 2012: WEB_REPRODUCIR_BUSQUEDA > Se recibieron:1 tonos
Fri Feb 10 20:37:51 BOT 2012: Ajax-> Mostrar  Genero > G&eacute;nero:  <a href='index.php?seccion=playlist&genero=118'>Futbol</a>
Fri Feb 10 20:38:03 BOT 2012: Ajax->Mostrar Ranking:  
Fri Feb 10 20:39:48 BOT 2012: Mostrar Genero: >G&eacute;nero:  <a href='index.php?seccion=playlist&genero=102'>Chistes</a>
Fri Feb 10 20:41:00 BOT 2012: Ajax->Mostrar Reproducciones:  
Fri Feb 10 20:42:13 BOT 2012: Asignar backtone escuchado > Asi termino:104517,127256,126146,123010,104532,592,109404,
Fri Feb 10 20:42:28 BOT 2012: Ajax->Mostrar Megusta:  
Fri Feb 10 20:42:37 BOT 2012: Ajax->Mostrar Imagen Portada:  
Fri Feb 10 20:43:55 BOT 2012: Mostrar Genero: >G&eacute;nero:  <a href='index.php?seccion=playlist&genero=149'>Nacionales</a>
Fri Feb 10 20:44:25 BOT 2012: ASYNC -> STATS> Tiempo respuesta -0.094007 seg.
Fri Feb 10 20:44:28 BOT 2012: Ajax->Mostrar Nombre Genero:  
Fri Feb 10 20:44:55 BOT 2012: Session Start>  session por defecto 
Fri Feb 10 20:44:58 BOT 2012: Ajax-> Mostrar Megusta> tono:25 
Fri Feb 10 20:45:01 BOT 2012: Ajax->Mostrar Reproducciones:  
Fri Feb 10 20:46:43 BOT 2012: ASYNC -> STATS> Tiempo respuesta 0.0061169999999999 seg.
Fri Feb 10 20:47:22 BOT 2012: Ajax-> Mostrar  Nombre Artista > tono:123525 
Fri Feb 10 20:48:46 BOT 2012: Ajax->Mostrar Nombre Genero:  
Fri Feb 10 20:49:10 BOT 2012: ASYNC -> STATS> Tiempo respuesta 0.005569 seg.
Fri Feb 10 20:52:17 BOT 2012: Ajax-> Mostrar Megusta> tono:590 
Fri Feb 10 20:52:38 BOT 2012: Ajax-> Login Usuario msisdn: 77917071  pin:1354 > Validar msisdn
Fri Feb 10 20:54:27 BOT 2012: Ajax-> Mostrar Comentarios> tono:143739 
Fri Feb 10 20:54:39 BOT 2012: Ajax->Mostrar Reproducciones:  
Fri Feb 10 20:54:57 BOT 2012: Ajax-> Mostrar  Nombre Genero > tono:131730 
Fri Feb 10 20:55:12 BOT 2012: Ajax-> Mostrar Megusta> tono:110 
Fri Feb 10 20:56:00 BOT 2012: Consulta de precio de reason:3 - msisdn: tono:257 Async responde:350
 
Fri Feb 10 20:57:09 BOT 2012: Mostrar Album: >albumes/album-default.jpg
Fri Feb 10 20:57:12 BOT 2012: Consulta de precio de reason:2 - msisdn: tono:123010 Async responde:350
 
Fri Feb 10 20:57:42 BOT 2012: Ajax-> Mostrar Comentarios> tono:123010 
Fri Feb 10 20:57:45 BOT 2012: Mostrar Album: >albumes/OV7-Siete Latidos.jpg
Fri Feb 10 20:58:27 BOT 2012: Busqueda Inteligente: resultados >102741
Fri Feb 10 20:58:42 BOT 2012: Ajax-> Mostrar  Nombre Artista > tono:106380 
Fri Feb 10 21:00:39 BOT 2012: Busqueda Inteligente: sexy and i know it
Fri Feb 10 21:02:55 BOT 2012: Ajax->Mostrar Comentarios:  
Fri Feb 10 21:03:13 BOT 2012: Ajax->Mostrar Nombre Genero:  
Fri Feb 10 21:03:37 BOT 2012: Ajax->Mostrar Reproducciones:  
Fri Feb 10 21:04:40 BOT 2012: Ajax->Mostrar Ranking:  
Fri Feb 10 21:07:10 BOT 2012: ASYNC -> STATS> Tiempo respuesta 0.308908 seg.
Fri Feb 10 21:07:10 BOT 2012: Asignar backtone escuchado > Asi termino:122666,133736,104171,502,405,104262,407,463,247,404,126677,
Fri Feb 10 21:07:46 BOT 2012: STATS > BUSQUEDA DE BACKTONE >Tiempo: 0.072313 seg. | registros: 114
Fri Feb 10 21:09:50 BOT 2012: Ajax->Mostrar Megusta:  
Fri Feb 10 21:11:05 BOT 2012: Mostrar Ranking: tono:104580 calificacion: 
Fri Feb 10 21:11:17 BOT 2012: Ajax-> Mostrar  Nombre Genero > tono:145771 
Fri Feb 10 21:12:11 BOT 2012: Consulta de precio de reason:3 - msisdn: tono:108557 Async responde:350
 
Fri Feb 10 21:13:11 BOT 2012: Ajax->Mostrar Ranking:  
Fri Feb 10 21:13:32 BOT 2012: Ajax->Mostrar Megusta:  
Fri Feb 10 21:14:26 BOT 2012: WEB_REPRODUCIR_BUSQUEDA > Se recibieron:4 tonos
Fri Feb 10 21:15:23 BOT 2012: Ajax->Mostrar Ranking:  
Fri Feb 10 21:15:59 BOT 2012: Ajax->Mostrar Comentarios:  
Fri Feb 10 21:18:27 BOT 2012: Ajax-> Mostrar Megusta> tono:134021 
Fri Feb 10 21:18:54 BOT 2012: ASYNC -> STATS> Tiempo respuesta -0.01422 seg.
Fri Feb 10 21:19:30 BOT 2012: Busqueda Inteligente: Resultado 
 131760;Vestida de azucar;Gloria Trevi;Latinas
137086;C Mon ft Diplo and Bustha Rhymes;Dj Tiesto;Electronicas
104190; Canita Canaveral;Banda Juventud Centralistas de La Paz;Carnaval
104189; El Tio;Banda Juventud Centralistas de La Paz;Carnaval
104195; Mi Fiel Promesa;Banda Juventud Centralistas de La Paz;Carnaval
103479;2EntraEnMiVidaAlbumVersion;Sin Bandera;Latinas
144690;Adoro  Version Acustica Una Noche En E;David Bisbal;Latinas
145158;Amores Del Sur Album Version;David Bisbal;Latinas
144688;Amores Del Sur Album Version;David Bisbal;Latinas
104193;Ay Rosita;Banda Juventud Centralistas de La Paz;Carnaval
104206;A Quien Vas A Amar Mas Que A mi;Vicente Fernandez;Rancheras
103600;AQuienVas;Vicente Fernandez;Rancheras
103994;Donde Vas Tan Sola;Alejandro Fernandez;Latinas
114593;La ovejerita Vallegrande;Gisela Santa Cruz;Nuevas
102922;Nunca te olvidare;Pivas;Latinas
102952;que me vas a dar;Jenni rivera;Latinas
110197;que nadie se entere;New Bolivia band;Nuevas
134662;Si te vas;David Castro Opratel;Cumbia
104067;Si Te Vas No Hay Lio Remix;Vicente Fernandez;Rancheras
135139;Tu De Que Vas;fRANCO dE vITA;Latinas
105059;Jueves;la oreja de van gogh;Latinas
104000;Las Llaves De Mi Alma;Vicente Fernandez;Rancheras
103967;Carnaval toda la vida;Los fabulosos cadillacs;Latinas
116502;de que me sirve la vida;Camila;Romanticas
138286;Traffic Radio Edit;Dj Tiesto;Electronicas
138311;Who Wants To Be Alone;Dj Tiesto feat Nelly Furtado;Electronicas
103659;Diablo;Dubfire Vs Oliver Huntemann;Electronicas
103126;vsos vacios;Los fabulosos cadillacs;Latinas
104177; Chirapas;La Banda de Perucho;Carnaval
104178; En Las Playas Del Beni;La Banda de Perucho;Carnaval
103328;-Me vas a extranhar;Banda reggaeton;Reggaeton
276;15 dias;La banda de lechuga;Cumbia
107755;Alex te da temas de conversacion-MTV ISA TKM;MTV;MTV
307;Almohada de piedra;Covertone;Latinas
103303;amor verdadero;PK2;Latinas
121;Andando;Diego Torres;Latinas
103692;ANDANDO-;Diego Torres;Latinas
103825;Arde la ciudad;Version Opratel;Latinas
104394;Arrancame la vida;Covertone;Latinas
104928;ATENCION SOLDADO ATIENDA SU CELULAR;Version Opratel;Clasicos
145160;Ave Maria Version Acustica Una Noche E;David Bisbal;Latinas
144692;Ave Maria Version Acustica Una Noche E;David Bisbal;Latinas
104051;Bandas marchando;Version Opratel;Clasicos
103713;Bem da vida;Vanessa Da Mata; Brasileras
103470;2RosasAlbumVersion;la oreja de van gogh;Latinas
110495;A donde vamos a parar;Marco Antonio Solis;Latinas
103142;a primera vista;Sin Bandera;Latinas
103596;AdoradoTormento;Vicente Fernandez;Rancheras
104921;Agente 86 y el dueno de casa;Version Opratel;Sonidos
104070;Aprendiste A Volar Remix;Vicente Fernandez;Rancheras
141636;ASE_02DEDIC2011_1_SALUDO;KARAOKE;KARAOKE
141626;ASE_02DEDIC2011_1_SONIDO;KARAOKE;KARAOKE
141631;ASE_02DEDIC2011_2_SONIDO;KARAOKE;KARAOKE
141659;ASE_03DEDIC2011_1_SALUDO;KARAOKE;KARAOKE
141661;ASE_03DEDIC2011_1_SONIDO;KARAOKE;KARAOKE
141676;ASE_03DEDIC2011_2_SALUDO;KARAOKE;KARAOKE
141665;ASE_03DEDIC2011_2_SONIDO;KARAOKE;KARAOKE
141677;ASE_03DEDIC2011_3_SALUDO;KARAOKE;KARAOKE
141673;ASE_03DEDIC2011_3_SONIDO;KARAOKE;KARAOKE
141674;ASE_03DEDIC2011_4_SONIDO;KARAOKE;KARAOKE
141678;ASE_03DEDIC2011_5_SONIDO;KARAOKE;KARAOKE
141682;ASE_03DEDIC2011_6_SONIDO;KARAOKE;KARAOKE
141683;ASE_03DEDIC2011_7_SONIDO;KARAOKE;KARAOKE
142066;ASE_10DEDIC2011_1_SONIDO;KARAOKE;KARAOKE
142069;ASE_10DEDIC2011_2_SONIDO;KARAOKE;KARAOKE
142184;ASE_11DEDIC2011_1_SALUDO;KARAOKE;KARAOKE
105048;Agente 86 y el hombre invisible;Version Opratel;Sonidos
142782;ASE_23DEDIC2011_1_SALUDO;KARAOKE;KARAOKE
142807;ASE_24DEDIC2011_1_SALUDO;KARAOKE;KARAOKE
142809;ASE_24DEDIC2011_2_SALUDO;KARAOKE;KARAOKE
143130;ASE_30DEDIC2011_1_SALUDO;KARAOKE;KARAOKE
143148;ASE_30DEDIC2011_1_SONIDO;KARAOKE;KARAOKE
143147;ASE_30DEDIC2011_2_SALUDO;KARAOKE;KARAOKE
143153;ASE_30DEDIC2011_2_SONIDO;KARAOKE;KARAOKE
143156;ASE_30DEDIC2011_3_SALUDO;KARAOKE;KARAOKE
143171;ASE_31DEDIC2011_1_SALUDO;KARAOKE;KARAOKE
143163;ASE_31DEDIC2011_1_SONIDO;KARAOKE;KARAOKE
143176;ASE_31DEDIC2011_2_SALUDO;KARAOKE;KARAOKE
143164;ASE_31DEDIC2011_2_SONIDO;KARAOKE;KARAOKE
143173;ASE_31DEDIC2011_3_SONIDO;KARAOKE;KARAOKE
143172;ASE_31DEDIC2011_4_SONIDO;KARAOKE;KARAOKE
131842;Chaco Adentro;Yalo cuellar;Nuevas
138570;Dime si te vas con el;Opratel;Reggaeton
104591;Dime si te vas con el;Toing;Latinas
110189;el embrujo2;New Bolivia band; 
Fri Feb 10 21:19:36 BOT 2012: ASYNC -> STATS> Tiempo respuesta 0.334944 seg.
Fri Feb 10 21:19:36 BOT 2012: ASYNC -> STATS> Tiempo respuesta -0.573163 seg.
Fri Feb 10 21:19:39 BOT 2012: Consulta de precio de reason:2 - msisdn: tono:513 Async responde:350
 
Fri Feb 10 21:19:39 BOT 2012: Consulta de precio de reason:2 - msisdn: tono:103598 Async responde:350
 
Fri Feb 10 21:19:39 BOT 2012: Ajax->Mostrar Ranking:  
Fri Feb 10 21:19:39 BOT 2012: Asignar backtone escuchado > Asi termino:125735,133867,134021,133864,131844,133860,125492,125493,
Fri Feb 10 21:19:39 BOT 2012: ASYNC -> STATS> Tiempo respuesta 0.070313 seg.
Fri Feb 10 21:19:57 BOT 2012: Mostrar Genero: >G&eacute;nero:  <a href='index.php?seccion=playlist&genero=132'>Pop</a>
Fri Feb 10 21:20:24 BOT 2012: Consulta de precio de reason:5 - msisdn: tono:104051 Async responde:350
 
Fri Feb 10 21:21:39 BOT 2012: Ajax->Mostrar Reproducciones:  
Fri Feb 10 21:22:57 BOT 2012: Session Start>  session por defecto 
Fri Feb 10 21:23:15 BOT 2012: Ajax-> Mostrar Ranking > tono:314 
Fri Feb 10 21:23:33 BOT 2012: Asignar backtone escuchado > Asi termino:104175,104171,509,105994,105992,102507,514,105989,513,102506,102505,102504,512,511,510,105986,
Fri Feb 10 21:23:54 BOT 2012: Asignar backtone escuchado > Asi termino:139964,131001,139963,118747,139961,118754,118749,139960,118738,118741,118748,139844,139956,118734,139958,118752,118744,118730,118728,118745,
Fri Feb 10 21:23:57 BOT 2012: ASYNC -> STATS> Tiempo respuesta 0.155592 seg.
Fri Feb 10 21:24:16 BOT 2012: Ajax-> Mostrar Ranking > tono:108565 
Fri Feb 10 21:26:28 BOT 2012: ASYNC -> STATS> Tiempo respuesta -0.542628 seg.
Fri Feb 10 21:27:19 BOT 2012: Check Session > msisdn: 76412652 > Usuario Valido 
Fri Feb 10 21:27:55 BOT 2012: ACTUALIZAR_PIN_USUARIO >77773497 el usuario ya se encuentra registrado = 77773497
Fri Feb 10 21:29:37 BOT 2012: MTD_DB_BUSCAR_ARTISTAS > retornando registros:73
Fri Feb 10 21:31:37 BOT 2012: Ajax-> Mostrar Megusta> tono:102822 
Fri Feb 10 21:32:41 BOT 2012: Ajax->Mostrar Ranking:  
Fri Feb 10 21:33:29 BOT 2012: Asignar backtone escuchado > Asi termino:140823,137882,106380,131812,142230,140821,142927,142910,144149,136639,136637,136636,144150,144195,
Fri Feb 10 21:34:29 BOT 2012: Asignar backtone escuchado > Asi termino:109229,103524,103523,404,107567,103420,109227,104174,104171,509,105994,105992,102507,105989,513,102505,102504,512,511,510,
Fri Feb 10 21:34:38 BOT 2012: ASYNC -> STATS> Tiempo respuesta 0.11581 seg.
Fri Feb 10 21:35:05 BOT 2012: Mostrar Genero: >G&eacute;nero:  <a href='index.php?seccion=playlist&genero=155'>Romanticas</a>
Fri Feb 10 21:35:20 BOT 2012: Ajax-> Mostrar Ranking > tono:103374 
Fri Feb 10 21:37:59 BOT 2012: ASYNC -> STATS> Tiempo respuesta 0.004655 seg.
Fri Feb 10 21:39:11 BOT 2012: Ajax->Mostrar Comentarios:  
Fri Feb 10 21:39:36 BOT 2012: Ajax->Mostrar Megusta:  
Fri Feb 10 21:39:42 BOT 2012: Ajax-> Mostrar Ranking > tono:108574 
Fri Feb 10 21:41:42 BOT 2012: ASYNC -> STATS> Tiempo respuesta 0.002772 seg.
Fri Feb 10 21:46:39 BOT 2012: Session Start>  session por defecto 
Fri Feb 10 21:47:10 BOT 2012: Ajax->Mostrar Imagen Portada:  
Fri Feb 10 21:47:16 BOT 2012: Ajax-> Mostrar Ranking > tono:131760 
Fri Feb 10 21:48:13 BOT 2012: Ajax->Mostrar Imagen Portada:  
Fri Feb 10 21:48:22 BOT 2012: Busqueda Inteligente: 
Fri Feb 10 21:48:25 BOT 2012: Session Start>  session por defecto 
Fri Feb 10 21:48:28 BOT 2012: STATS > BUSQUEDA DE BACKTONE >Tiempo: 0.038532 seg. | registros: 38
Fri Feb 10 21:48:34 BOT 2012: Session Start>  session por defecto 
Fri Feb 10 21:48:37 BOT 2012: Session Start>  session por defecto 
Fri Feb 10 21:50:04 BOT 2012: Ajax->Mostrar Imagen Portada:  
Fri Feb 10 21:51:58 BOT 2012: Ajax->Mostrar Comentarios:  
Fri Feb 10 21:53:01 BOT 2012: Ajax->Mostrar Imagen Portada:  
Fri Feb 10 21:53:16 BOT 2012: Error al consultar precio de renovacion - msisdn: tono:103686 - Async responde -3
Fri Feb 10 21:53:16 BOT 2012: ASYNC -> STATS> Tiempo respuesta 0.749248 seg.
Fri Feb 10 21:53:19 BOT 2012: Asignar backtone escuchado > Asi termino:133860,125492,125493,125735,133867,134021,133864,131844,
Fri Feb 10 21:54:37 BOT 2012: Asignar backtone escuchado > Asi termino:108570,140982,140978,108590,108588,140975,108575,108577,108592,108572,108579,140973,140985,108582,108580,140984,108567,108565,140977,108561,
Fri Feb 10 21:54:46 BOT 2012: Ajax-> Mostrar Ranking > tono:134021 
Fri Feb 10 21:56:38 BOT 2012: Ajax-> Mostrar Ranking > tono:102610 
Fri Feb 10 21:58:08 BOT 2012: Ajax-> Mostrar  Imagen Portada> tono:131049 
Fri Feb 10 21:58:59 BOT 2012: Session Start>  Chequeo de sesion
Fri Feb 10 22:04:36 BOT 2012: Ajax->Mostrar Imagen Portada:  
Fri Feb 10 22:10:16 BOT 2012: Session Start>  session por defecto 
Fri Feb 10 22:12:52 BOT 2012: Ajax->Mostrar Megusta:  
Fri Feb 10 22:16:35 BOT 2012: Ajax->Mostrar Imagen Portada:  
Fri Feb 10 22:16:35 BOT 2012: Busqueda Inteligente: 
Fri Feb 10 22:16:44 BOT 2012: Ajax->Mostrar Nombre Genero:  
Fri Feb 10 22:16:47 BOT 2012: Session Start>  session por defecto 
Fri Feb 10 22:17:50 BOT 2012: Ajax->Mostrar Reproducciones:  
Fri Feb 10 22:17:50 BOT 2012: Busqueda Inteligente: Los Angeles Azules Opratel
Fri Feb 10 22:19:11 BOT 2012: Ajax-> Mostrar  Imagen Portada> tono:104037 
Fri Feb 10 22:19:41 BOT 2012: Ajax-> Mostrar Ranking > tono:143076 
Fri Feb 10 22:21:17 BOT 2012: Ajax-> Mostrar Ranking > tono:108592 
Fri Feb 10 22:21:41 BOT 2012: Ajax-> Mostrar Megusta> tono:105036 
Fri Feb 10 22:22:47 BOT 2012: Asignar backtone escuchado > Asi termino:142527,105075,105069,135053,105076,105072,105073,122291,105858,128223,113602,521,104120,103328,102622,124962,124960,124958,121513,128233,
Fri Feb 10 22:22:50 BOT 2012: Mostrar Album: >albumes/Michel Telo-NOOOSSAA.jpg
Fri Feb 10 22:22:53 BOT 2012: Mostrar Cantidad reproducciones: tono:124045 cantidad: 0
Fri Feb 10 22:23:32 BOT 2012: Asignar backtone escuchado > Asi termino:104042,103074,130830,104041,104040,103996,104039,104038,103226,104037,11,104036,104035,104034,104033,104032,104031,104030,103995,103073,
Fri Feb 10 22:28:15 BOT 2012: Ajax->Mostrar Nombre Artista:  
Fri Feb 10 22:28:30 BOT 2012: Consulta de precio de reason:2 - msisdn: tono:103328 Async responde:350
 
Fri Feb 10 22:29:24 BOT 2012: Ajax-> Mostrar  Nombre Genero > tono:139838 
Fri Feb 10 22:30:39 BOT 2012: Consulta de precio de reason:10 - msisdn: tono:108558 Async responde:350
 
Fri Feb 10 22:31:12 BOT 2012: Ajax->Mostrar Reproducciones:  
Fri Feb 10 22:31:12 BOT 2012: Ajax->Mostrar Comentarios:  
Fri Feb 10 22:31:52 BOT 2012: Ajax->Mostrar Nombre Artista:  
Fri Feb 10 22:32:19 BOT 2012: Ajax-> Mostrar  Nombre Artista > tono:102980 
Fri Feb 10 22:33:25 BOT 2012: Ajax->Mostrar Ranking:  
Fri Feb 10 22:34:28 BOT 2012: Asignar backtone escuchado > Asi termino:149,102526,112705,105040,104220,102639,103479,109409,105746,104383,106299,103453,106298,103284,105534,105533,105282,105036,105096,240,
Fri Feb 10 22:35:07 BOT 2012: Ajax->Mostrar Nombre Genero:  
Fri Feb 10 22:37:55 BOT 2012: ASYNC -> STATS> Tiempo respuesta 0.0057740000000001 seg.
Fri Feb 10 22:38:07 BOT 2012: Busqueda Inteligente: resultados >105382
Fri Feb 10 22:39:14 BOT 2012: Ajax-> Mostrar Comentarios> tono:104991 
Fri Feb 10 22:39:32 BOT 2012: Check Session > msisdn: 75674837 > Usuario Valido 
Fri Feb 10 22:39:59 BOT 2012: Ajax->Mostrar Ranking:  
Fri Feb 10 22:41:26 BOT 2012: Ajax-> Mostrar Ranking > tono:123534 
Fri Feb 10 22:41:32 BOT 2012: STATS > BUSQUEDA DE BACKTONE >Tiempo: -0.547063 seg. | registros: 1
Fri Feb 10 22:42:05 BOT 2012: ASYNC -> STATS> Tiempo respuesta 0.197956 seg.
Fri Feb 10 22:42:26 BOT 2012: Ajax-> Mostrar  Nombre Artista > tono:103888 
Fri Feb 10 22:43:08 BOT 2012: Ajax->Mostrar Comentarios:  
Fri Feb 10 22:43:17 BOT 2012: Ajax-> Compra de backtone msisdn: 75674837  tono:113056
Fri Feb 10 22:43:20 BOT 2012: ASYNC -> STATS> Tiempo respuesta 0.235854 seg.
Fri Feb 10 22:43:26 BOT 2012: ASYNC -> STATS> Tiempo respuesta 0.003472 seg.
Fri Feb 10 22:43:26 BOT 2012: ASYNC -> STATS> Tiempo respuesta -0.3542 seg.
Fri Feb 10 22:43:32 BOT 2012: Ajax->Mostrar Ranking:  
Fri Feb 10 22:44:26 BOT 2012: Ajax->Mostrar Nombre Artista:  
Fri Feb 10 22:45:59 BOT 2012: Consulta de precio de reason:10 - msisdn: tono:128612 Async responde:350
 
Fri Feb 10 22:47:36 BOT 2012: Ajax->Mostrar Nombre Artista:  
Fri Feb 10 22:47:36 BOT 2012: Ajax-> Mostrar Comentarios> tono:123515 
Fri Feb 10 22:47:45 BOT 2012: Ajax-> Mostrar  Imagen Portada> tono:145422 
Fri Feb 10 22:47:45 BOT 2012: ASYNC -> STATS> Tiempo respuesta 0.004903 seg.
Fri Feb 10 22:49:15 BOT 2012: Mostrar Genero: >G&eacute;nero:  <a href='index.php?seccion=playlist&genero=167'>Pablo Fernandez</a>
Fri Feb 10 22:49:21 BOT 2012: Ajax->Mostrar Imagen Portada:  
Fri Feb 10 22:52:36 BOT 2012: Consulta de precio de reason:10 - msisdn: tono:139846 Async responde:350
 
Fri Feb 10 22:52:36 BOT 2012: Ajax->Mostrar Megusta:  
Fri Feb 10 22:56:42 BOT 2012: Mostrar Album: >albumes/album-default.jpg
Fri Feb 10 22:57:24 BOT 2012: ASYNC -> STATS> Tiempo respuesta 0.0089849999999999 seg.
Fri Feb 10 22:57:40 BOT 2012: Consulta de precio de reason:2 - msisdn: tono:104085 Async responde:350
 
Fri Feb 10 22:58:43 BOT 2012: Ajax->Mostrar Ranking:  
Fri Feb 10 23:01:28 BOT 2012: Ajax-> Mostrar  Nombre Genero > tono:105274 
Fri Feb 10 23:01:28 BOT 2012: Ajax->Mostrar Comentarios:  
Fri Feb 10 23:01:28 BOT 2012: Ajax->Mostrar Megusta:  
Fri Feb 10 23:03:19 BOT 2012: ASYNC -> STATS> Tiempo respuesta 0.005119 seg.
Fri Feb 10 23:03:22 BOT 2012: ASYNC -> STATS> Tiempo respuesta -0.076165 seg.
Fri Feb 10 23:03:52 BOT 2012: WEB REPROD BUSQ > Facebook link: http%3A%2F%2Fbacktones.tigo.com.bo%2Fv3%2Findex.php%3Fseccion%3Dplaylist%26genero%3D112%26f%3D1%26t%3D123123
Fri Feb 10 23:05:19 BOT 2012: Ajax->Mostrar Megusta:  
Fri Feb 10 23:07:17 BOT 2012: Ajax->Mostrar Ranking:  
Fri Feb 10 23:07:41 BOT 2012: Ajax-> Mostrar  Imagen Portada> tono:109336 
Fri Feb 10 23:09:02 BOT 2012: Busqueda Inteligente: 
Fri Feb 10 23:12:35 BOT 2012: Ajax->Mostrar Nombre Genero:  
Fri Feb 10 23:12:53 BOT 2012: Ajax->Mostrar Reproducciones:  
Fri Feb 10 23:13:30 BOT 2012: ASYNC -> STATS> Tiempo respuesta -0.34315 seg.
Fri Feb 10 23:13:33 BOT 2012: ASYNC -> STATS> Tiempo respuesta -0.520495 seg.
Fri Feb 10 23:17:15 BOT 2012: Asignar backtone escuchado > Asi termino:102622,
Fri Feb 10 23:17:27 BOT 2012: Ajax-> Mostrar Ranking > tono:131812 
Fri Feb 10 23:19:18 BOT 2012: Asignar backtone escuchado > Asi termino:123531,123519,131049,131035,104072,104071,104064,103600,104070,131036,103599,103598,104069,104612,103597,103596,103595,104206,105402,104083,
Fri Feb 10 23:20:15 BOT 2012: Ajax->Mostrar Comentarios:  
Fri Feb 10 23:20:34 BOT 2012: Ajax->Mostrar Reproducciones:  
Fri Feb 10 23:21:04 BOT 2012: Ajax->Mostrar Nombre Genero:  
Fri Feb 10 23:21:25 BOT 2012: Ajax-> Mostrar Megusta> tono:142230 
Fri Feb 10 23:22:22 BOT 2012: Ajax-> Mostrar Megusta> tono:144179 
Fri Feb 10 23:23:10 BOT 2012: ASYNC -> STATS> Tiempo respuesta 0.005512 seg.
Fri Feb 10 23:23:19 BOT 2012: Asignar backtone escuchado > Asi termino:141114,145304,142166,139723,131812,142230,140821,257,140816,104875,104874,104873,104872,142223,141134,105096,104178,120248,140826,143078,
Fri Feb 10 23:23:19 BOT 2012: Ajax-> Mostrar Ranking > tono:61 
Fri Feb 10 23:23:37 BOT 2012: Asignar backtone escuchado > Asi termino:103605,103604,103603,131730,103602,103601,123530,123525,131042,123518,123531,123519,131049,131035,104072,104071,104064,103600,104070,131036,
Fri Feb 10 23:25:19 BOT 2012: Ajax->Mostrar Nombre Genero:  
Fri Feb 10 23:25:28 BOT 2012: Ajax->Mostrar Ranking:  
Fri Feb 10 23:25:28 BOT 2012: Ajax->Mostrar Nombre Artista:  
Fri Feb 10 23:25:40 BOT 2012: ASYNC -> STATS> Tiempo respuesta -0.004858 seg.
Fri Feb 10 23:25:40 BOT 2012: ASYNC -> STATS> Tiempo respuesta -0.0026539999999999 seg.
Fri Feb 10 23:26:46 BOT 2012: Ajax-> Mostrar  Imagen Portada> tono:7 
Fri Feb 10 23:27:41 BOT 2012: Ajax->Mostrar Megusta:  
Fri Feb 10 23:28:32 BOT 2012: Asignar backtone escuchado > Asi termino:144149,145418,144195,144194,144192,144191,144189,145417,144187,144185,144183,144182,144181,144179,145422,144177,144175,144174,144173,144171,
Fri Feb 10 23:29:41 BOT 2012: ASYNC -> STATS> Tiempo respuesta 0.0017529999999999 seg.
Fri Feb 10 23:29:53 BOT 2012: Ajax-> Mostrar Megusta> tono:104294 
Fri Feb 10 23:29:53 BOT 2012: ASYNC -> STATS> Tiempo respuesta -0.359705 seg.
Fri Feb 10 23:30:23 BOT 2012: Ajax->Mostrar Comentarios:  
Fri Feb 10 23:34:29 BOT 2012: Ajax->Mostrar Nombre Genero:  
Fri Feb 10 23:34:56 BOT 2012: Ajax->Mostrar Nombre Artista:  
Fri Feb 10 23:34:56 BOT 2012: Ajax->Mostrar Reproducciones:  
Fri Feb 10 23:37:57 BOT 2012: Ajax-> Mostrar  Nombre Artista > tono:144175 
Fri Feb 10 23:39:00 BOT 2012: Ajax->Mostrar Ranking:  
Fri Feb 10 23:40:15 BOT 2012: Session Start>  session por defecto 
Fri Feb 10 23:40:21 BOT 2012: Ajax-> Mostrar  Imagen Portada> tono:144182 
Fri Feb 10 23:40:42 BOT 2012: Asignar backtone escuchado > Asi termino:293,620,630,144152,287,103967,124243,617,123531,102562,104827,629,104156,104826,338,141055,144150,335,144149,104175,
Fri Feb 10 23:42:18 BOT 2012: Asignar backtone escuchado > Asi termino:104047,104046,104045,104044,104043,104042,103074,130830,104041,104040,103996,104039,104038,103226,104037,11,104036,104035,104034,104033,
Fri Feb 10 23:44:46 BOT 2012: Ajax-> Mostrar  Nombre Genero > tono:105354 
Fri Feb 10 23:46:44 BOT 2012: ASYNC -> STATS> Tiempo respuesta -0.131332 seg.
Fri Feb 10 23:46:47 BOT 2012: ASYNC -> STATS> Tiempo respuesta -0.133869 seg.
Fri Feb 10 23:47:13 BOT 2012: Ajax->Mostrar Megusta:  
Fri Feb 10 23:47:16 BOT 2012: Ajax->Mostrar Ranking:  
Fri Feb 10 23:47:25 BOT 2012: Ajax-> Mostrar Ranking > tono:104799 
Fri Feb 10 23:48:07 BOT 2012: Ajax->Mostrar Megusta:  
Fri Feb 10 23:48:19 BOT 2012: Ajax->Mostrar Megusta:  
Fri Feb 10 23:48:34 BOT 2012: Ajax->Mostrar Ranking:  
Fri Feb 10 23:50:50 BOT 2012: Ajax->Mostrar Ranking:  
Fri Feb 10 23:50:53 BOT 2012: Ajax->Mostrar Imagen Portada:  
Fri Feb 10 23:53:17 BOT 2012: Ajax->Mostrar Comentarios:  
Fri Feb 10 23:53:50 BOT 2012: Consulta de precio de reason:5 - msisdn: tono:128307 Async responde:350
 
Fri Feb 10 23:53:50 BOT 2012: ASYNC -> STATS> Tiempo respuesta -0.085273 seg.
Fri Feb 10 23:54:35 BOT 2012: Ajax->Mostrar Nombre Genero:  
Fri Feb 10 23:55:47 BOT 2012: ASYNC -> STATS> Tiempo respuesta 0.357208 seg.
Fri Feb 10 23:55:50 BOT 2012: Ajax->Mostrar Ranking:  
Fri Feb 10 23:57:24 BOT 2012: Ajax->Mostrar Comentarios:  
Fri Feb 10 23:58:42 BOT 2012: Ajax-> Mostrar Ranking > tono:109264 
Fri Feb 10 23:59:48 BOT 2012: Check Session > msisdn: 76899683 > Usuario Valido 
