Tue Jan 17 9:18:01 BOT 2012: Ajax->Mostrar Ranking:  
Tue Jan 17 9:18:43 BOT 2012: WEB_REPRODUCIR_BUSQUEDA > Se recibieron:114 tonos
Tue Jan 17 9:22:50 BOT 2012: Ajax-> Mostrar Ranking > tono:103146 
Tue Jan 17 9:25:17 BOT 2012: Asignar backtone escuchado > Asi termino:143759,143757,143755,
Tue Jan 17 9:25:44 BOT 2012: Ajax->Mostrar Nombre Genero:  
Tue Jan 17 9:26:17 BOT 2012: Ajax->Mostrar Megusta:  
Tue Jan 17 9:26:56 BOT 2012: STATS > BUSQUEDA DE BACKTONE >Tiempo: 0.41428 seg. | registros: 12
Tue Jan 17 9:27:50 BOT 2012: ASYNC -> STATS> Tiempo respuesta 0.003613 seg.
Tue Jan 17 9:29:05 BOT 2012: Busqueda Inteligente: 
Tue Jan 17 9:29:41 BOT 2012: Session Start>  session por defecto 
Tue Jan 17 9:36:15 BOT 2012: ASYNC -> STATS> Tiempo respuesta 0.0056729999999999 seg.
Tue Jan 17 9:36:24 BOT 2012: Asignar backtone escuchado > Asi termino:103289,103147,103288,103427,103146,103287,103145,103286,103144,103285,103143,104295,103142,103479,103284,103290,103148,104471,104465,
Tue Jan 17 9:36:48 BOT 2012: Ajax->Mostrar Nombre Artista:  
Tue Jan 17 9:37:21 BOT 2012: Ajax->Mostrar Imagen Portada:  
Tue Jan 17 9:38:46 BOT 2012: Asignar backtone escuchado > Asi termino:118725,118724,105549,105093,142913,131722,105550,105548,131721,105092,105263,129675,109407,105547,132110,105546,105262,104354,104355,104252,
Tue Jan 17 9:39:55 BOT 2012: Ajax->Mostrar Nombre Artista:  
Tue Jan 17 9:42:25 BOT 2012: Ajax->Mostrar Megusta:  
Tue Jan 17 9:43:25 BOT 2012: Compra exitosa de backtone - ingresando el backtone al usuario  msisdn:77119280 tono:142539
Tue Jan 17 9:44:10 BOT 2012: Ajax->Mostrar Nombre Genero:  
Tue Jan 17 9:44:32 BOT 2012: Session Start>  session por defecto 
Tue Jan 17 9:44:41 BOT 2012: Ajax->Mostrar Reproducciones:  
Tue Jan 17 9:46:18 BOT 2012: Ajax-> Mostrar Ranking > tono:103288 
Tue Jan 17 9:47:35 BOT 2012: Ajax->Mostrar Nombre Artista:  
Tue Jan 17 9:48:05 BOT 2012: Mostrar Comentarios : tono:131824 
Tue Jan 17 9:54:54 BOT 2012: ASYNC -> STATS> Tiempo respuesta 0.002368 seg.
Tue Jan 17 9:55:00 BOT 2012: ASYNC -> STATS> Tiempo respuesta 0.00011100000000008 seg.
Tue Jan 17 9:55:48 BOT 2012: Ajax-> Mostrar Ranking > tono:103287 
Tue Jan 17 9:55:54 BOT 2012: Ajax->Mostrar Nombre Genero:  
Tue Jan 17 9:56:39 BOT 2012: Ajax->Mostrar Imagen Portada:  
Tue Jan 17 9:57:45 BOT 2012: Consulta de precio de reason:3 - msisdn: tono:104414 Async responde:350
 
Tue Jan 17 9:58:09 BOT 2012: Ajax->Mostrar Imagen Portada:  
Tue Jan 17 9:58:19 BOT 2012: Ajax->Mostrar Ranking:  
Tue Jan 17 10:01:43 BOT 2012: Ajax-> Mostrar  Nombre Artista > tono:104179 
Tue Jan 17 10:02:16 BOT 2012: Ajax-> Mostrar Ranking > tono:125088 
Tue Jan 17 10:02:58 BOT 2012: Ajax->Mostrar Imagen Portada:  
Tue Jan 17 10:03:25 BOT 2012: Ajax->Mostrar Ranking:  
Tue Jan 17 10:04:07 BOT 2012: Ajax-> Mostrar  Imagen Portada> tono:102610 
Tue Jan 17 10:04:28 BOT 2012: Ajax-> Mostrar  Imagen Portada> Album:Artista:  <a href='index.php?seccion=playlist&autor=685'>Covertone - MG</a>
Tue Jan 17 10:05:46 BOT 2012: ASYNC -> STATS> Tiempo respuesta 0.003142 seg.
Tue Jan 17 10:05:49 BOT 2012: ASYNC -> STATS> Tiempo respuesta 0.345284 seg.
Tue Jan 17 10:05:49 BOT 2012: ASYNC -> STATS> Tiempo respuesta 0.304671 seg.
Tue Jan 17 10:05:55 BOT 2012: ASYNC -> STATS> Tiempo respuesta 0.0020169999999999 seg.
Tue Jan 17 10:05:58 BOT 2012: ASYNC -> STATS> Tiempo respuesta 0.989794 seg.
Tue Jan 17 10:05:58 BOT 2012: ASYNC -> STATS> Tiempo respuesta 0.008318 seg.
Tue Jan 17 10:06:02 BOT 2012: ASYNC -> STATS> Tiempo respuesta 0.76985 seg.
Tue Jan 17 10:07:20 BOT 2012: Ajax->Mostrar Imagen Portada:  
Tue Jan 17 10:07:23 BOT 2012: Ajax->Mostrar Nombre Artista:  
Tue Jan 17 10:08:29 BOT 2012: Asignar backtone escuchado > Asi termino:105096,106266,124243,103474,103328,102622,125102,125100,125098,125096,125094,125088,
Tue Jan 17 10:08:53 BOT 2012: ASYNC -> STATS> Tiempo respuesta 0.001833 seg.
Tue Jan 17 10:09:44 BOT 2012: Consulta de precio de reason:2 - msisdn:78724953 tono:105036 Async responde:350
 
Tue Jan 17 10:11:44 BOT 2012: Ajax->Mostrar Megusta:  
Tue Jan 17 10:12:47 BOT 2012: Ajax->Mostrar Nombre Genero:  
Tue Jan 17 10:17:51 BOT 2012: Ajax->Mostrar Nombre Genero:  
Tue Jan 17 10:18:18 BOT 2012: Ajax->Mostrar Megusta:  
Tue Jan 17 10:19:18 BOT 2012: Ajax->Mostrar Ranking:  
Tue Jan 17 10:26:58 BOT 2012: Ajax->Mostrar Imagen Portada:  
Tue Jan 17 10:31:20 BOT 2012: Ajax->Mostrar Ranking:  
Tue Jan 17 10:34:11 BOT 2012: Asignar backtone escuchado > Asi termino:109916,130804,130802,130806,104527,135087,134,104458,103494,103665,104753,104752,127293,130799,130801,135046,103099,103502,103667,135275,
Tue Jan 17 10:35:39 BOT 2012: Ajax->Mostrar Imagen Portada:  
Tue Jan 17 10:39:21 BOT 2012: ASYNC -> STATS> Tiempo respuesta 0.002095 seg.
Tue Jan 17 10:39:36 BOT 2012: Asignar backtone escuchado > Asi termino:141833,143765,
Tue Jan 17 10:41:09 BOT 2012: ASYNC -> STATS> Tiempo respuesta -0.187175 seg.
Tue Jan 17 10:41:09 BOT 2012: ASYNC -> STATS> Tiempo respuesta 0.212374 seg.
Tue Jan 17 10:41:15 BOT 2012: Asignar backtone escuchado > Asi termino:142273,142223,141837,141833,143765,
Tue Jan 17 10:41:15 BOT 2012: Ajax->Mostrar Megusta:  
Tue Jan 17 10:42:00 BOT 2012: Ajax->Mostrar Megusta:  
Tue Jan 17 10:43:22 BOT 2012: Mostrar Cantidad reproducciones: tono:103288 cantidad: 0
Tue Jan 17 10:44:25 BOT 2012: Ajax->Mostrar Nombre Genero:  
Tue Jan 17 10:49:01 BOT 2012: Ajax->Mostrar Comentarios:  
Tue Jan 17 10:49:07 BOT 2012: Consulta de precio de reason:2 - msisdn: tono:141835 Async responde:350
 
Tue Jan 17 10:49:07 BOT 2012: ASYNC -> STATS> Tiempo respuesta 0.134414 seg.
Tue Jan 17 10:49:16 BOT 2012: ASYNC -> STATS> Tiempo respuesta 0.259048 seg.
Tue Jan 17 10:51:26 BOT 2012: Ajax-> Mostrar  Nombre Artista > tono:103614 
Tue Jan 17 10:51:35 BOT 2012: Ajax->Mostrar Reproducciones:  
Tue Jan 17 10:51:53 BOT 2012: ASYNC -> STATS> Tiempo respuesta 0.003956 seg.
Tue Jan 17 10:52:26 BOT 2012: ASYNC -> STATS> Tiempo respuesta 0.162192 seg.
Tue Jan 17 10:53:23 BOT 2012: Ajax->Mostrar Reproducciones:  
Tue Jan 17 10:54:20 BOT 2012: ASYNC -> STATS> Tiempo respuesta 0.021916 seg.
Tue Jan 17 10:54:47 BOT 2012: Ajax-> Mostrar Comentarios> tono:135973 
Tue Jan 17 10:56:47 BOT 2012: Ajax->Mostrar Ranking:  
Tue Jan 17 10:57:36 BOT 2012: Check Session > msisdn: 78009474 > Usuario Valido 
Tue Jan 17 11:01:09 BOT 2012: Ajax->Mostrar Reproducciones:  
Tue Jan 17 11:02:27 BOT 2012: Session Start>  Chequeo de sesion
Tue Jan 17 11:03:12 BOT 2012: Consulta de precio de reason:2 - msisdn: tono:126165 Async responde:350
 
Tue Jan 17 11:03:42 BOT 2012: Ajax->Mostrar Nombre Genero:  
Tue Jan 17 11:03:57 BOT 2012: Check Session > msisdn: 77302971 > Usuario Valido 
Tue Jan 17 11:06:49 BOT 2012: Ajax-> Mostrar Comentarios> tono:257 
Tue Jan 17 11:07:46 BOT 2012: Ajax-> Mostrar Ranking > tono:135973 
Tue Jan 17 11:08:13 BOT 2012: Ajax-> Mostrar  Imagen Portada> Album:Artista:  <a href='index.php?seccion=playlist&autor=454'>Guns N Roses</a>
Tue Jan 17 11:09:52 BOT 2012: Ajax->Mostrar Nombre Artista:  
Tue Jan 17 11:11:37 BOT 2012: Ajax-> Mostrar  Nombre Genero > tono:129445 
Tue Jan 17 11:12:47 BOT 2012: ASYNC -> STATS> Tiempo respuesta 0.003885 seg.
Tue Jan 17 11:12:50 BOT 2012: Asignar backtone escuchado > Asi termino:103305,104646,105002,109323,105069,
Tue Jan 17 11:16:41 BOT 2012: Busqueda Inteligente: resultados >135139
Tue Jan 17 11:17:26 BOT 2012: Ajax->Mostrar Comentarios:  
Tue Jan 17 11:18:53 BOT 2012: Ajax-> Mostrar Megusta> tono:105775 
Tue Jan 17 11:20:15 BOT 2012: ASYNC -> STATS> Tiempo respuesta 0.001828 seg.
Tue Jan 17 11:21:21 BOT 2012: Ajax->Mostrar Nombre Artista:  
Tue Jan 17 11:21:42 BOT 2012: ASYNC -> STATS> Tiempo respuesta -0.278298 seg.
Tue Jan 17 11:21:42 BOT 2012: Asignar backtone escuchado > Asi termino:435,103450,126853,135108,127757,127759,572,102630,
Tue Jan 17 11:24:00 BOT 2012: Ajax-> Mostrar  Imagen Portada> tono:102673 
Tue Jan 17 11:24:12 BOT 2012: Ajax->Mostrar Comentarios:  
Tue Jan 17 11:24:54 BOT 2012: Ajax-> Mostrar Ranking > tono:128612 
Tue Jan 17 11:25:42 BOT 2012: Ajax-> Mostrar  Imagen Portada> tono:140819 
Tue Jan 17 11:26:03 BOT 2012: Ajax->Mostrar Reproducciones:  
Tue Jan 17 11:26:09 BOT 2012: ASYNC -> STATS> Tiempo respuesta 0.279113 seg.
Tue Jan 17 11:26:09 BOT 2012: Ajax->Mostrar Ranking:  
Tue Jan 17 11:28:40 BOT 2012: Consulta de precio de reason:3 - msisdn: tono:114 Async responde:350
 
Tue Jan 17 11:28:43 BOT 2012: Ajax->Mostrar Nombre Genero:  
Tue Jan 17 11:28:43 BOT 2012: Ajax->Mostrar Imagen Portada:  
Tue Jan 17 11:29:01 BOT 2012: Asignar backtone escuchado > Asi termino:102746,109431,109435,109438,109624,109441,109445,109446,109449,109454,109626,109460,109463,109632,109494,109636,102713,104688,103946,104563,
Tue Jan 17 11:29:19 BOT 2012: Ajax->Mostrar Reproducciones:  
Tue Jan 17 11:29:46 BOT 2012: Ajax->Mostrar Nombre Genero:  
Tue Jan 17 11:29:49 BOT 2012: Ajax-> Mostrar  Nombre Artista > tono:128614 
Tue Jan 17 11:30:28 BOT 2012: Ajax-> Mostrar  Genero > G&eacute;nero:  <a href='index.php?seccion=playlist&genero=102'>Chistes</a>
Tue Jan 17 11:31:31 BOT 2012: Ajax->Mostrar Ranking:  
Tue Jan 17 11:32:37 BOT 2012: ASYNC -> STATS> Tiempo respuesta 0.459991 seg.
Tue Jan 17 11:33:32 BOT 2012: Ajax->Mostrar Reproducciones:  
Tue Jan 17 11:33:32 BOT 2012: Ajax->Mostrar Comentarios:  
Tue Jan 17 11:34:23 BOT 2012: Ajax->Mostrar Ranking:  
Tue Jan 17 11:36:35 BOT 2012: Ajax->Mostrar Imagen Portada:  
Tue Jan 17 11:37:23 BOT 2012: ASYNC -> STATS> Tiempo respuesta 0.002592 seg.
Tue Jan 17 11:37:29 BOT 2012: Asignar backtone escuchado > Asi termino:149,105003,
Tue Jan 17 11:38:50 BOT 2012: Ajax-> Mostrar  Imagen Portada> tono:104652 
Tue Jan 17 11:40:57 BOT 2012: Mostrar Genero: >G&eacute;nero:  <a href='index.php?seccion=playlist&genero=96'>Bachata y Vallenato</a>
Tue Jan 17 11:41:30 BOT 2012: Busqueda Inteligente: resultados >105769
Tue Jan 17 11:45:33 BOT 2012: Mostrar Album: >albumes/album-default.jpg
Tue Jan 17 11:45:48 BOT 2012: Consulta de precio de reason:3 - msisdn:78474250 tono:105420 Async responde:350
 
Tue Jan 17 11:46:39 BOT 2012: WEB_REPRODUCIR_BUSQUEDA > Se recibieron:32 tonos
Tue Jan 17 11:48:04 BOT 2012: Ajax->Mostrar Nombre Artista:  
Tue Jan 17 11:48:22 BOT 2012: Ajax->Mostrar Reproducciones:  
Tue Jan 17 11:48:40 BOT 2012: Mostrar Ranking: tono:104403 calificacion: 3
Tue Jan 17 11:48:43 BOT 2012: Mostrar Album: >albumes/Pablo Fernandez.jpg
Tue Jan 17 11:48:49 BOT 2012: Ajax->Mostrar Megusta:  
Tue Jan 17 11:49:07 BOT 2012: Ajax->Mostrar Nombre Genero:  
Tue Jan 17 11:50:01 BOT 2012: Ajax->Mostrar Comentarios:  
Tue Jan 17 11:50:31 BOT 2012: Ajax->Mostrar Megusta:  
Tue Jan 17 11:50:58 BOT 2012: Check Session > msisdn: 77378963 > Usuario Valido 
Tue Jan 17 11:51:55 BOT 2012: Ajax->Mostrar Ranking:  
Tue Jan 17 11:52:52 BOT 2012: Ajax->Mostrar Imagen Portada:  
Tue Jan 17 11:53:13 BOT 2012: ASYNC -> STATS> Tiempo respuesta 0.003525 seg.
Tue Jan 17 11:53:16 BOT 2012: ASYNC -> STATS> Tiempo respuesta 0.217175 seg.
Tue Jan 17 11:53:34 BOT 2012: Ajax->Mostrar Reproducciones:  
Tue Jan 17 11:55:32 BOT 2012: Busqueda Inteligente: Enrique Iglesias
Tue Jan 17 11:55:59 BOT 2012: Ajax->Mostrar Reproducciones:  
Tue Jan 17 11:56:08 BOT 2012: Mostrar Comentarios : tono:129886 
Tue Jan 17 11:56:41 BOT 2012: Ajax->Mostrar Nombre Artista:  
Tue Jan 17 11:57:32 BOT 2012: Ajax->Mostrar Nombre Genero:  
Tue Jan 17 11:58:35 BOT 2012: Ajax-> Mostrar  Nombre Genero > tono:364 
Tue Jan 17 11:58:41 BOT 2012: Ajax->Mostrar Reproducciones:  
Tue Jan 17 11:58:53 BOT 2012: ASYNC -> STATS> Tiempo respuesta 0.001709 seg.
Tue Jan 17 11:59:02 BOT 2012: ASYNC -> STATS> Tiempo respuesta 0.004603 seg.
Tue Jan 17 11:59:14 BOT 2012: Ajax->Mostrar Ranking:  
Tue Jan 17 11:59:26 BOT 2012: Ajax-> Mostrar  Imagen Portada> tono:143753 
Tue Jan 17 12:00:47 BOT 2012: Ajax->Mostrar Nombre Artista:  
Tue Jan 17 12:01:05 BOT 2012: Busqueda Inteligente: 
Tue Jan 17 12:01:26 BOT 2012: WEB_REPRODUCIR_BUSQUEDA > Se recibieron:68 tonos
Tue Jan 17 12:03:39 BOT 2012: ASYNC -> STATS> Tiempo respuesta -0.530896 seg.
Tue Jan 17 12:03:45 BOT 2012: Ajax-> Mostrar  Nombre Genero > tono:104472 
Tue Jan 17 12:07:15 BOT 2012: Busqueda Inteligente: 
Tue Jan 17 12:07:51 BOT 2012: Ajax->Mostrar Comentarios:  
Tue Jan 17 12:09:18 BOT 2012: Ajax-> Mostrar  Imagen Portada> tono:137253 
Tue Jan 17 12:09:19 BOT 2012: Ajax->Mostrar Reproducciones:  
Tue Jan 17 12:10:07 BOT 2012: ASYNC -> STATS> Tiempo respuesta -0.715641 seg.
Tue Jan 17 12:10:22 BOT 2012: Ajax-> Mostrar Ranking > tono:126141 
Tue Jan 17 12:11:52 BOT 2012: Session Start>  Chequeo de sesion
Tue Jan 17 12:12:01 BOT 2012: Ajax-> Mostrar Ranking > tono:138306 
Tue Jan 17 12:13:28 BOT 2012: Ajax->Mostrar Nombre Genero:  
Tue Jan 17 12:13:28 BOT 2012: Ajax->Mostrar Reproducciones:  
Tue Jan 17 12:13:43 BOT 2012: Asignar backtone escuchado > Asi termino:102797,102634,102633,102803,103655,102632,109971,103654,102796,103644,102631,103643,103653,102795,102629,103652,109975,108556,102624,109973,
Tue Jan 17 12:13:58 BOT 2012: Ajax->Mostrar Ranking:  
Tue Jan 17 12:14:31 BOT 2012: ASYNC -> STATS> Tiempo respuesta 0.05796 seg.
Tue Jan 17 12:14:52 BOT 2012: Ajax-> Mostrar Comentarios> tono:130830 
Tue Jan 17 12:16:10 BOT 2012: Ajax->Mostrar Imagen Portada:  
Tue Jan 17 12:16:10 BOT 2012: Asignar backtone escuchado > Asi termino:133883,103544,103543,136231,129938,103542,127295,103068,102658,134012,133881,105234,125516,104579,
Tue Jan 17 12:16:10 BOT 2012: Ajax-> Mostrar Ranking > tono:126141 
Tue Jan 17 12:16:10 BOT 2012: Asignar backtone escuchado > Asi termino:130834,135152,130832,131640,135153,135151,130833,103189,137253,122650,105239,104532,240,124243,104991,110221,103686,132096,103713,104465,
Tue Jan 17 12:16:16 BOT 2012: Ajax->Mostrar Megusta:  
Tue Jan 17 12:19:11 BOT 2012: ASYNC -> STATS> Tiempo respuesta -0.088083 seg.
Tue Jan 17 12:19:14 BOT 2012: ASYNC -> STATS> Tiempo respuesta -0.570733 seg.
Tue Jan 17 12:19:17 BOT 2012: Ajax-> Mostrar Ranking > tono:633 
Tue Jan 17 12:19:23 BOT 2012: ASYNC -> STATS> Tiempo respuesta 0.030012 seg.
Tue Jan 17 12:20:23 BOT 2012: Check Session > msisdn: 75148127 > Usuario Valido 
Tue Jan 17 12:20:53 BOT 2012: Ajax-> Mostrar Ranking > tono:125517 
Tue Jan 17 12:20:59 BOT 2012: Ajax-> Mostrar Megusta> tono:103729 
Tue Jan 17 12:22:02 BOT 2012: Ajax-> Mostrar  Nombre Artista > tono:142273 
Tue Jan 17 12:23:05 BOT 2012: ASYNC -> STATS> Tiempo respuesta 0.855832 seg.
Tue Jan 17 12:24:00 BOT 2012: Ajax->Mostrar Reproducciones:  
Tue Jan 17 12:24:33 BOT 2012: Ajax-> Mostrar  Nombre Genero > tono:141918 
Tue Jan 17 12:26:36 BOT 2012: Mostrar Album: >Artista:  <a href='index.php?seccion=playlist&autor=781'>Mike Suarez</a>
Tue Jan 17 12:31:55 BOT 2012: Ajax->Mostrar Megusta:  
Tue Jan 17 12:32:01 BOT 2012: Ajax->Mostrar Megusta:  
Tue Jan 17 12:32:28 BOT 2012: Ajax-> Mostrar Megusta> tono:203 
Tue Jan 17 12:33:49 BOT 2012: Ajax->Mostrar Ranking:  
Tue Jan 17 12:34:43 BOT 2012: Ajax-> Mostrar  Nombre Genero > tono:105549 
Tue Jan 17 12:34:49 BOT 2012: Ajax-> Mostrar  Nombre Genero > tono:104045 
Tue Jan 17 12:34:55 BOT 2012: Ajax->Mostrar Comentarios:  
Tue Jan 17 12:37:43 BOT 2012: WEB_REPRODUCIR_BUSQUEDA > Se recibieron:19 tonos
Tue Jan 17 12:38:29 BOT 2012: Busqueda Inteligente: resultados >102566
Tue Jan 17 12:40:11 BOT 2012: ASYNC -> STATS> Tiempo respuesta 0.005494 seg.
Tue Jan 17 12:44:26 BOT 2012: ASYNC -> STATS> Tiempo respuesta 0.59752 seg.
Tue Jan 17 12:45:23 BOT 2012: Ajax-> Mostrar  Nombre Genero > tono:132078 
Tue Jan 17 12:45:41 BOT 2012: Ajax-> Mostrar Megusta> tono:105589 
Tue Jan 17 12:46:21 BOT 2012: Ajax-> Mostrar Ranking > tono:632 
Tue Jan 17 12:46:36 BOT 2012: Ajax->Mostrar Nombre Artista:  
Tue Jan 17 12:48:09 BOT 2012: Ajax-> Mostrar Megusta> tono:104171 
Tue Jan 17 12:49:45 BOT 2012: Ajax->Mostrar Ranking:  
Tue Jan 17 12:50:24 BOT 2012: Ajax->Mostrar Ranking:  
Tue Jan 17 12:50:57 BOT 2012: Ajax->Mostrar Reproducciones:  
Tue Jan 17 12:51:33 BOT 2012: Busqueda Inteligente: la oreja de van gogh
Tue Jan 17 12:52:27 BOT 2012: Ajax->Mostrar Ranking:  
Tue Jan 17 12:52:43 BOT 2012: Ajax->Mostrar Ranking:  
Tue Jan 17 12:53:13 BOT 2012: Ajax-> Mostrar Ranking > tono:133678 
Tue Jan 17 12:56:22 BOT 2012: Ajax->Mostrar Reproducciones:  
Tue Jan 17 12:56:40 BOT 2012: ASYNC -> STATS> Tiempo respuesta -0.054689 seg.
Tue Jan 17 12:56:43 BOT 2012: ASYNC -> STATS> Tiempo respuesta -0.002911 seg.
Tue Jan 17 12:56:52 BOT 2012: Ajax->Mostrar Ranking:  
Tue Jan 17 12:56:52 BOT 2012: Consulta de precio de reason:2 - msisdn: tono:203 Async responde:350
 
Tue Jan 17 12:57:55 BOT 2012: Ajax->Mostrar Reproducciones:  
Tue Jan 17 12:58:13 BOT 2012: ASYNC -> STATS> Tiempo respuesta -0.257572 seg.
Tue Jan 17 13:00:16 BOT 2012: Asignar backtone escuchado > Asi termino:133736,103528,103824,104643,143744,144117,144115,144108,144106,144109,
Tue Jan 17 13:02:05 BOT 2012: Ajax-> Mostrar Ranking > tono:135670 
Tue Jan 17 13:02:23 BOT 2012: Ajax->Mostrar Comentarios:  
Tue Jan 17 13:03:20 BOT 2012: Ajax->Mostrar Nombre Artista:  
Tue Jan 17 13:04:56 BOT 2012: Asignar backtone escuchado > Asi termino:135108,127757,127759,240,211,202,210,208,203,206,105360,207,198,105361,200,204,201,199,205,209,
Tue Jan 17 13:04:59 BOT 2012: ASYNC -> STATS> Tiempo respuesta 0.0024350000000001 seg.
Tue Jan 17 13:05:02 BOT 2012: Ajax->Mostrar Ranking:  
Tue Jan 17 13:05:16 BOT 2012: Busqueda Inteligente: resultados >105362
Tue Jan 17 13:06:41 BOT 2012: Ajax-> Mostrar Ranking > tono:134638 
Tue Jan 17 13:07:45 BOT 2012: WEB_REPRODUCIR_BUSQUEDA > Se recibieron:114 tonos
Tue Jan 17 13:08:03 BOT 2012: ASYNC -> STATS> Tiempo respuesta 0.005566 seg.
Tue Jan 17 13:08:09 BOT 2012: Ajax->Mostrar Reproducciones:  
Tue Jan 17 13:08:30 BOT 2012: Ajax-> Mostrar Ranking > tono:104465 
Tue Jan 17 13:09:57 BOT 2012: Ajax->Mostrar Reproducciones:  
Tue Jan 17 14:21:30 BOT 2012: Ajax->Mostrar Megusta:  
Tue Jan 17 14:21:42 BOT 2012: Ajax->Eliminando backtone: msisdn:78777030   
Tue Jan 17 14:26:15 BOT 2012: Ajax-> Mostrar Ranking > tono:103087 
Tue Jan 17 14:26:15 BOT 2012: Asignar backtone escuchado > Asi termino:103210,106234,103203,106235,105053,104929,104928,102743,105407,105391,102742,104508,137822,102921,102920,496,492,103368,103172,103254,
Tue Jan 17 14:26:18 BOT 2012: Ajax-> Mostrar  Nombre Artista > tono:103087 
Tue Jan 17 14:27:12 BOT 2012: Ajax-> Mostrar  Genero > G&eacute;nero:  <a href='index.php?seccion=playlist&genero=132'>Pop</a>
Tue Jan 17 14:30:46 BOT 2012: Ajax->Mostrar Nombre Artista:  
Tue Jan 17 14:30:55 BOT 2012: Asignar backtone escuchado > Asi termino:122291,105073,127767,127759,142527,105001,129230,126029,103713,103712,103703,126993,116862,103705,105083,126859,103700,126855,126861,118756,
Tue Jan 17 14:33:01 BOT 2012: Ajax-> Mostrar Megusta> tono:127787 
Tue Jan 17 14:35:08 BOT 2012: Ajax-> Mostrar Megusta> tono:105274 
Tue Jan 17 14:35:41 BOT 2012: Ajax->Mostrar Nombre Genero:  
Tue Jan 17 14:36:20 BOT 2012: WEB_REPRODUCIR_BUSQUEDA > Se recibieron:4 tonos
Tue Jan 17 14:36:44 BOT 2012: Consulta de precio de reason:10 - msisdn:77129911 tono:127898 Async responde:350
 
Tue Jan 17 14:40:08 BOT 2012: WEB_REPRODUCIR_BUSQUEDA > Se recibieron:8 tonos
Tue Jan 17 14:41:14 BOT 2012: WEB REPROD BUSQ > Facebook link: http%3A%2F%2Fbacktones.tigo.com.bo%2Fv3%2Findex.php%3Fseccion%3Dplaylist%26genero%3D98%26f%3D1%26t%3D123123
Tue Jan 17 14:43:00 BOT 2012: Ajax-> Mostrar Megusta> tono:102957 
Tue Jan 17 14:43:00 BOT 2012: Session Start>  Chequeo de sesion
Tue Jan 17 14:46:42 BOT 2012: Ajax->Mostrar Ranking:  
Tue Jan 17 14:47:09 BOT 2012: Ajax->Mostrar Ranking:  
Tue Jan 17 14:48:46 BOT 2012: ASYNC -> STATS> Tiempo respuesta -0.546168 seg.
Tue Jan 17 14:49:01 BOT 2012: Ajax->Mostrar Comentarios:  
Tue Jan 17 14:51:28 BOT 2012: STATS > BUSQUEDA DE BACKTONE >Tiempo: 0.214967 seg. | registros: 6
Tue Jan 17 14:54:07 BOT 2012: ASYNC -> STATS> Tiempo respuesta -0.098624 seg.
Tue Jan 17 14:54:28 BOT 2012: Ajax-> Mostrar  Nombre Artista > tono:118744 
Tue Jan 17 14:55:44 BOT 2012: Ajax->Mostrar Megusta:  
Tue Jan 17 14:57:05 BOT 2012: Ajax-> Mostrar Megusta> tono:130832 
Tue Jan 17 14:57:29 BOT 2012: Mostrar Genero: >G&eacute;nero:  <a href='index.php?seccion=playlist&genero=100'>Carnaval</a>
Tue Jan 17 14:57:50 BOT 2012: Ajax->Mostrar Reproducciones:  
Tue Jan 17 14:58:08 BOT 2012: Ajax->Mostrar Megusta:  
Tue Jan 17 14:58:53 BOT 2012: Ajax-> Mostrar Ranking > tono:166 
Tue Jan 17 14:58:59 BOT 2012: Session Start>  session por defecto 
Tue Jan 17 15:07:30 BOT 2012: Ajax-> Mostrar  Imagen Portada> tono:94 
Tue Jan 17 15:08:00 BOT 2012: ASYNC -> STATS> Tiempo respuesta 0.004814 seg.
Tue Jan 17 15:11:58 BOT 2012: Ajax-> Mostrar Ranking > tono:94 
Tue Jan 17 15:13:04 BOT 2012: Session Start>  session por defecto 
Tue Jan 17 15:19:47 BOT 2012: Ajax->Mostrar Imagen Portada:  
Tue Jan 17 15:20:35 BOT 2012: Busqueda Inteligente: NINO BRAVO
Tue Jan 17 15:21:26 BOT 2012: Ajax->Eliminando backtone: msisdn:78055484   
Tue Jan 17 15:21:44 BOT 2012: Ajax->Mostrar Comentarios:  
Tue Jan 17 15:22:11 BOT 2012: Session Start>  session por defecto 
Tue Jan 17 15:22:35 BOT 2012: Ajax->Mostrar Imagen Portada:  
Tue Jan 17 15:22:35 BOT 2012: Ajax->Mostrar Ranking:  
Tue Jan 17 15:23:29 BOT 2012: Asignar backtone escuchado > Asi termino:104024,134021,133867,133864,131844,125492,125493,125735,128668,128601,317,103843,310,103838,105281,105244,105246,105242,103210,104357,
Tue Jan 17 15:23:32 BOT 2012: Ajax->Mostrar Ranking:  
Tue Jan 17 15:25:15 BOT 2012: Ajax->Mostrar Nombre Genero:  
Tue Jan 17 15:28:54 BOT 2012: Ajax-> Mostrar  Nombre Artista > tono:129892 
Tue Jan 17 15:31:43 BOT 2012: Ajax-> Mostrar  Nombre Genero > tono:120942 
Tue Jan 17 15:34:16 BOT 2012: Ajax->Actualizar pin usuario >recibe el msisdn:75422095 
Tue Jan 17 15:34:37 BOT 2012: STATS > BUSQUEDA DE BACKTONE >Tiempo: 0.030618 seg. | registros: 73
Tue Jan 17 15:38:43 BOT 2012: Ajax-> Mostrar Ranking > tono:125735 
Tue Jan 17 15:39:35 BOT 2012: MTD_DB_BUSCAR_ARTISTAS > retornando registros:45
Tue Jan 17 15:40:14 BOT 2012: Ajax->Mostrar Comentarios:  
Tue Jan 17 15:40:20 BOT 2012: Ajax-> Mostrar Comentarios> tono:124050 
Tue Jan 17 15:42:53 BOT 2012: Ajax->Mostrar Ranking:  
Tue Jan 17 15:46:17 BOT 2012: ASYNC -> STATS> Tiempo respuesta 0.215653 seg.
Tue Jan 17 15:48:12 BOT 2012: Mostrar Album: >albumes/album-default.jpg
Tue Jan 17 15:49:33 BOT 2012: WEB_REPRODUCIR_BUSQUEDA > Se recibieron:25 tonos
Tue Jan 17 15:50:15 BOT 2012: Ajax->Mostrar Nombre Genero:  
Tue Jan 17 15:53:46 BOT 2012: Mostrar Album: >Artista:  <a href='index.php?seccion=playlist&autor=462'>fRANCO dE vITA</a>
Tue Jan 17 15:54:13 BOT 2012: Ajax->Mostrar Nombre Artista:  
Tue Jan 17 15:57:01 BOT 2012: Ajax->Mostrar Reproducciones:  
Tue Jan 17 15:57:28 BOT 2012: Ajax->Mostrar Imagen Portada:  
Tue Jan 17 15:58:40 BOT 2012: Ajax-> Mostrar Megusta> tono:103089 
Tue Jan 17 15:59:31 BOT 2012: Session Start>  Chequeo de sesion
Tue Jan 17 15:59:49 BOT 2012: ASYNC -> STATS> Tiempo respuesta 0.002011 seg.
Tue Jan 17 15:59:52 BOT 2012: Consulta de precio de reason:3 - msisdn: tono:125092 Async responde:350
 
Tue Jan 17 16:00:56 BOT 2012: Ajax->Mostrar Imagen Portada:  
Tue Jan 17 16:01:08 BOT 2012: Ajax->Mostrar Imagen Portada:  
Tue Jan 17 16:01:50 BOT 2012: Ajax->Mostrar Megusta:  
Tue Jan 17 16:02:56 BOT 2012: STATS > BUSQUEDA DE BACKTONE >Tiempo: 0.337981 seg. | registros: 5
Tue Jan 17 16:03:59 BOT 2012: ASYNC -> STATS> Tiempo respuesta -0.055055 seg.
Tue Jan 17 16:03:59 BOT 2012: ASYNC -> STATS> Tiempo respuesta -0.305064 seg.
Tue Jan 17 16:05:32 BOT 2012: Mostrar Genero: >G&eacute;nero:  <a href='index.php?seccion=playlist&genero=143'>Latinas</a>
Tue Jan 17 16:05:59 BOT 2012: Ajax->Mostrar Comentarios:  
Tue Jan 17 16:06:38 BOT 2012: Ajax-> Mostrar  Nombre Artista > tono:131615 
Tue Jan 17 16:07:29 BOT 2012: ASYNC -> STATS> Tiempo respuesta 0.00039100000000003 seg.
Tue Jan 17 16:07:29 BOT 2012: ASYNC -> STATS> Tiempo respuesta -0.001143 seg.
Tue Jan 17 16:07:32 BOT 2012: Consulta de precio de reason:10 - msisdn:77490122 tono:104174 Async responde:350
 
Tue Jan 17 16:07:32 BOT 2012: Asignar backtone escuchado > Asi termino:129675,137972,138306,103474,103328,102622,
Tue Jan 17 16:07:32 BOT 2012: Consulta de precio de reason:3 - msisdn: tono:509 Async responde:350
 
Tue Jan 17 16:07:32 BOT 2012: Asignar backtone escuchado > Asi termino:135727,104279,448,109314,102650,102693,103342,109240,104393,240,118736,118734,118732,118730,118728,118727,118725,118724,118747,118745,
Tue Jan 17 16:07:32 BOT 2012: Ajax->Mostrar Nombre Genero:  
Tue Jan 17 16:08:00 BOT 2012: Ajax->Mostrar Megusta:  
Tue Jan 17 16:08:00 BOT 2012: Ajax->Mostrar Reproducciones:  
Tue Jan 17 16:08:33 BOT 2012: Ajax->Mostrar Nombre Genero:  
Tue Jan 17 16:10:36 BOT 2012: Busqueda Inteligente: resultados >104259
Tue Jan 17 16:11:06 BOT 2012: Session Start>  session por defecto 
Tue Jan 17 16:11:24 BOT 2012: Ajax->Mostrar Ranking:  
Tue Jan 17 16:13:15 BOT 2012: ASYNC -> STATS> Tiempo respuesta 0.001912 seg.
Tue Jan 17 16:14:15 BOT 2012: Ajax->Mostrar Imagen Portada:  
Tue Jan 17 16:15:34 BOT 2012: ASYNC -> STATS> Tiempo respuesta 0.002709 seg.
Tue Jan 17 16:16:16 BOT 2012: ASYNC -> STATS> Tiempo respuesta -0.000634 seg.
Tue Jan 17 16:16:22 BOT 2012: Asignar backtone escuchado > Asi termino:128304,104602,109414,112704,124971,105420,109415,143,134021,133864,131844,133860,125492,125493,125735,133867,110077,110079,169,94,
Tue Jan 17 16:16:25 BOT 2012: Ajax->Mostrar Megusta:  
Tue Jan 17 16:16:34 BOT 2012: Ajax->Mostrar Reproducciones:  
Tue Jan 17 16:16:34 BOT 2012: Ajax->Mostrar Ranking:  
Tue Jan 17 16:16:37 BOT 2012: ASYNC -> STATS> Tiempo respuesta 0.063428 seg.
Tue Jan 17 16:16:37 BOT 2012: Asignar backtone escuchado > Asi termino:120947,120956,105546,105262,
Tue Jan 17 16:16:40 BOT 2012: ASYNC -> STATS> Tiempo respuesta -0.036607 seg.
Tue Jan 17 16:16:40 BOT 2012: ASYNC -> STATS> Tiempo respuesta 0.090781 seg.
Tue Jan 17 16:16:49 BOT 2012: ASYNC -> STATS> Tiempo respuesta 0.008932 seg.
Tue Jan 17 16:19:37 BOT 2012: ASYNC -> STATS> Tiempo respuesta -0.059174 seg.
Tue Jan 17 16:21:01 BOT 2012: Ajax-> Mostrar Ranking > tono:114064 
Tue Jan 17 16:21:40 BOT 2012: Ajax->Mostrar Nombre Artista:  
Tue Jan 17 16:21:52 BOT 2012: Ajax->Mostrar Nombre Artista:  
Tue Jan 17 16:21:52 BOT 2012: Check Session > msisdn: 76673427 > Usuario Valido 
Tue Jan 17 16:23:38 BOT 2012: Ajax->Mostrar Ranking:  
Tue Jan 17 16:30:09 BOT 2012: Ajax-> Mostrar  Nombre Genero > tono:125094 
Tue Jan 17 16:32:15 BOT 2012: WEB_REPRODUCIR_BUSQUEDA > Se recibieron:114 tonos
Tue Jan 17 16:33:03 BOT 2012: Ajax-> Mostrar Ranking > tono:239 
Tue Jan 17 16:33:39 BOT 2012: Mostrar Megusta > tono: 129251 msisdn:77886000 > cantidad de registros: 0
Tue Jan 17 16:34:33 BOT 2012: ASYNC -> STATS> Tiempo respuesta 0.0035390000000001 seg.
Tue Jan 17 16:35:27 BOT 2012: Ajax->Mostrar Nombre Genero:  
Tue Jan 17 16:35:39 BOT 2012: Ajax-> popup_listar_amigos: msisdn: 
Tue Jan 17 16:37:28 BOT 2012: Mostrar Genero: >G&eacute;nero:  <a href='index.php?seccion=playlist&genero=143'>Latinas</a>
Tue Jan 17 16:39:43 BOT 2012: Asignar backtone escuchado > Asi termino:104267,102694,102531,105710,268,239,237,132456,388,132452,402,132455,103985,103984,104587,403,104586,104585,102538,
Tue Jan 17 16:40:43 BOT 2012: Ajax->Mostrar Imagen Portada:  
Tue Jan 17 16:41:07 BOT 2012: Ajax-> Mostrar Ranking > tono:142128 
Tue Jan 17 16:41:16 BOT 2012: Asignar backtone escuchado > Asi termino:105765,105762,105764,103134,103275,105235,103132,105760,105758,103274,246,109246,109238,109245,109243,449,109242,135727,104279,448,
Tue Jan 17 16:41:37 BOT 2012: Mostrar Album: >albumes/Wallpaper Los Wachiturros 2.jpg
Tue Jan 17 16:41:55 BOT 2012: Ajax->Mostrar Nombre Genero:  
Tue Jan 17 16:42:22 BOT 2012: Ajax->Mostrar Imagen Portada:  
Tue Jan 17 16:42:22 BOT 2012: Ajax->Mostrar Imagen Portada:  
Tue Jan 17 16:43:19 BOT 2012: Mostrar Album: >Artista:  <a href='index.php?seccion=playlist&autor=124'>Ricardo Arjona</a>
Tue Jan 17 16:46:05 BOT 2012: ASYNC -> STATS> Tiempo respuesta 0.1351 seg.
Tue Jan 17 16:46:44 BOT 2012: Ajax->Mostrar Ranking:  
Tue Jan 17 16:47:53 BOT 2012: Ajax-> Mostrar  Imagen Portada> tono:102838 
Tue Jan 17 16:49:29 BOT 2012: Ajax->Mostrar Ranking:  
Tue Jan 17 16:50:53 BOT 2012: Ajax->Mostrar Reproducciones:  
Tue Jan 17 16:51:11 BOT 2012: Check Session > msisdn: 77369492  token:8f4b7b0de0e582eed0a7a8640afc4a08
Tue Jan 17 16:51:33 BOT 2012: Ajax-> Mostrar Megusta> tono:103348 
Tue Jan 17 16:52:48 BOT 2012: Ajax-> Mostrar  Nombre Genero > tono:134660 
Tue Jan 17 16:53:15 BOT 2012: Ajax->Mostrar Imagen Portada:  
Tue Jan 17 16:55:06 BOT 2012: Ajax-> Mostrar Ranking > tono:104670 
Tue Jan 17 16:55:09 BOT 2012: Ajax-> Mostrar  Nombre Artista > tono:131643 
Tue Jan 17 16:56:06 BOT 2012: ASYNC -> STATS> Tiempo respuesta 0.00452 seg.
Tue Jan 17 16:56:06 BOT 2012: Consulta de precio de reason:2 - msisdn: tono:102550 Async responde:350
 
Tue Jan 17 16:56:09 BOT 2012: ASYNC -> STATS> Tiempo respuesta -0.237378 seg.
Tue Jan 17 16:56:27 BOT 2012: Ajax->Mostrar Comentarios:  
Tue Jan 17 16:56:30 BOT 2012: Ajax->Mostrar Comentarios:  
Tue Jan 17 16:56:39 BOT 2012: Ajax->Mostrar Reproducciones:  
Tue Jan 17 16:57:30 BOT 2012: Ajax->Mostrar Imagen Portada:  
Tue Jan 17 16:59:06 BOT 2012: Ajax->Actualizar pin usuario
Tue Jan 17 17:00:13 BOT 2012: Session Start>  session por defecto 
Tue Jan 17 17:00:46 BOT 2012: Ajax-> Mostrar Ranking > tono:105765 
Tue Jan 17 17:01:46 BOT 2012: Ajax->Mostrar Comentarios:  
Tue Jan 17 17:02:04 BOT 2012: STATS > BUSQUEDA DE BACKTONE >Tiempo: -0.188763 seg. | registros: 54
Tue Jan 17 17:02:07 BOT 2012: Busqueda Inteligente: resultados >103962
Tue Jan 17 17:03:43 BOT 2012: Ajax->Mostrar Reproducciones:  
Tue Jan 17 17:05:16 BOT 2012: Ajax->Mostrar Megusta:  
Tue Jan 17 17:05:43 BOT 2012: MTD_DB_BUSCAR_ARTISTAS > retornando registros:34
Tue Jan 17 17:07:11 BOT 2012: Ajax->Mostrar Imagen Portada:  
Tue Jan 17 17:09:35 BOT 2012: Ajax-> Mostrar Ranking > tono:82 
Tue Jan 17 17:10:08 BOT 2012: Ajax->Mostrar Reproducciones:  
Tue Jan 17 17:10:41 BOT 2012: Ajax->Mostrar Reproducciones:  
Tue Jan 17 17:11:32 BOT 2012: Consulta de precio de reason:2 - msisdn: tono:128597 Async responde:350
 
Tue Jan 17 17:11:41 BOT 2012: Ajax->Mostrar Reproducciones:  
Tue Jan 17 17:11:41 BOT 2012: Ajax->Mostrar Megusta:  
Tue Jan 17 17:14:18 BOT 2012: Ajax->Mostrar Reproducciones:  
Tue Jan 17 17:14:21 BOT 2012: Asignar backtone escuchado > Asi termino:142527,127767,135108,127757,127759,134686,134687,134683,134681,134023,134661,134660,139846,118728,118745,118727,118725,130993,105858,128223,
Tue Jan 17 17:15:48 BOT 2012: Ajax->Mostrar Imagen Portada:  
Tue Jan 17 17:15:57 BOT 2012: Ajax->Mostrar Imagen Portada:  
Tue Jan 17 17:16:00 BOT 2012: Ajax-> Mostrar Comentarios> tono:7 
Tue Jan 17 17:17:03 BOT 2012: ASYNC -> STATS> Tiempo respuesta -0.189446 seg.
Tue Jan 17 17:17:03 BOT 2012: Ajax->Mostrar Ranking:  
Tue Jan 17 17:17:03 BOT 2012: Ajax->Mostrar Nombre Artista:  
Tue Jan 17 17:17:30 BOT 2012: Ajax->Mostrar Megusta:  
Tue Jan 17 17:19:30 BOT 2012: Ajax->Mostrar Megusta:  
Tue Jan 17 17:20:09 BOT 2012: Ajax->Mostrar Comentarios:  
Tue Jan 17 17:21:07 BOT 2012: ASYNC -> STATS> Tiempo respuesta -0.799919 seg.
Tue Jan 17 17:21:13 BOT 2012: ASYNC -> STATS> Tiempo respuesta 0.018393 seg.
Tue Jan 17 17:21:13 BOT 2012: Ajax-> Mostrar Megusta> tono:104422 
Tue Jan 17 17:21:13 BOT 2012: Ajax-> Mostrar Ranking > tono:104991 
Tue Jan 17 17:22:28 BOT 2012: Asignar backtone escuchado > Asi termino:102776,102777,102778,128606,102804,128670,128672,
Tue Jan 17 17:22:31 BOT 2012: Ajax->Mostrar Ranking:  
Tue Jan 17 17:23:16 BOT 2012: Ajax->Mostrar Nombre Artista:  
Tue Jan 17 17:23:46 BOT 2012: Busqueda Inteligente: 
Tue Jan 17 17:25:49 BOT 2012: Ajax->Mostrar Megusta:  
Tue Jan 17 17:26:16 BOT 2012: Ajax->Mostrar Ranking:  
Tue Jan 17 17:26:28 BOT 2012: Ajax->Mostrar Reproducciones:  
Tue Jan 17 17:27:16 BOT 2012: Mostrar Album: >Artista:  <a href='index.php?seccion=playlist&autor=141'>Aventura</a>
Tue Jan 17 17:27:40 BOT 2012: Busqueda Inteligente: 
Tue Jan 17 17:28:01 BOT 2012: ASYNC -> STATS> Tiempo respuesta 0.006931 seg.
Tue Jan 17 17:28:14 BOT 2012: STATS > BUSQUEDA DE BACKTONE >Tiempo: -0.207658 seg. | registros: 67
Tue Jan 17 17:28:14 BOT 2012: Ajax->Mostrar Nombre Artista:  
Tue Jan 17 17:28:29 BOT 2012: Ajax-> Mostrar  Nombre Genero > tono:105096 
Tue Jan 17 17:28:44 BOT 2012: Ajax-> Mostrar  Nombre Artista > tono:103469 
Tue Jan 17 17:29:26 BOT 2012: Asignar backtone escuchado > Asi termino:130832,
Tue Jan 17 17:29:26 BOT 2012: Ajax->Mostrar Imagen Portada:  
Tue Jan 17 17:29:29 BOT 2012: Mostrar Comentarios : tono:130832 
Tue Jan 17 17:29:59 BOT 2012: Ajax->Mostrar Megusta:  
Tue Jan 17 17:30:20 BOT 2012: Ajax->Mostrar Nombre Genero:  
Tue Jan 17 17:30:26 BOT 2012: Asignar backtone escuchado > Asi termino:103655,103642,103469,257,105262,
Tue Jan 17 17:31:08 BOT 2012: Ajax->Mostrar Nombre Artista:  
Tue Jan 17 17:31:23 BOT 2012: Session Start>  Chequeo de sesion
Tue Jan 17 17:31:32 BOT 2012: Ajax-> Mostrar Ranking > tono:135089 
Tue Jan 17 17:31:41 BOT 2012: Consulta de precio de reason:2 - msisdn: tono:116502 Async responde:350
 
Tue Jan 17 17:31:56 BOT 2012: Ajax->Mostrar Ranking:  
Tue Jan 17 17:32:11 BOT 2012: Ajax-> Mostrar Ranking > tono:116506 
Tue Jan 17 17:33:02 BOT 2012: Ajax->Mostrar Comentarios:  
Tue Jan 17 17:33:17 BOT 2012: ASYNC -> STATS> Tiempo respuesta 0.0019279999999999 seg.
Tue Jan 17 17:33:20 BOT 2012: ASYNC -> STATS> Tiempo respuesta 0.354553 seg.
Tue Jan 17 17:33:53 BOT 2012: Ajax-> Mostrar Megusta> tono:103970 
Tue Jan 17 17:34:23 BOT 2012: Ajax->Mostrar Nombre Genero:  
Tue Jan 17 17:34:26 BOT 2012: ASYNC -> STATS> Tiempo respuesta 0.686189 seg.
Tue Jan 17 17:36:57 BOT 2012: Ajax->Mostrar Megusta:  
Tue Jan 17 17:37:15 BOT 2012: Ajax-> Mostrar Ranking > tono:136633 
Tue Jan 17 17:38:06 BOT 2012: Ajax->Mostrar Nombre Artista:  
Tue Jan 17 17:39:06 BOT 2012: Ajax->Mostrar Reproducciones:  
Tue Jan 17 17:39:21 BOT 2012: Ajax-> Mostrar Comentarios> tono:127767 
Tue Jan 17 17:40:27 BOT 2012: Ajax-> Mostrar Comentarios> tono:107787 
Tue Jan 17 17:41:39 BOT 2012: Ajax-> Mostrar  Nombre Artista > tono:103655 
Tue Jan 17 17:42:09 BOT 2012: Ajax->Mostrar Megusta:  
Tue Jan 17 17:42:09 BOT 2012: Ajax->Mostrar Megusta:  
Tue Jan 17 17:42:12 BOT 2012: Ajax->Mostrar Ranking:  
Tue Jan 17 17:42:54 BOT 2012: Ajax-> Mostrar  Nombre Genero > tono:104508 
Tue Jan 17 17:43:16 BOT 2012: Busqueda Inteligente: resultados >109337
Tue Jan 17 17:43:16 BOT 2012: Ajax->Mostrar Reproducciones:  
Tue Jan 17 17:44:07 BOT 2012: Ajax->Mostrar Reproducciones:  
Tue Jan 17 17:44:22 BOT 2012: Ajax-> Mostrar Comentarios> tono:103703 
Tue Jan 17 17:44:58 BOT 2012: Asignar backtone escuchado > Asi termino:105293,103819,437,103428,472,103433,104091,435,103481,103423,102723,105290,103429,136633,104554,103816,127417,104560,129234,104553,
Tue Jan 17 17:45:25 BOT 2012: Ajax-> Mostrar  Imagen Portada> tono:127757 
Tue Jan 17 17:45:28 BOT 2012: Ajax-> Mostrar Megusta> tono:103594 
Tue Jan 17 17:45:37 BOT 2012: ASYNC -> STATS> Tiempo respuesta 0.003674 seg.
Tue Jan 17 17:45:58 BOT 2012: Ajax-> Mostrar Megusta> tono:169 
Tue Jan 17 17:46:31 BOT 2012: Asignar backtone escuchado > Asi termino:130999,139971,139969,139968,139967,139965,139964,131001,139963,118747,139961,118754,118749,139960,118738,118741,118748,139844,139956,118734,
Tue Jan 17 17:46:31 BOT 2012: Asignar backtone escuchado > Asi termino:127420,104784,113053,104093,105293,103819,437,103428,472,103433,104091,435,103481,103423,102723,105290,103429,136633,104554,103816,
Tue Jan 17 17:46:49 BOT 2012: ASYNC -> STATS> Tiempo respuesta -0.43658 seg.
Tue Jan 17 17:46:52 BOT 2012: ASYNC -> STATS> Tiempo respuesta -0.250732 seg.
Tue Jan 17 17:46:55 BOT 2012: ASYNC -> STATS> Tiempo respuesta -0.439926 seg.
Tue Jan 17 17:47:04 BOT 2012: Asignar backtone escuchado > Asi termino:104052,135149,104051,104050,103552,105540,104992,134032,134031,104991,
Tue Jan 17 17:47:52 BOT 2012: MTD_DB_BUSCAR_ARTISTAS > retornando registros:40
Tue Jan 17 17:48:37 BOT 2012: Ajax->Mostrar Imagen Portada:  
Tue Jan 17 17:48:46 BOT 2012: Ajax-> Mostrar Ranking > tono:142527 
Tue Jan 17 17:49:07 BOT 2012: Ajax->Mostrar Megusta:  
Tue Jan 17 17:49:13 BOT 2012: Ajax->Mostrar Comentarios:  
Tue Jan 17 17:50:16 BOT 2012: ASYNC -> STATS> Tiempo respuesta 0.005139 seg.
Tue Jan 17 17:50:32 BOT 2012: Ajax->Mostrar Megusta:  
Tue Jan 17 17:51:32 BOT 2012: Ajax->Mostrar Comentarios:  
Tue Jan 17 17:51:38 BOT 2012: ASYNC -> STATS> Tiempo respuesta -0.730245 seg.
Tue Jan 17 17:51:41 BOT 2012: ASYNC -> STATS> Tiempo respuesta -0.00011700000000001 seg.
Tue Jan 17 17:51:41 BOT 2012: Ajax->Mostrar Ranking:  
Tue Jan 17 17:52:20 BOT 2012: Mostrar Comentarios : tono:169 
Tue Jan 17 17:52:29 BOT 2012: Ajax->Mostrar Megusta:  
Tue Jan 17 17:52:50 BOT 2012: Ajax->Mostrar Comentarios:  
Tue Jan 17 17:53:29 BOT 2012: Ajax->Mostrar Reproducciones:  
Tue Jan 17 17:53:29 BOT 2012: Busqueda Inteligente: 
Tue Jan 17 17:53:38 BOT 2012: Ajax->Mostrar Megusta:  
Tue Jan 17 17:54:08 BOT 2012: Ajax->Mostrar Nombre Genero:  
Tue Jan 17 17:55:32 BOT 2012: ASYNC -> STATS> Tiempo respuesta -0.325576 seg.
Tue Jan 17 17:56:02 BOT 2012: Busqueda Inteligente: resultados >126141
Tue Jan 17 17:57:38 BOT 2012: ASYNC -> STATS> Tiempo respuesta 0.553974 seg.
Tue Jan 17 17:57:47 BOT 2012: ASYNC -> STATS> Tiempo respuesta 0.027049 seg.
Tue Jan 17 17:59:03 BOT 2012: ASYNC -> STATS> Tiempo respuesta 0.071475 seg.
Tue Jan 17 17:59:03 BOT 2012: Ajax->Mostrar Ranking:  
Tue Jan 17 17:59:12 BOT 2012: Consulta de precio de reason:10 - msisdn: tono:142527 Async responde:350
 
Tue Jan 17 17:59:12 BOT 2012: ASYNC -> STATS> Tiempo respuesta 0.141496 seg.
Tue Jan 17 17:59:12 BOT 2012: Ajax->Mostrar Imagen Portada:  
Tue Jan 17 17:59:15 BOT 2012: ASYNC -> STATS> Tiempo respuesta 0.012546 seg.
Tue Jan 17 17:59:15 BOT 2012: ASYNC -> STATS> Tiempo respuesta -0.654088 seg.
Tue Jan 17 17:59:15 BOT 2012: Consulta de precio de reason:2 - msisdn:75657906 tono:133736 Async responde:350
 
Tue Jan 17 17:59:15 BOT 2012: Ajax->Mostrar Ranking:  
Tue Jan 17 17:59:18 BOT 2012: ASYNC -> STATS> Tiempo respuesta 0.007585 seg.
Tue Jan 17 18:23:02 BOT 2012: Busqueda Inteligente: resultados >335
Tue Jan 17 18:23:08 BOT 2012: Ajax->Mostrar Imagen Portada:  
Tue Jan 17 18:24:57 BOT 2012: ASYNC -> STATS> Tiempo respuesta 0.003227 seg.
Tue Jan 17 18:25:18 BOT 2012: Ajax->Mostrar Ranking:  
Tue Jan 17 18:26:03 BOT 2012: Busqueda Inteligente: resultados >104401
Tue Jan 17 18:26:42 BOT 2012: Ajax->Mostrar Nombre Genero:  
Tue Jan 17 18:26:48 BOT 2012: Ajax->Mostrar Nombre Artista:  
Tue Jan 17 18:27:24 BOT 2012: Ajax-> Mostrar Comentarios> tono:103510 
Tue Jan 17 18:28:12 BOT 2012: Ajax->Mostrar Reproducciones:  
Tue Jan 17 18:29:06 BOT 2012: Ajax->Mostrar Nombre Genero:  
Tue Jan 17 18:30:06 BOT 2012: Ajax->Mostrar Imagen Portada:  
Tue Jan 17 18:30:54 BOT 2012: Ajax-> Mostrar  Imagen Portada> tono:105000 
Tue Jan 17 18:31:03 BOT 2012: STATS > BUSQUEDA DE BACKTONE >Tiempo: 0.69223 seg. | registros: 14
Tue Jan 17 18:31:06 BOT 2012: Asignar backtone escuchado > Asi termino:129675,118732,118730,118728,118727,118725,
Tue Jan 17 18:31:09 BOT 2012: ASYNC -> STATS> Tiempo respuesta 0.30781 seg.
Tue Jan 17 18:31:12 BOT 2012: Ajax->Mostrar Reproducciones:  
Tue Jan 17 18:31:12 BOT 2012: Ajax->Mostrar Comentarios:  
Tue Jan 17 18:31:15 BOT 2012: Consulta de precio de reason:10 - msisdn: tono:103087 Async responde:350
 
Tue Jan 17 18:31:43 BOT 2012: Ajax-> Mostrar  Imagen Portada> tono:103707 
Tue Jan 17 18:32:16 BOT 2012: Ajax->Mostrar Ranking:  
Tue Jan 17 18:34:04 BOT 2012: ASYNC -> STATS> Tiempo respuesta 0.001987 seg.
Tue Jan 17 18:34:37 BOT 2012: ASYNC -> STATS> Tiempo respuesta 0.001852 seg.
Tue Jan 17 18:34:49 BOT 2012: Ajax->Mostrar Nombre Genero:  
Tue Jan 17 18:36:37 BOT 2012: ASYNC -> STATS> Tiempo respuesta 0.306962 seg.
Tue Jan 17 18:36:40 BOT 2012: ASYNC -> STATS> Tiempo respuesta 0.0010910000000001 seg.
Tue Jan 17 18:36:40 BOT 2012: ASYNC -> STATS> Tiempo respuesta -0.006919 seg.
Tue Jan 17 18:36:52 BOT 2012: Ajax->Mostrar Reproducciones:  
Tue Jan 17 18:36:52 BOT 2012: Ajax->Mostrar Reproducciones:  
Tue Jan 17 18:36:52 BOT 2012: Ajax->Mostrar Reproducciones:  
Tue Jan 17 18:36:52 BOT 2012: Asignar backtone escuchado > Asi termino:422,103374,103045,105415,103521,424,423,104771,122287,118754,139961,118724,103619,105251,105503,107436,130053,104194,105512,
Tue Jan 17 18:37:04 BOT 2012: Busqueda Inteligente: resultados >103829
Tue Jan 17 18:37:59 BOT 2012: Ajax-> Mostrar Comentarios> tono:134686 
Tue Jan 17 18:38:17 BOT 2012: Ajax->Mostrar Imagen Portada:  
Tue Jan 17 18:39:11 BOT 2012: Asignar backtone escuchado > Asi termino:104651,105043,81,105266,103128,30,103508,105265,104298,105264,103507,104650,103506,149,103512,103131,103511,103273,103510,103130,
Tue Jan 17 18:39:11 BOT 2012: Asignar backtone escuchado > Asi termino:131721,118725,105527,103036,137266,102673,122287,130814,141082,104341,104746,105303,140980,108585,108574,108588,140975,108572,108579,140977,
Tue Jan 17 18:41:39 BOT 2012: Ajax-> Mostrar Ranking > tono:116500 
Tue Jan 17 18:44:34 BOT 2012: WEB REPROD BUSQ > Facebook link: http%3A%2F%2Fbacktones.tigo.com.bo%2Fv3%2Findex.php%3Fseccion%3Dplaylist%26genero%3D145%26f%3D1%26t%3D123123
Tue Jan 17 18:44:52 BOT 2012: ASYNC -> STATS> Tiempo respuesta 0.003958 seg.
Tue Jan 17 18:45:44 BOT 2012: Busqueda Inteligente: resultados >105309
Tue Jan 17 18:46:01 BOT 2012: Ajax->Mostrar Imagen Portada:  
Tue Jan 17 18:46:52 BOT 2012: Ajax->Mostrar Nombre Artista:  
Tue Jan 17 18:48:01 BOT 2012: ASYNC -> STATS> Tiempo respuesta 0.184385 seg.
Tue Jan 17 18:48:04 BOT 2012: Consulta de precio de reason:2 - msisdn: tono:127759 Async responde:350
 
Tue Jan 17 18:49:46 BOT 2012: Ajax->Mostrar Ranking:  
Tue Jan 17 18:50:37 BOT 2012: Ajax-> Mostrar  Nombre Artista > tono:125734 
Tue Jan 17 18:51:35 BOT 2012: Asignar backtone escuchado > Asi termino:103225,103072,103671,103224,103992,104024,134638,134686,134687,134683,134681,134023,134661,134660,134015,134685,139303,139347,105093,105547,
Tue Jan 17 18:54:23 BOT 2012: Ajax-> Mostrar  Nombre Genero > tono:104036 
Tue Jan 17 18:56:20 BOT 2012: ASYNC -> STATS> Tiempo respuesta 0.435607 seg.
Tue Jan 17 18:56:20 BOT 2012: Ajax->Mostrar Ranking:  
Tue Jan 17 19:07:10 BOT 2012: ASYNC -> STATS> Tiempo respuesta 0.002431 seg.
Tue Jan 17 19:07:25 BOT 2012: Ajax->Mostrar Imagen Portada:  
Tue Jan 17 19:07:31 BOT 2012: ASYNC -> STATS> Tiempo respuesta 0.001532 seg.
Tue Jan 17 19:10:19 BOT 2012: Asignar backtone escuchado > Asi termino:105061,136207,103550,135975,136220,105682,135954,102660,135959,136186,135961,127273,136203,103547,103546,102928,136044,134014,103545,103544,
Tue Jan 17 19:12:10 BOT 2012: Busqueda Inteligente: resultados >103623
Tue Jan 17 19:12:44 BOT 2012: Ajax->Mostrar Megusta:  
Tue Jan 17 19:15:59 BOT 2012: ASYNC -> STATS> Tiempo respuesta -0.275918 seg.
Tue Jan 17 19:15:59 BOT 2012: ASYNC -> STATS> Tiempo respuesta 0.384974 seg.
Tue Jan 17 19:16:50 BOT 2012: Ajax-> Mostrar Ranking > tono:133883 
Tue Jan 17 19:18:38 BOT 2012: ASYNC -> STATS> Tiempo respuesta 0.0024729999999999 seg.
Tue Jan 17 19:18:41 BOT 2012: ASYNC -> STATS> Tiempo respuesta 0.75129 seg.
Tue Jan 17 19:21:06 BOT 2012: Ajax->Mostrar Megusta:  
Tue Jan 17 19:23:09 BOT 2012: Ajax->Mostrar Ranking:  
Tue Jan 17 19:23:09 BOT 2012: Ajax->Mostrar Nombre Artista:  
Tue Jan 17 19:23:21 BOT 2012: ASYNC -> STATS> Tiempo respuesta -0.00075800000000004 seg.
Tue Jan 17 19:23:24 BOT 2012: ASYNC -> STATS> Tiempo respuesta -0.46267 seg.
Tue Jan 17 19:24:27 BOT 2012: Ajax-> Mostrar Ranking > tono:126167 
Tue Jan 17 19:29:19 BOT 2012: Session Start>  Chequeo de sesion
Tue Jan 17 19:29:52 BOT 2012: ASYNC -> STATS> Tiempo respuesta 0.004059 seg.
Tue Jan 17 19:30:58 BOT 2012: Ajax->Mostrar Nombre Artista:  
Tue Jan 17 19:33:25 BOT 2012: Ajax->Mostrar Imagen Portada:  
Tue Jan 17 19:33:55 BOT 2012: Busqueda Inteligente: resultados >104803
Tue Jan 17 19:34:07 BOT 2012: session-default => asignando por default session
Tue Jan 17 19:36:47 BOT 2012: Ajax-> Mostrar  Imagen Portada> tono:104670 
Tue Jan 17 19:37:59 BOT 2012: session-default => asignando por default session
Tue Jan 17 19:40:17 BOT 2012: WEB_REPRODUCIR_BUSQUEDA > Se recibieron:37 tonos
Tue Jan 17 19:42:02 BOT 2012: WEB_REPRODUCIR_BUSQUEDA > Se formatearon:6 tonos
Tue Jan 17 19:48:34 BOT 2012: Ajax-> Mostrar Ranking > tono:140782 
Tue Jan 17 19:50:49 BOT 2012: WEB_REPRODUCIR_BUSQUEDA > Se recibieron:2 tonos
Tue Jan 17 19:52:17 BOT 2012: Ajax-> Mostrar Megusta> tono:247 
Tue Jan 17 19:52:20 BOT 2012: Busqueda Inteligente: 
Tue Jan 17 19:56:08 BOT 2012: Mostrar Album: >albumes/album-default.jpg
Tue Jan 17 19:56:17 BOT 2012: Ajax->Mostrar Megusta:  
Tue Jan 17 19:56:41 BOT 2012: ASYNC -> STATS> Tiempo respuesta 0.694694 seg.
Tue Jan 17 19:57:26 BOT 2012: Mostrar Megusta> tono: 102822 msisdn: > a otros 1  les gusta 
Tue Jan 17 19:57:38 BOT 2012: Asignar backtone escuchado > Asi termino:131643,122647,123242,103277,105236,105758,103274,104504,105769,103276,103133,105764,103134,103275,105235,105363,102677,104190,103038,103037,
Tue Jan 17 19:57:47 BOT 2012: ACTUALIZAR_PIN_USUARIO > nuevo pin:8151
Tue Jan 17 19:58:12 BOT 2012: Busqueda Inteligente: resultados >103719
Tue Jan 17 20:17:20 BOT 2012: ASYNC -> STATS> Tiempo respuesta 0.170477 seg.
Tue Jan 17 20:17:47 BOT 2012: Ajax->Mostrar Nombre Genero:  
Tue Jan 17 20:17:50 BOT 2012: Check Session > msisdn: 76815752 > Usuario Valido 
Tue Jan 17 20:18:02 BOT 2012: Consulta de precio de reason:2 - msisdn: tono:133881 Async responde:350
 
Tue Jan 17 20:18:05 BOT 2012: Ajax-> Mostrar  Imagen Portada> tono:133881 
Tue Jan 17 20:18:38 BOT 2012: Ajax->Mostrar Megusta:  
Tue Jan 17 20:19:47 BOT 2012: Session Start>  Chequeo de sesion
Tue Jan 17 20:20:05 BOT 2012: Ajax->Mostrar Reproducciones:  
Tue Jan 17 20:23:15 BOT 2012: ASYNC -> STATS> Tiempo respuesta 0.003019 seg.
Tue Jan 17 20:23:42 BOT 2012: Ajax-> Mostrar  Imagen Portada> tono:123523 
Tue Jan 17 20:24:45 BOT 2012: Ajax->Mostrar Megusta:  
Tue Jan 17 20:24:51 BOT 2012: Ajax->Mostrar Ranking:  
Tue Jan 17 20:25:21 BOT 2012: Ajax->Mostrar Reproducciones:  
Tue Jan 17 20:25:30 BOT 2012: ASYNC -> STATS> Tiempo respuesta 0.003508 seg.
Tue Jan 17 20:25:33 BOT 2012: Ajax-> Mostrar Ranking > tono:136231 
Tue Jan 17 20:25:36 BOT 2012: Ajax->Mostrar Megusta:  
Tue Jan 17 20:25:36 BOT 2012: Ajax-> Mostrar  Nombre Artista > tono:123518 
Tue Jan 17 20:25:45 BOT 2012: MTD_DB_BUSCAR_ARTISTAS > retornando registros:20
Tue Jan 17 20:26:33 BOT 2012: WEB_REPRODUCIR_BUSQUEDA > Se recibieron:25 tonos
Tue Jan 17 20:27:42 BOT 2012: ASYNC -> STATS> Tiempo respuesta 0.420041 seg.
Tue Jan 17 20:29:07 BOT 2012: Ajax-> Mostrar  Imagen Portada> tono:109227 
Tue Jan 17 20:30:19 BOT 2012: Ajax->Mostrar Imagen Portada:  
Tue Jan 17 20:32:25 BOT 2012: Asignar backtone escuchado > Asi termino:104414,103234,172,103232,102822,102615,103939,109227,118187,515,103544,103543,136231,103542,127295,103068,103177,129211,104950,103546,
Tue Jan 17 20:32:37 BOT 2012: Ajax->Mostrar Ranking:  
Tue Jan 17 20:32:43 BOT 2012: Ajax-> Mostrar  Imagen Portada> tono:103226 
Tue Jan 17 20:33:16 BOT 2012: Ajax->Mostrar Comentarios:  
Tue Jan 17 20:34:19 BOT 2012: ASYNC -> STATS> Tiempo respuesta 0.003738 seg.
Tue Jan 17 20:34:19 BOT 2012: ASYNC -> STATS> Tiempo respuesta 0.738832 seg.
Tue Jan 17 20:39:50 BOT 2012: ASYNC -> STATS> Tiempo respuesta -0.370596 seg.
Tue Jan 17 20:39:53 BOT 2012: Ajax->Mostrar Nombre Artista:  
Tue Jan 17 20:45:21 BOT 2012: Ajax->Mostrar Nombre Artista:  
Tue Jan 17 20:45:39 BOT 2012: Ajax-> Mostrar  Imagen Portada> tono:131830 
Tue Jan 17 20:47:00 BOT 2012: Ajax->Mostrar Reproducciones:  
Tue Jan 17 20:47:57 BOT 2012: Ajax->Mostrar Nombre Artista:  
Tue Jan 17 20:49:39 BOT 2012: STATS > BUSQUEDA DE BACKTONE >Tiempo: 0.418381 seg. | registros: 61
Tue Jan 17 20:50:58 BOT 2012: Ajax->Mostrar Reproducciones:  
Tue Jan 17 20:53:13 BOT 2012: ASYNC -> STATS> Tiempo respuesta 0.002339 seg.
Tue Jan 17 20:53:46 BOT 2012: Ajax->Mostrar Nombre Genero:  
Tue Jan 17 20:54:34 BOT 2012: Asignar backtone escuchado > Asi termino:123515,131046,123516,131035,131036,104991,
Tue Jan 17 20:56:46 BOT 2012: Asignar backtone escuchado > Asi termino:110221,103686,103713,103712,142527,141881,141880,103263,105362,124975,
Tue Jan 17 20:56:59 BOT 2012: Consulta de precio de reason:2 - msisdn: tono:123519 Async responde:350
 
Tue Jan 17 20:56:59 BOT 2012: Ajax-> Mostrar  Nombre Artista > tono:141113 
Tue Jan 17 20:57:50 BOT 2012: Ajax->Mostrar Imagen Portada:  
Tue Jan 17 20:58:23 BOT 2012: Mostrar Ranking: tono:135049 calificacion: 
Tue Jan 17 20:59:53 BOT 2012: Ajax->Mostrar Megusta:  
Tue Jan 17 21:02:05 BOT 2012: Ajax-> Mostrar Ranking > tono:104445 
Tue Jan 17 21:02:54 BOT 2012: Asignar backtone escuchado > Asi termino:132096,104095,104957,125517,102782,103083,102756,104561,105406,104144,133699,104582,104661,126462,130984,103477,105746,103275,104443,109238,
Tue Jan 17 21:03:14 BOT 2012: ASYNC -> STATS> Tiempo respuesta 0.793577 seg.
Tue Jan 17 21:04:24 BOT 2012: ASYNC -> STATS> Tiempo respuesta -0.878767 seg.
Tue Jan 17 21:04:24 BOT 2012: ASYNC -> STATS> Tiempo respuesta -0.828216 seg.
Tue Jan 17 21:07:45 BOT 2012: Ajax-> Mostrar Comentarios> tono:105371 
Tue Jan 17 21:10:54 BOT 2012: Ajax-> Mostrar Ranking > tono:123538 
Tue Jan 17 21:10:54 BOT 2012: Ajax-> Mostrar Ranking > tono:123516 
Tue Jan 17 21:11:15 BOT 2012: Check Session > msisdn: 75493339 > Usuario Valido 
Tue Jan 17 21:12:52 BOT 2012: Mostrar Comentarios : tono:137261 
Tue Jan 17 21:13:04 BOT 2012: ASYNC -> STATS> Tiempo respuesta -0.673269 seg.
Tue Jan 17 21:14:04 BOT 2012: Ajax-> Comprar Backtone: msisdn: 
Tue Jan 17 21:15:19 BOT 2012: ASYNC -> STATS> Tiempo respuesta 0.004435 seg.
Tue Jan 17 21:15:22 BOT 2012: Msisdn:77414685Asignando tono:129675:1:0:0:1| 
Tue Jan 17 21:15:31 BOT 2012: Ajax->Mostrar Comentarios:  
Tue Jan 17 21:18:16 BOT 2012: Asignar backtone escuchado > Asi termino:133440,131613,131699,131702,131625,131035,131036,121503,121501,121512,137812,109261,137822,103714,122289,129433,104465,142527,103790,
Tue Jan 17 21:18:19 BOT 2012: ASYNC -> STATS> Tiempo respuesta 0.001852 seg.
Tue Jan 17 21:18:22 BOT 2012: Ajax->Mostrar Nombre Genero:  
Tue Jan 17 21:22:32 BOT 2012: ASYNC -> STATS> Tiempo respuesta 0.310265 seg.
Tue Jan 17 21:22:35 BOT 2012: Ajax-> Mostrar Megusta> tono:560 
Tue Jan 17 21:23:18 BOT 2012: Ajax->Mostrar Ranking:  
Tue Jan 17 21:23:44 BOT 2012: ASYNC -> STATS> Tiempo respuesta 0.006679 seg.
Tue Jan 17 21:24:29 BOT 2012: Ajax->Mostrar Ranking:  
Tue Jan 17 21:25:28 BOT 2012: Ajax->Mostrar Imagen Portada:  
Tue Jan 17 21:25:43 BOT 2012: WEB REPROD BUSQ > Facebook link: http%3A%2F%2Fbacktones.tigo.com.bo%2Fv3%2Findex.php%3Fseccion%3Dplaylist%26autor%3D196%26f%3D1%26t%3D1231233
Tue Jan 17 21:25:52 BOT 2012: Busqueda Inteligente: resultados >103360
Tue Jan 17 21:26:42 BOT 2012: Consulta de precio de reason:10 - msisdn: tono:141134 Async responde:350
 
Tue Jan 17 21:27:15 BOT 2012: ASYNC -> STATS> Tiempo respuesta 0.143296 seg.
Tue Jan 17 21:27:18 BOT 2012: Ajax->Mostrar Ranking:  
Tue Jan 17 21:27:27 BOT 2012: ASYNC -> STATS> Tiempo respuesta -0.006439 seg.
Tue Jan 17 21:27:27 BOT 2012: ASYNC -> STATS> Tiempo respuesta 0.074298 seg.
Tue Jan 17 21:27:27 BOT 2012: Asignar backtone escuchado > Asi termino:104991,103827,124055,105549,105093,142913,131722,105550,105548,131721,105263,129675,105262,
Tue Jan 17 21:29:21 BOT 2012: Ajax-> Mostrar Comentarios> tono:133404 
Tue Jan 17 21:29:48 BOT 2012: session-default => asignando por default session
Tue Jan 17 21:31:15 BOT 2012: Ajax->Mostrar Reproducciones:  
Tue Jan 17 21:32:03 BOT 2012: Ajax->Mostrar Comentarios:  
Tue Jan 17 21:32:52 BOT 2012: Busqueda Inteligente: resultados >117853
Tue Jan 17 21:33:01 BOT 2012: Ajax->Mostrar Nombre Genero:  
Tue Jan 17 21:33:43 BOT 2012: STATS > BUSQUEDA DE BACKTONE >Tiempo: -0.735741 seg. | registros: 93
Tue Jan 17 21:34:13 BOT 2012: Ajax->Mostrar Ranking:  
Tue Jan 17 21:35:04 BOT 2012: Ajax-> Mostrar  Nombre Genero > tono:134015 
Tue Jan 17 21:36:31 BOT 2012: Ajax->Mostrar Megusta:  
Tue Jan 17 21:36:34 BOT 2012: Ajax->Mostrar Nombre Artista:  
Tue Jan 17 21:36:40 BOT 2012: STATS > BUSQUEDA DE BACKTONE >Tiempo: 0.226251 seg. | registros: 24
Tue Jan 17 21:37:52 BOT 2012: Consulta de precio de reason:10 - msisdn: tono:105373 Async responde:350
 
Tue Jan 17 21:37:55 BOT 2012: Ajax->Mostrar Comentarios:  
Tue Jan 17 21:38:22 BOT 2012: Ajax->Mostrar Ranking:  
Tue Jan 17 21:42:14 BOT 2012: ASYNC -> STATS> Tiempo respuesta -0.242283 seg.
Tue Jan 17 21:42:17 BOT 2012: Asignar backtone escuchado > Asi termino:123533,123542,131035,131036,127904,107763,140821,123541,123527,123538,131040,123530,131042,123528,131730,123519,131049,123531,123518,123525,
Tue Jan 17 21:43:44 BOT 2012: Ajax->Mostrar Ranking:  
Tue Jan 17 21:44:39 BOT 2012: Ajax->Mostrar Reproducciones:  
Tue Jan 17 21:49:09 BOT 2012: Mostrar Cantidad reproducciones: tono:131036 cantidad: 0
Tue Jan 17 21:49:57 BOT 2012: Mostrar Megusta > tono: 134635 msisdn:78184194 > cantidad de registros: 0
Tue Jan 17 21:54:55 BOT 2012: Check Session > msisdn: 78184194 > Usuario Valido 
Tue Jan 17 21:56:13 BOT 2012: Ajax-> Mostrar Ranking > tono:103349 
Tue Jan 17 21:57:37 BOT 2012: Ajax->Mostrar Ranking:  
Tue Jan 17 22:01:05 BOT 2012: Ajax->Mostrar Ranking:  
Tue Jan 17 22:01:23 BOT 2012: Ajax->Mostrar Nombre Artista:  
Tue Jan 17 22:02:38 BOT 2012: Ajax->Mostrar Ranking:  
Tue Jan 17 22:05:32 BOT 2012: Ajax->Asignar modalidad backtone: msisdn:75639014   
Tue Jan 17 22:09:39 BOT 2012: Ajax->Mostrar Imagen Portada:  
Tue Jan 17 22:10:30 BOT 2012: Ajax-> Mostrar  Imagen Portada> tono:104578 
Tue Jan 17 22:10:32 BOT 2012: Busqueda Inteligente: Alicia Keys
Tue Jan 17 22:13:43 BOT 2012: Mostrar Megusta > tono: 109605 msisdn:76152858 > cantidad de registros: 0
Tue Jan 17 22:13:49 BOT 2012: Ajax->Mostrar Reproducciones:  
Tue Jan 17 22:13:49 BOT 2012: Ajax-> Mostrar Ranking > tono:102951 
Tue Jan 17 22:14:46 BOT 2012: Ajax->Mostrar Nombre Genero:  
Tue Jan 17 22:15:40 BOT 2012: Ajax->Mostrar Comentarios:  
Tue Jan 17 22:15:43 BOT 2012: Ajax->Mostrar Nombre Artista:  
Tue Jan 17 22:15:58 BOT 2012: Ajax->Mostrar Comentarios:  
Tue Jan 17 22:18:55 BOT 2012: Mostrar Megusta > tono: 136235 msisdn:75639014 > cantidad de registros: 0
Tue Jan 17 22:21:38 BOT 2012: ASYNC -> STATS> Tiempo respuesta 0.002782 seg.
Tue Jan 17 22:22:59 BOT 2012: ASYNC -> STATS> Tiempo respuesta 0.004054 seg.
Tue Jan 17 22:26:14 BOT 2012: Ajax->Actualizar pin usuario
Tue Jan 17 22:27:33 BOT 2012: Ajax->Actualizar pin usuario
Tue Jan 17 22:30:24 BOT 2012: Ajax->Mostrar Ranking:  
Tue Jan 17 22:33:12 BOT 2012: Ajax->Mostrar Nombre Artista:  
Tue Jan 17 22:33:48 BOT 2012: ASYNC -> STATS> Tiempo respuesta 0.0026890000000001 seg.
Tue Jan 17 22:35:16 BOT 2012: ASYNC -> STATS> Tiempo respuesta 0.002573 seg.
Tue Jan 17 22:35:40 BOT 2012: Ajax->Mostrar Imagen Portada:  
Tue Jan 17 22:44:08 BOT 2012: Check Session > msisdn: 77201930 > Usuario Valido 
Tue Jan 17 22:48:50 BOT 2012: Ajax-> Mostrar Ranking > tono:4 
Tue Jan 17 22:50:09 BOT 2012: Ajax-> Mostrar  Nombre Artista > tono:103712 
Tue Jan 17 22:52:24 BOT 2012: Session Start>  Chequeo de sesion
Tue Jan 17 22:52:33 BOT 2012: ASYNC -> STATS> Tiempo respuesta -0.196176 seg.
Tue Jan 17 22:52:36 BOT 2012: Ajax->Mostrar Nombre Genero:  
Tue Jan 17 22:52:48 BOT 2012: Ajax->Mostrar Nombre Genero:  
Tue Jan 17 22:52:48 BOT 2012: Ajax->Mostrar Nombre Genero:  
Tue Jan 17 22:53:33 BOT 2012: Ajax->Mostrar Imagen Portada:  
Tue Jan 17 22:53:54 BOT 2012: Ajax->Mostrar Nombre Artista:  
Tue Jan 17 22:55:03 BOT 2012: WEB_REPRODUCIR_BUSQUEDA > Se recibieron:114 tonos
Tue Jan 17 22:56:55 BOT 2012: Busqueda Inteligente: resultados >104763
Tue Jan 17 22:58:13 BOT 2012: Ajax->Mostrar Reproducciones:  
Tue Jan 17 22:58:34 BOT 2012: Ajax->Mostrar Nombre Artista:  
