Sat Apr 28 16:30:17 BOT 2012: Ajax-> Mostrar Ranking > tono:118744 
Sat Apr 28 16:37:15 BOT 2012: ASYNC -> STATS> Tiempo respuesta 0.234211 seg.
Sat Apr 28 16:37:24 BOT 2012: ASYNC -> STATS> Tiempo respuesta 0.079268 seg.
Sat Apr 28 16:37:24 BOT 2012: Error al consultar precio de renovacion - msisdn: tono:103068 - Async responde -3
Sat Apr 28 16:37:24 BOT 2012: Asignar backtone escuchado > Asi termino:104250,104301,104940,104461,105232,104747,105231,131616,
Sat Apr 28 16:37:30 BOT 2012: ASYNC -> STATS> Tiempo respuesta -0.014132 seg.
Sat Apr 28 16:37:30 BOT 2012: ASYNC -> STATS> Tiempo respuesta -0.019214 seg.
Sat Apr 28 16:39:42 BOT 2012: Checklogin > msisdn: 77013198 , pin:aaQSqAReePlq6
Sat Apr 28 16:39:54 BOT 2012: Busqueda Inteligente: resultados >130979
Sat Apr 28 16:40:37 BOT 2012: Ajax-> Mostrar Megusta> tono:104940 
Sat Apr 28 16:43:58 BOT 2012: Ajax-> Mostrar Megusta> tono:105232 
Sat Apr 28 16:44:01 BOT 2012: Asignar backtone escuchado > Asi termino:257,135108,127757,127759,135152,136044,129417,129218,129203,102659,103299,145923,134011,103176,129201,127300,129886,129435,145390,105234,
Sat Apr 28 16:47:20 BOT 2012: Ajax-> Mostrar Megusta> tono:105231 
Sat Apr 28 16:50:41 BOT 2012: Ajax-> Mostrar  Genero > G&eacute;nero:  <a href='index.php?seccion=playlist&genero=143'>Latinas</a>
Sat Apr 28 16:52:17 BOT 2012: Asignar backtone escuchado > Asi termino:104532,103750,103464,103472,103470,103480,103479,109409,105746,104383,106299,103453,106298,103284,105534,105533,105282,105036,105096,129918,
Sat Apr 28 16:54:02 BOT 2012: Ajax-> Mostrar  Imagen Portada> tono:104461 
Sat Apr 28 16:57:00 BOT 2012: Ajax->Mostrar Comentarios:  
Sat Apr 28 16:57:03 BOT 2012: Ajax-> Mostrar  Nombre Genero > tono:104378 
Sat Apr 28 16:57:33 BOT 2012: Ajax->Mostrar Megusta:  
Sat Apr 28 16:59:06 BOT 2012: ACTUALIZAR_PIN_USUARIO >76971711 el usuario ya se encuentra registrado = 76971711
Sat Apr 28 17:01:15 BOT 2012: MTD_LISTAR_TONOS -> Se encontraron los siguientes tonos:104093,104091,103607,103613,109246,104430,103447,118724,104998,103968,103407
Sat Apr 28 17:01:30 BOT 2012: Ajax-> Mostrar Comentarios> tono:126149 
Sat Apr 28 17:01:30 BOT 2012: ASYNC -> STATS> Tiempo respuesta 0.204445 seg.
Sat Apr 28 17:02:40 BOT 2012: ASYNC -> STATS> Tiempo respuesta -0.846658 seg.
Sat Apr 28 17:02:52 BOT 2012: Consulta de precio de reason:10 - msisdn: tono:104165 Async responde:350
 
Sat Apr 28 17:04:31 BOT 2012: Ajax-> Mostrar Megusta> tono:104206 
Sat Apr 28 17:05:55 BOT 2012: Check Session > msisdn: 78186517 > Usuario Valido 
Sat Apr 28 17:09:50 BOT 2012: Mostrar Megusta> tono: 107589 msisdn:78186517 > a otros 1  les gusta 
Sat Apr 28 17:10:59 BOT 2012: Mostrar Genero: >G&eacute;nero:  <a href='index.php?seccion=playlist&genero=110'>Cumbia</a>
Sat Apr 28 17:11:08 BOT 2012: Ajax-> Mostrar Comentarios> tono:129918 
Sat Apr 28 17:14:11 BOT 2012: Mostrar Ranking: tono:104301 calificacion: 5
Sat Apr 28 17:14:26 BOT 2012: Ajax->Mostrar Megusta:  
Sat Apr 28 17:14:41 BOT 2012: ASYNC -> STATS> Tiempo respuesta 0.002503 seg.
Sat Apr 28 17:14:59 BOT 2012: ASYNC -> STATS> Tiempo respuesta 0.783932 seg.
Sat Apr 28 17:14:59 BOT 2012: Ajax->Mostrar Ranking:  
Sat Apr 28 17:19:18 BOT 2012: Ajax-> Mostrar  Imagen Portada> tono:127300 
Sat Apr 28 17:19:30 BOT 2012: Ajax-> Mostrar Ranking > tono:104658 
Sat Apr 28 17:20:39 BOT 2012: ASYNC -> STATS> Tiempo respuesta 0.0028670000000001 seg.
Sat Apr 28 17:22:55 BOT 2012: Busqueda Inteligente: 
Sat Apr 28 17:24:34 BOT 2012: Ajax-> Mostrar Megusta> tono:140821 
Sat Apr 28 17:24:37 BOT 2012: ASYNC -> STATS> Tiempo respuesta 0.003332 seg.
Sat Apr 28 17:24:40 BOT 2012: ASYNC -> STATS> Tiempo respuesta -0.007595 seg.
Sat Apr 28 17:24:40 BOT 2012: Ajax->Mostrar Ranking:  
Sat Apr 28 17:24:40 BOT 2012: ASYNC -> STATS> Tiempo respuesta -0.117697 seg.
Sat Apr 28 17:24:40 BOT 2012: ASYNC -> STATS> Tiempo respuesta 0.306608 seg.
Sat Apr 28 17:25:40 BOT 2012: Ajax->Mostrar Nombre Artista:  
Sat Apr 28 17:30:20 BOT 2012: Ajax->Mostrar Ranking:  
Sat Apr 28 17:30:56 BOT 2012: Ajax->Mostrar Nombre Genero:  
Sat Apr 28 17:31:47 BOT 2012: Ajax->Mostrar Reproducciones:  
Sat Apr 28 17:33:29 BOT 2012: Ajax->Mostrar Nombre Genero:  
Sat Apr 28 17:33:32 BOT 2012: Session Start>  Chequeo de sesion
Sat Apr 28 17:33:41 BOT 2012: Ajax-> Mostrar Comentarios> tono:104250 
Sat Apr 28 17:33:59 BOT 2012: Ajax-> Mostrar Megusta> tono:123525 
Sat Apr 28 17:35:35 BOT 2012: Busqueda Inteligente: Eros Ramazzotti
Sat Apr 28 17:35:35 BOT 2012: Ajax->Mostrar Reproducciones:  
Sat Apr 28 17:35:38 BOT 2012: ASYNC -> STATS> Tiempo respuesta -0.01857 seg.
Sat Apr 28 17:37:06 BOT 2012: Ajax->Mostrar Ranking:  
Sat Apr 28 17:39:54 BOT 2012: WEB REPROD BUSQ > Facebook link: http%3A%2F%2Fbacktones.tigo.com.bo%2Fv3%2Findex.php%3Fseccion%3Dplaylist%26search%3DKALIMBA%26f%3D1%26t%3D123213
Sat Apr 28 17:42:30 BOT 2012: Consulta de precio de reason:3 - msisdn: tono:104301 Async responde:350
 
Sat Apr 28 17:44:07 BOT 2012: Ajax->Mostrar Nombre Genero:  
Sat Apr 28 17:45:25 BOT 2012: Ajax-> Mostrar Ranking > tono:105533 
Sat Apr 28 17:46:10 BOT 2012: MTD_DB_BUSCAR_ARTISTAS > retornando registros:49
Sat Apr 28 17:46:58 BOT 2012: Ajax->Mostrar Ranking:  
Sat Apr 28 17:48:31 BOT 2012: Ajax-> Mostrar Megusta> tono:129922 
Sat Apr 28 17:50:07 BOT 2012: ASYNC -> STATS> Tiempo respuesta 0.004632 seg.
Sat Apr 28 17:50:56 BOT 2012: Ajax-> Mostrar  Nombre Artista > tono:109240 
Sat Apr 28 17:51:44 BOT 2012: Ajax-> Mostrar  Nombre Genero > tono:104974 
Sat Apr 28 17:55:23 BOT 2012: Ajax->Mostrar Comentarios:  
Sat Apr 28 17:55:50 BOT 2012: Ajax-> Mostrar Ranking > tono:105242 
Sat Apr 28 17:56:59 BOT 2012: Ajax->Mostrar Imagen Portada:  
Sat Apr 28 18:00:42 BOT 2012: Busqueda Inteligente: Jhonny Rivera
Sat Apr 28 18:02:56 BOT 2012: Busqueda Inteligente: resultados >124065
Sat Apr 28 18:06:13 BOT 2012: Ajax->Mostrar Reproducciones:  
Sat Apr 28 18:06:28 BOT 2012: Mostrar Ranking: tono:138307 calificacion: 
Sat Apr 28 18:07:10 BOT 2012: Ajax->Mostrar Nombre Genero:  
Sat Apr 28 18:12:20 BOT 2012: Ajax->Mostrar Ranking:  
Sat Apr 28 18:13:08 BOT 2012: Ajax-> Mostrar Megusta> tono:438 
Sat Apr 28 18:15:02 BOT 2012: Ajax->Mostrar Reproducciones:  
Sat Apr 28 22:57:57 BOT 2012: Busqueda Inteligente: resultados >135978
Sat Apr 28 22:58:33 BOT 2012: Consulta de precio de reason:3 - msisdn: tono:104334 Async responde:350
 
Sat Apr 28 23:02:09 BOT 2012: ASYNC -> STATS> Tiempo respuesta 0.04289 seg.
Sat Apr 28 23:02:31 BOT 2012: Ajax->Mostrar Reproducciones:  
Sat Apr 28 23:03:22 BOT 2012: Ajax->Mostrar Nombre Genero:  
Sat Apr 28 23:04:37 BOT 2012: Ajax-> Mostrar Ranking > tono:104200 
Sat Apr 28 23:06:07 BOT 2012: Session Start>  session por defecto 
Sat Apr 28 23:10:59 BOT 2012: Ajax->Mostrar Ranking:  
Sat Apr 28 23:12:02 BOT 2012: Ajax-> popup_listar_amigos: msisdn:78664853 
Sat Apr 28 23:15:17 BOT 2012: ASYNC -> STATS> Tiempo respuesta -0.015918 seg.
Sat Apr 28 23:15:20 BOT 2012: ASYNC -> STATS> Tiempo respuesta -0.0043879999999999 seg.
Sat Apr 28 23:15:29 BOT 2012: Ajax->Mostrar Comentarios:  
Sat Apr 28 23:15:45 BOT 2012: STATS > BUSQUEDA DE BACKTONE >Tiempo: -0.713939 seg. | registros: 2
Sat Apr 28 23:15:51 BOT 2012: Ajax->Mostrar Megusta:  
Sat Apr 28 23:18:30 BOT 2012: Ajax->Mostrar Megusta:  
Sat Apr 28 23:20:15 BOT 2012: Ajax-> Mostrar Megusta> tono:103939 
Sat Apr 28 23:20:30 BOT 2012: ASYNC -> STATS> Tiempo respuesta -0.036687 seg.
Sat Apr 28 23:20:30 BOT 2012: Ajax->Mostrar Ranking:  
Sat Apr 28 23:20:33 BOT 2012: ASYNC -> STATS> Tiempo respuesta 0.520861 seg.
Sat Apr 28 23:25:37 BOT 2012: Busqueda Inteligente: 
Sat Apr 28 23:25:55 BOT 2012: Ajax->Mostrar Imagen Portada:  
Sat Apr 28 23:26:40 BOT 2012: Ajax->Mostrar Ranking:  
Sat Apr 28 23:32:35 BOT 2012: Ajax-> Mostrar  Nombre Artista > tono:102944 
Sat Apr 28 23:34:35 BOT 2012: WEB_REPRODUCIR_BUSQUEDA > Se recibieron:1 tonos
Sat Apr 28 23:34:56 BOT 2012: LISTAR_MODO_ROTACION_BACTONES > usuario: 77808205  modo:5 
Sat Apr 28 23:36:15 BOT 2012: Ajax->Mostrar Reproducciones:  
Sat Apr 28 23:36:21 BOT 2012: Ajax->Mostrar Comentarios:  
Sat Apr 28 23:36:45 BOT 2012: ASYNC -> STATS> Tiempo respuesta -0.002643 seg.
Sat Apr 28 23:36:45 BOT 2012: Ajax->Mostrar Ranking:  
Sat Apr 28 23:36:51 BOT 2012: Ajax->Mostrar Reproducciones:  
Sat Apr 28 23:36:51 BOT 2012: Consulta de precio de reason:10 - msisdn: tono:109259 Async responde:350
 
Sat Apr 28 23:37:00 BOT 2012: Ajax-> Mostrar Ranking > tono:137812 
Sat Apr 28 23:40:36 BOT 2012: Ajax->Mostrar Ranking:  
Sat Apr 28 23:40:48 BOT 2012: ASYNC -> STATS> Tiempo respuesta 0.002729 seg.
Sat Apr 28 23:45:07 BOT 2012: Mostrar Genero: >G&eacute;nero:  <a href='index.php?seccion=playlist&genero=102'>Chistes</a>
Sat Apr 28 23:46:58 BOT 2012: Ajax->Mostrar Megusta:  
Sat Apr 28 23:48:22 BOT 2012: Ajax->Mostrar Nombre Artista:  
Sat Apr 28 23:48:28 BOT 2012: Asignar backtone escuchado > Asi termino:120258,146577,133447,141946,143746,140836,145264,140834,137877,145218,141118,120257,142287,120256,106388,140832,143743,145391,146572,106385,
Sat Apr 28 23:48:31 BOT 2012: Ajax-> Mostrar  Nombre Artista > tono:143078 
Sat Apr 28 23:49:25 BOT 2012: ASYNC -> STATS> Tiempo respuesta 0.005243 seg.
Sat Apr 28 23:51:14 BOT 2012: Mostrar Album: >Artista:  <a href='index.php?seccion=playlist&autor=516'>Wisin y Yandel</a>
