Mon Dec 19 12:24:52 BOT 2011: Ajax->Mostrar Ranking:  
Mon Dec 19 12:27:35 BOT 2011: Ajax-> Mostrar Megusta> tono:137882 
Mon Dec 19 12:35:36 BOT 2011: Session Start>  session por defecto 
Mon Dec 19 12:59:15 BOT 2011: Busqueda Inteligente: Resultado 
 133769;Candle In The Wind;Elton John;Pop
131623;Sacrifice;Elton John;Pop
133768;The Captain and The Kid;Elton John;Pop
138887;Bailando Por El Mundo Ft Pitbull;Juan Magan;Reggaeton
138876;Bailando Por El Mundo Ft Pitbull;Juan Magan;Reggaeton
104335;Esta noche es para amar EL REY LEON;EJohn TRice;Pop
104079;El tono de la meditacion;Version Opratel;Sonidos
102622; Permitame;Wisin y Yandel;Reggaeton
103790;24DeDiciembre;Juan Gabriel;Rancheras
129924;A Ella Le Gusta El Dembow Feat Zion;RKM & Ken y;Reggaeton
131645;A Punto De Cazar Feat Cosculluela;Tony Dize;Reggaeton
104200;Abrazame Muy Fuerte;Juan Gabriel;Rancheras
104886;Abusadora;Wisin y Yandel;Reggaeton
113598;ahi voy;Wisin y Yandel;Reggaeton
602;Ahora es;Wisin y Yandel;Reggaeton
103885;Ahora es Promo;Wisin y Yandel;Reggaeton
106308;Angel-;Nombre Reggaeton;TU NOMBRE
120;Angelito;Don Omar;Reggaeton
82;Angelito Vuela;Don Omar;Reggaeton
104927;ANIMADOR DE BACKTONE;Version Opratel;Sonidos
103886;Animo.;Wisin y Yandel;Reggaeton
104914;Arre;Covertone;Electronicas
106236;BackTone Hombre;telecel;Super Promo
105053;Backtone Regresivo;Version Opratel;Sonidos
106235;BackToneMujer;telecel;Super Promo
105073;Baila sexy;Tito el Bambino;Reggaeton
104199;Amor Eterno_;Juan Gabriel;Rancheras
106234;BayWatch BackTone;telecel;Super Promo
113600;besos mojados;Wisin y Yandel;Reggaeton
104115;Cara de Angel;Aspirante;Reggaeton
521;Carita de angel;Banda reggaeton;Reggaeton
124243;Carnaval tigo;telecel;Backtones de 2 Bolivianos
138307;Chica 3d;Opratel;Reggaeton
105254;chompa roja (cumbia);El kapitan;Reggaeton
105645;Ciao Bella;Don Omar;Reggaeton
106232;Cobertura Tigo!;telecel;Reggaeton
104087;Como duele;Covertone;Latinas
113602;como quieres que te olvide;Wisin y Yandel;Reggaeton
110373;Con El Pensamiento;Cosculluela;Reggaeton
105408;Cueva del terror;Blue Caps Tonos;Sonidos
120228;Cuidao ;Cosculluela;Reggaeton
116849;cuidau au au;Cosculluela;Reggaeton
522;Dale candela;Banda reggaeton;Reggaeton
103149;corazon delator;Soda Stereo;Latinas
104139;Relator de atiendegol;Super Explosion;Super Promo
133842;Un Cafe Para Platon;Yalo cuellar;Folklore
452;Asi fue;Juan Gabriel;Rancheras
122648;Ciudad del amor ;Qmbia Juan;Cumbia
104251;Con Tu Amor;Juan Gabriel;Rancheras
122539;El amor lo cura todo;Juanes;Latinas
104503;Hasta Que Te Conoci;Juan Gabriel;Rancheras
106352;Juan-;Nombre Reggaeton;TU NOMBRE
130991;Juana De Arco;Ratones Paranoicos;Rock
122653;La ciudad del amor ;Qmbia Juan;Cumbia
104322;No creo en el jamas;Juanes;Latinas
104198;No Me Vuelvo A Enamorar_;Juan Gabriel;Rancheras
131835;Pase Lo Que Pase;Juan Gabriel;Latinas
104197;Querida;Juan Gabriel;Rancheras
104196;Se Me Olvido Otra Vez;Juan Gabriel;Rancheras
103791;Siempre En Mi Mente;Juan Gabriel;Rancheras
104201;Ya Lo Se Que Te Vas;Juan Gabriel;Rancheras
133770;Blue Eyes;Elton John;Pop
104522; Donde esta el telefono;Wazzup;Sonidos
105036; El amor v2;Version Opratel;Super Promo
104189; El Tio;Banda Juventud Centralistas de La Paz;Carnaval
104178; En Las Playas Del Beni;La Banda de Perucho;Carnaval
103939; Jingle Bells;Moderatto;Navidad
104195; Mi Fiel Promesa;Banda Juventud Centralistas de La Paz;Carnaval
104532; My Religion;Wazzup;ibiza open tour
105534; Sexo Seguro; Yandel-Franco "El Gorilla";Latinas
103430;-Alma Mia;Daniel Calveti;Cristianas
104447;-ATENDE SUPERESTRELLA;Version Opratel;Sonidos
107788;-Rey El Galan mas Galan-MTV ISA TKM;MTV;MTV
105746;-You know me;Version Opratel;Latinas
109409;1230;Emanuel;Latinas
103748;1973;Version Opratel;Pop
103475;2El arbolito;nectar;Latinas
103750;4 minutes;Version Opratel;Latinas
335;A bailar el brincao;Aldo Penha;Carnaval
103767;A Buscar El Sol;ElencoHighSchoolMusical;Infantiles
103821;A decir que si;Version Opratel;Latinas
128602;A Esa;Pimpinela;Latinas
103745;A little respect;Version Opratel;Pop
134031;A little respect Opratel;Erasure Opratel;Clasicos
134032;A little respect Opratel;Erasure Opratel;Clasicos
127787;A llorar a otra parte Opratel;opratel;Mi Promo ConTigo
130984;A Medio Vivir;Noel Schajris;Latinas
104607;A Mi Manera My Way;Raphael;Pop
129234;A Ti Sea La Gloria;Abel Zavala;Cristianas
103822;A ver si pueden;Version Opratel;Latinas
124025;A year without rain;Selena Gomez;Pop
136258;ABC Salaam Remi Krunk A Delic Party Mix;Jackson 5;Pop
103816;Abre los cielos;Grupo Renacer;Cristianas
104554;Abre los cielos_;Jesus A Romero;Cristianas
142230;Ab 
Mon Dec 19 12:59:54 BOT 2011: ASYNC -> STATS> Tiempo respuesta -0.151146 seg.
Mon Dec 19 13:00:12 BOT 2011: Ajax->Mostrar Nombre Artista:  
Mon Dec 19 13:03:39 BOT 2011: ASYNC -> STATS> Tiempo respuesta 0.0074759999999999 seg.
Mon Dec 19 13:03:48 BOT 2011: Ajax->Mostrar Imagen Portada:  
Mon Dec 19 13:04:52 BOT 2011: Ajax->Mostrar Reproducciones:  
Mon Dec 19 13:05:13 BOT 2011: Ajax-> Mostrar  Nombre Artista > tono:109246 
Mon Dec 19 13:07:25 BOT 2011: Ajax-> Mostrar Comentarios> tono:103458 
Mon Dec 19 13:08:31 BOT 2011: ASYNC -> STATS> Tiempo respuesta 0.0028319999999999 seg.
Mon Dec 19 13:10:46 BOT 2011: Ajax-> Mostrar  Imagen Portada> tono:104471 
Mon Dec 19 13:11:40 BOT 2011: Error al consultar precio de renovacion - msisdn: tono:129236 - Async responde -3
Mon Dec 19 13:12:20 BOT 2011: Ajax-> Mostrar Megusta> tono:122289 
Mon Dec 19 13:13:38 BOT 2011: Ajax->Mostrar Imagen Portada:  
Mon Dec 19 13:15:59 BOT 2011: Ajax->Mostrar Ranking:  
Mon Dec 19 13:16:26 BOT 2011: Asignar backtone escuchado > Asi termino:109246,109317,109238,109245,109243,109242,109314,104667,106236,105048,
Mon Dec 19 13:16:53 BOT 2011: Session Start>  session por defecto 
Mon Dec 19 13:17:17 BOT 2011: Ajax-> Mostrar Comentarios> tono:103312 
Mon Dec 19 13:17:41 BOT 2011: WEB_REPRODUCIR_BUSQUEDA > Se recibieron:1 tonos
Mon Dec 19 13:17:47 BOT 2011: Consulta de precio de reason:2 - msisdn: tono:103342 Async responde:350
 
Mon Dec 19 13:18:05 BOT 2011: Ajax-> Mostrar  Nombre Genero > tono:109245 
Mon Dec 19 13:18:47 BOT 2011: ASYNC -> STATS> Tiempo respuesta 0.002416 seg.
Mon Dec 19 13:19:15 BOT 2011: Ajax-> Mostrar  Imagen Portada> tono:104647 
Mon Dec 19 13:20:24 BOT 2011: ASYNC -> STATS> Tiempo respuesta 0.005547 seg.
Mon Dec 19 13:21:54 BOT 2011: Ajax->Mostrar Nombre Artista:  
Mon Dec 19 13:22:27 BOT 2011: Ajax-> Mostrar Comentarios> tono:141880 
Mon Dec 19 13:25:40 BOT 2011: Session Start>  Chequeo de sesion
Mon Dec 19 13:25:52 BOT 2011: Ajax-> Mostrar Ranking > tono:104938 
Mon Dec 19 13:26:04 BOT 2011: WEB_REPRODUCIR_BUSQUEDA > Se recibieron:58 tonos
Mon Dec 19 13:27:22 BOT 2011: Ajax->Mostrar Nombre Artista:  
Mon Dec 19 13:27:58 BOT 2011: Ajax-> Mostrar  Nombre Genero > tono:105550 
Mon Dec 19 13:35:17 BOT 2011: Ajax->Mostrar Nombre Genero:  
Mon Dec 19 13:35:20 BOT 2011: Ajax-> Mostrar  Imagen Portada> tono:106346 
Mon Dec 19 13:36:56 BOT 2011: Ajax-> Comprar Backtone: msisdn:78800085 
Mon Dec 19 13:38:32 BOT 2011: Ajax->Mostrar Imagen Portada:  
Mon Dec 19 13:42:18 BOT 2011: Ajax->Mostrar Comentarios:  
Mon Dec 19 13:43:18 BOT 2011: Ajax->Mostrar Comentarios:  
Mon Dec 19 13:43:57 BOT 2011: ASYNC -> STATS> Tiempo respuesta 0.05338 seg.
Mon Dec 19 13:45:39 BOT 2011: Ajax->Mostrar Megusta:  
Mon Dec 19 13:45:54 BOT 2011: Ajax->Mostrar Nombre Artista:  
Mon Dec 19 13:47:37 BOT 2011: session-default => asignando por default session
Mon Dec 19 13:48:34 BOT 2011: Ajax->Mostrar Ranking:  
Mon Dec 19 13:49:28 BOT 2011: Ajax-> Mostrar Ranking > tono:112706 
Mon Dec 19 13:51:07 BOT 2011: ASYNC -> STATS> Tiempo respuesta 0.005864 seg.
Mon Dec 19 13:52:25 BOT 2011: Ajax->Mostrar Megusta:  
Mon Dec 19 13:52:28 BOT 2011: Ajax-> Mostrar Ranking > tono:84 
Mon Dec 19 13:53:01 BOT 2011: Mostrar Ranking: tono:104247 calificacion: 
Mon Dec 19 13:55:59 BOT 2011: Ajax->Mostrar Nombre Artista:  
Mon Dec 19 13:58:35 BOT 2011: Ajax-> Mostrar Ranking > tono:102680 
Mon Dec 19 14:07:43 BOT 2011: ASYNC -> STATS> Tiempo respuesta -0.232935 seg.
Mon Dec 19 14:08:10 BOT 2011: Ajax->Mostrar Megusta:  
Mon Dec 19 14:08:40 BOT 2011: Mostrar Ranking: tono:102974 calificacion: 
Mon Dec 19 14:09:13 BOT 2011: ASYNC -> STATS> Tiempo respuesta 0.015523 seg.
Mon Dec 19 14:10:04 BOT 2011: Ajax-> Mostrar Comentarios> tono:103940 
Mon Dec 19 14:10:19 BOT 2011: Session Start>  session por defecto 
Mon Dec 19 14:12:37 BOT 2011: ASYNC -> STATS> Tiempo respuesta 0.55347 seg.
Mon Dec 19 14:12:40 BOT 2011: ASYNC -> STATS> Tiempo respuesta 0.707547 seg.
Mon Dec 19 14:14:47 BOT 2011: Ajax-> Mostrar  Nombre Genero > tono:240 
Mon Dec 19 14:16:17 BOT 2011: ASYNC -> STATS> Tiempo respuesta 0.166928 seg.
Mon Dec 19 14:21:05 BOT 2011: Ajax->Mostrar Nombre Artista:  
Mon Dec 19 14:22:51 BOT 2011: Ajax->Mostrar Megusta:  
Mon Dec 19 14:26:48 BOT 2011: Asignar backtone escuchado > Asi termino:116505,116502,116504,103235,116506,104460,112702,103086,131036,125510,103552,109338,109339,103693,104999,126501,135133,103782,132461,103588,
Mon Dec 19 14:28:30 BOT 2011: Asignar backtone escuchado > Asi termino:142119,
Mon Dec 19 14:31:19 BOT 2011: ASYNC -> STATS> Tiempo respuesta 0.064939 seg.
Mon Dec 19 14:34:16 BOT 2011: Ajax->Mostrar Nombre Artista:  
Mon Dec 19 14:37:26 BOT 2011: Ajax-> Mostrar Ranking > tono:133693 
Mon Dec 19 14:37:53 BOT 2011: Asignar backtone escuchado > Asi termino:140787,132454,142111,142119,
Mon Dec 19 14:38:47 BOT 2011: Ajax->Mostrar Nombre Artista:  
Mon Dec 19 14:38:53 BOT 2011: Ajax-> Mostrar  Nombre Artista > tono:104177 
Mon Dec 19 14:49:00 BOT 2011: Consulta de precio de reason:2 - msisdn:76119140 tono:131040 Async responde:350
 
Mon Dec 19 14:49:24 BOT 2011: Ajax->Mostrar Megusta:  
Mon Dec 19 14:55:10 BOT 2011: Consulta de precio de reason:3 - msisdn:76119140 tono:123528 Async responde:350
 
Mon Dec 19 14:55:10 BOT 2011: ASYNC -> STATS> Tiempo respuesta -0.006977 seg.
Mon Dec 19 14:57:20 BOT 2011: Ajax-> Login Usuario msisdn: 75960001  pin: > Validar msisdn
Mon Dec 19 15:02:50 BOT 2011: Ajax->Mostrar Comentarios:  
Mon Dec 19 15:05:09 BOT 2011: Ajax->Mostrar Nombre Genero:  
Mon Dec 19 15:06:21 BOT 2011: ASYNC -> STATS> Tiempo respuesta 0.007435 seg.
Mon Dec 19 15:06:45 BOT 2011: ASYNC -> STATS> Tiempo respuesta 0.004325 seg.
Mon Dec 19 15:07:24 BOT 2011: Ajax->Mostrar Imagen Portada:  
Mon Dec 19 15:12:01 BOT 2011: Mostrar Album: >albumes/album-default.jpg
Mon Dec 19 15:15:25 BOT 2011: Ajax->Mostrar Reproducciones:  
Mon Dec 19 15:18:02 BOT 2011: ASYNC -> STATS> Tiempo respuesta 0.002291 seg.
Mon Dec 19 15:19:20 BOT 2011: Ajax-> Mostrar  Nombre Artista > tono:103446 
Mon Dec 19 15:20:41 BOT 2011: Ajax->Mostrar Nombre Genero:  
Mon Dec 19 15:22:44 BOT 2011: ASYNC -> STATS> Tiempo respuesta 0.006932 seg.
Mon Dec 19 15:22:56 BOT 2011: Ajax-> Mostrar Ranking > tono:104613 
Mon Dec 19 15:24:20 BOT 2011: Ajax->Mostrar Megusta:  
Mon Dec 19 15:26:03 BOT 2011: Consulta de precio de reason:3 - msisdn:77407380 tono:126029 Async responde:350
 
Mon Dec 19 15:26:06 BOT 2011: Consulta de precio de reason:2 - msisdn:77407380 tono:126029 Async responde:350
 
Mon Dec 19 15:26:09 BOT 2011: ASYNC -> STATS> Tiempo respuesta -0.014349 seg.
Mon Dec 19 15:26:15 BOT 2011: ASYNC -> STATS> Tiempo respuesta 0.007571 seg.
Mon Dec 19 15:26:21 BOT 2011: Ajax->Mostrar Reproducciones:  
Mon Dec 19 15:27:48 BOT 2011: Busqueda Inteligente: resultados >104967
Mon Dec 19 15:33:16 BOT 2011: ASYNC -> STATS> Tiempo respuesta 0.655537 seg.
Mon Dec 19 15:33:22 BOT 2011: ASYNC -> STATS> Tiempo respuesta 0.003413 seg.
Mon Dec 19 15:33:31 BOT 2011: Session Start>  Chequeo de sesion
Mon Dec 19 15:33:55 BOT 2011: Mostrar Ranking: tono:102694 calificacion: 
Mon Dec 19 15:38:11 BOT 2011: Ajax-> Mostrar Comentarios> tono:102508 
Mon Dec 19 15:41:02 BOT 2011: Ajax-> Mostrar Ranking > tono:103054 
Mon Dec 19 15:41:23 BOT 2011: Ajax->Mostrar Comentarios:  
Mon Dec 19 15:42:05 BOT 2011: Mostrar Genero: >G&eacute;nero:  <a href='index.php?seccion=playlist&genero=98'>Brasileras</a>
Mon Dec 19 15:42:57 BOT 2011: STATS > BUSQUEDA DE BACKTONE >Tiempo: -0.72284 seg. | registros: 4
Mon Dec 19 15:43:54 BOT 2011: WEB_REPRODUCIR_BUSQUEDA > Se recibieron:94 tonos
Mon Dec 19 15:44:06 BOT 2011: Check Session > msisdn: 77777884 > Usuario Valido 
Mon Dec 19 15:45:54 BOT 2011: Ajax->Mostrar Megusta:  
Mon Dec 19 15:51:07 BOT 2011: Ajax-> Mostrar Ranking > tono:102597 
Mon Dec 19 15:54:04 BOT 2011: Ajax-> Mostrar Megusta> tono:141881 
Mon Dec 19 15:58:47 BOT 2011: ASYNC -> STATS> Tiempo respuesta 0.003187 seg.
Mon Dec 19 16:02:59 BOT 2011: Busqueda Inteligente: como pude amarte
Mon Dec 19 16:04:18 BOT 2011: Ajax-> Mostrar  Genero > G&eacute;nero:  <a href='index.php?seccion=playlist&genero=136'>Reggaeton</a>
Mon Dec 19 16:10:57 BOT 2011: Ajax-> Mostrar  Imagen Portada> tono:105362 
Mon Dec 19 16:11:43 BOT 2011: Check Session > msisdn: 77777884 > Usuario Valido 
Mon Dec 19 16:16:27 BOT 2011: Ajax->Mostrar Imagen Portada:  
Mon Dec 19 16:17:01 BOT 2011: Ajax-> Mostrar  Nombre Artista > tono:141880 
Mon Dec 19 16:19:44 BOT 2011: Ajax-> Mostrar  Nombre Artista > tono:104646 
Mon Dec 19 16:21:02 BOT 2011: Ajax-> Mostrar  Imagen Portada> tono:131049 
Mon Dec 19 16:23:05 BOT 2011: Ajax->Mostrar Nombre Genero:  
Mon Dec 19 16:25:11 BOT 2011: Asignar backtone escuchado > Asi termino:131042,123518,123531,123519,131049,131035,103603,103604,103605,103994,
Mon Dec 19 16:25:41 BOT 2011: Mostrar Megusta> tono: 106266 msisdn: > 001
Mon Dec 19 16:25:57 BOT 2011: Ajax->Asignar modalidad backtone: msisdn:75077808   
Mon Dec 19 16:27:54 BOT 2011: Asignar backtone escuchado > Asi termino:103448,105294,110100,469,105292,127433,104556,127472,104782,103450,103818,105702,103431,104089,105290,127438,127429,110101,129891,126026,
Mon Dec 19 16:28:06 BOT 2011: ASYNC -> STATS> Tiempo respuesta 0.00896 seg.
Mon Dec 19 16:28:06 BOT 2011: ASYNC -> STATS> Tiempo respuesta -0.360998 seg.
Mon Dec 19 16:30:15 BOT 2011: Ajax-> Mostrar Ranking > tono:123541 
Mon Dec 19 16:30:48 BOT 2011: Ajax->Mostrar Nombre Genero:  
Mon Dec 19 16:30:51 BOT 2011: Ajax-> Mostrar  Nombre Genero > tono:140821 
Mon Dec 19 16:31:24 BOT 2011: Ajax->Mostrar Megusta:  
Mon Dec 19 16:33:39 BOT 2011: Ajax->Mostrar Reproducciones:  
Mon Dec 19 16:34:10 BOT 2011: Ajax->Mostrar Nombre Genero:  
Mon Dec 19 16:35:07 BOT 2011: ASYNC -> STATS> Tiempo respuesta -0.378616 seg.
Mon Dec 19 16:36:52 BOT 2011: Ajax->Mostrar Reproducciones:  
Mon Dec 19 16:43:38 BOT 2011: Ajax->Mostrar Nombre Artista:  
Mon Dec 19 16:44:41 BOT 2011: Ajax->Mostrar Reproducciones:  
Mon Dec 19 16:47:20 BOT 2011: Asignar backtone escuchado > Asi termino:104794,104569,104294,104215,126175,126144,126173,126142,129234,102639,103790,107763,104652,128597,163,102638,102876,103628,572,112702,
Mon Dec 19 16:47:41 BOT 2011: Ajax-> Mostrar Ranking > tono:104787 
Mon Dec 19 16:48:21 BOT 2011: Ajax-> Mostrar Megusta> tono:107763 
Mon Dec 19 16:48:42 BOT 2011: Busqueda Inteligente: resultados >103558
Mon Dec 19 16:51:57 BOT 2011: ASYNC -> STATS> Tiempo respuesta 0.008903 seg.
Mon Dec 19 16:52:18 BOT 2011: Consulta de precio de reason:3 - msisdn: tono:106266 Async responde:200
 
Mon Dec 19 16:55:21 BOT 2011: Ajax->Mostrar Megusta:  
Mon Dec 19 16:55:37 BOT 2011: Ajax-> Mostrar Comentarios> tono:102791 
Mon Dec 19 16:55:37 BOT 2011: Ajax->Mostrar Nombre Artista:  
Mon Dec 19 16:55:43 BOT 2011: Ajax->Mostrar Ranking:  
Mon Dec 19 16:56:01 BOT 2011: Ajax-> Mostrar  Nombre Artista > tono:106266 
Mon Dec 19 16:58:01 BOT 2011: STATS > BUSQUEDA DE BACKTONE >Tiempo: -0.188757 seg. | registros: 1
Mon Dec 19 16:58:10 BOT 2011: Ajax-> Mostrar  Nombre Artista > tono:142527 
Mon Dec 19 16:58:55 BOT 2011: WEB REPROD BUSQ > Facebook link: http%3A%2F%2Fbacktones.tigo.com.bo%2Fv3%2Findex.php%3Fseccion%3Dplaylist%26search%3Dfranco+de+vita%26f%3D1%26t%3D123213
Mon Dec 19 16:59:55 BOT 2011: ASYNC -> STATS> Tiempo respuesta 0.014826 seg.
Mon Dec 19 17:00:31 BOT 2011: Ajax-> Mostrar  Nombre Genero > tono:129435 
Mon Dec 19 17:00:58 BOT 2011: ASYNC -> STATS> Tiempo respuesta 0.004467 seg.
Mon Dec 19 17:01:25 BOT 2011: Ajax->Mostrar Comentarios:  
Mon Dec 19 17:01:34 BOT 2011: ASYNC -> STATS> Tiempo respuesta 0.008915 seg.
Mon Dec 19 17:01:43 BOT 2011: Ajax->Mostrar Nombre Artista:  
Mon Dec 19 17:02:13 BOT 2011: ASYNC -> STATS> Tiempo respuesta 0.005682 seg.
Mon Dec 19 17:03:14 BOT 2011: Asignar backtone escuchado > Asi termino:103598,103075,104043,103996,11,104036,103993,104026,103225,103224,103072,103671,104024,120,127374,571,115945,82,124971,113607,
Mon Dec 19 17:05:02 BOT 2011: Busqueda Inteligente: resultados >126997
Mon Dec 19 17:05:17 BOT 2011: ASYNC -> STATS> Tiempo respuesta 0.288039 seg.
Mon Dec 19 17:05:17 BOT 2011: ASYNC -> STATS> Tiempo respuesta 0.250436 seg.
Mon Dec 19 17:05:20 BOT 2011: ASYNC -> STATS> Tiempo respuesta -0.02324 seg.
Mon Dec 19 17:05:20 BOT 2011: Ajax->Mostrar Comentarios:  
Mon Dec 19 17:05:26 BOT 2011: Consulta de precio de reason:10 - msisdn: tono:139963 Async responde:350
 
Mon Dec 19 17:05:26 BOT 2011: ASYNC -> STATS> Tiempo respuesta -0.451104 seg.
Mon Dec 19 17:05:26 BOT 2011: Asignar backtone escuchado > Asi termino:105366,105368,105365,126026,136635,126028,126100,126150,126152,126154,
Mon Dec 19 17:05:26 BOT 2011: ASYNC -> STATS> Tiempo respuesta -0.057914 seg.
Mon Dec 19 17:07:20 BOT 2011: Asignar backtone escuchado > Asi termino:102673,124243,135727,104279,448,102650,102693,103342,104393,240,140985,103719,103876,135200,127447,107585,103430,384,105527,104622,
Mon Dec 19 17:08:05 BOT 2011: Ajax-> Mostrar Comentarios> tono:131003 
Mon Dec 19 17:08:23 BOT 2011: ASYNC -> STATS> Tiempo respuesta 0.0040370000000001 seg.
Mon Dec 19 17:08:38 BOT 2011: Busqueda Inteligente: resultados >109664
Mon Dec 19 17:16:24 BOT 2011: Ajax->Mostrar Megusta:  
Mon Dec 19 17:17:34 BOT 2011: Busqueda Inteligente: resultados >103533
Mon Dec 19 17:19:49 BOT 2011: Ajax->Mostrar Ranking:  
Mon Dec 19 17:20:37 BOT 2011: Ajax-> Mostrar Ranking > tono:119112 
Mon Dec 19 17:21:01 BOT 2011: Ajax-> Mostrar Megusta> tono:105383 
Mon Dec 19 17:22:04 BOT 2011: Ajax-> Mostrar Ranking > tono:103960 
Mon Dec 19 17:23:10 BOT 2011: ASYNC -> STATS> Tiempo respuesta 0.45844 seg.
Mon Dec 19 17:30:59 BOT 2011: Ajax->Mostrar Comentarios:  
Mon Dec 19 17:32:51 BOT 2011: ASYNC -> STATS> Tiempo respuesta 0.009012 seg.
Mon Dec 19 17:34:12 BOT 2011: Ajax->Mostrar Nombre Artista:  
Mon Dec 19 17:35:00 BOT 2011: Ajax->Mostrar Nombre Artista:  
Mon Dec 19 17:38:09 BOT 2011: Mostrar Cantidad reproducciones: tono:124071 cantidad: 0
Mon Dec 19 17:39:19 BOT 2011: MTD_CHEQUEO_REINTENTO >- msisdn:78137207 tono: Asignad?o:1324330757 
Mon Dec 19 17:40:16 BOT 2011: Ajax->Mostrar Nombre Artista:  
Mon Dec 19 17:42:46 BOT 2011: Mostrar Genero: >G&eacute;nero:  <a href='index.php?seccion=playlist&genero=110'>Cumbia</a>
Mon Dec 19 17:42:46 BOT 2011: Msisdn:75030346 ingreso exitoso de billing tono: 131760 
Mon Dec 19 17:42:55 BOT 2011: Ajax-> Mostrar  Nombre Genero > tono:140990 
Mon Dec 19 17:45:49 BOT 2011: Ajax->Mostrar Nombre Artista:  
Mon Dec 19 17:47:47 BOT 2011: Ajax->Mostrar Ranking:  
Mon Dec 19 17:53:30 BOT 2011: Mostrar Cantidad reproducciones: tono:116506 cantidad: 0
Mon Dec 19 17:55:06 BOT 2011: Ajax->Mostrar Comentarios:  
Mon Dec 19 17:55:51 BOT 2011: Ajax->Mostrar Ranking:  
Mon Dec 19 17:58:39 BOT 2011: ASYNC -> STATS> Tiempo respuesta 0.377274 seg.
Mon Dec 19 17:58:42 BOT 2011: ASYNC -> STATS> Tiempo respuesta -0.002383 seg.
Mon Dec 19 18:01:52 BOT 2011: Mostrar Genero: >G&eacute;nero:  <a href='index.php?seccion=playlist&genero=143'>Latinas</a>
Mon Dec 19 18:02:31 BOT 2011: ASYNC -> STATS> Tiempo respuesta 0.003773 seg.
Mon Dec 19 18:02:34 BOT 2011: Consulta de precio de reason:2 - msisdn: tono:106370 Async responde:350
 
Mon Dec 19 18:02:37 BOT 2011: Ajax->Mostrar Reproducciones:  
Mon Dec 19 18:03:31 BOT 2011: Ajax->Mostrar Imagen Portada:  
Mon Dec 19 18:03:46 BOT 2011: Ajax->Mostrar Imagen Portada:  
Mon Dec 19 18:04:58 BOT 2011: ASYNC -> STATS> Tiempo respuesta 0.010037 seg.
Mon Dec 19 18:04:58 BOT 2011: Ajax->Mostrar Comentarios:  
Mon Dec 19 18:07:01 BOT 2011: Ajax->Mostrar Megusta:  
Mon Dec 19 18:10:29 BOT 2011: Ajax->Mostrar Nombre Artista:  
Mon Dec 19 18:15:30 BOT 2011: Mostrar Ranking: tono:118744 calificacion: 2
Mon Dec 19 18:18:21 BOT 2011: ASYNC -> STATS> Tiempo respuesta 0.008032 seg.
Mon Dec 19 18:18:42 BOT 2011: Asignar backtone escuchado > Asi termino:104364,103279,104582,105627,102953,104980,105243,104815,129931,103261,103747,105242,105652,479,105610,103458,149,104787,107573,105295,
Mon Dec 19 18:19:06 BOT 2011: Ajax->Mostrar Imagen Portada:  
Mon Dec 19 18:19:21 BOT 2011: Ajax->Mostrar Nombre Artista:  
Mon Dec 19 18:19:39 BOT 2011: Ajax->Mostrar Megusta:  
Mon Dec 19 18:20:03 BOT 2011: Ajax->Mostrar Megusta:  
Mon Dec 19 18:20:03 BOT 2011: Ajax->Mostrar Nombre Artista:  
Mon Dec 19 18:22:07 BOT 2011: Ajax-> Mostrar Ranking > tono:102802 
Mon Dec 19 18:24:04 BOT 2011: Ajax-> Mostrar  Nombre Genero > tono:103328 
Mon Dec 19 18:24:16 BOT 2011: ASYNC -> STATS> Tiempo respuesta 0.01027 seg.
Mon Dec 19 18:28:37 BOT 2011: Mostrar Genero: >G&eacute;nero:  <a href='index.php?seccion=playlist&genero=110'>Cumbia</a>
Mon Dec 19 18:29:32 BOT 2011: Consulta de precio de reason:3 - msisdn: tono:104200 Async responde:350
 
Mon Dec 19 18:29:32 BOT 2011: Ajax->Mostrar Ranking:  
Mon Dec 19 18:29:32 BOT 2011: Ajax->Mostrar Ranking:  
Mon Dec 19 18:29:32 BOT 2011: Asignar backtone escuchado > Asi termino:105856,118730,118728,118727,118725,118724,112466,112469,112468,
Mon Dec 19 18:30:05 BOT 2011: Ajax-> Mostrar Megusta> tono:118745 
Mon Dec 19 18:30:41 BOT 2011: ASYNC -> STATS> Tiempo respuesta 0.003859 seg.
Mon Dec 19 18:30:44 BOT 2011: Ajax->Mostrar Ranking:  
Mon Dec 19 18:30:44 BOT 2011: Ajax->Mostrar Ranking:  
Mon Dec 19 18:30:44 BOT 2011: Consulta de precio de reason:10 - msisdn: tono:104032 Async responde:350
 
Mon Dec 19 18:32:47 BOT 2011: LISTAR_MODO_ROTACION_BACTONES > usuario: 75066447  modo:2 
Mon Dec 19 18:35:44 BOT 2011: Ajax-> Mostrar  Imagen Portada> tono:102527 
Mon Dec 19 18:46:50 BOT 2011: Ajax-> Mostrar  Nombre Genero > tono:109971 
Mon Dec 19 18:47:26 BOT 2011: Mostrar Megusta> tono: 109915 msisdn: > 001
