Tue Oct 30 0:06:38 BOT 2012: Busqueda Inteligente: resultados >104967
Tue Oct 30 1:37:20 BOT 2012: Session Start>  session por defecto 
Tue Oct 30 9:49:10 BOT 2012: ASYNC -> STATS> Tiempo respuesta -0.363909 seg.
Tue Oct 30 9:49:16 BOT 2012: ASYNC -> STATS> Tiempo respuesta 0.003612 seg.
Tue Oct 30 9:49:19 BOT 2012: ASYNC -> STATS> Tiempo respuesta 0.112835 seg.
Tue Oct 30 9:56:56 BOT 2012: Busqueda Inteligente: resultados >135973
Tue Oct 30 10:17:48 BOT 2012: Consulta de precio de reason:2 - msisdn: tono:103591 Async responde:350
 
Tue Oct 30 10:22:04 BOT 2012: Ajax->Mostrar Nombre Artista:  
Tue Oct 30 10:36:51 BOT 2012: Ajax->Mostrar Imagen Portada:  
Tue Oct 30 10:53:48 BOT 2012: STATS > BUSQUEDA DE BACKTONE >Tiempo: 0.380488 seg. | registros: 1
Tue Oct 30 10:58:10 BOT 2012: Ajax->Mostrar Nombre Artista:  
Tue Oct 30 11:10:54 BOT 2012: Mostrar Megusta > tono: 137253 msisdn:76379425 > cantidad de registros: 0
Tue Oct 30 11:11:06 BOT 2012: ASYNC -> STATS> Tiempo respuesta 0.003963 seg.
Tue Oct 30 11:11:18 BOT 2012: Ajax-> Mostrar Ranking > tono:438 
Tue Oct 30 11:30:30 BOT 2012: Session Start>  session por defecto 
Tue Oct 30 11:41:20 BOT 2012: Ajax-> Mostrar Comentarios> tono:155380 
Tue Oct 30 11:48:57 BOT 2012: Ajax-> Mostrar Comentarios> tono:112704 
Tue Oct 30 11:49:39 BOT 2012: ASYNC -> STATS> Tiempo respuesta 0.002365 seg.
Tue Oct 30 12:23:36 BOT 2012: Ajax-> Mostrar  Nombre Artista > tono:132102 
Tue Oct 30 12:35:02 BOT 2012: Ajax->Mostrar Megusta:  
Tue Oct 30 12:38:27 BOT 2012: Busqueda Inteligente: resultados >102610
Tue Oct 30 12:39:18 BOT 2012: Busqueda Inteligente: Resultado 
 109730;jay Z;telecel;Pop
137235;Lift Off;Jay Z;Hip hop
137237;Lift Off Verse;Jay Z;Hip hop
137231;Made In America;Jay Z;Hip hop
137243;Made In America Verse;Jay Z;Hip hop
137238;New Day;Jay Z;Hip hop
137242;No Church In The Wild;Jay Z;Hip hop
137233;Welcome To The Jungle;Jay Z;Hip hop
137232;Who Gon Stop Me;Jay Z;Hip hop
137229;Why I Love You;Jay Z;Hip hop
132053;Corazon;Al fondo hay sitio Opratel;Cumbia
103015;hay otra que me hace feliz;Mama mia;Latinas
126028;Hay un Lugar;Alianza Nueva;Cristianas
150298;No Hay Mas Version Latinoamericana;Antonio Orozco;Latinas
104067;Si Te Vas No Hay Lio Remix;Vicente Fernandez;Vicente Fernandez
97;El bandido;Jay D;Latinas
114064;panamericano;Yonjayo;Electronicas
103597;AlMayorDeLos;Vicente Fernandez;Vicente Fernandez
103466;2YTuTeVas;Chayanne;Latinas
105610;Al Fondo Hay Sitio;Version Opratel;Al fondo hay sitio
157926;Al Fondo Hay Sitio 1;Opratel;Cumbia
157928;Al Fondo Hay Sitio 2;Opratel;Al fondo hay sitio
103997;Amor Inmortal;Chayanne;Latinas
103089;Atado a tu amor;Chayanne;Latinas
103424;BailaBaila;Chayanne;Latinas
135714;Besos En La Boca;Chayanne;Latinas
103425;BoomBoom;Chayanne;Latinas
103426;Caprichosa;Chayanne;Latinas
103431;Como No Hay Nadie;Daniel Calveti;Cristianas
150152;Como Tu No Hay Dos;Opratel;Promo Clubstigo
103450;Como Tu No Hay Nadie;Marcos Witt;Cristianas
103238;CompletamenteEnamorados;Chayanne;Latinas
103090;Cuidarte el alma;Chayanne;Latinas
135681;Dame Dame;Chayanne;Latinas
103239;DejariaTodo;Chayanne;Latinas
135677;Dime ;Chayanne;Latinas
135690;El Hombre Que Fui;Chayanne;Latinas
147534;En el Cielo no Hay Hospital;Juan Luis Guerra;Cristianas
104324;Es Lo Que Hay;La Factoria;Reggaeton
135718;Este Ritmo Se Baila Asi;Chayanne;Latinas
103091;este ritmo se baila asi;Chayanne;Latinas
135692;Fiesta En America;Chayanne;Latinas
109407;game on;Pitbull;Al fondo hay sitio
106389;Grito Mundial;Daddy Yankee;Al fondo hay sitio
132054;Habla Causa;Al fondo hay sitio Opratel;Cumbia
144796;Hay no se ;Tigo;Carnaval de Oruro
128427;Hay Otro En Mi Vida;Angela;Cumbia
104667;Hay otro en mi vida;La Factoria;Reggaeton
104104;Hay que venir al sur;KAREN PAOLA;Latinas
144816;Hay Rosita 1;Tigo;Carnaval de Oruro
147378;HAYOSPAN;Empresa San Fernando;Publicidad
132107;La Tere Cumbia;Al fondo hay sitio Opratel;Cumbia
132102;La Tere Cumbia;Al fondo hay sitio Opratel;Cumbia
102618;Lo que hay;Factoria;Latinas
105545;Me Enamore de ti;Chayanne;Romanticas
135727;Me Enamore De Ti;Chayanne;Latinas
135694;Me Pierdo Contigo;Chayanne;Latinas
132105;Mi Error;Al fondo hay sitio Opratel;Cumbia
134034;Mi ninia amada;Al fondo hay sitio Opratel;Cumbia
104012;MunasQechay;La 7_55;Latinas
131702;Munasqechay;Los Kjarkas;Folklore
150180;Munasquechay;La 7_55;Latinas
155082;Munasquechay;La 7_55;Latinas
105641;munasquechay;MG;Carnaval
127414;No hay argumento;Jesus Adrian Romero;Cristianas
103784;No Hay Cielo;fRANCO dE vITA;Latinas
144306;No hay c 
Tue Oct 30 12:39:33 BOT 2012: Asignar backtone escuchado > Asi termino:103260,156,103117,103114,
Tue Oct 30 12:41:42 BOT 2012: Ajax-> Mostrar Megusta> tono:103462 
Tue Oct 30 12:48:38 BOT 2012: Busqueda Inteligente: resultados >104819
Tue Oct 30 12:56:27 BOT 2012: Busqueda Inteligente: resultados >104448
Tue Oct 30 12:56:42 BOT 2012: Ajax-> Mostrar  Imagen Portada> tono:134027 
Tue Oct 30 12:57:36 BOT 2012: Asignar backtone escuchado > Asi termino:134009,129929,106005,116506,104460,112702,103086,116516,103088,116471,116514,116508,105543,116507,104939,116466,116500,116501,116505,
Tue Oct 30 13:00:40 BOT 2012: ASYNC -> STATS> Tiempo respuesta 0.003305 seg.
Tue Oct 30 13:15:33 BOT 2012: Ajax-> Mostrar Comentarios> tono:129445 
Tue Oct 30 13:36:40 BOT 2012: Ajax-> Mostrar  Nombre Genero > tono:103999 
Tue Oct 30 13:45:11 BOT 2012: Ajax-> Mostrar Megusta> tono:105083 
Tue Oct 30 13:54:07 BOT 2012: ASYNC -> STATS> Tiempo respuesta 0.002721 seg.
Tue Oct 30 13:54:13 BOT 2012: Ajax->Mostrar Reproducciones:  
Tue Oct 30 14:01:05 BOT 2012: Ajax-> Mostrar Megusta> tono:103999 
Tue Oct 30 14:01:26 BOT 2012: Ajax-> Mostrar  Nombre Artista > tono:102505 
Tue Oct 30 14:02:44 BOT 2012: Ajax->Mostrar Megusta:  
Tue Oct 30 14:02:59 BOT 2012: Ajax->Mostrar Ranking:  
Tue Oct 30 14:06:48 BOT 2012: Ajax-> Login Usuario msisdn: 76441366  pin: > Validar msisdn
Tue Oct 30 14:10:25 BOT 2012: Ajax->Mostrar Nombre Genero:  
Tue Oct 30 14:10:40 BOT 2012: Asignar backtone escuchado > Asi termino:145319,103521,133867,134021,133864,131844,133860,125493,125735,128311,127752,131821,115942,127756,127754,127759,441,
Tue Oct 30 14:12:22 BOT 2012: Ajax-> Mostrar  Imagen Portada> tono:203 
Tue Oct 30 14:13:01 BOT 2012: Ajax->Mostrar Imagen Portada:  
Tue Oct 30 14:13:28 BOT 2012: Session Start>  Chequeo de sesion
Tue Oct 30 14:13:46 BOT 2012: ASYNC -> STATS> Tiempo respuesta 0.003692 seg.
Tue Oct 30 14:13:52 BOT 2012: ASYNC -> STATS> Tiempo respuesta 0.002834 seg.
Tue Oct 30 14:13:52 BOT 2012: Ajax->Mostrar Comentarios:  
Tue Oct 30 14:13:58 BOT 2012: Ajax->Mostrar Nombre Genero:  
Tue Oct 30 14:14:44 BOT 2012: Ajax->Mostrar Comentarios:  
Tue Oct 30 14:14:56 BOT 2012: Ajax-> Mostrar Megusta> tono:107788 
Tue Oct 30 14:14:56 BOT 2012: ASYNC -> STATS> Tiempo respuesta -0.233954 seg.
Tue Oct 30 14:15:47 BOT 2012: Ajax-> Mostrar Ranking > tono:103479 
Tue Oct 30 14:21:30 BOT 2012: Mostrar Album: >albumes/album-default.jpg
Tue Oct 30 14:21:33 BOT 2012: Ajax-> Mostrar Ranking > tono:104270 
Tue Oct 30 14:22:03 BOT 2012: Ajax-> Mostrar  Imagen Portada> tono:114604 
Tue Oct 30 14:23:21 BOT 2012: ASYNC -> STATS> Tiempo respuesta 0.003922 seg.
Tue Oct 30 14:24:00 BOT 2012: Ajax-> Mostrar Megusta> tono:104788 
Tue Oct 30 14:24:57 BOT 2012: ASYNC -> STATS> Tiempo respuesta 0.005194 seg.
Tue Oct 30 14:25:00 BOT 2012: ASYNC -> STATS> Tiempo respuesta -0.0265 seg.
Tue Oct 30 14:25:06 BOT 2012: Ajax->Mostrar Megusta:  
Tue Oct 30 14:26:15 BOT 2012: ASYNC -> STATS> Tiempo respuesta 0.0025310000000001 seg.
Tue Oct 30 14:26:15 BOT 2012: Asignar backtone escuchado > Asi termino:105595,104743,104741,105748,105592,104020,104021,104022,105565,110219,105563,105557,105556,104023,105555,103521,145926,145931,114604,103375,
Tue Oct 30 14:26:18 BOT 2012: ASYNC -> STATS> Tiempo respuesta -0.018417 seg.
Tue Oct 30 14:26:21 BOT 2012: ASYNC -> STATS> Tiempo respuesta -0.016677 seg.
Tue Oct 30 14:27:19 BOT 2012: Asignar backtone escuchado > Asi termino:103979,383,404,109227,103343,104278,449,104393,240,104942,121,103506,145158,104846,110214,145895,102811,104788,104972,104364,
Tue Oct 30 14:28:31 BOT 2012: Ajax->Mostrar Imagen Portada:  
Tue Oct 30 14:31:25 BOT 2012: Ajax-> Mostrar  Imagen Portada> tono:112462 
Tue Oct 30 14:31:37 BOT 2012: ASYNC -> STATS> Tiempo respuesta 0.834264 seg.
Tue Oct 30 14:37:53 BOT 2012: Ajax-> Mostrar  Nombre Genero > tono:105760 
Tue Oct 30 14:39:06 BOT 2012: Ajax->Mostrar Comentarios:  
Tue Oct 30 14:40:45 BOT 2012: Ajax->Mostrar Comentarios:  
Tue Oct 30 14:43:39 BOT 2012: Ajax-> Compra de backtone msisdn: 75643530  tono:130364
Tue Oct 30 14:45:52 BOT 2012: Ajax-> Mostrar Comentarios> tono:384 
Tue Oct 30 14:53:26 BOT 2012: Ajax->Mostrar Ranking:  
Tue Oct 30 14:54:50 BOT 2012: Ajax->Mostrar Comentarios:  
Tue Oct 30 14:54:53 BOT 2012: Ajax-> Mostrar  Nombre Artista > tono:404 
Tue Oct 30 15:00:03 BOT 2012: Ajax-> Mostrar  Imagen Portada> tono:102630 
Tue Oct 30 15:05:58 BOT 2012: Ajax-> Mostrar  Nombre Genero > tono:141881 
Tue Oct 30 15:18:38 BOT 2012: Session Start>  session por defecto 
Tue Oct 30 15:34:38 BOT 2012: ASYNC -> STATS> Tiempo respuesta 0.003343 seg.
Tue Oct 30 15:35:32 BOT 2012: Ajax-> Mostrar Megusta> tono:104207 
Tue Oct 30 15:42:06 BOT 2012: Ajax-> Mostrar  Nombre Artista > tono:104614 
Tue Oct 30 15:42:30 BOT 2012: Asignar backtone escuchado > Asi termino:155888,152128,152120,109691,103121,103999,
Tue Oct 30 15:43:57 BOT 2012: Ajax->Mostrar Reproducciones:  
Tue Oct 30 15:48:58 BOT 2012: Ajax-> Mostrar Comentarios> tono:103597 
Tue Oct 30 16:01:06 BOT 2012: Ajax->Mostrar Megusta:  
Tue Oct 30 16:06:34 BOT 2012: ASYNC -> STATS> Tiempo respuesta 0.0021720000000001 seg.
Tue Oct 30 16:13:50 BOT 2012: Ajax->Mostrar Imagen Portada:  
Tue Oct 30 16:14:56 BOT 2012: Ajax-> Mostrar  Nombre Genero > tono:104203 
Tue Oct 30 16:27:29 BOT 2012: Ajax->Mostrar Ranking:  
Tue Oct 30 16:29:50 BOT 2012: Asignar backtone escuchado > Asi termino:109229,103981,103524,105523,103523,404,107567,103420,109227,103790,102630,127757,127759,
Tue Oct 30 16:31:20 BOT 2012: Ajax->Mostrar Nombre Genero:  
Tue Oct 30 16:31:29 BOT 2012: Ajax-> Mostrar Ranking > tono:135727 
Tue Oct 30 16:49:44 BOT 2012: WEB_REPRODUCIR_BUSQUEDA > Se recibieron:89 tonos
Tue Oct 30 16:55:33 BOT 2012: Ajax->Mostrar Nombre Artista:  
Tue Oct 30 16:59:21 BOT 2012: ASYNC -> STATS> Tiempo respuesta 0.0041760000000001 seg.
Tue Oct 30 17:28:29 BOT 2012: Ajax->Mostrar Imagen Portada:  
Tue Oct 30 17:29:11 BOT 2012: ASYNC -> STATS> Tiempo respuesta 0.0042880000000001 seg.
Tue Oct 30 17:38:33 BOT 2012: Ajax->Mostrar Comentarios:  
Tue Oct 30 17:38:36 BOT 2012: STATS > BUSQUEDA DE BACKTONE >Tiempo: -0.906256 seg. | registros: 114
Tue Oct 30 17:39:24 BOT 2012: ASYNC -> STATS> Tiempo respuesta -0.226505 seg.
Tue Oct 30 17:40:51 BOT 2012: ASYNC -> STATS> Tiempo respuesta 0.002226 seg.
Tue Oct 30 17:49:55 BOT 2012: Ajax->Mostrar Comentarios:  
Tue Oct 30 17:50:41 BOT 2012: Ajax->Mostrar Reproducciones:  
Tue Oct 30 17:52:31 BOT 2012: Ajax-> Mostrar Comentarios> tono:392 
Tue Oct 30 18:00:30 BOT 2012: ASYNC -> STATS> Tiempo respuesta 0.002507 seg.
Tue Oct 30 18:04:42 BOT 2012: Ajax->Mostrar Ranking:  
Tue Oct 30 18:06:19 BOT 2012: Mostrar Genero: >G&eacute;nero:  <a href='index.php?seccion=playlist&genero=179'>Promoción Te Matamos de Risa</a>
Tue Oct 30 18:07:25 BOT 2012: Ajax->Mostrar Megusta:  
Tue Oct 30 18:07:52 BOT 2012: Ajax-> Mostrar Ranking > tono:142145 
Tue Oct 30 18:10:34 BOT 2012: ASYNC -> STATS> Tiempo respuesta 0.135801 seg.
Tue Oct 30 18:10:40 BOT 2012: ASYNC -> STATS> Tiempo respuesta 0.386238 seg.
Tue Oct 30 18:10:40 BOT 2012: Ajax->Mostrar Reproducciones:  
Tue Oct 30 18:10:46 BOT 2012: ASYNC -> STATS> Tiempo respuesta 0.004995 seg.
Tue Oct 30 18:10:49 BOT 2012: ASYNC -> STATS> Tiempo respuesta -0.006992 seg.
Tue Oct 30 18:25:22 BOT 2012: Ajax->Mostrar Comentarios:  
Tue Oct 30 18:51:44 BOT 2012: Ajax-> Mostrar Ranking > tono:102934 
Tue Oct 30 19:00:13 BOT 2012: ASYNC -> STATS> Tiempo respuesta 0.002231 seg.
Tue Oct 30 19:04:08 BOT 2012: Ajax->Mostrar Nombre Artista:  
Tue Oct 30 19:05:05 BOT 2012: Ajax->Mostrar Reproducciones:  
Tue Oct 30 19:08:14 BOT 2012: Ajax-> Mostrar Megusta> tono:105001 
Tue Oct 30 19:09:20 BOT 2012: Ajax->Mostrar Megusta:  
Tue Oct 30 19:38:14 BOT 2012: Ajax->Mostrar Nombre Genero:  
Tue Oct 30 19:38:32 BOT 2012: Ajax->Mostrar Reproducciones:  
Tue Oct 30 19:43:51 BOT 2012: Ajax-> Mostrar Comentarios> tono:104454 
Tue Oct 30 19:44:51 BOT 2012: Ajax->Mostrar Ranking:  
Tue Oct 30 19:48:01 BOT 2012: ASYNC -> STATS> Tiempo respuesta 0.003873 seg.
Tue Oct 30 19:54:23 BOT 2012: Ajax->Mostrar Nombre Artista:  
Tue Oct 30 19:55:53 BOT 2012: DB_LISTAR_TONOS> Se econtraron 1 resultados con estos ID:128597, 
Tue Oct 30 20:13:11 BOT 2012: Ajax->Actualizar pin usuario
Tue Oct 30 20:34:06 BOT 2012: Ajax->Mostrar Nombre Genero:  
Tue Oct 30 20:36:54 BOT 2012: Busqueda Inteligente: resultados >145899
Tue Oct 30 20:48:28 BOT 2012: Session Start>  session por defecto 
Tue Oct 30 20:48:49 BOT 2012: WEB_REPRODUCIR_BUSQUEDA > Se formatearon:30 tonos
Tue Oct 30 20:49:22 BOT 2012: WEB_REPRODUCIR_BUSQUEDA > Se recibieron:114 tonos
Tue Oct 30 21:01:06 BOT 2012: Ajax->Mostrar Reproducciones:  
Tue Oct 30 21:01:15 BOT 2012: ASYNC -> STATS> Tiempo respuesta -0.522915 seg.
Tue Oct 30 21:03:33 BOT 2012: Mostrar Album: >Artista:  <a href='index.php?seccion=playlist&autor=129'>Jennifer Lopez</a>
Tue Oct 30 21:24:08 BOT 2012: Ajax->Mostrar Comentarios:  
Tue Oct 30 21:25:42 BOT 2012: Ajax->Mostrar Megusta:  
Tue Oct 30 21:27:39 BOT 2012: Busqueda Inteligente: resultados >105559
Tue Oct 30 21:28:09 BOT 2012: Asignar backtone escuchado > Asi termino:109229,103981,103524,105523,103523,404,107567,103420,109227,
Tue Oct 30 21:34:16 BOT 2012: session-default => asignando por default session
Tue Oct 30 21:34:40 BOT 2012: Ajax->Mostrar Imagen Portada:  
Tue Oct 30 21:35:25 BOT 2012: Ajax->Mostrar Comentarios:  
Tue Oct 30 21:35:55 BOT 2012: Ajax->Mostrar Ranking:  
Tue Oct 30 21:40:02 BOT 2012: Session Start>  Chequeo de sesion
Tue Oct 30 21:49:01 BOT 2012: Ajax-> Mostrar Ranking > tono:104029 
Tue Oct 30 21:51:19 BOT 2012: Ajax->Mostrar Nombre Artista:  
Tue Oct 30 21:51:43 BOT 2012: ASYNC -> STATS> Tiempo respuesta 0.002618 seg.
Tue Oct 30 22:32:22 BOT 2012: Busqueda Inteligente: David Guetta
Tue Oct 30 22:52:56 BOT 2012: Session Start>  session por defecto 
Tue Oct 30 22:55:26 BOT 2012: Busqueda Inteligente: resultados >103818
Tue Oct 30 23:03:12 BOT 2012: Ajax->Mostrar Reproducciones:  
Tue Oct 30 23:26:37 BOT 2012: Consulta de precio de reason:2 - msisdn: tono:102630 Async responde:350
 
Tue Oct 30 23:31:41 BOT 2012: Ajax-> Mostrar  Nombre Genero > tono:104256 
Tue Oct 30 23:39:34 BOT 2012: Ajax->Actualizar pin usuario >recibe el msisdn:76003948 
Tue Oct 30 23:43:07 BOT 2012: Session Start>  session por defecto 
