Thu Nov 1 9:17:17 BOT 2012: Ajax->Mostrar Nombre Artista:  
Thu Nov 1 9:18:41 BOT 2012: ASYNC -> STATS> Tiempo respuesta 0.0031939999999999 seg.
Thu Nov 1 9:19:08 BOT 2012: Ajax->Mostrar Nombre Artista:  
Thu Nov 1 9:19:44 BOT 2012: Ajax->Mostrar Ranking:  
Thu Nov 1 9:26:24 BOT 2012: Asignar backtone escuchado > Asi termino:105575,105594,102517,105617,141048,140986,105593,104170,291,105577,104304,105616,105572,150386,145841,145838,145906,105613,124408,105565,
Thu Nov 1 9:31:46 BOT 2012: Ajax-> Mostrar Comentarios> tono:104165 
Thu Nov 1 9:33:02 BOT 2012: Busqueda Inteligente: resultados >116507
Thu Nov 1 9:43:06 BOT 2012: Mostrar Ranking: tono:126146 calificacion: 
Thu Nov 1 9:57:12 BOT 2012: Ajax->Mostrar Megusta:  
Thu Nov 1 9:58:54 BOT 2012: ASYNC -> STATS> Tiempo respuesta 0.506321 seg.
Thu Nov 1 10:02:19 BOT 2012: Ajax-> Mostrar  Nombre Artista > tono:103430 
Thu Nov 1 10:05:04 BOT 2012: ASYNC -> STATS> Tiempo respuesta 0.0019400000000001 seg.
Thu Nov 1 10:06:13 BOT 2012: Ajax-> Mostrar Ranking > tono:118725 
Thu Nov 1 10:07:41 BOT 2012: Consulta de precio de reason:3 - msisdn:77490581 tono:105702 Async responde:350
 
Thu Nov 1 10:08:32 BOT 2012: Ajax-> Mostrar  Nombre Artista > tono:127472 
Thu Nov 1 10:08:53 BOT 2012: Ajax-> Mostrar Ranking > tono:105232 
Thu Nov 1 10:09:11 BOT 2012: ASYNC -> STATS> Tiempo respuesta -0.258599 seg.
Thu Nov 1 10:21:19 BOT 2012: ASYNC -> STATS> Tiempo respuesta 0.008809 seg.
Thu Nov 1 10:22:16 BOT 2012: Busqueda Inteligente: resultados >103091
Thu Nov 1 10:24:10 BOT 2012: ASYNC -> STATS> Tiempo respuesta 0.643935 seg.
Thu Nov 1 10:24:13 BOT 2012: Ajax->Mostrar Ranking:  
Thu Nov 1 10:24:13 BOT 2012: Ajax->Mostrar Megusta:  
Thu Nov 1 10:25:17 BOT 2012: Error al consultar precio de renovacion - msisdn: tono:127447 - Async responde -3
Thu Nov 1 10:26:17 BOT 2012: Ajax-> Mostrar Ranking > tono:142906 
Thu Nov 1 10:26:23 BOT 2012: Asignar backtone escuchado > Asi termino:123533,123542,123538,123513,131040,123540,123515,123528,131730,123530,123525,131042,123518,123531,123519,131049,131035,123534,131036,104171,
Thu Nov 1 10:28:08 BOT 2012: Ajax->Mostrar Nombre Artista:  
Thu Nov 1 10:29:29 BOT 2012: Ajax-> Mostrar Comentarios> tono:141134 
Thu Nov 1 10:30:02 BOT 2012: Ajax-> Mostrar Ranking > tono:104577 
Thu Nov 1 10:30:02 BOT 2012: ASYNC -> STATS> Tiempo respuesta 0.003985 seg.
Thu Nov 1 10:30:08 BOT 2012: Ajax->Mostrar Megusta:  
Thu Nov 1 10:30:54 BOT 2012: Ajax->Mostrar Megusta:  
Thu Nov 1 10:31:24 BOT 2012: Busqueda Inteligente: Resultado 
 157836;Lata Pacena Genio3;Go Media;Sonidos
 
Thu Nov 1 10:32:33 BOT 2012: Ajax->Mostrar Megusta:  
Thu Nov 1 10:33:33 BOT 2012: Ajax->Mostrar Megusta:  
Thu Nov 1 10:35:15 BOT 2012: Ajax->Mostrar Comentarios:  
Thu Nov 1 10:39:10 BOT 2012: Ajax->Mostrar Nombre Genero:  
Thu Nov 1 10:40:07 BOT 2012: Ajax-> Mostrar  Imagen Portada> tono:105096 
Thu Nov 1 10:40:22 BOT 2012: Ajax-> Mostrar Megusta> tono:109409 
Thu Nov 1 10:40:43 BOT 2012: ASYNC -> STATS> Tiempo respuesta -0.205161 seg.
Thu Nov 1 10:41:46 BOT 2012: Ajax-> Mostrar Comentarios> tono:131042 
Thu Nov 1 10:41:52 BOT 2012: Ajax-> Mostrar  Nombre Genero > tono:131044 
Thu Nov 1 10:41:55 BOT 2012: Ajax-> Mostrar  Genero > G&eacute;nero:  <a href='index.php?seccion=playlist&genero=179'>Promoción Te Matamos de Risa</a>
Thu Nov 1 10:41:58 BOT 2012: Ajax->Mostrar Ranking:  
Thu Nov 1 10:45:26 BOT 2012: Session Start>  session por defecto 
Thu Nov 1 10:48:26 BOT 2012: Ajax-> Mostrar  Imagen Portada> tono:102727 
Thu Nov 1 10:50:00 BOT 2012: Asignar backtone escuchado > Asi termino:103282,125491,103140,124973,104749,103169,130978,130835,130832,
Thu Nov 1 10:50:39 BOT 2012: Ajax-> Mostrar Comentarios> tono:104395 
Thu Nov 1 10:50:48 BOT 2012: Ajax->Mostrar Reproducciones:  
Thu Nov 1 10:51:00 BOT 2012: Ajax-> Mostrar Ranking > tono:110222 
Thu Nov 1 10:51:00 BOT 2012: Ajax->Mostrar Nombre Genero:  
Thu Nov 1 10:51:24 BOT 2012: Ajax->Mostrar Megusta:  
Thu Nov 1 10:51:54 BOT 2012: Ajax->Mostrar Comentarios:  
Thu Nov 1 10:53:03 BOT 2012: Ajax->Mostrar Nombre Genero:  
Thu Nov 1 10:53:18 BOT 2012: Ajax-> Mostrar Ranking > tono:104430 
Thu Nov 1 10:53:18 BOT 2012: Ajax->Mostrar Megusta:  
Thu Nov 1 10:53:45 BOT 2012: Ajax->Mostrar Nombre Genero:  
Thu Nov 1 10:54:22 BOT 2012: Ajax->Mostrar Imagen Portada:  
Thu Nov 1 10:55:19 BOT 2012: Ajax->Mostrar Reproducciones:  
Thu Nov 1 10:55:28 BOT 2012: ASYNC -> STATS> Tiempo respuesta -0.713599 seg.
Thu Nov 1 10:56:16 BOT 2012: Ajax->Mostrar Nombre Genero:  
Thu Nov 1 10:56:37 BOT 2012: Ajax->Mostrar Megusta:  
Thu Nov 1 10:57:19 BOT 2012: Ajax-> Mostrar Megusta> tono:102621 
Thu Nov 1 11:05:23 BOT 2012: Ajax-> Mostrar Ranking > tono:102957 
Thu Nov 1 11:05:29 BOT 2012: Ajax->Mostrar Nombre Artista:  
Thu Nov 1 11:05:44 BOT 2012: ASYNC -> STATS> Tiempo respuesta 0.002656 seg.
Thu Nov 1 11:07:03 BOT 2012: Ajax->Mostrar Ranking:  
Thu Nov 1 11:07:36 BOT 2012: Consulta de precio de reason:3 - msisdn: tono:105501 Async responde:350
 
Thu Nov 1 11:07:39 BOT 2012: ASYNC -> STATS> Tiempo respuesta 0.00032300000000002 seg.
Thu Nov 1 11:07:45 BOT 2012: ASYNC -> STATS> Tiempo respuesta -0.002007 seg.
Thu Nov 1 11:07:45 BOT 2012: ASYNC -> STATS> Tiempo respuesta -0.014844 seg.
Thu Nov 1 11:07:45 BOT 2012: Ajax->Mostrar Nombre Artista:  
Thu Nov 1 11:07:45 BOT 2012: Asignar backtone escuchado > Asi termino:104532,105322,131812,129892,104579,103470,103480,103479,109409,105096,246,448,104393,240,156792,149592,127759,103793,276,509,
Thu Nov 1 11:11:18 BOT 2012: ASYNC -> STATS> Tiempo respuesta 0.351661 seg.
Thu Nov 1 11:11:27 BOT 2012: Consulta de precio de reason:2 - msisdn: tono:103713 Async responde:350
 
Thu Nov 1 11:11:27 BOT 2012: Mostrar Cantidad reproducciones: tono:155304 cantidad: 0
Thu Nov 1 11:11:27 BOT 2012: Ajax->Mostrar Ranking:  
Thu Nov 1 11:11:27 BOT 2012: Mostrar Cantidad reproducciones: tono:141078 cantidad: 0
Thu Nov 1 11:11:27 BOT 2012: Ajax->Mostrar Nombre Genero:  
Thu Nov 1 11:16:43 BOT 2012: ASYNC -> STATS> Tiempo respuesta 0.844376 seg.
Thu Nov 1 11:17:35 BOT 2012: Ajax->Mostrar Nombre Genero:  
Thu Nov 1 11:19:20 BOT 2012: Ajax->Mostrar Ranking:  
Thu Nov 1 11:20:56 BOT 2012: ASYNC -> STATS> Tiempo respuesta 0.436624 seg.
Thu Nov 1 11:21:29 BOT 2012: Ajax->Mostrar Reproducciones:  
Thu Nov 1 11:22:29 BOT 2012: Ajax-> Mostrar Ranking > tono:103554 
Thu Nov 1 11:23:17 BOT 2012: ASYNC -> STATS> Tiempo respuesta 0.994199 seg.
Thu Nov 1 11:23:18 BOT 2012: ASYNC -> STATS> Tiempo respuesta -0.457055 seg.
Thu Nov 1 11:23:21 BOT 2012: ASYNC -> STATS> Tiempo respuesta -0.024698 seg.
Thu Nov 1 11:24:30 BOT 2012: ASYNC -> STATS> Tiempo respuesta 0.169413 seg.
Thu Nov 1 11:25:09 BOT 2012: Ajax-> Mostrar Ranking > tono:129433 
Thu Nov 1 11:25:09 BOT 2012: ASYNC -> STATS> Tiempo respuesta 0.001848 seg.
Thu Nov 1 11:31:52 BOT 2012: Ajax->Mostrar Nombre Genero:  
Thu Nov 1 11:39:47 BOT 2012: Ajax-> Mostrar  Nombre Artista > tono:103997 
Thu Nov 1 11:41:33 BOT 2012: Ajax->Mostrar Megusta:  
Thu Nov 1 11:47:46 BOT 2012: ASYNC -> STATS> Tiempo respuesta 0.030184 seg.
Thu Nov 1 11:49:16 BOT 2012: Ajax-> Mostrar Ranking > tono:124243 
Thu Nov 1 11:53:20 BOT 2012: Ajax->Mostrar Reproducciones:  
Thu Nov 1 11:53:50 BOT 2012: Consulta de precio de reason:10 - msisdn: tono:103329 Async responde:350
 
Thu Nov 1 11:54:47 BOT 2012: ASYNC -> STATS> Tiempo respuesta 0.003893 seg.
Thu Nov 1 11:56:41 BOT 2012: Ajax->Mostrar Reproducciones:  
Thu Nov 1 11:57:53 BOT 2012: ASYNC -> STATS> Tiempo respuesta 0.003699 seg.
Thu Nov 1 11:58:35 BOT 2012: Ajax->Mostrar Megusta:  
Thu Nov 1 11:59:33 BOT 2012: Consulta de precio de reason:10 - msisdn: tono:149592 Async responde:350
 
Thu Nov 1 12:05:13 BOT 2012: Ajax-> Mostrar  Imagen Portada> tono:103087 
Thu Nov 1 12:05:19 BOT 2012: Asignar backtone escuchado > Asi termino:103088,116471,116514,103465,103087,116469,104939,116500,116505,116504,112702,103086,103130,103509,103128,104298,149,110100,102912,107564,
Thu Nov 1 12:05:37 BOT 2012: Ajax->Mostrar Nombre Artista:  
Thu Nov 1 12:11:35 BOT 2012: Ajax->Mostrar Reproducciones:  
Thu Nov 1 12:12:20 BOT 2012: Session Start>  session por defecto 
Thu Nov 1 12:13:50 BOT 2012: Ajax-> Mostrar Ranking > tono:127295 
Thu Nov 1 12:23:22 BOT 2012: Ajax->Mostrar Megusta:  
Thu Nov 1 12:25:01 BOT 2012: ASYNC -> STATS> Tiempo respuesta 0.457268 seg.
Thu Nov 1 12:25:01 BOT 2012: Ajax->Mostrar Ranking:  
Thu Nov 1 12:29:32 BOT 2012: Ajax-> Mostrar Comentarios> tono:105420 
Thu Nov 1 12:29:44 BOT 2012: Ajax->Mostrar Nombre Artista:  
Thu Nov 1 12:37:45 BOT 2012: Ajax->Mostrar Ranking:  
Thu Nov 1 12:37:45 BOT 2012: Ajax->Mostrar Ranking:  
Thu Nov 1 12:37:45 BOT 2012: Ajax->Mostrar Comentarios:  
Thu Nov 1 12:48:35 BOT 2012: Ajax->Mostrar Ranking:  
Thu Nov 1 12:53:24 BOT 2012: Ajax-> Mostrar Ranking > tono:107573 
Thu Nov 1 12:54:51 BOT 2012: Ajax->Mostrar Reproducciones:  
Thu Nov 1 12:55:39 BOT 2012: Ajax->Mostrar Reproducciones:  
Thu Nov 1 12:58:58 BOT 2012: Mostrar Megusta> tono: 509 msisdn: > a otros 2  les gusta 
Thu Nov 1 12:59:49 BOT 2012: Ajax->Mostrar Megusta:  
Thu Nov 1 12:59:49 BOT 2012: ASYNC -> STATS> Tiempo respuesta 0.406178 seg.
Thu Nov 1 12:59:49 BOT 2012: Asignar backtone escuchado > Asi termino:155516,103442,104554,102729,104095,110210,113047,104783,472,127440,127769,142154,102726,155124,103433,155152,126028,104558,135213,
Thu Nov 1 13:01:16 BOT 2012: Ajax->Mostrar Reproducciones:  
Thu Nov 1 13:01:19 BOT 2012: Busqueda Inteligente: divino
Thu Nov 1 13:01:44 BOT 2012: ASYNC -> STATS> Tiempo respuesta 0.003013 seg.
Thu Nov 1 13:02:08 BOT 2012: Ajax-> Mostrar Ranking > tono:104394 
Thu Nov 1 13:02:14 BOT 2012: Ajax->Mostrar Nombre Artista:  
Thu Nov 1 13:04:50 BOT 2012: Ajax->Mostrar Reproducciones:  
Thu Nov 1 13:08:24 BOT 2012: Ajax->Mostrar Megusta:  
Thu Nov 1 13:09:45 BOT 2012: ASYNC -> STATS> Tiempo respuesta 0.003115 seg.
Thu Nov 1 13:09:57 BOT 2012: Ajax-> Mostrar Comentarios> tono:102678 
Thu Nov 1 13:12:12 BOT 2012: Ajax-> Mostrar  Imagen Portada> tono:105065 
Thu Nov 1 13:12:27 BOT 2012: Ajax-> Mostrar Ranking > tono:102673 
Thu Nov 1 13:15:01 BOT 2012: Ajax-> Mostrar Ranking > tono:210 
Thu Nov 1 13:16:13 BOT 2012: Ajax-> Mostrar Comentarios> tono:240 
Thu Nov 1 13:16:19 BOT 2012: Ajax-> Mostrar Megusta> tono:105370 
Thu Nov 1 13:16:19 BOT 2012: Ajax->Mostrar Ranking:  
Thu Nov 1 13:19:47 BOT 2012: ASYNC -> STATS> Tiempo respuesta 0.002152 seg.
Thu Nov 1 13:19:47 BOT 2012: ASYNC -> STATS> Tiempo respuesta -0.028051 seg.
Thu Nov 1 13:19:53 BOT 2012: ASYNC -> STATS> Tiempo respuesta 0.110199 seg.
Thu Nov 1 13:19:53 BOT 2012: ASYNC -> STATS> Tiempo respuesta 0.002892 seg.
Thu Nov 1 13:19:53 BOT 2012: ASYNC -> STATS> Tiempo respuesta -0.002042 seg.
Thu Nov 1 13:19:53 BOT 2012: Ajax->Mostrar Ranking:  
Thu Nov 1 13:19:59 BOT 2012: Asignar backtone escuchado > Asi termino:105096,150320,
Thu Nov 1 13:22:35 BOT 2012: Ajax-> Mostrar Megusta> tono:104383 
Thu Nov 1 13:25:45 BOT 2012: ASYNC -> STATS> Tiempo respuesta -0.768232 seg.
Thu Nov 1 13:26:21 BOT 2012: Ajax->Mostrar Reproducciones:  
Thu Nov 1 13:26:39 BOT 2012: Ajax->Mostrar Reproducciones:  
Thu Nov 1 13:30:39 BOT 2012: ASYNC -> STATS> Tiempo respuesta 0.002502 seg.
Thu Nov 1 13:33:01 BOT 2012: Ajax-> Mostrar Comentarios> tono:133414 
Thu Nov 1 13:35:13 BOT 2012: Ajax->Mostrar Ranking:  
Thu Nov 1 13:37:29 BOT 2012: Ajax-> Mostrar Ranking > tono:127417 
Thu Nov 1 13:40:59 BOT 2012: Ajax-> Mostrar  Imagen Portada> tono:127476 
Thu Nov 1 13:41:20 BOT 2012: ASYNC -> STATS> Tiempo respuesta 0.333008 seg.
Thu Nov 1 13:44:15 BOT 2012: Ajax->Mostrar Ranking:  
Thu Nov 1 13:44:21 BOT 2012: Ajax->Mostrar Reproducciones:  
Thu Nov 1 13:44:24 BOT 2012: ASYNC -> STATS> Tiempo respuesta -0.480929 seg.
Thu Nov 1 13:45:42 BOT 2012: Ajax->Mostrar Nombre Artista:  
Thu Nov 1 13:45:42 BOT 2012: Ajax->Mostrar Reproducciones:  
Thu Nov 1 13:46:27 BOT 2012: ASYNC -> STATS> Tiempo respuesta 0.00366 seg.
Thu Nov 1 13:47:21 BOT 2012: Ajax-> Mostrar Comentarios> tono:103430 
Thu Nov 1 13:51:22 BOT 2012: Ajax->Mostrar Imagen Portada:  
Thu Nov 1 13:51:31 BOT 2012: Asignar backtone escuchado > Asi termino:310,105005,109323,103050,104998,
Thu Nov 1 13:52:25 BOT 2012: Ajax-> Mostrar Comentarios> tono:103817 
Thu Nov 1 13:54:53 BOT 2012: STATS > BUSQUEDA DE BACKTONE >Tiempo: -0.956841 seg. | registros: 44
Thu Nov 1 13:55:59 BOT 2012: Ajax->Mostrar Ranking:  
Thu Nov 1 13:58:17 BOT 2012: ASYNC -> STATS> Tiempo respuesta 0.002093 seg.
Thu Nov 1 13:58:20 BOT 2012: Ajax->Mostrar Megusta:  
Thu Nov 1 13:58:56 BOT 2012: Ajax-> Mostrar Ranking > tono:105500 
Thu Nov 1 14:06:16 BOT 2012: Mostrar Ranking: tono:155366 calificacion: 
Thu Nov 1 14:09:19 BOT 2012: STATS > BUSQUEDA DE BACKTONE >Tiempo: -0.253149 seg. | registros: 90
Thu Nov 1 14:13:23 BOT 2012: ASYNC -> STATS> Tiempo respuesta 0.001325 seg.
Thu Nov 1 14:15:32 BOT 2012: Ajax->Mostrar Nombre Genero:  
Thu Nov 1 14:16:08 BOT 2012: Ajax-> Mostrar Comentarios> tono:124243 
Thu Nov 1 14:17:14 BOT 2012: Ajax->Mostrar Nombre Artista:  
Thu Nov 1 14:18:03 BOT 2012: Ajax->Mostrar Imagen Portada:  
Thu Nov 1 14:19:42 BOT 2012: Ajax->Mostrar Megusta:  
Thu Nov 1 14:20:00 BOT 2012: Ajax->Mostrar Megusta:  
Thu Nov 1 14:21:03 BOT 2012: Ajax-> Mostrar Ranking > tono:106266 
Thu Nov 1 14:22:18 BOT 2012: Ajax->Mostrar Imagen Portada:  
Thu Nov 1 14:22:45 BOT 2012: ASYNC -> STATS> Tiempo respuesta 0.002988 seg.
Thu Nov 1 14:23:55 BOT 2012: ASYNC -> STATS> Tiempo respuesta 0.004071 seg.
Thu Nov 1 14:24:31 BOT 2012: Ajax-> Mostrar  Imagen Portada> tono:124243 
Thu Nov 1 14:31:14 BOT 2012: ASYNC -> STATS> Tiempo respuesta 0.128362 seg.
Thu Nov 1 14:40:15 BOT 2012: Ajax->Mostrar Nombre Genero:  
Thu Nov 1 14:42:37 BOT 2012: Ajax->Mostrar Megusta:  
Thu Nov 1 14:43:37 BOT 2012: Ajax->Mostrar Megusta:  
Thu Nov 1 14:44:43 BOT 2012: STATS > BUSQUEDA DE BACKTONE >Tiempo: 0.330147 seg. | registros: 2
Thu Nov 1 14:46:56 BOT 2012: Ajax->Mostrar Nombre Genero:  
Thu Nov 1 14:48:53 BOT 2012: Ajax->Mostrar Reproducciones:  
Thu Nov 1 14:49:35 BOT 2012: ASYNC -> STATS> Tiempo respuesta -0.261409 seg.
Thu Nov 1 14:49:44 BOT 2012: Ajax->Mostrar Ranking:  
Thu Nov 1 14:54:06 BOT 2012: Ajax->Mostrar Imagen Portada:  
Thu Nov 1 15:00:31 BOT 2012: Ajax-> Mostrar  Nombre Artista > tono:102630 
Thu Nov 1 15:04:02 BOT 2012: Ajax->Mostrar Imagen Portada:  
Thu Nov 1 15:06:08 BOT 2012: Busqueda Inteligente: Soda Stereo
Thu Nov 1 15:09:39 BOT 2012: Consulta de precio de reason:2 - msisdn: tono:58 Async responde:350
 
Thu Nov 1 15:10:45 BOT 2012: ASYNC -> STATS> Tiempo respuesta -0.102412 seg.
Thu Nov 1 15:10:51 BOT 2012: Ajax->Mostrar Megusta:  
Thu Nov 1 15:11:21 BOT 2012: Ajax->Mostrar Ranking:  
Thu Nov 1 15:11:21 BOT 2012: Asignar backtone escuchado > Asi termino:104467,104466,104471,
Thu Nov 1 15:11:51 BOT 2012: ASYNC -> STATS> Tiempo respuesta 0.006687 seg.
Thu Nov 1 15:14:57 BOT 2012: Ajax->Mostrar Reproducciones:  
Thu Nov 1 15:19:13 BOT 2012: Asignar backtone escuchado > Asi termino:103711,108275,103710,103709,104296,103708,126712,126710,103707,103706,103705,126861,118756,105083,126859,105419,104297,103704,58,103703,
Thu Nov 1 15:19:13 BOT 2012: ASYNC -> STATS> Tiempo respuesta 0.0031760000000001 seg.
Thu Nov 1 15:21:16 BOT 2012: Ajax-> Mostrar  Imagen Portada> tono:103702 
Thu Nov 1 15:28:18 BOT 2012: Ajax->Mostrar Nombre Genero:  
Thu Nov 1 15:28:54 BOT 2012: WEB_REPRODUCIR_BUSQUEDA > Se recibieron:15 tonos
Thu Nov 1 15:32:39 BOT 2012: STATS > BUSQUEDA DE BACKTONE >Tiempo: 0.231787 seg. | registros: 10
Thu Nov 1 15:34:19 BOT 2012: Ajax-> Mostrar  Imagen Portada> tono:240 
Thu Nov 1 15:35:58 BOT 2012: Mostrar Cantidad reproducciones: tono:106388 cantidad: 0
Thu Nov 1 15:40:17 BOT 2012: Busqueda Inteligente: resultados >137970
Thu Nov 1 15:42:32 BOT 2012: STATS > BUSQUEDA DE BACKTONE >Tiempo: 0.102418 seg. | registros: 8
Thu Nov 1 15:48:15 BOT 2012: Ajax-> Mostrar  Nombre Artista > tono:106266 
Thu Nov 1 15:52:16 BOT 2012: Ajax->Mostrar Comentarios:  
Thu Nov 1 15:54:31 BOT 2012: Busqueda Inteligente: resultados >104189
Thu Nov 1 15:55:22 BOT 2012: Ajax->Mostrar Megusta:  
Thu Nov 1 15:59:26 BOT 2012: Ajax-> Mostrar Ranking > tono:546 
Thu Nov 1 16:00:53 BOT 2012: Busqueda Inteligente: 
Thu Nov 1 16:05:09 BOT 2012: Ajax-> Mostrar Comentarios> tono:109238 
Thu Nov 1 16:05:24 BOT 2012: Session Start>  session por defecto 
Thu Nov 1 16:07:30 BOT 2012: WEB_REPRODUCIR_BUSQUEDA > Se formatearon:11 tonos
Thu Nov 1 16:13:22 BOT 2012: Busqueda Inteligente: resultados >129231
Thu Nov 1 16:13:25 BOT 2012: WEB_REPRODUCIR_BUSQUEDA > Se recibieron:8 tonos
Thu Nov 1 16:14:13 BOT 2012: Consulta de precio de reason:3 - msisdn: tono:104279 Async responde:350
 
Thu Nov 1 16:14:13 BOT 2012: ASYNC -> STATS> Tiempo respuesta 0.776249 seg.
Thu Nov 1 16:14:16 BOT 2012: Ajax->Mostrar Ranking:  
Thu Nov 1 16:14:19 BOT 2012: Error al consultar precio de renovacion - msisdn: tono:124243 - Async responde -3
Thu Nov 1 16:14:22 BOT 2012: ASYNC -> STATS> Tiempo respuesta -0.002475 seg.
Thu Nov 1 16:14:22 BOT 2012: ASYNC -> STATS> Tiempo respuesta -0.0321 seg.
Thu Nov 1 16:15:14 BOT 2012: Asignar backtone escuchado > Asi termino:126026,434,104555,102728,107585,104781,127435,127463,103447,102729,104095,104561,103449,442,129899,135225,145182,144642,104088,136630,
Thu Nov 1 16:19:17 BOT 2012: Ajax->Mostrar Megusta:  
Thu Nov 1 16:30:52 BOT 2012: ASYNC -> STATS> Tiempo respuesta -0.217518 seg.
Thu Nov 1 16:31:10 BOT 2012: Mostrar Album: >Artista:  <a href='index.php?seccion=playlist&autor=1141'>Angela</a>
Thu Nov 1 16:31:22 BOT 2012: Ajax->Mostrar Nombre Genero:  
Thu Nov 1 16:32:43 BOT 2012: Mostrar Album: >Artista:  <a href='index.php?seccion=playlist&autor=492'>Opratel</a>
Thu Nov 1 16:38:17 BOT 2012: Ajax-> Mostrar Comentarios> tono:155364 
Thu Nov 1 16:38:32 BOT 2012: Mostrar Comentarios : tono:124243 
Thu Nov 1 16:44:42 BOT 2012: Ajax-> Comprar Backtone: msisdn: 
Thu Nov 1 16:45:10 BOT 2012: Ajax-> Mostrar  Imagen Portada> Album:albumes/alb-david-guetta.jpg
Thu Nov 1 16:47:10 BOT 2012: Session Start>  session por defecto 
Thu Nov 1 16:52:02 BOT 2012: Consulta de precio de reason:2 - msisdn:76510037 tono:135681 Async responde:350
 
Thu Nov 1 16:54:38 BOT 2012: Ajax->Mostrar Reproducciones:  
Thu Nov 1 17:03:52 BOT 2012: Ajax->Mostrar Nombre Artista:  
Thu Nov 1 17:04:46 BOT 2012: Ajax->Mostrar Nombre Artista:  
Thu Nov 1 17:09:29 BOT 2012: Ajax-> Mostrar Ranking > tono:104317 
Thu Nov 1 17:10:29 BOT 2012: Ajax-> Mostrar  Imagen Portada> tono:109522 
Thu Nov 1 17:12:59 BOT 2012: Asignar backtone escuchado > Asi termino:156168,156154,155680,
Thu Nov 1 17:14:14 BOT 2012: Ajax->Mostrar Imagen Portada:  
Thu Nov 1 17:14:20 BOT 2012: Ajax->Mostrar Comentarios:  
Thu Nov 1 17:16:12 BOT 2012: Ajax->Mostrar Comentarios:  
Thu Nov 1 17:16:36 BOT 2012: ASYNC -> STATS> Tiempo respuesta 0.00318 seg.
Thu Nov 1 17:17:15 BOT 2012: Ajax-> Mostrar  Imagen Portada> tono:78 
Thu Nov 1 17:17:30 BOT 2012: Mostrar Megusta> tono: 104460 msisdn: > a otros 1  les gusta 
Thu Nov 1 17:19:21 BOT 2012: Ajax->Mostrar Comentarios:  
Thu Nov 1 17:20:19 BOT 2012: Ajax->Mostrar Nombre Genero:  
Thu Nov 1 17:21:31 BOT 2012: Ajax-> Mostrar  Imagen Portada> tono:102673 
Thu Nov 1 17:25:16 BOT 2012: Consulta de precio de reason:2 - msisdn: tono:157928 Async responde:350
 
Thu Nov 1 17:25:16 BOT 2012: Ajax->Mostrar Reproducciones:  
Thu Nov 1 17:26:38 BOT 2012: Ajax->Mostrar Nombre Genero:  
Thu Nov 1 17:27:38 BOT 2012: Ajax->Mostrar Reproducciones:  
Thu Nov 1 17:27:38 BOT 2012: Ajax->Mostrar Megusta:  
Thu Nov 1 17:28:38 BOT 2012: Ajax-> Mostrar Ranking > tono:296 
Thu Nov 1 17:28:38 BOT 2012: Asignar backtone escuchado > Asi termino:105232,104300,125517,110086,103791,102952,102951,106339,134015,134638,
Thu Nov 1 17:28:59 BOT 2012: ASYNC -> STATS> Tiempo respuesta 0.004861 seg.
Thu Nov 1 17:29:26 BOT 2012: Asignar backtone escuchado > Asi termino:103939,103032,198,120230,119112,116501,102627,206,102802,102626,116502,116504,103090,104028,538,116506,104670,199,103628,103790,
Thu Nov 1 17:30:23 BOT 2012: Ajax->Mostrar Nombre Artista:  
Thu Nov 1 17:30:56 BOT 2012: ASYNC -> STATS> Tiempo respuesta 0.88735 seg.
Thu Nov 1 17:32:09 BOT 2012: Ajax->Mostrar Nombre Genero:  
Thu Nov 1 17:39:01 BOT 2012: WEB REPROD BUSQ > Facebook link: http%3A%2F%2Fbacktones.tigo.com.bo%2Fv3%2Findex.php%3Fseccion%3Dplaylist%26search%3Dla+quinta+stacion%26f%3D1%26t%3D123213
Thu Nov 1 17:42:19 BOT 2012: Ajax->Mostrar Reproducciones:  
Thu Nov 1 17:44:32 BOT 2012: STATS > BUSQUEDA DE BACKTONE >Tiempo: -0.492775 seg. | registros: 2
Thu Nov 1 17:47:47 BOT 2012: Ajax->Mostrar Nombre Artista:  
Thu Nov 1 17:48:02 BOT 2012: Ajax->Mostrar Nombre Artista:  
Thu Nov 1 17:48:26 BOT 2012: Ajax-> Mostrar Ranking > tono:157928 
Thu Nov 1 17:49:08 BOT 2012: Ajax->Mostrar Megusta:  
Thu Nov 1 17:50:03 BOT 2012: STATS > BUSQUEDA DE BACKTONE >Tiempo: -0.024087 seg. | registros: 13
Thu Nov 1 17:50:09 BOT 2012: Ajax->Mostrar Comentarios:  
Thu Nov 1 17:50:48 BOT 2012: Busqueda Inteligente: resultados >120967
Thu Nov 1 17:52:39 BOT 2012: Ajax-> Mostrar  Nombre Genero > tono:139343 
Thu Nov 1 17:52:54 BOT 2012: Ajax-> Mostrar Comentarios> tono:163 
Thu Nov 1 17:54:30 BOT 2012: Ajax-> Mostrar  Imagen Portada> Album:Artista:  <a href='index.php?seccion=playlist&autor=424'>Jesus Adrian Romero</a>
Thu Nov 1 17:56:40 BOT 2012: Ajax->Mostrar Megusta:  
Thu Nov 1 17:57:25 BOT 2012: ASYNC -> STATS> Tiempo respuesta 0.003138 seg.
Thu Nov 1 17:57:49 BOT 2012: Mostrar Ranking: tono:132078 calificacion: 
Thu Nov 1 17:59:22 BOT 2012: Busqueda Inteligente: resultados >123242
Thu Nov 1 18:00:04 BOT 2012: Ajax->Mostrar Ranking:  
Thu Nov 1 18:00:07 BOT 2012: Ajax->Mostrar Megusta:  
Thu Nov 1 18:00:59 BOT 2012: Ajax->Mostrar Nombre Genero:  
Thu Nov 1 18:01:17 BOT 2012: Ajax-> Mostrar  Imagen Portada> Album:Artista:  <a href='index.php?seccion=playlist&autor=1243'>Ivete Sangalo</a>
Thu Nov 1 18:01:23 BOT 2012: ASYNC -> STATS> Tiempo respuesta -0.51258 seg.
Thu Nov 1 18:01:38 BOT 2012: Ajax-> Mostrar  Imagen Portada> tono:122289 
Thu Nov 1 18:04:20 BOT 2012: Error al consultar precio de renovacion - msisdn: tono:103992 - Async responde -3
Thu Nov 1 18:06:20 BOT 2012: Ajax->Mostrar Nombre Artista:  
Thu Nov 1 18:07:42 BOT 2012: Ajax->Mostrar Reproducciones:  
Thu Nov 1 18:09:51 BOT 2012: Ajax-> Mostrar Ranking > tono:109410 
Thu Nov 1 18:10:00 BOT 2012: Ajax-> Mostrar  Nombre Genero > tono:139349 
Thu Nov 1 18:12:07 BOT 2012: Ajax->Mostrar Ranking:  
Thu Nov 1 18:12:10 BOT 2012: Error al consultar precio de renovacion - msisdn: tono:130806 - Async responde -3
Thu Nov 1 18:12:10 BOT 2012: Ajax->Mostrar Reproducciones:  
Thu Nov 1 18:13:07 BOT 2012: Ajax->Mostrar Megusta:  
Thu Nov 1 18:13:16 BOT 2012: Ajax->Mostrar Reproducciones:  
Thu Nov 1 18:16:16 BOT 2012: ASYNC -> STATS> Tiempo respuesta 0.565365 seg.
Thu Nov 1 18:16:19 BOT 2012: ASYNC -> STATS> Tiempo respuesta 0.0061460000000001 seg.
Thu Nov 1 18:17:43 BOT 2012: Ajax->Mostrar Ranking:  
Thu Nov 1 18:17:47 BOT 2012: ASYNC -> STATS> Tiempo respuesta -0.895935 seg.
Thu Nov 1 18:17:50 BOT 2012: Ajax->Mostrar Nombre Artista:  
Thu Nov 1 18:19:41 BOT 2012: Consulta de precio de reason:2 - msisdn: tono:103034 Async responde:350
 
Thu Nov 1 18:20:11 BOT 2012: Ajax-> Mostrar  Nombre Artista > tono:144694 
Thu Nov 1 18:20:17 BOT 2012: Ajax-> Mostrar  Imagen Portada> tono:130802 
Thu Nov 1 18:21:14 BOT 2012: Mostrar Album: >Artista:  <a href='index.php?seccion=playlist&autor=288'>Luis Fonsi</a>
Thu Nov 1 18:21:20 BOT 2012: Ajax->Mostrar Reproducciones:  
Thu Nov 1 18:21:20 BOT 2012: Ajax->Mostrar Reproducciones:  
Thu Nov 1 18:26:03 BOT 2012: Ajax->Mostrar Reproducciones:  
Thu Nov 1 18:26:09 BOT 2012: Ajax->Mostrar Comentarios:  
Thu Nov 1 18:26:51 BOT 2012: Ajax-> Mostrar  Nombre Genero > tono:156158 
Thu Nov 1 18:28:57 BOT 2012: Ajax->Mostrar Imagen Portada:  
Thu Nov 1 18:29:43 BOT 2012: Ajax->Mostrar Imagen Portada:  
Thu Nov 1 18:29:58 BOT 2012: Asignar backtone escuchado > Asi termino:104200,155506,577,103790,109915,106005,104322,583,104321,122666,122643,145184,144640,103038,103037,103036,119855,137266,103035,145165,
Thu Nov 1 18:30:28 BOT 2012: Ajax->Mostrar Reproducciones:  
Thu Nov 1 18:30:34 BOT 2012: Ajax->Mostrar Nombre Genero:  
Thu Nov 1 18:30:37 BOT 2012: Asignar backtone escuchado > Asi termino:102890,102978,102626,102876,200,104029,104027,538,103029,102673,199,102672,104024,103086,102630,135219,157844,127438,104089,103431,
Thu Nov 1 18:31:52 BOT 2012: Ajax-> Mostrar Comentarios> tono:104031 
Thu Nov 1 18:32:37 BOT 2012: Ajax->Mostrar Imagen Portada:  
Thu Nov 1 18:33:40 BOT 2012: Ajax->Mostrar Nombre Artista:  
Thu Nov 1 18:34:56 BOT 2012: ASYNC -> STATS> Tiempo respuesta 0.0057149999999999 seg.
Thu Nov 1 18:36:33 BOT 2012: Ajax->Mostrar Imagen Portada:  
Thu Nov 1 18:37:51 BOT 2012: Busqueda Inteligente: resultados >118730
Thu Nov 1 18:40:09 BOT 2012: ASYNC -> STATS> Tiempo respuesta 0.288792 seg.
Thu Nov 1 18:40:12 BOT 2012: Consulta de precio de reason:10 - msisdn: tono:109240 Async responde:350
 
Thu Nov 1 18:40:12 BOT 2012: Ajax->Mostrar Ranking:  
Thu Nov 1 18:40:45 BOT 2012: STATS > BUSQUEDA DE BACKTONE >Tiempo: 0.295013 seg. | registros: 1
Thu Nov 1 18:46:01 BOT 2012: Ajax-> Mostrar  Imagen Portada> tono:134011 
Thu Nov 1 18:46:10 BOT 2012: Ajax-> Mostrar  Nombre Genero > tono:122647 
Thu Nov 1 18:46:34 BOT 2012: Asignar backtone escuchado > Asi termino:105000,104998,104999,132096,103713,104465,103712,141880,141881,149592,322,604,131819,149822,131645,107460,142230,103627,126857,102788,
Thu Nov 1 18:48:26 BOT 2012: Ajax-> Mostrar Megusta> tono:105078 
Thu Nov 1 18:53:36 BOT 2012: Asignar backtone escuchado > Asi termino:103284,105534,105533,105282,105036,105096,133831,125492,151052,151044,150202,150194,104550,150192,150198,150200,150196,104015,155192,105293,
Thu Nov 1 18:55:33 BOT 2012: ASYNC -> STATS> Tiempo respuesta -0.064713 seg.
Thu Nov 1 18:55:36 BOT 2012: MTD_LISTAR_TONOS -> Se encontraron los siguientes tonos:105040
Thu Nov 1 18:55:45 BOT 2012: Ajax->Mostrar Megusta:  
Thu Nov 1 18:59:34 BOT 2012: Ajax->Mostrar Imagen Portada:  
Thu Nov 1 18:59:37 BOT 2012: ASYNC -> STATS> Tiempo respuesta 0.001672 seg.
Thu Nov 1 19:00:10 BOT 2012: Asignar backtone escuchado > Asi termino:145151,134014,134013,145156,133883,134012,145152,134010,133882,133881,134026,135131,145923,134011,135129,127894,
Thu Nov 1 19:01:16 BOT 2012: ASYNC -> STATS> Tiempo respuesta 0.009542 seg.
Thu Nov 1 19:11:36 BOT 2012: Ajax->Mostrar Megusta:  
Thu Nov 1 19:12:18 BOT 2012: Ajax->Mostrar Imagen Portada:  
Thu Nov 1 19:13:48 BOT 2012: ASYNC -> STATS> Tiempo respuesta 0.016702 seg.
Thu Nov 1 19:18:43 BOT 2012: Ajax->Mostrar Ranking:  
Thu Nov 1 19:19:16 BOT 2012: Ajax->Mostrar Reproducciones:  
Thu Nov 1 19:19:19 BOT 2012: Ajax->Mostrar Imagen Portada:  
Thu Nov 1 19:29:51 BOT 2012: Mostrar Ranking: tono:139968 calificacion: 
Thu Nov 1 19:35:52 BOT 2012: Busqueda Inteligente: 
Thu Nov 1 19:40:53 BOT 2012: Ajax-> Mostrar Comentarios> tono:150138 
Thu Nov 1 19:47:27 BOT 2012: MTD_DB_BUSCAR_ARTISTAS > retornando registros:65
Thu Nov 1 19:49:45 BOT 2012: Ajax-> Mostrar Megusta> tono:112439 
Thu Nov 1 19:57:11 BOT 2012: Ajax->Mostrar Comentarios:  
Thu Nov 1 19:57:38 BOT 2012: Ajax-> Mostrar Ranking > tono:104770 
Thu Nov 1 19:57:59 BOT 2012: Ajax->Mostrar Ranking:  
Thu Nov 1 20:00:32 BOT 2012: Mostrar Album: >Artista:  <a href='index.php?seccion=playlist&autor=362'>ACDC</a>
Thu Nov 1 20:01:23 BOT 2012: ASYNC -> STATS> Tiempo respuesta 0.003629 seg.
Thu Nov 1 20:01:29 BOT 2012: Busqueda Inteligente: Ramiro Serrano
Thu Nov 1 20:02:26 BOT 2012: Mostrar Album: >albumes/album-default.jpg
Thu Nov 1 20:05:09 BOT 2012: Asignar backtone escuchado > Asi termino:150032,148116,103235,116506,103086,112464,152472,108558,
Thu Nov 1 20:07:36 BOT 2012: ASYNC -> STATS> Tiempo respuesta 0.249227 seg.
Thu Nov 1 20:07:36 BOT 2012: Ajax-> Mostrar Ranking > tono:104080 
Thu Nov 1 20:07:36 BOT 2012: Ajax-> Mostrar  Nombre Artista > tono:104967 
Thu Nov 1 20:15:59 BOT 2012: Ajax->Mostrar Ranking:  
Thu Nov 1 20:18:17 BOT 2012: Ajax-> Mostrar Megusta> tono:103477 
Thu Nov 1 20:18:23 BOT 2012: Mostrar Cantidad reproducciones: tono:135057 cantidad: 0
Thu Nov 1 20:20:57 BOT 2012: Ajax->Mostrar Megusta:  
Thu Nov 1 20:21:12 BOT 2012: ASYNC -> STATS> Tiempo respuesta -0.265179 seg.
Thu Nov 1 20:21:12 BOT 2012: Ajax->Mostrar Ranking:  
Thu Nov 1 20:22:21 BOT 2012: Ajax->Mostrar Megusta:  
Thu Nov 1 20:22:48 BOT 2012: Session Start>  session por defecto 
Thu Nov 1 20:23:12 BOT 2012: Ajax->Mostrar Nombre Artista:  
Thu Nov 1 20:24:33 BOT 2012: Busqueda Inteligente: CRISTHIAN CASTRO
Thu Nov 1 20:25:48 BOT 2012: ASYNC -> STATS> Tiempo respuesta 0.681129 seg.
Thu Nov 1 20:28:34 BOT 2012: Mostrar Cantidad reproducciones: tono:125513 cantidad: 0
Thu Nov 1 20:30:52 BOT 2012: Ajax->Mostrar Nombre Genero:  
Thu Nov 1 20:31:22 BOT 2012: Ajax->Mostrar Reproducciones:  
Thu Nov 1 20:31:46 BOT 2012: Busqueda Inteligente: Resultado 
 144690;Adoro  Version Acustica Una Noche En E;David Bisbal;Latinas
103480;2Recordando a Natacha;Sombra;Latinas
386;A Escodidas;Agrupacion marilyn;Cumbia
322;A escondidas;Agrupacion marylin;Latinas
604;A escondidas.;Agrupacion marilyn;Cumbia
104133;A-A-A-A-A-A espectacular;Dalebe;Sonidos
145160;Ave Maria Version Acustica Una Noche E;David Bisbal;Latinas
144692;Ave Maria Version Acustica Una Noche E;David Bisbal;Latinas
103068;Back in back;ACDC;Rock
103220;Hells bells ring back;ACDC;Rock
103069;High way to hell;ACDC;Rock
103221;If you want blood you got it;ACDC;Rock
103070;Shoot to thrill;ACDC;Rock
103222;TNT Ringback;ACDC;Rock
103071;You shook me all night long;ACDC;Rock
104510; Chiquillada V2;Jardin Unicornio;Sonidos
121;Andando;Diego Torres;Latinas
103692;ANDANDO-;Diego Torres;Latinas
109251;aro aro doctores;Tola Claudio;Sonidos
127904;Abracadabra;Jessie J;Pop
125516;Aces High Coro;Iron Maiden;Rock
103274;AcompanhameAEstarSolo;Ricardo Arjona;Romanticas
110318;ActivateIvr;Publicidad;Publicidad
103420;Agachadita;Mayonesa;Salsa y Merengue
107755;Alex te da temas de conversacion-MTV ISA TKM;MTV;MTV
103261;AlgoEstaCambiando;Julieta Venegas;Pop
104992;All I Do Is Think Of You (Chorus);Jackson 5;Pop
155352;Alo Apache;Go Media;Chistes
155360;Alo Chapacos;Go Media;Chistes
211;Amantes de ocacion;Christian Castro;Latinas
102695;Amor de Adolecentes;El Polaco;Cumbia
104927;ANIMADOR DE BACKTONE;Version Opratel;Sonidos
147454;Apaches;Go Media;Chistes
102658;Ave_Fenix;Track;Rock
137281;Back At Your Door;Maroon5;Pop
104871;BACK ESQUIZO;Opratel;Sonidos
104449;BACK HUMORISTICO;Version Opratel;Sonidos
104448;BACK HUMORISTICO 01;Version Opratel;Sonidos
127295;Back In The Saddle;Aerosmith;Rock
104930;BACK LEGAL;Version Opratel;Sonidos
105053;Backtone Regresivo;Version Opratel;Sonidos
102744;bebe super borracho;Mbarete;Sonidos
103940; Noche De Paz;Moderatto;Navidad
276;15 dias;La banda de lechuga;Cumbia
104967;A Don Ata;Soledad Pastorutti;Latinas
131819;A Good Day For Love To Die;The Wanted;Pop
149822;A la Medida;Opratel;Latinas
142912;Adornando El Arbolito;Opratel;Navidad
102526;Adoro;Dalila;Latinas
142228;Aerocom;Tigo;Publicidad
608;Aleluya es navidad;Aldo Penha;Navidad
104928;ATENCION SOLDADO ATIENDA SU CELULAR;Version Opratel;Clasicos
104232;bailar pegados;SERGIO DALMA;Latinas
145319;Banda Loca del Aurinegro;Opratel;Futbol
104051;Bandas marchando;Version Opratel;Clasicos
102710;Bebe riendose a  carcajadas;Mbarete;Sonidos
102902;Bebe riendose a  carcajadas2;Mbarete;Sonidos
129936;Besos Usados Opratel;Andres Cepeda Opratel;Mi Promo ConTigo
104837;Blood On The Dance Floor;Michael Jackson;Michael Jackson
104508; Arroz Con Leche;Jardin Unicornio;Sonidos
104507; Dormite Tranquilo;Claudio Taddei;Sonidos
107794;-Rey Tu Credito se esta agotando-MTV ISA TKM;MTV;MTV
577;A dios le pido;Juanes;Latinas
155506;A Dios Le Pido MTV Unplugged;Juanes;Latinas
103691;Abriendo Caminos;Diego Torres;Latinas
144150;Adios Perra;Opratel;Carnavaleando con Tigo
104147;Agente 86 Dile a 99;Version Opratel;Sonidos
155362;Alo Cancion Loca;Go Media;Chistes
150146;Amor Bandido;Opratel;Reggaeton
102709;ardillitas;Mbarete;Sonidos
109250;aro aro abogados;Tola Claudio;Sonidos
141636;ASE_02DEDIC2011_1_SALUDO;KARAOKE;KARAOKE
141626;ASE_02DEDIC2011_1_SONIDO;KARAOKE;KARAOKE
141631;ASE_02DEDIC2011_2_SONIDO;KARAOKE;KARAOKE
141659;ASE_03DEDIC2011_1_SALUDO;KARAOKE;KARAOKE
141661;ASE_03DEDIC2011_1_SONIDO;KARAOKE;KARAOKE
141676;ASE_03DEDIC2011_2_SALUDO;KARAOKE;KARAOKE
141665;ASE_03DEDIC2011_2_SONIDO;KARAOKE;KARAOKE
141677;ASE_03DEDIC2011_3_SALUDO;KARAOKE;KARAOKE
141673;ASE_03DEDIC2011_3_SONIDO;KARAOKE;KARAOKE
141674;ASE_03DEDIC2011_4_SONIDO;KARAOKE;KARAOKE
141678;ASE_03DEDIC2011_5_SONIDO;KARAOKE;KARAOKE
141682;ASE_03DEDIC2011_6_SONIDO;KARAOKE;KARAOKE
141683;ASE_03DEDIC2011_7_SONIDO;KARAOKE;KARAOKE
142066;ASE_10DEDIC2011_1_SONIDO;KARAOKE;KARAOKE
142069;ASE_10DEDIC2011_2_SONIDO;KARAOKE;KARAOKE
103453;-Eres Todopoderoso Gri Voc Remix;Rojo;Latinas
102741;africano loco;Mbarete;Sonidos
142184;ASE_11DEDIC2011_1_SALUDO;KARAOKE;KARAOKE
142782;ASE_23DEDIC2011_1_SALUDO;KARAOKE;KARAOKE
142807;ASE_24DEDIC2011_1_SALUDO;KARAOKE;KARAOKE
142809;ASE_24DEDIC2011_2_SALUDO;KARAOKE;KARAOKE
143130;ASE_30DEDIC2011_1_SALUDO;KARAOKE;KARAOKE
143148;ASE_30DEDIC2011_1_SONIDO;KARAOKE;KARAOKE
143147;ASE_30DEDIC2011_2_SALUDO;KARAOKE;KARAOKE
143153;ASE_30DEDIC201 
Thu Nov 1 20:31:52 BOT 2012: Ajax->Mostrar Nombre Artista:  
Thu Nov 1 20:32:01 BOT 2012: Ajax-> Mostrar Ranking > tono:210 
Thu Nov 1 20:35:05 BOT 2012: Ajax->Mostrar Megusta:  
Thu Nov 1 20:35:59 BOT 2012: Session Start>  session por defecto 
Thu Nov 1 20:36:02 BOT 2012: WEB_REPRODUCIR_BUSQUEDA > Se recibieron:17 tonos
Thu Nov 1 20:36:11 BOT 2012: Ajax->Mostrar Comentarios:  
Thu Nov 1 20:36:32 BOT 2012: Ajax->Mostrar Imagen Portada:  
Thu Nov 1 20:36:35 BOT 2012: ASYNC -> STATS> Tiempo respuesta 0.004177 seg.
Thu Nov 1 20:38:15 BOT 2012: Ajax->Mostrar Comentarios:  
Thu Nov 1 20:39:54 BOT 2012: Asignar backtone escuchado > Asi termino:155360,146576,155362,155366,155356,155354,155352,137882,146575,106380,131812,142230,140821,152126,155380,152118,155372,102621,137299,127759,
Thu Nov 1 20:40:27 BOT 2012: Mostrar Genero: >G&eacute;nero:  <a href='index.php?seccion=playlist&genero=155'>Romanticas</a>
Thu Nov 1 20:41:51 BOT 2012: ASYNC -> STATS> Tiempo respuesta 0.388359 seg.
Thu Nov 1 20:41:51 BOT 2012: Ajax->Mostrar Ranking:  
Thu Nov 1 20:43:30 BOT 2012: Ajax-> Mostrar  Nombre Genero > tono:129899 
Thu Nov 1 20:46:07 BOT 2012: ASYNC -> STATS> Tiempo respuesta 0.262395 seg.
Thu Nov 1 20:46:10 BOT 2012: Asignar backtone escuchado > Asi termino:102793,103994,103640,102675,102890,102978,102626,102791,103275,102638,103239,116502,104029,103090,103782,104028,103993,103238,103507,104027,
Thu Nov 1 20:47:46 BOT 2012: Ajax-> Mostrar  Nombre Genero > tono:105006 
Thu Nov 1 20:51:50 BOT 2012: Ajax-> Mostrar  Nombre Artista > tono:135964 
Thu Nov 1 20:52:44 BOT 2012: Ajax->Mostrar Imagen Portada:  
Thu Nov 1 20:52:53 BOT 2012: Session Start>  session por defecto 
Thu Nov 1 20:56:42 BOT 2012: ASYNC -> STATS> Tiempo respuesta -0.661546 seg.
Thu Nov 1 20:56:45 BOT 2012: Asignar backtone escuchado > Asi termino:104650,103506,103131,103511,103273,149,
Thu Nov 1 20:59:00 BOT 2012: Ajax->Mostrar Imagen Portada:  
Thu Nov 1 21:02:22 BOT 2012: Ajax->Mostrar Ranking:  
Thu Nov 1 21:02:22 BOT 2012: Ajax-> Mostrar Ranking > tono:103131 
Thu Nov 1 21:02:58 BOT 2012: Ajax-> Mostrar  Imagen Portada> tono:105054 
Thu Nov 1 21:04:10 BOT 2012: ASYNC -> STATS> Tiempo respuesta -0.00033499999999997 seg.
Thu Nov 1 21:04:16 BOT 2012: Ajax->Mostrar Ranking:  
Thu Nov 1 21:04:25 BOT 2012: Error al consultar precio de renovacion - msisdn: tono:103036 - Async responde -3
Thu Nov 1 21:04:25 BOT 2012: Ajax->Mostrar Megusta:  
Thu Nov 1 21:05:28 BOT 2012: Ajax->Mostrar Nombre Genero:  
Thu Nov 1 21:09:08 BOT 2012: Ajax->Mostrar Nombre Genero:  
Thu Nov 1 21:09:50 BOT 2012: Ajax->Mostrar Comentarios:  
Thu Nov 1 21:13:42 BOT 2012: Ajax->Mostrar Ranking:  
Thu Nov 1 21:20:28 BOT 2012: Ajax->Mostrar Megusta:  
Thu Nov 1 21:23:34 BOT 2012: Ajax->Mostrar Ranking:  
Thu Nov 1 21:34:09 BOT 2012: Ajax->Mostrar Reproducciones:  
Thu Nov 1 21:39:55 BOT 2012: Ajax->Mostrar Ranking:  
Thu Nov 1 21:39:55 BOT 2012: Ajax-> Mostrar Ranking > tono:126470 
Thu Nov 1 21:44:20 BOT 2012: Ajax->Mostrar Reproducciones:  
Thu Nov 1 21:46:51 BOT 2012: Asignar backtone escuchado > Asi termino:147528,147100,145417,145408,145401,145328,145203,145202,145200,145198,145196,145195,145193,145192,145190,145188,145186,145176,103186,103185,
Thu Nov 1 21:52:21 BOT 2012: Ajax->Mostrar Imagen Portada:  
Thu Nov 1 21:53:28 BOT 2012: Ajax-> Mostrar Ranking > tono:103712 
Thu Nov 1 21:53:31 BOT 2012: Asignar backtone escuchado > Asi termino:102505,105988,105986,
Thu Nov 1 21:53:43 BOT 2012: Ajax-> Mostrar  Imagen Portada> tono:102507 
Thu Nov 1 21:57:46 BOT 2012: Ajax-> Mostrar Ranking > tono:103481 
Thu Nov 1 21:59:02 BOT 2012: ASYNC -> STATS> Tiempo respuesta 0.006277 seg.
Thu Nov 1 21:59:26 BOT 2012: Asignar backtone escuchado > Asi termino:103950,104689,104487,103947,104010,104243,103945,104080,102713,103943,109612,103203,102746,103952,103951,103948,104934,109338,109339,
Thu Nov 1 22:01:41 BOT 2012: WEB REPROD BUSQ > Facebook link: http%3A%2F%2Fbacktones.tigo.com.bo%2Fv3%2Findex.php%3Fseccion%3Dplaylist%26search%3Dhomero+rocio%26f%3D1%26t%3D123213
Thu Nov 1 22:07:33 BOT 2012: Ajax->Mostrar Nombre Genero:  
Thu Nov 1 22:08:21 BOT 2012: Ajax->Mostrar Nombre Artista:  
Thu Nov 1 22:10:13 BOT 2012: Ajax-> Mostrar  Nombre Artista > tono:103658 
Thu Nov 1 22:11:01 BOT 2012: Ajax->Mostrar Megusta:  
Thu Nov 1 22:17:23 BOT 2012: Ajax->Mostrar Megusta:  
Thu Nov 1 22:24:19 BOT 2012: Ajax->Mostrar Nombre Artista:  
Thu Nov 1 22:59:49 BOT 2012: Ajax->Mostrar Reproducciones:  
Thu Nov 1 23:20:41 BOT 2012: Session Start>  session por defecto 
Thu Nov 1 23:21:44 BOT 2012: Session Start>  session por defecto 
Thu Nov 1 23:57:52 BOT 2012: Session Start>  session por defecto 
