Tue May 15 13:00:17 BOT 2012: Ajax->Mostrar Nombre Artista:  
Tue May 15 16:21:48 BOT 2012: Ajax->Mostrar Ranking:  
Tue May 15 17:14:14 BOT 2012: Busqueda Inteligente: resultados >105769
Tue May 15 17:15:26 BOT 2012: Ajax->Mostrar Comentarios:  
Tue May 15 17:16:08 BOT 2012: ASYNC -> STATS> Tiempo respuesta 0.620589 seg.
Tue May 15 17:16:08 BOT 2012: Ajax->Mostrar Reproducciones:  
Tue May 15 17:17:08 BOT 2012: ASYNC -> STATS> Tiempo respuesta 0.348409 seg.
Tue May 15 17:17:11 BOT 2012: Ajax->Mostrar Ranking:  
Tue May 15 17:17:38 BOT 2012: Ajax-> Mostrar  Imagen Portada> tono:103521 
Tue May 15 17:20:06 BOT 2012: Ajax-> Mostrar Megusta> tono:240 
Tue May 15 17:21:12 BOT 2012: Ajax->Mostrar Nombre Artista:  
Tue May 15 17:21:48 BOT 2012: Ajax->Mostrar Reproducciones:  
Tue May 15 17:22:27 BOT 2012: Check Session > msisdn: 77432837 > Usuario Valido 
Tue May 15 17:23:12 BOT 2012: Ajax-> Mostrar Ranking > tono:105833 
Tue May 15 17:23:18 BOT 2012: Ajax->Mostrar Comentarios:  
Tue May 15 17:24:15 BOT 2012: Ajax->Mostrar Ranking:  
Tue May 15 17:24:58 BOT 2012: ASYNC -> STATS> Tiempo respuesta -0.193508 seg.
Tue May 15 17:24:58 BOT 2012: Ajax->Mostrar Reproducciones:  
Tue May 15 17:25:04 BOT 2012: ASYNC -> STATS> Tiempo respuesta -0.029808 seg.
Tue May 15 17:25:04 BOT 2012: Ajax->Mostrar Reproducciones:  
Tue May 15 17:25:46 BOT 2012: Ajax->Mostrar Comentarios:  
Tue May 15 17:31:58 BOT 2012: Ajax->Mostrar Comentarios:  
Tue May 15 17:33:41 BOT 2012: Ajax->Mostrar Imagen Portada:  
Tue May 15 17:33:59 BOT 2012: ASYNC -> STATS> Tiempo respuesta 0.002633 seg.
Tue May 15 17:34:29 BOT 2012: Ajax->Mostrar Ranking:  
Tue May 15 17:34:41 BOT 2012: Ajax->Mostrar Imagen Portada:  
Tue May 15 17:37:41 BOT 2012: ASYNC -> STATS> Tiempo respuesta 0.037891 seg.
Tue May 15 17:37:41 BOT 2012: Consulta de precio de reason:2 - msisdn: tono:124243 Async responde:200
 
Tue May 15 17:37:47 BOT 2012: ASYNC -> STATS> Tiempo respuesta 0.007236 seg.
Tue May 15 17:38:24 BOT 2012: Ajax->Mostrar Megusta:  
Tue May 15 17:38:30 BOT 2012: Ajax-> Mostrar Ranking > tono:150312 
Tue May 15 17:39:48 BOT 2012: Ajax-> Mostrar Comentarios> tono:104743 
Tue May 15 17:40:03 BOT 2012: Ajax-> Mostrar Ranking > tono:103275 
Tue May 15 21:28:22 BOT 2012: Ajax->Mostrar Comentarios:  
Tue May 15 21:29:08 BOT 2012: Busqueda Inteligente: resultados >135662
Tue May 15 21:29:59 BOT 2012: ASYNC -> STATS> Tiempo respuesta -0.002179 seg.
Tue May 15 21:30:08 BOT 2012: ASYNC -> STATS> Tiempo respuesta -0.475134 seg.
Tue May 15 21:30:08 BOT 2012: ASYNC -> STATS> Tiempo respuesta -0.793145 seg.
Tue May 15 21:30:11 BOT 2012: Ajax->Mostrar Reproducciones:  
Tue May 15 21:31:23 BOT 2012: Mostrar Comentarios : tono:143744 
Tue May 15 21:31:29 BOT 2012: Busqueda Inteligente: resultados >134631
Tue May 15 21:32:41 BOT 2012: Ajax->Mostrar Megusta:  
Tue May 15 21:32:59 BOT 2012: Asignar backtone escuchado > Asi termino:106232,141132,123008,106266,124243,140828,145217,141116,140821,103449,442,116507,112702,104939,112466,112469,112468,138286,137824,137820,
Tue May 15 21:34:11 BOT 2012: Ajax-> Mostrar Comentarios> tono:104991 
Tue May 15 21:34:50 BOT 2012: Ajax-> Mostrar  Imagen Portada> tono:131044 
Tue May 15 21:36:39 BOT 2012: Ajax->Mostrar Megusta:  
Tue May 15 21:39:57 BOT 2012: Ajax-> Mostrar Ranking > tono:102940 
Tue May 15 21:40:36 BOT 2012: Ajax->Mostrar Imagen Portada:  
Tue May 15 21:42:31 BOT 2012: Ajax->Mostrar Comentarios:  
Tue May 15 21:44:10 BOT 2012: Ajax-> Mostrar Comentarios> tono:102594 
Tue May 15 21:45:10 BOT 2012: Ajax->Mostrar Nombre Artista:  
Tue May 15 21:54:02 BOT 2012: Ajax->Mostrar Ranking:  
Tue May 15 21:54:50 BOT 2012: Ajax-> Mostrar Ranking > tono:104680 
Tue May 15 21:55:36 BOT 2012: Mostrar Album: >Artista:  <a href='index.php?seccion=playlist&autor=339'>Valentin Elizalde</a>
Tue May 15 21:59:57 BOT 2012: ASYNC -> STATS> Tiempo respuesta 0.094205 seg.
Tue May 15 22:00:12 BOT 2012: ASYNC -> STATS> Tiempo respuesta 0.720173 seg.
Tue May 15 22:00:27 BOT 2012: Session Start>  session por defecto 
Tue May 15 22:02:58 BOT 2012: Ajax->Mostrar Reproducciones:  
Tue May 15 22:05:46 BOT 2012: ASYNC -> STATS> Tiempo respuesta 0.260427 seg.
Tue May 15 22:07:01 BOT 2012: Ajax->Mostrar Reproducciones:  
Tue May 15 22:14:41 BOT 2012: Ajax->Mostrar Megusta:  
Tue May 15 22:15:21 BOT 2012: Ajax-> Mostrar Ranking > tono:105998 
Tue May 15 22:15:51 BOT 2012: Ajax->Mostrar Megusta:  
Tue May 15 22:19:36 BOT 2012: DB_ASIGNAR_PARAM > usuario: 77356169  param::: 
Tue May 15 22:20:21 BOT 2012: Ajax->Mostrar Ranking:  
Tue May 15 22:21:57 BOT 2012: Ajax->Mostrar Reproducciones:  
Tue May 15 22:22:22 BOT 2012: Ajax-> Mostrar  Nombre Genero > tono:130977 
Tue May 15 22:23:58 BOT 2012: Ajax-> Mostrar  Nombre Genero > tono:104120 
Tue May 15 22:25:37 BOT 2012: Mostrar Album: >albumes/donomarpresentamto2newg[1].jpg
Tue May 15 22:26:07 BOT 2012: Ajax->Mostrar Nombre Artista:  
Tue May 15 22:33:17 BOT 2012: Ajax->Mostrar Megusta:  
Tue May 15 22:33:44 BOT 2012: Ajax->Mostrar Reproducciones:  
Tue May 15 22:34:47 BOT 2012: Busqueda Inteligente: ser recibieron 14 resultados
Tue May 15 22:34:59 BOT 2012: Ajax->Mostrar Nombre Genero:  
Tue May 15 22:35:20 BOT 2012: Ajax->Mostrar Comentarios:  
Tue May 15 22:35:23 BOT 2012: MTD_DB_BUSCAR_ARTISTAS > retornando registros:49
Tue May 15 22:36:27 BOT 2012: Check Session > msisdn: 77290445 > Usuario Valido 
Tue May 15 22:36:42 BOT 2012: Ajax->Mostrar Reproducciones:  
Tue May 15 22:47:02 BOT 2012: Busqueda Inteligente: resultados >105068
Tue May 15 22:47:08 BOT 2012: ASYNC -> STATS> Tiempo respuesta -0.471712 seg.
Tue May 15 22:47:08 BOT 2012: Ajax->Mostrar Ranking:  
Tue May 15 22:51:05 BOT 2012: Ajax->Mostrar Megusta:  
Tue May 15 22:52:02 BOT 2012: Ajax->Mostrar Imagen Portada:  
Tue May 15 22:52:05 BOT 2012: WEB_REPRODUCIR_BUSQUEDA > Se recibieron:114 tonos
Tue May 15 22:55:45 BOT 2012: Ajax->Mostrar Imagen Portada:  
Tue May 15 23:00:04 BOT 2012: Asignar backtone escuchado > Asi termino:102668,103473,102967,102963,102667,102960,102959,102666,102665,102957,102956,102664,102662,102955,102954,102663,107571,102953,103472,104257,
