Sun Sep 2 0:22:07 BOT 2012: ASYNC -> STATS> Tiempo respuesta -0.039246 seg.
Sun Sep 2 0:23:01 BOT 2012: Ajax-> Mostrar Ranking > tono:123518 
Sun Sep 2 0:33:00 BOT 2012: Ajax-> Mostrar Megusta> tono:104939 
Sun Sep 2 0:52:17 BOT 2012: ASYNC -> STATS> Tiempo respuesta 0.003473 seg.
Sun Sep 2 0:56:15 BOT 2012: Ajax->Mostrar Imagen Portada:  
Sun Sep 2 0:56:51 BOT 2012: Asignar backtone escuchado > Asi termino:118725,103283,103140,129243,103061,103903,145825,103277,103274,104262,407,463,247,404,
Sun Sep 2 1:29:47 BOT 2012: Busqueda Inteligente: resultados >129248
Sun Sep 2 2:27:31 BOT 2012: Busqueda Inteligente: resultados >105533
Sun Sep 2 11:11:22 BOT 2012: Busqueda Inteligente: resultados >110721
Sun Sep 2 11:14:11 BOT 2012: Mostrar Ranking: tono:103744 calificacion: 
Sun Sep 2 11:14:53 BOT 2012: ASYNC -> STATS> Tiempo respuesta 0.074691 seg.
Sun Sep 2 11:16:30 BOT 2012: STATS > BUSQUEDA DE BACKTONE >Tiempo: 0.042825 seg. | registros: 3
Sun Sep 2 11:22:07 BOT 2012: Mostrar Ranking: tono:126165 calificacion: 
Sun Sep 2 11:22:37 BOT 2012: Asignar backtone escuchado > Asi termino:102621,102610,102622,104508,105231,105652,103192,364,155506,577,103480,105036,105096,150026,125090,103762,105996,103346,150090,126167,
Sun Sep 2 11:30:27 BOT 2012: Asignar backtone escuchado > Asi termino:124419,123242,139339,139337,155492,139335,139303,139347,147197,150320,151286,122655,134686,134685,134661,134015,107788,107763,108558,155264,
Sun Sep 2 14:01:23 BOT 2012: Ajax-> Mostrar  Nombre Genero > tono:104441 
Sun Sep 2 14:09:01 BOT 2012: Consulta de precio de reason:3 - msisdn: tono:110342 Async responde:350
 
Sun Sep 2 14:09:49 BOT 2012: Ajax-> Mostrar Ranking > tono:145917 
Sun Sep 2 14:19:48 BOT 2012: Asignar backtone escuchado > Asi termino:104875,103415,104111,103961,102710,105053,102743,102709,105052,105048,103685,104508,135975,136207,137855,135954,133784,134636,151050,129211,
Sun Sep 2 14:21:31 BOT 2012: Ajax->Mostrar Ranking:  
Sun Sep 2 14:21:37 BOT 2012: Ajax->Mostrar Ranking:  
Sun Sep 2 14:21:46 BOT 2012: Ajax->Mostrar Megusta:  
Sun Sep 2 14:22:31 BOT 2012: ASYNC -> STATS> Tiempo respuesta -0.003071 seg.
Sun Sep 2 14:22:37 BOT 2012: ASYNC -> STATS> Tiempo respuesta 0.019413 seg.
Sun Sep 2 14:25:44 BOT 2012: Ajax-> Mostrar  Imagen Portada> Album:albumes/album-default.jpg
Sun Sep 2 14:31:45 BOT 2012: Busqueda Inteligente: resultados >627
Sun Sep 2 14:32:31 BOT 2012: Ajax-> Mostrar  Nombre Genero > tono:104551 
Sun Sep 2 14:38:50 BOT 2012: Ajax->Mostrar Nombre Genero:  
Sun Sep 2 14:41:00 BOT 2012: ASYNC -> STATS> Tiempo respuesta 0.006787 seg.
Sun Sep 2 14:42:18 BOT 2012: Ajax->Mostrar Reproducciones:  
Sun Sep 2 14:43:10 BOT 2012: Ajax->Mostrar Nombre Artista:  
Sun Sep 2 14:45:28 BOT 2012: ASYNC -> STATS> Tiempo respuesta 0.003507 seg.
Sun Sep 2 14:46:59 BOT 2012: Ajax->Mostrar Reproducciones:  
Sun Sep 2 14:46:59 BOT 2012: Asignar backtone escuchado > Asi termino:137229,137232,137233,137242,137238,137243,137231,137237,137235,137240,142145,127267,127265,127300,127295,155428,155424,155426,155432,
Sun Sep 2 14:46:59 BOT 2012: Ajax->Mostrar Reproducciones:  
Sun Sep 2 14:46:59 BOT 2012: Ajax->Mostrar Reproducciones:  
Sun Sep 2 14:50:42 BOT 2012: Ajax-> Mostrar  Nombre Artista > tono:142888 
Sun Sep 2 14:52:06 BOT 2012: Busqueda Inteligente: resultados >155146
Sun Sep 2 14:53:12 BOT 2012: ASYNC -> STATS> Tiempo respuesta 0.483944 seg.
Sun Sep 2 14:53:36 BOT 2012: Ajax->Mostrar Comentarios:  
Sun Sep 2 14:58:26 BOT 2012: Ajax->Mostrar Nombre Genero:  
Sun Sep 2 15:00:56 BOT 2012: Ajax-> Mostrar Comentarios> tono:105001 
Sun Sep 2 15:01:11 BOT 2012: Ajax-> Mostrar Megusta> tono:154234 
Sun Sep 2 15:03:36 BOT 2012: Ajax-> Mostrar Megusta> tono:104393 
Sun Sep 2 15:09:25 BOT 2012: Busqueda Inteligente: resultados >110488
Sun Sep 2 15:12:42 BOT 2012: Ajax-> Mostrar  Nombre Genero > tono:155148 
Sun Sep 2 15:17:20 BOT 2012: Ajax->Mostrar Imagen Portada:  
Sun Sep 2 15:20:29 BOT 2012: Ajax-> Mostrar Ranking > tono:150214 
Sun Sep 2 15:22:48 BOT 2012: Ajax->Mostrar Imagen Portada:  
Sun Sep 2 15:23:33 BOT 2012: Busqueda Inteligente: 
Sun Sep 2 15:24:52 BOT 2012: ASYNC -> STATS> Tiempo respuesta 0.003705 seg.
Sun Sep 2 15:26:31 BOT 2012: Ajax->Mostrar Nombre Genero:  
Sun Sep 2 15:28:23 BOT 2012: Ajax->Mostrar Ranking:  
Sun Sep 2 15:29:17 BOT 2012: Mostrar Cantidad reproducciones: tono:135057 cantidad: 0
Sun Sep 2 15:31:14 BOT 2012: Ajax->Mostrar Ranking:  
Sun Sep 2 15:32:51 BOT 2012: Mostrar Album: >Artista:  <a href='index.php?seccion=playlist&autor=153'>Los cambitas</a>
Sun Sep 2 15:34:24 BOT 2012: Ajax->Mostrar Nombre Genero:  
Sun Sep 2 15:45:18 BOT 2012: Ajax-> Mostrar Ranking > tono:123537 
Sun Sep 2 15:50:43 BOT 2012: Mostrar Genero: >G&eacute;nero:  <a href='index.php?seccion=playlist&genero=96'>Bachata y Vallenato</a>
Sun Sep 2 15:53:53 BOT 2012: Ajax->Mostrar Reproducciones:  
Sun Sep 2 15:54:32 BOT 2012: Ajax-> Mostrar  Imagen Portada> tono:103414 
Sun Sep 2 15:55:02 BOT 2012: Ajax-> Mostrar Comentarios> tono:130802 
Sun Sep 2 15:56:24 BOT 2012: ASYNC -> STATS> Tiempo respuesta 0.001324 seg.
Sun Sep 2 16:00:07 BOT 2012: Ajax-> Mostrar Comentarios> tono:130808 
Sun Sep 2 16:05:50 BOT 2012: Ajax->Mostrar Ranking:  
Sun Sep 2 16:06:29 BOT 2012: Busqueda Inteligente: Jennifer Lopez
Sun Sep 2 16:10:00 BOT 2012: Ajax-> Mostrar  Imagen Portada> Album:Artista:  <a href='index.php?seccion=playlist&autor=454'>Guns N Roses</a>
Sun Sep 2 16:20:51 BOT 2012: Mostrar Album: >albumes/GNR live-era-87-93.jpg
Sun Sep 2 16:32:39 BOT 2012: Ajax-> Mostrar Ranking > tono:150204 
Sun Sep 2 16:33:48 BOT 2012: Ajax->Mostrar Comentarios:  
Sun Sep 2 16:34:49 BOT 2012: Ajax->Mostrar Comentarios:  
Sun Sep 2 16:38:04 BOT 2012: Ajax->Mostrar Ranking:  
Sun Sep 2 16:38:13 BOT 2012: Ajax-> Mostrar  Nombre Artista > tono:103232 
Sun Sep 2 16:38:53 BOT 2012: Ajax->Mostrar Ranking:  
Sun Sep 2 16:41:32 BOT 2012: Asignar backtone escuchado > Asi termino:133883,103544,103543,136231,129938,145921,103542,127295,103068,102658,134012,145152,134010,133882,133881,105234,125516,127298,127273,127267,
Sun Sep 2 16:41:50 BOT 2012: Mostrar Ranking: tono:53 calificacion: 5
Sun Sep 2 16:42:48 BOT 2012: Ajax-> Mostrar  Genero > G&eacute;nero:  <a href='index.php?seccion=playlist&genero=145'>Rock</a>
Sun Sep 2 16:47:58 BOT 2012: Mostrar Cantidad reproducciones: tono:105372 cantidad: 0
Sun Sep 2 18:48:39 BOT 2012: Ajax->Mostrar Reproducciones:  
Sun Sep 2 18:55:53 BOT 2012: Ajax-> Mostrar Comentarios> tono:103760 
Sun Sep 2 19:01:16 BOT 2012: Ajax-> Mostrar  Nombre Artista > tono:104120 
Sun Sep 2 19:01:16 BOT 2012: Ajax-> Mostrar  Nombre Genero > tono:137253 
Sun Sep 2 19:01:25 BOT 2012: Asignar backtone escuchado > Asi termino:103596,103595,273,272,104184,104305,109318,109314,104629,267,144150,105302,512,511,510,105988,105986,120956,132096,105586,
Sun Sep 2 19:01:46 BOT 2012: Ajax->Mostrar Comentarios:  
Sun Sep 2 19:05:50 BOT 2012: Mostrar Cantidad reproducciones: tono:133434 cantidad: 0
Sun Sep 2 19:05:59 BOT 2012: Ajax-> Mostrar  Imagen Portada> tono:119112 
Sun Sep 2 19:06:20 BOT 2012: Ajax->Mostrar Nombre Genero:  
Sun Sep 2 19:11:27 BOT 2012: Ajax->Mostrar Comentarios:  
Sun Sep 2 19:15:38 BOT 2012: Ajax->Mostrar Reproducciones:  
Sun Sep 2 19:16:50 BOT 2012: ASYNC -> STATS> Tiempo respuesta 0.003027 seg.
Sun Sep 2 19:19:05 BOT 2012: Asignar backtone escuchado > Asi termino:139727,150304,150142,135057,133678,132078,
Sun Sep 2 19:25:16 BOT 2012: ASYNC -> STATS> Tiempo respuesta 0.0025890000000001 seg.
Sun Sep 2 19:27:56 BOT 2012: Busqueda Inteligente: resultados >127001
Sun Sep 2 19:32:18 BOT 2012: Ajax->Mostrar Reproducciones:  
Sun Sep 2 19:32:48 BOT 2012: Ajax->Mostrar Comentarios:  
Sun Sep 2 19:34:07 BOT 2012: Ajax-> Mostrar  Imagen Portada> tono:104024 
Sun Sep 2 19:39:32 BOT 2012: Consulta de precio de reason:2 - msisdn: tono:104047 Async responde:350
 
Sun Sep 2 19:45:58 BOT 2012: Busqueda Inteligente: resultados >102786
Sun Sep 2 19:47:50 BOT 2012: Busqueda Inteligente: resultados >105309
Sun Sep 2 19:53:15 BOT 2012: Ajax->Mostrar Reproducciones:  
Sun Sep 2 20:05:28 BOT 2012: Ajax-> Mostrar Megusta> tono:113603 
Sun Sep 2 20:08:26 BOT 2012: Ajax->Mostrar Imagen Portada:  
Sun Sep 2 20:09:41 BOT 2012: STATS > BUSQUEDA DE BACKTONE >Tiempo: 0.038564 seg. | registros: 30
Sun Sep 2 20:10:06 BOT 2012: WEB_REPRODUCIR_BUSQUEDA > Se recibieron:114 tonos
Sun Sep 2 20:10:09 BOT 2012: Ajax-> Mostrar Ranking > tono:509 
Sun Sep 2 20:13:52 BOT 2012: Ajax->Mostrar Megusta:  
Sun Sep 2 20:19:08 BOT 2012: Ajax-> Mostrar  Imagen Portada> tono:105096 
Sun Sep 2 20:21:24 BOT 2012: Busqueda Inteligente: 
Sun Sep 2 20:21:42 BOT 2012: Busqueda Inteligente: resultados >128602
Sun Sep 2 20:22:27 BOT 2012: Ajax->Mostrar Ranking:  
Sun Sep 2 20:23:03 BOT 2012: Ajax->Mostrar Ranking:  
Sun Sep 2 20:27:46 BOT 2012: Ajax->Mostrar Reproducciones:  
Sun Sep 2 20:28:11 BOT 2012: Ajax-> Mostrar  Imagen Portada> tono:145176 
Sun Sep 2 20:28:20 BOT 2012: Ajax->Mostrar Ranking:  
Sun Sep 2 20:28:41 BOT 2012: ASYNC -> STATS> Tiempo respuesta 0.002792 seg.
Sun Sep 2 20:28:41 BOT 2012: ASYNC -> STATS> Tiempo respuesta -0.044137 seg.
Sun Sep 2 20:28:44 BOT 2012: Ajax-> Mostrar Comentarios> tono:105361 
Sun Sep 2 20:28:44 BOT 2012: Ajax->Mostrar Ranking:  
Sun Sep 2 20:28:47 BOT 2012: Ajax->Mostrar Reproducciones:  
Sun Sep 2 20:29:05 BOT 2012: Mostrar Album: >Artista:  <a href='index.php?seccion=playlist&autor=505'>Fito Paez</a>
Sun Sep 2 20:32:21 BOT 2012: Ajax->Mostrar Megusta:  
Sun Sep 2 20:33:39 BOT 2012: Check Session > msisdn: 75638228 > Usuario Valido 
Sun Sep 2 20:33:45 BOT 2012: Mostrar Comentarios : tono:509 
Sun Sep 2 20:34:36 BOT 2012: Asignar backtone escuchado > Asi termino:518,102828,104410,103779,129,103778,104375,102613,135152,103777,105257,103776,103232,103939,103642,105238,116504,112702,103274,102672,
Sun Sep 2 20:36:16 BOT 2012: Ajax->Mostrar Reproducciones:  
Sun Sep 2 20:36:28 BOT 2012: Asignar backtone escuchado > Asi termino:103170,560,104122,155236,104121,150148,145305,103885,145261,102622,105361,150194,
Sun Sep 2 20:36:31 BOT 2012: Ajax->Mostrar Nombre Genero:  
Sun Sep 2 20:36:31 BOT 2012: Ajax->Mostrar Imagen Portada:  
Sun Sep 2 20:37:22 BOT 2012: ASYNC -> STATS> Tiempo respuesta 0.004196 seg.
Sun Sep 2 20:37:46 BOT 2012: Mostrar Ranking: tono:104666 calificacion: 
Sun Sep 2 20:37:46 BOT 2012: Ajax->Mostrar Imagen Portada:  
Sun Sep 2 20:37:49 BOT 2012: Asignar backtone escuchado > Asi termino:128602,104676,577,109409,105036,105096,104991,102597,109227,105526,
Sun Sep 2 20:41:29 BOT 2012: Ajax->Mostrar Nombre Genero:  
Sun Sep 2 20:42:45 BOT 2012: ASYNC -> STATS> Tiempo respuesta 0.001824 seg.
Sun Sep 2 20:42:54 BOT 2012: ASYNC -> STATS> Tiempo respuesta -0.719864 seg.
Sun Sep 2 20:42:54 BOT 2012: Ajax->Mostrar Nombre Artista:  
Sun Sep 2 20:43:30 BOT 2012: Ajax->Mostrar Reproducciones:  
Sun Sep 2 20:43:30 BOT 2012: Ajax->Mostrar Nombre Genero:  
Sun Sep 2 20:43:54 BOT 2012: Ajax-> Mostrar Ranking > tono:131035 
Sun Sep 2 20:43:57 BOT 2012: Ajax->Mostrar Reproducciones:  
Sun Sep 2 20:46:03 BOT 2012: STATS > BUSQUEDA DE BACKTONE >Tiempo: 0.040294 seg. | registros: 71
Sun Sep 2 20:47:04 BOT 2012: Ajax->Mostrar Nombre Artista:  
Sun Sep 2 20:49:34 BOT 2012: Ajax->Mostrar Comentarios:  
Sun Sep 2 20:49:49 BOT 2012: Ajax-> Mostrar  Imagen Portada> Album:albumes/Pablo Fernandez.jpg
Sun Sep 2 20:50:23 BOT 2012: Busqueda Inteligente: 
Sun Sep 2 20:51:38 BOT 2012: Ajax->Mostrar Megusta:  
Sun Sep 2 20:52:11 BOT 2012: Ajax-> Mostrar  Nombre Artista > tono:109227 
Sun Sep 2 20:54:12 BOT 2012: Ajax->Mostrar Nombre Genero:  
Sun Sep 2 20:54:12 BOT 2012: ASYNC -> STATS> Tiempo respuesta -0.654869 seg.
Sun Sep 2 20:54:12 BOT 2012: Ajax->Mostrar Comentarios:  
Sun Sep 2 20:54:36 BOT 2012: LISTAR_MODO_ROTACION_BACTONES > usuario: 76123494  modo:2 
Sun Sep 2 20:56:42 BOT 2012: Ajax-> Mostrar  Imagen Portada> tono:134032 
Sun Sep 2 20:58:34 BOT 2012: ASYNC -> STATS> Tiempo respuesta 0.003382 seg.
Sun Sep 2 21:01:44 BOT 2012: Mostrar Album: >Artista:  <a href='index.php?seccion=playlist&autor=424'>Jesus Adrian Romero</a>
Sun Sep 2 21:02:59 BOT 2012: Ajax-> Mostrar Ranking > tono:120946 
Sun Sep 2 21:03:02 BOT 2012: Ajax-> Mostrar Megusta> tono:120946 
Sun Sep 2 21:04:11 BOT 2012: Ajax-> Mostrar Ranking > tono:104991 
Sun Sep 2 21:04:38 BOT 2012: Ajax-> Mostrar Megusta> tono:155154 
Sun Sep 2 21:05:27 BOT 2012: Ajax->Mostrar Nombre Artista:  
Sun Sep 2 21:06:18 BOT 2012: Ajax->Mostrar Reproducciones:  
Sun Sep 2 21:06:36 BOT 2012: Consulta de precio de reason:3 - msisdn: tono:104960 Async responde:350
 
Sun Sep 2 21:06:42 BOT 2012: Ajax->Mostrar Ranking:  
Sun Sep 2 21:06:45 BOT 2012: ASYNC -> STATS> Tiempo respuesta -0.01213 seg.
Sun Sep 2 21:06:48 BOT 2012: Ajax->Mostrar Ranking:  
Sun Sep 2 21:07:51 BOT 2012: Ajax->Mostrar Nombre Artista:  
Sun Sep 2 21:07:57 BOT 2012: Ajax->Mostrar Nombre Genero:  
Sun Sep 2 21:08:27 BOT 2012: Ajax->Mostrar Comentarios:  
Sun Sep 2 21:09:19 BOT 2012: Mostrar Album: >Artista:  <a href='index.php?seccion=playlist&autor=1229'>Back street boys</a>
Sun Sep 2 21:09:28 BOT 2012: Ajax->Mostrar Imagen Portada:  
Sun Sep 2 21:09:28 BOT 2012: ASYNC -> STATS> Tiempo respuesta 0.195579 seg.
Sun Sep 2 21:09:58 BOT 2012: Ajax-> Mostrar Megusta> tono:103086 
Sun Sep 2 21:12:05 BOT 2012: Ajax-> Comprar Backtone: msisdn:77968339 
Sun Sep 2 21:13:23 BOT 2012: Ajax->Mostrar Nombre Artista:  
Sun Sep 2 21:15:32 BOT 2012: Ajax-> Mostrar  Nombre Artista > tono:132053 
Sun Sep 2 21:15:35 BOT 2012: Ajax-> Mostrar  Nombre Artista > tono:120946 
Sun Sep 2 21:16:21 BOT 2012: Busqueda Inteligente: resultados >106005
Sun Sep 2 21:19:22 BOT 2012: ASYNC -> STATS> Tiempo respuesta 0.002996 seg.
Sun Sep 2 21:21:22 BOT 2012: Ajax->Mostrar Reproducciones:  
Sun Sep 2 21:23:36 BOT 2012: Ajax->Mostrar Comentarios:  
Sun Sep 2 21:23:57 BOT 2012: Ajax-> Mostrar Megusta> tono:123010 
