Wed Jul 4 11:12:25 BOT 2012: Ajax->Mostrar Reproducciones:  
Wed Jul 4 11:12:28 BOT 2012: Mostrar Album: >Artista:  <a href='index.php?seccion=playlist&autor=292'>Track</a>
Wed Jul 4 11:12:37 BOT 2012: Ajax->Mostrar Imagen Portada:  
Wed Jul 4 11:14:55 BOT 2012: Ajax->Mostrar Comentarios:  
Wed Jul 4 11:16:29 BOT 2012: ASYNC -> STATS> Tiempo respuesta 0.003282 seg.
Wed Jul 4 11:16:32 BOT 2012: Ajax->Mostrar Imagen Portada:  
Wed Jul 4 11:19:47 BOT 2012: Ajax->Mostrar Ranking:  
Wed Jul 4 11:22:06 BOT 2012: Asignar backtone escuchado > Asi termino:104547,104535,104533,104528,104507,104522,104510,104508,138309,138286,141918,141920,142284,148938,148936,141922,142286,141946,606,142287,
Wed Jul 4 11:24:18 BOT 2012: Ajax-> Mostrar Megusta> tono:128305 
Wed Jul 4 11:25:12 BOT 2012: Ajax->Mostrar Reproducciones:  
Wed Jul 4 11:25:30 BOT 2012: Asignar backtone escuchado > Asi termino:125513,136188,136044,136232,104212,104255,102884,102883,104380,102827,
Wed Jul 4 11:31:59 BOT 2012: Ajax->Mostrar Imagen Portada:  
Wed Jul 4 11:34:44 BOT 2012: Ajax-> Mostrar Ranking > tono:123525 
Wed Jul 4 11:34:50 BOT 2012: Ajax-> Mostrar Megusta> tono:102955 
Wed Jul 4 11:36:29 BOT 2012: Ajax->Mostrar Comentarios:  
Wed Jul 4 11:38:27 BOT 2012: Ajax->Mostrar Megusta:  
Wed Jul 4 11:38:45 BOT 2012: Consulta de precio de reason:2 - msisdn: tono:103446 Async responde:350
 
Wed Jul 4 11:39:36 BOT 2012: Ajax->Mostrar Reproducciones:  
Wed Jul 4 11:39:39 BOT 2012: Busqueda Inteligente: Resultado 
 102622; Permitame;Wisin y Yandel;Reggaeton
103328;-Me vas a extranhar;Banda reggaeton;Reggaeton
102646;5 de septiembre;Banda reggaeton;Reggaeton
129924;A Ella Le Gusta El Dembow Feat Zion;RKM & Ken y;Reggaeton
84;A fuegote;Daddy Yankee;Reggaeton
145261;A mi ladito;Humbertiko y Urbano;Reggaeton
131645;A Punto De Cazar Feat Cosculluela;Tony Dize;Reggaeton
104120;A que te enamoras;Chapa C;Reggaeton
104886;Abusadora;Wisin y Yandel;Reggaeton
104567;ADRIANA reg;Nombre Reggaeton;TU NOMBRE
106304;Adriana-;Nombre Reggaeton;TU NOMBRE
113598;ahi voy;Wisin y Yandel;Reggaeton
602;Ahora es;Wisin y Yandel;Reggaeton
103885;Ahora es Promo;Wisin y Yandel;Reggaeton
520;Ahora es.;Banda reggaeton;Reggaeton
145305;Al Pan Pan;Opratel;Reggaeton
104569;alejandra reg;Nombre Reggaeton;TU NOMBRE
106305;Alejandra-;Nombre Reggaeton;TU NOMBRE
150148;Amigas En Comun;Opratel;Reggaeton
104121;Amor Amor;Chapa C;Reggaeton
150146;Amor Bandido;Opratel;Reggaeton
104107;Amor sin precio;Shamanes;Reggaeton
106306;Ana-;Nombre Reggaeton;TU NOMBRE
106307;Andrea-;Nombre Reggaeton;TU NOMBRE
106308;Angel-;Nombre Reggaeton;TU NOMBRE
120;Angelito;Don Omar;Reggaeton
82;Angelito Vuela;Don Omar;Reggaeton
103886;Animo.;Wisin y Yandel;Reggaeton
454;Asesina;The Kings of  Reggaeton;Latinas
7;Atrevete;Calle13;Reggaeton
142919;Automovil;Opratel;Reggaeton
104598;Ay amor aspirante;Aspirante;Reggaeton
455;Ayer la vi;The Kings of  Reggaeton;Latinas
105073;Baila sexy;Tito el Bambino;Reggaeton
138887;Bailando Por El Mundo Ft Pitbull;Juan Magan;Reggaeton
138876;Bailando Por El Mundo Ft Pitbull;Juan Magan;Reggaeton
145227;Bailando Reggaeton;Parner;Reggaeton
125514;Baile de los Pobres;Calle13;Reggaeton
112462;bartender;Alexis Fido;Reggaeton
106309;bEATRIZ;Nombre Reggaeton;TU NOMBRE
113600;besos mojados;Wisin y Yandel;Reggaeton
104658;blue zone;Don Omar;Reggaeton
103320;Boricua morena dominicano;Banda reggaeton;Reggaeton
138847;Calentura;Choc Quib Town feat Tego Calderon;Reggaeton
138838;Calentura;Choc Quib Town feat Tego Calderon;Reggaeton
138840;Calentura;Choc Quib Town feat Tego Calderon;Reggaeton
138842;Calentura;Choc Quib Town feat Tego Calderon;Reggaeton
105262;Call Of The Wild;Pitbull;Reggaeton
125509;Calma Pueblo;Calle13;Reggaeton
105546;Cant Stop Me Now;Pitbull;Reggaeton
104115;Cara de Angel;Aspirante;Reggaeton
521;Carita de angel;Banda reggaeton;Reggaeton
106310;Carmen-;Nombre Reggaeton;TU NOMBRE
106311;Carolina-;Nombre Reggaeton;TU NOMBRE
132090;Casa De Playa;Farruko;Reggaeton
106312;Catalina-;Nombre Reggaeton;TU NOMBRE
456;Chau amor;The Kings of  Reggaeton;Latinas
130;Chevere;Voltio;Reggaeton
138307;Chica 3d;Opratel;Reggaeton
105254;chompa roja (cumbia);El kapitan;Reggaeton
105645;Ciao Bella;Don Omar;Reggaeton
106314;Claudia-;Nombre Reggaeton;TU NOMBRE
132110;Come N Go Ft Enrique Iglesias;Pitbull;Reggaeton
104122;Como llora;Chapa C;Reggaeton
113602;como quieres que te olvide;Wisin y Yandel;Reggaeton
110373;Con El Pensamiento;Cosculluela;Reggaeton
145413;Corazon Fracturado;Opratel;Reggaeton
560;Corazones;Daddy Yankee;Reggaeton
104659;cuentale;Don Omar;Reggaeton
103438;Cuestion De Fe;Funky;Reggaeton
120228;Cuidao ;Cosculluela;Reggaeton
116849;cuidau au au;Cosculluela;Reggaeton
103439;D U R O;Funky;Reggaeton
103760;DALE CALIENTE;E.A.L;Reggaeton
522;Dale candela;Banda reggaeton;Reggaeton
103321;Dale don dale;Banda reggaeton;Reggaeton
105259;Dale Mai;Wisin y Yandel;Reggaeton
103558;Dame Un Poquito;Wisin y Yandel;Reggaeton
103887;Dame un poquito Promo;Wisin y Yandel;Reggaeton
103170;dance;Angel y Khriz;Reggaeton
106316;Daniel-;Nombre Reggaeton;TU NOMBRE
115945;Danza Kuduro;Don Omar;Reggaeton
138564;Danza Kuduro;Opratel;Reggaeton
124958;Daria;Daddy Yankee;Reggaeton
106317;dario-;Nombre Reggaeton;TU NOMBRE
113603;dejame hablar;Wisin y Yandel;Reggaeton
457;Dejame hacerte mia;The Kings of  Reggaeton;Latinas
106319;Diego-;Nombre Reggaeton;TU NOMBRE
125511;Digo lo que pienso;Calle13;Reggaeton
103322;dile;Banda reggaeton;Reggaeton
145243;Dime ;Rumberos;Reggaeton
103888;dime que te paso.;Wisin y Yandel;Reggaeton
113604;dime quienes son;Wisin y Yandel;Reggaeton
138570;Dime si te vas con el;Opratel;Reggaeton
125049;Dimelo Mami Feat Voltio;Daddy Yankee;Reggaeton
145317;Donde Estes Llegare;Opratel;Reggaeton
147910;Dutty Love ;Opratel;Reggaeton
106320;Eduardo-;Nombre Reggaeton;TU NOMBRE
105076;El Amor;Tito el Bambino;Reggaeton
145223;El Amor De Mi Vida;Parner;Reggaeton
128237;El Amor No Existe;Plan B;Reggaeton
138567;El doctorado;Opratel;Reggaeton
 
Wed Jul 4 11:40:30 BOT 2012: Ajax->Mostrar Imagen Portada:  
Wed Jul 4 11:43:16 BOT 2012: Ajax->Mostrar Megusta:  
Wed Jul 4 11:44:19 BOT 2012: Consulta de precio de reason:3 - msisdn: tono:152502 Async responde:350
 
Wed Jul 4 11:44:19 BOT 2012: ASYNC -> STATS> Tiempo respuesta 0.299556 seg.
Wed Jul 4 11:45:40 BOT 2012: Session Start>  Chequeo de sesion
Wed Jul 4 11:46:07 BOT 2012: Mostrar Comentarios : tono:120228 
Wed Jul 4 11:46:22 BOT 2012: Ajax-> Mostrar  Imagen Portada> tono:104507 
Wed Jul 4 11:47:04 BOT 2012: Ajax->Mostrar Comentarios:  
Wed Jul 4 11:47:29 BOT 2012: Session Start>  Chequeo de sesion
Wed Jul 4 22:10:25 BOT 2012: ASYNC -> STATS> Tiempo respuesta 0.00948 seg.
Wed Jul 4 22:10:31 BOT 2012: Ajax->Mostrar Reproducciones:  
Wed Jul 4 22:11:01 BOT 2012: Ajax-> Mostrar  Nombre Artista > tono:84 
Wed Jul 4 22:25:01 BOT 2012: Ajax-> Mostrar Ranking > tono:134681 
Wed Jul 4 22:25:13 BOT 2012: Ajax->Mostrar Nombre Genero:  
Wed Jul 4 22:25:22 BOT 2012: Ajax-> Mostrar Ranking > tono:102622 
Wed Jul 4 22:25:28 BOT 2012: Ajax->Mostrar Imagen Portada:  
Wed Jul 4 22:25:34 BOT 2012: Ajax->Mostrar Reproducciones:  
Wed Jul 4 22:25:40 BOT 2012: Asignar backtone escuchado > Asi termino:103274,104024,112705,104200,103086,106295,106288,102622,134015,134685,134638,134686,134687,134683,134681,134023,134661,134660,126141,126167,
Wed Jul 4 22:27:47 BOT 2012: Ajax->Mostrar Imagen Portada:  
Wed Jul 4 22:37:16 BOT 2012: Ajax-> Mostrar  Nombre Artista > tono:103506 
Wed Jul 4 22:37:43 BOT 2012: Ajax-> Mostrar  Nombre Genero > tono:131627 
Wed Jul 4 22:38:37 BOT 2012: Ajax-> Mostrar Ranking > tono:129271 
Wed Jul 4 22:41:16 BOT 2012: Ajax->Mostrar Megusta:  
Wed Jul 4 22:43:38 BOT 2012: ASYNC -> STATS> Tiempo respuesta 0.002794 seg.
Wed Jul 4 22:43:50 BOT 2012: ASYNC -> STATS> Tiempo respuesta 0.001578 seg.
Wed Jul 4 22:45:17 BOT 2012: Ajax-> Mostrar  Imagen Portada> tono:240 
Wed Jul 4 22:46:08 BOT 2012: Ajax-> Mostrar  Imagen Portada> tono:124073 
Wed Jul 4 22:46:32 BOT 2012: ASYNC -> STATS> Tiempo respuesta -0.00094700000000003 seg.
Wed Jul 4 22:47:47 BOT 2012: Consulta de precio de reason:2 - msisdn: tono:120254 Async responde:350
 
Wed Jul 4 22:47:50 BOT 2012: Error al consultar precio de renovacion - msisdn: tono:150032 - Async responde -3
Wed Jul 4 22:47:50 BOT 2012: ASYNC -> STATS> Tiempo respuesta 0.00088900000000003 seg.
Wed Jul 4 22:52:15 BOT 2012: Ajax-> Mostrar  Imagen Portada> tono:131616 
Wed Jul 4 22:56:58 BOT 2012: Busqueda Inteligente: resultados >105312
Wed Jul 4 22:59:50 BOT 2012: Ajax->Mostrar Nombre Genero:  
Wed Jul 4 23:00:26 BOT 2012: Ajax-> Mostrar Megusta> tono:107763 
Wed Jul 4 23:04:57 BOT 2012: Ajax->Mostrar Ranking:  
Wed Jul 4 23:11:37 BOT 2012: ASYNC -> STATS> Tiempo respuesta 0.007035 seg.
Wed Jul 4 23:14:04 BOT 2012: WEB_REPRODUCIR_BUSQUEDA > Se recibieron:11 tonos
Wed Jul 4 23:24:15 BOT 2012: Ajax->Mostrar Ranking:  
Wed Jul 4 23:29:11 BOT 2012: Session Start>  session por defecto 
Wed Jul 4 23:32:50 BOT 2012: Ajax-> Mostrar  Imagen Portada> tono:103423 
Wed Jul 4 23:44:50 BOT 2012: Ajax->Mostrar Ranking:  
