Tue Jan 10 4:02:11 BOT 2012: Session Start>  session por defecto 
Tue Jan 10 10:59:33 BOT 2012: Busqueda Inteligente: resultados >138887
Tue Jan 10 11:00:31 BOT 2012: Busqueda Inteligente: avicii
Tue Jan 10 11:02:31 BOT 2012: Ajax->Mostrar Comentarios:  
Tue Jan 10 11:02:31 BOT 2012: ASYNC -> STATS> Tiempo respuesta 0.073809 seg.
Tue Jan 10 11:02:37 BOT 2012: Asignar backtone escuchado > Asi termino:103717,608,142912,103876,103884,103724,103883,103723,103721,103722,135671,140982,103720,103869,142926,143083,143086,142924,142923,103870,
Tue Jan 10 11:02:49 BOT 2012: ASYNC -> STATS> Tiempo respuesta -0.31134 seg.
Tue Jan 10 11:02:49 BOT 2012: Asignar backtone escuchado > Asi termino:113602,138307,112462,7,104121,105309,602,104120,84,103328,102622,575,108563,108562,104348,126855,102623,66,124025,126476,
Tue Jan 10 11:03:04 BOT 2012: Asignar backtone escuchado > Asi termino:104659,113602,110373,138307,112462,7,104121,105309,602,104120,84,103328,102622,575,108563,108562,104348,126855,102623,66,
Tue Jan 10 11:04:43 BOT 2012: Ajax->Mostrar Reproducciones:  
Tue Jan 10 11:05:34 BOT 2012: Ajax->Mostrar Comentarios:  
Tue Jan 10 11:16:54 BOT 2012: ASYNC -> STATS> Tiempo respuesta 0.004932 seg.
Tue Jan 10 11:17:06 BOT 2012: Mostrar Cantidad reproducciones: tono:134660 cantidad: 0
Tue Jan 10 11:17:36 BOT 2012: Busqueda Inteligente: Resultado 
 105854;Waving Flag (Coca-Cola Celebration Mix);K`naan;Mundial Sudáfrica
105855;Waving Flag (Coca-Cola Spanish Celebration Mix);K`naan;Mundial Sudáfrica
103422;Nadando;Mayonesa;Salsa y Merengue
103686;Chamego;ChicleteComBanana; Brasileras
103687;Diga Que Valeu;ChicleteComBanana; Brasileras
124419;La cabana ;La Conga Opr;Cumbia
103688;Perdoa Na Boa;ChicleteComBanana; Brasileras
103689;Por Um Beijo Seu;ChicleteComBanana; Brasileras
103690;Quero Chiclete;ChicleteComBanana; Brasileras
103557;Tus Sabanas;Wisin y Yandel;Reggaeton
103897;tus sabanas.;Wisin y Yandel;Reggaeton
130832;Amor Clandestino;Mana Opratel;Mi Promo ConTigo
110097;cada mañana;Andres Barba;Latinas
103402;El burro mananero;Chichicuilote;Sonidos
135152;El Dragon;Mana Opratel;Rock
130834;El Espejo;Mana Opratel;Mi Promo ConTigo
131642;El Verdadero Amor Perdona;Mana Opratel;Pop
468;Hasta las 6 de la mañana;Waynawilla;Pop
130833;Lluvia al corazon;Mana Opratel;Mi Promo ConTigo
135151;Mi Reina del Dolor;Mana Opratel;Latinas
104544;Semanas y Media;Wazzup;ibiza open tour
135153;Sor Maria;Mana Opratel;Latinas
131640;Vuela libre paloma;Mana Opratel;Pop
105712;yo no se manana;Version Opratel;Cumbia
110204;yo nose mañana;New Bolivia band;Nuevas
110206;yo nose mañana intro;New Bolivia band;Nuevas
 
Tue Jan 10 11:17:36 BOT 2012: Ajax-> Mostrar Ranking > tono:142527 
Tue Jan 10 11:20:06 BOT 2012: Ajax->Mostrar Megusta:  
Tue Jan 10 11:21:21 BOT 2012: Ajax-> Mostrar Ranking > tono:103884 
Tue Jan 10 11:21:49 BOT 2012: Ajax-> Mostrar Ranking > tono:137283 
Tue Jan 10 11:23:55 BOT 2012: Ajax->Mostrar Ranking:  
Tue Jan 10 11:25:31 BOT 2012: ASYNC -> STATS> Tiempo respuesta -0.449648 seg.
Tue Jan 10 11:25:37 BOT 2012: Ajax-> Mostrar  Nombre Genero > tono:112453 
Tue Jan 10 11:26:19 BOT 2012: Ajax->Mostrar Megusta:  
Tue Jan 10 11:27:43 BOT 2012: Asignar backtone escuchado > Asi termino:140985,103726,142910,103874,142916,103875,103861,140984,103860,103719,103880,103718,103859,103716,103717,608,142912,103876,103884,103724,
Tue Jan 10 11:28:16 BOT 2012: Busqueda Inteligente: resultados >102622
Tue Jan 10 11:28:25 BOT 2012: ASYNC -> STATS> Tiempo respuesta 0.005264 seg.
Tue Jan 10 11:28:41 BOT 2012: Ajax-> Mostrar Comentarios> tono:131760 
Tue Jan 10 11:29:35 BOT 2012: Ajax->Mostrar Ranking:  
Tue Jan 10 11:29:35 BOT 2012: ASYNC -> STATS> Tiempo respuesta 0.150252 seg.
Tue Jan 10 11:29:44 BOT 2012: ASYNC -> STATS> Tiempo respuesta -0.304935 seg.
Tue Jan 10 11:29:44 BOT 2012: ASYNC -> STATS> Tiempo respuesta -0.48644 seg.
Tue Jan 10 11:30:41 BOT 2012: Ajax-> Mostrar  Nombre Genero > tono:103866 
Tue Jan 10 11:30:42 BOT 2012: Ajax-> Mostrar Comentarios> tono:130804 
Tue Jan 10 11:33:12 BOT 2012: ASYNC -> STATS> Tiempo respuesta 0.621338 seg.
Tue Jan 10 11:33:54 BOT 2012: Consulta de precio de reason:10 - msisdn: tono:104171 Async responde:350
 
Tue Jan 10 11:33:54 BOT 2012: ASYNC -> STATS> Tiempo respuesta 0.486334 seg.
Tue Jan 10 11:34:51 BOT 2012: Ajax-> Mostrar  Nombre Genero > tono:141 
Tue Jan 10 11:35:25 BOT 2012: ASYNC -> STATS> Tiempo respuesta -0.077688 seg.
Tue Jan 10 11:35:31 BOT 2012: ASYNC -> STATS> Tiempo respuesta -0.453502 seg.
Tue Jan 10 11:35:31 BOT 2012: ASYNC -> STATS> Tiempo respuesta -0.154815 seg.
Tue Jan 10 11:36:22 BOT 2012: Ajax-> Mostrar  Nombre Genero > tono:257 
Tue Jan 10 11:36:55 BOT 2012: Ajax-> Mostrar  Imagen Portada> tono:102675 
Tue Jan 10 11:37:10 BOT 2012: Ajax-> Mostrar  Nombre Artista > tono:104752 
Tue Jan 10 11:37:40 BOT 2012: Ajax-> Mostrar Ranking > tono:103494 
Tue Jan 10 11:38:16 BOT 2012: MTD_DB_BUSCAR_ARTISTAS > retornando registros:88
Tue Jan 10 11:38:28 BOT 2012: STATS > BUSQUEDA DE BACKTONE >Tiempo: 0.028421 seg. | registros: 3
Tue Jan 10 11:38:34 BOT 2012: Ajax->Mostrar Reproducciones:  
Tue Jan 10 11:38:58 BOT 2012: ASYNC -> STATS> Tiempo respuesta 0.003714 seg.
Tue Jan 10 11:39:04 BOT 2012: Ajax->Mostrar Megusta:  
Tue Jan 10 11:39:31 BOT 2012: Session Start>  Chequeo de sesion
Tue Jan 10 11:40:25 BOT 2012: Asignar backtone escuchado > Asi termino:240,
Tue Jan 10 11:41:47 BOT 2012: Ajax->Mostrar Reproducciones:  
Tue Jan 10 11:42:32 BOT 2012: Ajax-> Mostrar Ranking > tono:104206 
Tue Jan 10 11:42:44 BOT 2012: Ajax->Mostrar Comentarios:  
Tue Jan 10 11:43:14 BOT 2012: Ajax-> Mostrar Ranking > tono:135057 
Tue Jan 10 11:43:23 BOT 2012: ASYNC -> STATS> Tiempo respuesta 0.014206 seg.
Tue Jan 10 11:44:02 BOT 2012: Ajax->Mostrar Reproducciones:  
Tue Jan 10 11:46:23 BOT 2012: Mostrar Comentarios : tono:103606 
Tue Jan 10 11:46:38 BOT 2012: Ajax->Mostrar Megusta:  
Tue Jan 10 11:47:47 BOT 2012: Busqueda Inteligente: David Guetta
Tue Jan 10 11:47:50 BOT 2012: Ajax->Mostrar Ranking:  
Tue Jan 10 11:49:51 BOT 2012: Ajax-> Mostrar  Imagen Portada> tono:104463 
Tue Jan 10 11:50:48 BOT 2012: Ajax->Mostrar Comentarios:  
Tue Jan 10 11:51:48 BOT 2012: ASYNC -> STATS> Tiempo respuesta 0.013133 seg.
Tue Jan 10 11:52:36 BOT 2012: Ajax-> Mostrar Ranking > tono:127757 
Tue Jan 10 11:53:18 BOT 2012: Ajax->Mostrar Comentarios:  
Tue Jan 10 11:54:21 BOT 2012: ASYNC -> STATS> Tiempo respuesta -0.074947 seg.
Tue Jan 10 11:54:24 BOT 2012: ASYNC -> STATS> Tiempo respuesta -0.162396 seg.
Tue Jan 10 11:54:45 BOT 2012: Ajax->Mostrar Ranking:  
Tue Jan 10 11:55:06 BOT 2012: Ajax->Mostrar Reproducciones:  
Tue Jan 10 11:55:25 BOT 2012: Ajax-> Mostrar Ranking > tono:135072 
Tue Jan 10 11:56:07 BOT 2012: ASYNC -> STATS> Tiempo respuesta -0.627792 seg.
Tue Jan 10 11:56:58 BOT 2012: Busqueda Inteligente: nossa
Tue Jan 10 11:57:07 BOT 2012: Ajax-> Mostrar Megusta> tono:124045 
Tue Jan 10 11:57:22 BOT 2012: Mostrar Cantidad reproducciones: tono:128218 cantidad: 0
Tue Jan 10 11:57:52 BOT 2012: Ajax->Mostrar Megusta:  
Tue Jan 10 11:58:01 BOT 2012: Ajax->Mostrar Nombre Artista:  
Tue Jan 10 11:58:01 BOT 2012: Ajax->Mostrar Reproducciones:  
Tue Jan 10 11:58:04 BOT 2012: Ajax-> Mostrar Comentarios> tono:176 
Tue Jan 10 12:00:37 BOT 2012: Ajax->Mostrar Nombre Artista:  
Tue Jan 10 12:01:49 BOT 2012: Mostrar Megusta > tono: 104856 msisdn:77135157 > cantidad de registros: 0
Tue Jan 10 12:02:59 BOT 2012: Mostrar Album: >Artista:  <a href='index.php?seccion=playlist&autor=518'>Michael Jackson</a>
Tue Jan 10 12:03:11 BOT 2012: Ajax->Mostrar Comentarios:  
Tue Jan 10 15:03:57 BOT 2012: Ajax->Mostrar Nombre Genero:  
Tue Jan 10 15:04:15 BOT 2012: Ajax->Mostrar Ranking:  
Tue Jan 10 15:04:15 BOT 2012: Asignar backtone escuchado > Asi termino:120255,106384,142231,137875,140830,142230,140821,381,106237,130053,
Tue Jan 10 15:04:18 BOT 2012: ASYNC -> STATS> Tiempo respuesta 0.472718 seg.
Tue Jan 10 15:04:21 BOT 2012: ASYNC -> STATS> Tiempo respuesta 0.794719 seg.
Tue Jan 10 15:06:10 BOT 2012: Ajax->Mostrar Imagen Portada:  
Tue Jan 10 15:06:52 BOT 2012: Ajax->Mostrar Nombre Genero:  
Tue Jan 10 15:09:04 BOT 2012: Asignar backtone escuchado > Asi termino:107737,106295,169,118725,118724,105276,130053,127450,126146,103939,103485,126169,177,104532,602,103328,109407,104124,130988,113611,
Tue Jan 10 15:10:40 BOT 2012: Ajax-> Mostrar  Nombre Genero > tono:134015 
Tue Jan 10 15:11:46 BOT 2012: Ajax-> Mostrar Megusta> tono:104961 
Tue Jan 10 15:13:38 BOT 2012: Ajax->Mostrar Megusta:  
Tue Jan 10 15:14:56 BOT 2012: Ajax->Mostrar Ranking:  
Tue Jan 10 15:15:14 BOT 2012: Checklogin > msisdn: 75771153 , pin:aaAS4MbYe4gOs
Tue Jan 10 15:15:50 BOT 2012: Ajax->Mostrar Megusta:  
Tue Jan 10 15:16:56 BOT 2012: Asignar backtone escuchado > Asi termino:105274,105276,24,115945,103170,103887,113602,112462,103886,105068,102622,134660,134015,131819,107737,106295,169,118725,118724,130053,
Tue Jan 10 15:17:05 BOT 2012: ASYNC -> STATS> Tiempo respuesta 0.0050870000000001 seg.
Tue Jan 10 15:19:48 BOT 2012: Ajax-> Mostrar Ranking > tono:127759 
Tue Jan 10 15:21:48 BOT 2012: Ajax->Mostrar Imagen Portada:  
Tue Jan 10 15:22:36 BOT 2012: Ajax->Mostrar Nombre Genero:  
Tue Jan 10 15:22:42 BOT 2012: Ajax->Mostrar Comentarios:  
Tue Jan 10 15:23:03 BOT 2012: Ajax-> Mostrar Ranking > tono:118754 
Tue Jan 10 15:23:15 BOT 2012: Ajax->Mostrar Ranking:  
Tue Jan 10 15:23:24 BOT 2012: Asignar backtone escuchado > Asi termino:131003,130999,139971,139969,139968,139967,139965,139964,131001,139963,118747,139961,118754,118749,139960,118738,118741,118748,139844,139956,
Tue Jan 10 15:24:00 BOT 2012: Ajax-> Mostrar Ranking > tono:103232 
Tue Jan 10 15:24:09 BOT 2012: Check Session > msisdn: 75039958 > Usuario Valido 
Tue Jan 10 15:25:12 BOT 2012: WEB REPROD BUSQ > Facebook link: http%3A%2F%2Fbacktones.tigo.com.bo%2Fv3%2Findex.php%3Fseccion%3Dplaylist%26search%3Dmichel+telo%26f%3D1%26t%3D123213
Tue Jan 10 15:26:31 BOT 2012: ASYNC -> STATS> Tiempo respuesta -0.127003 seg.
Tue Jan 10 15:27:31 BOT 2012: Consulta de precio de reason:2 - msisdn: tono:123542 Async responde:350
 
Tue Jan 10 15:28:07 BOT 2012: ASYNC -> STATS> Tiempo respuesta 0.110034 seg.
Tue Jan 10 15:28:37 BOT 2012: ASYNC -> STATS> Tiempo respuesta 0.007294 seg.
Tue Jan 10 15:30:19 BOT 2012: ASYNC -> STATS> Tiempo respuesta 0.004206 seg.
Tue Jan 10 15:30:55 BOT 2012: Ajax->Mostrar Reproducciones:  
Tue Jan 10 15:31:31 BOT 2012: Asignar backtone escuchado > Asi termino:142113,140780,142128,140778,142119,103466,103328,125090,125088,142140,142138,142136,142134,142132,142143,142141,
Tue Jan 10 15:33:13 BOT 2012: Ajax->Mostrar Imagen Portada:  
Tue Jan 10 15:34:17 BOT 2012: Ajax-> Mostrar Megusta> tono:102803 
Tue Jan 10 15:36:38 BOT 2012: Mostrar Cantidad reproducciones: tono:139347 cantidad: 0
Tue Jan 10 15:38:05 BOT 2012: Busqueda Inteligente: resultados >104111
Tue Jan 10 15:38:20 BOT 2012: Ajax->Mostrar Ranking:  
Tue Jan 10 15:40:23 BOT 2012: Ajax->Mostrar Reproducciones:  
Tue Jan 10 15:42:48 BOT 2012: Ajax->Mostrar Ranking:  
Tue Jan 10 15:44:12 BOT 2012: Ajax->Mostrar Ranking:  
Tue Jan 10 15:44:30 BOT 2012: Ajax-> Mostrar  Nombre Genero > tono:572 
Tue Jan 10 15:44:33 BOT 2012: Ajax->Mostrar Megusta:  
Tue Jan 10 15:44:48 BOT 2012: Ajax->Mostrar Nombre Genero:  
Tue Jan 10 15:44:54 BOT 2012: Ajax-> Mostrar  Imagen Portada> Album:albumes/album-default.jpg
Tue Jan 10 15:45:00 BOT 2012: Ajax->Mostrar Reproducciones:  
Tue Jan 10 15:45:33 BOT 2012: Ajax->Mostrar Nombre Genero:  
Tue Jan 10 15:46:00 BOT 2012: Busqueda Inteligente: give everthing pitbull
Tue Jan 10 15:47:36 BOT 2012: Ajax-> Mostrar Ranking > tono:137970 
Tue Jan 10 15:47:36 BOT 2012: Asignar backtone escuchado > Asi termino:103875,103861,140984,103860,103719,103880,103718,103859,103716,103717,608,142912,103876,
Tue Jan 10 15:48:03 BOT 2012: Ajax->Mostrar Reproducciones:  
Tue Jan 10 15:49:25 BOT 2012: Busqueda Inteligente: ser recibieron 92 resultados
Tue Jan 10 15:49:37 BOT 2012: WEB_REPRODUCIR_BUSQUEDA > Se recibieron:3 tonos
Tue Jan 10 15:53:10 BOT 2012: Ajax->Mostrar Reproducciones:  
Tue Jan 10 15:54:34 BOT 2012: ASYNC -> STATS> Tiempo respuesta 0.686602 seg.
Tue Jan 10 15:54:34 BOT 2012: ASYNC -> STATS> Tiempo respuesta 0.785971 seg.
Tue Jan 10 15:56:26 BOT 2012: Ajax-> Mostrar Ranking > tono:141835 
Tue Jan 10 15:56:41 BOT 2012: Ajax->Mostrar Reproducciones:  
Tue Jan 10 16:00:50 BOT 2012: ASYNC -> STATS> Tiempo respuesta 0.0076200000000001 seg.
Tue Jan 10 16:01:08 BOT 2012: Ajax-> Mostrar Megusta> tono:103257 
Tue Jan 10 16:01:35 BOT 2012: Ajax-> Mostrar Ranking > tono:257 
Tue Jan 10 16:02:20 BOT 2012: Asignar backtone escuchado > Asi termino:102796,103644,102631,103643,103653,102795,102629,103652,109975,108556,102624,109973,102628,136046,103642,102794,102627,574,102802,102793,
Tue Jan 10 16:02:29 BOT 2012: Asignar backtone escuchado > Asi termino:125513,257,
Tue Jan 10 16:03:42 BOT 2012: Busqueda Inteligente: resultados >104870
Tue Jan 10 16:04:36 BOT 2012: Checklogin > msisdn: 76665248 , pin:aam6FRErAFOIU
Tue Jan 10 16:04:48 BOT 2012: Mostrar Genero: >G&eacute;nero:  <a href='index.php?seccion=playlist&genero=143'>Latinas</a>
Tue Jan 10 16:05:18 BOT 2012: Ajax->Mostrar Nombre Genero:  
Tue Jan 10 16:05:21 BOT 2012: Ajax-> Mostrar Megusta> tono:102633 
Tue Jan 10 16:05:54 BOT 2012: Ajax-> Mostrar Ranking > tono:126175 
Tue Jan 10 16:06:24 BOT 2012: ASYNC -> STATS> Tiempo respuesta 0.007971 seg.
Tue Jan 10 16:06:54 BOT 2012: Ajax-> Mostrar  Imagen Portada> Album:Artista:  <a href='index.php?seccion=playlist&autor=1251'>STROMAE</a>
Tue Jan 10 16:08:00 BOT 2012: Ajax-> Mostrar Comentarios> tono:141055 
Tue Jan 10 16:12:40 BOT 2012: Ajax->Mostrar Reproducciones:  
Tue Jan 10 16:14:43 BOT 2012: Ajax->Mostrar Imagen Portada:  
Tue Jan 10 16:14:46 BOT 2012: Ajax->Mostrar Nombre Artista:  
Tue Jan 10 16:16:34 BOT 2012: Asignar backtone escuchado > Asi termino:102625,133413,102893,103628,572,102788,103627,103469,102630,102801,136048,102800,102799,103656,102798,103639,102637,102636,102635,103622,
Tue Jan 10 16:16:58 BOT 2012: Ajax->Mostrar Imagen Portada:  
Tue Jan 10 16:17:07 BOT 2012: Ajax-> Mostrar Megusta> tono:103257 
Tue Jan 10 16:19:50 BOT 2012: Ajax-> Mostrar Ranking > tono:105006 
Tue Jan 10 16:21:56 BOT 2012: Ajax->Mostrar Nombre Artista:  
Tue Jan 10 16:22:56 BOT 2012: Mostrar Cantidad reproducciones: tono:104177 cantidad: 0
Tue Jan 10 16:23:14 BOT 2012: ASYNC -> STATS> Tiempo respuesta 0.010608 seg.
Tue Jan 10 16:24:29 BOT 2012: Mostrar Ranking: tono:105570 calificacion: 
Tue Jan 10 16:25:45 BOT 2012: ASYNC -> STATS> Tiempo respuesta -0.132714 seg.
Tue Jan 10 16:26:15 BOT 2012: ASYNC -> STATS> Tiempo respuesta 0.011722 seg.
Tue Jan 10 16:27:09 BOT 2012: Ajax->Mostrar Reproducciones:  
Tue Jan 10 16:27:48 BOT 2012: Ajax->Mostrar Nombre Artista:  
Tue Jan 10 16:28:42 BOT 2012: Ajax->Mostrar Reproducciones:  
Tue Jan 10 16:29:36 BOT 2012: Ajax->Mostrar Ranking:  
Tue Jan 10 16:30:27 BOT 2012: Ajax->Mostrar Reproducciones:  
Tue Jan 10 16:30:48 BOT 2012: Ajax->Mostrar Imagen Portada:  
Tue Jan 10 16:31:18 BOT 2012: Ajax->Mostrar Ranking:  
Tue Jan 10 16:31:36 BOT 2012: Ajax-> Mostrar  Nombre Genero > tono:141881 
Tue Jan 10 16:33:04 BOT 2012: Ajax->Mostrar Comentarios:  
Tue Jan 10 16:33:25 BOT 2012: Ajax-> Mostrar  Imagen Portada> tono:103454 
Tue Jan 10 16:34:04 BOT 2012: Ajax->Mostrar Nombre Genero:  
Tue Jan 10 16:35:04 BOT 2012: Ajax->Mostrar Ranking:  
Tue Jan 10 16:35:19 BOT 2012: Ajax-> Mostrar  Imagen Portada> Album:albumes/ivete Madison Square G.jpg
Tue Jan 10 16:38:25 BOT 2012: Busqueda Inteligente: Cristian Castro
Tue Jan 10 16:38:31 BOT 2012: Mostrar Megusta > tono: 177 msisdn:77731218 > cantidad de registros: 0
Tue Jan 10 16:38:49 BOT 2012: Ajax->Mostrar Comentarios:  
Tue Jan 10 16:38:49 BOT 2012: Ajax->Mostrar Megusta:  
Tue Jan 10 16:39:16 BOT 2012: Ajax-> Mostrar Ranking > tono:136190 
Tue Jan 10 16:40:02 BOT 2012: Ajax-> Mostrar Ranking > tono:104914 
Tue Jan 10 16:41:02 BOT 2012: LISTAR_MODO_ROTACION_BACTONES > usuario: 75569799  modo:2 
Tue Jan 10 16:41:53 BOT 2012: Ajax->Mostrar Nombre Artista:  
Tue Jan 10 16:42:05 BOT 2012: Asignar backtone escuchado > Asi termino:105546,105262,142111,140785,142113,142128,140778,142119,123008,104465,141881,142527,135108,127759,127757,139727,130814,135057,130808,
Tue Jan 10 16:42:35 BOT 2012: Ajax->Mostrar Ranking:  
Tue Jan 10 16:42:51 BOT 2012: Mostrar Album: >Artista:  <a href='index.php?seccion=playlist&autor=557'>Rocio Durcal</a>
Tue Jan 10 16:43:08 BOT 2012: Ajax->Mostrar Nombre Genero:  
Tue Jan 10 16:43:56 BOT 2012: ASYNC -> STATS> Tiempo respuesta 0.01383 seg.
Tue Jan 10 16:46:59 BOT 2012: Ajax-> Mostrar  Nombre Genero > tono:104562 
Tue Jan 10 16:48:05 BOT 2012: ASYNC -> STATS> Tiempo respuesta 0.085215 seg.
Tue Jan 10 16:48:20 BOT 2012: ASYNC -> STATS> Tiempo respuesta 0.005386 seg.
Tue Jan 10 16:51:00 BOT 2012: Ajax->Mostrar Imagen Portada:  
Tue Jan 10 16:51:21 BOT 2012: Ajax->Mostrar Comentarios:  
Tue Jan 10 16:55:34 BOT 2012: Ajax->Mostrar Ranking:  
Tue Jan 10 16:58:31 BOT 2012: Ajax->Mostrar Nombre Artista:  
Tue Jan 10 16:59:34 BOT 2012: Ajax->Mostrar Nombre Artista:  
Tue Jan 10 17:00:46 BOT 2012: Ajax->Mostrar Nombre Genero:  
Tue Jan 10 17:02:07 BOT 2012: ASYNC -> STATS> Tiempo respuesta 0.008744 seg.
Tue Jan 10 17:03:20 BOT 2012: Ajax->Mostrar Nombre Artista:  
Tue Jan 10 17:03:38 BOT 2012: MTD_DB_BUSCAR_ARTISTAS > retornando registros:14
Tue Jan 10 17:03:47 BOT 2012: Ajax->Mostrar Nombre Artista:  
Tue Jan 10 17:05:14 BOT 2012: Ajax->Mostrar Imagen Portada:  
Tue Jan 10 17:05:56 BOT 2012: Ajax->Mostrar Comentarios:  
Tue Jan 10 17:07:32 BOT 2012: Ajax-> Mostrar Comentarios> tono:127441 
Tue Jan 10 17:07:53 BOT 2012: Ajax-> Mostrar Megusta> tono:124041 
Tue Jan 10 17:08:23 BOT 2012: Asignar backtone escuchado > Asi termino:109611,134661,105545,135727,305,126493,128286,105270,127441,104247,103420,126470,112705,104200,124025,109227,105746,106295,106288,102622,
Tue Jan 10 17:08:44 BOT 2012: Check Session > msisdn: 77565275 > Usuario Valido 
Tue Jan 10 17:10:00 BOT 2012: Busqueda Inteligente: Magedeth
Tue Jan 10 17:10:06 BOT 2012: Session Start>  session por defecto 
Tue Jan 10 17:10:42 BOT 2012: Ajax-> Mostrar  Imagen Portada> tono:211 
Tue Jan 10 17:11:33 BOT 2012: Ajax->Mostrar Reproducciones:  
Tue Jan 10 17:11:42 BOT 2012: ASYNC -> STATS> Tiempo respuesta 0.013002 seg.
Tue Jan 10 17:11:48 BOT 2012: Ajax-> Mostrar Ranking > tono:126098 
Tue Jan 10 17:13:15 BOT 2012: Asignar backtone escuchado > Asi termino:509,128672,102776,102778,128606,102658,131625,103167,131646,131708,131702,131615,122666,126091,38,182,183,105,160,197,
Tue Jan 10 17:13:36 BOT 2012: Ajax->Mostrar Ranking:  
Tue Jan 10 17:13:39 BOT 2012: Ajax-> Mostrar  Imagen Portada> tono:102799 
Tue Jan 10 17:14:57 BOT 2012: Asignar backtone escuchado > Asi termino:104299,104648,104300,104052,104095,134021,537,104136,104465,133436,131616,109227,128436,128429,201,128430,134178,125510,102883,
Tue Jan 10 17:15:06 BOT 2012: Busqueda Inteligente: resultados >105610
Tue Jan 10 17:15:36 BOT 2012: Ajax->Mostrar Megusta:  
Tue Jan 10 17:15:54 BOT 2012: Msisdn:77710851 ingreso exitoso de billing tono: 132454 
Tue Jan 10 17:16:12 BOT 2012: Busqueda Inteligente: Resultado 
 103763;LA COLORADA;Los pibes chorros;Cumbia
102538;Mabel;Pibes Chorros;Cumbia
104903;Noelia Pizzera;Pibes Chorros;Cumbia
103941;Los Amigos Como Yo;Pimpinela;Latinas
133436;Muyaniway Urpi;Los Kjarkas;Folklore
104758;The Happiest Days;Elect Retro;Pop
103267;ElLeonTumbao;Los fabulosos cadillacs;Latinas
104335;Esta noche es para amar EL REY LEON;EJohn TRice;Pop
104179; Voy Por Un Besito;Pan de Arroz;Carnaval
102639;A Besitos;Los Diablitos;Latinas
104926;Agente 86 y los enanos;Version Opratel;Sonidos
107573;Ahora pienso en Ti;Los Temerarios;Latinas
102953;ahora pienso mas en ti;Los Temerarios;Latinas
103597;AlMayorDeLos;Vicente Fernandez;Rancheras
107571;Ay amigo;Los Temerarios;Latinas
104376;Basta para mi;los tipitos;Latinas
102812;Besos Frios;Los Internacionales;Latinas
102718;Blooming1 contra Olimpia;Luis Carlos;Blooming
104663;celos;Fanny Lu;Latinas
109240;como diablos;Pipe Bueno;Vallenatos
130816;Como te voy a olvidar;Los Angeles Azules Opratel;Mi Promo ConTigo
126994;Contrabando y Traicion;Los Tigres del Norte;Rancheras
103064;D aqui;Los tocayos;Latinas
272;Destroyers;Los cambitas;FANATIGO
103988;DISCO GAY;Los Sultanes;Latinas
126167;El Dia De Los Muertos feat Jorge y Otro;A.B. Quintanilla;Cumbia
103211;el gato y el raton;los simpsons;Sonidos
124960;El mejor de todos los tiempos;Daddy Yankee;Reggaeton
109262;el paco y la vieja2;Los Mismos;Promoción Te Matamos de Risa
103979;EN LOS BRAZOS DE EL;Banda XXI;Salsa y Merengue
105777;Entre la tierra y el cielo;Los Nocheros;Los Nocheros
130988;Entre Los Dos;Tony Dize;Reggaeton
110228;eres mi vida.;Los tocayos;Pop
103065;esperarte y caminar;Los tocayos;Latinas
103325;Golosa y Gostosa;Banda reggaeton;Reggaeton
104564;Homero los ninos y la iglesia;Version Opratel;Sonidos
105057;Homero y la corte de los milagros;Version Opratel;Sonidos
104690;Homero y los viejitos;Homero;Sonidos
104553;A sus pies;Jesus A Romero;Cristianas
104598;Ay amor aspirante;Aspirante;Reggaeton
127435;Bajo sus Pies;Jesus Adrian Romero;Cristianas
105999;Besame - ;La Champions;Cumbia
103580;Besar tu piel;La Repandilla;Latinas
516;Bye Bye;VILMA PALMA E VAMPIROS;Latinas
123525;Chompiras y Botija;Pablo Fernandez;Pablo Fernandez
104931;CONTESTA RAPIDO ANTES DE QUE SE TE VAYA LA SEÑAL;Version Opratel;Chistes
137830;Cumpa cumpita;Hans y Chivo;Chistes
110345;Dirty Picture ;Taio Cruz;Electronicas
127291;Dirty Picture Chorus;Taio Cruz;Electronicas
141092;El Piojo Y La Pulga;Mexico Chico;Folklore
112466;esclavo de tu piel;Dyland Lenny;Reggaeton
105085;Besa mi vida y mis cenizas;Covertone - MG;Latinas
117841;Besos de pasion;Play Boy;Play Boy
135714;Besos En La Boca;Chayanne;Latinas
113600;besos mojados;Wisin y Yandel;Reggaeton
103250;BestOfYou;FooFighters;Pop
109963;caricias y besos;La Noche;Cumbia
104101;Dame un beso;Audio Bullys;Pop
105310;Me muero por besarte;Andy Aguilera;Latinas
105653;Muero por besarte;Andy Aguilera;Latinas
103932;Nubes Negras;Los de Adentro;Rock
126488;Rey Mago De Las Nubes;Bahiano;Latinas
463;Soy cordobes;Rodrigo;Salsa y Merengue
407;Soy Cordobes1;Rodrigo;Salsa y Merengue
131764;The Best One Yet The Boy;Black Eyed Peas;Pop
137877;Estoy en el Picacho;Hans y Chivo;Chistes
105547;Full Of Stft Nayer Bass;Pitbull;Reggaeton
129675;Give Me Everything feat Ne Yo;Pitbull;Pop
137886;Hola Papito;Hans y Chivo;Chistes
105092;If You Want Me;Pitbull;Reggaeton
437;Junto a tus pies;Danilo Montero;Cristianas
105548;Krazy ft Lil Jon;Pitbull;Reggaeton
131699;La picara;Los Kjarkas;Folklore
104437;La Pista Secreta;los tucanes;Rancheras
103682;Listen from the motion picture Dreamgirls;Beyonce;Pop
103925;Los Pitufos;Mbarete;Sonidos
135694;Me Pierdo Contigo;Chayanne;Latinas
132050;Moscato Pizza Y Faina;Memphis La Blusera;Rock
103707;Pies Descalzos Suenhos Blancos;Shakira;Latinas
102529;El Pricionero;LEO MATTIOLI y LOS PIBES CHORROS;Cumbia
103615;AmigoApaixonado;Victor LEO;Latinas
104943;Camaleon;Animal de Ciudad;Latinas
138554;Cuando Regreses Dueto con Maria Leon;Santiago Cruz;Latinas
130978;Eras Tu;Leonel Garcia;Latinas
130835;Eras Tu;Leonel Garcia Opratel;Mi Promo ConTigo
103616;EresTuTemqueser-;Victor LEO;Latinas
103617;Fada;Victor LEO;Latinas
105418;Jaleo;Ricki Martin;Latinas
109528;leo;Homero;Mi Promo ConTigo
109530;leonardo;Homero;Mi Promo ConTigo
103618;Nadaesnormal;Victor LEO;Latinas
104941;Recuerdos de Amor;Victor LEO;Romanticas
104377;te leo al reves;Masac 
Tue Jan 10 17:19:13 BOT 2012: Ajax->Mostrar Megusta:  
Tue Jan 10 17:22:22 BOT 2012: Session Start>  session por defecto 
Tue Jan 10 17:24:20 BOT 2012: Busqueda Inteligente: resultados >103936
Tue Jan 10 17:27:26 BOT 2012: Session Start>  session por defecto 
Tue Jan 10 17:28:05 BOT 2012: ASYNC -> STATS> Tiempo respuesta 0.007342 seg.
Tue Jan 10 17:30:15 BOT 2012: Ajax-> Mostrar Megusta> tono:142527 
Tue Jan 10 17:35:31 BOT 2012: Mostrar Megusta> tono: 134178 msisdn: > a otros 1  les gusta 
Tue Jan 10 17:35:37 BOT 2012: Ajax-> Mostrar  Imagen Portada> tono:104166 
Tue Jan 10 17:35:49 BOT 2012: Ajax->Mostrar Imagen Portada:  
Tue Jan 10 17:36:19 BOT 2012: Ajax-> Mostrar Comentarios> tono:129251 
Tue Jan 10 17:36:40 BOT 2012: Ajax->Mostrar Megusta:  
Tue Jan 10 17:41:05 BOT 2012: ASYNC -> STATS> Tiempo respuesta 0.184235 seg.
Tue Jan 10 17:44:26 BOT 2012: Ajax->Mostrar Megusta:  
Tue Jan 10 17:45:26 BOT 2012: Asignar backtone escuchado > Asi termino:104879,103616,103580,112466,126464,257,
Tue Jan 10 17:46:44 BOT 2012: Ajax->Mostrar Reproducciones:  
Tue Jan 10 17:50:57 BOT 2012: Ajax->Mostrar Ranking:  
Tue Jan 10 17:52:42 BOT 2012: Ajax->Mostrar Imagen Portada:  
Tue Jan 10 17:59:31 BOT 2012: Ajax->Actualizar pin usuario
Tue Jan 10 18:00:55 BOT 2012: Ajax->Mostrar Ranking:  
Tue Jan 10 18:02:02 BOT 2012: Asignar backtone escuchado > Asi termino:202,105360,210,208,207,198,203,206,105361,200,204,201,199,205,209,211,120230,125096,102679,
Tue Jan 10 18:08:39 BOT 2012: Ajax-> Mostrar  Imagen Portada> tono:131771 
Tue Jan 10 18:09:39 BOT 2012: Ajax-> Mostrar  Imagen Portada> Album:albumes/album-default.jpg
Tue Jan 10 18:11:00 BOT 2012: Ajax-> Mostrar Ranking > tono:209 
Tue Jan 10 18:11:57 BOT 2012: Busqueda Inteligente: 
Tue Jan 10 18:13:19 BOT 2012: Ajax-> Mostrar  Imagen Portada> tono:135108 
Tue Jan 10 18:14:04 BOT 2012: ASYNC -> STATS> Tiempo respuesta 0.001862 seg.
Tue Jan 10 18:14:34 BOT 2012: Ajax->Mostrar Comentarios:  
Tue Jan 10 18:14:58 BOT 2012: Session Start>  session por defecto 
Tue Jan 10 18:17:13 BOT 2012: ASYNC -> STATS> Tiempo respuesta 0.61324 seg.
Tue Jan 10 18:19:05 BOT 2012: Ajax->Mostrar Megusta:  
Tue Jan 10 18:19:05 BOT 2012: Ajax->Mostrar Imagen Portada:  
Tue Jan 10 18:19:08 BOT 2012: Busqueda Inteligente: resultados >138562
Tue Jan 10 18:19:11 BOT 2012: Ajax->Mostrar Imagen Portada:  
Tue Jan 10 18:20:02 BOT 2012: ASYNC -> STATS> Tiempo respuesta 0.009234 seg.
Tue Jan 10 18:23:53 BOT 2012: Ajax->Mostrar Imagen Portada:  
Tue Jan 10 18:24:14 BOT 2012: ASYNC -> STATS> Tiempo respuesta 0.447848 seg.
Tue Jan 10 18:25:57 BOT 2012: ASYNC -> STATS> Tiempo respuesta -0.28524 seg.
Tue Jan 10 18:26:39 BOT 2012: Ajax-> Mostrar  Nombre Genero > tono:104467 
Tue Jan 10 18:28:30 BOT 2012: ASYNC -> STATS> Tiempo respuesta 0.015335 seg.
Tue Jan 10 18:28:48 BOT 2012: Ajax-> Mostrar  Nombre Artista > tono:133411 
Tue Jan 10 18:29:54 BOT 2012: Ajax-> Mostrar  Imagen Portada> tono:118738 
Tue Jan 10 18:30:36 BOT 2012: Session Start>  Chequeo de sesion
Tue Jan 10 18:30:39 BOT 2012: Check Session > msisdn: 78838880 > Usuario Valido 
Tue Jan 10 18:31:57 BOT 2012: Ajax-> Mostrar Ranking > tono:140825 
Tue Jan 10 18:34:13 BOT 2012: Ajax->Mostrar Ranking:  
Tue Jan 10 18:34:22 BOT 2012: Busqueda Inteligente: los sultanes dale maracas
Tue Jan 10 18:34:40 BOT 2012: Ajax->Mostrar Ranking:  
Tue Jan 10 20:16:45 BOT 2012: MTD_DB_BUSCAR_ARTISTAS > retornando registros:34
Tue Jan 10 20:17:15 BOT 2012: Ajax->Mostrar Nombre Genero:  
Tue Jan 10 20:19:00 BOT 2012: ACTUALIZAR_PIN_USUARIO >76086183 el usuario es nuevo
Tue Jan 10 20:59:18 BOT 2012: LISTAR_MODO_ROTACION_BACTONES > usuario: 77298791  modo:2 
Tue Jan 10 21:02:21 BOT 2012: WEB REPROD BUSQ > Facebook link: http%3A%2F%2Fbacktones.tigo.com.bo%2Fv3%2Findex.php%3Fseccion%3Dplaylist%26search%3Dbanda+poopo%26f%3D1%26t%3D123213
Tue Jan 10 21:03:36 BOT 2012: Busqueda Inteligente: resultados >105621
Tue Jan 10 21:04:33 BOT 2012: WEB REPROD BUSQ > Facebook link: http%3A%2F%2Fbacktones.tigo.com.bo%2Fv3%2Findex.php%3Fseccion%3Dplaylist%26autor%3D1540%26f%3D1%26t%3D1231233
Tue Jan 10 21:05:10 BOT 2012: Ajax->Mostrar Nombre Genero:  
Tue Jan 10 21:05:46 BOT 2012: WEB_REPRODUCIR_BUSQUEDA > Se recibieron:2 tonos
Tue Jan 10 21:05:55 BOT 2012: Ajax-> Mostrar  Nombre Artista > tono:131049 
Tue Jan 10 21:12:17 BOT 2012: ASIGNAR_BACKTONE_TURNO > Ingreso  asingacion  turno: 1 > Asignacion exitosa de param::103215:: 
Tue Jan 10 21:14:38 BOT 2012: ASYNC -> STATS> Tiempo respuesta 0.005327 seg.
Tue Jan 10 21:15:23 BOT 2012: ASYNC -> STATS> Tiempo respuesta 0.524256 seg.
Tue Jan 10 21:15:26 BOT 2012: Ajax->Mostrar Comentarios:  
Tue Jan 10 21:16:29 BOT 2012: Ajax->Mostrar Nombre Artista:  
Tue Jan 10 21:17:44 BOT 2012: Consulta de precio de reason:3 - msisdn: tono:131728 Async responde:350
 
Tue Jan 10 21:20:03 BOT 2012: Ajax-> Mostrar  Imagen Portada> tono:102610 
Tue Jan 10 21:21:57 BOT 2012: Mostrar Ranking: tono:102622 calificacion: 
Tue Jan 10 21:22:27 BOT 2012: Ajax-> Mostrar  Genero > G&eacute;nero:  <a href='index.php?seccion=playlist&genero=108'>Cristianas</a>
Tue Jan 10 21:22:57 BOT 2012: ASYNC -> STATS> Tiempo respuesta 0.007702 seg.
Tue Jan 10 21:25:55 BOT 2012: Ajax->Mostrar Comentarios:  
Tue Jan 10 21:26:49 BOT 2012: ASYNC -> STATS> Tiempo respuesta 0.013502 seg.
Tue Jan 10 21:30:04 BOT 2012: Ajax->Mostrar Comentarios:  
Tue Jan 10 21:30:28 BOT 2012: Ajax->Mostrar Ranking:  
Tue Jan 10 21:32:28 BOT 2012: ASYNC -> STATS> Tiempo respuesta 0.494927 seg.
Tue Jan 10 21:35:11 BOT 2012: Busqueda Inteligente: resultados >138286
Tue Jan 10 21:35:50 BOT 2012: ASYNC -> STATS> Tiempo respuesta 0.010774 seg.
Tue Jan 10 21:36:47 BOT 2012: Ajax-> Mostrar Megusta> tono:103314 
Tue Jan 10 21:37:05 BOT 2012: Ajax->Mostrar Nombre Artista:  
Tue Jan 10 21:37:17 BOT 2012: Ajax->Mostrar Megusta:  
Tue Jan 10 21:37:29 BOT 2012: Session Start>  Chequeo de sesion
Tue Jan 10 21:37:32 BOT 2012: Ajax-> Mostrar Megusta> tono:103030 
Tue Jan 10 21:37:32 BOT 2012: Check Session > msisdn: 76512592 > Usuario Valido 
Tue Jan 10 21:38:56 BOT 2012: Ajax->Mostrar Nombre Genero:  
Tue Jan 10 21:40:48 BOT 2012: ASYNC -> STATS> Tiempo respuesta 0.006113 seg.
Tue Jan 10 21:43:06 BOT 2012: Ajax->Mostrar Comentarios:  
Tue Jan 10 21:47:27 BOT 2012: ASYNC -> STATS> Tiempo respuesta 0.950547 seg.
Tue Jan 10 21:50:16 BOT 2012: Ajax-> Mostrar Ranking > tono:105547 
Tue Jan 10 21:50:31 BOT 2012: ASYNC -> STATS> Tiempo respuesta 0.00629 seg.
Tue Jan 10 21:53:28 BOT 2012: Ajax->Eliminando backtone:  > msisdn:77800748 >  tono :123540  
Tue Jan 10 21:57:05 BOT 2012: Busqueda Inteligente: 
Tue Jan 10 21:58:29 BOT 2012: Ajax->Mostrar Reproducciones:  
Tue Jan 10 21:59:14 BOT 2012: ASYNC -> STATS> Tiempo respuesta -0.295946 seg.
Tue Jan 10 21:59:41 BOT 2012: Ajax-> Mostrar Comentarios> tono:104916 
Tue Jan 10 22:01:35 BOT 2012: ASYNC -> STATS> Tiempo respuesta 0.003767 seg.
Tue Jan 10 22:03:06 BOT 2012: Ajax->Mostrar Reproducciones:  
Tue Jan 10 22:04:09 BOT 2012: Ajax->Mostrar Ranking:  
Tue Jan 10 22:05:27 BOT 2012: Busqueda Inteligente: resultados >105077
Tue Jan 10 22:05:54 BOT 2012: Ajax->Mostrar Megusta:  
Tue Jan 10 22:08:24 BOT 2012: ASYNC -> STATS> Tiempo respuesta -0.022888 seg.
Tue Jan 10 22:09:00 BOT 2012: ASYNC -> STATS> Tiempo respuesta 0.920577 seg.
Tue Jan 10 22:12:34 BOT 2012: Ajax->Mostrar Nombre Artista:  
Tue Jan 10 22:13:16 BOT 2012: Ajax->Mostrar Megusta:  
Tue Jan 10 22:17:20 BOT 2012: Ajax-> Mostrar Ranking > tono:103328 
Tue Jan 10 22:17:29 BOT 2012: MTD_DB_BUSCAR_ARTISTAS > retornando registros:6
Tue Jan 10 22:18:41 BOT 2012: DB_ASIGNAR_PARAM > usuario: 78816667  param:103069 
Tue Jan 10 22:21:05 BOT 2012: Ajax->Mostrar Reproducciones:  
Tue Jan 10 22:24:39 BOT 2012: Ajax->Mostrar Megusta:  
Tue Jan 10 22:25:51 BOT 2012: ASYNC -> STATS> Tiempo respuesta -0.127095 seg.
Tue Jan 10 22:27:39 BOT 2012: DB_LISTAR_TONOS> Se econtraron 114 resultados con estos ID:509,276,103793,103475,103478,103476,103477,105986,386,322,604,105988,134015,110187,103349,102694,102817,126677,125510,128606,102818,102695,102539,110188,325,132466,104307,102537,104905,132455,142119,122645,105999,103580,102812,103581,214,104493,103051,104639,102651,104454,102697,122647,109963,134631,510,102931,105254,238,122648,134178,105519,104219,296,102644,105997,126657,104273,102518,126091,126093,102592,109964,132053,125067,103052,102778,402,109253,104902,132452,104906,391,104904,102777,125517,102813,125088,104640,106000,125090,103762,105996,103346,126167,110189,376,110191,102645,140778,453,102529,388,142169,103530,134660,142132,102652,122650,122651,142128,104398,128425,104909,105998,112448,115885,142113,140780,142124,103798,125092,123718, 
Tue Jan 10 22:28:03 BOT 2012: Ajax->Mostrar Comentarios:  
Tue Jan 10 22:28:33 BOT 2012: Busqueda Inteligente: resultados >104220
Tue Jan 10 22:29:06 BOT 2012: Ajax-> Mostrar  Imagen Portada> tono:142113 
Tue Jan 10 22:30:21 BOT 2012: ASYNC -> STATS> Tiempo respuesta 0.744969 seg.
Tue Jan 10 22:30:27 BOT 2012: Ajax->Mostrar Comentarios:  
Tue Jan 10 22:30:27 BOT 2012: ASYNC -> STATS> Tiempo respuesta 0.719932 seg.
Tue Jan 10 22:31:06 BOT 2012: Mostrar Megusta > tono: 103279 msisdn:77993137 > cantidad de registros: 0
Tue Jan 10 22:33:01 BOT 2012: Ajax->Mostrar Comentarios:  
Tue Jan 10 22:33:28 BOT 2012: Ajax->Mostrar Reproducciones:  
Tue Jan 10 22:33:28 BOT 2012: Asignar backtone escuchado > Asi termino:105555,307,479,102953,105295,103691,104607,103470,105096,103529,129268,107564,110206,405,104276,104268,103214,103527,109233,544,
Tue Jan 10 22:34:07 BOT 2012: Ajax-> Mostrar  Nombre Artista > tono:140823 
Tue Jan 10 22:35:07 BOT 2012: ASYNC -> STATS> Tiempo respuesta -0.071883 seg.
Tue Jan 10 22:35:07 BOT 2012: ASYNC -> STATS> Tiempo respuesta -0.167386 seg.
Tue Jan 10 22:35:25 BOT 2012: Ajax->Mostrar Reproducciones:  
Tue Jan 10 22:35:43 BOT 2012: Mostrar Comentarios : tono:126167 
Tue Jan 10 22:36:28 BOT 2012: Asignar backtone escuchado > Asi termino:119851,119842,128221,102829,135705,103279,105242,149,104787,129261,103190,105040,103142,128602,104383,106299,105096,
Tue Jan 10 22:37:49 BOT 2012: Ajax->Mostrar Comentarios:  
Tue Jan 10 22:38:11 BOT 2012: ASYNC -> STATS> Tiempo respuesta -0.044133 seg.
Tue Jan 10 22:38:23 BOT 2012: Ajax->Mostrar Comentarios:  
Tue Jan 10 22:39:02 BOT 2012: ASYNC -> STATS> Tiempo respuesta 0.013902 seg.
Tue Jan 10 22:42:50 BOT 2012: Ajax-> Mostrar  Nombre Genero > tono:103681 
Tue Jan 10 22:48:34 BOT 2012: Ajax->Mostrar Nombre Artista:  
Tue Jan 10 22:49:09 BOT 2012: Ajax->Mostrar Comentarios:  
Tue Jan 10 22:54:40 BOT 2012: Ajax-> Mostrar Comentarios> tono:123533 
Tue Jan 10 22:55:19 BOT 2012: Ajax->Mostrar Comentarios:  
Tue Jan 10 22:57:25 BOT 2012: Ajax->Mostrar Comentarios:  
Tue Jan 10 22:57:46 BOT 2012: Ajax->Actualizar pin usuario
Tue Jan 10 22:58:31 BOT 2012: Ajax->Mostrar Reproducciones:  
Tue Jan 10 23:01:20 BOT 2012: Ajax-> Mostrar  Imagen Portada> tono:104035 
Tue Jan 10 23:01:26 BOT 2012: Session Start>  session por defecto 
Tue Jan 10 23:01:38 BOT 2012: Session Start>  session por defecto 
Tue Jan 10 23:04:35 BOT 2012: WEB_REPRODUCIR_BUSQUEDA > Se recibieron:82 tonos
Tue Jan 10 23:07:09 BOT 2012: Ajax-> Mostrar Megusta> tono:142527 
Tue Jan 10 23:11:09 BOT 2012: WEB_REPRODUCIR_BUSQUEDA > Se recibieron:114 tonos
Tue Jan 10 23:14:07 BOT 2012: Ajax->Mostrar Reproducciones:  
Tue Jan 10 23:14:58 BOT 2012: Session Start>  session por defecto 
Tue Jan 10 23:15:58 BOT 2012: Ajax-> Mostrar  Imagen Portada> Album:Artista:  <a href='index.php?seccion=playlist&autor=181'>Octavia</a>
Tue Jan 10 23:19:10 BOT 2012: Ajax->Mostrar Nombre Genero:  
Tue Jan 10 23:19:10 BOT 2012: Ajax->Actualizar pin usuario >recibe el msisdn:75855213 
Tue Jan 10 23:23:05 BOT 2012: ASYNC -> STATS> Tiempo respuesta -0.272806 seg.
Tue Jan 10 23:25:17 BOT 2012: Ajax-> Mostrar Ranking > tono:133736 
Tue Jan 10 23:29:39 BOT 2012: Ajax->Mostrar Nombre Genero:  
Tue Jan 10 23:33:06 BOT 2012: MTD_DB_BUSCAR_ARTISTAS > retornando registros:62
Tue Jan 10 23:35:49 BOT 2012: Ajax->Mostrar Ranking:  
Tue Jan 10 23:37:16 BOT 2012: Ajax->Mostrar Comentarios:  
