Mon Apr 16 20:46:57 BOT 2012: Ajax->Mostrar Imagen Portada:  
Mon Apr 16 20:47:24 BOT 2012: Ajax->Mostrar Reproducciones:  
Mon Apr 16 20:48:09 BOT 2012: ASYNC -> STATS> Tiempo respuesta 0.004905 seg.
Mon Apr 16 20:49:55 BOT 2012: ASYNC -> STATS> Tiempo respuesta 0.001638 seg.
Mon Apr 16 20:50:01 BOT 2012: Ajax->Mostrar Ranking:  
Mon Apr 16 20:50:19 BOT 2012: ASYNC -> STATS> Tiempo respuesta 0.001925 seg.
Mon Apr 16 20:52:55 BOT 2012: Ajax->Mostrar Nombre Artista:  
Mon Apr 16 20:54:34 BOT 2012: Ajax-> Mostrar Ranking > tono:103601 
Mon Apr 16 20:56:47 BOT 2012: Ajax-> Mostrar  Nombre Artista > tono:538 
Mon Apr 16 20:58:56 BOT 2012: Consulta de precio de reason:3 - msisdn: tono:123010 Async responde:350
 
Mon Apr 16 20:59:02 BOT 2012: Ajax->Mostrar Ranking:  
Mon Apr 16 20:59:11 BOT 2012: Asignar backtone escuchado > Asi termino:104463,102968,104504,104000,104682,104207,104681,104503,104445,104434,104074,124976,104073,132464,126681,104432,103605,103604,103603,103602,
Mon Apr 16 21:00:08 BOT 2012: Ajax->Mostrar Nombre Genero:  
Mon Apr 16 21:01:41 BOT 2012: ASYNC -> STATS> Tiempo respuesta 0.712485 seg.
Mon Apr 16 21:02:24 BOT 2012: Ajax->Mostrar Megusta:  
Mon Apr 16 21:05:24 BOT 2012: Ajax-> Mostrar Megusta> tono:104305 
Mon Apr 16 21:07:51 BOT 2012: Ajax->Mostrar Reproducciones:  
Mon Apr 16 21:07:51 BOT 2012: Ajax->Mostrar Nombre Genero:  
Mon Apr 16 21:07:57 BOT 2012: Ajax->Mostrar Ranking:  
Mon Apr 16 21:07:57 BOT 2012: Ajax->Mostrar Ranking:  
Mon Apr 16 21:07:57 BOT 2012: Ajax->Mostrar Nombre Genero:  
Mon Apr 16 21:10:01 BOT 2012: WEB_REPRODUCIR_BUSQUEDA > Se recibieron:41 tonos
