Fri Nov 16 0:18:48 BOT 2012: Ajax->Mostrar Megusta:  
Fri Nov 16 0:43:47 BOT 2012: Busqueda Inteligente: resultados >138846
Fri Nov 16 1:07:33 BOT 2012: ASYNC -> STATS> Tiempo respuesta 0.002705 seg.
Fri Nov 16 1:10:24 BOT 2012: Ajax->Mostrar Ranking:  
Fri Nov 16 1:15:22 BOT 2012: Ajax->Mostrar Ranking:  
Fri Nov 16 1:34:37 BOT 2012: Session Start>  session por defecto 
Fri Nov 16 1:43:42 BOT 2012: session-default => asignando por default session
Fri Nov 16 1:46:42 BOT 2012: Busqueda Inteligente: 
Fri Nov 16 9:05:55 BOT 2012: Error al consultar precio de renovacion - msisdn: tono:127754 - Async responde -3
Fri Nov 16 9:05:58 BOT 2012: ASYNC -> STATS> Tiempo respuesta 0.0028330000000001 seg.
Fri Nov 16 9:11:35 BOT 2012: Consulta de precio de reason:10 - msisdn: tono:131821 Async responde:350
 
Fri Nov 16 9:30:23 BOT 2012: ASYNC -> STATS> Tiempo respuesta 0.003345 seg.
Fri Nov 16 9:37:10 BOT 2012: Ajax->Mostrar Megusta:  
Fri Nov 16 9:42:38 BOT 2012: Asignar backtone escuchado > Asi termino:127757,127759,127754,127756,115942,131821,127752,128311,105672,127765,127763,127760,127767,135108,
Fri Nov 16 9:49:45 BOT 2012: Ajax->Mostrar Nombre Genero:  
Fri Nov 16 9:52:27 BOT 2012: Ajax-> Mostrar Ranking > tono:155502 
Fri Nov 16 9:57:46 BOT 2012: Ajax-> Mostrar Ranking > tono:137972 
Fri Nov 16 9:57:46 BOT 2012: Ajax->Mostrar Ranking:  
Fri Nov 16 9:58:22 BOT 2012: Asignar backtone escuchado > Asi termino:103458,103462,130814,
Fri Nov 16 10:12:22 BOT 2012: Ajax->Mostrar Comentarios:  
Fri Nov 16 10:13:58 BOT 2012: Ajax->Mostrar Nombre Genero:  
Fri Nov 16 10:19:00 BOT 2012: Asignar backtone escuchado > Asi termino:103834,129417,104508,144654,109240,104393,240,127767,155398,130802,139727,
Fri Nov 16 10:19:39 BOT 2012: Consulta de precio de reason:5 - msisdn: tono:145309 Async responde:350
 
Fri Nov 16 10:19:48 BOT 2012: Ajax-> Mostrar Ranking > tono:126462 
Fri Nov 16 10:27:56 BOT 2012: Ajax->Mostrar Megusta:  
Fri Nov 16 10:34:45 BOT 2012: Busqueda Inteligente: resultados >104648
Fri Nov 16 10:39:12 BOT 2012: Ajax-> Mostrar  Imagen Portada> tono:103777 
Fri Nov 16 10:40:10 BOT 2012: Ajax->Mostrar Reproducciones:  
Fri Nov 16 10:43:07 BOT 2012: Mostrar Ranking: tono:103887 calificacion: 
Fri Nov 16 10:46:41 BOT 2012: ASYNC -> STATS> Tiempo respuesta 0.06901 seg.
Fri Nov 16 10:46:47 BOT 2012: Ajax->Mostrar Reproducciones:  
Fri Nov 16 10:54:36 BOT 2012: Check Session > msisdn: 76418283 > Usuario Valido 
Fri Nov 16 10:54:57 BOT 2012: Ajax->Mostrar Imagen Portada:  
Fri Nov 16 10:55:21 BOT 2012: Ajax->Mostrar Megusta:  
Fri Nov 16 10:59:25 BOT 2012: Ajax->Mostrar Ranking:  
Fri Nov 16 11:00:04 BOT 2012: Ajax-> Mostrar  Imagen Portada> Album:Artista:  <a href='index.php?seccion=playlist&autor=748'>Matamba</a>
Fri Nov 16 11:09:45 BOT 2012: Ajax->Mostrar Nombre Genero:  
Fri Nov 16 11:10:51 BOT 2012: Ajax->Mostrar Megusta:  
Fri Nov 16 11:11:54 BOT 2012: Asignar backtone escuchado > Asi termino:103499,114,123010,592,104532,138311,104108,150318,104658,82,120,137972,147197,147195,131767,131765,131764,131762,131758,131757,
Fri Nov 16 11:11:57 BOT 2012: ASYNC -> STATS> Tiempo respuesta -0.014466 seg.
Fri Nov 16 11:12:06 BOT 2012: Ajax-> Mostrar Ranking > tono:133736 
Fri Nov 16 11:13:30 BOT 2012: Ajax-> Mostrar Ranking > tono:155386 
Fri Nov 16 11:17:16 BOT 2012: Busqueda de Backtones Intel: 
 SQL:SELECT t.id, t.nombre as tono,aut.nombre as autor, alb.imagen, round(avg(wr.calificacion),0) as calificacion
                    FROM tonos as t
                    inner join autores as aut on ( t.autor = aut.id)
                    inner join billing as bil on (t.billing = bil.caso  and bil.concepto=2)
                    left join albumes as alb on (t.album = alb.id_album)
                    left join web_tonos_ranking as wr on (t.id = wr.tonos_id)
                    WHERE
                    t.id > 0
                     AND t.genero =175 
                    and t.categoria <> 207 and t.interfases &1 
                    group by t.id, t.nombre ,aut.nombre , alb.imagen
                    order by t.nombre ,aut.nombre 
                    limit 114 
Fri Nov 16 11:20:04 BOT 2012: Ajax->Mostrar Ranking:  
Fri Nov 16 11:23:11 BOT 2012: Ajax->Mostrar Nombre Artista:  
Fri Nov 16 11:32:00 BOT 2012: Ajax->Mostrar Nombre Artista:  
Fri Nov 16 11:32:36 BOT 2012: Ajax->Mostrar Reproducciones:  
Fri Nov 16 11:33:46 BOT 2012: Busqueda Inteligente: resultados >103442
Fri Nov 16 11:39:50 BOT 2012: Ajax->Mostrar Imagen Portada:  
Fri Nov 16 11:41:26 BOT 2012: Asignar backtone escuchado > Asi termino:126152,125516,135975,136220,135954,127300,152504,124243,103498,135274,104532,
Fri Nov 16 11:42:11 BOT 2012: STATS > BUSQUEDA DE BACKTONE >Tiempo: -0.340403 seg. | registros: 15
Fri Nov 16 11:47:48 BOT 2012: Mostrar Album: >albumes/album-default.jpg
Fri Nov 16 11:50:19 BOT 2012: Mostrar Ranking: tono:116510 calificacion: 
Fri Nov 16 11:52:19 BOT 2012: Ajax-> Mostrar Ranking > tono:103189 
Fri Nov 16 12:05:51 BOT 2012: Ajax->Mostrar Nombre Genero:  
Fri Nov 16 12:11:07 BOT 2012: Consulta de precio de reason:2 - msisdn: tono:155472 Async responde:350
 
Fri Nov 16 12:13:53 BOT 2012: Ajax-> Mostrar  Nombre Genero > tono:103086 
Fri Nov 16 12:16:08 BOT 2012: Session Start>  session por defecto 
Fri Nov 16 12:16:59 BOT 2012: Ajax-> Mostrar Ranking > tono:156788 
Fri Nov 16 12:30:11 BOT 2012: Ajax->Mostrar Megusta:  
Fri Nov 16 12:33:14 BOT 2012: Ajax->Mostrar Megusta:  
Fri Nov 16 12:35:30 BOT 2012: Ajax->Mostrar Ranking:  
Fri Nov 16 12:36:39 BOT 2012: WEB_REPRODUCIR_BUSQUEDA > Se recibieron:15 tonos
Fri Nov 16 12:36:57 BOT 2012: Ajax->Mostrar Ranking:  
Fri Nov 16 12:44:04 BOT 2012: Ajax->Mostrar Megusta:  
Fri Nov 16 12:44:34 BOT 2012: Ajax-> Comprar Backtone: msisdn: 
Fri Nov 16 12:47:11 BOT 2012: Ajax-> Mostrar Comentarios> tono:104553 
Fri Nov 16 12:47:47 BOT 2012: Ajax-> Mostrar  Imagen Portada> Album:Artista:  <a href='index.php?seccion=playlist&autor=416'>Voltaje</a>
Fri Nov 16 12:50:08 BOT 2012: ASYNC -> STATS> Tiempo respuesta 0.013875 seg.
Fri Nov 16 12:50:17 BOT 2012: Ajax-> Mostrar Ranking > tono:104260 
Fri Nov 16 12:50:20 BOT 2012: Ajax->Mostrar Nombre Artista:  
Fri Nov 16 12:50:51 BOT 2012: Ajax-> Mostrar  Imagen Portada> tono:155280 
Fri Nov 16 12:51:45 BOT 2012: Mostrar Cantidad reproducciones: tono:145222 cantidad: 0
Fri Nov 16 12:54:27 BOT 2012: Ajax->Mostrar Ranking:  
Fri Nov 16 12:54:54 BOT 2012: Asignar backtone escuchado > Asi termino:144149,104482,
Fri Nov 16 12:54:57 BOT 2012: Ajax->Mostrar Megusta:  
Fri Nov 16 12:55:09 BOT 2012: Ajax->Mostrar Nombre Genero:  
Fri Nov 16 12:55:57 BOT 2012: Asignar backtone escuchado > Asi termino:103159,103157,103291,550,104363,108595,155,133881,104510,104508,136214,136198,135975,135973,147530,104797,135950,136043,103542,103551,
Fri Nov 16 12:59:16 BOT 2012: Ajax-> Mostrar Comentarios> tono:131627 
Fri Nov 16 13:00:10 BOT 2012: ASYNC -> STATS> Tiempo respuesta 0.002837 seg.
Fri Nov 16 13:00:22 BOT 2012: Ajax->Mostrar Reproducciones:  
Fri Nov 16 13:06:20 BOT 2012: Ajax->Mostrar Nombre Genero:  
Fri Nov 16 13:08:00 BOT 2012: Ajax->Mostrar Megusta:  
Fri Nov 16 13:08:18 BOT 2012: Consulta de precio de reason:3 - msisdn: tono:157848 Async responde:350
 
Fri Nov 16 13:11:21 BOT 2012: Asignar backtone escuchado > Asi termino:150138,150038,130802,130806,150140,135057,150304,139727,150142,130814,150144,130804,107585,134028,107586,103482,134025,103428,156794,
Fri Nov 16 13:11:30 BOT 2012: Ajax->Mostrar Imagen Portada:  
Fri Nov 16 13:11:33 BOT 2012: Mostrar Cantidad reproducciones: tono:157090 cantidad: 0
Fri Nov 16 13:13:01 BOT 2012: Ajax-> Mostrar Comentarios> tono:105524 
Fri Nov 16 13:14:31 BOT 2012: WEB_REPRODUCIR_BUSQUEDA > Se recibieron:2 tonos
Fri Nov 16 13:15:07 BOT 2012: Busqueda Inteligente: 
Fri Nov 16 13:15:28 BOT 2012: Ajax-> Mostrar Megusta> tono:157854 
Fri Nov 16 13:22:26 BOT 2012: Ajax-> Mostrar Comentarios> tono:134685 
Fri Nov 16 13:26:00 BOT 2012: Ajax->Mostrar Nombre Artista:  
Fri Nov 16 13:26:21 BOT 2012: Mostrar Genero: >G&eacute;nero:  <a href='index.php?seccion=playlist&genero=143'>Latinas</a>
Fri Nov 16 13:29:36 BOT 2012: ASYNC -> STATS> Tiempo respuesta 0.213174 seg.
Fri Nov 16 13:29:42 BOT 2012: Ajax->Mostrar Ranking:  
Fri Nov 16 13:35:55 BOT 2012: Ajax->Mostrar Nombre Artista:  
Fri Nov 16 13:37:17 BOT 2012: Ajax-> Mostrar Ranking > tono:105561 
Fri Nov 16 13:39:59 BOT 2012: Ajax-> Mostrar Ranking > tono:104249 
Fri Nov 16 13:41:05 BOT 2012: Ajax->Mostrar Ranking:  
Fri Nov 16 13:41:05 BOT 2012: Ajax->Mostrar Reproducciones:  
Fri Nov 16 13:41:08 BOT 2012: ASYNC -> STATS> Tiempo respuesta -0.067755 seg.
Fri Nov 16 13:44:03 BOT 2012: Ajax->Mostrar Megusta:  
Fri Nov 16 13:45:39 BOT 2012: Ajax->Mostrar Nombre Artista:  
Fri Nov 16 13:46:24 BOT 2012: Ajax-> Mostrar Comentarios> tono:142913 
Fri Nov 16 13:47:09 BOT 2012: ASYNC -> STATS> Tiempo respuesta 0.0042519999999999 seg.
Fri Nov 16 13:49:49 BOT 2012: Ajax-> Mostrar  Imagen Portada> tono:155 
Fri Nov 16 13:51:28 BOT 2012: Ajax-> Mostrar  Imagen Portada> tono:105546 
Fri Nov 16 13:55:47 BOT 2012: ASYNC -> STATS> Tiempo respuesta -0.334914 seg.
Fri Nov 16 14:00:39 BOT 2012: ASYNC -> STATS> Tiempo respuesta -0.10811 seg.
Fri Nov 16 14:02:36 BOT 2012: Ajax->Mostrar Reproducciones:  
Fri Nov 16 14:03:45 BOT 2012: ASYNC -> STATS> Tiempo respuesta 0.23681 seg.
Fri Nov 16 14:06:49 BOT 2012: ASYNC -> STATS> Tiempo respuesta 0.009622 seg.
Fri Nov 16 14:08:43 BOT 2012: Ajax-> Mostrar Megusta> tono:103428 
Fri Nov 16 14:10:10 BOT 2012: Ajax->Mostrar Ranking:  
Fri Nov 16 14:19:00 BOT 2012: Ajax->Mostrar Comentarios:  
Fri Nov 16 14:20:12 BOT 2012: Ajax->Mostrar Megusta:  
Fri Nov 16 14:21:12 BOT 2012: Ajax->Mostrar Nombre Artista:  
Fri Nov 16 14:24:04 BOT 2012: Busqueda Inteligente: Grupo Play
Fri Nov 16 14:26:07 BOT 2012: Busqueda Inteligente: resultados >102713
Fri Nov 16 14:28:20 BOT 2012: Ajax->Mostrar Nombre Genero:  
Fri Nov 16 14:30:38 BOT 2012: Ajax-> Mostrar Ranking > tono:104967 
Fri Nov 16 14:32:32 BOT 2012: Ajax->Mostrar Megusta:  
Fri Nov 16 14:33:42 BOT 2012: Mostrar Ranking: tono:131751 calificacion: 
Fri Nov 16 14:34:15 BOT 2012: Ajax-> Mostrar  Nombre Artista > tono:127417 
Fri Nov 16 14:40:55 BOT 2012: Ajax->Mostrar Nombre Genero:  
Fri Nov 16 14:44:25 BOT 2012: Ajax->Mostrar Nombre Genero:  
Fri Nov 16 14:45:11 BOT 2012: Ajax-> Mostrar  Imagen Portada> tono:102681 
Fri Nov 16 14:48:44 BOT 2012: ASYNC -> STATS> Tiempo respuesta -0.20032 seg.
Fri Nov 16 14:48:50 BOT 2012: Ajax->Mostrar Ranking:  
Fri Nov 16 14:48:50 BOT 2012: Ajax->Mostrar Ranking:  
Fri Nov 16 14:48:53 BOT 2012: ASYNC -> STATS> Tiempo respuesta 0.648711 seg.
Fri Nov 16 14:49:59 BOT 2012: Ajax->Mostrar Imagen Portada:  
Fri Nov 16 14:57:22 BOT 2012: Ajax->Mostrar Megusta:  
Fri Nov 16 15:04:05 BOT 2012: Ajax-> Mostrar Megusta> tono:103695 
Fri Nov 16 15:05:50 BOT 2012: Ajax->Mostrar Megusta:  
Fri Nov 16 15:15:07 BOT 2012: Ajax-> Mostrar Comentarios> tono:105036 
Fri Nov 16 15:15:28 BOT 2012: Busqueda Inteligente: Julieta Venegas
Fri Nov 16 15:15:43 BOT 2012: ASYNC -> STATS> Tiempo respuesta 0.003939 seg.
Fri Nov 16 15:18:22 BOT 2012: Ajax->Mostrar Imagen Portada:  
Fri Nov 16 15:20:26 BOT 2012: Ajax->Mostrar Nombre Artista:  
Fri Nov 16 15:21:02 BOT 2012: Mostrar Album: >Artista:  <a href='index.php?seccion=playlist&autor=58'>Julieta Venegas</a>
Fri Nov 16 15:26:15 BOT 2012: WEB_REPRODUCIR_BUSQUEDA > Se recibieron:25 tonos
Fri Nov 16 15:27:39 BOT 2012: Ajax-> Mostrar  Imagen Portada> tono:156 
Fri Nov 16 15:31:24 BOT 2012: Busqueda Inteligente: resultados >103480
Fri Nov 16 15:34:22 BOT 2012: Ajax-> Mostrar Megusta> tono:103453 
Fri Nov 16 15:34:25 BOT 2012: Ajax->Mostrar Nombre Artista:  
Fri Nov 16 15:34:46 BOT 2012: Ajax->Mostrar Ranking:  
Fri Nov 16 15:35:37 BOT 2012: Busqueda Inteligente: Resultado 
 -1 
Fri Nov 16 15:38:23 BOT 2012: Ajax->Mostrar Megusta:  
Fri Nov 16 15:40:50 BOT 2012: Ajax->Mostrar Nombre Genero:  
Fri Nov 16 15:41:05 BOT 2012: Ajax->Mostrar Reproducciones:  
Fri Nov 16 15:41:23 BOT 2012: Ajax-> Mostrar Ranking > tono:103477 
Fri Nov 16 15:41:23 BOT 2012: ASYNC -> STATS> Tiempo respuesta 0.02273 seg.
Fri Nov 16 15:41:23 BOT 2012: ASYNC -> STATS> Tiempo respuesta 0.866448 seg.
Fri Nov 16 15:43:09 BOT 2012: Consulta de precio de reason:2 - msisdn: tono:147873 Async responde:350
 
Fri Nov 16 15:43:09 BOT 2012: Ajax-> Mostrar  Imagen Portada> tono:102774 
Fri Nov 16 15:43:12 BOT 2012: ASYNC -> STATS> Tiempo respuesta 0.016623 seg.
Fri Nov 16 15:43:15 BOT 2012: ASYNC -> STATS> Tiempo respuesta 0.008912 seg.
Fri Nov 16 15:43:36 BOT 2012: Mostrar Megusta> tono: 102621 msisdn:77258884 > 001
Fri Nov 16 15:44:42 BOT 2012: Ajax->Mostrar Megusta:  
Fri Nov 16 15:45:00 BOT 2012: Busqueda Inteligente: Britney spears
Fri Nov 16 15:45:18 BOT 2012: Ajax-> Mostrar  Nombre Genero > tono:137820 
Fri Nov 16 15:47:51 BOT 2012: ASYNC -> STATS> Tiempo respuesta 0.721405 seg.
Fri Nov 16 15:48:16 BOT 2012: ASYNC -> STATS> Tiempo respuesta 0.00378 seg.
Fri Nov 16 15:50:37 BOT 2012: Check Session > msisdn: 77258884 > Usuario Valido 
Fri Nov 16 15:53:31 BOT 2012: Mostrar Ranking: tono:102821 calificacion: 
Fri Nov 16 15:57:59 BOT 2012: Ajax-> Mostrar Ranking > tono:102735 
Fri Nov 16 15:58:47 BOT 2012: ASYNC -> STATS> Tiempo respuesta 0.0036440000000001 seg.
Fri Nov 16 15:58:50 BOT 2012: Session Start>  Chequeo de sesion
Fri Nov 16 16:00:21 BOT 2012: Ajax->Mostrar Reproducciones:  
Fri Nov 16 16:06:25 BOT 2012: Ajax-> Mostrar  Nombre Genero > tono:105372 
Fri Nov 16 16:08:37 BOT 2012: Ajax->Mostrar Nombre Artista:  
Fri Nov 16 16:16:30 BOT 2012: Mostrar Comentarios : tono:104894 
Fri Nov 16 16:17:27 BOT 2012: Ajax->Mostrar Reproducciones:  
Fri Nov 16 16:18:06 BOT 2012: Ajax->Mostrar Nombre Artista:  
Fri Nov 16 16:22:34 BOT 2012: ASYNC -> STATS> Tiempo respuesta -0.390578 seg.
Fri Nov 16 16:22:40 BOT 2012: ASYNC -> STATS> Tiempo respuesta 0.013677 seg.
Fri Nov 16 16:34:57 BOT 2012: Checklogin > msisdn: 76600922 , pin:aaQSqAReePlq6 => Usuario invalido
Fri Nov 16 16:40:25 BOT 2012: Ajax-> Mostrar  Nombre Artista > tono:103991 
Fri Nov 16 16:40:49 BOT 2012: Session Start>  session por defecto 
Fri Nov 16 16:41:59 BOT 2012: MTD_DB_BUSCAR_ARTISTAS > retornando registros:1
Fri Nov 16 17:05:21 BOT 2012: Ajax-> Mostrar Comentarios> tono:102659 
Fri Nov 16 17:10:31 BOT 2012: ASYNC -> STATS> Tiempo respuesta 0.005781 seg.
Fri Nov 16 17:11:49 BOT 2012: ASYNC -> STATS> Tiempo respuesta 0.0028450000000001 seg.
Fri Nov 16 17:13:25 BOT 2012: Mostrar Album: >Artista:  <a href='index.php?seccion=playlist&autor=646'>Vico C</a>
Fri Nov 16 17:26:55 BOT 2012: Ajax-> Mostrar  Imagen Portada> tono:104190 
Fri Nov 16 17:28:07 BOT 2012: Asignar backtone escuchado > Asi termino:620,104827,132466,104190,104174,
Fri Nov 16 17:36:30 BOT 2012: Ajax-> Mostrar  Nombre Artista > tono:103729 
Fri Nov 16 17:47:26 BOT 2012: Ajax->Mostrar Reproducciones:  
Fri Nov 16 17:48:56 BOT 2012: Ajax-> Mostrar Ranking > tono:104832 
Fri Nov 16 17:49:53 BOT 2012: Ajax-> Mostrar Ranking > tono:105282 
Fri Nov 16 17:51:41 BOT 2012: Ajax-> Mostrar  Nombre Artista > tono:105534 
Fri Nov 16 17:57:48 BOT 2012: Asignar backtone escuchado > Asi termino:622,621,104829,293,620,104827,519,518,517,516,515,142893,142890,144187,142901,126473,145319,104826,104832,627,
Fri Nov 16 17:57:48 BOT 2012: Ajax->Mostrar Reproducciones:  
Fri Nov 16 17:58:18 BOT 2012: ASYNC -> STATS> Tiempo respuesta 0.0023810000000001 seg.
Fri Nov 16 17:59:46 BOT 2012: ASYNC -> STATS> Tiempo respuesta -0.00089700000000001 seg.
Fri Nov 16 17:59:58 BOT 2012: Ajax->Mostrar Ranking:  
Fri Nov 16 17:59:58 BOT 2012: ASYNC -> STATS> Tiempo respuesta -0.080102 seg.
Fri Nov 16 17:59:58 BOT 2012: Asignar backtone escuchado > Asi termino:240,126100,118725,103458,103462,127447,131812,131819,103466,103486,109659,131816,109240,112470,112469,155170,112706,112707,112468,124025,
Fri Nov 16 18:00:22 BOT 2012: Ajax->Mostrar Comentarios:  
Fri Nov 16 18:04:22 BOT 2012: Busqueda Inteligente: resultados >103825
Fri Nov 16 18:04:41 BOT 2012: Ajax->Mostrar Ranking:  
Fri Nov 16 18:05:20 BOT 2012: Ajax->Mostrar Ranking:  
Fri Nov 16 18:06:20 BOT 2012: Ajax-> Mostrar Ranking > tono:157928 
Fri Nov 16 18:10:27 BOT 2012: ASYNC -> STATS> Tiempo respuesta 0.017279 seg.
Fri Nov 16 18:10:30 BOT 2012: ASYNC -> STATS> Tiempo respuesta -0.005059 seg.
Fri Nov 16 18:10:39 BOT 2012: Ajax->Mostrar Reproducciones:  
Fri Nov 16 18:10:39 BOT 2012: Ajax->Mostrar Megusta:  
Fri Nov 16 18:10:42 BOT 2012: ASYNC -> STATS> Tiempo respuesta -0.758546 seg.
Fri Nov 16 18:10:54 BOT 2012: Ajax->Mostrar Reproducciones:  
Fri Nov 16 18:14:00 BOT 2012: Ajax-> Mostrar  Nombre Artista > tono:126679 
Fri Nov 16 18:14:36 BOT 2012: ASYNC -> STATS> Tiempo respuesta 0.004158 seg.
Fri Nov 16 18:16:07 BOT 2012: Ajax-> Mostrar Ranking > tono:127752 
Fri Nov 16 18:16:58 BOT 2012: ASYNC -> STATS> Tiempo respuesta 0.00255 seg.
Fri Nov 16 18:18:52 BOT 2012: Ajax-> Mostrar Ranking > tono:105533 
Fri Nov 16 18:19:46 BOT 2012: Ajax-> Mostrar  Nombre Artista > tono:144694 
Fri Nov 16 18:21:10 BOT 2012: Ajax-> Mostrar  Nombre Artista > tono:123542 
Fri Nov 16 18:22:35 BOT 2012: Ajax-> Mostrar  Nombre Artista > tono:103474 
Fri Nov 16 18:22:50 BOT 2012: Ajax->Mostrar Imagen Portada:  
Fri Nov 16 18:23:02 BOT 2012: Ajax-> Mostrar  Imagen Portada> tono:103772 
Fri Nov 16 18:24:08 BOT 2012: ASYNC -> STATS> Tiempo respuesta 0.196882 seg.
Fri Nov 16 18:24:20 BOT 2012: Ajax-> Mostrar Ranking > tono:625 
Fri Nov 16 18:28:51 BOT 2012: Consulta de precio de reason:2 - msisdn: tono:131625 Async responde:350
 
Fri Nov 16 18:28:51 BOT 2012: Ajax->Mostrar Ranking:  
Fri Nov 16 18:30:03 BOT 2012: Ajax->Mostrar Comentarios:  
Fri Nov 16 18:30:12 BOT 2012: Mostrar Album: >Artista:  <a href='index.php?seccion=playlist&autor=224'>VILMA PALMA E VAMPIROS</a>
Fri Nov 16 18:30:21 BOT 2012: WEB_REPRODUCIR_BUSQUEDA > Se recibieron:14 tonos
Fri Nov 16 18:32:39 BOT 2012: ASYNC -> STATS> Tiempo respuesta 0.772463 seg.
Fri Nov 16 18:34:55 BOT 2012: Busqueda Inteligente: resultados >145182
Fri Nov 16 18:39:08 BOT 2012: Mostrar Genero: >G&eacute;nero:  <a href='index.php?seccion=playlist&genero=159'>Sonidos</a>
Fri Nov 16 18:39:11 BOT 2012: Ajax->Mostrar Nombre Artista:  
Fri Nov 16 18:39:50 BOT 2012: Ajax->Mostrar Imagen Portada:  
Fri Nov 16 18:42:11 BOT 2012: Ajax-> Mostrar Megusta> tono:105702 
Fri Nov 16 18:42:17 BOT 2012: ASYNC -> STATS> Tiempo respuesta 0.004977 seg.
Fri Nov 16 18:42:59 BOT 2012: Ajax->Mostrar Comentarios:  
Fri Nov 16 18:43:05 BOT 2012: ASYNC -> STATS> Tiempo respuesta 0.002757 seg.
Fri Nov 16 18:53:49 BOT 2012: Ajax->Mostrar Imagen Portada:  
Fri Nov 16 18:56:05 BOT 2012: Asignar backtone escuchado > Asi termino:103328,102622,
Fri Nov 16 19:01:48 BOT 2012: Busqueda Inteligente: Resultado 
 115885;Estar enamorado;Golpe a Golpe;Cumbia
150146;Amor Bandido;Opratel;Reggaeton
126683;El golpe traidor;Los Tigres del Norte;Rancheras
128297;Golpes En El Corazon MTV;Los Tigres del Norte;Latinas
103476;2mi enamorada;nectar;Latinas
104120;A que te enamoras;Chapa C;Reggaeton
110187;adios amor;New Bolivia band;Cumbia
127855;Adios amor Opratel2;Opratel;Mi Promo ConTigo
103685;AeAeDoAmor;Chichicuilote;Sonidos
205;Amor;Christian Castro;Latinas
145895;Amor ;Laura Bozzo;Latinas
150078;Amor Amor;Agua Marina;Cumbia
104121;Amor Amor;Chapa C;Reggaeton
102818;amor anejo;Los Internacionales;Latinas
104789;Amor Aventurero;Marc Anthony;Marc Anthony
130832;Amor Clandestino;Mana Opratel;Mi Promo ConTigo
155198;Amor Confuso;Opratel;Latinas
102695;Amor de Adolecentes;El Polaco;Cumbia
323;Amor de chat;El original;Latinas
102539;Amor de Colegio;Play;Latinas
104612;Amor De Los Dos En Vivo;Vicente Fernandez;Vicente Fernandez
240;Amor de madre;Aventura;Cumbia
141080;Amor De Mi Adolecencia;Mexico Chico;Folklore
110188;amor de mis amores;New Bolivia band;Cumbia
104465;Amor de Ping Pong;Bruno e Marrone; Brasileras
325;Amor en bici;La banda de lechuga;Cumbia
104069;Amor En Sombras Remexiero Ser Remix;Vicente Fernandez;Vicente Fernandez
110214;amor equivocado;La 7_55;Latinas
199;Amor eterno;Christian Castro;Latinas
104199;Amor Eterno_;Juan Gabriel;Rancheras
103824;Amor frances;Version Opratel;Latinas
103224;Amor gitano;Alejandro Fernandez;Latinas
103997;Amor Inmortal;Chayanne;Latinas
132466;Amor Opratel;Erick Elera Opratel;Cumbia
104307;Amor Pirata;Grupo Uno;Cumbia
155258;Amor Pirata;Opratel;Cumbia
104894;Amor platonico-;Verduleros;Latinas
155098;Amor Puro;El Novato;Cristianas
104968;Amor Salvaje;Soledad Pastorutti;Latinas
140825;Amor Salvaje;Version Solumovil;Chistes
104745;Amor Se Paga Con Amor;Jennifer Lopez;Latinas
102673;amor secreto;Luis Fonsi;Luis Fonsi
104107;Amor sin precio;Shamanes;Reggaeton
104846;Amor Sincero;Fanny Lu;Latinas
103303;amor verdadero;PK2;Latinas
103414;Amorcito;Viviana Gibelli;Sonidos
102742;Amorcito Corazon;Mbarete;Sonidos
102537;Amores como el nuestro;los Charros;Cumbia
145158;Amores Del Sur Album Version;David Bisbal;Latinas
144688;Amores Del Sur Album Version;David Bisbal;Latinas
103598;AmorEterno;Vicente Fernandez;Vicente Fernandez
103671;AmorGitano;Alejandro Fernandez;Latinas
103506;AmorPrimero;Reik;Latinas
102805;Corazon Bandido;Los Brons;Latinas
97;El bandido;Jay D;Latinas
125098;Sos un Bandido;La Kchorra;Cumbia
103599;AmorSinCuenta;Vicente Fernandez;Vicente Fernandez
103089;Atado a tu amor;Chayanne;Latinas
103072;Ay amor;Alejandro Fernandez;Latinas
104598;Ay amor aspirante;Aspirante;Reggaeton
104602;Ay amor sebastian;Sebastian;Latinas
155236;Baile De Amor;Opratel;Reggaeton
150074;Basta ya mi amor;Agua Marina;Cumbia
104639;borracho de amor;Remixeros;Cumbia
104913;Brujula de Amor;El original;Latinas
104393;Burbujas de Amor;Aventura;Cumbia
105523;Burbujas de amor 2;La Konga;Salsa y Merengue
131837;Buscando El Amor;Yalo cuellar;Folklore
105044;Buscando L Amor;Sonohra;Latinas
434;Cantare de tu amor;Danilo Montero;Cristianas
105312;Chao Amor;La Gente de Omar;Latinas
456;Chau amor;The Kings of  Reggaeton;Latinas
150218;Ciego Amor;La 7_55;Latinas
104011;Ciego de amor;La 7_55;Latinas
122648;Ciudad del amor ;Qmbia Juan;Cumbia
104313;Clase de amor;Juanes;Latinas
103238;CompletamenteEnamorados;Chayanne;Latinas
104251;Con Tu Amor;Juan Gabriel;Rancheras
150084;Condena de Amor;Agua Marina;Cumbia
105292;Confiare;Coalo_Zamorano;Cristianas
114591;Confusion de amor bicentenario;Gisela Santa Cruz;Tarija
105423;Contrabando De Amor;Los fabulosos cadillacs;Latinas
103052;cosas del amor;Marilyn;Cumbia
110100;crece mas mi amor por ti;Jesus Adrian Romero;Cristianas
109915;cuando me enamoro;Enrique Iglesias feat Juan Luis Guerra;Latinas
106005;Cuando me enamoro-;Enrique Iglesias feat Juan Luis Guerra;Latinas
102873;cuidar nuestro amor;David Bisal;Latinas
155090;Dame de tu amor;El Novato;Cristianas
103084;Dame el fuego de tu amor;Ataque77;Latinas
104610;Debia ser amor;ISA;Infantiles
103567;Dell amore non si sa;Bocelli;Clasicos
134030;Detective De Tu Amor;Zion and Lennox;Latinas
105742;Dile al amor;Version Opratel;Latinas
128953;Dine si este amor se acabo;Guille el Invencible Opratel;Mi Promo ConTigo
150088;Dolor de Amor;Agua Marina;Cumbia
135133;Donde Esta El Amor;fRANCO dE vITA;Lati 
Fri Nov 16 19:03:12 BOT 2012: Ajax->Mostrar Reproducciones:  
Fri Nov 16 19:10:55 BOT 2012: ASYNC -> STATS> Tiempo respuesta 0.284084 seg.
Fri Nov 16 19:11:16 BOT 2012: Ajax->Mostrar Ranking:  
Fri Nov 16 19:12:43 BOT 2012: Busqueda Inteligente: resultados >105366
Fri Nov 16 19:12:52 BOT 2012: Busqueda de Backtones Intel: 
 SQL:SELECT t.id, t.nombre as tono,aut.nombre as autor, alb.imagen, round(avg(wr.calificacion),0) as calificacion
                    FROM tonos as t
                    inner join autores as aut on ( t.autor = aut.id)
                    inner join billing as bil on (t.billing = bil.caso  and bil.concepto=2)
                    left join albumes as alb on (t.album = alb.id_album)
                    left join web_tonos_ranking as wr on (t.id = wr.tonos_id)
                    WHERE
                    FIND_IN_SET(t.id, '131771,,')
                     AND t.autor=1402 
                    and t.categoria <> 207 and t.interfases &1 
                    group by t.id, t.nombre ,aut.nombre , alb.imagen
                    order by FIND_IN_SET(t.id, '131771,,')
                    limit 114 
Fri Nov 16 19:18:50 BOT 2012: ASYNC -> STATS> Tiempo respuesta 0.486325 seg.
Fri Nov 16 19:24:33 BOT 2012: Busqueda Inteligente: resultados >127433
Fri Nov 16 19:27:40 BOT 2012: Ajax->Mostrar Reproducciones:  
Fri Nov 16 19:28:16 BOT 2012: Ajax-> Mostrar Megusta> tono:152506 
Fri Nov 16 19:32:00 BOT 2012: Busqueda Inteligente: resultados >104557
Fri Nov 16 19:38:39 BOT 2012: Ajax->Mostrar Megusta:  
Fri Nov 16 19:41:33 BOT 2012: Ajax-> Mostrar Ranking > tono:109663 
Fri Nov 16 19:42:09 BOT 2012: Ajax->Mostrar Megusta:  
Fri Nov 16 19:47:46 BOT 2012: Ajax->Mostrar Reproducciones:  
Fri Nov 16 19:54:08 BOT 2012: Ajax->Mostrar Reproducciones:  
Fri Nov 16 20:03:37 BOT 2012: Ajax->Mostrar Ranking:  
Fri Nov 16 20:04:31 BOT 2012: ASYNC -> STATS> Tiempo respuesta 0.002387 seg.
Fri Nov 16 20:07:02 BOT 2012: ASYNC -> STATS> Tiempo respuesta 0.003552 seg.
Fri Nov 16 20:08:14 BOT 2012: Asignar backtone escuchado > Asi termino:128311,127765,127759,157928,103458,103462,
Fri Nov 16 20:09:29 BOT 2012: Ajax->Mostrar Reproducciones:  
Fri Nov 16 20:14:03 BOT 2012: ASYNC -> STATS> Tiempo respuesta -0.141092 seg.
Fri Nov 16 20:15:36 BOT 2012: Ajax->Mostrar Comentarios:  
Fri Nov 16 20:16:36 BOT 2012: Ajax-> Mostrar  Nombre Genero > tono:436 
Fri Nov 16 20:23:50 BOT 2012: ASYNC -> STATS> Tiempo respuesta 0.00283 seg.
Fri Nov 16 20:24:53 BOT 2012: Ajax-> Mostrar  Imagen Portada> tono:103436 
Fri Nov 16 20:28:08 BOT 2012: Ajax->Mostrar Reproducciones:  
Fri Nov 16 20:30:36 BOT 2012: Ajax->Mostrar Ranking:  
Fri Nov 16 20:34:46 BOT 2012: Asignar backtone escuchado > Asi termino:109243,449,109242,135727,104279,448,109314,102650,102693,103342,109240,104393,240,109397,144149,157090,276,509,
Fri Nov 16 20:35:40 BOT 2012: ASYNC -> STATS> Tiempo respuesta 0.219078 seg.
Fri Nov 16 20:36:40 BOT 2012: Ajax-> Mostrar  Imagen Portada> tono:109246 
Fri Nov 16 20:41:29 BOT 2012: Ajax-> Mostrar  Imagen Portada> tono:132110 
Fri Nov 16 20:43:47 BOT 2012: Ajax->Mostrar Reproducciones:  
Fri Nov 16 20:44:59 BOT 2012: Ajax->Mostrar Imagen Portada:  
Fri Nov 16 20:50:42 BOT 2012: Ajax->Mostrar Nombre Genero:  
Fri Nov 16 20:51:22 BOT 2012: Asignar backtone escuchado > Asi termino:107799,107797,113631,127754,127757,127759,155504,157090,127894,147898,147354,120967,132100,132098,273,271,109541,102958,102956,114591,
Fri Nov 16 20:58:11 BOT 2012: Ajax->Mostrar Reproducciones:  
Fri Nov 16 21:00:08 BOT 2012: Mostrar Album: >Artista:  <a href='index.php?seccion=playlist&autor=28'>Reik</a>
Fri Nov 16 21:09:58 BOT 2012: Session Start>  Chequeo de sesion
Fri Nov 16 21:12:19 BOT 2012: Busqueda Inteligente: resultados >103599
Fri Nov 16 21:39:39 BOT 2012: Ajax->Mostrar Reproducciones:  
Fri Nov 16 21:40:54 BOT 2012: Ajax->Mostrar Nombre Artista:  
Fri Nov 16 21:41:12 BOT 2012: Session Start>  session por defecto 
Fri Nov 16 21:49:53 BOT 2012: Ajax->Mostrar Megusta:  
Fri Nov 16 21:52:59 BOT 2012: Asignar backtone escuchado > Asi termino:155504,
Fri Nov 16 21:53:05 BOT 2012: ASYNC -> STATS> Tiempo respuesta -0.127429 seg.
Fri Nov 16 21:56:06 BOT 2012: Ajax->Mostrar Ranking:  
Fri Nov 16 21:56:09 BOT 2012: ASYNC -> STATS> Tiempo respuesta 0.0034 seg.
Fri Nov 16 21:58:33 BOT 2012:  R: -5
Fri Nov 16 21:58:45 BOT 2012: ASYNC -> STATS> Tiempo respuesta 0.141173 seg.
Fri Nov 16 21:59:06 BOT 2012: Ajax-> Mostrar Ranking > tono:150054 
Fri Nov 16 22:05:32 BOT 2012: ASYNC -> STATS> Tiempo respuesta 0.003603 seg.
Fri Nov 16 22:07:59 BOT 2012: Ajax->Mostrar Nombre Genero:  
Fri Nov 16 22:09:56 BOT 2012: Ajax->Mostrar Reproducciones:  
Fri Nov 16 22:12:15 BOT 2012: ASYNC -> STATS> Tiempo respuesta -0.073041 seg.
Fri Nov 16 22:22:04 BOT 2012: Ajax->Mostrar Imagen Portada:  
Fri Nov 16 22:36:40 BOT 2012: Session Start>  Chequeo de sesion
Fri Nov 16 22:39:07 BOT 2012: ASYNC -> STATS> Tiempo respuesta 0.0032369999999999 seg.
Fri Nov 16 22:40:32 BOT 2012: Mostrar Megusta > tono: 103459 msisdn:76163751 > cantidad de registros: 0
Fri Nov 16 22:43:02 BOT 2012: Busqueda Inteligente: resultados >152126
Fri Nov 16 22:46:27 BOT 2012: STATS > BUSQUEDA DE BACKTONE >Tiempo: 0.038095 seg. | registros: 93
Fri Nov 16 23:30:37 BOT 2012: Ajax->Mostrar Ranking:  
Fri Nov 16 23:54:35 BOT 2012: Ajax->Mostrar Comentarios:  
Fri Nov 16 23:54:35 BOT 2012: STATS > BUSQUEDA DE BACKTONE >Tiempo: -0.236375 seg. | registros: 1
