Thu Jan 12 11:17:05 BOT 2012: Asignar backtone escuchado > Asi termino:104578,103573,103853,103554,103571,104496,104577,104576,105133,104991,105541,103449,442,103434,127420,104784,105292,127433,104556,127472,
Thu Jan 12 11:17:29 BOT 2012: Ajax-> Mostrar Ranking > tono:116504 
Thu Jan 12 11:18:32 BOT 2012: Ajax->Mostrar Imagen Portada:  
Thu Jan 12 11:18:35 BOT 2012: ASYNC -> STATS> Tiempo respuesta 0.0091290000000001 seg.
Thu Jan 12 11:19:39 BOT 2012: Ajax->Mostrar Nombre Artista:  
Thu Jan 12 13:18:47 BOT 2012: Ajax-> Mostrar Megusta> tono:452 
Thu Jan 12 13:18:47 BOT 2012: Ajax->Mostrar Nombre Artista:  
Thu Jan 12 13:20:47 BOT 2012: Ajax-> Mostrar  Imagen Portada> tono:142894 
Thu Jan 12 13:20:53 BOT 2012: ASYNC -> STATS> Tiempo respuesta 0.065246 seg.
Thu Jan 12 13:20:59 BOT 2012: Ajax->Mostrar Megusta:  
Thu Jan 12 13:21:05 BOT 2012: ASYNC -> STATS> Tiempo respuesta 0.422537 seg.
Thu Jan 12 13:22:03 BOT 2012: Ajax-> Mostrar  Imagen Portada> tono:105498 
Thu Jan 12 13:22:18 BOT 2012: Ajax->Mostrar Reproducciones:  
Thu Jan 12 13:24:21 BOT 2012: Ajax->Mostrar Reproducciones:  
Thu Jan 12 13:26:09 BOT 2012: Ajax->Mostrar Comentarios:  
Thu Jan 12 13:26:12 BOT 2012: Busqueda Inteligente: resultados >133699
Thu Jan 12 13:26:48 BOT 2012: ASYNC -> STATS> Tiempo respuesta 0.624075 seg.
Thu Jan 12 13:29:04 BOT 2012: ASYNC -> STATS> Tiempo respuesta -0.089166 seg.
Thu Jan 12 13:29:31 BOT 2012: Ajax->Mostrar Reproducciones:  
Thu Jan 12 13:35:13 BOT 2012: Ajax-> Mostrar Megusta> tono:102691 
Thu Jan 12 13:35:19 BOT 2012: Ajax-> Mostrar Megusta> tono:105523 
Thu Jan 12 13:35:53 BOT 2012: Asignar backtone escuchado > Asi termino:105500,103714,122289,132094,103690,104469,104473,105499,129433,104472,103689,103688,105005,105004,105003,104467,104466,105002,104471,129231,
Thu Jan 12 13:37:38 BOT 2012: Ajax->Mostrar Ranking:  
Thu Jan 12 13:44:00 BOT 2012: Busqueda Inteligente: 
Thu Jan 12 13:48:12 BOT 2012: Ajax->Mostrar Megusta:  
Thu Jan 12 13:48:36 BOT 2012: Ajax->Mostrar Reproducciones:  
Thu Jan 12 13:48:45 BOT 2012: ASYNC -> STATS> Tiempo respuesta 0.108985 seg.
Thu Jan 12 13:48:48 BOT 2012: Consulta de precio de reason:10 - msisdn: tono:129231 Async responde:350
 
Thu Jan 12 15:16:37 BOT 2012: Session Start>  Chequeo de sesion
Thu Jan 12 15:17:05 BOT 2012: Busqueda Inteligente: resultados >103711
Thu Jan 12 15:17:08 BOT 2012: ASYNC -> STATS> Tiempo respuesta -0.690332 seg.
Thu Jan 12 15:17:08 BOT 2012: Ajax-> Mostrar Ranking > tono:103150 
Thu Jan 12 15:17:08 BOT 2012: Ajax->Mostrar Reproducciones:  
Thu Jan 12 15:17:26 BOT 2012: Session Start>  session por defecto 
Thu Jan 12 15:17:38 BOT 2012: Consulta de precio de reason:2 - msisdn: tono:104278 Async responde:350
 
Thu Jan 12 15:18:14 BOT 2012: Ajax-> Mostrar  Imagen Portada> tono:104307 
Thu Jan 12 15:19:11 BOT 2012: ASYNC -> STATS> Tiempo respuesta -0.275536 seg.
Thu Jan 12 15:21:39 BOT 2012: Busqueda Inteligente: resultados >102700
Thu Jan 12 15:23:42 BOT 2012: Ajax->Mostrar Imagen Portada:  
Thu Jan 12 15:26:12 BOT 2012: ASYNC -> STATS> Tiempo respuesta 0.0024949999999999 seg.
Thu Jan 12 15:26:55 BOT 2012: Busqueda Inteligente: resultados >105001
Thu Jan 12 15:27:55 BOT 2012: Ajax->Mostrar Ranking:  
Thu Jan 12 15:28:07 BOT 2012: Consulta de precio de reason:3 - msisdn: tono:139727 Async responde:350
 
Thu Jan 12 15:29:46 BOT 2012: Ajax-> Mostrar  Imagen Portada> tono:105548 
Thu Jan 12 15:32:10 BOT 2012: Busqueda Inteligente: ser recibieron 27 resultados
Thu Jan 12 15:32:22 BOT 2012: Ajax->Mostrar Nombre Artista:  
Thu Jan 12 15:32:58 BOT 2012: Ajax->Mostrar Megusta:  
Thu Jan 12 15:35:02 BOT 2012: Busqueda de Backtones Intel: 
 SQL:SELECT t.id, t.nombre as tono,aut.nombre as autor, alb.imagen, round(avg(wr.calificacion),0) as calificacion
                    FROM tonos as t
                    inner join autores as aut on ( t.autor = aut.id)
                    inner join billing as bil on (t.billing = bil.caso  and bil.concepto=2)
                    left join albumes as alb on (t.album = alb.id_album)
                    left join web_tonos_ranking as wr on (t.id = wr.tonos_id)
                    WHERE
                    FIND_IN_SET(t.id, '103479,103142,104295,103143,103285,103144,103286,103145,103287,103146,103427,103288,103147,103289,103148,103290,103284,102622,148,104886,126470,113598,602,103885,149,105243,104107,104846,103599,103886,454,126471,126495,38,104052,113600,133883,214,104493,103831,141128,113602,105259,103558,103887,113603,103888,113604,197,39,113605,113607,130993,113609,160,95,113611,20,110108,135064,129243,105260,195,105,21,120231,113612,105535,104223,104312,110209,113057,113058,103955,103956,165,19,102674,137044,113614,110106,126505,112,184,125504,113616,113617,135059,180,103889,135107,12,103921,120233,103922,103923,105261,126991,105494,135117,135120,135657,129895,110082,110084,110085,208,103890,104861,105248,118747,135060,113619,583,105133,193,104117,105306,106277,192,144,103129,103509,126485,,')
                    
                    and t.categoria <> 207 and t.interfases &1 
                    group by t.id, t.nombre ,aut.nombre , alb.imagen
                    order by FIND_IN_SET(t.id, '103479,103142,104295,103143,103285,103144,103286,103145,103287,103146,103427,103288,103147,103289,103148,103290,103284,102622,148,104886,126470,113598,602,103885,149,105243,104107,104846,103599,103886,454,126471,126495,38,104052,113600,133883,214,104493,103831,141128,113602,105259,103558,103887,113603,103888,113604,197,39,113605,113607,130993,113609,160,95,113611,20,110108,135064,129243,105260,195,105,21,120231,113612,105535,104223,104312,110209,113057,113058,103955,103956,165,19,102674,137044,113614,110106,126505,112,184,125504,113616,113617,135059,180,103889,135107,12,103921,120233,103922,103923,105261,126991,105494,135117,135120,135657,129895,110082,110084,110085,208,103890,104861,105248,118747,135060,113619,583,105133,193,104117,105306,106277,192,144,103129,103509,126485,,')
                    limit 114 
Thu Jan 12 15:36:17 BOT 2012: Ajax->Mostrar Megusta:  
Thu Jan 12 15:36:17 BOT 2012: Session Start>  session por defecto 
Thu Jan 12 15:36:41 BOT 2012: Consulta de precio de reason:3 - msisdn: tono:116504 Async responde:350
 
Thu Jan 12 15:36:41 BOT 2012: Ajax->Mostrar Imagen Portada:  
Thu Jan 12 15:36:50 BOT 2012: Asignar backtone escuchado > Asi termino:104605,107733,131747,135978,103245,133819,133818,136637,120237,123,104855,29,104845,108567,103056,78,
Thu Jan 12 15:37:23 BOT 2012: Ajax-> Mostrar  Nombre Genero > tono:143076 
Thu Jan 12 15:37:38 BOT 2012: Consulta de precio de reason:10 - msisdn: tono:103285 Async responde:350
 
Thu Jan 12 15:37:41 BOT 2012: Ajax->Mostrar Nombre Genero:  
Thu Jan 12 15:38:32 BOT 2012: Session Start>  session por defecto 
Thu Jan 12 15:40:21 BOT 2012: Session Start>  session por defecto 
Thu Jan 12 15:40:31 BOT 2012: Mostrar Ranking: tono:105765 calificacion: 
Thu Jan 12 15:40:57 BOT 2012: ASYNC -> STATS> Tiempo respuesta 0.002205 seg.
Thu Jan 12 15:41:33 BOT 2012: Busqueda Inteligente: Justin Bieber
Thu Jan 12 15:41:39 BOT 2012: Ajax->Mostrar Megusta:  
Thu Jan 12 15:41:48 BOT 2012: Ajax->Mostrar Nombre Genero:  
Thu Jan 12 15:44:39 BOT 2012: Ajax-> Mostrar Comentarios> tono:123519 
Thu Jan 12 15:44:39 BOT 2012: Ajax->Mostrar Ranking:  
Thu Jan 12 15:46:24 BOT 2012: Ajax->Mostrar Reproducciones:  
Thu Jan 12 15:46:42 BOT 2012: Ajax->Mostrar Reproducciones:  
Thu Jan 12 15:48:55 BOT 2012: Ajax->Mostrar Nombre Artista:  
Thu Jan 12 15:49:16 BOT 2012: Ajax-> Mostrar  Imagen Portada> tono:105359 
Thu Jan 12 15:50:04 BOT 2012: Ajax->Mostrar Imagen Portada:  
Thu Jan 12 15:50:43 BOT 2012: Ajax->Mostrar Megusta:  
Thu Jan 12 15:50:55 BOT 2012: ASYNC -> STATS> Tiempo respuesta 0.255558 seg.
Thu Jan 12 15:51:10 BOT 2012: Busqueda Inteligente: resultados >105391
Thu Jan 12 15:51:10 BOT 2012: Ajax-> Mostrar  Nombre Genero > tono:135674 
Thu Jan 12 15:51:40 BOT 2012: Asignar backtone escuchado > Asi termino:104371,126473,104905,109251,109250,126481,104372,104070,129933,142166,102695,105571,105075,103708,103707,103706,103705,126861,118756,
Thu Jan 12 15:54:41 BOT 2012: Ajax->Mostrar Ranking:  
Thu Jan 12 15:55:23 BOT 2012: Ajax-> Mostrar Comentarios> tono:131042 
Thu Jan 12 15:55:56 BOT 2012: Ajax->Mostrar Reproducciones:  
Thu Jan 12 15:56:14 BOT 2012: Ajax-> Mostrar  Imagen Portada> tono:131812 
Thu Jan 12 15:56:26 BOT 2012: Ajax-> Mostrar  Nombre Genero > tono:105275 
Thu Jan 12 15:56:26 BOT 2012: Ajax-> Mostrar Megusta> tono:103462 
Thu Jan 12 15:58:38 BOT 2012: Ajax->Mostrar Nombre Artista:  
Thu Jan 12 15:59:26 BOT 2012: Ajax->Mostrar Nombre Genero:  
Thu Jan 12 15:59:47 BOT 2012: Ajax->Mostrar Nombre Artista:  
Thu Jan 12 16:00:17 BOT 2012: Ajax->Mostrar Megusta:  
Thu Jan 12 16:01:15 BOT 2012: Ajax->Mostrar Nombre Genero:  
Thu Jan 12 16:02:03 BOT 2012: Ajax->Mostrar Imagen Portada:  
Thu Jan 12 16:02:24 BOT 2012: Ajax->Mostrar Nombre Artista:  
Thu Jan 12 16:02:57 BOT 2012: Ajax->Mostrar Nombre Artista:  
Thu Jan 12 16:03:06 BOT 2012: Ajax->Mostrar Nombre Artista:  
Thu Jan 12 16:05:00 BOT 2012: ASYNC -> STATS> Tiempo respuesta -0.220355 seg.
Thu Jan 12 16:05:54 BOT 2012: ASYNC -> STATS> Tiempo respuesta 0.004923 seg.
Thu Jan 12 16:05:57 BOT 2012: ASYNC -> STATS> Tiempo respuesta -0.305749 seg.
Thu Jan 12 16:06:00 BOT 2012: Consulta de precio de reason:10 - msisdn: tono:105543 Async responde:350
 
Thu Jan 12 16:06:15 BOT 2012: Ajax->Mostrar Ranking:  
Thu Jan 12 16:06:15 BOT 2012: Ajax->Mostrar Ranking:  
Thu Jan 12 16:06:18 BOT 2012: ASYNC -> STATS> Tiempo respuesta 0.147857 seg.
Thu Jan 12 16:06:21 BOT 2012: ASYNC -> STATS> Tiempo respuesta -0.008742 seg.
Thu Jan 12 16:06:21 BOT 2012: ASYNC -> STATS> Tiempo respuesta 0.011923 seg.
Thu Jan 12 16:06:21 BOT 2012: Ajax->Mostrar Imagen Portada:  
Thu Jan 12 16:06:24 BOT 2012: Consulta de precio de reason:2 - msisdn: tono:116504 Async responde:350
 
Thu Jan 12 16:06:24 BOT 2012: Ajax->Mostrar Comentarios:  
Thu Jan 12 16:06:33 BOT 2012: Ajax->Mostrar Ranking:  
Thu Jan 12 16:07:00 BOT 2012: Ajax->Mostrar Megusta:  
Thu Jan 12 16:07:18 BOT 2012: Ajax->Mostrar Imagen Portada:  
Thu Jan 12 16:07:48 BOT 2012: Ajax->Mostrar Nombre Genero:  
Thu Jan 12 16:08:16 BOT 2012: Ajax->Mostrar Comentarios:  
Thu Jan 12 16:09:13 BOT 2012: WEB_REPRODUCIR_BUSQUEDA > Se recibieron:43 tonos
Thu Jan 12 16:10:01 BOT 2012: Ajax->Mostrar Comentarios:  
Thu Jan 12 16:10:19 BOT 2012: Ajax->Mostrar Imagen Portada:  
Thu Jan 12 16:10:37 BOT 2012: STATS > BUSQUEDA DE BACKTONE >Tiempo: -0.126965 seg. | registros: 7
Thu Jan 12 16:11:40 BOT 2012: Ajax->Mostrar Ranking:  
Thu Jan 12 16:11:49 BOT 2012: Consulta de precio de reason:3 - msisdn: tono:129675 Async responde:350
 
Thu Jan 12 16:11:52 BOT 2012: ASYNC -> STATS> Tiempo respuesta -0.07946 seg.
Thu Jan 12 16:12:01 BOT 2012: Ajax->Mostrar Comentarios:  
Thu Jan 12 16:12:46 BOT 2012: Ajax-> Mostrar Ranking > tono:121497 
Thu Jan 12 16:12:46 BOT 2012: ASYNC -> STATS> Tiempo respuesta -0.232904 seg.
Thu Jan 12 16:12:46 BOT 2012: ASYNC -> STATS> Tiempo respuesta -0.164084 seg.
Thu Jan 12 16:14:08 BOT 2012: Mostrar Cantidad reproducciones: tono:77 cantidad: 0
Thu Jan 12 16:14:59 BOT 2012: Mostrar Cantidad reproducciones: tono:116469 cantidad: 0
Thu Jan 12 16:14:59 BOT 2012: Ajax->Mostrar Reproducciones:  
Thu Jan 12 16:16:20 BOT 2012: Ajax->Mostrar Ranking:  
Thu Jan 12 16:16:56 BOT 2012: ASYNC -> STATS> Tiempo respuesta 0.106458 seg.
Thu Jan 12 16:19:15 BOT 2012: Ajax-> Mostrar  Nombre Genero > tono:102902 
Thu Jan 12 16:20:03 BOT 2012: Ajax->Mostrar Megusta:  
Thu Jan 12 16:20:12 BOT 2012: Asignar backtone escuchado > Asi termino:257,
Thu Jan 12 16:21:09 BOT 2012: Busqueda Inteligente: resultados >103628
Thu Jan 12 16:21:12 BOT 2012: Busqueda Inteligente: resultados >103623
Thu Jan 12 16:21:57 BOT 2012: Ajax-> Mostrar Ranking > tono:103598 
Thu Jan 12 16:22:06 BOT 2012: ASYNC -> STATS> Tiempo respuesta 0.321089 seg.
Thu Jan 12 16:22:06 BOT 2012: ASYNC -> STATS> Tiempo respuesta 0.192166 seg.
Thu Jan 12 16:22:09 BOT 2012: ASYNC -> STATS> Tiempo respuesta -0.457342 seg.
Thu Jan 12 16:22:09 BOT 2012: Ajax->Mostrar Imagen Portada:  
Thu Jan 12 16:22:18 BOT 2012: ASYNC -> STATS> Tiempo respuesta -0.013182 seg.
Thu Jan 12 16:22:21 BOT 2012: ASYNC -> STATS> Tiempo respuesta 0.01941 seg.
Thu Jan 12 16:22:21 BOT 2012: Ajax->Mostrar Ranking:  
Thu Jan 12 16:22:27 BOT 2012: Ajax-> Mostrar Megusta> tono:104171 
Thu Jan 12 16:23:30 BOT 2012: Asignar backtone escuchado > Asi termino:103430,124243,129899,103872,103277,106266,104177,130053,240,104171,103276,131721,105092,105263,129675,109407,105547,132110,105546,
Thu Jan 12 16:23:30 BOT 2012: STATS > BUSQUEDA DE BACKTONE >Tiempo: -0.245671 seg. | registros: 1
Thu Jan 12 16:23:42 BOT 2012: ASYNC -> STATS> Tiempo respuesta -0.173626 seg.
Thu Jan 12 16:23:54 BOT 2012: Ajax->Mostrar Reproducciones:  
Thu Jan 12 16:23:57 BOT 2012: ASYNC -> STATS> Tiempo respuesta 0.330394 seg.
Thu Jan 12 16:24:06 BOT 2012: Ajax-> Mostrar Ranking > tono:442 
Thu Jan 12 16:24:06 BOT 2012: Ajax->Mostrar Comentarios:  
Thu Jan 12 16:24:12 BOT 2012: ASYNC -> STATS> Tiempo respuesta 0.01981 seg.
Thu Jan 12 16:25:03 BOT 2012: ASYNC -> STATS> Tiempo respuesta 0.565154 seg.
Thu Jan 12 16:25:03 BOT 2012: ASYNC -> STATS> Tiempo respuesta 0.266177 seg.
Thu Jan 12 16:25:36 BOT 2012: Ajax->Mostrar Reproducciones:  
Thu Jan 12 16:25:48 BOT 2012: Asignar backtone escuchado > Asi termino:139723,140825,140823,141918,140826,142166,137882,106380,131812,142230,140821,143765,143764,143763,143761,143744,143739,142632,142273,
Thu Jan 12 16:26:49 BOT 2012: ASYNC -> STATS> Tiempo respuesta 0.00316 seg.
Thu Jan 12 16:26:55 BOT 2012: Asignar backtone escuchado > Asi termino:105773,103816,124243,104173,127417,105236,106266,104175,104560,104652,129234,104165,104561,105235,103449,104172,104553,104178,103451,103278,
Thu Jan 12 16:27:40 BOT 2012: Consulta de precio de reason:2 - msisdn: tono:104939 Async responde:350
 
Thu Jan 12 16:28:28 BOT 2012: STATS > BUSQUEDA DE BACKTONE >Tiempo: -0.380615 seg. | registros: 5
Thu Jan 12 16:28:31 BOT 2012: Ajax->Mostrar Ranking:  
Thu Jan 12 16:28:37 BOT 2012: Ajax-> Mostrar  Nombre Genero > tono:277 
Thu Jan 12 16:29:37 BOT 2012: Ajax-> Mostrar  Nombre Artista > tono:105545 
Thu Jan 12 16:29:46 BOT 2012: Ajax->Mostrar Reproducciones:  
Thu Jan 12 16:29:46 BOT 2012: Asignar backtone escuchado > Asi termino:105762,103817,141055,124243,105760,105554,103429,106266,103838,136632,105758,104183,136633,105775,335,104554,104179,105773,103816,104173,
Thu Jan 12 16:29:46 BOT 2012: Ajax->Mostrar Ranking:  
Thu Jan 12 17:35:26 BOT 2012: ASYNC -> STATS> Tiempo respuesta 0.002618 seg.
Thu Jan 12 17:36:17 BOT 2012: Ajax-> Mostrar  Nombre Genero > tono:124243 
Thu Jan 12 17:36:50 BOT 2012: Ajax-> Mostrar  Imagen Portada> tono:127438 
Thu Jan 12 17:37:41 BOT 2012: Ajax->Actualizar pin usuario
Thu Jan 12 17:37:47 BOT 2012: Ajax->Mostrar Ranking:  
Thu Jan 12 17:38:23 BOT 2012: ASYNC -> STATS> Tiempo respuesta -0.141945 seg.
Thu Jan 12 17:39:26 BOT 2012: Ajax-> Mostrar  Imagen Portada> tono:103818 
Thu Jan 12 17:39:32 BOT 2012: Ajax->Mostrar Nombre Genero:  
Thu Jan 12 17:40:08 BOT 2012: Ajax->Mostrar Comentarios:  
Thu Jan 12 17:40:32 BOT 2012: Consulta de precio de reason:10 - msisdn: tono:106266 Async responde:200
 
Thu Jan 12 17:42:27 BOT 2012: Busqueda Inteligente: resultados >102788
Thu Jan 12 17:42:45 BOT 2012: Ajax->Mostrar Reproducciones:  
Thu Jan 12 17:44:54 BOT 2012: ASYNC -> STATS> Tiempo respuesta 0.002882 seg.
Thu Jan 12 17:45:36 BOT 2012: Mostrar Megusta > tono: 118736 msisdn:77490421 > cantidad de registros: 0
Thu Jan 12 17:46:27 BOT 2012: Ajax->Mostrar Nombre Artista:  
Thu Jan 12 17:46:30 BOT 2012: ASYNC -> STATS> Tiempo respuesta 0.070079 seg.
Thu Jan 12 17:46:33 BOT 2012: Asignar backtone escuchado > Asi termino:129892,124243,105236,105292,106266,102723,127433,104652,103423,104556,105235,103448,127472,105294,103278,104782,110100,103277,103450,469,
Thu Jan 12 17:47:39 BOT 2012: Mostrar Genero: >G&eacute;nero:  <a href='index.php?seccion=playlist&genero=110'>Cumbia</a>
Thu Jan 12 17:48:09 BOT 2012: Consulta de precio de reason:5 - msisdn:75594078 tono:142906 Async responde:350
 
Thu Jan 12 17:48:12 BOT 2012: Asignar backtone escuchado > Asi termino:142906,272,142904,142894,102718,102779,102992,105605,102548,113030,113034,104628,113032,113024,104629,105415,103521,142896,142903,
Thu Jan 12 17:48:48 BOT 2012: Consulta de precio de reason:3 - msisdn: tono:135682 Async responde:350
 
Thu Jan 12 17:48:48 BOT 2012: Asignar backtone escuchado > Asi termino:127457,106266,105758,103448,124243,104090,105294,105775,470,110100,129236,105773,469,129892,105236,105292,102723,127433,104652,103423,
Thu Jan 12 17:48:48 BOT 2012: Ajax-> Mostrar Comentarios> tono:139964 
Thu Jan 12 17:50:10 BOT 2012: Check Session > msisdn: 75550484 > Usuario Valido 
Thu Jan 12 17:50:16 BOT 2012: Ajax->Mostrar Imagen Portada:  
Thu Jan 12 17:50:16 BOT 2012: ASYNC -> STATS> Tiempo respuesta -0.708399 seg.
Thu Jan 12 17:50:34 BOT 2012: Ajax-> Mostrar  Nombre Genero > tono:106266 
Thu Jan 12 17:50:49 BOT 2012: Busqueda Inteligente: Wachiturros
Thu Jan 12 17:51:25 BOT 2012: ASYNC -> STATS> Tiempo respuesta 0.003577 seg.
Thu Jan 12 17:51:34 BOT 2012: Ajax->Mostrar Nombre Artista:  
Thu Jan 12 17:51:34 BOT 2012: Ajax->Mostrar Ranking:  
Thu Jan 12 17:53:07 BOT 2012: Check Session > msisdn: 75550484 > Usuario Valido 
Thu Jan 12 17:53:34 BOT 2012: Asignar backtone escuchado > Asi termino:104941,105236,103074,137853,103276,103133,105543,105545,103128,11,105762,137852,105420,103134,103275,116502,103507,103235,116506,103826,
Thu Jan 12 17:53:34 BOT 2012: Ajax->Mostrar Comentarios:  
Thu Jan 12 17:55:28 BOT 2012: Ajax-> Mostrar  Imagen Portada> tono:104557 
Thu Jan 12 17:56:16 BOT 2012: Ajax->Mostrar Nombre Artista:  
Thu Jan 12 17:56:38 BOT 2012: Ajax->Mostrar Ranking:  
Thu Jan 12 17:57:08 BOT 2012: Asignar backtone escuchado > Asi termino:109971,103653,136046,102793,102638,103469,
Thu Jan 12 17:57:29 BOT 2012: Ajax->Mostrar Ranking:  
Thu Jan 12 17:57:29 BOT 2012: Ajax-> Mostrar Comentarios> tono:132461 
Thu Jan 12 17:57:41 BOT 2012: ASYNC -> STATS> Tiempo respuesta 0.003197 seg.
Thu Jan 12 17:57:56 BOT 2012: Ajax-> Mostrar Ranking > tono:103593 
Thu Jan 12 17:58:35 BOT 2012: Ajax-> Mostrar  Imagen Portada> tono:103029 
Thu Jan 12 18:00:35 BOT 2012: STATS > BUSQUEDA DE BACKTONE >Tiempo: -0.465351 seg. | registros: 53
Thu Jan 12 18:00:44 BOT 2012: Ajax-> Mostrar  Imagen Portada> Album:Artista:  <a href='index.php?seccion=playlist&autor=143'>Covertone</a>
Thu Jan 12 18:01:05 BOT 2012: Asignar backtone escuchado > Asi termino:124243,105235,106266,129901,127459,103278,103432,436,103277,135213,127461,127415,103276,104084,135200,103275,102727,127447,103274,
Thu Jan 12 18:01:05 BOT 2012: Asignar backtone escuchado > Asi termino:131760,102897,102883,120956,131635,106005,109971,103653,136046,102793,102638,103469,
Thu Jan 12 18:01:14 BOT 2012: Mostrar Megusta> tono: 133736 msisdn:75550484 > a otros 5  les gusta 
Thu Jan 12 18:02:02 BOT 2012: WEB_REPRODUCIR_BUSQUEDA > Se recibieron:114 tonos
Thu Jan 12 18:02:17 BOT 2012: Mostrar Ranking: tono:7 calificacion: 
Thu Jan 12 18:02:50 BOT 2012: Ajax->Mostrar Reproducciones:  
Thu Jan 12 18:02:53 BOT 2012: Ajax-> Mostrar Ranking > tono:104440 
Thu Jan 12 18:03:11 BOT 2012: Ajax->Mostrar Nombre Artista:  
Thu Jan 12 18:03:14 BOT 2012: Ajax-> Mostrar Megusta> tono:102882 
Thu Jan 12 18:03:38 BOT 2012: ASYNC -> STATS> Tiempo respuesta 0.200266 seg.
Thu Jan 12 18:04:12 BOT 2012: Ajax->Mostrar Megusta:  
Thu Jan 12 18:04:36 BOT 2012: Ajax->Mostrar Nombre Genero:  
Thu Jan 12 18:04:51 BOT 2012: Mostrar Megusta > tono: 125516 msisdn:75279181 > cantidad de registros: 0
Thu Jan 12 18:05:03 BOT 2012: Asignar backtone escuchado > Asi termino:104914,135079,592,177,126146,123010,
Thu Jan 12 18:05:12 BOT 2012: Ajax->Mostrar Nombre Genero:  
Thu Jan 12 18:05:42 BOT 2012: Ajax->Mostrar Nombre Artista:  
Thu Jan 12 18:06:15 BOT 2012: Ajax->Mostrar Imagen Portada:  
Thu Jan 12 18:07:27 BOT 2012: Ajax->Mostrar Comentarios:  
Thu Jan 12 18:08:42 BOT 2012: Ajax->Mostrar Comentarios:  
Thu Jan 12 18:09:15 BOT 2012: Mostrar Ranking: tono:521 calificacion: 
Thu Jan 12 18:09:36 BOT 2012: Ajax-> Mostrar  Nombre Genero > tono:105543 
Thu Jan 12 18:10:39 BOT 2012: ASYNC -> STATS> Tiempo respuesta 0.803212 seg.
Thu Jan 12 18:10:39 BOT 2012: Consulta de precio de reason:2 - msisdn: tono:103086 Async responde:350
 
Thu Jan 12 18:11:13 BOT 2012: Busqueda Inteligente: vicente fernandez
Thu Jan 12 18:11:22 BOT 2012: Ajax->Mostrar Imagen Portada:  
Thu Jan 12 18:14:07 BOT 2012: Ajax->Mostrar Nombre Artista:  
Thu Jan 12 18:14:16 BOT 2012: Check Session > msisdn: 76667163  token:d99d5e5a3036e2c73ee5e793d337e9ec
Thu Jan 12 18:16:19 BOT 2012: Ajax-> Mostrar Comentarios> tono:105347 
Thu Jan 12 18:16:22 BOT 2012: Ajax->Mostrar Megusta:  
Thu Jan 12 18:19:17 BOT 2012: ASYNC -> STATS> Tiempo respuesta -0.878204 seg.
Thu Jan 12 18:19:23 BOT 2012: Ajax->Mostrar Ranking:  
Thu Jan 12 18:20:26 BOT 2012: Busqueda Inteligente: Marc Anthony
Thu Jan 12 18:20:44 BOT 2012: Ajax->Mostrar Comentarios:  
Thu Jan 12 18:21:05 BOT 2012: ASYNC -> STATS> Tiempo respuesta 0.003019 seg.
Thu Jan 12 18:22:17 BOT 2012: WEB_REPRODUCIR_BUSQUEDA > Se recibieron:114 tonos
Thu Jan 12 18:22:41 BOT 2012: Ajax->Mostrar Comentarios:  
Thu Jan 12 18:23:17 BOT 2012: Asignar backtone escuchado > Asi termino:102622,134015,134685,134638,134686,134660,128427,128425,134178,125510,509,106384,141120,141124,140830,140810,143739,120248,142230,140821,
Thu Jan 12 18:24:17 BOT 2012: Ajax->Mostrar Ranking:  
Thu Jan 12 18:24:38 BOT 2012: Ajax->Mostrar Nombre Genero:  
Thu Jan 12 18:28:51 BOT 2012: Ajax-> Mostrar  Nombre Artista > tono:103788 
Thu Jan 12 18:38:49 BOT 2012: Ajax-> Mostrar  Nombre Artista > tono:454 
Thu Jan 12 18:43:29 BOT 2012: Ajax->Mostrar Reproducciones:  
Thu Jan 12 18:43:47 BOT 2012: Ajax-> Mostrar Ranking > tono:103544 
Thu Jan 12 18:43:59 BOT 2012: Ajax->Mostrar Comentarios:  
Thu Jan 12 18:45:50 BOT 2012: Busqueda Inteligente: clavame tu amor
Thu Jan 12 18:45:56 BOT 2012: Busqueda Inteligente: resultados >104345
Thu Jan 12 18:46:59 BOT 2012: STATS > BUSQUEDA DE BACKTONE >Tiempo: 0.677016 seg. | registros: 86
Thu Jan 12 18:47:57 BOT 2012: Ajax->Mostrar Megusta:  
Thu Jan 12 18:53:24 BOT 2012: Ajax->Mostrar Reproducciones:  
Thu Jan 12 18:54:00 BOT 2012: Ajax-> Mostrar Comentarios> tono:364 
Thu Jan 12 18:54:21 BOT 2012: Ajax->Mostrar Nombre Genero:  
Thu Jan 12 18:55:51 BOT 2012: Busqueda Inteligente: resultados >134631
Thu Jan 12 18:56:13 BOT 2012: Ajax-> Mostrar  Nombre Genero > tono:102624 
Thu Jan 12 18:59:34 BOT 2012: Ajax->Mostrar Reproducciones:  
Thu Jan 12 18:59:58 BOT 2012: Ajax->Mostrar Ranking:  
Thu Jan 12 19:03:25 BOT 2012: ASYNC -> STATS> Tiempo respuesta 0.004165 seg.
Thu Jan 12 19:07:05 BOT 2012: Ajax->Mostrar Reproducciones:  
Thu Jan 12 19:07:08 BOT 2012: Ajax->Mostrar Ranking:  
Thu Jan 12 19:07:08 BOT 2012: Ajax->Mostrar Reproducciones:  
Thu Jan 12 19:07:08 BOT 2012: Ajax->Mostrar Ranking:  
Thu Jan 12 19:07:08 BOT 2012: ASYNC -> STATS> Tiempo respuesta 0.00199 seg.
Thu Jan 12 19:07:11 BOT 2012: Ajax->Mostrar Megusta:  
Thu Jan 12 19:11:09 BOT 2012: Ajax-> Mostrar Ranking > tono:573 
Thu Jan 12 19:12:09 BOT 2012: ASYNC -> STATS> Tiempo respuesta 0.180395 seg.
Thu Jan 12 19:12:57 BOT 2012: Ajax->Mostrar Comentarios:  
Thu Jan 12 19:14:27 BOT 2012: Ajax-> Mostrar  Imagen Portada> tono:573 
Thu Jan 12 19:14:48 BOT 2012: Session Start>  session por defecto 
Thu Jan 12 19:14:57 BOT 2012: Ajax-> Mostrar Ranking > tono:102689 
Thu Jan 12 19:15:27 BOT 2012: Ajax->Mostrar Reproducciones:  
Thu Jan 12 19:16:15 BOT 2012: Ajax->Mostrar Comentarios:  
Thu Jan 12 19:17:15 BOT 2012: Ajax-> Mostrar Megusta> tono:127400 
Thu Jan 12 19:17:27 BOT 2012: Ajax-> Mostrar Ranking > tono:131765 
Thu Jan 12 19:20:16 BOT 2012: ASYNC -> STATS> Tiempo respuesta -0.112564 seg.
Thu Jan 12 19:20:25 BOT 2012: Asignar backtone escuchado > Asi termino:142230,140821,
Thu Jan 12 19:22:07 BOT 2012: Ajax->Mostrar Ranking:  
Thu Jan 12 19:22:31 BOT 2012: Ajax->Mostrar Ranking:  
Thu Jan 12 19:23:31 BOT 2012: Ajax->Mostrar Nombre Genero:  
Thu Jan 12 19:25:47 BOT 2012: ASYNC -> STATS> Tiempo respuesta -0.651645 seg.
Thu Jan 12 19:25:50 BOT 2012: Asignar backtone escuchado > Asi termino:104577,104576,103569,104494,104055,103758,104053,104052,104991,
Thu Jan 12 19:26:47 BOT 2012: Ajax->Mostrar Megusta:  
Thu Jan 12 19:28:08 BOT 2012: Ajax->Mostrar Ranking:  
Thu Jan 12 19:28:20 BOT 2012: Consulta de precio de reason:10 - msisdn:77437042 tono:130802 Async responde:350
 
Thu Jan 12 19:29:17 BOT 2012: Ajax-> Mostrar  Nombre Artista > tono:103451 
Thu Jan 12 19:29:38 BOT 2012: Asignar backtone escuchado > Asi termino:206,116504,103238,205,103992,209,102630,125090,106000,142132,509,130804,130802,104532,
Thu Jan 12 19:32:36 BOT 2012: Ajax->Mostrar Nombre Artista:  
Thu Jan 12 19:35:51 BOT 2012: Ajax->Mostrar Megusta:  
Thu Jan 12 19:37:42 BOT 2012: Ajax->Mostrar Ranking:  
Thu Jan 12 19:38:36 BOT 2012: Ajax->Mostrar Nombre Artista:  
Thu Jan 12 19:42:43 BOT 2012: Ajax-> Mostrar  Imagen Portada> tono:435 
Thu Jan 12 19:43:13 BOT 2012: Asignar backtone escuchado > Asi termino:107762,102979,107760,107749,107747,104520,105469,104875,104508,103402,124243,107794,107788,109229,107763,109227,123008,106370,106304,104567,
Thu Jan 12 19:45:07 BOT 2012: Ajax->Mostrar Nombre Artista:  
Thu Jan 12 19:49:44 BOT 2012: Busqueda Inteligente: resultados >128304
Thu Jan 12 19:49:50 BOT 2012: Ajax->Mostrar Comentarios:  
Thu Jan 12 19:50:26 BOT 2012: Ajax->Mostrar Ranking:  
Thu Jan 12 19:50:26 BOT 2012: Asignar backtone escuchado > Asi termino:107749,107747,107794,107788,107763,107802,107792,107790,107783,107769,107766,107764,107762,105406,102979,107760,104520,105469,104875,
Thu Jan 12 19:51:20 BOT 2012: Busqueda Inteligente: resultados >
Thu Jan 12 19:51:38 BOT 2012: Ajax->Mostrar Ranking:  
Thu Jan 12 19:52:57 BOT 2012: Busqueda Inteligente: 
Thu Jan 12 19:56:15 BOT 2012: Asignar backtone escuchado > Asi termino:122287,
Thu Jan 12 19:56:15 BOT 2012: Ajax-> Mostrar Ranking > tono:103472 
Thu Jan 12 19:56:15 BOT 2012: ASYNC -> STATS> Tiempo respuesta 0.006522 seg.
Thu Jan 12 19:56:45 BOT 2012: Consulta de precio de reason:2 - msisdn: tono:209 Async responde:350
 
Thu Jan 12 19:56:45 BOT 2012: ASYNC -> STATS> Tiempo respuesta -0.0023700000000001 seg.
Thu Jan 12 19:57:03 BOT 2012: Busqueda Inteligente: resultados >
Thu Jan 12 19:58:12 BOT 2012: Ajax->Mostrar Ranking:  
Thu Jan 12 20:05:07 BOT 2012: Ajax->Mostrar Nombre Genero:  
Thu Jan 12 20:06:22 BOT 2012: Ajax->Mostrar Ranking:  
Thu Jan 12 20:08:13 BOT 2012: Ajax->Mostrar Ranking:  
Thu Jan 12 20:09:11 BOT 2012: ASYNC -> STATS> Tiempo respuesta 0.003912 seg.
Thu Jan 12 20:10:26 BOT 2012: ASYNC -> STATS> Tiempo respuesta 0.002284 seg.
Thu Jan 12 20:10:38 BOT 2012: Consulta de precio de reason:3 - msisdn: tono:125511 Async responde:350
 
Thu Jan 12 20:10:44 BOT 2012: ASYNC -> STATS> Tiempo respuesta -0.0023299999999999 seg.
Thu Jan 12 20:12:38 BOT 2012: ASYNC -> STATS> Tiempo respuesta 0.075104 seg.
Thu Jan 12 20:12:38 BOT 2012: Ajax->Mostrar Comentarios:  
Thu Jan 12 20:12:44 BOT 2012: ASYNC -> STATS> Tiempo respuesta 0.965889 seg.
Thu Jan 12 20:12:51 BOT 2012: Asignar backtone escuchado > Asi termino:106266,124243,
Thu Jan 12 20:15:51 BOT 2012: Ajax->Mostrar Ranking:  
Thu Jan 12 20:16:18 BOT 2012: Ajax->Mostrar Nombre Artista:  
Thu Jan 12 20:20:46 BOT 2012: Ajax->Mostrar Imagen Portada:  
Thu Jan 12 20:21:46 BOT 2012: Ajax-> Mostrar Ranking > tono:128237 
Thu Jan 12 20:24:11 BOT 2012: Mostrar Ranking: tono:106289 calificacion: 
Thu Jan 12 20:25:22 BOT 2012: Ajax-> Mostrar  Nombre Artista > tono:118732 
Thu Jan 12 20:25:58 BOT 2012: Ajax-> Mostrar Ranking > tono:129927 
Thu Jan 12 20:26:10 BOT 2012: Busqueda Inteligente: 
Thu Jan 12 20:28:20 BOT 2012: ASYNC -> STATS> Tiempo respuesta -0.155387 seg.
Thu Jan 12 20:31:44 BOT 2012: Ajax->Mostrar Nombre Genero:  
Thu Jan 12 20:32:26 BOT 2012: Ajax-> Mostrar Ranking > tono:143755 
Thu Jan 12 20:34:45 BOT 2012: Ajax->Mostrar Reproducciones:  
Thu Jan 12 20:34:51 BOT 2012: Ajax->Mostrar Reproducciones:  
Thu Jan 12 20:37:45 BOT 2012: Busqueda Inteligente: resultados >105752
Thu Jan 12 21:12:26 BOT 2012: ASYNC -> STATS> Tiempo respuesta 0.006679 seg.
Thu Jan 12 21:14:15 BOT 2012: Ajax->Mostrar Comentarios:  
Thu Jan 12 21:16:18 BOT 2012: Ajax-> Mostrar  Imagen Portada> tono:131821 
Thu Jan 12 21:20:03 BOT 2012: Ajax-> Mostrar  Imagen Portada> tono:127759 
Thu Jan 12 21:21:31 BOT 2012: Ajax->Mostrar Comentarios:  
Thu Jan 12 21:23:01 BOT 2012: Ajax->Mostrar Ranking:  
Thu Jan 12 21:23:10 BOT 2012: Ajax->Mostrar Ranking:  
Thu Jan 12 21:24:25 BOT 2012: ASYNC -> STATS> Tiempo respuesta 0.001374 seg.
Thu Jan 12 21:25:22 BOT 2012: Ajax->Mostrar Nombre Artista:  
Thu Jan 12 21:30:35 BOT 2012: Ajax->Mostrar Megusta:  
