Tue Apr 17 11:08:32 BOT 2012: Ajax->Mostrar Nombre Artista:  
Tue Apr 17 11:09:02 BOT 2012: ASYNC -> STATS> Tiempo respuesta -0.383203 seg.
Tue Apr 17 11:14:53 BOT 2012: Ajax->Mostrar Imagen Portada:  
Tue Apr 17 11:15:00 BOT 2012: Ajax-> Mostrar Ranking > tono:146575 
Tue Apr 17 11:18:18 BOT 2012: Session Start>  session por defecto 
Tue Apr 17 11:18:27 BOT 2012: ASYNC -> STATS> Tiempo respuesta 0.00171 seg.
Tue Apr 17 11:23:01 BOT 2012: BUSCAR_SHORT_NUMBER msisdn:77800097 ani: 78080057 tono:135954 > feature giftatune activado 
Tue Apr 17 11:24:10 BOT 2012: Ajax->Mostrar Reproducciones:  
Tue Apr 17 11:27:19 BOT 2012: Ajax->Mostrar Megusta:  
Tue Apr 17 11:29:44 BOT 2012: Ajax->Mostrar Reproducciones:  
Tue Apr 17 11:36:21 BOT 2012: Busqueda Inteligente: resultados >-1
Tue Apr 17 11:40:09 BOT 2012: Ajax->Mostrar Imagen Portada:  
Tue Apr 17 11:41:09 BOT 2012: Ajax-> Mostrar Megusta> tono:103092 
Tue Apr 17 11:41:12 BOT 2012: Check Session > msisdn: 78400112 > Usuario Valido 
Tue Apr 17 11:42:55 BOT 2012: ASYNC -> STATS> Tiempo respuesta 0.001725 seg.
Tue Apr 17 11:44:31 BOT 2012: Ajax->Mostrar Imagen Portada:  
Tue Apr 17 11:45:25 BOT 2012: MTD_REGALAR_BACKTONES > msisdn:78400112 ani: 78442533  tono: 118732 > Verificando si el usuario no posee el tono
Tue Apr 17 11:47:04 BOT 2012: ASYNC -> STATS> Tiempo respuesta 0.806601 seg.
Tue Apr 17 11:47:07 BOT 2012: Consulta de precio de reason:10 - msisdn:78400112 tono:138306 Async responde:350
 
Tue Apr 17 11:47:07 BOT 2012: Ajax->Mostrar Reproducciones:  
Tue Apr 17 11:47:50 BOT 2012: Asignar backtone escuchado > Asi termino:128672,128670,102804,
Tue Apr 17 11:50:11 BOT 2012: STATS > BUSQUEDA DE BACKTONE >Tiempo: 0.043073 seg. | registros: 114
Tue Apr 17 11:50:53 BOT 2012: Ajax->Mostrar Nombre Artista:  
Tue Apr 17 11:52:14 BOT 2012: Ajax->Mostrar Imagen Portada:  
Tue Apr 17 11:53:14 BOT 2012: Ajax-> Mostrar Comentarios> tono:104348 
Tue Apr 17 11:53:26 BOT 2012: Ajax->Mostrar Ranking:  
Tue Apr 17 11:56:18 BOT 2012: Ajax-> Mostrar  Nombre Artista > tono:146590 
Tue Apr 17 11:58:27 BOT 2012: Ajax->Mostrar Reproducciones:  
Tue Apr 17 11:58:48 BOT 2012: Ajax-> Mostrar Megusta> tono:118749 
Tue Apr 17 11:58:51 BOT 2012: Ajax-> Mostrar  Nombre Artista > tono:103279 
Tue Apr 17 11:59:57 BOT 2012: Ajax-> Mostrar Ranking > tono:120248 
Tue Apr 17 12:01:31 BOT 2012: Mostrar Ranking: tono:104470 calificacion: 
Tue Apr 17 12:06:07 BOT 2012: ASYNC -> STATS> Tiempo respuesta 0.00143 seg.
Tue Apr 17 12:06:22 BOT 2012: Ajax-> Mostrar  Imagen Portada> Album:Artista:  <a href='index.php?seccion=playlist&autor=258'>Gisela Santa Cruz</a>
Tue Apr 17 12:06:40 BOT 2012: Ajax->Mostrar Imagen Portada:  
Tue Apr 17 12:07:35 BOT 2012: Ajax->Mostrar Ranking:  
Tue Apr 17 12:07:44 BOT 2012: Ajax->Mostrar Megusta:  
Tue Apr 17 12:08:11 BOT 2012: Ajax-> Mostrar  Imagen Portada> tono:105775 
Tue Apr 17 12:08:26 BOT 2012: Ajax-> Mostrar  Nombre Artista > tono:135686 
Tue Apr 17 12:09:05 BOT 2012: Ajax->Mostrar Nombre Artista:  
Tue Apr 17 12:09:26 BOT 2012: Busqueda Inteligente: Wachiturros
Tue Apr 17 12:09:32 BOT 2012: ASYNC -> STATS> Tiempo respuesta -0.154954 seg.
Tue Apr 17 12:10:35 BOT 2012: Ajax->Mostrar Nombre Genero:  
Tue Apr 17 12:11:29 BOT 2012: Ajax->Mostrar Megusta:  
Tue Apr 17 12:12:11 BOT 2012: Ajax-> Mostrar Comentarios> tono:136220 
Tue Apr 17 12:13:44 BOT 2012: ASYNC -> STATS> Tiempo respuesta 0.605417 seg.
Tue Apr 17 12:13:50 BOT 2012: ASYNC -> STATS> Tiempo respuesta -0.00066999999999995 seg.
Tue Apr 17 12:13:53 BOT 2012: Ajax->Mostrar Megusta:  
Tue Apr 17 12:13:53 BOT 2012: Ajax->Mostrar Ranking:  
Tue Apr 17 12:14:51 BOT 2012: Ajax-> Mostrar Megusta> tono:135975 
Tue Apr 17 12:15:03 BOT 2012: Ajax->Mostrar Imagen Portada:  
Tue Apr 17 12:16:24 BOT 2012: Session Start>  Chequeo de sesion
Tue Apr 17 12:16:42 BOT 2012: Session Start>  Chequeo de sesion
Tue Apr 17 12:19:27 BOT 2012: Ajax->Mostrar Nombre Genero:  
Tue Apr 17 12:20:31 BOT 2012: Ajax-> Mostrar  Nombre Artista > tono:106388 
Tue Apr 17 12:20:46 BOT 2012: Ajax->Mostrar Nombre Genero:  
Tue Apr 17 12:21:58 BOT 2012: ASYNC -> STATS> Tiempo respuesta 0.002902 seg.
Tue Apr 17 12:23:07 BOT 2012: Ajax-> Mostrar Comentarios> tono:118736 
Tue Apr 17 12:24:49 BOT 2012: Ajax->Mostrar Megusta:  
Tue Apr 17 12:27:32 BOT 2012: Asignar backtone escuchado > Asi termino:104981,104982,145264,140834,141118,120257,142287,120256,106388,140832,143743,146572,145391,106385,120255,145856,146571,143741,106384,141120,
Tue Apr 17 12:27:32 BOT 2012: Asignar backtone escuchado > Asi termino:103328,102622,124243,102650,102693,103342,109240,104393,240,106382,142225,145741,142220,142168,146585,141918,141833,142273,139723,140825,
Tue Apr 17 12:28:02 BOT 2012: Busqueda Inteligente: axel te voy amar
Tue Apr 17 12:28:35 BOT 2012: Ajax->Mostrar Ranking:  
Tue Apr 17 12:29:02 BOT 2012: Ajax-> Mostrar Megusta> tono:139303 
Tue Apr 17 12:29:59 BOT 2012: Ajax->Mostrar Reproducciones:  
Tue Apr 17 12:31:50 BOT 2012: Ajax->Mostrar Comentarios:  
Tue Apr 17 12:32:02 BOT 2012: Ajax-> Mostrar Ranking > tono:145328 
Tue Apr 17 12:32:17 BOT 2012: ASYNC -> STATS> Tiempo respuesta 0.629116 seg.
Tue Apr 17 12:34:24 BOT 2012: Ajax-> Mostrar Ranking > tono:105096 
Tue Apr 17 12:36:42 BOT 2012: Ajax-> Mostrar Comentarios> tono:105771 
Tue Apr 17 12:36:45 BOT 2012: Session Start>  session por defecto 
Tue Apr 17 12:38:27 BOT 2012: SMS >: Servidor responde: > STATS > tiempo respuesta:0.00080900000000006 
Tue Apr 17 12:38:36 BOT 2012: ASYNC -> STATS> Tiempo respuesta 0.257208 seg.
Tue Apr 17 12:38:39 BOT 2012: ASYNC -> STATS> Tiempo respuesta 0.823517 seg.
Tue Apr 17 12:38:45 BOT 2012: Ajax->Mostrar Reproducciones:  
Tue Apr 17 12:38:51 BOT 2012: Ajax->Mostrar Megusta:  
Tue Apr 17 12:40:40 BOT 2012: ELIMINAR_BACKTONE > Envio a ASYNC:76542225 tono:123010 Reason 6 > Async responde:000000000
Tue Apr 17 12:42:13 BOT 2012: Ajax->Mostrar Ranking:  
Tue Apr 17 12:42:16 BOT 2012: ASYNC -> STATS> Tiempo respuesta 0.005912 seg.
Tue Apr 17 12:42:40 BOT 2012: Ajax->Mostrar Comentarios:  
Tue Apr 17 12:42:43 BOT 2012: ASYNC -> STATS> Tiempo respuesta 0.002191 seg.
Tue Apr 17 12:42:43 BOT 2012: ASYNC -> STATS> Tiempo respuesta -0.398267 seg.
Tue Apr 17 12:42:49 BOT 2012: Ajax->Mostrar Ranking:  
Tue Apr 17 12:42:49 BOT 2012: Consulta de precio de reason:2 - msisdn:78473742 tono:103475 Async responde:350
 
Tue Apr 17 12:42:49 BOT 2012: ASYNC -> STATS> Tiempo respuesta 0.0013639999999999 seg.
Tue Apr 17 12:42:52 BOT 2012: ASYNC -> STATS> Tiempo respuesta 0.002023 seg.
Tue Apr 17 12:44:25 BOT 2012: ASYNC -> STATS> Tiempo respuesta 0.0019840000000001 seg.
Tue Apr 17 12:44:58 BOT 2012: Ajax->Mostrar Ranking:  
Tue Apr 17 12:45:13 BOT 2012: Ajax-> Mostrar Comentarios> tono:130802 
Tue Apr 17 12:45:25 BOT 2012: Ajax->Mostrar Imagen Portada:  
Tue Apr 17 12:46:44 BOT 2012: Asignar backtone escuchado > Asi termino:104375,103234,172,105233,102827,103189,103063,104367,103054,103939,103940,110495,104582,104583,
Tue Apr 17 12:46:44 BOT 2012: Asignar backtone escuchado > Asi termino:129241,131645,129239,129245,128224,130986,129247,130988,130993,105858,128223,131643,131760,102883,124419,142527,147860,123537,131046,
Tue Apr 17 12:46:44 BOT 2012: Ajax->Mostrar Ranking:  
Tue Apr 17 12:46:56 BOT 2012: Ajax-> Mostrar Megusta> tono:102615 
Tue Apr 17 12:47:23 BOT 2012: ASYNC -> STATS> Tiempo respuesta 0.00215 seg.
Tue Apr 17 12:47:23 BOT 2012: ASYNC -> STATS> Tiempo respuesta -0.260548 seg.
Tue Apr 17 12:51:47 BOT 2012: ASYNC -> STATS> Tiempo respuesta 0.0021220000000001 seg.
Tue Apr 17 12:53:18 BOT 2012: Ajax->Mostrar Ranking:  
Tue Apr 17 12:53:18 BOT 2012: Ajax->Mostrar Imagen Portada:  
Tue Apr 17 12:53:21 BOT 2012: ASYNC -> STATS> Tiempo respuesta -0.030099 seg.
Tue Apr 17 12:53:24 BOT 2012: ASYNC -> STATS> Tiempo respuesta -0.354422 seg.
Tue Apr 17 12:53:27 BOT 2012: ASYNC -> STATS> Tiempo respuesta -0.013599 seg.
Tue Apr 17 12:53:33 BOT 2012: Asignar backtone escuchado > Asi termino:102882,128602,103114,103113,110495,104967,104676,577,103821,105281,104220,102639,102560,103750,103464,103472,103470,103480,103479,109409,
Tue Apr 17 12:54:15 BOT 2012: Ajax-> Mostrar  Nombre Genero > tono:142230 
Tue Apr 17 12:58:03 BOT 2012: Ajax->Mostrar Ranking:  
Tue Apr 17 12:58:33 BOT 2012: Ajax-> Mostrar  Nombre Artista > tono:129261 
Tue Apr 17 12:58:57 BOT 2012: Asignar backtone escuchado > Asi termino:109229,103981,103524,105523,404,107567,109227,104470,105501,104468,105006,105500,103714,103690,104469,104473,105499,129433,104472,103689,
Tue Apr 17 13:00:16 BOT 2012: Ajax->Mostrar Reproducciones:  
Tue Apr 17 13:00:19 BOT 2012: ASYNC -> STATS> Tiempo respuesta 0.002482 seg.
Tue Apr 17 13:02:22 BOT 2012: ASYNC -> STATS> Tiempo respuesta 0.004016 seg.
Tue Apr 17 13:02:22 BOT 2012: ASYNC -> STATS> Tiempo respuesta 0.357704 seg.
Tue Apr 17 13:02:46 BOT 2012: ASYNC -> STATS> Tiempo respuesta 0.005259 seg.
Tue Apr 17 13:03:31 BOT 2012: Mostrar Ranking: tono:104276 calificacion: 
Tue Apr 17 13:05:35 BOT 2012: Busqueda Inteligente: Resultado 
 145909;Igualdade;Kara N Daya;Pop
120969;The christmas song holiday Remix;Cristina Aguilera;Navidad
120971;The twelve days of Christmas;Kenny Garcia;Navidad
147378;HAYOSPAN;Empresa San Fernando;Publicidad
103431;Como No Hay Nadie;Daniel Calveti;Cristianas
103090;Cuidarte el alma;Chayanne;Latinas
103237;Si nos quedara poco tiempo;Chayanne;Latinas
131819;A Good Day For Love To Die;The Wanted;Pop
127275;Another Day;Paul McCartney;Pop
145908;Con Mi Alma En Silencio;Kara N Daya;Pop
145905;Festa;Kara N Daya;Pop
104900;Forever Came Today;Jackson 5;Pop
127760;Friday;Chino y Nacho;CHINO Y NACHO
133775;Friday im in love;The Cure;Pop
145907;Good Vibrations Peace and Love;Kara N Daya;Pop
138532;Happy Days Are Here Again;Glee Cast;Pop
145914;Iluminado;Kara N Daya;Pop
145912;Iluminado Dub;Kara N Daya;Pop
145918;La Alegría De Mi Ser;Kara N Daya;Pop
142626;La gente loca_all day all night;Covertone MG;Electronicas
102579;Love today;Toing;Latinas
137238;New Day;Jay Z;Hip hop
144648;Our Day Will Come;Amy Winehouse;Pop
145149;Our Day Will Come;Amy Winehouse;Pop
145920;Para Ser Feliz;Kara N Daya;Pop
103003;School Day;Asuncion Blues;Pop
131762;Someday;Black Eyed Peas;Pop
145911;Sonrei Y Soy Rey;Kara N Daya;Pop
145916;Surfar;Kara N Daya;Pop
103301;The Day That Never Comes;Metallica;Rock
104758;The Happiest Days;Elect Retro;Pop
145910;Ver  ;Kara N Daya;Pop
135964;Yesterdays;Guns N Roses;Guns N Roses
136196;Yesterdays Bridge;Guns N Roses;Rock
105564;cantos vallegrandinos;BANDAS;Carnaval
105567;carnaval de vallegrande;BANDAS;Carnaval
105569;carnaval vallegrandino;BANDAS;Carnaval
105577;moparapenita vallegrandina;BANDAS;Carnaval
105588;vallegrandinos;BANDAS;Carnaval
104561;Aunque mis ojos no te puedan ver;Marcela Gandara;Cristianas
124958;Daria;Daddy Yankee;Reggaeton
103435;Los Dias Que Me Fueron Dados;Daniel Calveti;Cristianas
117856;Ojos Vendados;Play Boy;Play Boy
105089;Para un poco te quiero dar felicidad;Covertone MG;Latinas
106285;Dance in the dark;Cover Lady GaGa;Pop
104001;Me Quedan Todas;Vicente Fernandez;Rancheras
103422;Nadando;Mayonesa;Salsa y Merengue
145772;Procuro Olvidarte Coro;Daniel Agostini;Cumbia
145771;Procuro Olvidarte Intro;Daniel Agostini;Cumbia
105619;saya caporal;BANDAS;Carnaval
105621;saya centralista;BANDAS;Carnaval
105624;Viva Cochabamba Mayllapipis;BANDAS;Carnaval
135681;Dame Dame;Chayanne;Latinas
128427;Hay Otro En Mi Vida;Angela;Cumbia
104667;Hay otro en mi vida;La Factoria;Reggaeton
134034;Mi ninia amada;Al fondo hay sitio Opratel;Cumbia
103093;Sentada aqui en mi alma;Chayanne;Latinas
103562;Granada;Bocelli;Clasicos
105490;La Gran Perdida;Junio Boombastick;Latinas
103326;Lo grande que es perdonar;Banda reggaeton;Reggaeton
104178; En Las Playas Del Beni;La Banda de Perucho;Carnaval
103939; Jingle Bells;Moderatto;Navidad
103940; Noche De Paz;Moderatto;Navidad
103430;-Alma Mia;Daniel Calveti;Cristianas
106286;-Just dance;Cover Lady GaGa;Pop
103480;2Recordando a Natacha;Sombra;Latinas
105986;A danca du creu;A Banda Sombra;Cumbia
104967;A Don Ata;Soledad Pastorutti;Latinas
103114;A dueto con dante;Julieta Venegas;Pop
386;A Escodidas;Agrupacion marilyn;Cumbia
322;A escondidas;Agrupacion marylin;Latinas
604;A escondidas.;Agrupacion marilyn;Cumbia
84;A fuegote;Daddy Yankee;Reggaeton
103876;A la nanita nanaa;Navidad;Navidad
110318;ActivateIvr;Publicidad;Publicidad
142912;Adornando El Arbolito;opratel;Navidad
142228;Aerocom;Tigo;Publicidad
103429;Agua Fria;Daniel Calveti;Cristianas
103187;al filo de la irrealidad;Bustamente;Pop
103872;Alabanzas Al Rey;Marcela Gandara;Cristianas
608;Aleluya es navidad;Aldo Penha;Navidad
129931;Almas Armadas;Gustavo Cordera;Latinas
123010;alors on danse;STROMAE;Electronicas
104968;Amor Salvaje;Soledad Pastorutti;Latinas
103303;amor verdadero;PK2;Latinas
121;Andando;Diego Torres;Latinas
103692;ANDANDO-;Diego Torres;Latinas
103115;Andar conmigo;Julieta Venegas;Pop
104942;animal de ciudad;Animal de Ciudad;Latinas
129899;Antes De Ti;Marcela Gandara;Cristianas
103717;Anton;Navidad;Navidad
103716;Anton instrumental;Navidad;Navidad
105078;Aqui estoy yo (Dance remix);Luis Fonsi;Luis Fonsi
103825;Arde la ciudad;Version Opratel;Latinas
103859;Arre borriquito;Coro Belen;Navidad
104928;ATENCION SOLDADO ATIENDA SU CELULAR;Version Opratel;Clasicos
122645;Ay que vida ;Qmbia Juan;Cumbia
104193;Ay Rosita;Banda Juventud Centralistas de La Paz;Carnaval
12 
Tue Apr 17 13:05:46 BOT 2012: Ajax->Mostrar Reproducciones:  
Tue Apr 17 13:08:17 BOT 2012: Ajax-> Mostrar Megusta> tono:7 
Tue Apr 17 13:09:41 BOT 2012: Ajax->Mostrar Imagen Portada:  
Tue Apr 17 13:10:08 BOT 2012: Consulta de precio de reason:5 - msisdn:75570229 tono:103817 Async responde:350
 
Tue Apr 17 16:01:15 BOT 2012: Busqueda Inteligente: resultados >113619
Tue Apr 17 20:41:56 BOT 2012: Busqueda Inteligente: resultados >126994
