Fri Feb 17 10:17:00 BOT 2012: ASYNC -> STATS> Tiempo respuesta -0.256123 seg.
Fri Feb 17 10:19:55 BOT 2012: Ajax->Mostrar Comentarios:  
Fri Feb 17 10:21:16 BOT 2012: Asignar backtone escuchado > Asi termino:603,
Fri Feb 17 10:21:46 BOT 2012: ASYNC -> STATS> Tiempo respuesta -0.427472 seg.
Fri Feb 17 10:21:46 BOT 2012: Consulta de precio de reason:2 - msisdn: tono:110187 Async responde:350
 
Fri Feb 17 10:22:01 BOT 2012: Ajax->Mostrar Nombre Genero:  
Fri Feb 17 10:25:43 BOT 2012: Ajax->Mostrar Reproducciones:  
Fri Feb 17 10:26:26 BOT 2012: Session Start>  Chequeo de sesion
Fri Feb 17 10:27:44 BOT 2012: Ajax-> Mostrar  Imagen Portada> tono:105283 
Fri Feb 17 10:29:11 BOT 2012: Session Start>  session por defecto 
Fri Feb 17 10:31:02 BOT 2012: Ajax->Mostrar Reproducciones:  
Fri Feb 17 10:31:02 BOT 2012: Ajax->Mostrar Reproducciones:  
Fri Feb 17 10:32:20 BOT 2012: Ajax->Mostrar Ranking:  
Fri Feb 17 10:35:51 BOT 2012: Ajax->Mostrar Megusta:  
Fri Feb 17 10:37:36 BOT 2012: Check Session > msisdn: 78925405 > Usuario Valido 
Fri Feb 17 10:37:57 BOT 2012: Ajax-> Mostrar  Nombre Genero > tono:142119 
Fri Feb 17 10:39:42 BOT 2012: Ajax->Mostrar Reproducciones:  
Fri Feb 17 10:40:42 BOT 2012: Asignar backtone escuchado > Asi termino:145328,103712,142527,129426,124067,124060,124056,115947,597,115949,124045,124073,124050,124043,124041,
Fri Feb 17 10:42:40 BOT 2012: Ajax->Mostrar Imagen Portada:  
Fri Feb 17 10:43:16 BOT 2012: Session Start>  session por defecto 
Fri Feb 17 10:43:52 BOT 2012: Consulta de precio de reason:2 - msisdn: tono:105321 Async responde:350
 
Fri Feb 17 10:43:55 BOT 2012: Consulta de precio de reason:2 - msisdn: tono:104287 Async responde:350
 
Fri Feb 17 10:48:10 BOT 2012: Ajax->Mostrar Imagen Portada:  
Fri Feb 17 10:48:52 BOT 2012: Ajax-> Mostrar  Nombre Genero > tono:130977 
Fri Feb 17 10:51:20 BOT 2012: Mostrar Album: >albumes/Pablo Fernandez.jpg
Fri Feb 17 10:51:41 BOT 2012: Ajax->Mostrar Imagen Portada:  
Fri Feb 17 10:52:02 BOT 2012: Ajax->Mostrar Comentarios:  
Fri Feb 17 10:52:29 BOT 2012: Ajax-> Mostrar Comentarios> tono:105702 
Fri Feb 17 10:52:51 BOT 2012: Ajax-> Mostrar Comentarios> tono:104991 
Fri Feb 17 10:55:53 BOT 2012: Ajax->Mostrar Reproducciones:  
Fri Feb 17 11:00:36 BOT 2012: Ajax->Mostrar Reproducciones:  
Fri Feb 17 11:05:52 BOT 2012: Ajax-> Mostrar Comentarios> tono:103136 
Fri Feb 17 11:07:16 BOT 2012: ASYNC -> STATS> Tiempo respuesta 0.122283 seg.
Fri Feb 17 11:07:43 BOT 2012: Ajax-> Mostrar Ranking > tono:104471 
Fri Feb 17 11:11:07 BOT 2012: ASYNC -> STATS> Tiempo respuesta 0.017537 seg.
Fri Feb 17 11:11:10 BOT 2012: ASYNC -> STATS> Tiempo respuesta 0.1026 seg.
Fri Feb 17 11:11:56 BOT 2012: Busqueda Inteligente: Bruno e Marrone
Fri Feb 17 11:11:56 BOT 2012: Ajax->Mostrar Ranking:  
Fri Feb 17 11:14:26 BOT 2012: Ajax->Mostrar Nombre Artista:  
Fri Feb 17 11:15:38 BOT 2012: Ajax-> Mostrar Megusta> tono:139723 
Fri Feb 17 11:17:53 BOT 2012: Ajax->Mostrar Comentarios:  
Fri Feb 17 11:17:59 BOT 2012: Ajax->Mostrar Nombre Artista:  
Fri Feb 17 11:18:08 BOT 2012: Ajax->Mostrar Nombre Genero:  
Fri Feb 17 11:18:11 BOT 2012: Mostrar Ranking: tono:137884 calificacion: 
Fri Feb 17 11:18:14 BOT 2012: ASYNC -> STATS> Tiempo respuesta -0.021047 seg.
Fri Feb 17 11:18:14 BOT 2012: ASYNC -> STATS> Tiempo respuesta 0.0030829999999999 seg.
Fri Feb 17 11:19:18 BOT 2012: Ajax->Actualizar pin usuario
Fri Feb 17 11:23:18 BOT 2012: Ajax->Mostrar Nombre Genero:  
Fri Feb 17 12:16:30 BOT 2012: Busqueda Inteligente: resultados >133413
Fri Feb 17 13:02:09 BOT 2012: Ajax->Mostrar Megusta:  
Fri Feb 17 13:02:21 BOT 2012: Ajax-> Mostrar Comentarios> tono:128438 
Fri Feb 17 13:06:34 BOT 2012: Ajax-> Mostrar Ranking > tono:105762 
Fri Feb 17 13:09:13 BOT 2012: Ajax->Mostrar Reproducciones:  
Fri Feb 17 13:09:13 BOT 2012: Asignar backtone escuchado > Asi termino:131699,123008,3,120947,79,102532,
Fri Feb 17 13:10:19 BOT 2012: Ajax->Mostrar Ranking:  
Fri Feb 17 13:11:41 BOT 2012: Ajax-> popup_listar_amigos: 78831155  tono:163 metodo:regalar 
Fri Feb 17 13:11:47 BOT 2012: ASYNC -> STATS> Tiempo respuesta 0.005135 seg.
Fri Feb 17 13:11:50 BOT 2012: Ajax-> Mostrar Ranking > tono:143738 
Fri Feb 17 13:12:38 BOT 2012: Ajax-> Mostrar Megusta> tono:131699 
Fri Feb 17 13:13:02 BOT 2012: Ajax->Mostrar Imagen Portada:  
Fri Feb 17 13:13:56 BOT 2012: Mostrar Cantidad reproducciones: tono:130367 cantidad: 0
Fri Feb 17 13:13:56 BOT 2012: Ajax-> Mostrar Comentarios> tono:144149 
Fri Feb 17 13:15:50 BOT 2012: Asignar backtone escuchado > Asi termino:104532,140785,140780,132454,142527,102622,141134,140821,
Fri Feb 17 13:18:48 BOT 2012: Ajax-> Mostrar Ranking > tono:103713 
Fri Feb 17 13:19:42 BOT 2012: Ajax->Mostrar Nombre Genero:  
Fri Feb 17 13:20:03 BOT 2012: Session Start>  session por defecto 
Fri Feb 17 13:24:12 BOT 2012: Asignar backtone escuchado > Asi termino:127376,122287,
Fri Feb 17 13:24:15 BOT 2012: Asignar backtone escuchado > Asi termino:118725,
Fri Feb 17 13:25:15 BOT 2012: Session Start>  Chequeo de sesion
Fri Feb 17 13:27:10 BOT 2012: Ajax->Mostrar Nombre Genero:  
Fri Feb 17 13:29:52 BOT 2012: Ajax->Mostrar Megusta:  
Fri Feb 17 13:39:32 BOT 2012: Ajax-> Mostrar Ranking > tono:139968 
Fri Feb 17 13:42:33 BOT 2012: ASYNC -> STATS> Tiempo respuesta -0.316031 seg.
Fri Feb 17 13:42:36 BOT 2012: ASYNC -> STATS> Tiempo respuesta -0.004629 seg.
Fri Feb 17 13:43:39 BOT 2012: Ajax-> Mostrar Ranking > tono:118727 
Fri Feb 17 13:51:55 BOT 2012: Ajax-> Mostrar  Nombre Artista > tono:104287 
Fri Feb 17 13:52:01 BOT 2012: Ajax-> Mostrar  Imagen Portada> tono:104167 
Fri Feb 17 13:52:52 BOT 2012: WEB_REPRODUCIR_BUSQUEDA > Se recibieron:12 tonos
Fri Feb 17 13:53:46 BOT 2012: Ajax->Mostrar Ranking:  
Fri Feb 17 13:53:58 BOT 2012: Asignar backtone escuchado > Asi termino:127757,273,102546,144104,104180,
Fri Feb 17 13:56:14 BOT 2012: Ajax->Mostrar Megusta:  
Fri Feb 17 13:56:23 BOT 2012: Busqueda Inteligente: resultados >145305
Fri Feb 17 13:57:38 BOT 2012: Ajax->Mostrar Nombre Artista:  
Fri Feb 17 13:59:14 BOT 2012: Ajax->Eliminando backtone:  > msisdn:76428222 >  tono :124055  
Fri Feb 17 14:00:50 BOT 2012: Ajax->Mostrar Ranking:  
Fri Feb 17 14:00:56 BOT 2012: Ajax-> Mostrar  Imagen Portada> tono:128427 
Fri Feb 17 14:01:23 BOT 2012: Ajax-> Mostrar Comentarios> tono:134661 
Fri Feb 17 14:01:38 BOT 2012: ASYNC -> STATS> Tiempo respuesta 0.659424 seg.
Fri Feb 17 14:01:47 BOT 2012: Ajax-> Mostrar Ranking > tono:144171 
Fri Feb 17 14:03:08 BOT 2012: Mostrar Album: >Artista:  <a href='index.php?seccion=playlist&autor=73'>Evanescence</a>
Fri Feb 17 14:03:32 BOT 2012: Busqueda Inteligente: resultados >145295
Fri Feb 17 14:04:18 BOT 2012: Ajax->Mostrar Megusta:  
Fri Feb 17 14:04:27 BOT 2012: ASYNC -> STATS> Tiempo respuesta 0.00744 seg.
Fri Feb 17 14:05:00 BOT 2012: Ajax->Mostrar Imagen Portada:  
Fri Feb 17 14:05:45 BOT 2012: Busqueda Inteligente: i want it that way
Fri Feb 17 14:05:45 BOT 2012: Ajax->Mostrar Reproducciones:  
Fri Feb 17 14:06:57 BOT 2012: Ajax->Mostrar Megusta:  
Fri Feb 17 14:07:27 BOT 2012: Ajax->Mostrar Nombre Artista:  
Fri Feb 17 14:07:42 BOT 2012: ASYNC -> STATS> Tiempo respuesta 0.005119 seg.
Fri Feb 17 14:11:55 BOT 2012: Session Start>  session por defecto 
Fri Feb 17 14:12:46 BOT 2012: Ajax-> Mostrar Megusta> tono:104670 
Fri Feb 17 14:13:16 BOT 2012: Ajax->Mostrar Nombre Genero:  
Fri Feb 17 14:21:09 BOT 2012: Ajax->Mostrar Megusta:  
Fri Feb 17 14:23:43 BOT 2012: WEB_REPRODUCIR_BUSQUEDA > Se recibieron:69 tonos
Fri Feb 17 14:26:22 BOT 2012: Ajax-> Mostrar Ranking > tono:128429 
Fri Feb 17 14:26:43 BOT 2012: Ajax->Mostrar Comentarios:  
Fri Feb 17 14:28:16 BOT 2012: Ajax->Mostrar Megusta:  
Fri Feb 17 14:30:54 BOT 2012: Consulta de precio de reason:3 - msisdn: tono:141881 Async responde:350
 
Fri Feb 17 14:30:57 BOT 2012: Ajax-> Mostrar Ranking > tono:141881 
Fri Feb 17 14:30:59 BOT 2012: Mostrar Cantidad reproducciones: tono:141881 cantidad: 0
Fri Feb 17 14:33:14 BOT 2012: Mostrar Ranking: tono:128429 calificacion: 
Fri Feb 17 14:33:14 BOT 2012: Ajax-> Mostrar Comentarios> tono:131730 
Fri Feb 17 14:33:23 BOT 2012: Ajax-> Mostrar Ranking > tono:103472 
Fri Feb 17 14:34:08 BOT 2012: ASYNC -> STATS> Tiempo respuesta 0.008333 seg.
Fri Feb 17 14:34:08 BOT 2012: Ajax->Mostrar Comentarios:  
Fri Feb 17 14:35:40 BOT 2012: Ajax-> Mostrar  Nombre Genero > tono:128599 
Fri Feb 17 14:37:40 BOT 2012: Ajax-> Mostrar Megusta> tono:128440 
Fri Feb 17 14:40:55 BOT 2012: Ajax->Mostrar Nombre Genero:  
Fri Feb 17 14:41:16 BOT 2012: Busqueda Inteligente: gali galeano
Fri Feb 17 14:41:19 BOT 2012: Asignar backtone escuchado > Asi termino:145825,105569,105567,309,105564,105011,105642,105644,105561,629,105560,105559,105635,105637,144108,144106,105558,105557,314,105556,
Fri Feb 17 14:42:41 BOT 2012: Ajax-> Mostrar Ranking > tono:102630 
Fri Feb 17 14:43:02 BOT 2012: ASYNC -> STATS> Tiempo respuesta -0.096692 seg.
Fri Feb 17 14:43:02 BOT 2012: Ajax->Mostrar Comentarios:  
Fri Feb 17 14:44:26 BOT 2012: Ajax-> Mostrar  Nombre Artista > tono:404 
Fri Feb 17 14:46:02 BOT 2012: Ajax->Mostrar Ranking:  
Fri Feb 17 14:46:41 BOT 2012: Ajax-> Mostrar Comentarios> tono:103981 
Fri Feb 17 14:47:53 BOT 2012: Ajax->Mostrar Reproducciones:  
Fri Feb 17 14:50:45 BOT 2012: Ajax->Mostrar Imagen Portada:  
Fri Feb 17 14:51:27 BOT 2012: MTD_DB_BUSCAR_ARTISTAS > retornando registros:15
Fri Feb 17 14:52:12 BOT 2012: Busqueda Inteligente: resultados >102727
Fri Feb 17 14:52:12 BOT 2012: Ajax->Mostrar Ranking:  
Fri Feb 17 14:53:42 BOT 2012: STATS > BUSQUEDA DE BACKTONE >Tiempo: 0.259685 seg. | registros: 2
Fri Feb 17 14:54:24 BOT 2012: Busqueda Inteligente: resultados >105092
Fri Feb 17 14:54:27 BOT 2012: Ajax->Mostrar Ranking:  
Fri Feb 17 14:55:09 BOT 2012: WEB_REPRODUCIR_BUSQUEDA > Se recibieron:1 tonos
Fri Feb 17 14:55:09 BOT 2012: Ajax->Mostrar Comentarios:  
Fri Feb 17 14:55:27 BOT 2012: Ajax-> Mostrar Ranking > tono:103583 
Fri Feb 17 14:55:36 BOT 2012: Ajax-> Mostrar  Nombre Genero > tono:125498 
Fri Feb 17 14:56:06 BOT 2012: Ajax->Mostrar Reproducciones:  
Fri Feb 17 14:57:46 BOT 2012: Ajax->Mostrar Reproducciones:  
Fri Feb 17 14:59:40 BOT 2012: Ajax-> Mostrar  Nombre Artista > tono:104798 
Fri Feb 17 15:01:40 BOT 2012: Busqueda Inteligente: resultados >
Fri Feb 17 15:01:49 BOT 2012: Ajax-> Mostrar Ranking > tono:126175 
Fri Feb 17 15:01:52 BOT 2012: Ajax->Mostrar Comentarios:  
Fri Feb 17 15:01:55 BOT 2012: Busqueda Inteligente: Resultado 
 110347;I'm Me;Lil Wayne;Electronicas
110350;Let The Beat Build;Lil Wayne;Electronicas
110354;Love Me or Hate Me ;Lil Wayne;Electronicas
110357;Mr. Carter;Lil Wayne;Electronicas
110359;Mrs. Officer;Lil Wayne;Electronicas
110361;Phone Home;Lil Wayne;Electronicas
110363;Playing With Fire;Lil Wayne;Electronicas
110367;Shoot Me Down;Lil Wayne;Electronicas
110369;Tie My Hands;Lil Wayne;Electronicas
110346;Got Money;Lil Wayne;Electronicas
102526;Adoro;Dalila;Latinas
104235;Galilea;SERGIO DALMA;Latinas
139956;I Can Only Imagine ft Chris B and Lil;David Guetta;David Guetta
127446;Iglesia;Lilly Goodman;Cristianas
105548;Krazy ft Lil Jon;Pitbull;Reggaeton
144170;La Agulilla;opratel;Carnavaleando con Tigo
385;Mientras Tanto;Dalila;Pop
103982;OTRA OCUPA MI LUGAR;Dalila;Latinas
103724;Zagallillos;Navidad;Navidad
103884;Zagallillos_;Navidad;Navidad
103113;A dueto con anita;Julieta Venegas;Pop
103114;A dueto con dante;Julieta Venegas;Pop
103261;AlgoEstaCambiando;Julieta Venegas;Pop
104870;ALIENIGENA;opratel;Sonidos
103115;Andar conmigo;Julieta Venegas;Pop
103828;Believe;Version Opratel;Pop
104961;Billie Jean Coro;Michael Jackson;Michael Jackson
103936;Billie Jean Intro;Michael Jackson;Michael Jackson
103760;DALE CALIENTE;E.A.L;Reggaeton
116859;despedida;Julieta Venegas;Latinas
103163;diabla caliente;PlanB;Latinas
553;dont lie;WILL ADAMS;HipHop
103762;E ACORDARAS DE MI;Los angeles de charlie;Latinas
110;Forgive and forget;Alien ant Farm;Rock
58;Hips dont lie;Shakira;Latinas
137277;I Cant Lie;Maroon5;Pop
109653;julieta;Homero;Mi Promo ConTigo
121515;Julieta Venegas Original;Julieta Venegas;Latinas
103116;Lento;Julieta Venegas;Pop
103117;limon y sal;Julieta Venegas;Pop
124050;Love the way you lie;Rihanna;Pop
124051;Love the way you lie 2;Rihanna;Pop
156;Me Voy;Julieta Venegas;Pop
103260;oleada;Julieta Venegas;Pop
109968;pechos calientes;La Noche;Cumbia
159;Sin documentos;Julieta Venegas;Pop
109512;AMP_09dejulio_1_Humor;KARAOKE;KARAOKE
109514;AMP_09dejulio_2_Saludos;KARAOKE;KARAOKE
109515;AMP_09dejulio_3_Humor;KARAOKE;KARAOKE
109570;AMP_10dejulio_1_Humor;KARAOKE;KARAOKE
109572;AMP_10dejulio_2_Canciones;KARAOKE;KARAOKE
109574;AMP_10dejulio_3_Canciones;KARAOKE;KARAOKE
109576;AMP_10dejulio_4_Humor;KARAOKE;KARAOKE
109577;AMP_10dejulio_5_Saludos;KARAOKE;KARAOKE
109579;AMP_10dejulio_6_Canciones;KARAOKE;KARAOKE
109784;AMP_16dejulio_1_Canciones;KARAOKE;KARAOKE
109786;AMP_16dejulio_2_Saludos;KARAOKE;KARAOKE
109788;AMP_16dejulio_3_Saludos;KARAOKE;KARAOKE
109790;AMP_16dejulio_4_Saludos;KARAOKE;KARAOKE
109792;AMP_16dejulio_5_Saludos;KARAOKE;KARAOKE
109841;AMP_18dejulio_10_Saludos;KARAOKE;KARAOKE
109842;AMP_18dejulio_11_Canciones;KARAOKE;KARAOKE
109843;AMP_18dejulio_12_Humor;KARAOKE;KARAOKE
109845;AMP_18dejulio_13_Humor;KARAOKE;KARAOKE
109846;AMP_18dejulio_14_Canciones;KARAOKE;KARAOKE
109847;AMP_18dejulio_15_Saludos;KARAOKE;KARAOKE
109848;AMP_18dejulio_16_Humor;KARAOKE;KARAOKE
109850;AMP_18dejulio_17_Saludos;KARAOKE;KARAOKE
109851;AMP_18dejulio_18_Saludos;KARAOKE;KARAOKE
109852;AMP_18dejulio_19_Canciones;KARAOKE;KARAOKE
109828;AMP_18dejulio_1_Saludos;KARAOKE;KARAOKE
109854;AMP_18dejulio_20_Saludos;KARAOKE;KARAOKE
109830;AMP_18dejulio_2_Canciones;KARAOKE;KARAOKE
109832;AMP_18dejulio_3_Saludos;KARAOKE;KARAOKE
109833;AMP_18dejulio_4_Saludos;KARAOKE;KARAOKE
109834;AMP_18dejulio_5_Humor;KARAOKE;KARAOKE
109836;AMP_18dejulio_6_Humor;KARAOKE;KARAOKE
109838;AMP_18dejulio_7_Humor;KARAOKE;KARAOKE
109839;AMP_18dejulio_8_Saludos;KARAOKE;KARAOKE
109840;AMP_18dejulio_9_Saludos;KARAOKE;KARAOKE
109884;AMP_19dejulio_10_Humor;KARAOKE;KARAOKE
109885;AMP_19dejulio_11_Saludos;KARAOKE;KARAOKE
109886;AMP_19dejulio_12_Saludos;KARAOKE;KARAOKE
109888;AMP_19dejulio_13_Saludos;KARAOKE;KARAOKE
109871;AMP_19dejulio_1_Saludos;KARAOKE;KARAOKE
109872;AMP_19dejulio_2_Saludos;KARAOKE;KARAOKE
109874;AMP_19dejulio_3_Saludos;KARAOKE;KARAOKE
109876;AMP_19dejulio_4_Humor;KARAOKE;KARAOKE
109877;AMP_19dejulio_5_Saludos;KARAOKE;KARAOKE
109878;AMP_19dejulio_6_Canciones;KARAOKE;KARAOKE
109879;AMP_19dejulio_7_Saludos;KARAOKE;KARAOKE
109881;AMP_19dejulio_8_Saludos;KARAOKE;KARAOKE
109883;AMP_19dejulio_9_Saludos;KARAOKE;KARAOKE
110021;AMP_27dejulio_1_Humor;KARAOKE;KARAOKE
110023;AMP_27dejulio_2_Saludos;KARAOKE;KARAOKE
110024;AMP_27dejulio_3_Saludos;KARAOKE;KARAOKE
110026;AMP_27dejulio_4_Saludos;KARAOKE;KARAOKE
110027;AMP_27dejulio_5_Saludos;KARA 
Fri Feb 17 15:04:07 BOT 2012: STATS > BUSQUEDA DE BACKTONE >Tiempo: 0.095246 seg. | registros: 6
Fri Feb 17 15:05:47 BOT 2012: Ajax-> Mostrar Ranking > tono:103447 
Fri Feb 17 15:07:38 BOT 2012: ASYNC -> STATS> Tiempo respuesta 0.001187 seg.
Fri Feb 17 15:10:05 BOT 2012: Consulta de precio de reason:3 - msisdn: tono:314 Async responde:350
 
Fri Feb 17 15:10:17 BOT 2012: Ajax->Mostrar Reproducciones:  
Fri Feb 17 15:10:20 BOT 2012: STATS > BUSQUEDA DE BACKTONE >Tiempo: 0.039029 seg. | registros: 82
Fri Feb 17 15:10:41 BOT 2012: Ajax-> Mostrar Megusta> tono:105069 
Fri Feb 17 15:10:50 BOT 2012: ASYNC -> STATS> Tiempo respuesta 0.617725 seg.
Fri Feb 17 15:11:11 BOT 2012: Error al consultar precio de renovacion - msisdn: tono:103790 - Async responde -3
Fri Feb 17 15:12:48 BOT 2012: Ajax-> Mostrar Megusta> tono:107802 
Fri Feb 17 15:13:51 BOT 2012: Ajax-> Mostrar Comentarios> tono:129268 
Fri Feb 17 15:14:12 BOT 2012: Check Session > msisdn: 75012142 > Usuario Valido 
Fri Feb 17 15:15:39 BOT 2012: Ajax-> Mostrar Megusta> tono:104460 
Fri Feb 17 15:15:39 BOT 2012: Ajax->Mostrar Ranking:  
Fri Feb 17 15:15:54 BOT 2012: Ajax->Mostrar Megusta:  
Fri Feb 17 15:18:13 BOT 2012: Ajax->Mostrar Ranking:  
Fri Feb 17 15:18:30 BOT 2012: Ajax-> Mostrar  Nombre Genero > tono:103600 
Fri Feb 17 15:19:25 BOT 2012: Ajax->Mostrar Comentarios:  
Fri Feb 17 15:19:40 BOT 2012: ASYNC -> STATS> Tiempo respuesta -0.121936 seg.
Fri Feb 17 15:19:55 BOT 2012: Ajax-> Mostrar  Nombre Genero > tono:104072 
Fri Feb 17 15:21:37 BOT 2012: Ajax-> Mostrar Megusta> tono:104075 
Fri Feb 17 15:22:49 BOT 2012: Ajax->Mostrar Ranking:  
Fri Feb 17 15:23:16 BOT 2012: Asignar backtone escuchado > Asi termino:143739,120248,145741,142273,142166,142230,140821,109227,104393,240,
Fri Feb 17 15:24:17 BOT 2012: ASYNC -> STATS> Tiempo respuesta 0.006639 seg.
Fri Feb 17 15:24:20 BOT 2012: Asignar backtone escuchado > Asi termino:103119,102997,142157,104561,129899,105707,105390,105706,104562,127769,127771,105704,105702,103446,102730,103444,103443,113050,104092,102726,
Fri Feb 17 15:24:23 BOT 2012: Ajax->Mostrar Ranking:  
Fri Feb 17 15:27:11 BOT 2012: Asignar backtone escuchado > Asi termino:104287,105856,
Fri Feb 17 15:30:08 BOT 2012: Session Start>  session por defecto 
Fri Feb 17 17:07:05 BOT 2012: Consulta de precio de reason:2 - msisdn: tono:104886 Async responde:350
 
Fri Feb 17 17:09:17 BOT 2012: ASYNC -> STATS> Tiempo respuesta 0.235625 seg.
Fri Feb 17 17:09:39 BOT 2012: ASYNC -> STATS> Tiempo respuesta -0.956461 seg.
Fri Feb 17 17:09:45 BOT 2012: Ajax->Mostrar Ranking:  
Fri Feb 17 17:10:36 BOT 2012: Ajax->Mostrar Imagen Portada:  
Fri Feb 17 17:11:39 BOT 2012: Session Start>  session por defecto 
Fri Feb 17 19:14:14 BOT 2012: Asignar backtone escuchado > Asi termino:104471,129231,126029,103686,141881,142527,
Fri Feb 17 19:15:11 BOT 2012: Mostrar Album: >Artista:  <a href='index.php?seccion=playlist&autor=788'>BANDAS</a>
Fri Feb 17 19:16:02 BOT 2012: Ajax-> Mostrar Megusta> tono:103572 
Fri Feb 17 19:20:39 BOT 2012: Ajax->Mostrar Ranking:  
Fri Feb 17 19:20:42 BOT 2012: ASYNC -> STATS> Tiempo respuesta -0.009363 seg.
Fri Feb 17 19:20:42 BOT 2012: Ajax->Mostrar Ranking:  
Fri Feb 17 19:21:24 BOT 2012: Ajax->Mostrar Ranking:  
Fri Feb 17 19:23:12 BOT 2012: Ajax-> Mostrar  Imagen Portada> Album:Artista:  <a href='index.php?seccion=playlist&autor=685'>Covertone - MG</a>
Fri Feb 17 19:24:51 BOT 2012: Ajax-> Mostrar Ranking > tono:136046 
Fri Feb 17 19:24:54 BOT 2012: Ajax-> Mostrar Ranking > tono:124419 
Fri Feb 17 19:28:37 BOT 2012: Busqueda Inteligente: resultados >103899
Fri Feb 17 19:29:04 BOT 2012: Mostrar Megusta> tono: 104643 msisdn: > a otros 1  les gusta 
Fri Feb 17 19:29:46 BOT 2012: Ajax-> Mostrar Megusta> tono:135108 
Fri Feb 17 19:30:46 BOT 2012: Mostrar Ranking: tono:134687 calificacion: 
Fri Feb 17 19:31:22 BOT 2012: ASYNC -> STATS> Tiempo respuesta 0.015344 seg.
Fri Feb 17 19:31:25 BOT 2012: ASYNC -> STATS> Tiempo respuesta 0.017327 seg.
Fri Feb 17 19:31:31 BOT 2012: ASYNC -> STATS> Tiempo respuesta 0.53149 seg.
Fri Feb 17 19:33:17 BOT 2012: Ajax->Mostrar Imagen Portada:  
Fri Feb 17 19:33:20 BOT 2012: Ajax-> Compra de backtone msisdn: 77676819  tono:103465
Fri Feb 17 19:33:50 BOT 2012: Ajax->Mostrar Imagen Portada:  
Fri Feb 17 19:34:26 BOT 2012: Asignar backtone escuchado > Asi termino:130371,128300,128275,128307,104602,128305,128309,130979,128299,128304,104326,497,121508,121506,121504,121501,121500,121499,109555,
Fri Feb 17 19:34:47 BOT 2012: ASYNC -> STATS> Tiempo respuesta 0.013013 seg.
Fri Feb 17 19:35:23 BOT 2012: Consulta de precio de reason:2 - msisdn: tono:145320 Async responde:350
 
Fri Feb 17 19:36:29 BOT 2012: Ajax->Mostrar Imagen Portada:  
Fri Feb 17 19:36:38 BOT 2012: Ajax->Mostrar Nombre Genero:  
Fri Feb 17 19:36:59 BOT 2012: Consulta de precio de reason:3 - msisdn: tono:142908 Async responde:350
 
Fri Feb 17 19:36:59 BOT 2012: ASYNC -> STATS> Tiempo respuesta 0.005105 seg.
Fri Feb 17 19:37:17 BOT 2012: Ajax->Mostrar Reproducciones:  
Fri Feb 17 19:37:41 BOT 2012: ASYNC -> STATS> Tiempo respuesta 0.010863 seg.
Fri Feb 17 19:37:44 BOT 2012: Ajax->Mostrar Comentarios:  
Fri Feb 17 19:37:59 BOT 2012: Ajax->Mostrar Comentarios:  
Fri Feb 17 19:40:11 BOT 2012: Ajax->Mostrar Reproducciones:  
Fri Feb 17 19:41:36 BOT 2012: ASYNC -> STATS> Tiempo respuesta -0.095572 seg.
Fri Feb 17 19:41:36 BOT 2012: ASYNC -> STATS> Tiempo respuesta -0.008923 seg.
Fri Feb 17 19:41:45 BOT 2012: Ajax-> Mostrar Ranking > tono:104745 
Fri Feb 17 19:42:21 BOT 2012: Session Start>  session por defecto 
Fri Feb 17 19:47:15 BOT 2012: Ajax->Mostrar Nombre Genero:  
Fri Feb 17 19:51:04 BOT 2012: Ajax->Mostrar Reproducciones:  
Fri Feb 17 19:51:37 BOT 2012: Asignar backtone escuchado > Asi termino:139337,139335,422,421,145202,145198,139333,145320,145307,145319,145200,142887,603,105606,273,142893,142890,145196,145195,142896,
Fri Feb 17 19:54:13 BOT 2012: Consulta de precio de reason:2 - msisdn: tono:103520 Async responde:350
 
Fri Feb 17 19:54:34 BOT 2012: Ajax->Mostrar Ranking:  
Fri Feb 17 19:57:05 BOT 2012: Busqueda Inteligente: FooFighters
Fri Feb 17 19:58:59 BOT 2012: Check Session > msisdn: 76570512 > Usuario Valido 
Fri Feb 17 20:00:56 BOT 2012: ASYNC -> STATS> Tiempo respuesta 0.415328 seg.
Fri Feb 17 20:00:59 BOT 2012: ASYNC -> STATS> Tiempo respuesta -0.276092 seg.
Fri Feb 17 20:01:05 BOT 2012: Asignar backtone escuchado > Asi termino:104300,104357,104738,104648,104299,104358,135200,104567,204,103588,103466,102630,142527,104991,144149,103303,104745,102953,107573,
Fri Feb 17 20:04:39 BOT 2012: Error al consultar precio de renovacion - msisdn: tono:104171 - Async responde -3
Fri Feb 17 20:06:42 BOT 2012: Busqueda Inteligente: resultados >125269
Fri Feb 17 20:06:51 BOT 2012: ASYNC -> STATS> Tiempo respuesta 0.010546 seg.
Fri Feb 17 20:08:30 BOT 2012: Ajax->Mostrar Imagen Portada:  
Fri Feb 17 20:10:48 BOT 2012: Ajax->Mostrar Nombre Artista:  
Fri Feb 17 20:12:07 BOT 2012: Ajax->Mostrar Nombre Genero:  
Fri Feb 17 20:13:52 BOT 2012: ASYNC -> STATS> Tiempo respuesta 0.00466 seg.
Fri Feb 17 20:13:55 BOT 2012: ASYNC -> STATS> Tiempo respuesta -0.174894 seg.
Fri Feb 17 20:14:40 BOT 2012: Asignar backtone escuchado > Asi termino:103871,
Fri Feb 17 20:15:04 BOT 2012: Mostrar Album: >Artista:  <a href='index.php?seccion=playlist&autor=1151'>Pipe Bueno</a>
Fri Feb 17 20:17:58 BOT 2012: Ajax->Mostrar Comentarios:  
Fri Feb 17 20:19:17 BOT 2012: Ajax->Mostrar Nombre Genero:  
Fri Feb 17 20:19:53 BOT 2012: Ajax->Mostrar Megusta:  
Fri Feb 17 20:22:14 BOT 2012: Ajax-> Mostrar Ranking > tono:103943 
Fri Feb 17 20:22:56 BOT 2012: ASYNC -> STATS> Tiempo respuesta -0.212086 seg.
Fri Feb 17 20:23:02 BOT 2012: Ajax->Mostrar Nombre Artista:  
Fri Feb 17 20:23:20 BOT 2012: Ajax-> Mostrar Ranking > tono:127440 
Fri Feb 17 20:24:17 BOT 2012: Ajax-> Mostrar Megusta> tono:129931 
Fri Feb 17 20:25:42 BOT 2012: Ajax->Mostrar Imagen Portada:  
Fri Feb 17 20:27:21 BOT 2012: Ajax->Mostrar Megusta:  
Fri Feb 17 20:27:24 BOT 2012: Ajax->Mostrar Ranking:  
Fri Feb 17 20:31:54 BOT 2012: Ajax->Mostrar Ranking:  
Fri Feb 17 20:32:30 BOT 2012: Ajax->Mostrar Nombre Artista:  
Fri Feb 17 20:33:55 BOT 2012: Ajax->Mostrar Ranking:  
Fri Feb 17 20:34:31 BOT 2012: Ajax->Mostrar Reproducciones:  
Fri Feb 17 20:35:04 BOT 2012: ASYNC -> STATS> Tiempo respuesta -0.286394 seg.
Fri Feb 17 20:39:37 BOT 2012: Ajax-> Comprar Backtone: msisdn: 
Fri Feb 17 20:40:04 BOT 2012: Asignar backtone escuchado > Asi termino:139838,134686,120967,103103,106266,124243,
Fri Feb 17 20:44:23 BOT 2012: Ajax->Mostrar Reproducciones:  
Fri Feb 17 20:44:29 BOT 2012: Ajax-> Mostrar Ranking > tono:7 
Fri Feb 17 20:47:26 BOT 2012: Ajax->Mostrar Nombre Genero:  
Fri Feb 17 20:48:15 BOT 2012: Session Start>  Chequeo de sesion
Fri Feb 17 20:57:04 BOT 2012: ASYNC -> STATS> Tiempo respuesta -0.823284 seg.
Fri Feb 17 20:58:43 BOT 2012: Consulta de precio de reason:10 - msisdn: tono:142527 Async responde:350
 
Fri Feb 17 21:01:49 BOT 2012: Ajax->Mostrar Ranking:  
Fri Feb 17 21:02:04 BOT 2012: Ajax->Mostrar Megusta:  
Fri Feb 17 21:15:27 BOT 2012: Busqueda Inteligente: 
Fri Feb 17 21:15:27 BOT 2012: Session Start>  Chequeo de sesion
Fri Feb 17 21:20:34 BOT 2012: ASYNC -> STATS> Tiempo respuesta -0.395983 seg.
Fri Feb 17 21:21:42 BOT 2012: Busqueda Inteligente: resultados >104528
Fri Feb 17 21:23:58 BOT 2012: Busqueda Inteligente: 
Fri Feb 17 21:26:16 BOT 2012: Ajax->Mostrar Nombre Genero:  
