Mon Aug 27 11:37:12 BOT 2012: Ajax-> Mostrar  Nombre Genero > tono:135959 
Mon Aug 27 11:42:34 BOT 2012: ASYNC -> STATS> Tiempo respuesta 0.002809 seg.
Mon Aug 27 11:46:08 BOT 2012: DB_ELIMINAR_BACKTONES > Msisdn:77120084 tono :590 -> quedo asi:105145:1:1:0:1|124051:1:0:0:1|105841:1:0:0:1|102621:1:0:0:1|139838:1:0:0:1|
Mon Aug 27 11:47:26 BOT 2012: Ajax->Mostrar Ranking:  
Mon Aug 27 11:47:26 BOT 2012: Asignar backtone escuchado > Asi termino:103994,103640,103790,102630,
Mon Aug 27 11:48:12 BOT 2012: Ajax->Mostrar Megusta:  
Mon Aug 27 11:48:39 BOT 2012: Ajax->Mostrar Reproducciones:  
Mon Aug 27 11:50:09 BOT 2012: Session Start>  session por defecto 
Mon Aug 27 14:52:28 BOT 2012: Ajax->Mostrar Nombre Genero:  
Mon Aug 27 14:57:33 BOT 2012: Asignar backtone escuchado > Asi termino:106351,
Mon Aug 27 15:02:08 BOT 2012: Ajax->Mostrar Reproducciones:  
Mon Aug 27 15:02:27 BOT 2012: Busqueda Inteligente: resultados >103602
Mon Aug 27 16:11:39 BOT 2012: Ajax->Mostrar Ranking:  
Mon Aug 27 16:12:39 BOT 2012: Ajax->Mostrar Nombre Artista:  
Mon Aug 27 16:13:00 BOT 2012: WEB REPROD BUSQ > Facebook link: http%3A%2F%2Fbacktones.tigo.com.bo%2Fv3%2Findex.php%3Fseccion%3Dplaylist%26genero%3D98%26f%3D1%26t%3D123123
Mon Aug 27 16:14:46 BOT 2012: ASYNC -> STATS> Tiempo respuesta 0.001233 seg.
Mon Aug 27 16:15:04 BOT 2012: Mostrar Album: >albumes/Mexico Chico-Sonar Despierto.JPG
Mon Aug 27 16:18:05 BOT 2012: Busqueda Inteligente: resultados >103816
Mon Aug 27 16:26:46 BOT 2012: Ajax->Mostrar Nombre Genero:  
Mon Aug 27 16:28:13 BOT 2012: Busqueda Inteligente: resultados >105645
Mon Aug 27 16:30:21 BOT 2012: Ajax->Mostrar Reproducciones:  
Mon Aug 27 16:34:29 BOT 2012: Ajax-> Mostrar  Nombre Artista > tono:104737 
Mon Aug 27 16:35:23 BOT 2012: Busqueda Inteligente: resultados >103784
Mon Aug 27 16:39:22 BOT 2012: Busqueda Inteligente: resultados >104341
Mon Aug 27 16:42:47 BOT 2012: Ajax->Actualizar pin usuario
Mon Aug 27 16:46:06 BOT 2012: Ajax-> Mostrar Megusta> tono:518 
Mon Aug 27 16:46:24 BOT 2012: Consulta de precio de reason:2 - msisdn: tono:516 Async responde:350
 
Mon Aug 27 16:48:19 BOT 2012: Ajax->Mostrar Reproducciones:  
Mon Aug 27 16:48:22 BOT 2012: Ajax->Actualizar pin usuario
Mon Aug 27 16:53:45 BOT 2012: Busqueda Inteligente: resultados >134658
Mon Aug 27 16:54:00 BOT 2012: Ajax-> Mostrar Comentarios> tono:103627 
Mon Aug 27 16:54:48 BOT 2012: ASYNC -> STATS> Tiempo respuesta 0.376678 seg.
Mon Aug 27 16:58:13 BOT 2012: Ajax-> Mostrar Megusta> tono:124243 
Mon Aug 27 20:38:52 BOT 2012: ASYNC -> STATS> Tiempo respuesta 0.00335 seg.
Mon Aug 27 20:39:28 BOT 2012: Ajax->Mostrar Megusta:  
Mon Aug 27 20:43:47 BOT 2012: Ajax->Mostrar Imagen Portada:  
Mon Aug 27 20:55:03 BOT 2012: Busqueda Inteligente: resultados >102524
Mon Aug 27 21:01:39 BOT 2012: Busqueda Inteligente: resultados >135079
Mon Aug 27 21:02:18 BOT 2012: Busqueda Inteligente: resultados >135713
Mon Aug 27 21:03:07 BOT 2012: Ajax->Mostrar Imagen Portada:  
Mon Aug 27 21:03:58 BOT 2012: ASYNC -> STATS> Tiempo respuesta 0.003315 seg.
Mon Aug 27 21:48:50 BOT 2012: Ajax-> Mostrar Ranking > tono:103466 
Mon Aug 27 21:53:00 BOT 2012: Ajax-> Mostrar  Nombre Artista > tono:209 
Mon Aug 27 21:54:45 BOT 2012: ASYNC -> STATS> Tiempo respuesta 0.002902 seg.
Mon Aug 27 21:57:07 BOT 2012: Ajax->Actualizar pin usuario
Mon Aug 27 21:57:37 BOT 2012: Ajax-> Mostrar  Nombre Artista > tono:104560 
Mon Aug 27 22:03:30 BOT 2012: Mostrar Album: >Artista:  <a href='index.php?seccion=playlist&autor=520'>Moderatto</a>
Mon Aug 27 22:09:01 BOT 2012: Ajax->Mostrar Megusta:  
Mon Aug 27 22:09:07 BOT 2012: Ajax->Mostrar Imagen Portada:  
Mon Aug 27 22:09:28 BOT 2012: Consulta de precio de reason:3 - msisdn: tono:126169 Async responde:350
 
Mon Aug 27 22:13:08 BOT 2012: Ajax->Mostrar Nombre Artista:  
Mon Aug 27 22:15:20 BOT 2012: Busqueda Inteligente: resultados >103094
