Sun Oct 28 0:06:43 BOT 2012: Asignar backtone escuchado > Asi termino:112438,112461,
Sun Oct 28 0:13:05 BOT 2012: Busqueda Inteligente: Alejandro Gomez
Sun Oct 28 0:13:29 BOT 2012: Busqueda Inteligente: Los Temerarios
Sun Oct 28 0:30:05 BOT 2012: Asignar backtone escuchado > Asi termino:103627,103822,103114,105281,102639,102560,106299,103284,105096,139968,118747,147092,118725,118724,105534,105533,105282,141881,115942,127756,
Sun Oct 28 0:38:09 BOT 2012: Ajax->Mostrar Reproducciones:  
Sun Oct 28 0:38:15 BOT 2012: Ajax-> Mostrar  Imagen Portada> tono:109652 
Sun Oct 28 2:04:20 BOT 2012: Session Start>  session por defecto 
Sun Oct 28 10:16:00 BOT 2012: Busqueda Inteligente: Justin Bieber
Sun Oct 28 10:18:49 BOT 2012: Mostrar Genero: >G&eacute;nero:  <a href='index.php?seccion=playlist&genero=171'>Mi Promo ConTigo</a>
Sun Oct 28 10:25:08 BOT 2012: Ajax-> Mostrar Ranking > tono:29 
Sun Oct 28 10:27:32 BOT 2012: Ajax-> Mostrar Megusta> tono:441 
Sun Oct 28 10:29:11 BOT 2012: Ajax->Mostrar Reproducciones:  
Sun Oct 28 10:33:18 BOT 2012: Consulta de precio de reason:2 - msisdn: tono:140782 Async responde:350
 
Sun Oct 28 10:33:45 BOT 2012: ASYNC -> STATS> Tiempo respuesta 0.008346 seg.
Sun Oct 28 10:37:25 BOT 2012: Ajax-> Mostrar Megusta> tono:133411 
Sun Oct 28 10:45:08 BOT 2012: Session Start>  session por defecto 
Sun Oct 28 10:46:08 BOT 2012: Ajax->Mostrar Nombre Genero:  
Sun Oct 28 10:49:45 BOT 2012: ASYNC -> STATS> Tiempo respuesta 0.002354 seg.
Sun Oct 28 10:50:15 BOT 2012: Ajax-> Mostrar Megusta> tono:124071 
Sun Oct 28 10:53:21 BOT 2012: Asignar backtone escuchado > Asi termino:109323,103873,114589,114587,114590,103358,117861,124071,133409,133411,29,117853,105263,150832,104341,119859,155508,140782,103769,104092,
Sun Oct 28 10:57:37 BOT 2012: Busqueda Inteligente: Onionz Feat
Sun Oct 28 11:05:36 BOT 2012: Busqueda Inteligente: Resultado 
 -1 
Sun Oct 28 11:12:25 BOT 2012: Busqueda Inteligente: Chichicuilote
Sun Oct 28 11:19:53 BOT 2012: ASYNC -> STATS> Tiempo respuesta 0.448969 seg.
Sun Oct 28 11:20:17 BOT 2012: Ajax->Mostrar Ranking:  
Sun Oct 28 11:20:23 BOT 2012: ASYNC -> STATS> Tiempo respuesta 0.0020439999999999 seg.
Sun Oct 28 11:26:29 BOT 2012: Mostrar Ranking: tono:105712 calificacion: 
Sun Oct 28 11:43:17 BOT 2012: Busqueda Inteligente: resultados >155178
Sun Oct 28 11:43:56 BOT 2012: Ajax->Mostrar Ranking:  
Sun Oct 28 11:45:02 BOT 2012: STATS > BUSQUEDA DE BACKTONE >Tiempo: 0.037664 seg. | registros: 25
Sun Oct 28 11:52:51 BOT 2012: Ajax-> Mostrar Comentarios> tono:127760 
Sun Oct 28 11:53:55 BOT 2012: Ajax->Mostrar Megusta:  
Sun Oct 28 11:53:58 BOT 2012: ASYNC -> STATS> Tiempo respuesta -0.474615 seg.
Sun Oct 28 11:59:44 BOT 2012: Ajax->Mostrar Megusta:  
Sun Oct 28 12:00:11 BOT 2012: ASYNC -> STATS> Tiempo respuesta -0.022111 seg.
Sun Oct 28 12:00:44 BOT 2012: ASYNC -> STATS> Tiempo respuesta 0.003888 seg.
Sun Oct 28 12:12:58 BOT 2012: Ajax->Mostrar Comentarios:  
Sun Oct 28 12:30:31 BOT 2012: ASYNC -> STATS> Tiempo respuesta 0.069843 seg.
Sun Oct 28 12:36:08 BOT 2012: Ajax->Mostrar Nombre Artista:  
Sun Oct 28 12:36:23 BOT 2012: Asignar backtone escuchado > Asi termino:105036,105096,102622,145222,128235,128237,145223,113602,104122,104115,112462,104121,131645,102646,103474,103328,157846,
Sun Oct 28 12:42:42 BOT 2012: ASYNC -> STATS> Tiempo respuesta 0.003378 seg.
Sun Oct 28 12:47:13 BOT 2012: ASYNC -> STATS> Tiempo respuesta 0.003489 seg.
Sun Oct 28 13:18:06 BOT 2012: Ajax-> Mostrar  Nombre Genero > tono:150020 
Sun Oct 28 13:20:00 BOT 2012: ASYNC -> STATS> Tiempo respuesta -0.015989 seg.
Sun Oct 28 13:20:55 BOT 2012: Ajax->Mostrar Nombre Genero:  
Sun Oct 28 13:24:28 BOT 2012: Ajax->Mostrar Ranking:  
Sun Oct 28 13:29:23 BOT 2012: Ajax-> Mostrar  Nombre Genero > tono:103937 
Sun Oct 28 13:35:45 BOT 2012: Ajax-> Mostrar Comentarios> tono:108557 
Sun Oct 28 13:38:40 BOT 2012: Ajax->Mostrar Comentarios:  
Sun Oct 28 13:42:28 BOT 2012: Ajax->Mostrar Nombre Artista:  
Sun Oct 28 13:46:29 BOT 2012: Ajax-> Mostrar  Imagen Portada> tono:157852 
Sun Oct 28 13:47:17 BOT 2012: Ajax->Mostrar Nombre Artista:  
Sun Oct 28 13:51:51 BOT 2012: Session Start>  session por defecto 
Sun Oct 28 13:52:48 BOT 2012: Ajax-> Mostrar Ranking > tono:154234 
Sun Oct 28 13:53:36 BOT 2012: Ajax->Mostrar Nombre Artista:  
Sun Oct 28 13:56:52 BOT 2012: Ajax->Mostrar Reproducciones:  
Sun Oct 28 13:59:01 BOT 2012: Ajax->Mostrar Imagen Portada:  
Sun Oct 28 14:00:19 BOT 2012: ASYNC -> STATS> Tiempo respuesta 0.647122 seg.
Sun Oct 28 14:00:22 BOT 2012: Ajax->Mostrar Comentarios:  
Sun Oct 28 14:02:20 BOT 2012: Asignar backtone escuchado > Asi termino:126677,103750,105036,104508,105273,152460,103597,150020,103474,102931,103793,105659,105657,102932,105014,135975,83,116864,61,139844,
Sun Oct 28 14:03:05 BOT 2012: Ajax-> Mostrar  Nombre Genero > tono:155506 
Sun Oct 28 14:07:56 BOT 2012: Ajax->Mostrar Imagen Portada:  
Sun Oct 28 14:16:13 BOT 2012: ASYNC -> STATS> Tiempo respuesta 0.002288 seg.
Sun Oct 28 14:17:19 BOT 2012: Ajax->Mostrar Imagen Portada:  
Sun Oct 28 14:18:01 BOT 2012: Asignar backtone escuchado > Asi termino:104195,105533,152126,155380,152118,155372,103360,179,144153,105613,
Sun Oct 28 14:19:01 BOT 2012: Ajax->Mostrar Ranking:  
Sun Oct 28 14:21:26 BOT 2012: Ajax-> Mostrar  Nombre Artista > tono:105550 
Sun Oct 28 14:23:23 BOT 2012: Ajax-> Mostrar Ranking > tono:134015 
Sun Oct 28 14:24:53 BOT 2012: Ajax->Mostrar Megusta:  
Sun Oct 28 14:26:57 BOT 2012: Ajax->Mostrar Megusta:  
Sun Oct 28 14:28:48 BOT 2012: Ajax->Mostrar Megusta:  
Sun Oct 28 14:28:57 BOT 2012: Ajax->Mostrar Imagen Portada:  
Sun Oct 28 14:29:21 BOT 2012: Ajax->Mostrar Reproducciones:  
Sun Oct 28 14:30:57 BOT 2012: Busqueda Inteligente: resultados >151286
Sun Oct 28 14:31:03 BOT 2012: Ajax->Mostrar Reproducciones:  
Sun Oct 28 14:31:37 BOT 2012: Ajax-> Mostrar Comentarios> tono:621 
Sun Oct 28 14:31:40 BOT 2012: Ajax->Actualizar pin usuario
Sun Oct 28 14:33:01 BOT 2012: Ajax-> Mostrar  Nombre Genero > tono:109604 
Sun Oct 28 14:35:25 BOT 2012: Ajax->Mostrar Reproducciones:  
Sun Oct 28 14:36:22 BOT 2012: Ajax->Mostrar Nombre Artista:  
Sun Oct 28 14:38:32 BOT 2012: Ajax-> Mostrar  Nombre Artista > tono:109337 
Sun Oct 28 14:39:14 BOT 2012: Ajax->Mostrar Comentarios:  
Sun Oct 28 14:42:50 BOT 2012: Ajax->Mostrar Comentarios:  
Sun Oct 28 14:44:18 BOT 2012: WEB_REPRODUCIR_BUSQUEDA > Se recibieron:27 tonos
Sun Oct 28 14:45:27 BOT 2012: ASYNC -> STATS> Tiempo respuesta -0.530618 seg.
Sun Oct 28 14:50:13 BOT 2012: ASYNC -> STATS> Tiempo respuesta 0.005504 seg.
Sun Oct 28 14:50:49 BOT 2012: Ajax-> Mostrar  Nombre Artista > tono:155364 
Sun Oct 28 14:51:04 BOT 2012: ASYNC -> STATS> Tiempo respuesta -0.385695 seg.
Sun Oct 28 14:51:10 BOT 2012: Ajax->Mostrar Nombre Genero:  
Sun Oct 28 14:51:16 BOT 2012: Ajax->Mostrar Comentarios:  
Sun Oct 28 14:51:16 BOT 2012: Asignar backtone escuchado > Asi termino:109915,106005,
Sun Oct 28 14:51:19 BOT 2012: Ajax->Mostrar Megusta:  
Sun Oct 28 14:51:25 BOT 2012: Ajax->Mostrar Ranking:  
Sun Oct 28 14:51:25 BOT 2012: Ajax-> Mostrar Ranking > tono:109915 
Sun Oct 28 15:06:33 BOT 2012: Busqueda Inteligente: 
Sun Oct 28 15:07:49 BOT 2012: Ajax-> Mostrar Megusta> tono:104307 
Sun Oct 28 15:11:04 BOT 2012: Ajax->Mostrar Comentarios:  
Sun Oct 28 15:21:57 BOT 2012: Ajax->Mostrar Imagen Portada:  
Sun Oct 28 15:30:47 BOT 2012: Ajax-> Mostrar Megusta> tono:103462 
Sun Oct 28 15:33:47 BOT 2012: Ajax-> Mostrar  Nombre Genero > tono:146575 
Sun Oct 28 15:35:50 BOT 2012: Ajax-> Mostrar Megusta> tono:155362 
Sun Oct 28 15:41:57 BOT 2012: Ajax-> Mostrar  Nombre Artista > tono:126657 
Sun Oct 28 15:43:25 BOT 2012: Ajax-> Mostrar Comentarios> tono:572 
Sun Oct 28 15:43:40 BOT 2012: Ajax-> Mostrar Megusta> tono:103628 
Sun Oct 28 15:44:22 BOT 2012: Ajax->Mostrar Ranking:  
Sun Oct 28 15:47:37 BOT 2012: Asignar backtone escuchado > Asi termino:122647,145207,102697,104454,102651,104393,104639,145205,103051,104493,105999,150074,157090,154234,134178,105254,149590,102931,510,150076,
Sun Oct 28 15:55:09 BOT 2012: ASYNC -> STATS> Tiempo respuesta -0.048307 seg.
Sun Oct 28 15:55:12 BOT 2012: ASYNC -> STATS> Tiempo respuesta -0.705037 seg.
Sun Oct 28 15:55:15 BOT 2012: ASYNC -> STATS> Tiempo respuesta -0.02203 seg.
Sun Oct 28 15:55:15 BOT 2012: Ajax->Mostrar Ranking:  
Sun Oct 28 15:55:21 BOT 2012: ASYNC -> STATS> Tiempo respuesta -0.015439 seg.
Sun Oct 28 15:55:21 BOT 2012: Ajax-> Mostrar Ranking > tono:125088 
Sun Oct 28 16:01:01 BOT 2012: Ajax-> Mostrar  Imagen Portada> Album:Artista:  <a href='index.php?seccion=playlist&autor=124'>Ricardo Arjona</a>
Sun Oct 28 16:02:31 BOT 2012: ASYNC -> STATS> Tiempo respuesta 0.00544 seg.
Sun Oct 28 16:05:07 BOT 2012: Ajax-> Mostrar Ranking > tono:130984 
Sun Oct 28 16:22:49 BOT 2012: Ajax-> Mostrar Megusta> tono:113632 
Sun Oct 28 16:24:23 BOT 2012: Consulta de precio de reason:3 - msisdn: tono:113623 Async responde:350
 
Sun Oct 28 16:24:23 BOT 2012: ASYNC -> STATS> Tiempo respuesta 0.006654 seg.
Sun Oct 28 16:25:26 BOT 2012: ASYNC -> STATS> Tiempo respuesta -0.606228 seg.
Sun Oct 28 16:38:22 BOT 2012: Ajax-> Mostrar  Imagen Portada> tono:104422 
Sun Oct 28 16:38:49 BOT 2012: ASYNC -> STATS> Tiempo respuesta 0.002953 seg.
Sun Oct 28 16:40:01 BOT 2012: Ajax->Mostrar Megusta:  
Sun Oct 28 16:42:17 BOT 2012: Ajax->Mostrar Nombre Artista:  
Sun Oct 28 16:47:35 BOT 2012: Ajax-> Mostrar  Nombre Genero > tono:108594 
Sun Oct 28 16:48:14 BOT 2012: Ajax-> Mostrar Comentarios> tono:104195 
Sun Oct 28 16:50:48 BOT 2012: Ajax->Mostrar Ranking:  
Sun Oct 28 16:51:15 BOT 2012: ASYNC -> STATS> Tiempo respuesta -0.154205 seg.
Sun Oct 28 16:51:15 BOT 2012: ASYNC -> STATS> Tiempo respuesta 0.286193 seg.
Sun Oct 28 16:51:18 BOT 2012: Ajax->Mostrar Megusta:  
Sun Oct 28 16:51:18 BOT 2012: Asignar backtone escuchado > Asi termino:103782,132461,103588,103789,127423,127450,127424,126146,131035,131036,104579,105293,103431,103429,149592,
Sun Oct 28 16:51:24 BOT 2012: Ajax->Mostrar Ranking:  
Sun Oct 28 16:51:27 BOT 2012: Ajax-> Mostrar  Nombre Genero > tono:104900 
Sun Oct 28 16:51:27 BOT 2012: Ajax->Mostrar Imagen Portada:  
Sun Oct 28 16:51:27 BOT 2012: Ajax->Mostrar Ranking:  
Sun Oct 28 16:56:19 BOT 2012: Ajax->Mostrar Ranking:  
Sun Oct 28 17:02:41 BOT 2012: Ajax->Mostrar Comentarios:  
Sun Oct 28 17:14:49 BOT 2012: Busqueda Inteligente: Resultado 
 137972;Zero 76 Original Mix part 2;Dj Tiesto and Hardwell;Electronicas
137086;C Mon ft Diplo and Bustha Rhymes;Dj Tiesto;Electronicas
137970;C Mon ft Diplo and Bustha Rhymes;Dj Tiesto Vs Diplo;Electronicas
276;15 dias;La banda de lechuga;Cumbia
121;Andando;Diego Torres;Latinas
103692;ANDANDO-;Diego Torres;Latinas
333;Blandingo del dedo;Aldo Penha;Carnaval
104331;Cara de Dengue V1;DJ;Sonidos
138286;Traffic Radio Edit;Dj Tiesto;Electronicas
138311;Who Wants To Be Alone;Dj Tiesto feat Nelly Furtado;Electronicas
104190; Canita Canaveral;Banda Juventud Centralistas de La Paz;Carnaval
104177; Chirapas;La Banda de Perucho;Carnaval
104189; El Tio;Banda Juventud Centralistas de La Paz;Carnaval
104178; En Las Playas Del Beni;La Banda de Perucho;Carnaval
104195; Mi Fiel Promesa;Banda Juventud Centralistas de La Paz;Carnaval
104175; Tahichi Aguilera;La Banda de Perucho;Carnaval
107794;-Rey Tu Credito se esta agotando-MTV ISA TKM;MTV;MTV
103479;2EntraEnMiVidaAlbumVersion;Sin Bandera;Latinas
103480;2Recordando a Natacha;Sombra;Latinas
102646;5 de septiembre;Banda reggaeton;Reggaeton
104886;Abusadora;Wisin y Yandel;Reggaeton
105302;Adios; Yandel-Franco "El Gorilla";Latinas
144150;Adios Perra;Opratel;Carnavaleando con Tigo
103596;AdoradoTormento;Vicente Fernandez;Vicente Fernandez
142912;Adornando El Arbolito;Opratel;Navidad
107747;Alex A donde estas llamando-MTV ISA TKM;MTV;MTV
104510; Chiquillada V2;Jardin Unicornio;Sonidos
325;Amor en bici;La banda de lechuga;Cumbia
129899;Antes De Ti;Marcela Gandara;Cristianas
104193;Ay Rosita;Banda Juventud Centralistas de La Paz;Carnaval
145319;Banda Loca del Aurinegro;Opratel;Futbol
104051;Bandas marchando;Version Opratel;Clasicos
104223;bandera blanca;SERGIO DALMA;Latinas
129936;Besos Usados Opratel;Andres Cepeda Opratel;Mi Promo ConTigo
103320;Boricua morena dominicano;Banda reggaeton;Reggaeton
104507; Dormite Tranquilo;Claudio Taddei;Sonidos
150146;Amor Bandido;Opratel;Reggaeton
131036;Angela camba ordinario;Pablo Fernandez;Pablo Fernandez
104070;Aprendiste A Volar Remix;Vicente Fernandez;Vicente Fernandez
141636;ASE_02DEDIC2011_1_SALUDO;KARAOKE;KARAOKE
141626;ASE_02DEDIC2011_1_SONIDO;KARAOKE;KARAOKE
141631;ASE_02DEDIC2011_2_SONIDO;KARAOKE;KARAOKE
141659;ASE_03DEDIC2011_1_SALUDO;KARAOKE;KARAOKE
141661;ASE_03DEDIC2011_1_SONIDO;KARAOKE;KARAOKE
141676;ASE_03DEDIC2011_2_SALUDO;KARAOKE;KARAOKE
141665;ASE_03DEDIC2011_2_SONIDO;KARAOKE;KARAOKE
141677;ASE_03DEDIC2011_3_SALUDO;KARAOKE;KARAOKE
141673;ASE_03DEDIC2011_3_SONIDO;KARAOKE;KARAOKE
141674;ASE_03DEDIC2011_4_SONIDO;KARAOKE;KARAOKE
141678;ASE_03DEDIC2011_5_SONIDO;KARAOKE;KARAOKE
141682;ASE_03DEDIC2011_6_SONIDO;KARAOKE;KARAOKE
141683;ASE_03DEDIC2011_7_SONIDO;KARAOKE;KARAOKE
142066;ASE_10DEDIC2011_1_SONIDO;KARAOKE;KARAOKE
142069;ASE_10DEDIC2011_2_SONIDO;KARAOKE;KARAOKE
142184;ASE_11DEDIC2011_1_SALUDO;KARAOKE;KARAOKE
142782;ASE_23DEDIC2011_1_SALUDO;KARAOKE;KARAOKE
142807;ASE_24DEDIC2011_1_SALUDO;KARAOKE;KARAOKE
142809;ASE_24DEDIC2011_2_SALUDO;KARAOKE;KARAOKE
143130;ASE_30DEDIC2011_1_SALUDO;KARAOKE;KARAOKE
143148;ASE_30DEDIC2011_1_SONIDO;KARAOKE;KARAOKE
143147;ASE_30DEDIC2011_2_SALUDO;KARAOKE;KARAOKE
143153;ASE_30DEDIC2011_2_SONIDO;KARAOKE;KARAOKE
143156;ASE_30DEDIC2011_3_SALUDO;KARAOKE;KARAOKE
143171;ASE_31DEDIC2011_1_SALUDO;KARAOKE;KARAOKE
143163;ASE_31DEDIC2011_1_SONIDO;KARAOKE;KARAOKE
143176;ASE_31DEDIC2011_2_SALUDO;KARAOKE;KARAOKE
143164;ASE_31DEDIC2011_2_SONIDO;KARAOKE;KARAOKE
143173;ASE_31DEDIC2011_3_SONIDO;KARAOKE;KARAOKE
143172;ASE_31DEDIC2011_4_SONIDO;KARAOKE;KARAOKE
146587;Atigrado de Corazon 1;Go Media;Chistes
146590;Atigrado de Corazon 2;Go Media;Chistes
145857;Atigrado de Corazon 2;Go Media;Chistes
141563;AVV_01DEDIC2011_1_SALUDO;KARAOKE;KARAOKE
104612;Amor De Los Dos En Vivo;Vicente Fernandez;Vicente Fernandez
113600;besos mojados;Wisin y Yandel;Reggaeton
104371;Buscar;la mancha de rolando;Latinas
104372;Calavera;la mancha de rolando;Latinas
102870;calentando me voy;David Bisal;Latinas
104332;Cara de Dengue V2;DJ;Tarija
126175;Invisible feat Luis Enrique and DJ Kane;A.B. Quintanilla;Mama Te Quiero
138309;Just Be ft Kristy Hawkshaw;Dj Tiesto;Electronicas
128956;Lady Opratel;Dj Mendez Opratel;Mi Promo ConTigo
126172;Mentirosa feat DJ Kane and Otros;A.B. Quintanilla;Cumbia
125661;Muero Por Ti feat Shaila D and DJ Kane;A.B. Quintanilla;Mama Te Quiero
103491;Soundsystem Jaded;Flip y dj 
Sun Oct 28 17:15:10 BOT 2012: ASYNC -> STATS> Tiempo respuesta 0.588179 seg.
Sun Oct 28 17:15:19 BOT 2012: ASYNC -> STATS> Tiempo respuesta 0.009153 seg.
Sun Oct 28 17:15:31 BOT 2012: Busqueda Inteligente: Resultado 
 137972;Zero 76 Original Mix part 2;Dj Tiesto and Hardwell;Electronicas
137086;C Mon ft Diplo and Bustha Rhymes;Dj Tiesto;Electronicas
137970;C Mon ft Diplo and Bustha Rhymes;Dj Tiesto Vs Diplo;Electronicas
276;15 dias;La banda de lechuga;Cumbia
121;Andando;Diego Torres;Latinas
103692;ANDANDO-;Diego Torres;Latinas
333;Blandingo del dedo;Aldo Penha;Carnaval
104331;Cara de Dengue V1;DJ;Sonidos
138286;Traffic Radio Edit;Dj Tiesto;Electronicas
138311;Who Wants To Be Alone;Dj Tiesto feat Nelly Furtado;Electronicas
104190; Canita Canaveral;Banda Juventud Centralistas de La Paz;Carnaval
104177; Chirapas;La Banda de Perucho;Carnaval
104189; El Tio;Banda Juventud Centralistas de La Paz;Carnaval
104178; En Las Playas Del Beni;La Banda de Perucho;Carnaval
104195; Mi Fiel Promesa;Banda Juventud Centralistas de La Paz;Carnaval
104175; Tahichi Aguilera;La Banda de Perucho;Carnaval
107794;-Rey Tu Credito se esta agotando-MTV ISA TKM;MTV;MTV
103479;2EntraEnMiVidaAlbumVersion;Sin Bandera;Latinas
103480;2Recordando a Natacha;Sombra;Latinas
102646;5 de septiembre;Banda reggaeton;Reggaeton
104886;Abusadora;Wisin y Yandel;Reggaeton
105302;Adios; Yandel-Franco "El Gorilla";Latinas
144150;Adios Perra;Opratel;Carnavaleando con Tigo
103596;AdoradoTormento;Vicente Fernandez;Vicente Fernandez
142912;Adornando El Arbolito;Opratel;Navidad
107747;Alex A donde estas llamando-MTV ISA TKM;MTV;MTV
104510; Chiquillada V2;Jardin Unicornio;Sonidos
325;Amor en bici;La banda de lechuga;Cumbia
129899;Antes De Ti;Marcela Gandara;Cristianas
104193;Ay Rosita;Banda Juventud Centralistas de La Paz;Carnaval
145319;Banda Loca del Aurinegro;Opratel;Futbol
104051;Bandas marchando;Version Opratel;Clasicos
104223;bandera blanca;SERGIO DALMA;Latinas
129936;Besos Usados Opratel;Andres Cepeda Opratel;Mi Promo ConTigo
103320;Boricua morena dominicano;Banda reggaeton;Reggaeton
104507; Dormite Tranquilo;Claudio Taddei;Sonidos
150146;Amor Bandido;Opratel;Reggaeton
131036;Angela camba ordinario;Pablo Fernandez;Pablo Fernandez
104070;Aprendiste A Volar Remix;Vicente Fernandez;Vicente Fernandez
141636;ASE_02DEDIC2011_1_SALUDO;KARAOKE;KARAOKE
141626;ASE_02DEDIC2011_1_SONIDO;KARAOKE;KARAOKE
141631;ASE_02DEDIC2011_2_SONIDO;KARAOKE;KARAOKE
141659;ASE_03DEDIC2011_1_SALUDO;KARAOKE;KARAOKE
141661;ASE_03DEDIC2011_1_SONIDO;KARAOKE;KARAOKE
141676;ASE_03DEDIC2011_2_SALUDO;KARAOKE;KARAOKE
141665;ASE_03DEDIC2011_2_SONIDO;KARAOKE;KARAOKE
141677;ASE_03DEDIC2011_3_SALUDO;KARAOKE;KARAOKE
141673;ASE_03DEDIC2011_3_SONIDO;KARAOKE;KARAOKE
141674;ASE_03DEDIC2011_4_SONIDO;KARAOKE;KARAOKE
141678;ASE_03DEDIC2011_5_SONIDO;KARAOKE;KARAOKE
141682;ASE_03DEDIC2011_6_SONIDO;KARAOKE;KARAOKE
141683;ASE_03DEDIC2011_7_SONIDO;KARAOKE;KARAOKE
142066;ASE_10DEDIC2011_1_SONIDO;KARAOKE;KARAOKE
142069;ASE_10DEDIC2011_2_SONIDO;KARAOKE;KARAOKE
142184;ASE_11DEDIC2011_1_SALUDO;KARAOKE;KARAOKE
142782;ASE_23DEDIC2011_1_SALUDO;KARAOKE;KARAOKE
142807;ASE_24DEDIC2011_1_SALUDO;KARAOKE;KARAOKE
142809;ASE_24DEDIC2011_2_SALUDO;KARAOKE;KARAOKE
143130;ASE_30DEDIC2011_1_SALUDO;KARAOKE;KARAOKE
143148;ASE_30DEDIC2011_1_SONIDO;KARAOKE;KARAOKE
143147;ASE_30DEDIC2011_2_SALUDO;KARAOKE;KARAOKE
143153;ASE_30DEDIC2011_2_SONIDO;KARAOKE;KARAOKE
143156;ASE_30DEDIC2011_3_SALUDO;KARAOKE;KARAOKE
143171;ASE_31DEDIC2011_1_SALUDO;KARAOKE;KARAOKE
143163;ASE_31DEDIC2011_1_SONIDO;KARAOKE;KARAOKE
143176;ASE_31DEDIC2011_2_SALUDO;KARAOKE;KARAOKE
143164;ASE_31DEDIC2011_2_SONIDO;KARAOKE;KARAOKE
143173;ASE_31DEDIC2011_3_SONIDO;KARAOKE;KARAOKE
143172;ASE_31DEDIC2011_4_SONIDO;KARAOKE;KARAOKE
146587;Atigrado de Corazon 1;Go Media;Chistes
146590;Atigrado de Corazon 2;Go Media;Chistes
145857;Atigrado de Corazon 2;Go Media;Chistes
141563;AVV_01DEDIC2011_1_SALUDO;KARAOKE;KARAOKE
104612;Amor De Los Dos En Vivo;Vicente Fernandez;Vicente Fernandez
113600;besos mojados;Wisin y Yandel;Reggaeton
104371;Buscar;la mancha de rolando;Latinas
104372;Calavera;la mancha de rolando;Latinas
102870;calentando me voy;David Bisal;Latinas
104332;Cara de Dengue V2;DJ;Tarija
126175;Invisible feat Luis Enrique and DJ Kane;A.B. Quintanilla;Mama Te Quiero
138309;Just Be ft Kristy Hawkshaw;Dj Tiesto;Electronicas
128956;Lady Opratel;Dj Mendez Opratel;Mi Promo ConTigo
126172;Mentirosa feat DJ Kane and Otros;A.B. Quintanilla;Cumbia
125661;Muero Por Ti feat Shaila D and DJ Kane;A.B. Quintanilla;Mama Te Quiero
103491;Soundsystem Jaded;Flip y dj 
Sun Oct 28 17:20:23 BOT 2012: ASYNC -> STATS> Tiempo respuesta 0.002958 seg.
Sun Oct 28 17:25:06 BOT 2012: Ajax->Mostrar Reproducciones:  
Sun Oct 28 17:25:36 BOT 2012: Consulta de precio de reason:2 - msisdn: tono:102620 Async responde:350
 
Sun Oct 28 17:28:24 BOT 2012: Ajax-> Mostrar  Nombre Artista > tono:147860 
Sun Oct 28 17:28:48 BOT 2012: WEB_REPRODUCIR_BUSQUEDA > Se recibieron:3 tonos
Sun Oct 28 17:32:07 BOT 2012: Ajax->Mostrar Megusta:  
Sun Oct 28 17:32:22 BOT 2012: Ajax->Mostrar Comentarios:  
Sun Oct 28 17:33:01 BOT 2012: ASYNC -> STATS> Tiempo respuesta 0.0071479999999999 seg.
Sun Oct 28 17:33:04 BOT 2012: Ajax->Mostrar Megusta:  
Sun Oct 28 17:33:13 BOT 2012: Consulta de precio de reason:10 - msisdn: tono:156792 Async responde:350
 
Sun Oct 28 17:33:16 BOT 2012: ASYNC -> STATS> Tiempo respuesta 0.573629 seg.
Sun Oct 28 17:33:19 BOT 2012: Ajax-> Mostrar Ranking > tono:156164 
Sun Oct 28 17:33:22 BOT 2012: Ajax-> Mostrar Megusta> tono:156792 
Sun Oct 28 17:33:22 BOT 2012: Asignar backtone escuchado > Asi termino:103221,103069,103071,103222,103070,103220,103068,125661,156154,102610,102781,155266,144149,106266,124243,117853,117841,117840,127759,
Sun Oct 28 17:33:25 BOT 2012: ASYNC -> STATS> Tiempo respuesta 0.036051 seg.
Sun Oct 28 17:33:28 BOT 2012: Consulta de precio de reason:3 - msisdn:77398470 tono:153382 Async responde:350
 
Sun Oct 28 17:33:28 BOT 2012: Ajax-> Mostrar Ranking > tono:103221 
Sun Oct 28 17:33:28 BOT 2012: Asignar backtone escuchado > Asi termino:129899,103458,113049,109404,104088,103462,127441,104554,103461,127447,127449,134008,141022,141026,133876,103460,141024,103459,157854,
Sun Oct 28 17:38:20 BOT 2012: ASYNC -> STATS> Tiempo respuesta 0.161423 seg.
Sun Oct 28 17:43:33 BOT 2012: Busqueda Inteligente: resultados >123718
Sun Oct 28 17:47:15 BOT 2012: Ajax->Mostrar Reproducciones:  
Sun Oct 28 17:47:49 BOT 2012: Ajax-> Mostrar Ranking > tono:157852 
Sun Oct 28 17:50:43 BOT 2012: Busqueda Inteligente: resultados >123530
Sun Oct 28 17:52:01 BOT 2012: Ajax-> Mostrar Megusta> tono:152530 
Sun Oct 28 17:54:11 BOT 2012: Check Session > msisdn: 75431800 > Usuario Valido 
Sun Oct 28 18:07:43 BOT 2012: Ajax->Mostrar Reproducciones:  
Sun Oct 28 18:17:03 BOT 2012: Ajax->Mostrar Nombre Artista:  
Sun Oct 28 18:24:43 BOT 2012: Busqueda Inteligente: resultados >104088
Sun Oct 28 18:36:57 BOT 2012: ASYNC -> STATS> Tiempo respuesta 0.020934 seg.
Sun Oct 28 18:37:00 BOT 2012: ASYNC -> STATS> Tiempo respuesta -0.00479 seg.
Sun Oct 28 18:37:12 BOT 2012: Ajax-> Mostrar Megusta> tono:102723 
Sun Oct 28 18:41:52 BOT 2012: Ajax->Mostrar Ranking:  
Sun Oct 28 18:52:48 BOT 2012: Ajax-> Mostrar  Nombre Genero > tono:163 
Sun Oct 28 18:59:07 BOT 2012: WEB_REPRODUCIR_BUSQUEDA > Se recibieron:14 tonos
Sun Oct 28 19:10:54 BOT 2012: Ajax->Mostrar Ranking:  
Sun Oct 28 19:25:23 BOT 2012: Ajax-> Mostrar Megusta> tono:104374 
Sun Oct 28 19:26:45 BOT 2012: Ajax->Mostrar Nombre Genero:  
Sun Oct 28 19:28:48 BOT 2012: Ajax-> Mostrar Megusta> tono:133450 
Sun Oct 28 19:33:37 BOT 2012: Ajax-> Mostrar Ranking > tono:104676 
Sun Oct 28 19:57:38 BOT 2012: Ajax->Mostrar Megusta:  
Sun Oct 28 19:59:02 BOT 2012: Ajax->Mostrar Ranking:  
Sun Oct 28 19:59:53 BOT 2012: Ajax->Mostrar Nombre Genero:  
Sun Oct 28 20:06:15 BOT 2012: Ajax-> Mostrar Ranking > tono:124975 
Sun Oct 28 20:08:52 BOT 2012: ASYNC -> STATS> Tiempo respuesta 0.003358 seg.
Sun Oct 28 20:11:13 BOT 2012: Ajax->Mostrar Reproducciones:  
Sun Oct 28 20:14:56 BOT 2012: ASYNC -> STATS> Tiempo respuesta 0.003025 seg.
Sun Oct 28 20:20:00 BOT 2012: Ajax->Mostrar Ranking:  
Sun Oct 28 20:23:36 BOT 2012: Ajax->Mostrar Comentarios:  
Sun Oct 28 20:26:58 BOT 2012: ASYNC -> STATS> Tiempo respuesta -0.499352 seg.
Sun Oct 28 20:33:35 BOT 2012: Ajax->Mostrar Ranking:  
Sun Oct 28 20:39:24 BOT 2012: Ajax->Mostrar Nombre Genero:  
Sun Oct 28 20:41:06 BOT 2012: ASYNC -> STATS> Tiempo respuesta 0.672549 seg.
Sun Oct 28 20:41:09 BOT 2012: Consulta de precio de reason:10 - msisdn: tono:102630 Async responde:350
 
Sun Oct 28 20:43:31 BOT 2012: Ajax->Mostrar Ranking:  
Sun Oct 28 20:44:47 BOT 2012: Asignar backtone escuchado > Asi termino:104268,40,109235,104644,105078,109231,103527,247,109237,103086,102630,129268,107564,110206,105324,128235,105259,104276,128462,
Sun Oct 28 20:44:52 BOT 2012: Ajax->Mostrar Nombre Genero:  
Sun Oct 28 20:51:02 BOT 2012: Ajax->Mostrar Nombre Genero:  
Sun Oct 28 20:52:18 BOT 2012: Session Start>  session por defecto 
Sun Oct 28 20:53:21 BOT 2012: Ajax->Mostrar Reproducciones:  
Sun Oct 28 20:54:30 BOT 2012: Ajax->Mostrar Comentarios:  
Sun Oct 28 20:55:12 BOT 2012: Ajax->Mostrar Nombre Genero:  
Sun Oct 28 21:00:52 BOT 2012: Ajax->Mostrar Imagen Portada:  
Sun Oct 28 21:03:22 BOT 2012: Ajax-> Mostrar Comentarios> tono:152128 
Sun Oct 28 21:12:51 BOT 2012: Ajax->Mostrar Reproducciones:  
Sun Oct 28 21:13:03 BOT 2012: Ajax-> Mostrar Ranking > tono:128427 
Sun Oct 28 21:13:12 BOT 2012: Ajax-> Mostrar Ranking > tono:152128 
Sun Oct 28 21:16:16 BOT 2012: ASYNC -> STATS> Tiempo respuesta -0.807223 seg.
Sun Oct 28 21:19:37 BOT 2012: ASYNC -> STATS> Tiempo respuesta 0.864427 seg.
Sun Oct 28 21:21:02 BOT 2012: Busqueda Inteligente: Resultado 
 560;Corazones;Daddy Yankee;Reggaeton
124958;Daria;Daddy Yankee;Reggaeton
106390;Descontrol;Daddy Yankee;Latinas
125049;Dimelo Mami Feat Voltio;Daddy Yankee;Reggaeton
124960;El mejor de todos los tiempos;Daddy Yankee;Reggaeton
34;El truco;Daddy Yankee;Reggaeton
561;Ella me levanto;Daddy Yankee;Reggaeton
562;Gangsta Zone;Daddy Yankee;Reggaeton
106389;Grito Mundial;Daddy Yankee;Al fondo hay sitio
563;Impacto;Daddy Yankee;Reggaeton
104308;Impacto Remix;Daddy Yankee;Reggaeton
121513;La despedida de Daddy Yankee;Daddy Yankee;Reggaeton
564;Lo que pasa pasa;Daddy Yankee;Reggaeton
565;Machucando.;Daddy Yankee;Reggaeton
124964;Me entere ;Daddy Yankee;Reggaeton
102837;oasis de fantacia;Daddy Yankee;Reggaeton
102838;pa kumpa;Daddy Yankee;Reggaeton
102930;pasion;Daddy Yankee;Reggaeton
102886;pose;Daddy Yankee;Reggaeton
103419;pose-;Daddy Yankee;Reggaeton
103505;pose2;Daddy Yankee;Reggaeton
124956;Rescate;Daddy Yankee;Reggaeton
566;Rompe.;Daddy Yankee;Reggaeton
104309;Santifica Tues Escapularios;Daddy Yankee;Reggaeton
124962;Senhal;Daddy Yankee;Reggaeton
102845;suelta;Daddy Yankee;Reggaeton
68;Te suelto el pelo;Daddy Yankee;Reggaeton
104310;Tu Principe;Daddy Yankee;Reggaeton
104897;Sugar Daddy;Jackson 5;Pop
136264;Sugar Daddy Chorus;Jackson 5;Pop
104928;ATENCION SOLDADO ATIENDA SU CELULAR;Version Opratel;Clasicos
104294;Cuidado Con El Corazon;Alejandra Guzman;Latinas
103899;El reino olvidado;Version Opratel;Latinas
103435;Los Dias Que Me Fueron Dados;Daniel Calveti;Cristianas
123523;Nino olvidado;Pablo Fernandez;Pablo Fernandez
117856;Ojos Vendados;Play Boy;Play Boy
102877;soldado de papel;David Bisal;Latinas
84;A fuegote;Daddy Yankee;Reggaeton
103939; Jingle Bells;Moderatto;Navidad
103940; Noche De Paz;Moderatto;Navidad
104967;A Don Ata;Soledad Pastorutti;Latinas
103876;A la nanita nanaa;Navidad;Navidad
110318;ActivateIvr;Publicidad;Publicidad
142912;Adornando El Arbolito;Opratel;Navidad
142228;Aerocom;Tigo;Publicidad
103187;al filo de la irrealidad;Bustamente;Pop
608;Aleluya es navidad;Aldo Penha;Navidad
104968;Amor Salvaje;Soledad Pastorutti;Latinas
103303;amor verdadero;PK2;Latinas
104942;animal de ciudad;Animal de Ciudad;Latinas
103717;Anton;Navidad;Navidad
103716;Anton instrumental;Navidad;Navidad
103825;Arde la ciudad;Version Opratel;Latinas
103859;Arre borriquito;Coro Belen;Navidad
103718;Belen pastores instrumental;Navidad;Navidad
103880;Belen pastores musica;Navidad;Navidad
103719;Belen pastores musical;Navidad;Navidad
104943;Camaleon;Animal de Ciudad;Latinas
103860;Campana sobre campana;Coro Belen;Navidad
104969;Cancion Del Adios;Soledad Pastorutti;Latinas
154222;Carga y Gana;Opratel;Publicidad
107760;Cata La publicidad de-MTV ISA TKM;MTV;MTV
130053;Chinito llorando se fue;Tigo;Publicidad
120942;Christmas;Celine Dion;Navidad
120944;Christmas glee cast Version;Glee Cast;Navidad
120946;Christmas time;Back street boys;Navidad
154220;CitexRBT;Opratel;Publicidad
122648;Ciudad del amor ;Qmbia Juan;Cumbia
110220;ciudad errante;Animal de Ciudad;Pop
145406;Claridad;Opratel;Pop
150086;Deseos de Felicidad;Agua Marina;Cumbia
140984;Drummer Boy;Justin Bieber;Navidad
120947;El año viejo;Gilberto Santa Rosa;Navidad
103861;El Nino pobre;Coro Belen;Navidad
153126;El quebracho;Tigo;Publicidad
103875;El Regalo Celestial;Yoly Rodriguez;Navidad
142916;El Remolino de Uno;nemetec;Navidad
131642;El Verdadero Amor Perdona;Mana Opratel;Pop
145408;El Verdadero Amor Perdona;Opratel;Promo Clubstigo
103291;en la ciudad de la furia;Soda Stereo;Latinas
135213;En la eternidad;Rabito;Cristianas
103874;En Un Establo;Pecos Romero;Navidad
129251;Enfermedad de ti Opratel;Andres Cepeda Opratel;Mi Promo ConTigo
120949;Esta Navidad;Moderatto;Navidad
121518;Esta vida Soledad;Soledad Pastorutti;Latinas
102913;eternidad;Octavia;Latinas
156624;Eternidad;Piojo Loco;Rock
120950;Feliz Navidad;Jose Feliciano;Navidad
120962;Feliz Navidad 3;Moderatto;Navidad
142910;Feliz Navidad Papa Noel;Opratel;Navidad
114731;fexpocruz2010;telecel;Publicidad
154816;Fribol;Tigo;Publicidad
103726;Gabriel-;Navidad;Navidad
147378;HAYOSPAN;Empresa San Fernando;Publicidad
140985;Home This Christmas;Justin Bieber;Navidad
103873;Hoy Es Navidad;Naty Blanco;Navidad
103862;Huachi Torito;Coro Belen;Navidad
145909;Igualdade;Kara N Daya;Pop
112453;infidelidad;La Champions;Cumbia
103938;Invierno Total Last Christmas;Moderatto;Navidad
120952;Jingle Belele;El general;Navidad
103863;Jingle bells;Coro Belen;Navidad
110317;KaraokeIvr;Publicidad;Publicidad
122653;La ciudad del amor ;Qmbia Juan;Cumbia
102600;La ciudad final;Cosa Nostra;Latinas
104497;la felicidad;Flash 5;Latinas
103864;La peregrinacion;Coro Belen;Navidad
122542;La soledad;Juanes;Latinas
120954;Last Christmas;Wham;Navidad
103865;Los pastores;Coro Belen;Navidad
103866;Los peces en el rio;Coro Belen;Navidad
103867;Los reyes magos;Coro Belen;Navidad
123533;Marica Trinidad;Pablo Fernandez;Pablo Fernandez
120956;Me gustan las navidades;Gilberto Santa Rosa;Navidad
120958;Merry merry christmas;New kids on the block;Navidad
103868;Mi burrito orejon;Coro Belen;Navidad
121519;Mi Credo Soledad;Soledad Pastorutti;Latinas
103871;Mi Regalo;Gadiel Espinoza;Navidad
133784;Nattyvidad;Matamba;Rock
142914;Navidad en tu celular;Opratel;Navidad
103927;Necesidad;Alexandre Pires; Brasileras
154770;Nestle;Tigo;Publicidad
135713;No Se Olvida Feat Soledad;fRANCO dE vITA;Latinas
143085;Noche De Paz;nemetec;Navidad
143088;Noche De Paz;nemetec;Navidad
120964;Noche de paz 1;Moderatto;Navidad
103870;Noche de paz_;Coro Belen;Navidad
120965;One wish for christmas;Whitney Houston;Navidad
150396;Pago Express;Los Achus;Publicidad
149224;PagosEXPRESS;Empresa San Fernando;Publicidad
142923;Papa Noel Ocupado Con regalos;Opratel;Navidad
142924;Papa Noel Ya te van a atender;Opratel;Navidad
110029;PaquetigoA;Publicidad;Publicidad
105089;Para un poc 
Sun Oct 28 21:22:20 BOT 2012: Ajax->Mostrar Megusta:  
Sun Oct 28 21:22:47 BOT 2012: Ajax->Mostrar Comentarios:  
Sun Oct 28 21:24:53 BOT 2012: Ajax-> Mostrar  Nombre Artista > tono:152222 
Sun Oct 28 21:28:54 BOT 2012: Ajax->Mostrar Ranking:  
Sun Oct 28 21:42:08 BOT 2012: Ajax->Mostrar Reproducciones:  
Sun Oct 28 21:46:06 BOT 2012: Ajax-> Mostrar Ranking > tono:104816 
Sun Oct 28 21:47:42 BOT 2012: Ajax->Mostrar Comentarios:  
Sun Oct 28 21:52:22 BOT 2012: Session Start>  Chequeo de sesion
Sun Oct 28 21:53:19 BOT 2012: Ajax->Mostrar Imagen Portada:  
Sun Oct 28 22:18:54 BOT 2012: Busqueda Inteligente: resultados >106295
Sun Oct 28 22:22:27 BOT 2012: Ajax->Mostrar Megusta:  
Sun Oct 28 22:59:46 BOT 2012: Ajax-> Mostrar Megusta> tono:132458 
Sun Oct 28 23:02:52 BOT 2012: Ajax-> Mostrar  Imagen Portada> tono:126029 
Sun Oct 28 23:02:58 BOT 2012: ASYNC -> STATS> Tiempo respuesta -0.0052169999999999 seg.
Sun Oct 28 23:02:58 BOT 2012: ASYNC -> STATS> Tiempo respuesta -0.165755 seg.
Sun Oct 28 23:04:13 BOT 2012: Ajax->Mostrar Comentarios:  
Sun Oct 28 23:29:32 BOT 2012: Ajax-> Mostrar  Imagen Portada> tono:145176 
Sun Oct 28 23:35:30 BOT 2012: Ajax->Mostrar Imagen Portada:  
Sun Oct 28 23:53:21 BOT 2012: Busqueda Inteligente: resultados >109265
Sun Oct 28 23:59:50 BOT 2012: Ajax-> Mostrar Ranking > tono:128309 
