Wed Feb 15 9:16:04 BOT 2012: LISTAR_MODO_ROTACION_BACTONES > usuario: 75470116  modo:2 
Wed Feb 15 9:17:10 BOT 2012: Ajax-> Mostrar  Nombre Genero > tono:105540 
Wed Feb 15 9:20:38 BOT 2012: Mostrar Album: >Artista:  <a href='index.php?seccion=playlist&autor=293'>Los Temerarios</a>
Wed Feb 15 9:21:14 BOT 2012: Ajax-> Mostrar Ranking > tono:142230 
Wed Feb 15 9:26:09 BOT 2012: Ajax->Mostrar Nombre Genero:  
Wed Feb 15 9:27:06 BOT 2012: MTD_DB_BUSCAR_ARTISTAS > retornando registros:1
Wed Feb 15 9:27:21 BOT 2012: Ajax->Mostrar Nombre Artista:  
Wed Feb 15 9:28:15 BOT 2012: Consulta de precio de reason:5 - msisdn: tono:123515 Async responde:350
 
Wed Feb 15 9:30:48 BOT 2012: Ajax-> Mostrar Comentarios> tono:104180 
Wed Feb 15 9:31:21 BOT 2012: Session Start>  session por defecto 
Wed Feb 15 9:32:24 BOT 2012: Ajax->Mostrar Imagen Portada:  
Wed Feb 15 9:32:54 BOT 2012: Mostrar Comentarios : tono:144672 
Wed Feb 15 9:36:55 BOT 2012: Session Start>  session por defecto 
Wed Feb 15 9:39:22 BOT 2012: Ajax-> Mostrar Comentarios> tono:102663 
Wed Feb 15 9:42:47 BOT 2012: Ajax-> Mostrar Ranking > tono:104782 
Wed Feb 15 9:49:57 BOT 2012: Ajax-> Mostrar  Nombre Genero > tono:110342 
Wed Feb 15 9:50:57 BOT 2012: Ajax->Mostrar Comentarios:  
Wed Feb 15 9:52:18 BOT 2012: Ajax-> Mostrar Megusta> tono:104303 
Wed Feb 15 9:53:12 BOT 2012: Ajax->Mostrar Comentarios:  
Wed Feb 15 10:00:02 BOT 2012: Ajax->Mostrar Comentarios:  
Wed Feb 15 10:00:13 BOT 2012: ASYNC -> STATS> Tiempo respuesta 0.049071 seg.
Wed Feb 15 10:00:19 BOT 2012: Consulta de precio de reason:2 - msisdn: tono:621 Async responde:350
 
Wed Feb 15 10:00:19 BOT 2012: ASYNC -> STATS> Tiempo respuesta -0.00059399999999998 seg.
Wed Feb 15 10:01:14 BOT 2012: ASYNC -> STATS> Tiempo respuesta 0.006135 seg.
Wed Feb 15 10:01:59 BOT 2012: Ajax->Mostrar Megusta:  
Wed Feb 15 10:02:02 BOT 2012: Mostrar Cantidad reproducciones: tono:134025 cantidad: 0
Wed Feb 15 10:02:26 BOT 2012: Ajax-> Mostrar Ranking > tono:110183 
Wed Feb 15 10:04:54 BOT 2012: Ajax-> Mostrar  Nombre Artista > tono:104024 
Wed Feb 15 10:06:57 BOT 2012: Asignar backtone escuchado > Asi termino:103474,
Wed Feb 15 10:07:34 BOT 2012: Error al consultar precio de renovacion - msisdn: tono:140825 - Async responde -3
Wed Feb 15 10:07:46 BOT 2012: Ajax->Mostrar Comentarios:  
Wed Feb 15 10:08:04 BOT 2012: Ajax->Mostrar Comentarios:  
Wed Feb 15 10:08:27 BOT 2012: ASYNC -> STATS> Tiempo respuesta -0.093038 seg.
Wed Feb 15 10:10:10 BOT 2012: Session Start>  session por defecto 
Wed Feb 15 10:10:22 BOT 2012: Ajax->Mostrar Megusta:  
Wed Feb 15 10:10:28 BOT 2012: Asignar backtone escuchado > Asi termino:123530,123525,131042,131730,123518,123531,123519,131049,131035,131036,104830,131699,110184,110183,109328,623,622,110181,621,
Wed Feb 15 10:10:31 BOT 2012: Consulta de precio de reason:2 - msisdn: tono:105750 Async responde:350
 
Wed Feb 15 10:10:31 BOT 2012: ASYNC -> STATS> Tiempo respuesta -0.020773 seg.
Wed Feb 15 10:10:34 BOT 2012: Consulta de precio de reason:10 - msisdn: tono:123530 Async responde:350
 
Wed Feb 15 10:10:34 BOT 2012: ASYNC -> STATS> Tiempo respuesta -0.684434 seg.
Wed Feb 15 10:10:34 BOT 2012: Ajax->Mostrar Ranking:  
Wed Feb 15 10:10:52 BOT 2012: Consulta de precio de reason:10 - msisdn: tono:103739 Async responde:350
 
Wed Feb 15 10:11:28 BOT 2012: Ajax->Mostrar Comentarios:  
Wed Feb 15 10:11:58 BOT 2012: Ajax-> Mostrar  Nombre Artista > tono:139303 
Wed Feb 15 10:12:22 BOT 2012: ASYNC -> STATS> Tiempo respuesta 0.013665 seg.
Wed Feb 15 10:12:28 BOT 2012: STATS > BUSQUEDA DE BACKTONE >Tiempo: -0.135197 seg. | registros: 20
Wed Feb 15 10:13:34 BOT 2012: ASYNC -> STATS> Tiempo respuesta -0.276514 seg.
Wed Feb 15 10:13:34 BOT 2012: Ajax->Mostrar Megusta:  
Wed Feb 15 10:14:58 BOT 2012: ASYNC -> STATS> Tiempo respuesta 0.098561 seg.
Wed Feb 15 10:15:58 BOT 2012: ASYNC -> STATS> Tiempo respuesta 0.010678 seg.
Wed Feb 15 10:16:04 BOT 2012: Ajax->Mostrar Ranking:  
Wed Feb 15 10:16:49 BOT 2012: Busqueda Inteligente: Resultado 
 126228;Me Enamore;Eddy Lover;Reggaeton
126493;Me enamore;Eddy Lover;Reggaeton
104428;No Debiste Volver live;Eddy Lover;Reggaeton
133710;Heavy Metal Lover;Lady Gaga;Pop
133713;Heavy Metal Lover;Lady Gaga;Pop
105017;Lovers in Japan;Toing;Pop
102801;Wish I Was Your Lover;Enrique Iglesias;Enrique Inglesias
307;Almohada de piedra;Covertone;Latinas
104231;ya lo veras;SERGIO DALMA;Latinas
106298;-Entrega la flor-;Version Solumovil;Latinas
106288;-Love game-;Cover Lady GaGa;Pop
140821;AB Quintoanillo;Version Solumovil;Chistes
104926;Agente 86 y los enanos;Version Opratel;Sonidos
131635;Aguita de Remanso Verde Feat Abdon R;Yalo cuellar;Folklore
105627;Al diablo Etcheverry;Jake Mate;FANATIGO
140823;Alo Presidente;Version Solumovil;Chistes
105273;Ayo technology (Album Version (Explicit));50 cent;Hip hop
103829;Bella traicion;Version Opratel;Folklore
139303;Cancion Pato Para Blooming;Version Solumovil;Blooming
104427;Luna Live;Eddy Lover;Reggaeton
106329;Freddy-;Nombre Reggaeton;TU NOMBRE
104967;A Don Ata;Soledad Pastorutti;Latinas
104968;Amor Salvaje;Soledad Pastorutti;Latinas
104969;Cancion Del Adios;Soledad Pastorutti;Latinas
129251;Enfermedad de ti Opratel;Andres Cepeda Opratel;Mi Promo ConTigo
121518;Esta vida Soledad;Soledad Pastorutti;Latinas
122542;La soledad;Juanes;Latinas
121519;Mi Credo Soledad;Soledad Pastorutti;Latinas
135713;No Se Olvida Feat Soledad;fRANCO dE vITA;Latinas
104970;Que Nadie Sepa Mi Sufrir;Soledad Pastorutti;Latinas
121524;Tu carcel Soledad;Soledad Pastorutti;Latinas
104971;Vuela Una Lagrima (Soledad);Soledad Pastorutti;Latinas
137826;Claro que te la doy;Hans y Chivo;Promoción Te Matamos de Risa
103813;Dame Chocolate y te doy Bombon;Azul azul;AZUL AZUL
103253;DoYouWantTo;FranzFerdinand;Pop
102619;no me doy por vencido;Luis Fonsi;Luis Fonsi
133865;Te Doy Una Rosa;RKM & Ken y;Reggaeton
104321;Minas Piedras;Juanes;Latinas
102556;Ni de piedra ni de madera;Las primas;Latinas
109557;pedro;Homero;Mi Promo ConTigo
104507; Dormite Tranquilo;Claudio Taddei;Sonidos
103521; Gol de Vieira Blooming 2 a Oriente 3;Vieira;FANATIGO
102630; Lloro Por Ti;Enrique Iglesias;Enrique Inglesias
103472;2te hice mal;Los Temerarios;Latinas
103533;30 de febrero;Chichicuilote;Sonidos
102639;A Besitos;Los Diablitos;Latinas
131819;A Good Day For Love To Die;The Wanted;Pop
102882;a la amdre;Gloria Trevi;Latinas
105988;A llorar a otra parte;A Banda Sombra;Cumbia
134015;A Llorar A Otra Parte;Americo;Cumbia
127787;A llorar a otra parte Opratel;opratel;Mi Promo ConTigo
103062;a pesar;Los Cafres;Pop
129234;A Ti Sea La Gloria;Abel Zavala;Cristianas
103816;Abre los cielos;Grupo Renacer;Cristianas
104554;Abre los cielos_;Jesus A Romero;Cristianas
142230;Abuelo Simson;Go Media;Chistes
103274;AcompanhameAEstarSolo;Ricardo Arjona;Romanticas
103685;AeAeDoAmor;Chichicuilote;Sonidos
103458;Afortunados;Tercer Cielo;Latinas
102741;africano loco;Mbarete;Sonidos
131633;Agridulce;Yalo cuellar;Folklore
107573;Ahora pienso en Ti;Los Temerarios;Latinas
102953;ahora pienso mas en ti;Los Temerarios;Latinas
103187;al filo de la irrealidad;Bustamente;Pop
131616;Al Final;Los Kjarkas;Folklore
133881;All Along The Watchtower;Jimi Hendrix;Rock
133882;All Along The Watchtower Intrumental;Jimi Hendrix;Pop
105540;All out of love;Air Supply;Clasicos
138475;All out of love;Air Supply;Clasicos
103597;AlMayorDeLos;Vicente Fernandez;Rancheras
137882;Alo Alo;Hans y Chivo;Chistes
123010;alors on danse;STROMAE;Electronicas
141078;Amalaya;Mexico Chico;Folklore
141077;Amalaya Introduccion;Mexico Chico;Folklore
102817;amanecio;Los Internacionales;Latinas
145154;Amar Es Lo Que Quiero;David Bisbal;Latinas
144686;Amar Es Lo Que Quiero;David Bisbal;Latinas
103192;amateur;Molotov;Latinas
102804;Amigo Bronco;Los Brons;Latinas
102811;Amigos con derecho;Los Brons;Latinas
133415;Amigos Estribillo;Opratel;Pop
102818;amor anejo;Los Internacionales;Latinas
104612;Amor De Los Dos En Vivo;Vicente Fernandez;Rancheras
141080;Amor De Mi Adolecencia;Mexico Chico;Folklore
104190; Canita Canaveral;Banda Juventud Centralistas de La Paz;Carnaval
105096; Como pude amarla;Covertone;Latinas
105036; El amor v2;Version Opratel;Super Promo
104447;-ATENDE SUPERESTRELLA;Version Opratel;Sonidos
107763;-Cata sabe de tu conversacion-MTV ISA TKM;MTV;MTV
106286;-Just dance;Cover Lady GaGa;Pop
106289;-Paparazzi-;Cover Lady GaGa;Pop
106299;-Para pa pa pa-;Vers 
Wed Feb 15 10:19:14 BOT 2012: Ajax-> Mostrar  Imagen Portada> tono:105323 
Wed Feb 15 10:19:41 BOT 2012: Ajax->Mostrar Megusta:  
Wed Feb 15 10:21:44 BOT 2012: Ajax->Mostrar Nombre Artista:  
Wed Feb 15 10:22:17 BOT 2012: Ajax->Mostrar Megusta:  
Wed Feb 15 10:26:03 BOT 2012: Ajax->Mostrar Comentarios:  
Wed Feb 15 10:26:06 BOT 2012: Ajax->Mostrar Nombre Genero:  
Wed Feb 15 10:27:30 BOT 2012: Ajax->Mostrar Comentarios:  
Wed Feb 15 10:28:51 BOT 2012: Ajax-> Mostrar  Nombre Genero > tono:103333 
Wed Feb 15 10:28:57 BOT 2012: Ajax-> Mostrar Megusta> tono:103993 
Wed Feb 15 10:29:39 BOT 2012: ASYNC -> STATS> Tiempo respuesta 0.0037469999999999 seg.
Wed Feb 15 10:31:33 BOT 2012: Ajax->Mostrar Reproducciones:  
Wed Feb 15 10:31:33 BOT 2012: Ajax->Mostrar Megusta:  
Wed Feb 15 10:31:55 BOT 2012: Busqueda Inteligente: 
Wed Feb 15 10:33:37 BOT 2012: Ajax->Mostrar Megusta:  
Wed Feb 15 10:34:52 BOT 2012: Ajax->Mostrar Megusta:  
Wed Feb 15 10:36:28 BOT 2012: Ajax->Mostrar Ranking:  
Wed Feb 15 10:36:40 BOT 2012: MTD_DB_BUSCAR_ARTISTAS > retornando registros:59
Wed Feb 15 10:37:01 BOT 2012: Ajax-> Mostrar Ranking > tono:103741 
Wed Feb 15 10:38:10 BOT 2012: ASYNC -> STATS> Tiempo respuesta -0.035091 seg.
Wed Feb 15 10:38:31 BOT 2012: Ajax->Mostrar Imagen Portada:  
Wed Feb 15 10:38:40 BOT 2012: ASYNC -> STATS> Tiempo respuesta 0.003904 seg.
Wed Feb 15 10:38:40 BOT 2012: ASYNC -> STATS> Tiempo respuesta 0.782172 seg.
Wed Feb 15 10:38:43 BOT 2012: Ajax->Mostrar Ranking:  
Wed Feb 15 10:38:46 BOT 2012: ASYNC -> STATS> Tiempo respuesta -0.005002 seg.
Wed Feb 15 10:38:49 BOT 2012: ASYNC -> STATS> Tiempo respuesta 0.769224 seg.
Wed Feb 15 10:38:56 BOT 2012: ASYNC -> STATS> Tiempo respuesta -0.989402 seg.
Wed Feb 15 10:39:05 BOT 2012: Ajax->Mostrar Reproducciones:  
Wed Feb 15 10:39:14 BOT 2012: ASYNC -> STATS> Tiempo respuesta -0.167957 seg.
Wed Feb 15 10:39:14 BOT 2012: ASYNC -> STATS> Tiempo respuesta -0.227099 seg.
Wed Feb 15 10:39:17 BOT 2012: ASYNC -> STATS> Tiempo respuesta -0.291632 seg.
Wed Feb 15 10:39:17 BOT 2012: ASYNC -> STATS> Tiempo respuesta -0.095809 seg.
Wed Feb 15 10:39:20 BOT 2012: ASYNC -> STATS> Tiempo respuesta -0.382457 seg.
Wed Feb 15 10:40:02 BOT 2012: Ajax->Mostrar Comentarios:  
Wed Feb 15 10:40:44 BOT 2012: Session Start>  session por defecto 
Wed Feb 15 10:40:50 BOT 2012: Ajax-> Mostrar  Imagen Portada> Album:Artista:  <a href='index.php?seccion=playlist&autor=1204'>Play Boy</a>
Wed Feb 15 10:43:23 BOT 2012: Ajax->Mostrar Nombre Artista:  
Wed Feb 15 10:45:05 BOT 2012: Ajax-> Mostrar  Imagen Portada> tono:103742 
Wed Feb 15 10:46:27 BOT 2012: Ajax-> Mostrar Ranking > tono:123513 
Wed Feb 15 10:47:09 BOT 2012: Ajax-> Mostrar  Imagen Portada> Album:albumes/album-default.jpg
Wed Feb 15 11:19:01 BOT 2012: Ajax-> Mostrar  Nombre Genero > tono:123540 
Wed Feb 15 11:20:10 BOT 2012: Ajax->Mostrar Comentarios:  
Wed Feb 15 11:21:23 BOT 2012: ASYNC -> STATS> Tiempo respuesta -0.992861 seg.
Wed Feb 15 11:21:23 BOT 2012: Busqueda Inteligente: 
Wed Feb 15 11:21:56 BOT 2012: Ajax-> Mostrar Ranking > tono:122647 
Wed Feb 15 11:22:32 BOT 2012: Ajax->Mostrar Imagen Portada:  
Wed Feb 15 11:23:29 BOT 2012: Ajax->Mostrar Megusta:  
Wed Feb 15 11:23:59 BOT 2012: STATS > BUSQUEDA DE BACKTONE >Tiempo: 0.051997 seg. | registros: 114
Wed Feb 15 11:26:26 BOT 2012: Ajax->Mostrar Ranking:  
Wed Feb 15 11:26:35 BOT 2012: Ajax->Mostrar Megusta:  
Wed Feb 15 11:26:47 BOT 2012: Ajax-> popup_listar_amigos: msisdn: 
Wed Feb 15 11:28:14 BOT 2012: Busqueda Inteligente: resultados >103062
Wed Feb 15 11:29:21 BOT 2012: Ajax->Mostrar Megusta:  
Wed Feb 15 11:30:30 BOT 2012: Ajax-> Mostrar Ranking > tono:210 
Wed Feb 15 11:33:51 BOT 2012: Ajax->Mostrar Ranking:  
Wed Feb 15 11:33:54 BOT 2012: Ajax->Mostrar Reproducciones:  
Wed Feb 15 11:34:00 BOT 2012: Ajax->Mostrar Ranking:  
Wed Feb 15 11:34:09 BOT 2012: Ajax->Mostrar Reproducciones:  
Wed Feb 15 11:34:09 BOT 2012: Ajax->Mostrar Comentarios:  
Wed Feb 15 11:34:33 BOT 2012: Error al consultar precio de renovacion - msisdn: tono:103174 - Async responde -3
Wed Feb 15 11:34:33 BOT 2012: ASYNC -> STATS> Tiempo respuesta 0.013096 seg.
Wed Feb 15 11:34:33 BOT 2012: Ajax->Mostrar Ranking:  
Wed Feb 15 11:34:36 BOT 2012: ASYNC -> STATS> Tiempo respuesta 0.616237 seg.
Wed Feb 15 11:35:12 BOT 2012: Ajax-> Mostrar Ranking > tono:121504 
Wed Feb 15 11:36:10 BOT 2012: Ajax->Actualizar pin usuario >recibe el msisdn: 
Wed Feb 15 11:40:46 BOT 2012: Ajax->Mostrar Nombre Genero:  
Wed Feb 15 11:41:37 BOT 2012: Session Start>  session por defecto 
Wed Feb 15 11:43:05 BOT 2012: Ajax->Mostrar Megusta:  
Wed Feb 15 11:43:26 BOT 2012: Ajax-> Mostrar  Imagen Portada> tono:103090 
Wed Feb 15 11:43:38 BOT 2012: ASYNC -> STATS> Tiempo respuesta 0.005606 seg.
Wed Feb 15 11:43:47 BOT 2012: Mostrar Ranking: tono:104381 calificacion: 
Wed Feb 15 11:45:23 BOT 2012: WEB_REPRODUCIR_BUSQUEDA > Se recibieron:29 tonos
Wed Feb 15 11:45:26 BOT 2012: ASYNC -> STATS> Tiempo respuesta 0.012747 seg.
Wed Feb 15 11:45:59 BOT 2012: Ajax->Mostrar Megusta:  
Wed Feb 15 11:47:50 BOT 2012: Ajax->Mostrar Imagen Portada:  
Wed Feb 15 11:49:44 BOT 2012: Asignar backtone escuchado > Asi termino:129886,135155,129884,131616,105406,105407,105408,104331,105053,104928,103414,104870,105052,104926,104925,105049,104244,104245,104249,104147,
Wed Feb 15 11:50:03 BOT 2012: ASYNC -> STATS> Tiempo respuesta 0.003266 seg.
Wed Feb 15 11:50:09 BOT 2012: ASYNC -> STATS> Tiempo respuesta 0.004824 seg.
Wed Feb 15 11:50:09 BOT 2012: ASYNC -> STATS> Tiempo respuesta -0.650227 seg.
Wed Feb 15 11:53:24 BOT 2012: Ajax->Mostrar Megusta:  
Wed Feb 15 11:54:03 BOT 2012: Busqueda Inteligente: carnaval
Wed Feb 15 11:55:15 BOT 2012: ASYNC -> STATS> Tiempo respuesta 0.269266 seg.
Wed Feb 15 11:55:18 BOT 2012: Ajax->Mostrar Imagen Portada:  
Wed Feb 15 11:55:30 BOT 2012: Ajax->Mostrar Imagen Portada:  
Wed Feb 15 11:56:03 BOT 2012: Busqueda Inteligente: resultados >104925
Wed Feb 15 11:56:03 BOT 2012: Ajax-> Mostrar Ranking > tono:444 
Wed Feb 15 11:57:22 BOT 2012: Asignar backtone escuchado > Asi termino:142230,140821,
Wed Feb 15 11:57:25 BOT 2012: Ajax->Mostrar Megusta:  
Wed Feb 15 11:58:25 BOT 2012: Ajax->Mostrar Reproducciones:  
Wed Feb 15 11:59:10 BOT 2012: Ajax->Mostrar Megusta:  
Wed Feb 15 12:00:01 BOT 2012: ASYNC -> STATS> Tiempo respuesta 0.010837 seg.
Wed Feb 15 12:02:04 BOT 2012: Busqueda Inteligente: resultados >126470
Wed Feb 15 12:03:10 BOT 2012: ASYNC -> STATS> Tiempo respuesta 0.138314 seg.
Wed Feb 15 12:03:31 BOT 2012: Ajax->Mostrar Reproducciones:  
Wed Feb 15 12:05:20 BOT 2012: Ajax->Mostrar Comentarios:  
Wed Feb 15 12:06:02 BOT 2012: ASYNC -> STATS> Tiempo respuesta 0.004283 seg.
Wed Feb 15 12:09:17 BOT 2012: Ajax-> Mostrar Comentarios> tono:103103 
Wed Feb 15 12:09:29 BOT 2012: Ajax-> Mostrar  Nombre Artista > tono:102621 
Wed Feb 15 12:09:29 BOT 2012: Asignar backtone escuchado > Asi termino:144181,144179,145422,144177,144175,144174,144173,144171,144170,144168,144167,144166,144164,144162,144160,144158,144148,144156,144155,145420,
Wed Feb 15 12:09:41 BOT 2012: Ajax-> Mostrar Ranking > tono:145328 
Wed Feb 15 12:11:30 BOT 2012: Ajax->Mostrar Nombre Genero:  
Wed Feb 15 12:11:33 BOT 2012: Ajax->Mostrar Megusta:  
Wed Feb 15 12:11:45 BOT 2012: Ajax-> Mostrar Ranking > tono:105758 
Wed Feb 15 12:11:54 BOT 2012: Ajax->Mostrar Reproducciones:  
Wed Feb 15 12:12:09 BOT 2012: ASYNC -> STATS> Tiempo respuesta 0.04576 seg.
Wed Feb 15 12:12:09 BOT 2012: Consulta de precio de reason:3 - msisdn: tono:104814 Async responde:350
 
Wed Feb 15 12:12:12 BOT 2012: Asignar backtone escuchado > Asi termino:103134,103275,105771,105236,103135,105767,105758,103274,105775,163,116469,116467,116510,116502,103235,112702,103086,
Wed Feb 15 12:12:18 BOT 2012: Ajax-> Mostrar  Nombre Genero > tono:105096 
Wed Feb 15 12:13:03 BOT 2012: Asignar backtone escuchado > Asi termino:127275,104350,134010,492,133414,133415,133699,103103,140980,102623,133882,66,106281,103187,126095,62,105342,126470,126857,127904,
Wed Feb 15 12:14:00 BOT 2012: Ajax-> Mostrar Megusta> tono:125495 
Wed Feb 15 12:14:12 BOT 2012: Asignar backtone escuchado > Asi termino:103453,103284,105534,105533,105282,105036,105096,103825,105758,103692,104846,104789,145895,104972,104364,104300,149,107573,105295,103822,
Wed Feb 15 12:14:45 BOT 2012: Ajax->Mostrar Nombre Artista:  
Wed Feb 15 12:15:00 BOT 2012: Ajax->Mostrar Megusta:  
Wed Feb 15 12:15:27 BOT 2012: Ajax->Mostrar Nombre Artista:  
Wed Feb 15 12:16:21 BOT 2012: Asignar backtone escuchado > Asi termino:130814,135057,177,126146,123010,104532,106266,124243,103511,103273,103506,149,103474,103328,102622,
Wed Feb 15 12:16:27 BOT 2012: Ajax->Mostrar Megusta:  
Wed Feb 15 12:16:36 BOT 2012: Ajax->Mostrar Megusta:  
Wed Feb 15 12:16:39 BOT 2012: Ajax->Mostrar Megusta:  
Wed Feb 15 12:16:42 BOT 2012: ASYNC -> STATS> Tiempo respuesta -0.08773 seg.
Wed Feb 15 12:16:42 BOT 2012: Ajax->Mostrar Ranking:  
Wed Feb 15 12:16:45 BOT 2012: ASYNC -> STATS> Tiempo respuesta 0.178316 seg.
Wed Feb 15 12:17:12 BOT 2012: ASYNC -> STATS> Tiempo respuesta 0.01744 seg.
Wed Feb 15 12:17:54 BOT 2012: Mostrar Ranking: tono:104443 calificacion: 
Wed Feb 15 12:18:03 BOT 2012: Ajax->Mostrar Comentarios:  
Wed Feb 15 12:19:01 BOT 2012: Ajax->Mostrar Megusta:  
Wed Feb 15 12:22:19 BOT 2012: Ajax-> Mostrar  Imagen Portada> tono:139723 
Wed Feb 15 12:22:40 BOT 2012: Mostrar Ranking: tono:104561 calificacion: 5
Wed Feb 15 12:23:40 BOT 2012: Ajax->Mostrar Nombre Artista:  
Wed Feb 15 12:24:16 BOT 2012: ASYNC -> STATS> Tiempo respuesta 0.163431 seg.
Wed Feb 15 12:25:07 BOT 2012: Asignar backtone escuchado > Asi termino:104553,103451,102726,103434,126100,103447,104561,103449,442,103430,
Wed Feb 15 12:25:32 BOT 2012: Ajax->Mostrar Comentarios:  
Wed Feb 15 12:25:32 BOT 2012: Ajax-> Mostrar Ranking > tono:104348 
Wed Feb 15 12:25:32 BOT 2012: Asignar backtone escuchado > Asi termino:127756,115942,131821,127752,128311,105672,127765,127763,127760,127767,135108,127757,127759,127754,104171,
Wed Feb 15 12:26:02 BOT 2012: ASYNC -> STATS> Tiempo respuesta 0.046944 seg.
Wed Feb 15 12:26:23 BOT 2012: Ajax-> Mostrar  Nombre Artista > tono:127759 
Wed Feb 15 12:26:23 BOT 2012: Ajax->Mostrar Nombre Artista:  
Wed Feb 15 12:26:53 BOT 2012: Ajax-> Mostrar Comentarios> tono:102630 
Wed Feb 15 12:28:44 BOT 2012: Mostrar Genero: >G&eacute;nero:  <a href='index.php?seccion=playlist&genero=155'>Romanticas</a>
Wed Feb 15 12:29:32 BOT 2012: ASYNC -> STATS> Tiempo respuesta 0.001514 seg.
Wed Feb 15 12:29:47 BOT 2012: Mostrar Album: >albumes/album-default.jpg
Wed Feb 15 12:29:56 BOT 2012: set_session  => asignacion de token al usuario: 76729496 token:7841b39cb3dc5c266351b619b5f5af85 
Wed Feb 15 12:31:23 BOT 2012: Ajax->Mostrar Nombre Genero:  
Wed Feb 15 12:34:57 BOT 2012: Ajax-> Mostrar Comentarios> tono:127767 
Wed Feb 15 12:35:57 BOT 2012: Mostrar Album: >albumes/album-default.jpg
Wed Feb 15 12:37:24 BOT 2012: Consulta de precio de reason:10 - msisdn: tono:145261 Async responde:350
 
Wed Feb 15 12:37:42 BOT 2012: Ajax-> Mostrar  Nombre Genero > tono:144162 
Wed Feb 15 12:41:22 BOT 2012: ASYNC -> STATS> Tiempo respuesta -0.37264 seg.
Wed Feb 15 12:42:10 BOT 2012: ASYNC -> STATS> Tiempo respuesta 0.122524 seg.
Wed Feb 15 12:42:52 BOT 2012: Ajax->Mostrar Comentarios:  
Wed Feb 15 12:44:19 BOT 2012: Mostrar Album: >albumes/disco-dancing-sil.jpg
Wed Feb 15 12:44:34 BOT 2012: Ajax-> Mostrar  Nombre Artista > tono:128311 
Wed Feb 15 12:44:40 BOT 2012: Busqueda Inteligente: resultados >104967
Wed Feb 15 12:47:56 BOT 2012: WEB_REPRODUCIR_BUSQUEDA > Se recibieron:14 tonos
Wed Feb 15 12:51:14 BOT 2012: Ajax->Mostrar Ranking:  
Wed Feb 15 12:52:08 BOT 2012: STATS > BUSQUEDA DE BACKTONE >Tiempo: 0.676756 seg. | registros: 1
Wed Feb 15 12:53:05 BOT 2012: Ajax-> Mostrar Ranking > tono:115942 
Wed Feb 15 12:54:27 BOT 2012: Ajax->Mostrar Megusta:  
Wed Feb 15 12:57:18 BOT 2012: Consulta de precio de reason:2 - msisdn: tono:144179 Async responde:350
 
Wed Feb 15 13:01:10 BOT 2012: Asignar backtone escuchado > Asi termino:127754,127756,115942,131821,127752,128311,105672,127765,127763,127760,127767,135108,127757,127759,104171,
Wed Feb 15 13:01:37 BOT 2012: Ajax-> Mostrar  Nombre Genero > tono:126857 
Wed Feb 15 13:01:55 BOT 2012: Ajax->Mostrar Reproducciones:  
Wed Feb 15 13:01:55 BOT 2012: Ajax->Mostrar Reproducciones:  
Wed Feb 15 13:02:43 BOT 2012: ASYNC -> STATS> Tiempo respuesta -0.515305 seg.
Wed Feb 15 13:02:49 BOT 2012: ASYNC -> STATS> Tiempo respuesta -0.149447 seg.
Wed Feb 15 13:02:55 BOT 2012: Ajax->Mostrar Comentarios:  
Wed Feb 15 13:02:55 BOT 2012: Ajax->Mostrar Comentarios:  
Wed Feb 15 13:04:58 BOT 2012: ASYNC -> STATS> Tiempo respuesta -0.34957 seg.
Wed Feb 15 13:04:58 BOT 2012: ASYNC -> STATS> Tiempo respuesta -0.411299 seg.
Wed Feb 15 13:05:04 BOT 2012: Consulta de precio de reason:10 - msisdn: tono:104180 Async responde:350
 
Wed Feb 15 13:06:07 BOT 2012: ASYNC -> STATS> Tiempo respuesta 0.427896 seg.
Wed Feb 15 13:06:43 BOT 2012: Ajax->Mostrar Ranking:  
Wed Feb 15 13:06:43 BOT 2012: ASYNC -> STATS> Tiempo respuesta 0.086411 seg.
Wed Feb 15 13:07:25 BOT 2012: Asignar backtone escuchado > Asi termino:116508,105543,103086,
Wed Feb 15 13:07:31 BOT 2012: Ajax->Mostrar Megusta:  
Wed Feb 15 13:08:23 BOT 2012: Ajax->Mostrar Comentarios:  
Wed Feb 15 13:08:26 BOT 2012: ASYNC -> STATS> Tiempo respuesta -0.599154 seg.
Wed Feb 15 13:09:35 BOT 2012: Ajax-> Mostrar Ranking > tono:104180 
Wed Feb 15 13:09:35 BOT 2012: Ajax-> Mostrar Ranking > tono:104643 
Wed Feb 15 13:09:44 BOT 2012: Ajax-> Mostrar Megusta> tono:135108 
Wed Feb 15 13:09:56 BOT 2012: WEB_REPRODUCIR_BUSQUEDA > Se recibieron:35 tonos
Wed Feb 15 13:10:20 BOT 2012: Asignar backtone escuchado > Asi termino:144149,105587,103839,104185,104171,
Wed Feb 15 13:10:41 BOT 2012: Session Start>  Chequeo de sesion
Wed Feb 15 13:10:41 BOT 2012: Ajax->Mostrar Nombre Artista:  
Wed Feb 15 13:10:44 BOT 2012: Ajax->Mostrar Nombre Artista:  
Wed Feb 15 13:10:53 BOT 2012: Msisdn:75015822.Tono:144177.Async responde:000000000
Wed Feb 15 13:10:59 BOT 2012: ASYNC -> STATS> Tiempo respuesta -0.32736 seg.
Wed Feb 15 13:11:02 BOT 2012: Asignar backtone escuchado > Asi termino:103686,132096,103713,145328,104465,103712,141880,141881,142527,106273,108588,135075,104952,104529,135049,103504,135059,130808,103247,109916,
Wed Feb 15 13:11:05 BOT 2012: ASYNC -> STATS> Tiempo respuesta 0.003122 seg.
Wed Feb 15 13:11:05 BOT 2012: Ajax->Mostrar Ranking:  
Wed Feb 15 13:13:02 BOT 2012: Ajax->Mostrar Imagen Portada:  
Wed Feb 15 13:13:08 BOT 2012: Busqueda Inteligente: resultados >104245
Wed Feb 15 13:18:39 BOT 2012: Ajax-> Mostrar  Nombre Genero > tono:103086 
Wed Feb 15 13:21:39 BOT 2012: ASYNC -> STATS> Tiempo respuesta 0.003401 seg.
Wed Feb 15 13:21:39 BOT 2012: Ajax-> Mostrar  Nombre Genero > tono:132096 
Wed Feb 15 13:22:18 BOT 2012: Ajax->Mostrar Nombre Artista:  
Wed Feb 15 13:22:48 BOT 2012: ASYNC -> STATS> Tiempo respuesta 0.002841 seg.
Wed Feb 15 13:33:17 BOT 2012: Ajax->Mostrar Nombre Artista:  
Wed Feb 15 13:34:53 BOT 2012: Ajax->Mostrar Comentarios:  
Wed Feb 15 13:34:53 BOT 2012: Ajax->Mostrar Reproducciones:  
Wed Feb 15 13:35:38 BOT 2012: Ajax->Mostrar Megusta:  
Wed Feb 15 13:38:27 BOT 2012: Ajax-> Mostrar Ranking > tono:109614 
Wed Feb 15 13:40:03 BOT 2012: Ajax-> Mostrar Megusta> tono:144194 
Wed Feb 15 13:41:57 BOT 2012: Busqueda Inteligente: resultados >124025
Wed Feb 15 13:42:06 BOT 2012: Session Start>  session por defecto 
Wed Feb 15 13:42:18 BOT 2012: Asignar backtone escuchado > Asi termino:132108,128231,128218,128220,134027,134029,128233,123718,128612,128235,128237,127417,104560,129234,104553,103451,103430,124243,106266,
Wed Feb 15 13:42:42 BOT 2012: Ajax->Mostrar Comentarios:  
Wed Feb 15 13:42:42 BOT 2012: Ajax->Mostrar Ranking:  
Wed Feb 15 13:42:57 BOT 2012: Ajax->Mostrar Megusta:  
Wed Feb 15 13:43:18 BOT 2012: Asignar backtone escuchado > Asi termino:141120,141124,140830,142231,137875,137830,120254,143076,141134,140819,140828,140816,140814,143739,120248,141835,139303,106382,141833,142273,
Wed Feb 15 13:46:13 BOT 2012: Check Session > msisdn: 77745400 > Usuario Valido 
Wed Feb 15 13:46:34 BOT 2012: ASYNC -> STATS> Tiempo respuesta 0.014687 seg.
Wed Feb 15 13:47:55 BOT 2012: ASYNC -> STATS> Tiempo respuesta 0.001235 seg.
Wed Feb 15 13:48:55 BOT 2012: Ajax->Mostrar Nombre Genero:  
Wed Feb 15 13:49:34 BOT 2012: Ajax-> Mostrar  Nombre Genero > tono:103462 
Wed Feb 15 13:49:55 BOT 2012: Ajax-> Mostrar  Nombre Genero > tono:128237 
Wed Feb 15 13:54:11 BOT 2012: Ajax->Mostrar Reproducciones:  
Wed Feb 15 13:54:32 BOT 2012: Ajax->Mostrar Ranking:  
Wed Feb 15 13:59:06 BOT 2012: Ajax-> Mostrar Megusta> tono:123242 
Wed Feb 15 13:59:09 BOT 2012: Ajax-> Mostrar  Imagen Portada> tono:124025 
Wed Feb 15 14:00:48 BOT 2012: Ajax-> Mostrar Ranking > tono:142225 
Wed Feb 15 14:02:39 BOT 2012: Ajax->Mostrar Nombre Genero:  
Wed Feb 15 14:02:48 BOT 2012: Asignar backtone escuchado > Asi termino:133736,137253,137264,137259,103782,104028,103993,103469,103790,102630,145154,105096,449,240,
Wed Feb 15 14:05:43 BOT 2012: Asignar backtone escuchado > Asi termino:105543,105545,103128,11,103274,105365,103683,103995,104031,207,103643,103644,103994,103790,102630,141263,129268,116501,103224,202,
Wed Feb 15 14:07:01 BOT 2012: ASYNC -> STATS> Tiempo respuesta 0.010338 seg.
Wed Feb 15 14:08:31 BOT 2012: Ajax-> Login Usuario msisdn: 78056696  pin:7130 > Validar msisdn
Wed Feb 15 14:09:43 BOT 2012: Ajax-> Login Usuario msisdn: 75575942  pin:6558 > msisdn valido, verificando session
Wed Feb 15 14:10:04 BOT 2012: Ajax->Mostrar Ranking:  
Wed Feb 15 14:10:16 BOT 2012: Ajax->Mostrar Comentarios:  
Wed Feb 15 14:13:35 BOT 2012: Ajax-> Mostrar Megusta> tono:142919 
Wed Feb 15 14:14:53 BOT 2012: Ajax-> Mostrar Ranking > tono:103826 
Wed Feb 15 14:15:47 BOT 2012: Ajax->Mostrar Nombre Artista:  
Wed Feb 15 14:16:27 BOT 2012: Ajax->Mostrar Imagen Portada:  
Wed Feb 15 14:16:29 BOT 2012: Ajax-> Mostrar  Imagen Portada> Album:Artista:  <a href='index.php?seccion=playlist&autor=74'>Britney spears</a>
Wed Feb 15 14:17:41 BOT 2012: Consulta de precio de reason:3 - msisdn: tono:105069 Async responde:350
 
Wed Feb 15 14:18:38 BOT 2012: Ajax->Mostrar Nombre Artista:  
Wed Feb 15 14:19:08 BOT 2012: Check Session > msisdn: 75575942 > Usuario Valido 
Wed Feb 15 14:19:17 BOT 2012: Ajax->Mostrar Megusta:  
Wed Feb 15 14:20:11 BOT 2012: Ajax-> Mostrar  Imagen Portada> Album:Artista:  <a href='index.php?seccion=playlist&autor=87'>Gorillaz</a>
Wed Feb 15 14:21:45 BOT 2012: Ajax-> Mostrar Megusta> tono:442 
Wed Feb 15 14:21:48 BOT 2012: Ajax-> Mostrar Ranking > tono:104383 
Wed Feb 15 14:22:18 BOT 2012: WEB_REPRODUCIR_BUSQUEDA > Se recibieron:82 tonos
Wed Feb 15 14:22:39 BOT 2012: Ajax-> Mostrar Ranking > tono:106380 
Wed Feb 15 14:23:00 BOT 2012: Ajax->Mostrar Reproducciones:  
Wed Feb 15 14:24:48 BOT 2012: Ajax->Mostrar Ranking:  
Wed Feb 15 14:26:55 BOT 2012: MTD_DB_BUSCAR_ARTISTAS > retornando registros:59
Wed Feb 15 14:27:16 BOT 2012: ASYNC -> STATS> Tiempo respuesta 0.129916 seg.
Wed Feb 15 14:27:19 BOT 2012: Consulta de precio de reason:10 - msisdn:76629529 tono:140832 Async responde:350
 
Wed Feb 15 14:27:19 BOT 2012: ASYNC -> STATS> Tiempo respuesta 0.001628 seg.
Wed Feb 15 14:27:19 BOT 2012: Asignar backtone escuchado > Asi termino:141880,141881,142527,134015,103477,103476,103478,103475,103793,276,509,104991,104171,118724,104174,126146,104532,127765,127763,127760,
Wed Feb 15 14:27:22 BOT 2012: Consulta de precio de reason:3 - msisdn: tono:629 Async responde:350
 
Wed Feb 15 14:27:22 BOT 2012: Consulta de precio de reason:3 - msisdn: tono:103250 Async responde:350
 
Wed Feb 15 14:27:25 BOT 2012: Ajax-> Mostrar Ranking > tono:103821 
Wed Feb 15 14:27:25 BOT 2012: Mostrar Ranking: tono:141880 calificacion: 4
Wed Feb 15 14:27:28 BOT 2012: Ajax-> Mostrar Ranking > tono:103250 
Wed Feb 15 14:27:28 BOT 2012: Ajax-> Mostrar Ranking > tono:629 
Wed Feb 15 14:28:31 BOT 2012: Ajax-> Mostrar  Imagen Portada> tono:120248 
Wed Feb 15 14:28:34 BOT 2012: Session Start>  Chequeo de sesion
Wed Feb 15 14:28:35 BOT 2012: Ajax-> Mostrar Megusta> tono:105096 
Wed Feb 15 14:28:38 BOT 2012: Ajax->Mostrar Nombre Genero:  
Wed Feb 15 14:28:47 BOT 2012: Consulta de precio de reason:2 - msisdn: tono:105036 Async responde:350
 
Wed Feb 15 14:28:56 BOT 2012: Ajax-> Mostrar Comentarios> tono:105590 
Wed Feb 15 14:29:29 BOT 2012: Ajax->Mostrar Nombre Artista:  
Wed Feb 15 14:32:56 BOT 2012: Ajax->Mostrar Nombre Genero:  
Wed Feb 15 14:32:56 BOT 2012: Ajax-> Mostrar  Imagen Portada> tono:127289 
Wed Feb 15 14:33:23 BOT 2012: Ajax->Mostrar Comentarios:  
Wed Feb 15 14:34:04 BOT 2012: Busqueda Inteligente: resultados >103504
Wed Feb 15 14:34:51 BOT 2012: Ajax->Mostrar Megusta:  
Wed Feb 15 14:35:30 BOT 2012: WEB_REPRODUCIR_BUSQUEDA > Se recibieron:13 tonos
Wed Feb 15 14:35:33 BOT 2012: Ajax-> Mostrar Ranking > tono:102992 
Wed Feb 15 14:35:48 BOT 2012: Asignar backtone escuchado > Asi termino:121512,109666,
Wed Feb 15 14:38:06 BOT 2012: WEB_REPRODUCIR_BUSQUEDA > Se recibieron:90 tonos
Wed Feb 15 14:38:12 BOT 2012: Busqueda Inteligente: resultados >104069
Wed Feb 15 14:40:06 BOT 2012: ASYNC -> STATS> Tiempo respuesta 0.010142 seg.
Wed Feb 15 14:40:09 BOT 2012: ASYNC -> STATS> Tiempo respuesta 0.81604 seg.
Wed Feb 15 14:40:09 BOT 2012: ASYNC -> STATS> Tiempo respuesta 0.10245 seg.
Wed Feb 15 14:40:12 BOT 2012: ASYNC -> STATS> Tiempo respuesta 0.00072100000000008 seg.
Wed Feb 15 14:40:12 BOT 2012: ASYNC -> STATS> Tiempo respuesta -0.005552 seg.
Wed Feb 15 14:40:12 BOT 2012: ASYNC -> STATS> Tiempo respuesta 0.142919 seg.
Wed Feb 15 14:40:12 BOT 2012: Asignar backtone escuchado > Asi termino:103823,104673,103458,144690,102526,105295,105302,102788,103627,104440,112705,148,103822,105040,103142,126462,104607,130984,102882,128602,
Wed Feb 15 14:40:21 BOT 2012: ASYNC -> STATS> Tiempo respuesta -0.018161 seg.
Wed Feb 15 14:41:40 BOT 2012: Ajax-> Mostrar Ranking > tono:103688 
Wed Feb 15 14:41:46 BOT 2012: Ajax->Mostrar Comentarios:  
Wed Feb 15 14:43:07 BOT 2012: Ajax-> Mostrar  Nombre Artista > tono:137882 
Wed Feb 15 14:43:46 BOT 2012: Ajax->Mostrar Ranking:  
Wed Feb 15 14:46:55 BOT 2012: Busqueda Inteligente: resultados >126317
Wed Feb 15 14:46:58 BOT 2012: Ajax->Mostrar Nombre Genero:  
Wed Feb 15 14:50:02 BOT 2012: Consulta de precio de reason:10 - msisdn: tono:143744 Async responde:350
 
Wed Feb 15 14:50:08 BOT 2012: Ajax->Mostrar Ranking:  
Wed Feb 15 14:50:41 BOT 2012: Check Session > msisdn: 75888229 > Usuario Valido 
Wed Feb 15 14:51:08 BOT 2012: Mostrar Album: >albumes/Jimi Hendrix-West Coast Seattle Boy.jpg
Wed Feb 15 14:51:11 BOT 2012: STATS > BUSQUEDA DE BACKTONE >Tiempo: 0.302473 seg. | registros: 2
Wed Feb 15 14:53:11 BOT 2012: Consulta de precio de reason:2 - msisdn: tono:140808 Async responde:350
 
Wed Feb 15 14:53:14 BOT 2012: Asignar backtone escuchado > Asi termino:103086,103190,558,115943,127265,127300,127295,127271,127296,127298,127273,127267,104211,102782,102781,102787,102785,110493,102784,102783,
Wed Feb 15 14:53:41 BOT 2012: Ajax->Mostrar Comentarios:  
Wed Feb 15 14:54:29 BOT 2012: Ajax->Mostrar Reproducciones:  
Wed Feb 15 14:54:38 BOT 2012: ASYNC -> STATS> Tiempo respuesta 0.279058 seg.
Wed Feb 15 14:54:44 BOT 2012: Session Start>  Chequeo de sesion
Wed Feb 15 14:56:17 BOT 2012: Ajax->Mostrar Megusta:  
Wed Feb 15 14:56:45 BOT 2012: ASYNC -> STATS> Tiempo respuesta -0.117157 seg.
Wed Feb 15 14:56:45 BOT 2012: ASYNC -> STATS> Tiempo respuesta -0.384485 seg.
Wed Feb 15 14:56:54 BOT 2012: Consulta de precio de reason:3 - msisdn:75575942 tono:127376 Async responde:350
 
Wed Feb 15 15:01:00 BOT 2012: Ajax->Mostrar Nombre Genero:  
Wed Feb 15 15:01:18 BOT 2012: Ajax->Mostrar Ranking:  
Wed Feb 15 15:01:45 BOT 2012: Ajax->Mostrar Comentarios:  
Wed Feb 15 15:02:06 BOT 2012: Ajax-> Mostrar Comentarios> tono:84 
Wed Feb 15 15:02:24 BOT 2012: Ajax->Mostrar Reproducciones:  
Wed Feb 15 15:04:46 BOT 2012: Ajax->Mostrar Megusta:  
Wed Feb 15 15:05:10 BOT 2012: Asignar backtone escuchado > Asi termino:138309,138286,106390,124958,560,84,104310,102845,68,124962,104309,566,124956,103505,103419,102886,102930,102838,102837,124964,
Wed Feb 15 15:05:43 BOT 2012: Asignar backtone escuchado > Asi termino:104472,103689,103688,105005,105004,105003,104467,104466,105002,104471,129231,105001,104395,105000,104998,104999,126029,105498,103687,129445,
Wed Feb 15 15:05:52 BOT 2012: ASYNC -> STATS> Tiempo respuesta -0.28784 seg.
Wed Feb 15 15:05:52 BOT 2012: Ajax->Mostrar Megusta:  
Wed Feb 15 15:06:22 BOT 2012: Ajax->Mostrar Imagen Portada:  
Wed Feb 15 15:06:49 BOT 2012: WEB_REPRODUCIR_BUSQUEDA > Se recibieron:1 tonos
Wed Feb 15 15:08:04 BOT 2012: Busqueda Inteligente: Maroon5
Wed Feb 15 15:08:40 BOT 2012: Ajax-> Mostrar  Nombre Artista > tono:509 
Wed Feb 15 15:10:47 BOT 2012: ASYNC -> STATS> Tiempo respuesta -0.811792 seg.
Wed Feb 15 15:11:26 BOT 2012: Busqueda Inteligente: Tito el Bambino
Wed Feb 15 15:11:38 BOT 2012: Ajax->Mostrar Ranking:  
Wed Feb 15 15:11:47 BOT 2012: Asignar backtone escuchado > Asi termino:104393,240,
Wed Feb 15 15:21:54 BOT 2012: ASYNC -> STATS> Tiempo respuesta 0.120231 seg.
Wed Feb 15 15:21:54 BOT 2012: Consulta de precio de reason:3 - msisdn: tono:105000 Async responde:350
 
Wed Feb 15 15:24:24 BOT 2012: Ajax->Mostrar Imagen Portada:  
Wed Feb 15 15:24:51 BOT 2012: Ajax->Mostrar Nombre Genero:  
Wed Feb 15 15:25:01 BOT 2012: Ajax->Mostrar Megusta:  
Wed Feb 15 15:26:49 BOT 2012: ASYNC -> STATS> Tiempo respuesta 0.003278 seg.
Wed Feb 15 15:27:37 BOT 2012: Asignar backtone escuchado > Asi termino:137285,137286,103250,144672,145294,104841,104852,103828,133681,104348,105347,106284,103683,104744,104960,104959,103935,132078,127278,105985,
Wed Feb 15 15:27:46 BOT 2012: set_session  => asignacion de token al usuario: 75314360 token:d3290e7523977aae0259846afb77cc2f 
Wed Feb 15 15:30:01 BOT 2012: Ajax->Mostrar Nombre Genero:  
Wed Feb 15 15:31:07 BOT 2012: Ajax->Mostrar Imagen Portada:  
Wed Feb 15 15:32:38 BOT 2012: Ajax->Mostrar Ranking:  
Wed Feb 15 15:34:44 BOT 2012: Ajax-> Mostrar  Imagen Portada> tono:102682 
Wed Feb 15 15:35:20 BOT 2012: Ajax->Mostrar Comentarios:  
Wed Feb 15 15:35:41 BOT 2012: Check Session > msisdn: 75314360 > Usuario Valido 
Wed Feb 15 15:36:35 BOT 2012: Mostrar Cantidad reproducciones: tono:143738 cantidad: 0
Wed Feb 15 15:37:39 BOT 2012: Ajax->Mostrar Reproducciones:  
Wed Feb 15 15:38:00 BOT 2012: Ajax->Mostrar Megusta:  
Wed Feb 15 15:38:39 BOT 2012: Asignar backtone escuchado > Asi termino:145192,
Wed Feb 15 15:39:21 BOT 2012: Ajax-> Mostrar  Imagen Portada> tono:140821 
Wed Feb 15 15:40:45 BOT 2012: Ajax->Mostrar Comentarios:  
Wed Feb 15 15:41:00 BOT 2012: Ajax->Mostrar Imagen Portada:  
Wed Feb 15 15:41:12 BOT 2012: Ajax->Mostrar Megusta:  
Wed Feb 15 15:42:39 BOT 2012: Ajax->Mostrar Megusta:  
Wed Feb 15 15:43:19 BOT 2012: Busqueda Inteligente: DIDO
Wed Feb 15 15:44:52 BOT 2012: Ajax->Mostrar Nombre Artista:  
Wed Feb 15 15:45:37 BOT 2012: Asignar backtone escuchado > Asi termino:103708,126712,103711,104296,103704,126857,128221,104938,104215,257,
Wed Feb 15 15:45:52 BOT 2012: Ajax->Mostrar Nombre Genero:  
Wed Feb 15 15:46:07 BOT 2012: Ajax->Mostrar Nombre Artista:  
Wed Feb 15 15:47:46 BOT 2012: Ajax->Mostrar Nombre Genero:  
Wed Feb 15 15:49:58 BOT 2012: Ajax->Mostrar Imagen Portada:  
Wed Feb 15 15:50:32 BOT 2012: STATS > BUSQUEDA DE BACKTONE >Tiempo: -0.298905 seg. | registros: 3
Wed Feb 15 15:52:20 BOT 2012: Ajax->Mostrar Megusta:  
Wed Feb 15 15:52:26 BOT 2012: Ajax->Mostrar Imagen Portada:  
Wed Feb 15 15:52:53 BOT 2012: Ajax-> Mostrar Megusta> tono:104405 
Wed Feb 15 15:54:53 BOT 2012: ASYNC -> STATS> Tiempo respuesta 0.003727 seg.
Wed Feb 15 15:55:08 BOT 2012: Ajax->Mostrar Comentarios:  
Wed Feb 15 15:57:42 BOT 2012: Session Start>  Chequeo de sesion
Wed Feb 15 16:01:09 BOT 2012: ASYNC -> STATS> Tiempo respuesta 0.229615 seg.
Wed Feb 15 16:01:51 BOT 2012: Ajax-> Mostrar Ranking > tono:145676 
Wed Feb 15 16:02:03 BOT 2012: Ajax->Mostrar Imagen Portada:  
Wed Feb 15 16:03:00 BOT 2012: Ajax->Mostrar Nombre Artista:  
Wed Feb 15 16:03:03 BOT 2012: Ajax->Mostrar Reproducciones:  
Wed Feb 15 16:05:49 BOT 2012: Ajax->Mostrar Nombre Genero:  
Wed Feb 15 16:06:37 BOT 2012: Ajax->Mostrar Ranking:  
Wed Feb 15 16:06:40 BOT 2012: Ajax->Mostrar Reproducciones:  
Wed Feb 15 16:07:58 BOT 2012: Ajax-> Mostrar  Imagen Portada> tono:102508 
Wed Feb 15 16:09:43 BOT 2012: Ajax-> Mostrar  Imagen Portada> tono:102615 
Wed Feb 15 16:09:49 BOT 2012: Ajax->Mostrar Imagen Portada:  
Wed Feb 15 16:09:58 BOT 2012: ASYNC -> STATS> Tiempo respuesta 0.001827 seg.
Wed Feb 15 16:10:19 BOT 2012: Ajax-> Mostrar Comentarios> tono:104749 
Wed Feb 15 16:10:58 BOT 2012: Ajax->Mostrar Imagen Portada:  
Wed Feb 15 16:11:19 BOT 2012: Ajax->Mostrar Ranking:  
Wed Feb 15 16:11:56 BOT 2012: Ajax->Mostrar Reproducciones:  
Wed Feb 15 16:11:56 BOT 2012: Ajax-> Mostrar Ranking > tono:104467 
Wed Feb 15 16:12:50 BOT 2012: Ajax->Mostrar Megusta:  
Wed Feb 15 16:13:05 BOT 2012: Ajax->Mostrar Ranking:  
Wed Feb 15 16:13:17 BOT 2012: Ajax->Mostrar Ranking:  
Wed Feb 15 16:14:17 BOT 2012: Ajax->Mostrar Ranking:  
Wed Feb 15 16:15:20 BOT 2012: Asignar backtone escuchado > Asi termino:137281,104280,23,104958,108558,102757,126495,126471,102756,104749,104285,126855,104957,127275,104350,134010,492,133414,133415,133699,
Wed Feb 15 16:15:23 BOT 2012: Ajax-> Mostrar  Nombre Genero > tono:137281 
Wed Feb 15 16:15:38 BOT 2012: Ajax->Mostrar Nombre Artista:  
Wed Feb 15 16:16:29 BOT 2012: Ajax->Mostrar Ranking:  
Wed Feb 15 16:16:56 BOT 2012: Ajax->Mostrar Nombre Genero:  
Wed Feb 15 16:17:08 BOT 2012: Ajax-> Mostrar  Nombre Genero > tono:104465 
Wed Feb 15 16:18:29 BOT 2012: ASYNC -> STATS> Tiempo respuesta -0.0070440000000001 seg.
Wed Feb 15 16:20:06 BOT 2012: Ajax->Mostrar Megusta:  
Wed Feb 15 16:20:15 BOT 2012: ASYNC -> STATS> Tiempo respuesta -0.867997 seg.
Wed Feb 15 16:20:15 BOT 2012: Consulta de precio de reason:5 - msisdn: tono:145422 Async responde:350
 
Wed Feb 15 16:20:27 BOT 2012: Ajax->Mostrar Ranking:  
Wed Feb 15 16:20:33 BOT 2012: Ajax->Mostrar Imagen Portada:  
Wed Feb 15 16:20:42 BOT 2012: Ajax-> Mostrar  Nombre Artista > tono:106284 
Wed Feb 15 16:21:24 BOT 2012: Ajax->Mostrar Megusta:  
Wed Feb 15 16:23:24 BOT 2012: ASYNC -> STATS> Tiempo respuesta 0.350242 seg.
Wed Feb 15 16:26:18 BOT 2012: Asignar backtone escuchado > Asi termino:145676,104362,106235,127759,
Wed Feb 15 16:28:55 BOT 2012: Ajax->Mostrar Nombre Genero:  
Wed Feb 15 16:28:58 BOT 2012: Ajax->Mostrar Megusta:  
Wed Feb 15 16:28:58 BOT 2012: Ajax->Mostrar Nombre Artista:  
Wed Feb 15 16:29:28 BOT 2012: Ajax->Mostrar Nombre Genero:  
Wed Feb 15 16:29:40 BOT 2012: Ajax-> Mostrar Ranking > tono:145676 
Wed Feb 15 16:29:49 BOT 2012: Mostrar Megusta> tono: 104999 msisdn: > 001
Wed Feb 15 16:30:16 BOT 2012: Ajax->Mostrar Nombre Artista:  
Wed Feb 15 16:31:07 BOT 2012: Ajax->Mostrar Ranking:  
Wed Feb 15 16:35:32 BOT 2012: Ajax-> Mostrar  Nombre Artista > tono:120248 
Wed Feb 15 16:35:43 BOT 2012: Ajax->Mostrar Nombre Genero:  
Wed Feb 15 16:36:50 BOT 2012: Ajax-> Mostrar Ranking > tono:142223 
Wed Feb 15 16:37:02 BOT 2012: Ajax->Mostrar Ranking:  
Wed Feb 15 16:38:14 BOT 2012: Ajax->Mostrar Megusta:  
Wed Feb 15 16:39:08 BOT 2012: Ajax->Mostrar Nombre Artista:  
Wed Feb 15 16:40:41 BOT 2012: ASYNC -> STATS> Tiempo respuesta 0.426314 seg.
Wed Feb 15 16:40:41 BOT 2012: ASYNC -> STATS> Tiempo respuesta 0.214295 seg.
Wed Feb 15 16:40:47 BOT 2012: Ajax->Mostrar Nombre Genero:  
Wed Feb 15 16:41:08 BOT 2012: Asignar backtone escuchado > Asi termino:131633,104316,623,622,104827,293,122289,103714,129433,103688,129231,104999,132096,103712,142527,145418,144195,144191,144189,145417,
Wed Feb 15 16:41:32 BOT 2012: ASYNC -> STATS> Tiempo respuesta 0.392077 seg.
Wed Feb 15 16:41:44 BOT 2012: ASYNC -> STATS> Tiempo respuesta 0.980529 seg.
Wed Feb 15 16:45:06 BOT 2012: Ajax->Mostrar Nombre Genero:  
Wed Feb 15 16:45:42 BOT 2012: STATS > BUSQUEDA DE BACKTONE >Tiempo: 0.082945 seg. | registros: 114
Wed Feb 15 16:45:51 BOT 2012: Asignar backtone escuchado > Asi termino:142527,104745,104788,149,103627,112705,577,103284,105534,105533,105282,105036,105096,105280,105267,105284,105274,105276,118734,118730,
Wed Feb 15 16:45:57 BOT 2012: ASYNC -> STATS> Tiempo respuesta -0.011191 seg.
Wed Feb 15 16:46:03 BOT 2012: ASYNC -> STATS> Tiempo respuesta 0.015254 seg.
Wed Feb 15 16:46:15 BOT 2012: ASYNC -> STATS> Tiempo respuesta 0.002664 seg.
Wed Feb 15 16:46:48 BOT 2012: Ajax->Mostrar Nombre Genero:  
Wed Feb 15 16:49:49 BOT 2012: Ajax->Mostrar Comentarios:  
Wed Feb 15 16:51:22 BOT 2012: Ajax->Mostrar Megusta:  
Wed Feb 15 16:53:13 BOT 2012: Ajax-> Mostrar Megusta> tono:104532 
Wed Feb 15 16:55:40 BOT 2012: Ajax-> Mostrar Megusta> tono:143741 
Wed Feb 15 16:56:22 BOT 2012: Asignar backtone escuchado > Asi termino:141266,144646,103062,103745,131819,126476,136251,108557,105422,103748,106295,106294,106290,106289,106288,106286,102621,102610,124041,126481,
Wed Feb 15 16:58:14 BOT 2012: Ajax->Mostrar Nombre Artista:  
Wed Feb 15 17:00:38 BOT 2012: Ajax-> Mostrar Ranking > tono:129247 
Wed Feb 15 17:01:53 BOT 2012: Ajax->Mostrar Imagen Portada:  
Wed Feb 15 17:02:44 BOT 2012: Ajax-> Mostrar Comentarios> tono:145676 
Wed Feb 15 17:04:09 BOT 2012: Ajax-> Mostrar  Nombre Genero > tono:102804 
Wed Feb 15 17:06:21 BOT 2012: Ajax->Mostrar Megusta:  
Wed Feb 15 17:06:45 BOT 2012: ASYNC -> STATS> Tiempo respuesta -0.456962 seg.
Wed Feb 15 17:06:54 BOT 2012: Asignar backtone escuchado > Asi termino:139961,118738,118749,131001,139964,139965,139967,139963,118747,118754,139960,118741,118748,139844,139956,118734,139958,118752,118744,
Wed Feb 15 17:07:00 BOT 2012: ASYNC -> STATS> Tiempo respuesta 0.356592 seg.
Wed Feb 15 17:07:09 BOT 2012: Ajax->Mostrar Megusta:  
Wed Feb 15 17:07:24 BOT 2012: ASYNC -> STATS> Tiempo respuesta 0.010489 seg.
Wed Feb 15 17:07:27 BOT 2012: Ajax-> Mostrar Ranking > tono:149 
Wed Feb 15 17:07:51 BOT 2012: Ajax->Mostrar Megusta:  
Wed Feb 15 17:11:43 BOT 2012: Session Start>  session por defecto 
Wed Feb 15 17:12:40 BOT 2012: Asignar backtone escuchado > Asi termino:110221,103686,132096,103713,145328,104465,103712,141880,141881,142527,104470,105501,104468,105006,105500,103714,122289,132094,103690,104469,
Wed Feb 15 17:13:22 BOT 2012: Ajax-> Mostrar Ranking > tono:622 
Wed Feb 15 17:16:37 BOT 2012: Ajax->Mostrar Ranking:  
Wed Feb 15 17:16:37 BOT 2012: Consulta de precio de reason:3 - msisdn: tono:124419 Async responde:350
 
Wed Feb 15 17:16:58 BOT 2012: Ajax->Mostrar Reproducciones:  
Wed Feb 15 17:18:59 BOT 2012: Ajax->Mostrar Imagen Portada:  
Wed Feb 15 17:19:11 BOT 2012: ASYNC -> STATS> Tiempo respuesta -0.771933 seg.
Wed Feb 15 17:19:32 BOT 2012: Consulta de precio de reason:10 - msisdn: tono:145676 Async responde:200
 
Wed Feb 15 17:22:11 BOT 2012: Ajax-> Mostrar Ranking > tono:103462 
Wed Feb 15 17:23:17 BOT 2012: Ajax-> Mostrar  Nombre Genero > tono:109251 
Wed Feb 15 17:23:20 BOT 2012: Ajax-> Mostrar Ranking > tono:103927 
Wed Feb 15 17:23:44 BOT 2012: Ajax->Mostrar Nombre Genero:  
Wed Feb 15 17:25:17 BOT 2012: Mostrar Genero: >G&eacute;nero:  <a href='index.php?seccion=playlist&genero=136'>Reggaeton</a>
Wed Feb 15 17:26:21 BOT 2012: Ajax->Mostrar Ranking:  
Wed Feb 15 17:26:21 BOT 2012: Ajax->Mostrar Reproducciones:  
Wed Feb 15 17:26:21 BOT 2012: Ajax->Mostrar Ranking:  
Wed Feb 15 17:27:30 BOT 2012: ASYNC -> STATS> Tiempo respuesta 0.006118 seg.
Wed Feb 15 17:27:33 BOT 2012: Ajax-> Mostrar Ranking > tono:127892 
Wed Feb 15 17:27:36 BOT 2012: Ajax->Mostrar Nombre Artista:  
Wed Feb 15 17:29:48 BOT 2012: Ajax-> Mostrar Ranking > tono:131046 
Wed Feb 15 17:29:54 BOT 2012: Ajax-> Mostrar Ranking > tono:105004 
Wed Feb 15 17:30:54 BOT 2012: Busqueda Inteligente: resultados >136254
Wed Feb 15 17:32:57 BOT 2012: Mostrar Ranking: tono:145676 calificacion: 
Wed Feb 15 17:36:07 BOT 2012: Ajax->Mostrar Ranking:  
Wed Feb 15 17:36:19 BOT 2012: ASYNC -> STATS> Tiempo respuesta 0.006077 seg.
Wed Feb 15 17:39:55 BOT 2012: ASYNC -> STATS> Tiempo respuesta 0.741517 seg.
Wed Feb 15 17:39:55 BOT 2012: ASYNC -> STATS> Tiempo respuesta 0.438887 seg.
Wed Feb 15 17:40:16 BOT 2012: Ajax->Mostrar Ranking:  
Wed Feb 15 17:40:35 BOT 2012: Session Start>  session por defecto 
Wed Feb 15 17:40:35 BOT 2012: Ajax->Mostrar Ranking:  
Wed Feb 15 17:40:41 BOT 2012: ASYNC -> STATS> Tiempo respuesta -0.78431 seg.
Wed Feb 15 17:41:08 BOT 2012: Ajax-> Mostrar Comentarios> tono:145676 
Wed Feb 15 17:42:59 BOT 2012: Ajax->Mostrar Ranking:  
Wed Feb 15 17:43:23 BOT 2012: Ajax->Mostrar Megusta:  
Wed Feb 15 17:43:53 BOT 2012: Ajax->Mostrar Reproducciones:  
Wed Feb 15 17:44:02 BOT 2012: Mostrar Album: >albumes/album-default.jpg
Wed Feb 15 17:44:41 BOT 2012: Ajax->Mostrar Megusta:  
Wed Feb 15 17:46:08 BOT 2012: ASYNC -> STATS> Tiempo respuesta 0.001588 seg.
Wed Feb 15 17:46:41 BOT 2012: Ajax->Mostrar Comentarios:  
Wed Feb 15 17:47:20 BOT 2012: Ajax-> Mostrar Comentarios> tono:145676 
Wed Feb 15 17:50:33 BOT 2012: Ajax-> Mostrar  Imagen Portada> tono:106295 
Wed Feb 15 17:51:15 BOT 2012: Consulta de precio de reason:2 - msisdn: tono:105499 Async responde:350
 
Wed Feb 15 17:53:09 BOT 2012: Ajax-> Mostrar  Imagen Portada> tono:124243 
Wed Feb 15 17:54:33 BOT 2012: Mostrar Album: >albumes/marc anthony.jpg
Wed Feb 15 17:54:45 BOT 2012: Ajax->Mostrar Ranking:  
Wed Feb 15 17:54:57 BOT 2012: DB_LISTAR_TONOS> Se econtraron 114 resultados con estos ID:104171,104177,104180,104178,104172,104165,104175,104173,104179,335,104183,144104,103838,105554,141055,338,105556,314,105557,105558,144106,144108,105637,105635,105559,105560,629,105561,105644,105642,105011,105564,309,105567,105569,145825,145833,145826,105563,105565,287,144109,144110,105622,105566,105568,105570,630,105574,124404,124408,124383,145059,104167,104176,105576,105562,310,317,105613,144794,105578,145423,104169,104185,103839,105614,145904,145906,145837,145834,105580,105582,290,145742,145849,145838,105586,104182,105587,105571,105589,104154,145841,145843,145830,145828,104155,632,104164,104166,105591,104009,105572,145831,104168,105592,104304,105577,105616,105638,90,105573,291,104170,105593,140986,141048,105617,102517,105594,105575,105595,105596, 
Wed Feb 15 17:55:28 BOT 2012: Ajax-> Mostrar Comentarios> tono:105758 
Wed Feb 15 17:56:04 BOT 2012: ASYNC -> STATS> Tiempo respuesta -0.609834 seg.
Wed Feb 15 17:56:43 BOT 2012: ASYNC -> STATS> Tiempo respuesta -0.079161 seg.
Wed Feb 15 17:56:52 BOT 2012: Ajax->Mostrar Nombre Genero:  
Wed Feb 15 17:58:10 BOT 2012: Ajax->Mostrar Imagen Portada:  
Wed Feb 15 17:58:13 BOT 2012: Ajax-> Mostrar  Nombre Artista > tono:105342 
Wed Feb 15 18:01:04 BOT 2012: ASYNC -> STATS> Tiempo respuesta 0.002992 seg.
Wed Feb 15 18:01:43 BOT 2012: Consulta de precio de reason:10 - msisdn:77777917 tono:109245 Async responde:350
 
Wed Feb 15 18:04:08 BOT 2012: Ajax-> Mostrar Megusta> tono:145676 
Wed Feb 15 18:04:14 BOT 2012: Ajax->Mostrar Ranking:  
Wed Feb 15 18:04:35 BOT 2012: ASYNC -> STATS> Tiempo respuesta -0.430191 seg.
Wed Feb 15 18:07:35 BOT 2012: Ajax->Mostrar Reproducciones:  
Wed Feb 15 18:07:56 BOT 2012: Ajax->Mostrar Nombre Genero:  
Wed Feb 15 18:08:05 BOT 2012: Ajax->Mostrar Comentarios:  
Wed Feb 15 18:09:23 BOT 2012: Ajax->Mostrar Imagen Portada:  
Wed Feb 15 18:09:48 BOT 2012: Ajax-> Mostrar Ranking > tono:145188 
Wed Feb 15 18:10:54 BOT 2012: Ajax->Mostrar Imagen Portada:  
Wed Feb 15 18:14:12 BOT 2012: ASYNC -> STATS> Tiempo respuesta 0.048834 seg.
Wed Feb 15 18:17:07 BOT 2012: Ajax->Mostrar Comentarios:  
Wed Feb 15 18:17:34 BOT 2012: Asignar backtone escuchado > Asi termino:145676,104362,106235,127759,
Wed Feb 15 18:20:10 BOT 2012: Ajax-> Mostrar  Imagen Portada> tono:104348 
Wed Feb 15 18:22:10 BOT 2012: WEB_REPRODUCIR_BUSQUEDA > Se recibieron:114 tonos
Wed Feb 15 18:23:46 BOT 2012: Ajax->Mostrar Reproducciones:  
Wed Feb 15 18:27:53 BOT 2012: Ajax->Mostrar Comentarios:  
Wed Feb 15 18:28:11 BOT 2012: Ajax-> Mostrar  Nombre Artista > tono:103521 
Wed Feb 15 18:28:47 BOT 2012: Ajax->Mostrar Megusta:  
Wed Feb 15 18:29:47 BOT 2012: Ajax-> Mostrar  Imagen Portada> tono:120250 
Wed Feb 15 18:33:15 BOT 2012: Ajax->Mostrar Reproducciones:  
Wed Feb 15 18:37:12 BOT 2012: ASYNC -> STATS> Tiempo respuesta 0.015797 seg.
Wed Feb 15 18:38:51 BOT 2012: Ajax->Mostrar Nombre Genero:  
Wed Feb 15 18:39:00 BOT 2012: Ajax-> Mostrar  Nombre Genero > tono:103466 
Wed Feb 15 18:39:21 BOT 2012: Asignar backtone escuchado > Asi termino:112702,103466,102630,104208,104445,103607,103606,103602,103601,103600,104070,104661,104206,129918,104394,102829,135705,104441,103115,103303,
Wed Feb 15 18:39:24 BOT 2012: Ajax->Mostrar Ranking:  
Wed Feb 15 18:39:24 BOT 2012: Ajax->Mostrar Nombre Genero:  
Wed Feb 15 18:40:37 BOT 2012: Ajax->Mostrar Imagen Portada:  
Wed Feb 15 18:41:01 BOT 2012: Asignar backtone escuchado > Asi termino:102768,110342,133402,103937,128413,133776,133777,105343,104671,126209,105841,134013,133725,144660,133770,133695,104837,126473,493,104283,
Wed Feb 15 18:41:31 BOT 2012: ASYNC -> STATS> Tiempo respuesta 0.02008 seg.
Wed Feb 15 18:41:40 BOT 2012: ASYNC -> STATS> Tiempo respuesta -0.7607 seg.
Wed Feb 15 18:41:43 BOT 2012: ASYNC -> STATS> Tiempo respuesta -0.007529 seg.
Wed Feb 15 18:41:46 BOT 2012: Asignar backtone escuchado > Asi termino:145676,104362,106235,127759,
Wed Feb 15 18:41:46 BOT 2012: Ajax->Mostrar Ranking:  
Wed Feb 15 18:45:57 BOT 2012: ASYNC -> STATS> Tiempo respuesta 0.29699 seg.
Wed Feb 15 18:46:28 BOT 2012: Ajax-> Mostrar  Nombre Artista > tono:134031 
Wed Feb 15 18:46:43 BOT 2012: Consulta de precio de reason:3 - msisdn: tono:103504 Async responde:350
 
Wed Feb 15 18:47:58 BOT 2012: Mostrar Cantidad reproducciones: tono:106266 cantidad: 0
Wed Feb 15 18:48:04 BOT 2012: Ajax->Mostrar Ranking:  
Wed Feb 15 18:48:04 BOT 2012: Ajax-> Mostrar Megusta> tono:106266 
Wed Feb 15 18:48:08 BOT 2012: Consulta de precio de reason:2 - msisdn:75992884 tono:104532 Async responde:350
 
Wed Feb 15 18:48:08 BOT 2012: Consulta de precio de reason:10 - msisdn: tono:127898 Async responde:350
 
Wed Feb 15 18:48:22 BOT 2012: Mostrar Ranking: tono:124243 calificacion: 2
Wed Feb 15 18:48:32 BOT 2012: Ajax-> Mostrar  Nombre Artista > tono:123242 
Wed Feb 15 18:50:50 BOT 2012: Ajax->Actualizar pin usuario
Wed Feb 15 18:50:59 BOT 2012: Asignar backtone escuchado > Asi termino:104952,135093,103496,135105,145330,103503,104529,135049,103504,135059,130808,142624,104532,103751,108608,110,103257,103577,113632,16,
Wed Feb 15 18:54:09 BOT 2012: Mostrar Album: >Artista:  <a href='index.php?seccion=playlist&autor=258'>Gisela Santa Cruz</a>
Wed Feb 15 18:54:33 BOT 2012: Ajax->Mostrar Ranking:  
Wed Feb 15 18:55:21 BOT 2012: Ajax->Mostrar Reproducciones:  
Wed Feb 15 18:55:24 BOT 2012: Ajax->Mostrar Nombre Artista:  
Wed Feb 15 18:55:39 BOT 2012: Asignar backtone escuchado > Asi termino:118730,139846,118728,118725,129211,129938,103051,142286,102685,90,105427,105428,
Wed Feb 15 18:59:25 BOT 2012: Ajax->Mostrar Nombre Genero:  
Wed Feb 15 19:04:10 BOT 2012: ASYNC -> STATS> Tiempo respuesta 0.781052 seg.
Wed Feb 15 19:04:49 BOT 2012: Ajax->Mostrar Comentarios:  
Wed Feb 15 19:05:04 BOT 2012: ASYNC -> STATS> Tiempo respuesta 0.001382 seg.
Wed Feb 15 19:06:20 BOT 2012: Ajax->Mostrar Comentarios:  
Wed Feb 15 19:07:26 BOT 2012: Busqueda Inteligente: resultados >109539
Wed Feb 15 19:07:35 BOT 2012: Ajax->Mostrar Megusta:  
Wed Feb 15 19:11:59 BOT 2012: Ajax->Mostrar Nombre Genero:  
Wed Feb 15 19:13:24 BOT 2012: Ajax->Mostrar Megusta:  
Wed Feb 15 19:13:57 BOT 2012: Ajax->Mostrar Megusta:  
Wed Feb 15 19:14:09 BOT 2012: Ajax-> Mostrar Ranking > tono:140838 
Wed Feb 15 19:14:09 BOT 2012: Asignar backtone escuchado > Asi termino:102883,102882,131760,404,128597,143,102827,104445,104807,104790,104815,103119,142174,103264,103265,103120,105059,126093,126091,
Wed Feb 15 19:14:24 BOT 2012: ASYNC -> STATS> Tiempo respuesta 0.00869 seg.
Wed Feb 15 19:14:30 BOT 2012: ASYNC -> STATS> Tiempo respuesta 0.082986 seg.
Wed Feb 15 19:15:00 BOT 2012: Check Session > msisdn: 77977888 > Usuario Valido 
Wed Feb 15 19:17:33 BOT 2012: Ajax->Mostrar Comentarios:  
Wed Feb 15 19:17:36 BOT 2012: Asignar backtone escuchado > Asi termino:105402,103053,126167,125661,134661,134660,134023,102883,102882,131760,404,128597,143,102827,104445,104807,104790,104815,103119,142174,
Wed Feb 15 19:17:42 BOT 2012: Check Session > msisdn: 76076637 > Usuario Valido 
Wed Feb 15 19:18:39 BOT 2012: ASYNC -> STATS> Tiempo respuesta -0.207884 seg.
Wed Feb 15 19:19:33 BOT 2012: Ajax->Mostrar Nombre Genero:  
Wed Feb 15 19:19:51 BOT 2012: Ajax->Mostrar Megusta:  
Wed Feb 15 19:19:57 BOT 2012: Ajax->Mostrar Nombre Artista:  
Wed Feb 15 19:24:55 BOT 2012: Ajax-> Mostrar Megusta> tono:104518 
Wed Feb 15 19:25:10 BOT 2012: Ajax-> Mostrar Ranking > tono:137086 
Wed Feb 15 19:25:13 BOT 2012: Error al consultar precio de renovacion - msisdn: tono:105549 - Async responde -3
Wed Feb 15 19:25:13 BOT 2012: Ajax-> Mostrar Ranking > tono:104692 
Wed Feb 15 19:25:16 BOT 2012: Ajax->Mostrar Imagen Portada:  
Wed Feb 15 19:25:16 BOT 2012: Ajax->Mostrar Ranking:  
Wed Feb 15 19:26:28 BOT 2012: Ajax->Mostrar Reproducciones:  
Wed Feb 15 19:26:43 BOT 2012: Ajax->Mostrar Ranking:  
Wed Feb 15 19:27:07 BOT 2012: Ajax->Mostrar Imagen Portada:  
Wed Feb 15 19:27:25 BOT 2012: Ajax->Mostrar Reproducciones:  
Wed Feb 15 19:27:32 BOT 2012: ASYNC -> STATS> Tiempo respuesta 0.961327 seg.
Wed Feb 15 19:28:56 BOT 2012: Check Session > msisdn: 77977888 > Usuario Valido 
Wed Feb 15 19:34:57 BOT 2012: Ajax->Mostrar Megusta:  
Wed Feb 15 19:35:30 BOT 2012: ASYNC -> STATS> Tiempo respuesta 0.013117 seg.
Wed Feb 15 19:43:36 BOT 2012: Ajax->Mostrar Comentarios:  
Wed Feb 15 19:45:42 BOT 2012: Ajax->Mostrar Nombre Artista:  
Wed Feb 15 19:46:39 BOT 2012: Asignar backtone escuchado > Asi termino:104751,104750,
Wed Feb 15 19:48:13 BOT 2012: Ajax->Mostrar Imagen Portada:  
Wed Feb 15 19:48:16 BOT 2012: Ajax->Mostrar Comentarios:  
Wed Feb 15 19:49:04 BOT 2012: Ajax-> Mostrar Ranking > tono:103474 
Wed Feb 15 19:49:43 BOT 2012: Ajax->Mostrar Nombre Artista:  
Wed Feb 15 19:51:19 BOT 2012: ASYNC -> STATS> Tiempo respuesta -0.052177 seg.
Wed Feb 15 19:51:40 BOT 2012: Check Session > msisdn: 75625327 > Usuario Valido 
Wed Feb 15 19:51:49 BOT 2012: Busqueda Inteligente: resultados >104309
Wed Feb 15 19:55:31 BOT 2012: Ajax->Mostrar Ranking:  
Wed Feb 15 19:56:23 BOT 2012: Ajax-> Mostrar Comentarios> tono:103127 
Wed Feb 15 19:56:41 BOT 2012: Mostrar Album: >albumes/album-default.jpg
Wed Feb 15 19:59:29 BOT 2012: Ajax-> Mostrar Ranking > tono:105767 
Wed Feb 15 20:01:56 BOT 2012: ASYNC -> STATS> Tiempo respuesta -0.156729 seg.
Wed Feb 15 20:04:06 BOT 2012: Consulta de precio de reason:3 - msisdn: tono:102945 Async responde:350
 
Wed Feb 15 20:04:15 BOT 2012: Ajax->Mostrar Megusta:  
Wed Feb 15 20:04:36 BOT 2012: Asignar backtone escuchado > Asi termino:106370,103205,104567,104991,103210,103685,104510,104508,110221,142527,124243,
Wed Feb 15 20:06:00 BOT 2012: ASYNC -> STATS> Tiempo respuesta 0.007956 seg.
Wed Feb 15 20:06:48 BOT 2012: Consulta de precio de reason:2 - msisdn: tono:141881 Async responde:350
 
Wed Feb 15 20:06:51 BOT 2012: Ajax->Mostrar Comentarios:  
Wed Feb 15 20:07:45 BOT 2012: Ajax->Mostrar Imagen Portada:  
Wed Feb 15 20:08:36 BOT 2012: Ajax->Mostrar Imagen Portada:  
Wed Feb 15 20:09:36 BOT 2012: Ajax->Mostrar Megusta:  
Wed Feb 15 20:10:03 BOT 2012: Asignar backtone escuchado > Asi termino:130819,130815,
Wed Feb 15 20:11:43 BOT 2012: Ajax->Mostrar Nombre Genero:  
Wed Feb 15 20:11:55 BOT 2012: Ajax-> Mostrar  Imagen Portada> tono:127757 
Wed Feb 15 20:12:28 BOT 2012: Ajax->Mostrar Ranking:  
Wed Feb 15 20:12:55 BOT 2012: ASYNC -> STATS> Tiempo respuesta 0.004952 seg.
Wed Feb 15 20:12:55 BOT 2012: ASYNC -> STATS> Tiempo respuesta 0.248891 seg.
Wed Feb 15 20:13:40 BOT 2012: Ajax->Mostrar Ranking:  
Wed Feb 15 20:14:01 BOT 2012: Ajax-> Mostrar Ranking > tono:102785 
Wed Feb 15 20:16:07 BOT 2012: ASYNC -> STATS> Tiempo respuesta 0.387937 seg.
Wed Feb 15 20:16:16 BOT 2012: ASYNC -> STATS> Tiempo respuesta 0.181018 seg.
Wed Feb 15 20:17:07 BOT 2012: Ajax->Mostrar Ranking:  
Wed Feb 15 20:18:59 BOT 2012: Ajax->Mostrar Ranking:  
Wed Feb 15 20:21:02 BOT 2012: Ajax-> Mostrar Ranking > tono:105268 
Wed Feb 15 20:21:08 BOT 2012: Ajax->Mostrar Reproducciones:  
Wed Feb 15 20:21:38 BOT 2012: Ajax-> Mostrar Megusta> tono:104577 
Wed Feb 15 20:25:20 BOT 2012: Ajax->Mostrar Ranking:  
Wed Feb 15 20:26:36 BOT 2012: Ajax-> Mostrar Ranking > tono:82 
Wed Feb 15 20:26:42 BOT 2012: Mostrar Album: >Artista:  <a href='index.php?seccion=playlist&autor=518'>Michael Jackson</a>
Wed Feb 15 20:27:18 BOT 2012: Ajax->Mostrar Reproducciones:  
Wed Feb 15 20:27:24 BOT 2012: ASYNC -> STATS> Tiempo respuesta -0.101849 seg.
Wed Feb 15 20:27:30 BOT 2012: ASYNC -> STATS> Tiempo respuesta -0.398015 seg.
Wed Feb 15 20:28:18 BOT 2012: Ajax-> Mostrar  Imagen Portada> Album:Artista:  <a href='index.php?seccion=playlist&autor=1227'>50 cent</a>
Wed Feb 15 20:29:03 BOT 2012: Ajax-> Mostrar Ranking > tono:105746 
Wed Feb 15 20:30:06 BOT 2012: ASYNC -> STATS> Tiempo respuesta 0.006973 seg.
Wed Feb 15 20:30:30 BOT 2012: Ajax-> Mostrar Ranking > tono:144167 
Wed Feb 15 20:30:30 BOT 2012: Ajax->Mostrar Ranking:  
Wed Feb 15 20:31:21 BOT 2012: Ajax->Mostrar Megusta:  
Wed Feb 15 20:36:04 BOT 2012: Mostrar Album: >albumes/album-default.jpg
Wed Feb 15 20:37:49 BOT 2012: Ajax->Mostrar Nombre Artista:  
Wed Feb 15 20:37:55 BOT 2012: Ajax->Mostrar Megusta:  
Wed Feb 15 20:51:48 BOT 2012: Ajax-> Mostrar Comentarios> tono:145390 
Wed Feb 15 20:52:39 BOT 2012: Ajax-> Mostrar Comentarios> tono:145771 
Wed Feb 15 20:58:49 BOT 2012: Ajax->Mostrar Comentarios:  
Wed Feb 15 20:58:58 BOT 2012: Session Start>  session por defecto 
Wed Feb 15 21:01:16 BOT 2012: Ajax-> Mostrar Ranking > tono:105560 
Wed Feb 15 21:01:25 BOT 2012: Ajax->Mostrar Comentarios:  
Wed Feb 15 21:01:58 BOT 2012: ASYNC -> STATS> Tiempo respuesta -0.09643 seg.
Wed Feb 15 21:02:46 BOT 2012: ASYNC -> STATS> Tiempo respuesta 0.0099990000000001 seg.
Wed Feb 15 21:04:44 BOT 2012: Asignar backtone escuchado > Asi termino:112453,105996,106000,
Wed Feb 15 21:06:44 BOT 2012: Ajax->Mostrar Megusta:  
Wed Feb 15 21:07:26 BOT 2012: Ajax->Mostrar Ranking:  
Wed Feb 15 21:09:55 BOT 2012: Ajax->Mostrar Ranking:  
Wed Feb 15 21:10:10 BOT 2012: Ajax-> Mostrar Ranking > tono:140840 
Wed Feb 15 21:10:27 BOT 2012: Ajax->Mostrar Comentarios:  
Wed Feb 15 21:10:34 BOT 2012: Ajax->Mostrar Megusta:  
Wed Feb 15 21:11:21 BOT 2012: Mostrar Album: >albumes/album-default.jpg
Wed Feb 15 21:11:41 BOT 2012: Asignar backtone escuchado > Asi termino:103299,103551,103550,136207,125516,103055,102827,103939,102940,104380,103083,104379,118180,136190,103300,134636,129209,129211,102660,144117,
Wed Feb 15 21:12:03 BOT 2012: Ajax-> Mostrar Megusta> tono:145328 
Wed Feb 15 21:13:03 BOT 2012: Ajax->Mostrar Imagen Portada:  
Wed Feb 15 21:14:09 BOT 2012: Ajax->Mostrar Ranking:  
Wed Feb 15 21:14:24 BOT 2012: Ajax->Mostrar Megusta:  
Wed Feb 15 21:16:10 BOT 2012: Session Start>  session por defecto 
Wed Feb 15 21:17:00 BOT 2012: ASYNC -> STATS> Tiempo respuesta 0.570182 seg.
Wed Feb 15 21:17:09 BOT 2012: Ajax-> Mostrar  Nombre Artista > tono:104055 
Wed Feb 15 21:17:58 BOT 2012: Busqueda Inteligente: resultados >103053
Wed Feb 15 21:18:04 BOT 2012: Consulta de precio de reason:2 - msisdn: tono:133681 Async responde:350
 
Wed Feb 15 21:18:13 BOT 2012: Ajax->Mostrar Reproducciones:  
Wed Feb 15 21:18:13 BOT 2012: Ajax->Mostrar Ranking:  
Wed Feb 15 21:18:25 BOT 2012: Asignar backtone escuchado > Asi termino:123008,102596,102597,104055,105520,104352,103563,104991,104873,104872,103961,103206,105048,102741,104535,104510,104508,140821,141837,140990,
Wed Feb 15 21:18:28 BOT 2012: ASYNC -> STATS> Tiempo respuesta 0.004068 seg.
Wed Feb 15 21:18:53 BOT 2012: Ajax->Mostrar Ranking:  
Wed Feb 15 21:19:13 BOT 2012: Ajax-> Mostrar Ranking > tono:103557 
Wed Feb 15 21:19:19 BOT 2012: Busqueda Inteligente: 
Wed Feb 15 21:19:26 BOT 2012: Ajax->Mostrar Nombre Genero:  
Wed Feb 15 21:19:29 BOT 2012: Ajax->Mostrar Ranking:  
Wed Feb 15 21:20:27 BOT 2012: Ajax-> Mostrar  Imagen Portada> tono:102610 
Wed Feb 15 21:21:03 BOT 2012: Ajax-> Mostrar Megusta> tono:117840 
Wed Feb 15 21:21:30 BOT 2012: Ajax->Actualizar pin usuario >recibe el msisdn: 
Wed Feb 15 21:21:53 BOT 2012: Ajax-> Mostrar Comentarios> tono:141120 
Wed Feb 15 21:22:02 BOT 2012: Asignar backtone escuchado > Asi termino:113628,113627,113625,115885,126683,145676,560,145695,104171,139844,112466,128954,
Wed Feb 15 21:22:42 BOT 2012: Ajax->Mostrar Reproducciones:  
Wed Feb 15 21:23:38 BOT 2012: Ajax-> Mostrar  Imagen Portada> tono:117840 
Wed Feb 15 21:23:47 BOT 2012: Ajax-> Mostrar Ranking > tono:105282 
Wed Feb 15 21:24:25 BOT 2012: Ajax-> Mostrar  Imagen Portada> tono:116 
Wed Feb 15 21:24:25 BOT 2012: Ajax->Mostrar Ranking:  
Wed Feb 15 21:24:35 BOT 2012: Ajax-> Mostrar  Imagen Portada> tono:139958 
Wed Feb 15 21:24:35 BOT 2012: Ajax->Mostrar Comentarios:  
Wed Feb 15 21:24:38 BOT 2012: Ajax->Mostrar Megusta:  
Wed Feb 15 21:24:44 BOT 2012: Asignar backtone escuchado > Asi termino:145915,548,127892,144650,145180,137285,137286,103250,144672,145294,104841,104852,103828,133681,104348,105347,106284,103683,104744,104960,
Wed Feb 15 21:24:59 BOT 2012: WEB REPROD BUSQ > Facebook link: http%3A%2F%2Fbacktones.tigo.com.bo%2Fv3%2Findex.php%3Fseccion%3Dplaylist%26search%3Dtitanium%26f%3D1%26t%3D123213
Wed Feb 15 21:26:23 BOT 2012: Ajax->Mostrar Megusta:  
Wed Feb 15 21:26:23 BOT 2012: Ajax->Mostrar Ranking:  
Wed Feb 15 21:26:26 BOT 2012: Ajax-> Mostrar  Nombre Artista > tono:145192 
Wed Feb 15 21:26:47 BOT 2012: Ajax->Mostrar Nombre Genero:  
Wed Feb 15 21:28:06 BOT 2012: Ajax-> Mostrar  Imagen Portada> tono:123519 
Wed Feb 15 21:28:57 BOT 2012: Ajax->Mostrar Ranking:  
Wed Feb 15 21:29:51 BOT 2012: Session Start>  Chequeo de sesion
Wed Feb 15 21:30:42 BOT 2012: Ajax->Mostrar Reproducciones:  
Wed Feb 15 21:30:48 BOT 2012: ASYNC -> STATS> Tiempo respuesta 0.003745 seg.
Wed Feb 15 21:32:18 BOT 2012: WEB_REPRODUCIR_BUSQUEDA > Se recibieron:2 tonos
Wed Feb 15 21:32:36 BOT 2012: Ajax->Mostrar Reproducciones:  
Wed Feb 15 21:33:51 BOT 2012: Asignar backtone escuchado > Asi termino:102694,103349,110187,134015,105988,103475,103793,276,509,106266,124243,104165,104174,102622,141106,102630,123008,145137,140842,137886,
Wed Feb 15 21:35:24 BOT 2012: ASYNC -> STATS> Tiempo respuesta 0.008077 seg.
Wed Feb 15 21:35:30 BOT 2012: ASYNC -> STATS> Tiempo respuesta 0.401772 seg.
Wed Feb 15 21:35:40 BOT 2012: Asignar backtone escuchado > Asi termino:133776,133777,105343,104671,126209,105841,134013,133725,144660,133770,133695,104837,126473,493,104283,131830,133756,127289,103936,104961,
Wed Feb 15 21:36:22 BOT 2012: Ajax-> Mostrar Ranking > tono:104024 
Wed Feb 15 21:36:25 BOT 2012: Ajax-> Mostrar Ranking > tono:103328 
Wed Feb 15 21:36:49 BOT 2012: Ajax->Mostrar Megusta:  
Wed Feb 15 21:37:19 BOT 2012: Ajax->Mostrar Nombre Genero:  
Wed Feb 15 21:37:19 BOT 2012: Ajax->Mostrar Megusta:  
Wed Feb 15 21:38:28 BOT 2012: ASYNC -> STATS> Tiempo respuesta -0.430522 seg.
Wed Feb 15 21:40:19 BOT 2012: Ajax->Mostrar Nombre Genero:  
Wed Feb 15 21:42:07 BOT 2012: Ajax->Mostrar Nombre Genero:  
Wed Feb 15 21:42:46 BOT 2012: Ajax-> Mostrar Ranking > tono:118748 
Wed Feb 15 21:44:11 BOT 2012: ASYNC -> STATS> Tiempo respuesta -0.492564 seg.
Wed Feb 15 21:44:20 BOT 2012: ASYNC -> STATS> Tiempo respuesta 0.019595 seg.
Wed Feb 15 21:53:39 BOT 2012: Ajax->Mostrar Reproducciones:  
Wed Feb 15 21:57:24 BOT 2012: Ajax->Mostrar Nombre Genero:  
Wed Feb 15 21:58:34 BOT 2012: Consulta de precio de reason:10 - msisdn:75982919 tono:103939 Async responde:350
 
Wed Feb 15 21:59:34 BOT 2012: Ajax->Mostrar Imagen Portada:  
Wed Feb 15 21:59:40 BOT 2012: ASYNC -> STATS> Tiempo respuesta 0.003448 seg.
Wed Feb 15 22:00:22 BOT 2012: Ajax-> Mostrar Ranking > tono:131625 
Wed Feb 15 22:02:31 BOT 2012: ASYNC -> STATS> Tiempo respuesta 0.008944 seg.
Wed Feb 15 22:02:40 BOT 2012: Ajax->Mostrar Nombre Artista:  
Wed Feb 15 22:04:04 BOT 2012: STATS > BUSQUEDA DE BACKTONE >Tiempo: 0.65251 seg. | registros: 83
Wed Feb 15 22:04:19 BOT 2012: ASYNC -> STATS> Tiempo respuesta 0.0041690000000001 seg.
Wed Feb 15 22:05:49 BOT 2012: Ajax-> Mostrar Comentarios> tono:104676 
Wed Feb 15 22:06:23 BOT 2012: Busqueda Inteligente: Aspirante
Wed Feb 15 22:07:11 BOT 2012: Ajax->Mostrar Nombre Genero:  
Wed Feb 15 22:07:56 BOT 2012: Ajax->Mostrar Nombre Genero:  
Wed Feb 15 22:13:32 BOT 2012: ASYNC -> STATS> Tiempo respuesta 0.488109 seg.
Wed Feb 15 22:14:21 BOT 2012: Ajax->Mostrar Nombre Artista:  
Wed Feb 15 22:14:33 BOT 2012: STATS > BUSQUEDA DE BACKTONE >Tiempo: -0.326163 seg. | registros: 20
Wed Feb 15 22:17:39 BOT 2012: ASYNC -> STATS> Tiempo respuesta 0.51412 seg.
Wed Feb 15 22:18:36 BOT 2012: Ajax->Mostrar Comentarios:  
Wed Feb 15 22:21:46 BOT 2012: ASYNC -> STATS> Tiempo respuesta 0.007808 seg.
Wed Feb 15 22:23:04 BOT 2012: Ajax-> Mostrar  Genero > G&eacute;nero:  <a href='index.php?seccion=playlist&genero=98'>Brasileras</a>
Wed Feb 15 22:23:07 BOT 2012: Ajax-> Mostrar Comentarios> tono:105001 
Wed Feb 15 22:24:08 BOT 2012: Ajax-> Mostrar Ranking > tono:138306 
Wed Feb 15 22:24:29 BOT 2012: Ajax-> Mostrar Ranking > tono:103113 
Wed Feb 15 22:24:35 BOT 2012: Ajax->Mostrar Nombre Artista:  
Wed Feb 15 22:24:53 BOT 2012: ASYNC -> STATS> Tiempo respuesta -0.107879 seg.
Wed Feb 15 22:24:53 BOT 2012: Ajax->Mostrar Comentarios:  
Wed Feb 15 22:24:53 BOT 2012: Consulta de precio de reason:2 - msisdn: tono:104961 Async responde:350
 
Wed Feb 15 22:29:11 BOT 2012: Error al consultar precio de renovacion - msisdn: tono:104837 - Async responde -3
Wed Feb 15 22:30:06 BOT 2012: Asignar backtone escuchado > Asi termino:137972,138306,104980,105013,105012,
Wed Feb 15 22:36:18 BOT 2012: Ajax->Mostrar Imagen Portada:  
Wed Feb 15 22:37:07 BOT 2012: Ajax->Mostrar Megusta:  
Wed Feb 15 22:40:37 BOT 2012: Ajax->Mostrar Nombre Artista:  
Wed Feb 15 22:41:43 BOT 2012: Ajax-> Mostrar Ranking > tono:145390 
Wed Feb 15 22:41:55 BOT 2012: Ajax->Mostrar Nombre Genero:  
Wed Feb 15 22:42:19 BOT 2012: Ajax->Mostrar Megusta:  
Wed Feb 15 22:44:52 BOT 2012: Ajax-> Mostrar  Nombre Artista > tono:106290 
Wed Feb 15 22:47:05 BOT 2012: Consulta de precio de reason:5 - msisdn: tono:105583 Async responde:350
 
Wed Feb 15 22:47:05 BOT 2012: ASYNC -> STATS> Tiempo respuesta -0.243235 seg.
Wed Feb 15 22:47:05 BOT 2012: Busqueda Inteligente: Magedeth
Wed Feb 15 22:47:05 BOT 2012: Asignar backtone escuchado > Asi termino:110342,131824,144646,118727,118725,129435,145897,145899,145903,145388,145387,145386,145901,145390,53,117844,105655,132100,103486,132097,
Wed Feb 15 22:47:14 BOT 2012: Consulta de precio de reason:2 - msisdn:77387637 tono:134681 Async responde:350
 
Wed Feb 15 22:47:14 BOT 2012: Consulta de precio de reason:2 - msisdn: tono:133865 Async responde:350
 
Wed Feb 15 22:47:14 BOT 2012: ASYNC -> STATS> Tiempo respuesta -0.004796 seg.
Wed Feb 15 22:47:23 BOT 2012: ASYNC -> STATS> Tiempo respuesta 0.00974 seg.
Wed Feb 15 22:47:32 BOT 2012: Ajax->Mostrar Megusta:  
Wed Feb 15 22:47:32 BOT 2012: Ajax->Mostrar Megusta:  
Wed Feb 15 22:50:35 BOT 2012: Ajax->Mostrar Nombre Genero:  
Wed Feb 15 22:53:00 BOT 2012: Asignar backtone escuchado > Asi termino:126470,126857,127904,136258,124025,141266,144646,103062,103745,131819,126476,136251,108557,105422,103748,106295,106294,106290,106289,106288,
Wed Feb 15 22:54:24 BOT 2012: Ajax->Mostrar Nombre Genero:  
Wed Feb 15 22:54:33 BOT 2012: Ajax-> Comprar Backtone: msisdn:75578787 
Wed Feb 15 22:59:42 BOT 2012: Ajax->Mostrar Reproducciones:  
Wed Feb 15 23:00:21 BOT 2012: ASYNC -> STATS> Tiempo respuesta -0.996082 seg.
Wed Feb 15 23:02:58 BOT 2012: Ajax-> Mostrar  Imagen Portada> tono:126855 
Wed Feb 15 23:03:55 BOT 2012: Ajax->Mostrar Imagen Portada:  
Wed Feb 15 23:04:16 BOT 2012: Busqueda Inteligente: resultados >104069
Wed Feb 15 23:04:37 BOT 2012: Mostrar Megusta> tono: 134660 msisdn: > a otros 1  les gusta 
Wed Feb 15 23:06:25 BOT 2012: Ajax-> Login Usuario msisdn: 75403231  pin: > Validar msisdn
Wed Feb 15 23:07:44 BOT 2012: Ajax->Mostrar Reproducciones:  
Wed Feb 15 23:10:11 BOT 2012: Ajax->Mostrar Comentarios:  
Wed Feb 15 23:13:26 BOT 2012: Ajax-> Mostrar  Nombre Genero > tono:104744 
Wed Feb 15 23:14:14 BOT 2012: Ajax-> Mostrar Comentarios> tono:119101 
Wed Feb 15 23:16:00 BOT 2012: STATS > BUSQUEDA DE BACKTONE >Tiempo: 0.031953 seg. | registros: 48
Wed Feb 15 23:16:12 BOT 2012: Ajax->Mostrar Nombre Artista:  
Wed Feb 15 23:17:36 BOT 2012: STATS > BUSQUEDA DE BACKTONE >Tiempo: 0.040855 seg. | registros: 1
Wed Feb 15 23:18:27 BOT 2012: Ajax->Mostrar Imagen Portada:  
Wed Feb 15 23:18:33 BOT 2012: Checklogin > msisdn: 75573103 , pin:aaUKWFRhp7k0s
Wed Feb 15 23:19:12 BOT 2012: ASYNC -> STATS> Tiempo respuesta 0.002251 seg.
Wed Feb 15 23:21:03 BOT 2012: Ajax-> Mostrar  Imagen Portada> Album:Artista:  <a href='index.php?seccion=playlist&autor=503'>Version Opratel</a>
Wed Feb 15 23:27:01 BOT 2012: Busqueda Inteligente: resultados >132462
Wed Feb 15 23:27:10 BOT 2012: Ajax->Mostrar Nombre Artista:  
Wed Feb 15 23:32:50 BOT 2012: ASYNC -> STATS> Tiempo respuesta 0.01249 seg.
Wed Feb 15 23:34:26 BOT 2012: Ajax->Mostrar Comentarios:  
Wed Feb 15 23:36:21 BOT 2012: ASYNC -> STATS> Tiempo respuesta -0.247346 seg.
Wed Feb 15 23:36:21 BOT 2012: Ajax->Mostrar Ranking:  
Wed Feb 15 23:36:24 BOT 2012: ASYNC -> STATS> Tiempo respuesta -0.245964 seg.
Wed Feb 15 23:37:24 BOT 2012: Ajax->Mostrar Imagen Portada:  
Wed Feb 15 23:39:33 BOT 2012: ASYNC -> STATS> Tiempo respuesta 0.010168 seg.
Wed Feb 15 23:41:24 BOT 2012: Asignar backtone escuchado > Asi termino:102610,124041,126481,110343,102612,105344,144678,145282,119,108562,102768,110342,133402,103937,128413,133776,133777,105343,104671,126209,
