Fri Jan 6 9:16:59 BOT 2012: Ajax->Mostrar Comentarios:  
Fri Jan 6 9:17:17 BOT 2012: ASYNC -> STATS> Tiempo respuesta -0.174117 seg.
Fri Jan 6 9:21:12 BOT 2012: Ajax-> Mostrar Megusta> tono:103779 
Fri Jan 6 9:22:21 BOT 2012: Ajax->Mostrar Megusta:  
Fri Jan 6 9:22:36 BOT 2012: Mostrar Megusta > tono: 82 msisdn:76501877 > cantidad de registros: 0
Fri Jan 6 9:23:27 BOT 2012: Ajax->Mostrar Comentarios:  
Fri Jan 6 9:23:57 BOT 2012: Ajax->Mostrar Megusta:  
Fri Jan 6 9:25:09 BOT 2012: Asignar backtone escuchado > Asi termino:126493,104441,106308,127767,135108,127759,82,104121,104120,113602,105645,138307,103328,102622,242,103742,103739,142527,
Fri Jan 6 9:25:58 BOT 2012: Ajax-> Mostrar Ranking > tono:104173 
Fri Jan 6 9:25:58 BOT 2012: Ajax->Mostrar Ranking:  
Fri Jan 6 9:26:07 BOT 2012: Ajax-> Mostrar  Nombre Artista > tono:109227 
Fri Jan 6 9:28:55 BOT 2012: Ajax->Mostrar Nombre Artista:  
Fri Jan 6 9:29:01 BOT 2012: Ajax-> Mostrar Ranking > tono:103114 
Fri Jan 6 9:32:35 BOT 2012: Ajax-> Mostrar  Nombre Genero > tono:129230 
Fri Jan 6 9:32:44 BOT 2012: Ajax->Mostrar Ranking:  
Fri Jan 6 9:33:11 BOT 2012: Ajax-> Mostrar  Nombre Artista > tono:140780 
Fri Jan 6 9:33:23 BOT 2012: Busqueda Inteligente: resultados >105053
Fri Jan 6 9:35:38 BOT 2012: set_session  => Actualizando datos token
Fri Jan 6 9:37:11 BOT 2012: Ajax->Mostrar Ranking:  
Fri Jan 6 9:38:41 BOT 2012: ASYNC -> STATS> Tiempo respuesta 0.011368 seg.
Fri Jan 6 9:39:03 BOT 2012: Mostrar Ranking: tono:142527 calificacion: 5
Fri Jan 6 9:40:18 BOT 2012: WEB REPROD BUSQ > Facebook link: 
Fri Jan 6 9:45:21 BOT 2012: Ajax-> Mostrar  Nombre Genero > tono:104923 
Fri Jan 6 9:45:21 BOT 2012: ASYNC -> STATS> Tiempo respuesta 0.894645 seg.
Fri Jan 6 9:48:40 BOT 2012: Ajax->Mostrar Nombre Genero:  
Fri Jan 6 9:52:37 BOT 2012: Ajax->Mostrar Comentarios:  
Fri Jan 6 9:55:05 BOT 2012: Ajax-> Mostrar  Nombre Genero > tono:142527 
Fri Jan 6 9:55:23 BOT 2012: Ajax-> Mostrar  Nombre Genero > tono:102890 
Fri Jan 6 9:58:26 BOT 2012: Ajax->Mostrar Nombre Artista:  
Fri Jan 6 10:02:12 BOT 2012: Ajax->Mostrar Nombre Genero:  
Fri Jan 6 10:02:51 BOT 2012: ASYNC -> STATS> Tiempo respuesta 0.007306 seg.
Fri Jan 6 10:04:18 BOT 2012: Ajax->Mostrar Nombre Genero:  
Fri Jan 6 10:05:30 BOT 2012: Ajax-> Mostrar Ranking > tono:112469 
Fri Jan 6 10:05:51 BOT 2012: ASYNC -> STATS> Tiempo respuesta 0.00401 seg.
Fri Jan 6 10:10:16 BOT 2012: Ajax-> Mostrar  Nombre Artista > tono:106235 
Fri Jan 6 10:10:22 BOT 2012: Ajax-> Mostrar Comentarios> tono:142527 
Fri Jan 6 10:16:56 BOT 2012: Mostrar Album: >albumes/album-default.jpg
Fri Jan 6 10:16:56 BOT 2012: Ajax-> Mostrar  Imagen Portada> tono:142527 
Fri Jan 6 10:16:59 BOT 2012: Asignar backtone escuchado > Asi termino:135149,103827,104051,104050,103552,134031,134032,104991,103688,105005,105004,105003,104467,104466,105002,104471,129231,105001,104395,105000,
Fri Jan 6 10:17:23 BOT 2012: Mostrar Genero: >G&eacute;nero:  <a href='index.php?seccion=playlist&genero=104'>Clasicos</a>
Fri Jan 6 10:20:02 BOT 2012: Ajax->Mostrar Reproducciones:  
Fri Jan 6 10:25:48 BOT 2012: Ajax-> Mostrar Megusta> tono:104941 
Fri Jan 6 10:28:54 BOT 2012: Ajax->Mostrar Megusta:  
Fri Jan 6 10:29:25 BOT 2012: Consulta de precio de reason:3 - msisdn: tono:102793 Async responde:350
 
Fri Jan 6 10:34:10 BOT 2012: Mostrar Album: >Artista:  <a href='index.php?seccion=playlist&autor=1119'>Chaplin Show</a>
Fri Jan 6 10:34:10 BOT 2012: Ajax-> Mostrar  Nombre Artista > tono:105540 
Fri Jan 6 10:36:26 BOT 2012: ASYNC -> STATS> Tiempo respuesta -0.694977 seg.
Fri Jan 6 10:38:05 BOT 2012: ASYNC -> STATS> Tiempo respuesta 0.006877 seg.
Fri Jan 6 10:39:50 BOT 2012: Ajax->Mostrar Nombre Artista:  
Fri Jan 6 10:41:12 BOT 2012: Ajax-> Mostrar Comentarios> tono:130804 
Fri Jan 6 10:42:00 BOT 2012: Asignar backtone escuchado > Asi termino:127295,137972,138286,
Fri Jan 6 10:42:36 BOT 2012: Mostrar Ranking: tono:509 calificacion: 5
Fri Jan 6 10:45:01 BOT 2012: Ajax-> Mostrar Ranking > tono:142230 
Fri Jan 6 10:45:07 BOT 2012: Ajax->Mostrar Comentarios:  
Fri Jan 6 10:47:16 BOT 2012: Busqueda Inteligente: resultados >104815
Fri Jan 6 10:47:37 BOT 2012: Ajax->Mostrar Nombre Artista:  
Fri Jan 6 10:52:56 BOT 2012: Ajax->Mostrar Comentarios:  
Fri Jan 6 10:53:29 BOT 2012: Ajax->Mostrar Reproducciones:  
Fri Jan 6 10:53:56 BOT 2012: Ajax->Mostrar Comentarios:  
Fri Jan 6 10:55:23 BOT 2012: Ajax->Mostrar Nombre Artista:  
Fri Jan 6 10:56:02 BOT 2012: Ajax->Mostrar Nombre Genero:  
Fri Jan 6 10:57:05 BOT 2012: ASYNC -> STATS> Tiempo respuesta -0.0046160000000001 seg.
Fri Jan 6 10:58:09 BOT 2012: ASYNC -> STATS> Tiempo respuesta 0.020698 seg.
Fri Jan 6 10:58:09 BOT 2012: ASYNC -> STATS> Tiempo respuesta -0.893079 seg.
Fri Jan 6 11:00:27 BOT 2012: Ajax->Mostrar Comentarios:  
Fri Jan 6 11:01:45 BOT 2012: Ajax->Mostrar Nombre Artista:  
Fri Jan 6 11:02:57 BOT 2012: Ajax->Mostrar Reproducciones:  
Fri Jan 6 11:04:18 BOT 2012: Ajax-> Mostrar  Imagen Portada> tono:108556 
Fri Jan 6 11:06:04 BOT 2012: Ajax->Mostrar Megusta:  
Fri Jan 6 11:06:28 BOT 2012: Asignar backtone escuchado > Asi termino:105265,103506,149,130364,122666,
Fri Jan 6 11:08:07 BOT 2012: Ajax->Mostrar Megusta:  
Fri Jan 6 11:08:34 BOT 2012: Ajax->Mostrar Reproducciones:  
Fri Jan 6 11:08:37 BOT 2012: Ajax-> Mostrar  Nombre Artista > tono:102619 
Fri Jan 6 11:08:40 BOT 2012: Ajax-> Mostrar Ranking > tono:109533 
Fri Jan 6 11:08:40 BOT 2012: Ajax-> Mostrar Megusta> tono:142527 
Fri Jan 6 11:09:07 BOT 2012: Ajax-> Mostrar  Nombre Artista > tono:119859 
Fri Jan 6 11:09:16 BOT 2012: Ajax->Mostrar Megusta:  
Fri Jan 6 11:10:25 BOT 2012: Ajax->Mostrar Ranking:  
Fri Jan 6 11:11:37 BOT 2012: Ajax-> Mostrar  Imagen Portada> tono:104026 
Fri Jan 6 11:11:56 BOT 2012: Ajax-> Mostrar  Imagen Portada> Album:albumes/album-default.jpg
Fri Jan 6 11:14:24 BOT 2012: ASYNC -> STATS> Tiempo respuesta 0.009009 seg.
Fri Jan 6 11:14:46 BOT 2012: Ajax-> Mostrar Ranking > tono:142527 
Fri Jan 6 11:15:44 BOT 2012: Ajax-> Mostrar Ranking > tono:142527 
Fri Jan 6 11:17:59 BOT 2012: WEB_REPRODUCIR_BUSQUEDA > Se recibieron:89 tonos
Fri Jan 6 11:21:39 BOT 2012: ASYNC -> STATS> Tiempo respuesta -0.416524 seg.
Fri Jan 6 11:23:06 BOT 2012: ASYNC -> STATS> Tiempo respuesta 0.007489 seg.
Fri Jan 6 11:24:09 BOT 2012: Mostrar Ranking: tono:104220 calificacion: 
Fri Jan 6 11:24:39 BOT 2012: Ajax->Mostrar Reproducciones:  
Fri Jan 6 11:24:39 BOT 2012: Asignar backtone escuchado > Asi termino:102790,102789,573,102625,133413,102893,103628,572,102788,103627,103469,102630,102801,136048,102800,102799,103656,102798,103639,102637,
Fri Jan 6 11:24:45 BOT 2012: Ajax->Mostrar Imagen Portada:  
Fri Jan 6 11:24:45 BOT 2012: Ajax->Mostrar Nombre Genero:  
Fri Jan 6 11:25:03 BOT 2012: Ajax-> Mostrar Ranking > tono:105610 
Fri Jan 6 11:25:09 BOT 2012: Asignar backtone escuchado > Asi termino:104300,105242,105231,105652,479,105610,105627,149,104787,102953,107573,104815,103747,103823,104673,103458,102526,105295,105302,102788,
Fri Jan 6 11:25:30 BOT 2012: Busqueda Inteligente: Resultado 
 104253;HastaQueLlegasteTu;HA ASH;Latinas
104252;Odio Amarte;HA ASH;Latinas
104354;Te Dejo;HA ASH;Latinas
104355;ya no;HA ASH;Latinas
104336;Bajo el mar LA SIRENITA;HAshan AMenken-;Pop
103494;I Can See Stars;LSL Feat Natasha Low;Electronicas
120967;Rodolfo el reno de la nariz roja;Sasha;Navidad
102598;El tiempo ha pasado;Cosa Nostra;Latinas
129430;Muneco de Haiti;Babasonicos;Latinas
103328;-Me vas a extranhar;Banda reggaeton;Reggaeton
103480;2Recordando a Natacha;Sombra;Latinas
103466;2YTuTeVas;Chayanne;Latinas
130984;A Medio Vivir;Noel Schajris;Latinas
104120;A que te enamoras;Chapa C;Reggaeton
18;Acercate mas;Charlee Kingston;Latinas
103274;AcompanhameAEstarSolo;Ricardo Arjona;Romanticas
104360;Adoro_;Raphael;Latinas
307;Almohada de piedra;Covertone;Latinas
323;Amor de chat;El original;Latinas
103997;Amor Inmortal;Chayanne;Latinas
177;Another chance;Roger Sanchez;Electronicas
126855;Antes De Las Seis;Shakira;Pop
105284;Ass Like That;Eminem;HipHop
103089;Atado a tu amor;Chayanne;Latinas
103263;ATHAUALPAYOUFUNKY;KevinJohansen;Latinas
130982;Bachata Rosa;Noel Schajris;Latinas
104887;Bachicha;Version Opratel;Latinas
103424;BailaBaila;Chayanne;Latinas
104051;Bandas marchando;Version Opratel;Clasicos
103499;Bat Attack;Richard Murray;Electronicas
135714;Besos En La Boca;Chayanne;Latinas
102743;Automovil Fashion;Mbarete;Sonidos
131830;Black Jesus Amen Fashion;Lady Gaga;Pop
131829;Fashion Beats;Black Eyed Peas;Pop
131769;Fashion Of His Love;Lady Gaga;Pop
330;Flash5;Perfecta;Pop
141;Flashdance;Deep Dish;Electronicas
127897;Flashs Theme;Queen;Clasicos
185;Invisible;Ashlee Simpson;Pop
136043;Knockin on heavens door Slash Solo;Guns N Roses;Rock
104497;la felicidad;Flash 5;Latinas
51;Love;Ashlee Simpson;Pop
102589;Me sube el colesterol;Flash 5;Latinas
605;Perfecta;Flash 5;Latinas
102524;Si no te hubieras ido;Flash 5;Latinas
133680;Whiplash;Selena Gomez;Pop
103761;Bombacha Veloz;GRUPO CHAJA;Latinas
103425;BoomBoom;Chayanne;Latinas
137820;Buenas tardes jonichi;Hans y Chivo;Promoción Te Matamos de Risa
104514;Buenos Dias Senor Sol;Marta Harte;Sonidos
104371;Buscar;la mancha de rolando;Latinas
137086;C Mon ft Diplo and Bustha Rhymes;Dj Tiesto;Electronicas
137970;C Mon ft Diplo and Bustha Rhymes;Dj Tiesto Vs Diplo;Electronicas
104650;Cada Manhana;Reik;Latinas
104372;Calavera;la mancha de rolando;Latinas
102994;Camba1;Charles Suarez;Latinas
102995;camba2;Charles Suarez;Latinas
102996;Camba3;Charles Suarez;Latinas
345;Cant touch this;Mc hammer;Clasicos
103426;Caprichosa;Chayanne;Latinas
129891;Cerca Como El Habla feat Melissa Romero;Jesus Adrian Romero;Cristianas
131842;Chaco Adentro;Yalo cuellar;Nuevas
103693;Chala Man;Diego Torres;Latinas
103686;Chamego;ChicleteComBanana; Brasileras
135057;Champagne Showers;LMFAO;Electronicas
105312;Chao Amor;La Gente de Omar;Latinas
103470;2RosasAlbumVersion;la oreja de van gogh;Latinas
104921;Agente 86 y el dueno de casa;Versi 
Fri Jan 6 11:27:04 BOT 2012: Ajax->Mostrar Reproducciones:  
Fri Jan 6 11:27:49 BOT 2012: Ajax->Mostrar Ranking:  
Fri Jan 6 11:27:52 BOT 2012: Ajax->Mostrar Nombre Genero:  
Fri Jan 6 11:29:31 BOT 2012: ASYNC -> STATS> Tiempo respuesta -0.123676 seg.
Fri Jan 6 11:30:46 BOT 2012: Asignar backtone escuchado > Asi termino:123008,126167,103346,103349,103477,103476,509,103686,132096,103712,141880,141881,142527,194,114603,114601,104305,105590,382,105329,
Fri Jan 6 11:31:22 BOT 2012: Ajax->Mostrar Ranking:  
Fri Jan 6 11:33:43 BOT 2012: Ajax-> Mostrar Ranking > tono:102630 
Fri Jan 6 11:34:17 BOT 2012: Session Start>  session por defecto 
Fri Jan 6 11:35:02 BOT 2012: Ajax->Mostrar Comentarios:  
Fri Jan 6 11:35:38 BOT 2012: Mostrar Megusta> tono: 135108 msisdn: > a otros 5  les gusta 
Fri Jan 6 11:36:20 BOT 2012: Ajax-> Mostrar Megusta> tono:127767 
Fri Jan 6 11:37:35 BOT 2012: Ajax-> Mostrar  Nombre Artista > tono:141120 
Fri Jan 6 11:38:14 BOT 2012: Session Start>  Chequeo de sesion
Fri Jan 6 11:38:14 BOT 2012: Ajax->Mostrar Comentarios:  
Fri Jan 6 11:38:20 BOT 2012: Ajax-> Mostrar Comentarios> tono:104566 
Fri Jan 6 11:38:26 BOT 2012: Ajax->Mostrar Nombre Artista:  
Fri Jan 6 11:40:11 BOT 2012: Ajax-> Mostrar  Nombre Artista > tono:140845 
Fri Jan 6 11:42:03 BOT 2012: Ajax->Actualizar pin usuario >recibe el msisdn:78400943 
Fri Jan 6 11:42:30 BOT 2012: Asignar backtone escuchado > Asi termino:105366,105368,105365,105374,105373,105372,105371,105370,105369,105363,105364,105383,105382,105381,105380,105379,105378,105377,105376,
Fri Jan 6 11:42:30 BOT 2012: Ajax-> Mostrar Comentarios> tono:141109 
Fri Jan 6 11:42:30 BOT 2012: Asignar backtone escuchado > Asi termino:103617,103616,104941,103618,142527,
Fri Jan 6 11:43:06 BOT 2012: ASYNC -> STATS> Tiempo respuesta 0.006668 seg.
Fri Jan 6 11:43:09 BOT 2012: ASYNC -> STATS> Tiempo respuesta -0.078009 seg.
Fri Jan 6 11:43:15 BOT 2012: ASYNC -> STATS> Tiempo respuesta 0.0075 seg.
Fri Jan 6 11:43:51 BOT 2012: Ajax->Mostrar Reproducciones:  
Fri Jan 6 11:45:42 BOT 2012: Ajax-> Mostrar  Imagen Portada> Album:albumes/Macela Gandara-Mas que un anhelo.jpg
Fri Jan 6 11:45:48 BOT 2012: Ajax->Mostrar Imagen Portada:  
Fri Jan 6 11:45:48 BOT 2012: Ajax->Mostrar Reproducciones:  
Fri Jan 6 11:46:03 BOT 2012: Ajax-> Mostrar  Imagen Portada> tono:142166 
Fri Jan 6 11:46:36 BOT 2012: ASYNC -> STATS> Tiempo respuesta 0.640495 seg.
Fri Jan 6 11:46:36 BOT 2012: Ajax->Mostrar Ranking:  
Fri Jan 6 11:46:36 BOT 2012: Ajax-> Cerrar session: msisdn:78400943 
Fri Jan 6 11:46:42 BOT 2012: ASYNC -> STATS> Tiempo respuesta 0.005722 seg.
Fri Jan 6 11:47:21 BOT 2012: Mostrar Cantidad reproducciones: tono:104561 cantidad: 0
Fri Jan 6 11:49:58 BOT 2012: Busqueda Inteligente: 
Fri Jan 6 11:50:04 BOT 2012: Mostrar Album: >albumes/ivete Madison Square G.jpg
Fri Jan 6 11:51:07 BOT 2012: ASYNC -> STATS> Tiempo respuesta 0.003273 seg.
Fri Jan 6 11:52:25 BOT 2012: Ajax->Mostrar Megusta:  
Fri Jan 6 11:52:58 BOT 2012: Ajax-> Mostrar Ranking > tono:104837 
Fri Jan 6 11:53:04 BOT 2012: Ajax->Mostrar Nombre Genero:  
Fri Jan 6 11:54:36 BOT 2012: STATS > BUSQUEDA DE BACKTONE >Tiempo: 0.051007 seg. | registros: 60
Fri Jan 6 11:55:00 BOT 2012: Ajax->Mostrar Ranking:  
Fri Jan 6 11:55:34 BOT 2012: Consulta de precio de reason:2 - msisdn: tono:102741 Async responde:350
 
Fri Jan 6 11:55:37 BOT 2012: Ajax->Mostrar Nombre Genero:  
Fri Jan 6 11:55:47 BOT 2012: Ajax->Mostrar Comentarios:  
Fri Jan 6 12:01:59 BOT 2012: Session Start>  Chequeo de sesion
Fri Jan 6 12:02:26 BOT 2012: ASYNC -> STATS> Tiempo respuesta 0.92229 seg.
Fri Jan 6 12:03:39 BOT 2012: Ajax->Mostrar Reproducciones:  
Fri Jan 6 12:03:45 BOT 2012: Ajax->Mostrar Nombre Genero:  
Fri Jan 6 12:04:48 BOT 2012: Ajax->Mostrar Reproducciones:  
Fri Jan 6 12:07:00 BOT 2012: Ajax->Mostrar Reproducciones:  
Fri Jan 6 12:07:03 BOT 2012: Asignar backtone escuchado > Asi termino:130804,130802,104458,135087,103494,134,104527,130806,103665,104753,104752,127293,130799,130801,135046,103099,103502,103667,135275,135050,
Fri Jan 6 12:07:36 BOT 2012: Asignar backtone escuchado > Asi termino:142624,142628,142622,135067,138309,135095,103247,109916,130804,130802,104458,135087,103494,134,104527,130806,103665,104753,104752,127293,
Fri Jan 6 12:08:45 BOT 2012: Ajax->Mostrar Imagen Portada:  
Fri Jan 6 12:08:51 BOT 2012: Ajax->Mostrar Imagen Portada:  
Fri Jan 6 12:09:18 BOT 2012: Mostrar Cantidad reproducciones: tono:142527 cantidad: 0
Fri Jan 6 12:09:30 BOT 2012: Mostrar Ranking: tono:104999 calificacion: 
Fri Jan 6 12:09:45 BOT 2012: ASYNC -> STATS> Tiempo respuesta 0.131324 seg.
Fri Jan 6 12:09:51 BOT 2012: Ajax->Mostrar Ranking:  
Fri Jan 6 12:10:52 BOT 2012: ASYNC -> STATS> Tiempo respuesta -0.689435 seg.
Fri Jan 6 12:10:58 BOT 2012: ASYNC -> STATS> Tiempo respuesta -0.596022 seg.
Fri Jan 6 12:11:01 BOT 2012: ASYNC -> STATS> Tiempo respuesta 0.012048 seg.
Fri Jan 6 12:11:04 BOT 2012: ASYNC -> STATS> Tiempo respuesta -0.176938 seg.
Fri Jan 6 12:15:52 BOT 2012: Ajax-> Mostrar Ranking > tono:142527 
Fri Jan 6 12:17:16 BOT 2012: Session Start>  session por defecto 
Fri Jan 6 12:19:14 BOT 2012: ASYNC -> STATS> Tiempo respuesta -0.022107 seg.
Fri Jan 6 12:19:17 BOT 2012: Ajax->Mostrar Megusta:  
Fri Jan 6 12:20:08 BOT 2012: Ajax->Mostrar Comentarios:  
Fri Jan 6 12:23:53 BOT 2012: ASYNC -> STATS> Tiempo respuesta 0.694231 seg.
Fri Jan 6 12:27:36 BOT 2012: Ajax-> Mostrar  Nombre Genero > tono:135279 
Fri Jan 6 12:28:06 BOT 2012: Session Start>  Chequeo de sesion
Fri Jan 6 12:29:39 BOT 2012: Ajax->Mostrar Megusta:  
Fri Jan 6 12:30:39 BOT 2012: Asignar backtone escuchado > Asi termino:109262,137817,105813,104981,137824,137820,137822,
Fri Jan 6 12:33:55 BOT 2012: ASYNC -> STATS> Tiempo respuesta -0.509648 seg.
Fri Jan 6 12:36:13 BOT 2012: Ajax->Mostrar Megusta:  
Fri Jan 6 12:37:01 BOT 2012: Ajax->Mostrar Nombre Genero:  
Fri Jan 6 12:39:14 BOT 2012: Ajax-> Mostrar  Imagen Portada> Album:albumes/Angela Leiva-Angela.jpg
Fri Jan 6 12:40:35 BOT 2012: Error al consultar precio de renovacion - msisdn:75243093 tono:118725 - Async responde -3
Fri Jan 6 12:46:00 BOT 2012: Ajax->Mostrar Reproducciones:  
Fri Jan 6 12:50:57 BOT 2012: Ajax->Mostrar Reproducciones:  
Fri Jan 6 12:52:15 BOT 2012: Ajax->Mostrar Megusta:  
Fri Jan 6 12:56:22 BOT 2012: Ajax->Mostrar Megusta:  
Fri Jan 6 12:56:52 BOT 2012: Ajax-> Mostrar Ranking > tono:141124 
Fri Jan 6 12:59:11 BOT 2012: Session Start>  session por defecto 
Fri Jan 6 13:01:38 BOT 2012: Asignar backtone escuchado > Asi termino:105005,142527,
Fri Jan 6 13:06:24 BOT 2012: Ajax->Mostrar Reproducciones:  
Fri Jan 6 13:06:39 BOT 2012: Mostrar Ranking: tono:141116 calificacion: 
Fri Jan 6 13:11:39 BOT 2012: ASYNC -> STATS> Tiempo respuesta 0.007722 seg.
Fri Jan 6 13:13:40 BOT 2012: Ajax->Mostrar Nombre Artista:  
Fri Jan 6 13:16:58 BOT 2012: Ajax->Mostrar Comentarios:  
Fri Jan 6 13:19:40 BOT 2012: Mostrar Megusta > tono: 102873 msisdn:76540750 > cantidad de registros: 0
Fri Jan 6 13:21:11 BOT 2012: Asignar backtone escuchado > Asi termino:117840,109654,127787,109889,110373,140810,120248,142632,131812,140821,103584,104260,82,103328,102622,509,105276,135274,130806,123010,
Fri Jan 6 13:22:32 BOT 2012: Ajax->Mostrar Megusta:  
Fri Jan 6 13:26:08 BOT 2012: ASYNC -> STATS> Tiempo respuesta 0.578089 seg.
Fri Jan 6 13:26:23 BOT 2012: Busqueda Inteligente: 
Fri Jan 6 13:27:08 BOT 2012: Ajax->Mostrar Reproducciones:  
Fri Jan 6 13:32:42 BOT 2012: Ajax-> Mostrar Ranking > tono:142527 
Fri Jan 6 13:35:46 BOT 2012: Ajax->Mostrar Comentarios:  
Fri Jan 6 13:35:55 BOT 2012: Ajax-> Mostrar Megusta> tono:105549 
Fri Jan 6 13:36:37 BOT 2012: Asignar backtone escuchado > Asi termino:105262,105549,105093,142913,105548,131003,130999,139958,118744,118725,104528,105422,104280,126486,133878,104347,98,129426,104604,
Fri Jan 6 13:40:31 BOT 2012: Ajax->Mostrar Nombre Genero:  
Fri Jan 6 13:41:58 BOT 2012: ASYNC -> STATS> Tiempo respuesta 0.633062 seg.
Fri Jan 6 13:45:50 BOT 2012: Ajax->Mostrar Nombre Genero:  
Fri Jan 6 13:46:14 BOT 2012: Ajax->Mostrar Megusta:  
Fri Jan 6 13:46:53 BOT 2012: Asignar backtone escuchado > Asi termino:104147,102741,103685,104523,104133,103533,104447,104547,104535,104533,104528,104507,104522,104510,104508,102622,103827,104991,103147,
Fri Jan 6 13:48:32 BOT 2012: Check Session > msisdn: 76812809 > Usuario Valido 
Fri Jan 6 13:48:35 BOT 2012: Ajax->Mostrar Ranking:  
Fri Jan 6 13:49:27 BOT 2012: Busqueda Inteligente: Don Omar
Fri Jan 6 13:49:33 BOT 2012: Ajax->Mostrar Ranking:  
Fri Jan 6 13:50:45 BOT 2012: Busqueda Inteligente: resultados >131722
Fri Jan 6 13:51:03 BOT 2012: ASYNC -> STATS> Tiempo respuesta 0.010216 seg.
Fri Jan 6 13:51:24 BOT 2012: Consulta de precio de reason:2 - msisdn: tono:142632 Async responde:350
 
Fri Jan 6 13:51:24 BOT 2012: ASYNC -> STATS> Tiempo respuesta -0.125742 seg.
Fri Jan 6 13:51:24 BOT 2012: ASYNC -> STATS> Tiempo respuesta 0.003132 seg.
Fri Jan 6 13:51:27 BOT 2012: Consulta de precio de reason:3 - msisdn:76812809 tono:109317 Async responde:350
 
Fri Jan 6 13:52:18 BOT 2012: Ajax->Mostrar Megusta:  
Fri Jan 6 13:52:27 BOT 2012: ASYNC -> STATS> Tiempo respuesta 0.332072 seg.
Fri Jan 6 13:52:33 BOT 2012: ASYNC -> STATS> Tiempo respuesta -0.004958 seg.
Fri Jan 6 13:52:36 BOT 2012: ASYNC -> STATS> Tiempo respuesta 0.119008 seg.
Fri Jan 6 13:53:06 BOT 2012: Ajax->Mostrar Megusta:  
Fri Jan 6 13:53:42 BOT 2012: Ajax-> Mostrar  Nombre Genero > tono:131821 
Fri Jan 6 13:54:36 BOT 2012: Ajax-> Mostrar Megusta> tono:127759 
Fri Jan 6 13:55:13 BOT 2012: ASYNC -> STATS> Tiempo respuesta -0.12558 seg.
Fri Jan 6 13:55:16 BOT 2012: ASYNC -> STATS> Tiempo respuesta -0.447705 seg.
Fri Jan 6 13:55:19 BOT 2012: ASYNC -> STATS> Tiempo respuesta -0.457939 seg.
Fri Jan 6 13:56:19 BOT 2012: Mostrar Cantidad reproducciones: tono:133698 cantidad: 0
Fri Jan 6 13:57:25 BOT 2012: Ajax->Mostrar Ranking:  
Fri Jan 6 13:58:31 BOT 2012: ASYNC -> STATS> Tiempo respuesta 0.002293 seg.
Fri Jan 6 13:58:58 BOT 2012: Ajax->Mostrar Nombre Genero:  
Fri Jan 6 14:05:14 BOT 2012: Ajax-> Mostrar Ranking > tono:126470 
Fri Jan 6 14:10:12 BOT 2012: Ajax->Mostrar Nombre Genero:  
Fri Jan 6 14:11:51 BOT 2012: Busqueda Inteligente: resultados >136192
Fri Jan 6 14:11:57 BOT 2012: Ajax-> Mostrar Ranking > tono:110218 
Fri Jan 6 14:14:09 BOT 2012: Ajax->Mostrar Imagen Portada:  
Fri Jan 6 14:14:15 BOT 2012: Ajax->Mostrar Imagen Portada:  
Fri Jan 6 14:14:39 BOT 2012: Ajax-> Mostrar Ranking > tono:112462 
Fri Jan 6 14:15:28 BOT 2012: ASYNC -> STATS> Tiempo respuesta 0.007603 seg.
Fri Jan 6 14:15:31 BOT 2012: Consulta de precio de reason:2 - msisdn: tono:136246 Async responde:350
 
Fri Jan 6 14:15:31 BOT 2012: ASYNC -> STATS> Tiempo respuesta -0.924476 seg.
Fri Jan 6 14:15:34 BOT 2012: ASYNC -> STATS> Tiempo respuesta -0.012646 seg.
Fri Jan 6 14:16:49 BOT 2012: Ajax->Mostrar Ranking:  
Fri Jan 6 14:21:34 BOT 2012: Ajax->Mostrar Comentarios:  
Fri Jan 6 14:21:49 BOT 2012: ASYNC -> STATS> Tiempo respuesta 0.010274 seg.
Fri Jan 6 14:22:04 BOT 2012: Ajax->Mostrar Megusta:  
Fri Jan 6 14:22:32 BOT 2012: Ajax-> Mostrar Ranking > tono:104670 
Fri Jan 6 14:23:26 BOT 2012: Ajax-> Mostrar  Nombre Artista > tono:102773 
Fri Jan 6 14:26:02 BOT 2012: Ajax->Mostrar Nombre Genero:  
Fri Jan 6 14:26:02 BOT 2012: Ajax->Mostrar Nombre Genero:  
Fri Jan 6 14:26:26 BOT 2012: Ajax-> Mostrar  Imagen Portada> tono:107582 
Fri Jan 6 14:28:20 BOT 2012: Ajax->Mostrar Comentarios:  
Fri Jan 6 14:28:47 BOT 2012: ASYNC -> STATS> Tiempo respuesta 0.771177 seg.
Fri Jan 6 14:28:53 BOT 2012: Asignar backtone escuchado > Asi termino:104212,126489,102897,102774,102883,102882,131760,102881,102773,104290,105082,104304,105095,103189,102784,102782,102781,104211,
Fri Jan 6 14:30:06 BOT 2012: Ajax-> Mostrar  Nombre Artista > tono:102710 
Fri Jan 6 14:32:06 BOT 2012: Ajax-> Mostrar  Imagen Portada> tono:104177 
Fri Jan 6 14:32:27 BOT 2012: Ajax-> Mostrar Ranking > tono:102790 
Fri Jan 6 14:33:42 BOT 2012: ASYNC -> STATS> Tiempo respuesta 0.15075 seg.
Fri Jan 6 14:34:39 BOT 2012: Ajax->Mostrar Imagen Portada:  
Fri Jan 6 14:35:15 BOT 2012: Ajax->Mostrar Comentarios:  
Fri Jan 6 14:35:15 BOT 2012: Ajax->Mostrar Ranking:  
Fri Jan 6 14:35:15 BOT 2012: Ajax->Mostrar Ranking:  
Fri Jan 6 14:35:15 BOT 2012: Ajax->Mostrar Ranking:  
Fri Jan 6 14:35:33 BOT 2012: Asignar backtone escuchado > Asi termino:131765,131764,131762,131758,131757,127400,127376,122287,137972,142527,
Fri Jan 6 14:35:45 BOT 2012: Ajax-> Mostrar Ranking > tono:131767 
Fri Jan 6 14:36:03 BOT 2012: Ajax-> Mostrar  Nombre Artista > tono:103654 
Fri Jan 6 14:36:34 BOT 2012: Mostrar Album: >Artista:  <a href='index.php?seccion=playlist&autor=564'>Gloria Estefan</a>
Fri Jan 6 14:37:43 BOT 2012: Ajax-> Mostrar  Imagen Portada> Album:Artista:  <a href='index.php?seccion=playlist&autor=1289'>Jesus Adrian Romero</a>
Fri Jan 6 14:39:25 BOT 2012: Ajax->Mostrar Reproducciones:  
Fri Jan 6 14:39:25 BOT 2012: Ajax->Mostrar Reproducciones:  
Fri Jan 6 14:39:28 BOT 2012: Ajax->Mostrar Nombre Genero:  
Fri Jan 6 14:40:40 BOT 2012: Ajax-> Mostrar  Nombre Genero > tono:107788 
Fri Jan 6 14:40:58 BOT 2012: Ajax->Mostrar Ranking:  
Fri Jan 6 14:41:16 BOT 2012: Ajax->Mostrar Reproducciones:  
Fri Jan 6 14:41:37 BOT 2012: Ajax-> Mostrar Ranking > tono:123519 
Fri Jan 6 14:41:37 BOT 2012: Ajax-> Mostrar Ranking > tono:125490 
Fri Jan 6 14:43:32 BOT 2012: Ajax-> Mostrar Ranking > tono:142230 
Fri Jan 6 14:43:32 BOT 2012: ASYNC -> STATS> Tiempo respuesta -0.261024 seg.
Fri Jan 6 14:43:35 BOT 2012: Ajax->Mostrar Ranking:  
Fri Jan 6 14:43:56 BOT 2012: Ajax-> Mostrar Ranking > tono:103940 
Fri Jan 6 14:44:08 BOT 2012: Ajax-> Mostrar Megusta> tono:104960 
Fri Jan 6 14:44:56 BOT 2012: Ajax->Mostrar Nombre Genero:  
Fri Jan 6 14:45:41 BOT 2012: Ajax->Mostrar Imagen Portada:  
Fri Jan 6 14:48:56 BOT 2012: WEB REPROD BUSQ > Facebook link: http%3A%2F%2Fbacktones.tigo.com.bo%2Fv3%2Findex.php%3Fseccion%3Dplaylist%26search%3Delectronicas%26f%3D1%26t%3D123213
Fri Jan 6 14:49:11 BOT 2012: STATS > BUSQUEDA DE BACKTONE >Tiempo: 0.507412 seg. | registros: 1
Fri Jan 6 14:50:57 BOT 2012: ASYNC -> STATS> Tiempo respuesta 0.003358 seg.
Fri Jan 6 14:51:09 BOT 2012: ASYNC -> STATS> Tiempo respuesta 0.00741 seg.
Fri Jan 6 14:52:51 BOT 2012: Asignar backtone escuchado > Asi termino:120250,140810,120248,142632,141835,139303,106382,142225,142220,142168,140808,141918,140826,141833,142273,142166,139723,140825,140823,137882,
Fri Jan 6 14:54:06 BOT 2012: ASYNC -> STATS> Tiempo respuesta -0.14577 seg.
Fri Jan 6 14:54:24 BOT 2012: Consulta de precio de reason:3 - msisdn: tono:105811 Async responde:350
 
Fri Jan 6 14:54:24 BOT 2012: Consulta de precio de reason:3 - msisdn: tono:142527 Async responde:350
 
Fri Jan 6 14:55:54 BOT 2012: Ajax->Mostrar Comentarios:  
Fri Jan 6 14:56:06 BOT 2012: Ajax->Mostrar Ranking:  
Fri Jan 6 14:58:16 BOT 2012: ASYNC -> STATS> Tiempo respuesta 0.018193 seg.
Fri Jan 6 15:01:13 BOT 2012: Mostrar Album: >albumes/JLO LOVE.jpg
Fri Jan 6 15:01:58 BOT 2012: Session Start>  session por defecto 
Fri Jan 6 15:04:59 BOT 2012: STATS > BUSQUEDA DE BACKTONE >Tiempo: -0.023749 seg. | registros: 105
Fri Jan 6 15:06:05 BOT 2012: ASYNC -> STATS> Tiempo respuesta 0.005936 seg.
Fri Jan 6 15:06:50 BOT 2012: WEB_REPRODUCIR_BUSQUEDA > Se recibieron:94 tonos
Fri Jan 6 15:08:38 BOT 2012: Ajax->Mostrar Megusta:  
Fri Jan 6 15:11:54 BOT 2012: Ajax->Mostrar Nombre Genero:  
Fri Jan 6 15:12:06 BOT 2012: Ajax->Mostrar Ranking:  
Fri Jan 6 15:12:15 BOT 2012: Ajax->Mostrar Ranking:  
Fri Jan 6 15:12:15 BOT 2012: Ajax->Mostrar Nombre Genero:  
Fri Jan 6 15:12:21 BOT 2012: Error al consultar precio de renovacion - msisdn: tono:131819 - Async responde -3
Fri Jan 6 15:12:21 BOT 2012: ASYNC -> STATS> Tiempo respuesta 0.004801 seg.
Fri Jan 6 15:12:24 BOT 2012: Consulta de precio de reason:10 - msisdn:77082570 tono:595 Async responde:350
 
Fri Jan 6 15:13:09 BOT 2012: Ajax->Mostrar Nombre Artista:  
Fri Jan 6 15:15:09 BOT 2012: ASYNC -> STATS> Tiempo respuesta 0.009779 seg.
Fri Jan 6 15:16:24 BOT 2012: Ajax->Mostrar Ranking:  
Fri Jan 6 15:21:16 BOT 2012: Ajax->Mostrar Nombre Genero:  
Fri Jan 6 15:22:46 BOT 2012: Busqueda Inteligente: sin ley
Fri Jan 6 15:23:07 BOT 2012: LISTAR_MODO_ROTACION_BACTONES > usuario: 76461699  modo:4 
Fri Jan 6 15:24:25 BOT 2012: ASYNC -> STATS> Tiempo respuesta 0.012511 seg.
Fri Jan 6 15:26:02 BOT 2012: Ajax-> Mostrar  Nombre Artista > tono:103935 
Fri Jan 6 15:26:44 BOT 2012: Busqueda Inteligente: Alex Campos
Fri Jan 6 15:28:08 BOT 2012: Ajax->Mostrar Ranking:  
Fri Jan 6 15:29:08 BOT 2012: Ajax-> Login Usuario msisdn: 76396667  pin:5914 > Validar msisdn
Fri Jan 6 15:30:20 BOT 2012: Consulta de precio de reason:3 - msisdn: tono:109973 Async responde:350
 
Fri Jan 6 15:31:08 BOT 2012: Ajax->Mostrar Nombre Genero:  
Fri Jan 6 15:31:14 BOT 2012: Ajax->Mostrar Imagen Portada:  
Fri Jan 6 15:34:15 BOT 2012: Ajax->Mostrar Comentarios:  
Fri Jan 6 15:40:43 BOT 2012: ASYNC -> STATS> Tiempo respuesta -0.385516 seg.
Fri Jan 6 15:40:46 BOT 2012: ASYNC -> STATS> Tiempo respuesta -0.026958 seg.
Fri Jan 6 15:40:46 BOT 2012: Ajax->Mostrar Reproducciones:  
Fri Jan 6 15:41:34 BOT 2012: Ajax->Mostrar Imagen Portada:  
Fri Jan 6 15:41:58 BOT 2012: Ajax-> Mostrar Megusta> tono:105746 
Fri Jan 6 15:42:55 BOT 2012: Busqueda Inteligente: resultados >105746
Fri Jan 6 15:43:37 BOT 2012: Check Session > msisdn: 75919110 > Usuario Valido 
Fri Jan 6 15:43:40 BOT 2012: Ajax->Mostrar Comentarios:  
Fri Jan 6 15:44:52 BOT 2012: Busqueda Inteligente: resultados >492
Fri Jan 6 15:46:13 BOT 2012: ASYNC -> STATS> Tiempo respuesta 0.001565 seg.
Fri Jan 6 15:46:13 BOT 2012: Ajax-> Mostrar Ranking > tono:124025 
Fri Jan 6 15:47:35 BOT 2012: Ajax-> Mostrar Comentarios> tono:134683 
Fri Jan 6 15:48:08 BOT 2012: Mostrar Album: >Artista:  <a href='index.php?seccion=playlist&autor=223'>A Banda Sombra</a>
Fri Jan 6 15:48:23 BOT 2012: Ajax->Mostrar Megusta:  
Fri Jan 6 15:49:35 BOT 2012: Ajax-> Mostrar  Imagen Portada> Album:Artista:  <a href='index.php?seccion=playlist&autor=1485'>Hans y Chivo</a>
Fri Jan 6 15:49:35 BOT 2012: ASYNC -> STATS> Tiempo respuesta 0.007959 seg.
Fri Jan 6 15:53:57 BOT 2012: Ajax->Mostrar Reproducciones:  
Fri Jan 6 15:55:12 BOT 2012: Ajax-> Mostrar Ranking > tono:135682 
Fri Jan 6 15:57:09 BOT 2012: Ajax->Mostrar Nombre Artista:  
Fri Jan 6 15:57:45 BOT 2012: Ajax-> Mostrar Ranking > tono:105002 
Fri Jan 6 16:00:52 BOT 2012: Ajax->Mostrar Reproducciones:  
Fri Jan 6 16:02:28 BOT 2012: Ajax->Mostrar Imagen Portada:  
Fri Jan 6 16:02:28 BOT 2012: Ajax-> Mostrar  Nombre Genero > tono:131048 
Fri Jan 6 16:02:46 BOT 2012: Ajax-> Mostrar  Nombre Artista > tono:116504 
Fri Jan 6 16:02:46 BOT 2012: Ajax->Mostrar Megusta:  
Fri Jan 6 16:03:04 BOT 2012: Ajax->Mostrar Nombre Artista:  
Fri Jan 6 16:03:34 BOT 2012: ASYNC -> STATS> Tiempo respuesta 0.00195 seg.
Fri Jan 6 16:06:07 BOT 2012: Ajax->Mostrar Ranking:  
Fri Jan 6 16:07:04 BOT 2012: Busqueda Inteligente: resultados >104798
Fri Jan 6 16:07:16 BOT 2012: ASYNC -> STATS> Tiempo respuesta 0.009477 seg.
Fri Jan 6 16:07:19 BOT 2012: Ajax->Mostrar Nombre Artista:  
Fri Jan 6 16:10:47 BOT 2012: Ajax-> Mostrar  Nombre Genero > tono:141881 
Fri Jan 6 16:16:12 BOT 2012: Ajax->Mostrar Nombre Genero:  
Fri Jan 6 16:16:12 BOT 2012: Ajax->Mostrar Nombre Genero:  
Fri Jan 6 16:19:00 BOT 2012: Ajax-> Mostrar  Nombre Artista > tono:104180 
Fri Jan 6 16:19:21 BOT 2012: Ajax-> Mostrar Ranking > tono:103428 
Fri Jan 6 16:21:57 BOT 2012: ASYNC -> STATS> Tiempo respuesta 0.086005 seg.
Fri Jan 6 16:21:57 BOT 2012: ASYNC -> STATS> Tiempo respuesta -0.024615 seg.
Fri Jan 6 16:25:28 BOT 2012: Ajax->Mostrar Nombre Genero:  
Fri Jan 6 16:26:55 BOT 2012: Ajax->Mostrar Ranking:  
Fri Jan 6 16:27:28 BOT 2012: ASYNC -> STATS> Tiempo respuesta 0.005267 seg.
Fri Jan 6 16:27:52 BOT 2012: Busqueda Inteligente: 
Fri Jan 6 16:33:11 BOT 2012: Busqueda Inteligente: Tigo plus
Fri Jan 6 16:33:23 BOT 2012: Ajax->Mostrar Nombre Genero:  
Fri Jan 6 16:33:53 BOT 2012: Busqueda Inteligente: resultados >118730
Fri Jan 6 16:38:39 BOT 2012: ASYNC -> STATS> Tiempo respuesta 0.007977 seg.
Fri Jan 6 16:42:33 BOT 2012: Mostrar Megusta > tono: 105000 msisdn:76033375 > cantidad de registros: 0
Fri Jan 6 16:47:28 BOT 2012: ASYNC -> STATS> Tiempo respuesta 0.00565 seg.
Fri Jan 6 16:47:37 BOT 2012: Ajax->Mostrar Nombre Artista:  
Fri Jan 6 16:47:52 BOT 2012: Asignar backtone escuchado > Asi termino:53,78,129217,103068,125516,133407,133402,133411,137232,105283,105280,137235,105267,105278,4,105277,105271,105268,105273,105284,
Fri Jan 6 16:50:46 BOT 2012: Ajax->Mostrar Reproducciones:  
Fri Jan 6 16:51:55 BOT 2012: Ajax-> Compra de backtone msisdn: 76384648  tono:
Fri Jan 6 16:52:53 BOT 2012: Ajax->Mostrar Nombre Genero:  
Fri Jan 6 16:53:23 BOT 2012: Ajax-> Mostrar Ranking > tono:103714 
Fri Jan 6 16:54:05 BOT 2012: Ajax-> Mostrar Ranking > tono:137285 
Fri Jan 6 16:55:11 BOT 2012: Mostrar Album: >albumes/album-default.jpg
Fri Jan 6 17:03:33 BOT 2012: ASYNC -> STATS> Tiempo respuesta 0.379189 seg.
Fri Jan 6 17:03:48 BOT 2012: ASYNC -> STATS> Tiempo respuesta -0.129406 seg.
Fri Jan 6 17:03:51 BOT 2012: Mostrar Cantidad reproducciones: tono:103798 cantidad: 0
Fri Jan 6 17:03:51 BOT 2012: Ajax->Mostrar Imagen Portada:  
Fri Jan 6 17:04:03 BOT 2012: Ajax-> Mostrar Ranking > tono:386 
Fri Jan 6 17:06:03 BOT 2012: Ajax->Mostrar Megusta:  
Fri Jan 6 17:06:16 BOT 2012: Asignar backtone escuchado > Asi termino:142527,141881,141880,105988,604,322,386,105986,103477,103476,103478,103475,103793,276,509,
Fri Jan 6 17:06:19 BOT 2012: Ajax->Mostrar Megusta:  
Fri Jan 6 17:06:31 BOT 2012: Ajax->Mostrar Nombre Genero:  
Fri Jan 6 17:06:37 BOT 2012: Ajax-> Mostrar  Nombre Genero > tono:102777 
Fri Jan 6 17:07:25 BOT 2012: Ajax->Mostrar Imagen Portada:  
Fri Jan 6 17:10:22 BOT 2012: Busqueda Inteligente: 
Fri Jan 6 17:11:37 BOT 2012: Ajax->Mostrar Ranking:  
Fri Jan 6 17:11:40 BOT 2012: Ajax->Mostrar Ranking:  
Fri Jan 6 17:13:05 BOT 2012: Ajax-> Mostrar  Nombre Artista > tono:126162 
Fri Jan 6 17:13:05 BOT 2012: Ajax->Mostrar Nombre Artista:  
Fri Jan 6 17:13:20 BOT 2012: Ajax-> Mostrar  Imagen Portada> tono:135285 
Fri Jan 6 17:14:35 BOT 2012: Asignar backtone escuchado > Asi termino:128604,103789,103591,103786,104794,105096,
Fri Jan 6 17:15:35 BOT 2012: ASYNC -> STATS> Tiempo respuesta 0.007375 seg.
Fri Jan 6 17:17:14 BOT 2012: Busqueda Inteligente: resultados >103767
Fri Jan 6 17:18:23 BOT 2012: Ajax-> Mostrar  Imagen Portada> tono:107794 
Fri Jan 6 17:18:41 BOT 2012: Busqueda Inteligente: resultados >126228
Fri Jan 6 17:19:14 BOT 2012: Ajax->Mostrar Reproducciones:  
Fri Jan 6 17:20:05 BOT 2012: Ajax-> Mostrar  Nombre Artista > tono:134027 
Fri Jan 6 17:20:24 BOT 2012: Ajax-> Mostrar Comentarios> tono:139958 
Fri Jan 6 17:20:39 BOT 2012: Ajax-> Mostrar  Nombre Genero > tono:134029 
Fri Jan 6 17:21:18 BOT 2012: Ajax-> Mostrar  Imagen Portada> tono:107780 
Fri Jan 6 17:23:18 BOT 2012: ASYNC -> STATS> Tiempo respuesta 0.012404 seg.
Fri Jan 6 17:23:30 BOT 2012: Ajax->Mostrar Nombre Genero:  
Fri Jan 6 17:25:18 BOT 2012: Ajax->Mostrar Ranking:  
Fri Jan 6 17:26:06 BOT 2012: Ajax->Mostrar Comentarios:  
Fri Jan 6 17:27:06 BOT 2012: Ajax->Mostrar Nombre Artista:  
Fri Jan 6 17:27:09 BOT 2012: Ajax-> Mostrar Ranking > tono:134015 
Fri Jan 6 17:27:43 BOT 2012: Ajax->Mostrar Megusta:  
Fri Jan 6 17:27:52 BOT 2012: ASYNC -> STATS> Tiempo respuesta -0.016256 seg.
Fri Jan 6 17:27:55 BOT 2012: Ajax->Mostrar Nombre Artista:  
Fri Jan 6 17:27:55 BOT 2012: Ajax-> Mostrar Ranking > tono:105000 
Fri Jan 6 17:28:01 BOT 2012: ASYNC -> STATS> Tiempo respuesta 0.023943 seg.
Fri Jan 6 17:30:01 BOT 2012: ASYNC -> STATS> Tiempo respuesta 0.0046 seg.
Fri Jan 6 17:30:58 BOT 2012: Busqueda Inteligente: resultados >104554
Fri Jan 6 17:32:40 BOT 2012: Ajax-> Mostrar  Nombre Artista > tono:136251 
Fri Jan 6 17:33:01 BOT 2012: Ajax->Mostrar Imagen Portada:  
Fri Jan 6 17:33:34 BOT 2012: Ajax->Mostrar Nombre Artista:  
Fri Jan 6 17:33:37 BOT 2012: Session Start>  session por defecto 
Fri Jan 6 17:34:41 BOT 2012: Asignar backtone escuchado > Asi termino:103997,247,413,109227,103521,125517,103939,105513,133792,133794,104831,133432,104830,109256,110179,628,104174,135156,133412,131616,
Fri Jan 6 17:34:50 BOT 2012: Ajax-> Mostrar Ranking > tono:104357 
Fri Jan 6 17:37:02 BOT 2012: Ajax-> Mostrar Ranking > tono:127275 
Fri Jan 6 17:38:35 BOT 2012: Ajax->Mostrar Reproducciones:  
Fri Jan 6 17:42:30 BOT 2012: Ajax->Mostrar Comentarios:  
Fri Jan 6 17:43:06 BOT 2012: Ajax->Mostrar Comentarios:  
Fri Jan 6 17:43:18 BOT 2012: ASYNC -> STATS> Tiempo respuesta 0.006787 seg.
Fri Jan 6 17:44:15 BOT 2012: Ajax->Mostrar Megusta:  
Fri Jan 6 17:44:30 BOT 2012: STATS > BUSQUEDA DE BACKTONE >Tiempo: 0.081287 seg. | registros: 114
Fri Jan 6 17:47:06 BOT 2012: Ajax->Mostrar Reproducciones:  
Fri Jan 6 17:48:36 BOT 2012: Ajax->Mostrar Comentarios:  
Fri Jan 6 17:48:49 BOT 2012: Session Start>  session por defecto 
Fri Jan 6 17:49:07 BOT 2012: Ajax->Mostrar Imagen Portada:  
Fri Jan 6 17:51:31 BOT 2012: Ajax->Actualizar pin usuario
Fri Jan 6 17:52:04 BOT 2012: ASYNC -> STATS> Tiempo respuesta 0.007196 seg.
Fri Jan 6 17:52:16 BOT 2012: Busqueda Inteligente: Resultado 
 130364;Goodbye;RKM & Ken y;Latinas
129927;Mas  ;RKM & Ken y;Reggaeton
133452;Mi Corazon Esta Muerto;RKM & Ken y;Reggaeton
133453;Mi Corazon Esta Muerto;RKM & Ken y;Reggaeton
105248;Mis dias sin ti remix;RKM & Ken y;Latinas
133454;Prefiero Morir;RKM & Ken y;Latinas
133859;Prefiero Morir Remix;RKM & Ken y;Reggaeton
133865;Te Doy Una Rosa;RKM & Ken y;Reggaeton
135674;Yo Se Feat Arthur Hanlon;RKM & Ken y;Latinas
128220;Lloras Feat RKM and Ken Y;Plan B;Reggaeton
120233;Me estas tentando W&Y;Wisin y Yandel;Reggaeton
130360;Hoy lo siento Opratel;Zion y Lennox Opratel;Mi Promo ConTigo
103682;Listen from the motion picture Dreamgirls;Beyonce;Pop
121499;Pablo Fernandez centro de asistencia gay;opratel;Promoción Te Matamos de Risa
102823;veni raquel;Autenticos decadentes;Latinas
104092;Hoy te vengo a bendecir;Jesus A Romero;Cristianas
104328;Si Ya No Estas;RKM;Latinas
104330;Tuve Un Sueno;RKM;Latinas
130986;Mi Amor Es Pobre Feat Ken Y and Arcangel;Tony Dize;Latinas
120971;The twelve days of Christmas;Kenny Garcia;Navidad
104165; Soy Tarateno;Banda Poopo;Carnaval
124025;A year without rain;Selena Gomez;Pop
107775;Isa Que tengas una llamada Increible-MTV ISA TKM;MTV;MTV
107785;Linda te Ensena a Bailar-MTV ISA TKM;MTV;MTV
102727;Enamorame;Jesus A Romero;Cristianas
123044;katy Karamelo;Kati Karamelo;Salsa y Merengue
104263;Levanten las manos;La Rama;Latinas
387;Nos Enamoramos;Agrupacion marilyn;Cumbia
104268;Ven devorame otra vez;Covertone;Latinas
128462;Y voy a ser feliz;Kati Karamelo;Salsa y Merengue
104195; Mi Fiel Promesa;Banda Juventud Centralistas de La Paz;Carnaval
109614;belen;Homero;Mi Promo ConTigo
104481;bolivia 6 argentina1;Gooool de Bolivia;Super Promo
137820;Buenas tardes jonichi;Hans y Chivo;Promoción Te Matamos de Risa
102870;calentando me voy;David Bisal;Latinas
131816;Dices Who Says Spanish Vrs;Selena Gomez;Pop
112466;esclavo de tu piel;Dyland Lenny;Reggaeton
124047;Ghost of you;Selena Gomez;Pop
133723;Helen Wheels;Paul McCartney;Pop
105045;Himno Cruceno vRock1;Glen Vargas;BICENTENARIO
105046;Himno Cruceno vRock2;Glen Vargas;BICENTENARIO
138643;Hoy Lo Siento Feat Tony  Dize;Zion and Lennox;Latinas
103769;Hoy Todo Es Mejor;ElencoHighSchoolMusical;Infantiles
112469;Intro My World ;Dyland Lenny;Reggaeton
135717;La Cita Ft Jowell y Randy;Zion and Lennox;Reggaeton
117853;Lenceria Hot;Play Boy;Play Boy
103116;Lento;Julieta Venegas;Pop
112470;Loco Bridge;Dyland Lenny;Reggaeton
103867;Los reyes magos;Coro Belen;Navidad
131824;Love You Like A Love Song;Selena Gomez;Pop
129922;Love You Now;Zion and Lennox;Latinas
109659;magdalena;Homero;Mi Promo ConTigo
131751;My Dilemma;Selena Gomez;Pop
112468;nadie te amaria como yo;Dyland Lenny;Reggaeton
109246;no voy a morir;Pipe Bueno;Vallenatos
112707;Quiere pa que te quieran;Dyland Lenny;Reggaeton
112706;Sexo en la disco ;Dyland Lenny;Reggaeton
109249;si yo fuera ladron;Pipe Bueno;Vallenatos
124065;Sick of you;Selena Gomez;Pop
135671;Silent Night Holy Night;Frank Sinatra;Navidad
129925;Soltera Feat J Balvi and Alberto Style;Zion and Lennox;Reggaeton
129271;Who says;Selena Gomez;Pop
103774;YaEsHoraDeBrillar;ElencoHighSchoolMusical;Infantiles
129920;Yo Soy Tu DJ;Zion and Lennox;Latinas
103775;YoSabia;ElencoHighSchoolMusical;Infantiles
104249;Agente 86 el sol y la luna;Version Opratel;Sonidos
104247;Agente 86 Jefe y Jaime;Version Opratel;Sonidos
104920;Agente 86 y el chino;Version Opratel;Sonidos
104921;Agente 86 y el dueno de casa;Version Opratel;Sonidos
105048;Agente 86 y el hombre invisible;Version Opratel;Sonidos
105049;Agente 86 y el jefe;Version Opratel;Sonidos
105050;Agente 86 y el Tarta;Version Opratel;Sonidos
104922;Agente 86 y el timbre;Version Opratel;Sonidos
105051;Agente 86 y la ambulancia;Version Opratel;Sonidos
104923;Agente 86 y la contestadora;Version Opratel;Sonidos
104924;Agente 86 y la pata;Version Opratel;Sonidos
104925;Agente 86 y la suegra;Version Opratel;Sonidos
104926;Agente 86 y los enanos;Version Opratel;Sonidos
105052;Agente 86 y Sigfrid;Version Opratel;Sonidos
104789;Amor Aventurero;Marc Anthony;Marc Anthony
105362;Su nombre en mi cuaderno;Makano feat. Josenid;Makano
103258;EmergencyOnPlanetEarth;Jamiroquai;Pop
104344;Enamorados salasa;Generico;Salsa y Merengue
133814;Gente Humilde;Yalo cuellar;Folklore
133815;Gente Humilde;Yalo cuellar;Folklore
130801;Hey Nah nah nah;Version Magenta;Electronicas
130799;H 
Fri Jan 6 17:52:22 BOT 2012: Ajax->Mostrar Imagen Portada:  
Fri Jan 6 17:52:49 BOT 2012: Ajax->Mostrar Nombre Genero:  
Fri Jan 6 17:53:01 BOT 2012: ASYNC -> STATS> Tiempo respuesta -0.342594 seg.
Fri Jan 6 17:53:01 BOT 2012: Ajax-> Mostrar Comentarios> tono:103451 
Fri Jan 6 17:53:22 BOT 2012: Ajax->Mostrar Imagen Portada:  
Fri Jan 6 17:53:40 BOT 2012: Mostrar Megusta > tono: 109604 msisdn:77565275 > cantidad de registros: 0
Fri Jan 6 17:54:37 BOT 2012: Ajax->Mostrar Nombre Genero:  
Fri Jan 6 17:55:44 BOT 2012: ASYNC -> STATS> Tiempo respuesta -0.38019 seg.
Fri Jan 6 17:55:50 BOT 2012: Asignar backtone escuchado > Asi termino:142628,142622,130808,142624,138309,130804,104752,130801,135046,103492,137970,135274,103667,135054,103666,135085,137086,103499,592,
Fri Jan 6 17:55:50 BOT 2012: Ajax->Mostrar Ranking:  
Fri Jan 6 17:55:50 BOT 2012: Ajax-> Mostrar Ranking > tono:103553 
Fri Jan 6 17:55:59 BOT 2012: ASYNC -> STATS> Tiempo respuesta -0.182202 seg.
Fri Jan 6 17:56:11 BOT 2012: ASYNC -> STATS> Tiempo respuesta -0.00466 seg.
Fri Jan 6 17:56:11 BOT 2012: ASYNC -> STATS> Tiempo respuesta -0.197674 seg.
Fri Jan 6 17:56:11 BOT 2012: Ajax->Mostrar Megusta:  
Fri Jan 6 17:56:11 BOT 2012: Ajax->Mostrar Comentarios:  
Fri Jan 6 17:57:59 BOT 2012: Ajax->Mostrar Nombre Artista:  
Fri Jan 6 17:59:32 BOT 2012: ASYNC -> STATS> Tiempo respuesta 0.215347 seg.
Fri Jan 6 18:00:23 BOT 2012: ASYNC -> STATS> Tiempo respuesta 0.528939 seg.
Fri Jan 6 18:05:36 BOT 2012: Ajax->Mostrar Imagen Portada:  
Fri Jan 6 18:07:03 BOT 2012: LISTAR_MODO_ROTACION_BACTONES > usuario: 77580084  modo:2 
Fri Jan 6 18:08:33 BOT 2012: Ajax->Mostrar Nombre Artista:  
Fri Jan 6 18:09:36 BOT 2012: Ajax-> Mostrar Megusta> tono:139965 
Fri Jan 6 18:10:19 BOT 2012: Ajax->Mostrar Imagen Portada:  
Fri Jan 6 18:13:22 BOT 2012: Session Start>  session por defecto 
Fri Jan 6 18:14:55 BOT 2012: Ajax-> Mostrar  Imagen Portada> tono:127769 
Fri Jan 6 18:15:19 BOT 2012: ASYNC -> STATS> Tiempo respuesta 0.113164 seg.
Fri Jan 6 18:15:34 BOT 2012: ASYNC -> STATS> Tiempo respuesta 0.525636 seg.
Fri Jan 6 18:16:01 BOT 2012: Ajax-> Mostrar  Nombre Genero > tono:140984 
Fri Jan 6 18:17:26 BOT 2012: Ajax->Mostrar Reproducciones:  
Fri Jan 6 18:17:29 BOT 2012: Ajax->Dessignar backtone fijo: msisdn:75905310   
Fri Jan 6 18:17:44 BOT 2012: STATS > BUSQUEDA DE BACKTONE >Tiempo: -0.897353 seg. | registros: 114
Fri Jan 6 18:19:38 BOT 2012: ASYNC -> STATS> Tiempo respuesta -0.001198 seg.
Fri Jan 6 18:22:23 BOT 2012: Ajax->Mostrar Ranking:  
Fri Jan 6 18:23:08 BOT 2012: STATS > BUSQUEDA DE BACKTONE >Tiempo: 0.297586 seg. | registros: 7
Fri Jan 6 18:24:36 BOT 2012: Checklogin > msisdn: 78456877 , pin:aa3K4mcs4Qd7s
Fri Jan 6 18:25:39 BOT 2012: Check Session > msisdn: 78222014 > Usuario Valido 
Fri Jan 6 18:25:45 BOT 2012: Consulta de precio de reason:10 - msisdn:75004713 tono:105033 Async responde:350
 
Fri Jan 6 18:26:36 BOT 2012: Ajax-> Mostrar  Nombre Genero > tono:577 
Fri Jan 6 18:26:39 BOT 2012: Ajax->Mostrar Comentarios:  
Fri Jan 6 18:26:42 BOT 2012: Ajax->Mostrar Ranking:  
Fri Jan 6 18:26:42 BOT 2012: Ajax->Mostrar Comentarios:  
Fri Jan 6 18:26:57 BOT 2012: Ajax->Mostrar Imagen Portada:  
Fri Jan 6 18:27:30 BOT 2012: Ajax->Mostrar Ranking:  
Fri Jan 6 18:27:48 BOT 2012: Ajax->Mostrar Imagen Portada:  
Fri Jan 6 18:29:00 BOT 2012: Ajax->Mostrar Nombre Genero:  
Fri Jan 6 18:30:12 BOT 2012: ASYNC -> STATS> Tiempo respuesta 0.006331 seg.
Fri Jan 6 18:30:30 BOT 2012: WEB_REPRODUCIR_BUSQUEDA > Se recibieron:114 tonos
Fri Jan 6 18:32:22 BOT 2012: Ajax-> Mostrar Comentarios> tono:122287 
Fri Jan 6 18:34:13 BOT 2012: ASYNC -> STATS> Tiempo respuesta 0.006853 seg.
Fri Jan 6 18:35:46 BOT 2012: ASYNC -> STATS> Tiempo respuesta 0.005274 seg.
Fri Jan 6 18:35:49 BOT 2012: Ajax-> Mostrar Megusta> tono:136190 
Fri Jan 6 18:35:49 BOT 2012: Ajax->Mostrar Comentarios:  
Fri Jan 6 18:40:05 BOT 2012: Ajax-> Mostrar Ranking > tono:104466 
Fri Jan 6 18:40:50 BOT 2012: ASYNC -> STATS> Tiempo respuesta 0.006377 seg.
Fri Jan 6 18:41:14 BOT 2012: Asignar backtone escuchado > Asi termino:133443,102813,140819,102812,102818,102817,131003,130809,130813,130811,131619,131650,131620,133727,106268,106273,114606,102814,103864,109503,
Fri Jan 6 18:41:44 BOT 2012: Ajax->Mostrar Ranking:  
Fri Jan 6 18:43:50 BOT 2012: ASYNC -> STATS> Tiempo respuesta 0.101119 seg.
Fri Jan 6 18:45:11 BOT 2012: ASYNC -> STATS> Tiempo respuesta 0.83916 seg.
Fri Jan 6 18:45:14 BOT 2012: ASYNC -> STATS> Tiempo respuesta 0.679235 seg.
Fri Jan 6 18:45:20 BOT 2012: Mostrar Ranking: tono:116500 calificacion: 
Fri Jan 6 18:45:23 BOT 2012: Ajax->Mostrar Imagen Portada:  
Fri Jan 6 18:45:35 BOT 2012: Ajax->Mostrar Comentarios:  
Fri Jan 6 18:45:44 BOT 2012: STATS > BUSQUEDA DE BACKTONE >Tiempo: 0.030543 seg. | registros: 1
Fri Jan 6 18:47:12 BOT 2012: Ajax->Mostrar Ranking:  
Fri Jan 6 18:49:48 BOT 2012: Ajax->Mostrar Comentarios:  
Fri Jan 6 18:52:24 BOT 2012: ASYNC -> STATS> Tiempo respuesta 0.782088 seg.
Fri Jan 6 18:54:19 BOT 2012: Asignar backtone escuchado > Asi termino:104244,104245,104246,104247,104248,104249,104147,103823,142912,127855,127787,134031,134032,103745,103821,103750,103748,105746,104447,105036,
Fri Jan 6 18:55:19 BOT 2012: Ajax->Mostrar Reproducciones:  
Fri Jan 6 18:56:10 BOT 2012: Ajax->Mostrar Nombre Genero:  
Fri Jan 6 18:56:55 BOT 2012: Check Session > msisdn: 77687389 > Usuario Valido 
Fri Jan 6 18:57:49 BOT 2012: Busqueda Inteligente: resultados >580
Fri Jan 6 18:59:10 BOT 2012: ASYNC -> STATS> Tiempo respuesta 0.536493 seg.
Fri Jan 6 18:59:58 BOT 2012: Ajax-> Mostrar Megusta> tono:133443 
Fri Jan 6 19:00:29 BOT 2012: Ajax-> Mostrar  Imagen Portada> tono:105033 
Fri Jan 6 19:01:05 BOT 2012: Ajax->Mostrar Imagen Portada:  
Fri Jan 6 19:03:08 BOT 2012: Ajax->Mostrar Ranking:  
Fri Jan 6 19:03:59 BOT 2012: Busqueda Inteligente: LMFAO
Fri Jan 6 19:05:47 BOT 2012: Mostrar Genero: >G&eacute;nero:  <a href='index.php?seccion=playlist&genero=132'>Pop</a>
Fri Jan 6 19:06:02 BOT 2012: Ajax-> Mostrar Ranking > tono:141881 
Fri Jan 6 19:06:47 BOT 2012: ASYNC -> STATS> Tiempo respuesta 0.747902 seg.
Fri Jan 6 19:06:56 BOT 2012: ASYNC -> STATS> Tiempo respuesta 0.012124 seg.
Fri Jan 6 19:08:36 BOT 2012: Ajax->Mostrar Comentarios:  
Fri Jan 6 19:09:09 BOT 2012: ASYNC -> STATS> Tiempo respuesta 0.004417 seg.
Fri Jan 6 19:09:21 BOT 2012: Asignar backtone escuchado > Asi termino:110342,133402,103937,128413,133776,133777,105343,104671,126209,105841,134013,133725,133770,133695,104837,126473,493,104283,131830,133756,
Fri Jan 6 19:09:36 BOT 2012: Session Start>  session por defecto 
Fri Jan 6 19:11:42 BOT 2012: ASYNC -> STATS> Tiempo respuesta 0.071592 seg.
Fri Jan 6 19:13:39 BOT 2012: Consulta de precio de reason:2 - msisdn: tono:122287 Async responde:350
 
Fri Jan 6 19:13:45 BOT 2012: Ajax->Mostrar Ranking:  
Fri Jan 6 19:13:45 BOT 2012: Ajax->Mostrar Nombre Artista:  
Fri Jan 6 19:14:27 BOT 2012: Ajax->Mostrar Ranking:  
Fri Jan 6 19:15:16 BOT 2012: Ajax->Mostrar Nombre Artista:  
Fri Jan 6 19:15:28 BOT 2012: Busqueda Inteligente: resultados >
Fri Jan 6 19:15:31 BOT 2012: Ajax->Mostrar Ranking:  
Fri Jan 6 19:15:34 BOT 2012: Ajax->Mostrar Ranking:  
Fri Jan 6 19:20:04 BOT 2012: WEB_REPRODUCIR_BUSQUEDA > Se recibieron:114 tonos
Fri Jan 6 19:23:20 BOT 2012: Asignar backtone escuchado > Asi termino:109317,246,109246,109238,109245,109243,449,109242,135727,104279,448,109314,102650,102693,103342,109240,104393,240,109322,103343,
Fri Jan 6 19:23:38 BOT 2012: Ajax-> Mostrar  Imagen Portada> tono:108557 
Fri Jan 6 19:24:14 BOT 2012: Ajax-> Mostrar Comentarios> tono:109247 
Fri Jan 6 19:25:29 BOT 2012: Ajax->Mostrar Imagen Portada:  
Fri Jan 6 19:28:05 BOT 2012: WEB_REPRODUCIR_BUSQUEDA > Se recibieron:1 tonos
Fri Jan 6 19:31:54 BOT 2012: Ajax->Mostrar Megusta:  
Fri Jan 6 19:32:57 BOT 2012: ASYNC -> STATS> Tiempo respuesta -0.170351 seg.
Fri Jan 6 19:33:24 BOT 2012: Ajax->Mostrar Ranking:  
Fri Jan 6 19:35:15 BOT 2012: Busqueda Inteligente: resultados >110704
Fri Jan 6 19:36:15 BOT 2012: ASYNC -> STATS> Tiempo respuesta 0.254519 seg.
Fri Jan 6 19:37:58 BOT 2012: Ajax->Mostrar Reproducciones:  
Fri Jan 6 19:38:31 BOT 2012: Ajax-> Mostrar  Nombre Genero > tono:104562 
Fri Jan 6 19:39:52 BOT 2012: WEB_REPRODUCIR_BUSQUEDA > Se recibieron:44 tonos
Fri Jan 6 19:45:11 BOT 2012: ASYNC -> STATS> Tiempo respuesta -0.320967 seg.
Fri Jan 6 19:45:14 BOT 2012: ASYNC -> STATS> Tiempo respuesta -0.717631 seg.
Fri Jan 6 19:45:41 BOT 2012: Ajax->Mostrar Reproducciones:  
Fri Jan 6 19:48:32 BOT 2012: Ajax->Mostrar Reproducciones:  
Fri Jan 6 19:48:41 BOT 2012: Ajax->Mostrar Megusta:  
Fri Jan 6 19:49:26 BOT 2012: Ajax-> Mostrar Comentarios> tono:116467 
Fri Jan 6 19:49:32 BOT 2012: Ajax-> Mostrar  Nombre Genero > tono:116467 
Fri Jan 6 19:57:03 BOT 2012: Ajax->Mostrar Ranking:  
Fri Jan 6 19:57:36 BOT 2012: Ajax->Mostrar Nombre Artista:  
Fri Jan 6 20:01:34 BOT 2012: Ajax->Mostrar Nombre Artista:  
Fri Jan 6 20:02:40 BOT 2012: WEB_REPRODUCIR_BUSQUEDA > Se formatearon:1 tonos
Fri Jan 6 20:05:25 BOT 2012: ASYNC -> STATS> Tiempo respuesta 0.005773 seg.
Fri Jan 6 20:06:56 BOT 2012: Ajax->Mostrar Nombre Artista:  
Fri Jan 6 20:07:17 BOT 2012: ASYNC -> STATS> Tiempo respuesta 0.005278 seg.
Fri Jan 6 20:07:47 BOT 2012: Ajax-> Mostrar Megusta> tono:103826 
Fri Jan 6 20:07:56 BOT 2012: Consulta de precio de reason:2 - msisdn: tono:132078 Async responde:350
 
Fri Jan 6 20:11:44 BOT 2012: Asignar backtone escuchado > Asi termino:103086,116516,103088,116471,116514,103465,103087,116469,116512,116467,116510,116508,105543,116507,104939,116466,116500,116501,116505,116502,
Fri Jan 6 20:14:03 BOT 2012: Ajax->Mostrar Reproducciones:  
Fri Jan 6 20:14:09 BOT 2012: ASYNC -> STATS> Tiempo respuesta 0.002657 seg.
Fri Jan 6 20:14:12 BOT 2012: Ajax-> Mostrar  Imagen Portada> tono:104797 
Fri Jan 6 20:15:24 BOT 2012: Mostrar Genero: >G&eacute;nero:  <a href='index.php?seccion=playlist&genero=132'>Pop</a>
Fri Jan 6 20:16:26 BOT 2012: STATS > BUSQUEDA DE BACKTONE >Tiempo: 0.084258 seg. | registros: 114
Fri Jan 6 20:21:31 BOT 2012: Ajax->Mostrar Imagen Portada:  
Fri Jan 6 20:21:46 BOT 2012: Ajax-> Mostrar  Nombre Genero > tono:135075 
Fri Jan 6 20:22:25 BOT 2012: ASYNC -> STATS> Tiempo respuesta 0.002348 seg.
Fri Jan 6 20:25:22 BOT 2012: Consulta de precio de reason:2 - msisdn: tono:140783 Async responde:350
 
Fri Jan 6 20:25:22 BOT 2012: Ajax->Mostrar Ranking:  
Fri Jan 6 20:25:25 BOT 2012: ASYNC -> STATS> Tiempo respuesta 0.10215 seg.
Fri Jan 6 20:25:31 BOT 2012: ASYNC -> STATS> Tiempo respuesta 0.396355 seg.
Fri Jan 6 20:25:46 BOT 2012: Ajax-> Mostrar Ranking > tono:141132 
Fri Jan 6 20:26:16 BOT 2012: Asignar backtone escuchado > Asi termino:104940,104301,104250,105231,
Fri Jan 6 20:26:40 BOT 2012: Check Session > msisdn: 76016158 > Usuario Valido 
Fri Jan 6 20:26:52 BOT 2012: Ajax->Mostrar Comentarios:  
Fri Jan 6 20:27:10 BOT 2012: Ajax->Mostrar Megusta:  
Fri Jan 6 20:29:17 BOT 2012: Ajax-> Mostrar  Nombre Artista > tono:143076 
Fri Jan 6 20:29:17 BOT 2012: ASYNC -> STATS> Tiempo respuesta -0.702437 seg.
Fri Jan 6 20:29:23 BOT 2012: Ajax->Mostrar Ranking:  
Fri Jan 6 20:29:26 BOT 2012: ASYNC -> STATS> Tiempo respuesta 0.001614 seg.
Fri Jan 6 20:29:26 BOT 2012: ASYNC -> STATS> Tiempo respuesta -0.343328 seg.
Fri Jan 6 20:29:38 BOT 2012: Ajax->Mostrar Nombre Artista:  
Fri Jan 6 20:30:17 BOT 2012: Session Start>  session por defecto 
Fri Jan 6 20:30:26 BOT 2012: ASYNC -> STATS> Tiempo respuesta 0.007026 seg.
Fri Jan 6 20:30:29 BOT 2012: ASYNC -> STATS> Tiempo respuesta -0.140056 seg.
Fri Jan 6 20:31:41 BOT 2012: Ajax->Mostrar Comentarios:  
Fri Jan 6 20:32:26 BOT 2012: Consulta de precio de reason:2 - msisdn: tono:104968 Async responde:350
 
Fri Jan 6 20:32:26 BOT 2012: ASYNC -> STATS> Tiempo respuesta -0.44356 seg.
Fri Jan 6 20:32:26 BOT 2012: Asignar backtone escuchado > Asi termino:127400,122287,131829,140783,133698,105365,126028,133736,118724,102800,105431,105430,103615,104941,141920,142286,141918,142527,
Fri Jan 6 20:32:41 BOT 2012: Asignar backtone escuchado > Asi termino:119112,103134,103790,102630,509,123718,125092,125517,132053,109964,105997,102644,104432,126681,103605,103604,104423,104072,104071,104064,
Fri Jan 6 20:33:14 BOT 2012: Session Start>  Chequeo de sesion
Fri Jan 6 20:33:23 BOT 2012: Ajax-> Mostrar Ranking > tono:105080 
Fri Jan 6 20:33:45 BOT 2012: Asignar backtone escuchado > Asi termino:246,109246,109238,109245,109243,449,109242,135727,104279,448,109314,102650,102693,103342,109240,104393,240,109322,103343,104278,
Fri Jan 6 20:34:47 BOT 2012: Mostrar Megusta> tono: 105262 msisdn: > 001
Fri Jan 6 20:34:54 BOT 2012: ASYNC -> STATS> Tiempo respuesta 0.008032 seg.
Fri Jan 6 20:35:03 BOT 2012: Consulta de precio de reason:2 - msisdn: tono:200 Async responde:350
 
Fri Jan 6 20:35:09 BOT 2012: Asignar backtone escuchado > Asi termino:109247,109318,109317,246,109246,109238,109245,109243,449,109242,135727,104279,448,109314,102650,102693,103342,109240,104393,240,
Fri Jan 6 20:35:24 BOT 2012: Ajax-> Mostrar Comentarios> tono:129211 
Fri Jan 6 20:36:03 BOT 2012: Ajax->Mostrar Comentarios:  
Fri Jan 6 20:36:18 BOT 2012: Mostrar Megusta > tono: 123537 msisdn:75369961 > cantidad de registros: 0
Fri Jan 6 20:40:24 BOT 2012: Ajax-> Mostrar  Imagen Portada> tono:131044 
Fri Jan 6 20:42:10 BOT 2012: Ajax->Mostrar Comentarios:  
Fri Jan 6 20:44:07 BOT 2012: Ajax-> Mostrar Ranking > tono:131757 
Fri Jan 6 20:44:52 BOT 2012: Ajax->Mostrar Nombre Artista:  
Fri Jan 6 20:45:28 BOT 2012: Ajax-> Mostrar Ranking > tono:102755 
Fri Jan 6 20:45:34 BOT 2012: Ajax-> Mostrar Megusta> tono:128309 
Fri Jan 6 20:46:40 BOT 2012: Consulta de precio de reason:2 - msisdn: tono:137281 Async responde:350
 
Fri Jan 6 20:47:22 BOT 2012: Ajax-> Mostrar Megusta> tono:109320 
Fri Jan 6 20:47:40 BOT 2012: Ajax->Mostrar Megusta:  
Fri Jan 6 20:49:53 BOT 2012: Ajax->Mostrar Ranking:  
Fri Jan 6 20:50:47 BOT 2012: Ajax->Mostrar Comentarios:  
Fri Jan 6 20:52:59 BOT 2012: Ajax-> Mostrar Ranking > tono:141881 
Fri Jan 6 20:53:35 BOT 2012: Ajax-> Mostrar Ranking > tono:103940 
Fri Jan 6 20:53:35 BOT 2012: ASYNC -> STATS> Tiempo respuesta 0.005208 seg.
Fri Jan 6 20:54:29 BOT 2012: Ajax->Mostrar Nombre Artista:  
Fri Jan 6 20:54:53 BOT 2012: Ajax-> Mostrar Comentarios> tono:103253 
Fri Jan 6 20:55:32 BOT 2012: Asignar backtone escuchado > Asi termino:103451,103430,104407,103189,103940,103939,104569,106304,104567,124243,127450,127424,126146,103547,104097,134026,78,136229,105234,125516,
Fri Jan 6 20:56:15 BOT 2012: Asignar backtone escuchado > Asi termino:246,109246,109238,109245,109243,135727,240,
Fri Jan 6 20:56:39 BOT 2012: Ajax-> Mostrar  Genero > G&eacute;nero:  <a href='index.php?seccion=playlist&genero=171'>Mi Promo ConTigo</a>
Fri Jan 6 20:57:12 BOT 2012: Ajax->Mostrar Megusta:  
Fri Jan 6 20:57:42 BOT 2012: Mostrar Album: >Artista:  <a href='index.php?seccion=playlist&autor=1245'>Pablo Fernandez</a>
Fri Jan 6 21:00:21 BOT 2012: Ajax-> Mostrar Comentarios> tono:131722 
Fri Jan 6 21:00:39 BOT 2012: Mostrar Album: >Artista:  <a href='index.php?seccion=playlist&autor=370'>la oreja de van gogh</a>
Fri Jan 6 21:01:27 BOT 2012: Ajax->Mostrar Ranking:  
Fri Jan 6 21:01:54 BOT 2012: Asignar backtone escuchado > Asi termino:104815,103341,104820,104909,537,106366,104567,130053,126677,102817,125090,106000,105999,509,141881,142527,
Fri Jan 6 21:02:42 BOT 2012: WEB REPROD BUSQ > Facebook link: http%3A%2F%2Fbacktones.tigo.com.bo%2Fv3%2Findex.php%3Fseccion%3Dplaylist%26genero%3D96%26f%3D1%26t%3D123123
Fri Jan 6 21:05:04 BOT 2012: ASYNC -> STATS> Tiempo respuesta -0.200765 seg.
Fri Jan 6 21:05:25 BOT 2012: ASYNC -> STATS> Tiempo respuesta 0.005316 seg.
Fri Jan 6 21:06:28 BOT 2012: Ajax-> Mostrar Ranking > tono:102829 
Fri Jan 6 21:06:37 BOT 2012: Ajax->Mostrar Nombre Artista:  
Fri Jan 6 21:07:46 BOT 2012: Ajax-> Mostrar Megusta> tono:9 
Fri Jan 6 21:08:25 BOT 2012: Ajax->Mostrar Ranking:  
Fri Jan 6 21:09:34 BOT 2012: Ajax-> Mostrar  Nombre Genero > tono:133405 
Fri Jan 6 21:10:07 BOT 2012: Consulta de precio de reason:2 - msisdn: tono:109318 Async responde:350
 
Fri Jan 6 21:11:26 BOT 2012: ASYNC -> STATS> Tiempo respuesta -0.500676 seg.
Fri Jan 6 21:11:50 BOT 2012: Ajax-> Mostrar Ranking > tono:240 
Fri Jan 6 21:13:53 BOT 2012: Ajax-> Mostrar Ranking > tono:104393 
Fri Jan 6 21:14:23 BOT 2012: Ajax->Mostrar Nombre Genero:  
Fri Jan 6 21:16:38 BOT 2012: ASYNC -> STATS> Tiempo respuesta 0.0032450000000001 seg.
Fri Jan 6 21:16:41 BOT 2012: Ajax-> Mostrar  Nombre Artista > tono:133405 
Fri Jan 6 21:16:41 BOT 2012: Ajax->Mostrar Comentarios:  
Fri Jan 6 21:16:44 BOT 2012: Ajax->Mostrar Comentarios:  
Fri Jan 6 21:16:56 BOT 2012: Asignar backtone escuchado > Asi termino:142275,
Fri Jan 6 21:19:54 BOT 2012: Ajax-> Mostrar Ranking > tono:127295 
Fri Jan 6 21:20:24 BOT 2012: Ajax->Mostrar Reproducciones:  
Fri Jan 6 21:22:15 BOT 2012: Check Session > msisdn: 76725347 > Usuario Valido 
Fri Jan 6 21:22:21 BOT 2012: Ajax-> Mostrar Megusta> tono:109247 
Fri Jan 6 21:23:42 BOT 2012: ASYNC -> STATS> Tiempo respuesta -0.028677 seg.
Fri Jan 6 21:25:30 BOT 2012: ASYNC -> STATS> Tiempo respuesta 0.005076 seg.
Fri Jan 6 21:27:46 BOT 2012: Asignar backtone escuchado > Asi termino:123519,131035,131036,103876,343,102547,104184,104305,142527,104171,104676,577,105096,103478,103475,103793,276,509,103214,633,
Fri Jan 6 21:30:13 BOT 2012: Ajax->Mostrar Nombre Artista:  
Fri Jan 6 21:30:49 BOT 2012: Asignar backtone escuchado > Asi termino:141132,142230,140821,
Fri Jan 6 21:31:25 BOT 2012: ASYNC -> STATS> Tiempo respuesta 0.006798 seg.
Fri Jan 6 21:31:40 BOT 2012: Ajax->Mostrar Reproducciones:  
Fri Jan 6 21:32:01 BOT 2012: Asignar backtone escuchado > Asi termino:103789,126173,134658,125661,105556,104023,105555,105371,105372,105370,102630,
Fri Jan 6 21:33:55 BOT 2012: Busqueda Inteligente: resultados >109786
Fri Jan 6 21:34:17 BOT 2012: Ajax-> Mostrar  Nombre Artista > tono:123534 
Fri Jan 6 21:34:35 BOT 2012: Ajax->Mostrar Megusta:  
Fri Jan 6 21:35:29 BOT 2012: Session Start>  session por defecto 
Fri Jan 6 21:35:44 BOT 2012: Ajax-> Mostrar Ranking > tono:104940 
Fri Jan 6 21:37:17 BOT 2012: Ajax-> Mostrar Comentarios> tono:103976 
Fri Jan 6 21:37:32 BOT 2012: Ajax->Mostrar Nombre Artista:  
Fri Jan 6 21:39:14 BOT 2012: Session Start>  session por defecto 
Fri Jan 6 21:39:59 BOT 2012: Ajax->Mostrar Comentarios:  
Fri Jan 6 21:40:50 BOT 2012: Ajax->Mostrar Nombre Genero:  
Fri Jan 6 21:41:18 BOT 2012: WEB_REPRODUCIR_BUSQUEDA > Se recibieron:92 tonos
Fri Jan 6 21:41:24 BOT 2012: Check Session > msisdn: 77909772 > Usuario Valido 
Fri Jan 6 21:42:09 BOT 2012: Ajax->Mostrar Nombre Genero:  
Fri Jan 6 21:44:00 BOT 2012: Ajax->Mostrar Nombre Genero:  
Fri Jan 6 21:47:34 BOT 2012: Ajax->Mostrar Megusta:  
Fri Jan 6 21:49:07 BOT 2012: ASYNC -> STATS> Tiempo respuesta 0.007049 seg.
Fri Jan 6 21:49:16 BOT 2012: Ajax->Mostrar Megusta:  
Fri Jan 6 21:49:43 BOT 2012: Error al consultar precio de renovacion - msisdn: tono:198 - Async responde -3
Fri Jan 6 21:51:10 BOT 2012: Ajax->Mostrar Reproducciones:  
Fri Jan 6 21:51:37 BOT 2012: Check Session > msisdn: 77076601 > Usuario Valido 
Fri Jan 6 21:51:49 BOT 2012: Busqueda Inteligente: 
Fri Jan 6 21:56:44 BOT 2012: ASYNC -> STATS> Tiempo respuesta -0.108474 seg.
Fri Jan 6 21:57:44 BOT 2012: Busqueda Inteligente: don omar love
Fri Jan 6 21:58:20 BOT 2012: ASYNC -> STATS> Tiempo respuesta 0.399578 seg.
Fri Jan 6 21:58:20 BOT 2012: ASYNC -> STATS> Tiempo respuesta -0.086764 seg.
Fri Jan 6 21:58:23 BOT 2012: Ajax->Mostrar Ranking:  
Fri Jan 6 21:58:29 BOT 2012: ASYNC -> STATS> Tiempo respuesta 0.014453 seg.
Fri Jan 6 22:02:51 BOT 2012: MTD_CHEQUEO_REINTENTO >- msisdn:46079679 tono: diferencia tiempo:35 
Fri Jan 6 22:09:04 BOT 2012: Ajax-> Mostrar Megusta> tono:131643 
Fri Jan 6 22:11:01 BOT 2012: Ajax-> Mostrar  Nombre Genero > tono:110342 
Fri Jan 6 22:11:58 BOT 2012: Ajax->Mostrar Nombre Artista:  
Fri Jan 6 22:12:01 BOT 2012: ASYNC -> STATS> Tiempo respuesta 0.008683 seg.
Fri Jan 6 22:12:04 BOT 2012: ASYNC -> STATS> Tiempo respuesta -0.47128 seg.
Fri Jan 6 22:12:04 BOT 2012: ASYNC -> STATS> Tiempo respuesta 0.413468 seg.
Fri Jan 6 22:19:11 BOT 2012: Ajax-> Mostrar  Imagen Portada> tono:172 
Fri Jan 6 22:20:26 BOT 2012: ASYNC -> STATS> Tiempo respuesta 0.003544 seg.
Fri Jan 6 22:20:29 BOT 2012: ASYNC -> STATS> Tiempo respuesta -0.150636 seg.
Fri Jan 6 22:21:44 BOT 2012: Ajax->Mostrar Imagen Portada:  
Fri Jan 6 22:22:41 BOT 2012: Ajax->Mostrar Nombre Artista:  
Fri Jan 6 22:23:05 BOT 2012: LISTAR_MODO_ROTACION_BACTONES > usuario: 77145365  modo:2 
Fri Jan 6 22:23:23 BOT 2012: Check Session > msisdn: 77145365 > Usuario Valido 
Fri Jan 6 22:27:03 BOT 2012: ASYNC -> STATS> Tiempo respuesta 0.257301 seg.
Fri Jan 6 22:27:06 BOT 2012: Asignar backtone escuchado > Asi termino:142231,137875,120252,120251,141122,140816,140814,140810,139723,140825,140823,137882,106380,140847,141109,140845,141917,140843,141922,141116,
Fri Jan 6 22:27:51 BOT 2012: Asignar backtone escuchado > Asi termino:104991,381,106237,130053,103853,103827,128230,104561,555,124243,240,140826,140821,131810,142284,141920,131807,141917,140842,
Fri Jan 6 22:28:18 BOT 2012: Ajax-> Mostrar  Nombre Artista > tono:137253 
Fri Jan 6 22:29:36 BOT 2012: Ajax->Mostrar Megusta:  
Fri Jan 6 22:32:10 BOT 2012: Ajax->Mostrar Reproducciones:  
Fri Jan 6 22:34:40 BOT 2012: Ajax->Mostrar Nombre Artista:  
Fri Jan 6 22:35:40 BOT 2012: Ajax->Mostrar Nombre Genero:  
Fri Jan 6 22:37:34 BOT 2012: ASYNC -> STATS> Tiempo respuesta 0.005251 seg.
Fri Jan 6 22:41:05 BOT 2012: Busqueda Inteligente: resultados >104495
Fri Jan 6 22:41:50 BOT 2012: Ajax->Mostrar Megusta:  
Fri Jan 6 22:42:20 BOT 2012: STATS > BUSQUEDA DE BACKTONE >Tiempo: 0.077042 seg. | registros: 114
Fri Jan 6 22:44:17 BOT 2012: Ajax->Mostrar Comentarios:  
Fri Jan 6 22:48:34 BOT 2012: Ajax->Mostrar Reproducciones:  
Fri Jan 6 22:54:43 BOT 2012: Ajax-> Mostrar  Imagen Portada> tono:125516 
Fri Jan 6 22:57:34 BOT 2012: Ajax->Mostrar Imagen Portada:  
Fri Jan 6 22:57:37 BOT 2012: Ajax->Mostrar Nombre Genero:  
Fri Jan 6 22:57:43 BOT 2012: Ajax-> Login Usuario msisdn: 76028163  pin:8373 > Validar msisdn
Fri Jan 6 22:57:52 BOT 2012: Ajax->Mostrar Ranking:  
Fri Jan 6 23:02:44 BOT 2012: Mostrar Ranking: tono:126173 calificacion: 
Fri Jan 6 23:04:41 BOT 2012: Ajax->Mostrar Imagen Portada:  
Fri Jan 6 23:06:08 BOT 2012: Ajax->Mostrar Nombre Artista:  
Fri Jan 6 23:06:47 BOT 2012: WEB REPROD BUSQ > Facebook link: http%3A%2F%2Fbacktones.tigo.com.bo%2Fv3%2Findex.php%3Fseccion%3Dplaylist%26search%3Dlos+cadillac%5C%27s%26f%3D1%26t%3D123213
Fri Jan 6 23:07:18 BOT 2012: ASYNC -> STATS> Tiempo respuesta -0.616552 seg.
Fri Jan 6 23:07:21 BOT 2012: ASYNC -> STATS> Tiempo respuesta -0.18704 seg.
Fri Jan 6 23:08:15 BOT 2012: Ajax-> Mostrar  Imagen Portada> Album:Artista:  <a href='index.php?seccion=playlist&autor=1151'>Pipe Bueno</a>
Fri Jan 6 23:08:57 BOT 2012: Session Start>  session por defecto 
Fri Jan 6 23:09:42 BOT 2012: Ajax-> Mostrar Comentarios> tono:130832 
Fri Jan 6 23:10:57 BOT 2012: Ajax->Mostrar Nombre Artista:  
Fri Jan 6 23:12:30 BOT 2012: Ajax->Mostrar Megusta:  
Fri Jan 6 23:13:57 BOT 2012: ASYNC -> STATS> Tiempo respuesta 0.00959 seg.
Fri Jan 6 23:23:23 BOT 2012: ASYNC -> STATS> Tiempo respuesta 0.01165 seg.
Fri Jan 6 23:29:45 BOT 2012: session-default => asignando por default session
Fri Jan 6 23:30:30 BOT 2012: ASYNC -> STATS> Tiempo respuesta 0.001923 seg.
Fri Jan 6 23:36:07 BOT 2012: Ajax->Mostrar Imagen Portada:  
Fri Jan 6 23:42:19 BOT 2012: Ajax-> Mostrar Megusta> tono:109246 
Fri Jan 6 23:44:20 BOT 2012: Ajax-> Mostrar Megusta> tono:104981 
Fri Jan 6 23:47:32 BOT 2012: Mostrar Ranking: tono:109264 calificacion: 
Fri Jan 6 23:47:32 BOT 2012: Session Start>  session por defecto 
Fri Jan 6 23:47:41 BOT 2012: Session Start>  session por defecto 
Fri Jan 6 23:52:03 BOT 2012: ASYNC -> STATS> Tiempo respuesta 0.005212 seg.
Fri Jan 6 23:53:39 BOT 2012: Ajax->Mostrar Megusta:  
Fri Jan 6 23:55:03 BOT 2012: Ajax-> Mostrar  Imagen Portada> tono:109317 
Fri Jan 6 23:55:57 BOT 2012: Ajax-> Mostrar Ranking > tono:103301 
Fri Jan 6 23:56:06 BOT 2012: Ajax-> Mostrar Ranking > tono:139345 
Fri Jan 6 23:58:46 BOT 2012: Ajax->Mostrar Ranking:  
