Thu Jan 5 3:45:52 BOT 2012: Asignar backtone escuchado > Asi termino:104925,104924,104923,105051,104922,105050,105049,105048,104921,104920,104244,104245,104246,104247,104248,104249,104147,102741,103685,104523,
Thu Jan 5 10:12:13 BOT 2012: MTD_DB_BUSCAR_ARTISTAS > retornando registros:34
Thu Jan 5 10:13:22 BOT 2012: Msisdn:75810075 ingreso exitoso de billing tono: 123008 
Thu Jan 5 10:15:43 BOT 2012: Check Session > msisdn: 75009353 > Usuario Valido 
Thu Jan 5 10:16:44 BOT 2012: Mostrar Ranking: tono:103823 calificacion: 5
Thu Jan 5 10:19:59 BOT 2012: Ajax->Mostrar Comentarios:  
Thu Jan 5 10:20:50 BOT 2012: Ajax-> Mostrar Megusta> tono:120231 
Thu Jan 5 10:20:53 BOT 2012: ASYNC -> STATS> Tiempo respuesta 0.007884 seg.
Thu Jan 5 10:21:56 BOT 2012: Ajax-> Comprar Backtone: msisdn:77904513 
Thu Jan 5 10:22:26 BOT 2012: Consulta de precio de reason:2 - msisdn: tono:104177 Async responde:350
 
Thu Jan 5 10:23:48 BOT 2012: Ajax->Mostrar Reproducciones:  
Thu Jan 5 10:25:42 BOT 2012: Ajax-> Mostrar Comentarios> tono:103303 
Thu Jan 5 10:27:36 BOT 2012: Ajax->Mostrar Imagen Portada:  
Thu Jan 5 10:28:33 BOT 2012: Ajax-> Mostrar  Imagen Portada> tono:126493 
Thu Jan 5 10:30:22 BOT 2012: Busqueda Inteligente: resultados >104108
Thu Jan 5 10:31:34 BOT 2012: Ajax-> Mostrar Megusta> tono:134658 
Thu Jan 5 10:32:31 BOT 2012: Ajax->Mostrar Ranking:  
Thu Jan 5 10:32:34 BOT 2012: Ajax->Mostrar Imagen Portada:  
Thu Jan 5 10:33:19 BOT 2012: Ajax->Mostrar Imagen Portada:  
Thu Jan 5 10:33:55 BOT 2012: Asignar backtone escuchado > Asi termino:104648,104299,104300,104738,104357,102613,102614,134686,126175,134658,126141,126142,126172,126173,125661,125517,126167,130358,372,
Thu Jan 5 10:39:11 BOT 2012: ASYNC -> STATS> Tiempo respuesta -0.094022 seg.
Thu Jan 5 10:42:29 BOT 2012: Mostrar Comentarios : tono:134658 
Thu Jan 5 10:45:30 BOT 2012: Ajax->Mostrar Ranking:  
Thu Jan 5 10:46:54 BOT 2012: Ajax->Mostrar Ranking:  
Thu Jan 5 10:47:18 BOT 2012: Ajax->Mostrar Megusta:  
Thu Jan 5 10:47:21 BOT 2012: Ajax->Mostrar Comentarios:  
Thu Jan 5 10:52:22 BOT 2012: Ajax->Mostrar Comentarios:  
Thu Jan 5 10:52:34 BOT 2012: Busqueda Inteligente: resultados >102601
Thu Jan 5 10:55:01 BOT 2012: Ajax->Mostrar Imagen Portada:  
Thu Jan 5 11:03:56 BOT 2012: Ajax->Mostrar Reproducciones:  
Thu Jan 5 11:08:39 BOT 2012: Mostrar Album: >Artista:  <a href='index.php?seccion=playlist&autor=124'>Ricardo Arjona</a>
Thu Jan 5 11:10:09 BOT 2012: STATS > BUSQUEDA DE BACKTONE >Tiempo: 0.18131 seg. | registros: 114
Thu Jan 5 11:10:12 BOT 2012: Ajax->Mostrar Comentarios:  
Thu Jan 5 11:12:43 BOT 2012: Ajax->Mostrar Nombre Artista:  
Thu Jan 5 11:13:31 BOT 2012: Asignar backtone escuchado > Asi termino:128597,106370,103729,163,105775,104652,103136,103278,105773,105771,105769,103277,105236,103135,105767,103276,103133,105765,105762,105764,
Thu Jan 5 11:13:31 BOT 2012: ASYNC -> STATS> Tiempo respuesta -0.140722 seg.
Thu Jan 5 11:16:19 BOT 2012: Ajax->Mostrar Ranking:  
Thu Jan 5 11:16:40 BOT 2012: Ajax->Mostrar Comentarios:  
Thu Jan 5 11:16:43 BOT 2012: Ajax->Mostrar Nombre Artista:  
Thu Jan 5 11:16:43 BOT 2012: Asignar backtone escuchado > Asi termino:130814,127424,130985,
Thu Jan 5 11:21:23 BOT 2012: Ajax-> Mostrar  Nombre Genero > tono:105762 
Thu Jan 5 11:23:47 BOT 2012: Consulta de precio de reason:5 - msisdn:77390416 tono:105557 Async responde:350
 
Thu Jan 5 11:24:41 BOT 2012: STATS > BUSQUEDA DE BACKTONE >Tiempo: 0.51242 seg. | registros: 11
Thu Jan 5 11:26:08 BOT 2012: ASYNC -> STATS> Tiempo respuesta 0.009559 seg.
Thu Jan 5 11:27:39 BOT 2012: Ajax-> Mostrar  Imagen Portada> tono:125510 
Thu Jan 5 11:31:13 BOT 2012: Ajax-> Mostrar Comentarios> tono:128672 
Thu Jan 5 11:32:07 BOT 2012: Ajax->Mostrar Comentarios:  
Thu Jan 5 11:32:10 BOT 2012: Ajax->Mostrar Nombre Genero:  
Thu Jan 5 11:34:28 BOT 2012: Ajax->Mostrar Ranking:  
Thu Jan 5 11:35:25 BOT 2012: Ajax->Mostrar Nombre Genero:  
Thu Jan 5 11:37:11 BOT 2012: Ajax->Mostrar Ranking:  
Thu Jan 5 11:39:35 BOT 2012: Ajax->Mostrar Nombre Genero:  
Thu Jan 5 11:39:41 BOT 2012: Ajax-> Mostrar Ranking > tono:103430 
Thu Jan 5 11:40:29 BOT 2012: ASYNC -> STATS> Tiempo respuesta 0.004855 seg.
Thu Jan 5 11:40:32 BOT 2012: ASYNC -> STATS> Tiempo respuesta -0.118828 seg.
Thu Jan 5 11:40:35 BOT 2012: ASYNC -> STATS> Tiempo respuesta -0.00136 seg.
Thu Jan 5 11:40:35 BOT 2012: ASYNC -> STATS> Tiempo respuesta -0.081904 seg.
Thu Jan 5 11:40:38 BOT 2012: ASYNC -> STATS> Tiempo respuesta -0.00067399999999995 seg.
Thu Jan 5 11:40:38 BOT 2012: Ajax->Mostrar Ranking:  
Thu Jan 5 11:40:38 BOT 2012: Ajax->Mostrar Nombre Artista:  
Thu Jan 5 11:42:47 BOT 2012: Ajax-> Mostrar  Nombre Genero > tono:103525 
Thu Jan 5 11:42:53 BOT 2012: Ajax->Mostrar Ranking:  
Thu Jan 5 11:45:21 BOT 2012: ASYNC -> STATS> Tiempo respuesta 0.00246 seg.
Thu Jan 5 11:45:54 BOT 2012: Ajax->Mostrar Reproducciones:  
Thu Jan 5 11:46:18 BOT 2012: Ajax->Mostrar Ranking:  
Thu Jan 5 11:47:03 BOT 2012: Ajax->Mostrar Nombre Artista:  
Thu Jan 5 11:47:27 BOT 2012: Ajax->Mostrar Reproducciones:  
Thu Jan 5 11:47:36 BOT 2012: Ajax->Mostrar Reproducciones:  
Thu Jan 5 11:48:00 BOT 2012: LISTAR_MODO_ROTACION_BACTONES > usuario: 77390529  modo:2 
Thu Jan 5 11:48:03 BOT 2012: Iniciando compra - msisdn:75007185 tono:104268
Thu Jan 5 11:48:18 BOT 2012: Ajax->Mostrar Reproducciones:  
Thu Jan 5 11:48:54 BOT 2012: Ajax->Mostrar Comentarios:  
Thu Jan 5 11:52:07 BOT 2012: Ajax->Mostrar Comentarios:  
Thu Jan 5 11:54:01 BOT 2012: Ajax->Mostrar Imagen Portada:  
Thu Jan 5 11:54:28 BOT 2012: ASYNC -> STATS> Tiempo respuesta 0.007925 seg.
Thu Jan 5 11:54:37 BOT 2012: Ajax->Mostrar Nombre Artista:  
Thu Jan 5 11:54:52 BOT 2012: Ajax->Mostrar Imagen Portada:  
Thu Jan 5 11:58:43 BOT 2012: Asignar backtone escuchado > Asi termino:123519,131049,131035,131036,
Thu Jan 5 11:58:49 BOT 2012: Ajax-> Mostrar  Nombre Genero > tono:104449 
Thu Jan 5 11:59:07 BOT 2012: Ajax-> Mostrar  Imagen Portada> tono:131048 
Thu Jan 5 12:00:56 BOT 2012: Ajax-> Mostrar Ranking > tono:103507 
Thu Jan 5 12:01:11 BOT 2012: Ajax->Mostrar Nombre Artista:  
Thu Jan 5 12:01:17 BOT 2012: ASYNC -> STATS> Tiempo respuesta 0.010795 seg.
Thu Jan 5 12:01:23 BOT 2012: Ajax-> Mostrar  Imagen Portada> Album:albumes/chinoynacho_supremo[1].jpg
Thu Jan 5 12:01:29 BOT 2012: Mostrar Genero: >G&eacute;nero:  <a href='index.php?seccion=playlist&genero=185'>David Guetta</a>
Thu Jan 5 12:02:11 BOT 2012: Ajax-> Mostrar  Imagen Portada> tono:140787 
Thu Jan 5 12:03:11 BOT 2012: Consulta de precio de reason:2 - msisdn: tono:140778 Async responde:350
 
Thu Jan 5 12:03:11 BOT 2012: Ajax->Mostrar Nombre Genero:  
Thu Jan 5 12:03:29 BOT 2012: Ajax-> Mostrar Megusta> tono:118738 
Thu Jan 5 12:03:29 BOT 2012: Ajax->Mostrar Megusta:  
Thu Jan 5 12:03:32 BOT 2012: Ajax->Mostrar Nombre Artista:  
Thu Jan 5 12:05:23 BOT 2012: Ajax-> Mostrar Comentarios> tono:103499 
Thu Jan 5 12:05:23 BOT 2012: Ajax->Mostrar Imagen Portada:  
Thu Jan 5 12:05:47 BOT 2012: MTD_DB_BUSCAR_ARTISTAS > retornando registros:73
Thu Jan 5 12:07:21 BOT 2012: Ajax-> Mostrar Ranking > tono:103466 
Thu Jan 5 12:09:06 BOT 2012: Ajax->Mostrar Comentarios:  
Thu Jan 5 12:09:15 BOT 2012: ASYNC -> STATS> Tiempo respuesta 0.205228 seg.
Thu Jan 5 12:09:30 BOT 2012: Ajax->Mostrar Reproducciones:  
Thu Jan 5 12:10:24 BOT 2012: Ajax->Mostrar Imagen Portada:  
Thu Jan 5 12:11:06 BOT 2012: Asignar backtone escuchado > Asi termino:118752,131003,118732,118725,118724,139838,138309,139846,130814,135059,142628,142622,104532,104285,135051,135057,137086,103499,139964,118747,
Thu Jan 5 12:11:24 BOT 2012: Ajax-> Login Usuario msisdn: 75549769  pin: > Validar msisdn
Thu Jan 5 12:11:24 BOT 2012: Busqueda Inteligente: Jennifer Lopez
Thu Jan 5 12:11:33 BOT 2012: Asignar backtone escuchado > Asi termino:113614,137044,105535,113612,120231,105260,129243,113611,113609,113607,113605,113604,103558,105302,105534,113628,103890,103888,104886,
Thu Jan 5 12:11:33 BOT 2012: Ajax-> Mostrar Megusta> tono:105263 
Thu Jan 5 12:11:45 BOT 2012: Ajax->Mostrar Ranking:  
Thu Jan 5 12:12:12 BOT 2012: Ajax->Mostrar Ranking:  
Thu Jan 5 12:12:49 BOT 2012: Ajax->Mostrar Imagen Portada:  
Thu Jan 5 12:15:04 BOT 2012: ASYNC -> STATS> Tiempo respuesta 0.002804 seg.
Thu Jan 5 12:17:49 BOT 2012: Ajax->Mostrar Nombre Genero:  
Thu Jan 5 12:18:49 BOT 2012: ASYNC -> STATS> Tiempo respuesta 0.007549 seg.
Thu Jan 5 12:19:04 BOT 2012: Ajax->Mostrar Nombre Genero:  
Thu Jan 5 12:19:41 BOT 2012: ASYNC -> STATS> Tiempo respuesta 0.005236 seg.
Thu Jan 5 12:20:47 BOT 2012: Ajax-> Mostrar Comentarios> tono:133736 
Thu Jan 5 12:20:59 BOT 2012: Ajax-> Mostrar  Nombre Genero > tono:142124 
Thu Jan 5 12:21:02 BOT 2012: Consulta de precio de reason:2 - msisdn: tono:104352 Async responde:350
 
Thu Jan 5 12:21:23 BOT 2012: ASYNC -> STATS> Tiempo respuesta 0.013243 seg.
Thu Jan 5 12:21:23 BOT 2012: ASYNC -> STATS> Tiempo respuesta -0.124285 seg.
Thu Jan 5 12:22:11 BOT 2012: ASYNC -> STATS> Tiempo respuesta 0.004447 seg.
Thu Jan 5 12:23:32 BOT 2012: ASYNC -> STATS> Tiempo respuesta 0.008008 seg.
Thu Jan 5 12:23:32 BOT 2012: ASYNC -> STATS> Tiempo respuesta 0.192913 seg.
Thu Jan 5 12:23:35 BOT 2012: Consulta de precio de reason:2 - msisdn: tono:141881 Async responde:350
 
Thu Jan 5 12:24:26 BOT 2012: Session Start>  Chequeo de sesion
Thu Jan 5 12:24:53 BOT 2012: Mostrar Megusta > tono: 104941 msisdn:77575414 > cantidad de registros: 0
Thu Jan 5 12:26:11 BOT 2012: ASYNC -> STATS> Tiempo respuesta 0.00079499999999999 seg.
Thu Jan 5 12:27:21 BOT 2012: WEB_REPRODUCIR_BUSQUEDA > Se recibieron:43 tonos
Thu Jan 5 12:28:25 BOT 2012: Ajax-> Mostrar Ranking > tono:110101 
Thu Jan 5 12:28:42 BOT 2012: ASYNC -> STATS> Tiempo respuesta 0.005802 seg.
Thu Jan 5 12:28:42 BOT 2012: ASYNC -> STATS> Tiempo respuesta -0.049386 seg.
Thu Jan 5 12:29:27 BOT 2012: Ajax->Mostrar Imagen Portada:  
Thu Jan 5 12:29:54 BOT 2012: Asignar backtone escuchado > Asi termino:103686,132096,103713,104465,103712,141880,141881,142527,103790,102630,141106,143085,
Thu Jan 5 12:30:12 BOT 2012: ASYNC -> STATS> Tiempo respuesta -0.201776 seg.
Thu Jan 5 12:30:18 BOT 2012: WEB_REPRODUCIR_BUSQUEDA > Se recibieron:106 tonos
Thu Jan 5 12:30:21 BOT 2012: ASYNC -> STATS> Tiempo respuesta 0.140991 seg.
Thu Jan 5 12:31:03 BOT 2012: Ajax->Mostrar Nombre Artista:  
Thu Jan 5 12:31:51 BOT 2012: Ajax-> Mostrar Comentarios> tono:142115 
Thu Jan 5 12:33:39 BOT 2012: Mostrar Genero: >G&eacute;nero:  <a href='index.php?seccion=playlist&genero=108'>Cristianas</a>
Thu Jan 5 12:35:07 BOT 2012: LISTAR_MODO_ROTACION_BACTONES > usuario: 76006873  modo:2 
Thu Jan 5 12:35:28 BOT 2012: ASYNC -> STATS> Tiempo respuesta -0.686503 seg.
Thu Jan 5 12:35:58 BOT 2012: Ajax->Mostrar Nombre Genero:  
Thu Jan 5 12:36:31 BOT 2012: Asignar backtone escuchado > Asi termino:103817,103429,136632,136633,104554,103816,127417,104560,129234,104553,103451,103430,472,104783,126028,473,104092,127446,113050,127425,
Thu Jan 5 12:37:37 BOT 2012: ASYNC -> STATS> Tiempo respuesta 0.002874 seg.
Thu Jan 5 12:37:46 BOT 2012: ASYNC -> STATS> Tiempo respuesta 0.0023070000000001 seg.
Thu Jan 5 12:38:13 BOT 2012: ASYNC -> STATS> Tiempo respuesta 0.006536 seg.
Thu Jan 5 12:38:16 BOT 2012: Ajax->Mostrar Nombre Artista:  
Thu Jan 5 12:38:16 BOT 2012: Ajax->Mostrar Ranking:  
Thu Jan 5 12:39:43 BOT 2012: Ajax->Mostrar Nombre Artista:  
Thu Jan 5 12:40:16 BOT 2012: ASYNC -> STATS> Tiempo respuesta 0.437947 seg.
Thu Jan 5 12:40:16 BOT 2012: ASYNC -> STATS> Tiempo respuesta 0.439124 seg.
Thu Jan 5 12:40:25 BOT 2012: Asignar backtone escuchado > Asi termino:142126,142115,141915,140785,142130,142122,140782,142124,142113,140780,142128,140778,142119,140787,132454,142111,105771,105769,103277,
Thu Jan 5 12:40:59 BOT 2012: ASYNC -> STATS> Tiempo respuesta -0.420104 seg.
Thu Jan 5 12:41:02 BOT 2012: ASYNC -> STATS> Tiempo respuesta 0.002252 seg.
Thu Jan 5 12:41:14 BOT 2012: Ajax-> Mostrar Megusta> tono:106289 
Thu Jan 5 12:41:29 BOT 2012: Ajax->Mostrar Imagen Portada:  
Thu Jan 5 12:41:44 BOT 2012: Ajax-> Mostrar Ranking > tono:104772 
Thu Jan 5 12:45:41 BOT 2012: Asignar backtone escuchado > Asi termino:103888,113603,103887,103558,105259,113602,133883,113600,103886,103885,602,113598,104886,113634,113620,105306,110108,105285,129245,105302,
Thu Jan 5 12:46:53 BOT 2012: Ajax->Mostrar Nombre Genero:  
Thu Jan 5 12:49:27 BOT 2012: Ajax->Mostrar Ranking:  
Thu Jan 5 12:51:54 BOT 2012: Mostrar Album: >albumes/album-default.jpg
Thu Jan 5 12:52:06 BOT 2012: Ajax-> Mostrar  Imagen Portada> tono:131764 
Thu Jan 5 12:56:28 BOT 2012: ASYNC -> STATS> Tiempo respuesta 0.006615 seg.
Thu Jan 5 13:00:58 BOT 2012: Ajax-> Mostrar  Nombre Artista > tono:104603 
Thu Jan 5 13:03:02 BOT 2012: Ajax->Mostrar Nombre Genero:  
Thu Jan 5 13:03:02 BOT 2012: Ajax->Mostrar Comentarios:  
Thu Jan 5 13:03:26 BOT 2012: Ajax->Mostrar Ranking:  
Thu Jan 5 13:04:38 BOT 2012: ASYNC -> STATS> Tiempo respuesta 0.355382 seg.
Thu Jan 5 13:04:50 BOT 2012: Ajax->Mostrar Ranking:  
Thu Jan 5 13:06:05 BOT 2012: ASYNC -> STATS> Tiempo respuesta 0.00515 seg.
Thu Jan 5 13:06:17 BOT 2012: Asignar backtone escuchado > Asi termino:142527,129435,53,127300,129201,78,129938,125516,102619,103032,102674,102673,124965,104261,85,43,104286,131771,155,134025,
Thu Jan 5 13:06:56 BOT 2012: Ajax-> Mostrar Comentarios> tono:106266 
Thu Jan 5 13:09:21 BOT 2012: Ajax->Mostrar Ranking:  
Thu Jan 5 13:09:42 BOT 2012: Consulta de precio de reason:2 - msisdn: tono:104910 Async responde:350
 
Thu Jan 5 13:09:57 BOT 2012: Ajax->Mostrar Nombre Genero:  
Thu Jan 5 13:11:57 BOT 2012: Busqueda Inteligente: Resultado 
 130364;Goodbye;RKM & Ken y;Latinas
129927;Mas  ;RKM & Ken y;Reggaeton
133453;Mi Corazon Esta Muerto;RKM & Ken y;Reggaeton
133452;Mi Corazon Esta Muerto;RKM & Ken y;Reggaeton
105248;Mis dias sin ti remix;RKM & Ken y;Latinas
133454;Prefiero Morir;RKM & Ken y;Latinas
133859;Prefiero Morir Remix;RKM & Ken y;Reggaeton
133865;Te Doy Una Rosa;RKM & Ken y;Reggaeton
135674;Yo Se Feat Arthur Hanlon;RKM & Ken y;Latinas
128220;Lloras Feat RKM and Ken Y;Plan B;Reggaeton
120233;Me estas tentando W&Y;Wisin y Yandel;Reggaeton
130360;Hoy lo siento Opratel;Zion y Lennox Opratel;Mi Promo ConTigo
103682;Listen from the motion picture Dreamgirls;Beyonce;Pop
121499;Pablo Fernandez centro de asistencia gay;opratel;Promoción Te Matamos de Risa
102823;veni raquel;Autenticos decadentes;Latinas
104092;Hoy te vengo a bendecir;Jesus A Romero;Cristianas
104328;Si Ya No Estas;RKM;Latinas
104330;Tuve Un Sueno;RKM;Latinas
130986;Mi Amor Es Pobre Feat Ken Y and Arcangel;Tony Dize;Latinas
120971;The twelve days of Christmas;Kenny Garcia;Navidad
104165; Soy Tarateno;Banda Poopo;Carnaval
124025;A year without rain;Selena Gomez;Pop
107775;Isa Que tengas una llamada Increible-MTV ISA TKM;MTV;MTV
107785;Linda te Ensena a Bailar-MTV ISA TKM;MTV;MTV
102727;Enamorame;Jesus A Romero;Cristianas
123044;katy Karamelo;Kati Karamelo;Salsa y Merengue
104263;Levanten las manos;La Rama;Latinas
387;Nos Enamoramos;Agrupacion marilyn;Cumbia
104268;Ven devorame otra vez;Covertone;Latinas
128462;Y voy a ser feliz;Kati Karamelo;Salsa y Merengue
104195; Mi Fiel Promesa;Banda Juventud Centralistas de La Paz;Carnaval
109614;belen;Homero;Mi Promo ConTigo
104481;bolivia 6 argentina1;Gooool de Bolivia;Super Promo
137820;Buenas tardes jonichi;Hans y Chivo;Promoción Te Matamos de Risa
102870;calentando me voy;David Bisal;Latinas
131816;Dices Who Says Spanish Vrs;Selena Gomez;Pop
112466;esclavo de tu piel;Dyland Lenny;Reggaeton
124047;Ghost of you;Selena Gomez;Pop
133723;Helen Wheels;Paul McCartney;Pop
105045;Himno Cruceno vRock1;Glen Vargas;BICENTENARIO
105046;Himno Cruceno vRock2;Glen Vargas;BICENTENARIO
138643;Hoy Lo Siento Feat Tony  Dize;Zion and Lennox;Latinas
103769;Hoy Todo Es Mejor;ElencoHighSchoolMusical;Infantiles
112469;Intro My World ;Dyland Lenny;Reggaeton
135717;La Cita Ft Jowell y Randy;Zion and Lennox;Reggaeton
117853;Lenceria Hot;Play Boy;Play Boy
103116;Lento;Julieta Venegas;Pop
112470;Loco Bridge;Dyland Lenny;Reggaeton
103867;Los reyes magos;Coro Belen;Navidad
131824;Love You Like A Love Song;Selena Gomez;Pop
129922;Love You Now;Zion and Lennox;Latinas
109659;magdalena;Homero;Mi Promo ConTigo
131751;My Dilemma;Selena Gomez;Pop
112468;nadie te amaria como yo;Dyland Lenny;Reggaeton
109246;no voy a morir;Pipe Bueno;Vallenatos
112707;Quiere pa que te quieran;Dyland Lenny;Reggaeton
112706;Sexo en la disco ;Dyland Lenny;Reggaeton
109249;si yo fuera ladron;Pipe Bueno;Vallenatos
124065;Sick of you;Selena Gomez;Pop
135671;Silent Night Holy Night;Frank Sinatra;Navidad
129925;Soltera Feat J Balvi and Alberto Style;Zion and Lennox;Reggaeton
129271;Who says;Selena Gomez;Pop
103774;YaEsHoraDeBrillar;ElencoHighSchoolMusical;Infantiles
129920;Yo Soy Tu DJ;Zion and Lennox;Latinas
103775;YoSabia;ElencoHighSchoolMusical;Infantiles
104249;Agente 86 el sol y la luna;Version Opratel;Sonidos
104247;Agente 86 Jefe y Jaime;Version Opratel;Sonidos
104920;Agente 86 y el chino;Version Opratel;Sonidos
104921;Agente 86 y el dueno de casa;Version Opratel;Sonidos
105048;Agente 86 y el hombre invisible;Version Opratel;Sonidos
105049;Agente 86 y el jefe;Version Opratel;Sonidos
105050;Agente 86 y el Tarta;Version Opratel;Sonidos
104922;Agente 86 y el timbre;Version Opratel;Sonidos
105051;Agente 86 y la ambulancia;Version Opratel;Sonidos
104923;Agente 86 y la contestadora;Version Opratel;Sonidos
104924;Agente 86 y la pata;Version Opratel;Sonidos
104925;Agente 86 y la suegra;Version Opratel;Sonidos
104926;Agente 86 y los enanos;Version Opratel;Sonidos
105052;Agente 86 y Sigfrid;Version Opratel;Sonidos
104789;Amor Aventurero;Marc Anthony;Marc Anthony
105362;Su nombre en mi cuaderno;Makano feat. Josenid;Makano
103258;EmergencyOnPlanetEarth;Jamiroquai;Pop
104344;Enamorados salasa;Generico;Salsa y Merengue
133814;Gente Humilde;Yalo cuellar;Folklore
133815;Gente Humilde;Yalo cuellar;Folklore
130801;Hey Nah nah nah;Version Magenta;Electronicas
130799;H 
Thu Jan 5 13:12:06 BOT 2012: Asignar backtone escuchado > Asi termino:102639,102642,128599,104757,105282,
Thu Jan 5 13:12:15 BOT 2012: Ajax->Mostrar Nombre Genero:  
Thu Jan 5 13:12:48 BOT 2012: Ajax-> Mostrar  Imagen Portada> tono:142128 
Thu Jan 5 13:13:39 BOT 2012: Session Start>  session por defecto 
Thu Jan 5 13:14:27 BOT 2012: ASYNC -> STATS> Tiempo respuesta 0.004314 seg.
Thu Jan 5 13:16:12 BOT 2012: Ajax->Mostrar Imagen Portada:  
Thu Jan 5 13:17:40 BOT 2012: Ajax->Mostrar Megusta:  
Thu Jan 5 13:17:49 BOT 2012: Ajax->Mostrar Reproducciones:  
Thu Jan 5 13:19:55 BOT 2012: Ajax->Mostrar Ranking:  
Thu Jan 5 13:20:25 BOT 2012: Session Start>  session por defecto 
Thu Jan 5 13:20:49 BOT 2012: ASYNC -> STATS> Tiempo respuesta 0.004213 seg.
Thu Jan 5 13:22:04 BOT 2012: ASYNC -> STATS> Tiempo respuesta 0.506064 seg.
Thu Jan 5 13:22:58 BOT 2012: Ajax->Mostrar Comentarios:  
Thu Jan 5 13:23:37 BOT 2012: Ajax-> Mostrar  Nombre Artista > tono:135667 
Thu Jan 5 13:23:46 BOT 2012: Ajax-> Mostrar Ranking > tono:103584 
Thu Jan 5 13:23:58 BOT 2012: WEB_REPRODUCIR_BUSQUEDA > Se recibieron:20 tonos
Thu Jan 5 13:24:10 BOT 2012: Ajax->Mostrar Nombre Genero:  
Thu Jan 5 13:24:20 BOT 2012: Session Start>  Chequeo de sesion
Thu Jan 5 13:25:47 BOT 2012: Ajax-> Mostrar Ranking > tono:104171 
Thu Jan 5 13:26:05 BOT 2012: ASYNC -> STATS> Tiempo respuesta 0.012586 seg.
Thu Jan 5 13:26:08 BOT 2012: ASYNC -> STATS> Tiempo respuesta -0.111308 seg.
Thu Jan 5 13:26:11 BOT 2012: ASYNC -> STATS> Tiempo respuesta -0.118635 seg.
Thu Jan 5 13:26:14 BOT 2012: ASYNC -> STATS> Tiempo respuesta -0.12405 seg.
Thu Jan 5 13:26:20 BOT 2012: ASYNC -> STATS> Tiempo respuesta 0.226525 seg.
Thu Jan 5 13:27:23 BOT 2012: ASYNC -> STATS> Tiempo respuesta -0.354545 seg.
Thu Jan 5 13:27:44 BOT 2012: Session Start>  session por defecto 
Thu Jan 5 13:32:51 BOT 2012: Ajax->Mostrar Comentarios:  
Thu Jan 5 13:34:12 BOT 2012: ASYNC -> STATS> Tiempo respuesta -0.411863 seg.
Thu Jan 5 13:34:12 BOT 2012: ASYNC -> STATS> Tiempo respuesta 0.042093 seg.
Thu Jan 5 13:34:12 BOT 2012: Asignar backtone escuchado > Asi termino:109395,109394,109618,127787,103475,142912,130367,128606,103655,102922,102899,102592,133699,102630,
Thu Jan 5 13:34:21 BOT 2012: ASYNC -> STATS> Tiempo respuesta 0.002856 seg.
Thu Jan 5 13:34:30 BOT 2012: ASYNC -> STATS> Tiempo respuesta 0.144179 seg.
Thu Jan 5 13:35:09 BOT 2012: Ajax->Mostrar Megusta:  
Thu Jan 5 13:38:30 BOT 2012: Ajax->Mostrar Nombre Genero:  
Thu Jan 5 13:40:31 BOT 2012: STATS > BUSQUEDA DE BACKTONE >Tiempo: 0.005282 seg. | registros: 109
Thu Jan 5 13:41:16 BOT 2012: Ajax->Mostrar Comentarios:  
Thu Jan 5 13:43:34 BOT 2012: Ajax-> Mostrar Ranking > tono:142126 
Thu Jan 5 13:44:46 BOT 2012: Ajax->Mostrar Reproducciones:  
Thu Jan 5 13:47:26 BOT 2012: ASYNC -> STATS> Tiempo respuesta 0.01214 seg.
Thu Jan 5 13:47:29 BOT 2012: ASYNC -> STATS> Tiempo respuesta -0.185856 seg.
Thu Jan 5 13:47:32 BOT 2012: Ajax->Mostrar Megusta:  
Thu Jan 5 13:48:44 BOT 2012: ASYNC -> STATS> Tiempo respuesta -0.655133 seg.
Thu Jan 5 13:48:44 BOT 2012: Consulta de precio de reason:10 - msisdn: tono:104035 Async responde:350
 
Thu Jan 5 13:48:50 BOT 2012: MTD_DB_BUSCAR_ARTISTAS > retornando registros:1
Thu Jan 5 13:48:59 BOT 2012: Asignar backtone escuchado > Asi termino:103948,104080,103944,104688,103943,102713,109605,109604,104205,103607,103600,103598,103595,103991,109557,
Thu Jan 5 13:48:59 BOT 2012: Ajax->Mostrar Nombre Genero:  
Thu Jan 5 13:48:59 BOT 2012: Asignar backtone escuchado > Asi termino:103449,438,435,103450,442,
Thu Jan 5 13:49:29 BOT 2012: Ajax-> Mostrar Comentarios> tono:112462 
Thu Jan 5 13:49:29 BOT 2012: Ajax->Mostrar Imagen Portada:  
Thu Jan 5 13:52:08 BOT 2012: Ajax->Mostrar Comentarios:  
Thu Jan 5 13:52:11 BOT 2012: ASYNC -> STATS> Tiempo respuesta 0.343466 seg.
Thu Jan 5 13:52:14 BOT 2012: ASYNC -> STATS> Tiempo respuesta 0.198276 seg.
Thu Jan 5 13:52:17 BOT 2012: ASYNC -> STATS> Tiempo respuesta 0.007505 seg.
Thu Jan 5 13:52:17 BOT 2012: ASYNC -> STATS> Tiempo respuesta 0.80194 seg.
Thu Jan 5 13:52:20 BOT 2012: ASYNC -> STATS> Tiempo respuesta 0.270378 seg.
Thu Jan 5 13:52:26 BOT 2012: ASYNC -> STATS> Tiempo respuesta 0.011577 seg.
Thu Jan 5 13:52:26 BOT 2012: ASYNC -> STATS> Tiempo respuesta 0.840618 seg.
Thu Jan 5 13:52:44 BOT 2012: Asignar backtone escuchado > Asi termino:103203,103202,109605,109604,104588,105510,133788,133786,105507,105267,105283,105286,105276,105856,255,256,253,104578,104577,104576,
Thu Jan 5 13:53:11 BOT 2012: Ajax-> Mostrar Megusta> tono:131821 
Thu Jan 5 13:54:36 BOT 2012: Asignar backtone escuchado > Asi termino:103612,104071,104064,103604,104504,103595,103074,104027,104045,104044,104043,104035,104036,103072,104026,103991,104049,104046,104034,103996,
Thu Jan 5 13:54:57 BOT 2012: Mostrar Cantidad reproducciones: tono:140780 cantidad: 0
Thu Jan 5 13:55:30 BOT 2012: ASYNC -> STATS> Tiempo respuesta -0.712582 seg.
Thu Jan 5 13:55:30 BOT 2012: ASYNC -> STATS> Tiempo respuesta 0.133562 seg.
Thu Jan 5 13:55:30 BOT 2012: Ajax->Mostrar Reproducciones:  
Thu Jan 5 13:55:33 BOT 2012: ASYNC -> STATS> Tiempo respuesta -0.001381 seg.
Thu Jan 5 13:55:45 BOT 2012: Ajax->Mostrar Megusta:  
Thu Jan 5 13:55:45 BOT 2012: Asignar backtone escuchado > Asi termino:102906,104936,104247,123537,104445,121510,121508,121501,121500,131728,123523,123533,123542,123541,123538,123515,131049,123519,131035,
Thu Jan 5 13:58:18 BOT 2012: Ajax->Mostrar Reproducciones:  
Thu Jan 5 13:59:03 BOT 2012: Ajax-> Mostrar  Nombre Artista > tono:105262 
Thu Jan 5 13:59:45 BOT 2012: Ajax->Mostrar Nombre Genero:  
Thu Jan 5 14:03:16 BOT 2012: Check Session > msisdn: 78288664 > Usuario Valido 
Thu Jan 5 14:04:07 BOT 2012: Ajax->Mostrar Ranking:  
Thu Jan 5 14:04:13 BOT 2012: Busqueda Inteligente: resultados >109500
Thu Jan 5 14:04:31 BOT 2012: Ajax-> Mostrar Comentarios> tono:142122 
Thu Jan 5 14:05:25 BOT 2012: Asignar backtone escuchado > Asi termino:109451,109623,109618,109395,109394,109392,109606,109604,109608,109617,103204,109612,103203,103202,109605,104588,105510,133788,133786,105507,
Thu Jan 5 14:05:46 BOT 2012: Ajax->Mostrar Nombre Genero:  
Thu Jan 5 14:05:55 BOT 2012: MTD_DB_BUSCAR_ARTISTAS > retornando registros:1
Thu Jan 5 14:06:40 BOT 2012: Ajax->Mostrar Reproducciones:  
Thu Jan 5 14:06:55 BOT 2012: Ajax->Mostrar Comentarios:  
Thu Jan 5 14:06:55 BOT 2012: Ajax->Mostrar Comentarios:  
Thu Jan 5 14:07:37 BOT 2012: Ajax->Mostrar Nombre Genero:  
Thu Jan 5 14:08:14 BOT 2012: ASYNC -> STATS> Tiempo respuesta 0.010915 seg.
Thu Jan 5 14:08:41 BOT 2012: Ajax->Mostrar Reproducciones:  
Thu Jan 5 14:11:11 BOT 2012: Error al consultar precio de renovacion - msisdn: tono:103963 - Async responde -3
Thu Jan 5 14:11:41 BOT 2012: Asignar backtone escuchado > Asi termino:133882,133881,62,131819,107737,106295,455,132095,131767,105852,131762,105850,105848,132458,132460,139,105842,122,131758,127376,
Thu Jan 5 14:11:53 BOT 2012: Mostrar Ranking: tono:240 calificacion: 5
Thu Jan 5 14:11:53 BOT 2012: MTD_DB_BUSCAR_ARTISTAS > retornando registros:41
Thu Jan 5 14:12:20 BOT 2012: Ajax-> Mostrar Comentarios> tono:492 
Thu Jan 5 14:13:35 BOT 2012: Ajax->Mostrar Imagen Portada:  
Thu Jan 5 14:13:47 BOT 2012: Ajax-> Mostrar Ranking > tono:109322 
Thu Jan 5 14:14:02 BOT 2012: Ajax->Mostrar Imagen Portada:  
Thu Jan 5 14:16:03 BOT 2012: ASYNC -> STATS> Tiempo respuesta 0.007639 seg.
Thu Jan 5 14:16:06 BOT 2012: ASYNC -> STATS> Tiempo respuesta 0.00332 seg.
Thu Jan 5 14:16:09 BOT 2012: ASYNC -> STATS> Tiempo respuesta -0.007038 seg.
Thu Jan 5 14:16:18 BOT 2012: ASYNC -> STATS> Tiempo respuesta -0.688611 seg.
Thu Jan 5 14:16:18 BOT 2012: Consulta de precio de reason:2 - msisdn:77076492 tono:104253 Async responde:350
 
Thu Jan 5 14:16:18 BOT 2012: Asignar backtone escuchado > Asi termino:132454,142111,142126,142115,141915,140785,142130,142122,140782,142124,142113,140780,142128,140778,142119,140787,131616,
Thu Jan 5 14:16:18 BOT 2012: Ajax->Mostrar Imagen Portada:  
Thu Jan 5 14:16:24 BOT 2012: Ajax->Mostrar Nombre Artista:  
Thu Jan 5 14:17:24 BOT 2012: Session Start>  session por defecto 
Thu Jan 5 14:20:45 BOT 2012: Ajax->Mostrar Megusta:  
Thu Jan 5 14:21:25 BOT 2012: Ajax->Mostrar Reproducciones:  
Thu Jan 5 14:22:01 BOT 2012: Mostrar Ranking: tono:141915 calificacion: 
Thu Jan 5 14:22:01 BOT 2012: Ajax->Mostrar Nombre Genero:  
Thu Jan 5 14:22:16 BOT 2012: Ajax->Mostrar Ranking:  
Thu Jan 5 14:22:58 BOT 2012: Ajax-> Mostrar Ranking > tono:139335 
Thu Jan 5 14:23:25 BOT 2012: Ajax->Mostrar Reproducciones:  
Thu Jan 5 14:24:10 BOT 2012: Ajax-> Login Usuario msisdn:   pin: > Validar msisdn
Thu Jan 5 14:25:16 BOT 2012: Ajax-> Mostrar Ranking > tono:137811 
Thu Jan 5 14:25:37 BOT 2012: ASYNC -> STATS> Tiempo respuesta 0.0021089999999999 seg.
Thu Jan 5 14:25:58 BOT 2012: Ajax->Mostrar Comentarios:  
Thu Jan 5 14:29:41 BOT 2012: Ajax-> Mostrar  Imagen Portada> tono:140785 
Thu Jan 5 14:30:17 BOT 2012: Ajax-> Mostrar Ranking > tono:142624 
Thu Jan 5 14:32:08 BOT 2012: Ajax-> Mostrar  Nombre Genero > tono:132454 
Thu Jan 5 14:32:38 BOT 2012: Ajax->Mostrar Nombre Artista:  
Thu Jan 5 14:32:59 BOT 2012: ASYNC -> STATS> Tiempo respuesta 0.015718 seg.
Thu Jan 5 14:33:29 BOT 2012: ASYNC -> STATS> Tiempo respuesta 0.108247 seg.
Thu Jan 5 14:34:26 BOT 2012: ASYNC -> STATS> Tiempo respuesta 0.0074920000000001 seg.
Thu Jan 5 14:35:20 BOT 2012: ASYNC -> STATS> Tiempo respuesta 0.0099 seg.
Thu Jan 5 14:35:20 BOT 2012: WEB_REPRODUCIR_BUSQUEDA > Se recibieron:114 tonos
Thu Jan 5 14:37:51 BOT 2012: Ajax->Mostrar Imagen Portada:  
Thu Jan 5 14:38:18 BOT 2012: Ajax->Mostrar Imagen Portada:  
Thu Jan 5 14:40:09 BOT 2012: Ajax->Mostrar Reproducciones:  
Thu Jan 5 14:40:21 BOT 2012: Ajax->Mostrar Comentarios:  
Thu Jan 5 14:41:21 BOT 2012: Check Session > msisdn: 77476271 > Usuario Valido 
Thu Jan 5 14:41:45 BOT 2012: Asignar backtone escuchado > Asi termino:142128,140778,142119,140787,132454,142111,142126,142115,141915,140785,142130,142122,140782,142124,142113,140780,131616,
Thu Jan 5 14:42:06 BOT 2012: Ajax-> Mostrar Megusta> tono:141880 
Thu Jan 5 14:44:37 BOT 2012: Ajax-> Mostrar Megusta> tono:104214 
Thu Jan 5 14:46:55 BOT 2012: Retornando el siguiente resultado 
 <div><div id='contenedor-albumes'><div  id="contenedor-busqueda" style="height:35px;">
    <div class="contenedor-enlaces-busqueda"  >
        <a class="enlaces-busqueda" style="color:navy;"href='index.php?seccion=playlist&autor=22' >Babasonicos</a>
    </div>
</div>
<div  id="contenedor-busqueda" style="height:35px;">
    <div class="contenedor-enlaces-busqueda"  >
        <a class="enlaces-busqueda" style="color:navy;"href='index.php?seccion=playlist&autor=1229' >Back street boys</a>
    </div>
</div>
<div  id="contenedor-busqueda" style="height:35px;">
    <div class="contenedor-enlaces-busqueda"  >
        <a class="enlaces-busqueda" style="color:navy;"href='index.php?seccion=playlist&autor=562' >BackstreetBoys</a>
    </div>
</div>
<div  id="contenedor-busqueda" style="height:35px;">
    <div class="contenedor-enlaces-busqueda"  >
        <a class="enlaces-busqueda" style="color:navy;"href='index.php?seccion=playlist&autor=668' >Badaloz</a>
    </div>
</div>
<div  id="contenedor-busqueda" style="height:35px;">
    <div class="contenedor-enlaces-busqueda"  >
        <a class="enlaces-busqueda" style="color:navy;"href='index.php?seccion=playlist&autor=430' >Bag Raiders</a>
    </div>
</div>
<div  id="contenedor-busqueda" style="height:35px;">
    <div class="contenedor-enlaces-busqueda"  >
        <a class="enlaces-busqueda" style="color:navy;"href='index.php?seccion=playlist&autor=480' >Bahiano</a>
    </div>
</div>
<div  id="contenedor-busqueda" style="height:35px;">
    <div class="contenedor-enlaces-busqueda"  >
        <a class="enlaces-busqueda" style="color:navy;"href='index.php?seccion=playlist&autor=525' >BAILA BAILA</a>
    </div>
</div>
<div  id="contenedor-busqueda" style="height:35px;">
    <div class="contenedor-enlaces-busqueda"  >
        <a class="enlaces-busqueda" style="color:navy;"href='index.php?seccion=playlist&autor=412' >Bajo Fondo</a>
    </div>
</div>
<div  id="contenedor-busqueda" style="height:35px;">
    <div class="contenedor-enlaces-busqueda"  >
        <a class="enlaces-busqueda" style="color:navy;"href='index.php?seccion=playlist&autor=1103' >Banda</a>
    </div>
</div>
<div  id="contenedor-busqueda" style="height:35px;">
    <div class="contenedor-enlaces-busqueda"  >
        <a class="enlaces-busqueda" style="color:navy;"href='index.php?seccion=playlist&autor=131' >Banda Continental</a>
    </div>
</div>
<div  id="contenedor-busqueda" style="height:35px;">
    <div class="contenedor-enlaces-busqueda"  >
        <a class="enlaces-busqueda" style="color:navy;"href='index.php?seccion=playlist&autor=672' >Banda Descadenados</a>
    </div>
</div>
<div  id="contenedor-busqueda" style="height:35px;">
    <div class="contenedor-enlaces-busqueda"  >
        <a class="enlaces-busqueda" style="color:navy;"href='index.php?seccion=playlist&autor=633' >Banda el Recodo</a>
    </div>
</div>
<div  id="contenedor-busqueda" style="height:35px;">
    <div class="contenedor-enlaces-busqueda"  >
        <a class="enlaces-busqueda" style="color:navy;"href='index.php?seccion=playlist&autor=549' >Banda Juventud Centralistas..</a>
    </div>
</div>
<div  id="contenedor-busqueda" style="height:35px;">
    <div class="contenedor-enlaces-busqueda"  >
        <a class="enlaces-busqueda" style="color:navy;"href='index.php?seccion=playlist&autor=546' >Banda Poopo</a>
    </div>
</div>
<div  id="contenedor-busqueda" style="height:35px;">
    <div class="contenedor-enlaces-busqueda"  >
        <a class="enlaces-busqueda" style="color:navy;"href='index.php?seccion=playlist&autor=145' >Banda reggaeton</a>
    </div>
</div>
<div  id="contenedor-busqueda" style="height:35px;">
    <div class="contenedor-enlaces-busqueda"  >
        <a class="enlaces-busqueda" style="color:navy;"href='index.php?seccion=playlist&autor=186' >Banda XXI</a>
    </div>
</div>
<div  id="contenedor-busqueda" style="height:35px;">
    <div class="contenedor-enlaces-busqueda"  >
        <a class="enlaces-busqueda" style="color:navy;"href='index.php?seccion=playlist&autor=788' >BANDAS</a>
    </div>
</div>
<div  id="contenedor-busqueda" style="height:35px;">
    <div class="contenedor-enlaces-busqueda"  >
        <a class="enlaces-busqueda" style="color:navy;"href='index.php?seccion=playlist&autor=1262' >Barbara Streisand</a>
    </div>
</div>
<div  id="contenedor-busqueda" style="height:35px;">
    <div class="contenedor-enlaces-busqueda"  >
        <a class="enlaces-busqueda" style="color:navy;"href='index.php?seccion=playlist&autor=329' >barrio</a>
    </div>
</div>
<div  id="contenedor-busqueda" style="height:35px;">
    <div class="contenedor-enlaces-busqueda"  >
        <a class="enlaces-busqueda" style="color:navy;"href='index.php?seccion=playlist&autor=121' >Barry White</a>
    </div>
</div>
<div  id="contenedor-busqueda" style="height:35px;">
    <div class="contenedor-enlaces-busqueda"  >
        <a class="enlaces-busqueda" style="color:navy;"href='index.php?seccion=playlist&autor=785' >Bee Gees</a>
    </div>
</div>
<div  id="contenedor-busqueda" style="height:35px;">
    <div class="contenedor-enlaces-busqueda"  >
        <a class="enlaces-busqueda" style="color:navy;"href='index.php?seccion=playlist&autor=314' >Belanova</a>
    </div>
</div>
<div  id="contenedor-busqueda" style="height:35px;">
    <div class="contenedor-enlaces-busqueda"  >
        <a class="enlaces-busqueda" style="color:navy;"href='index.php?seccion=playlist&autor=552' >Belinda</a>
    </div>
</div>
<div  id="contenedor-busqueda" style="height:35px;">
    <div class="contenedor-enlaces-busqueda"  >
        <a class="enlaces-busqueda" style="color:navy;"href='index.php?seccion=playlist&autor=786' >Berlin</a>
    </div>
</div>
<div  id="contenedor-busqueda" style="height:35px;">
    <div class="contenedor-enlaces-busqueda"  >
        <a class="enlaces-busqueda" style="color:navy;"href='index.php?seccion=playlist&autor=23' >Beyonce</a>
    </div>
</div>
<div  id="contenedor-busqueda" style="height:35px;">
    <div class="contenedor-enlaces-busqueda"  >
        <a class="enlaces-busqueda" style="color:navy;"href='index.php?seccion=playlist&autor=744' >Big Yamo</a>
    </div>
</div>
<div  id="contenedor-busqueda" style="height:35px;">
    <div class="contenedor-enlaces-busqueda"  >
        <a class="enlaces-busqueda" style="color:navy;"href='index.php?seccion=playlist&autor=431' >Bingo Players Vs Chocolate ..</a>
    </div>
</div>
<div  id="contenedor-busqueda" style="height:35px;">
    <div class="contenedor-enlaces-busqueda"  >
        <a class="enlaces-busqueda" style="color:navy;"href='index.php?seccion=playlist&autor=81' >Black Eyed Peas</a>
    </div>
</div>
<div  id="contenedor-busqueda" style="height:35px;">
    <div class="contenedor-enlaces-busqueda"  >
        <a class="enlaces-busqueda" style="color:navy;"href='index.php?seccion=playlist&autor=761' >Blue Caps Tonos</a>
    </div>
</div>
<div  id="contenedor-busqueda" style="height:35px;">
    <div class="contenedor-enlaces-busqueda"  >
        <a class="enlaces-busqueda" style="color:navy;"href='index.php?seccion=playlist&autor=678' >Bob Esponja</a>
    </div>
</div>
<div  id="contenedor-busqueda" style="height:35px;">
    <div class="contenedor-enlaces-busqueda"  >
        <a class="enlaces-busqueda" style="color:navy;"href='index.php?seccion=playlist&autor=147' >Bob marley</a>
    </div>
</div>
<div  id="contenedor-busqueda" style="height:35px;">
    <div class="contenedor-enlaces-busqueda"  >
        <a class="enlaces-busqueda" style="color:navy;"href='index.php?seccion=playlist&autor=88' >Bob Sinclar</a>
    </div>
</div>
<div  id="contenedor-busqueda" style="height:35px;">
    <div class="contenedor-enlaces-busqueda"  >
        <a class="enlaces-busqueda" style="color:navy;"href='index.php?seccion=playlist&autor=662' >Boca</a>
    </div>
</div>
<div  id="contenedor-busqueda" style="height:35px;">
    <div class="contenedor-enlaces-busqueda"  >
        <a class="enlaces-busqueda" style="color:navy;"href='index.php?seccion=playlist&autor=459' >Bocelli</a>
    </div>
</div>
<div  id="contenedor-busqueda" style="height:35px;">
    <div class="contenedor-enlaces-busqueda"  >
        <a class="enlaces-busqueda" style="color:navy;"href='index.php?seccion=playlist&autor=113' >Bodyrockers</a>
    </div>
</div>
<div  id="contenedor-busqueda" style="height:35px;">
    <div class="contenedor-enlaces-busqueda"  >
        <a class="enlaces-busqueda" style="color:navy;"href='index.php?seccion=playlist&autor=399' >Bolzoni</a>
    </div>
</div>
</div><!-- CONTENEDOR !-->
                                </div><!-- ITEMS !-->
                                <div><!-- ITEMS 37 !-->
                                <div id='contenedor-albumes'><div  id="contenedor-busqueda" style="height:35px;">
    <div class="contenedor-enlaces-busqueda"  >
        <a class="enlaces-busqueda" style="color:navy;"href='index.php?seccion=playlist&autor=733' >Bon Jovi</a>
    </div>
</div>
<div  id="contenedor-busqueda" style="height:35px;">
    <div class="contenedor-enlaces-busqueda"  >
        <a class="enlaces-busqueda" style="color:navy;"href='index.php?seccion=playlist&autor=1452' >Bonanza</a>
    </div>
</div>
<div  id="contenedor-busqueda" style="height:35px;">
    <div class="contenedor-enlaces-busqueda"  >
        <a class="enlaces-busqueda" style="color:navy;"href='index.php?seccion=playlist&autor=413' >Boyero</a>
    </div>
</div>
<div  id="contenedor-busqueda" style="height:35px;">
    <div class="contenedor-enlaces-busqueda"  >
        <a class="enlaces-busqueda" style="color:navy;"href='index.php?seccion=playlist&autor=74' >Britney spears</a>
    </div>
</div>
<div  id="contenedor-busqueda" style="height:35px;">
    <div class="contenedor-enlaces-busqueda"  >
        <a class="enlaces-busqueda" style="color:navy;"href='index.php?seccion=playlist&autor=310' >Bronco</a>
    </div>
</div>
<div  id="contenedor-busqueda" style="height:35px;">
    <div class="contenedor-enlaces-busqueda"  >
        <a class="enlaces-busqueda" style="color:navy;"href='index.php?seccion=playlist&autor=280' >Bronk</a>
    </div>
</div>
<div  id="contenedor-busqueda" style="height:35px;">
    <div class="contenedor-enlaces-busqueda"  >
        <a class="enlaces-busqueda" style="color:navy;"href='index.php?seccion=playlist&autor=600' >Bruno e Marrone</a>
    </div>
</div>
<div  id="contenedor-busqueda" style="height:35px;">
    <div class="contenedor-enlaces-busqueda"  >
        <a class="enlaces-busqueda" style="color:navy;"href='index.php?seccion=playlist&autor=396' >Bustamente</a>
    </div>
</div>
</div></div>
Thu Jan 5 14:47:37 BOT 2012: Ajax->Mostrar Nombre Artista:  
Thu Jan 5 14:51:02 BOT 2012: Ajax->Mostrar Megusta:  
Thu Jan 5 14:52:38 BOT 2012: Ajax-> Mostrar Comentarios> tono:142130 
Thu Jan 5 14:53:44 BOT 2012: Ajax->Mostrar Comentarios:  
Thu Jan 5 14:55:56 BOT 2012: Asignar backtone escuchado > Asi termino:118727,118725,118724,115942,131821,127757,127759,143086,143088,142916,
Thu Jan 5 14:57:09 BOT 2012: Ajax->Mostrar Nombre Artista:  
Thu Jan 5 14:57:09 BOT 2012: Ajax->Mostrar Nombre Genero:  
Thu Jan 5 14:58:36 BOT 2012: Ajax->Mostrar Nombre Artista:  
Thu Jan 5 14:59:00 BOT 2012: Ajax->Mostrar Reproducciones:  
Thu Jan 5 14:59:15 BOT 2012: Ajax->Mostrar Reproducciones:  
Thu Jan 5 14:59:21 BOT 2012: ASYNC -> STATS> Tiempo respuesta 0.00967 seg.
Thu Jan 5 15:00:27 BOT 2012: Asignar backtone escuchado > Asi termino:141920,141111,137867,137865,133441,140845,131807,141917,142286,141946,140836,142287,120256,131812,142230,140821,123515,123528,131730,123530,
Thu Jan 5 15:00:42 BOT 2012: MTD_DB_BUSCAR_ARTISTAS > retornando registros:44
Thu Jan 5 15:04:04 BOT 2012: ASYNC -> STATS> Tiempo respuesta -0.857902 seg.
Thu Jan 5 15:04:07 BOT 2012: Asignar backtone escuchado > Asi termino:142124,140780,142113,276,509,130053,141920,141111,137867,137865,133441,140845,131807,141917,142286,141946,140836,142287,120256,131812,
Thu Jan 5 15:04:25 BOT 2012: Ajax->Mostrar Reproducciones:  
Thu Jan 5 15:04:46 BOT 2012: Asignar backtone escuchado > Asi termino:104788,103615,104582,107573,103473,103472,105533,105096,133736,130053,133412,32,133440,131616,105527,104622,105523,109227,131814,131625,
Thu Jan 5 15:04:58 BOT 2012: Ajax-> Mostrar Ranking > tono:140778 
Thu Jan 5 15:08:01 BOT 2012: Ajax->Mostrar Reproducciones:  
Thu Jan 5 15:11:44 BOT 2012: Ajax-> Mostrar  Imagen Portada> tono:142287 
Thu Jan 5 15:13:29 BOT 2012: Ajax->Mostrar Imagen Portada:  
Thu Jan 5 15:13:59 BOT 2012: Ajax->Mostrar Megusta:  
Thu Jan 5 15:21:03 BOT 2012: Ajax->Mostrar Imagen Portada:  
Thu Jan 5 15:21:06 BOT 2012: Mostrar Ranking: tono:140778 calificacion: 
Thu Jan 5 15:21:36 BOT 2012: Ajax-> Mostrar Megusta> tono:142128 
Thu Jan 5 15:21:57 BOT 2012: Session Start>  Chequeo de sesion
Thu Jan 5 15:22:39 BOT 2012: ASYNC -> STATS> Tiempo respuesta 0.001675 seg.
Thu Jan 5 15:23:27 BOT 2012: Ajax->Mostrar Ranking:  
Thu Jan 5 15:25:34 BOT 2012: Ajax-> Mostrar Ranking > tono:141915 
Thu Jan 5 15:25:58 BOT 2012: ASYNC -> STATS> Tiempo respuesta 0.005764 seg.
Thu Jan 5 15:26:10 BOT 2012: Ajax->Mostrar Comentarios:  
Thu Jan 5 15:27:52 BOT 2012: Ajax-> Mostrar  Nombre Genero > tono:131824 
Thu Jan 5 15:28:52 BOT 2012: Ajax->Mostrar Ranking:  
Thu Jan 5 15:31:19 BOT 2012: Busqueda Inteligente: resultados >104122
Thu Jan 5 15:32:38 BOT 2012: Ajax->Mostrar Reproducciones:  
Thu Jan 5 15:32:59 BOT 2012: ASYNC -> STATS> Tiempo respuesta 0.006452 seg.
Thu Jan 5 15:35:02 BOT 2012: Busqueda Inteligente: resultados >124025
Thu Jan 5 15:35:44 BOT 2012: Ajax-> Mostrar Comentarios> tono:133703 
Thu Jan 5 15:36:59 BOT 2012: Ajax->Mostrar Ranking:  
Thu Jan 5 15:38:17 BOT 2012: Ajax->Mostrar Imagen Portada:  
Thu Jan 5 15:39:21 BOT 2012: Asignar backtone escuchado > Asi termino:105004,105003,104467,104466,105002,104471,129231,105001,104395,105000,104998,104999,126029,105498,103687,129445,129230,123218,110221,103686,
Thu Jan 5 15:39:24 BOT 2012: Ajax->Mostrar Reproducciones:  
Thu Jan 5 15:39:36 BOT 2012: Ajax-> Mostrar  Nombre Artista > tono:110174 
Thu Jan 5 15:41:06 BOT 2012: Ajax-> Mostrar  Imagen Portada> tono:103132 
Thu Jan 5 15:43:24 BOT 2012: Ajax-> Mostrar  Nombre Artista > tono:140821 
Thu Jan 5 15:43:54 BOT 2012: Mostrar Album: >Artista:  <a href='index.php?seccion=playlist&autor=157'>telecel</a>
Thu Jan 5 15:44:09 BOT 2012: Ajax->Mostrar Megusta:  
Thu Jan 5 15:45:54 BOT 2012: Ajax->Mostrar Ranking:  
Thu Jan 5 15:46:36 BOT 2012: Asignar backtone escuchado > Asi termino:113631,117842,105549,142913,105550,105548,131721,105092,105263,129675,109407,105547,132110,105262,105546,
Thu Jan 5 15:46:40 BOT 2012: Session Start>  session por defecto 
Thu Jan 5 15:46:40 BOT 2012: Ajax->Mostrar Reproducciones:  
Thu Jan 5 15:47:37 BOT 2012: Ajax-> Mostrar Ranking > tono:133719 
Thu Jan 5 15:48:49 BOT 2012: STATS > BUSQUEDA DE BACKTONE >Tiempo: -0.435272 seg. | registros: 10
Thu Jan 5 15:49:04 BOT 2012: Ajax-> Mostrar Ranking > tono:134660 
Thu Jan 5 15:50:10 BOT 2012: Busqueda Inteligente: resultados >105309
Thu Jan 5 15:50:22 BOT 2012: WEB_REPRODUCIR_BUSQUEDA > Se recibieron:5 tonos
Thu Jan 5 15:51:25 BOT 2012: Ajax-> Mostrar Megusta> tono:343 
Thu Jan 5 15:56:47 BOT 2012: ASYNC -> STATS> Tiempo respuesta -0.387783 seg.
Thu Jan 5 15:56:47 BOT 2012: ASYNC -> STATS> Tiempo respuesta 0.118767 seg.
Thu Jan 5 15:58:44 BOT 2012: Ajax->Mostrar Imagen Portada:  
Thu Jan 5 15:59:47 BOT 2012: Consulta de precio de reason:3 - msisdn: tono:104738 Async responde:350
 
Thu Jan 5 16:00:08 BOT 2012: Ajax-> Mostrar Ranking > tono:104294 
Thu Jan 5 16:01:30 BOT 2012: Busqueda Inteligente: resultados >133831
Thu Jan 5 16:01:30 BOT 2012: Consulta de precio de reason:2 - msisdn:76009059 tono:118749 Async responde:350
 
Thu Jan 5 16:01:45 BOT 2012: ASYNC -> STATS> Tiempo respuesta -0.345303 seg.
Thu Jan 5 16:01:45 BOT 2012: Asignar backtone escuchado > Asi termino:105373,105374,105376,105372,105377,105378,105379,105380,105381,105382,105383,105368,105365,105550,105263,105546,105262,
Thu Jan 5 16:03:27 BOT 2012: WEB REPROD BUSQ > Facebook link: http%3A%2F%2Fbacktones.tigo.com.bo%2Fv3%2Findex.php%3Fseccion%3Dplaylist%26genero%3D126%26f%3D1%26t%3D123123
Thu Jan 5 16:03:57 BOT 2012: Busqueda Inteligente: resultados >138876
Thu Jan 5 16:05:39 BOT 2012: Mostrar Genero: >G&eacute;nero:  <a href='index.php?seccion=playlist&genero=143'>Latinas</a>
Thu Jan 5 16:06:03 BOT 2012: Session Start>  Chequeo de sesion
Thu Jan 5 16:06:06 BOT 2012: Ajax->Mostrar Ranking:  
Thu Jan 5 16:06:06 BOT 2012: Ajax-> Mostrar Ranking > tono:104293 
Thu Jan 5 16:07:24 BOT 2012: Ajax->Mostrar Reproducciones:  
Thu Jan 5 16:07:24 BOT 2012: Ajax->Mostrar Nombre Genero:  
Thu Jan 5 16:09:25 BOT 2012: Ajax->Mostrar Comentarios:  
Thu Jan 5 16:10:13 BOT 2012: Ajax->Mostrar Nombre Artista:  
Thu Jan 5 16:11:58 BOT 2012: Ajax-> Mostrar Ranking > tono:104158 
Thu Jan 5 16:12:13 BOT 2012: Ajax->Mostrar Comentarios:  
Thu Jan 5 16:12:46 BOT 2012: Ajax-> Mostrar  Nombre Artista > tono:104293 
Thu Jan 5 16:13:01 BOT 2012: Ajax-> Mostrar Megusta> tono:132451 
Thu Jan 5 16:15:41 BOT 2012: Ajax->Mostrar Megusta:  
Thu Jan 5 16:17:38 BOT 2012: Asignar backtone escuchado > Asi termino:102928,129203,102659,129201,103176,130985,129217,134014,103545,133883,103544,103543,136231,129938,103542,127295,103068,102658,134012,133881,
Thu Jan 5 16:18:11 BOT 2012: ASYNC -> STATS> Tiempo respuesta 0.006017 seg.
Thu Jan 5 16:18:56 BOT 2012: ASYNC -> STATS> Tiempo respuesta 0.002952 seg.
Thu Jan 5 16:21:17 BOT 2012: Ajax->Actualizar pin usuario
Thu Jan 5 16:23:39 BOT 2012: Asignar backtone escuchado > Asi termino:103300,102660,128614,135950,127450,103069,103220,103549,129419,103548,110,103547,103184,102928,129203,102659,129201,103176,130985,129217,
Thu Jan 5 16:27:06 BOT 2012: Ajax->Mostrar Ranking:  
Thu Jan 5 16:27:06 BOT 2012: Ajax->Mostrar Reproducciones:  
Thu Jan 5 16:31:19 BOT 2012: STATS > BUSQUEDA DE BACKTONE >Tiempo: 0.031348 seg. | registros: 85
Thu Jan 5 16:36:34 BOT 2012: Mostrar Album: >Artista:  <a href='index.php?seccion=playlist&autor=729'>Eminem</a>
Thu Jan 5 16:41:38 BOT 2012: Check Session > msisdn: 75014714 > Usuario Valido 
Thu Jan 5 16:42:14 BOT 2012: Check Session > msisdn: 76686885  token:c170e4f432d98d9eb9b50ff2df6075ca
Thu Jan 5 16:42:14 BOT 2012: WEB_REPRODUCIR_BUSQUEDA > Se recibieron:114 tonos
Thu Jan 5 16:42:41 BOT 2012: Mostrar Comentarios : tono:140821 
Thu Jan 5 16:43:59 BOT 2012: Ajax->Mostrar Nombre Genero:  
Thu Jan 5 16:44:30 BOT 2012: Asignar backtone escuchado > Asi termino:105544,103572,105541,103573,103853,127895,103554,103571,104496,105133,102593,102594,102595,102596,102597,102603,103553,112318,103570,
Thu Jan 5 16:45:27 BOT 2012: Ajax->Mostrar Megusta:  
Thu Jan 5 16:45:54 BOT 2012: Asignar backtone escuchado > Asi termino:103572,105544,105541,103574,256,104916,105542,253,103855,103573,103853,127895,103554,103571,104496,105133,102593,102594,102595,
Thu Jan 5 16:46:21 BOT 2012: Ajax-> Mostrar  Imagen Portada> Album:Artista:  <a href='index.php?seccion=playlist&autor=49'>Calle13</a>
Thu Jan 5 16:46:39 BOT 2012: Ajax-> Mostrar  Nombre Artista > tono:128436 
Thu Jan 5 16:47:00 BOT 2012: ASYNC -> STATS> Tiempo respuesta 0.005476 seg.
Thu Jan 5 16:47:06 BOT 2012: ASYNC -> STATS> Tiempo respuesta -0.25438 seg.
Thu Jan 5 16:47:09 BOT 2012: ASYNC -> STATS> Tiempo respuesta 0.05589 seg.
Thu Jan 5 16:47:12 BOT 2012: ASYNC -> STATS> Tiempo respuesta -0.262884 seg.
Thu Jan 5 16:47:18 BOT 2012: ASYNC -> STATS> Tiempo respuesta -0.544863 seg.
Thu Jan 5 16:47:21 BOT 2012: ASYNC -> STATS> Tiempo respuesta 0.025457 seg.
Thu Jan 5 16:47:36 BOT 2012: ASYNC -> STATS> Tiempo respuesta 0.118443 seg.
Thu Jan 5 16:48:12 BOT 2012: Asignar backtone escuchado > Asi termino:140821,140849,140847,140825,140823,137882,
Thu Jan 5 16:48:54 BOT 2012: Check Session > msisdn: 76107773 > Usuario Valido 
Thu Jan 5 16:51:19 BOT 2012: Busqueda Inteligente: Resultado 
 137970;C Mon ft Diplo and Bustha Rhymes;Dj Tiesto Vs Diplo;Electronicas
138286;Traffic Radio Edit;Dj Tiesto;Electronicas
138311;Who Wants To Be Alone;Dj Tiesto feat Nelly Furtado;Electronicas
104331;Cara de Dengue V1;DJ;Sonidos
104510; Chiquillada V2;Jardin Unicornio;Sonidos
276;15 dias;La banda de lechuga;Cumbia
121;Andando;Diego Torres;Latinas
103692;ANDANDO-;Diego Torres;Latinas
104507; Dormite Tranquilo;Claudio Taddei;Sonidos
141636;ASE_02DEDIC2011_1_SALUDO;KARAOKE;KARAOKE
141626;ASE_02DEDIC2011_1_SONIDO;KARAOKE;KARAOKE
141631;ASE_02DEDIC2011_2_SONIDO;KARAOKE;KARAOKE
141659;ASE_03DEDIC2011_1_SALUDO;KARAOKE;KARAOKE
141661;ASE_03DEDIC2011_1_SONIDO;KARAOKE;KARAOKE
141676;ASE_03DEDIC2011_2_SALUDO;KARAOKE;KARAOKE
141665;ASE_03DEDIC2011_2_SONIDO;KARAOKE;KARAOKE
141677;ASE_03DEDIC2011_3_SALUDO;KARAOKE;KARAOKE
141673;ASE_03DEDIC2011_3_SONIDO;KARAOKE;KARAOKE
141674;ASE_03DEDIC2011_4_SONIDO;KARAOKE;KARAOKE
141678;ASE_03DEDIC2011_5_SONIDO;KARAOKE;KARAOKE
141682;ASE_03DEDIC2011_6_SONIDO;KARAOKE;KARAOKE
141683;ASE_03DEDIC2011_7_SONIDO;KARAOKE;KARAOKE
142066;ASE_10DEDIC2011_1_SONIDO;KARAOKE;KARAOKE
142069;ASE_10DEDIC2011_2_SONIDO;KARAOKE;KARAOKE
142184;ASE_11DEDIC2011_1_SALUDO;KARAOKE;KARAOKE
142782;ASE_23DEDIC2011_1_SALUDO;KARAOKE;KARAOKE
142807;ASE_24DEDIC2011_1_SALUDO;KARAOKE;KARAOKE
142809;ASE_24DEDIC2011_2_SALUDO;KARAOKE;KARAOKE
143130;ASE_30DEDIC2011_1_SALUDO;KARAOKE;KARAOKE
143148;ASE_30DEDIC2011_1_SONIDO;KARAOKE;KARAOKE
143147;ASE_30DEDIC2011_2_SALUDO;KARAOKE;KARAOKE
143153;ASE_30DEDIC2011_2_SONIDO;KARAOKE;KARAOKE
143156;ASE_30DEDIC2011_3_SALUDO;KARAOKE;KARAOKE
143171;ASE_31DEDIC2011_1_SALUDO;KARAOKE;KARAOKE
143163;ASE_31DEDIC2011_1_SONIDO;KARAOKE;KARAOKE
143176;ASE_31DEDIC2011_2_SALUDO;KARAOKE;KARAOKE
143164;ASE_31DEDIC2011_2_SONIDO;KARAOKE;KARAOKE
143173;ASE_31DEDIC2011_3_SONIDO;KARAOKE;KARAOKE
143172;ASE_31DEDIC2011_4_SONIDO;KARAOKE;KARAOKE
141563;AVV_01DEDIC2011_1_SALUDO;KARAOKE;KARAOKE
141639;AVV_03DEDIC2011_1_SALUDO;KARAOKE;KARAOKE
143353;AVV_03DEDIC2012_1_SALUDO;KARAOKE;KARAOKE
138309;Just Be ft Kristy Hawkshaw;Dj Tiesto;Electronicas
138306;Zero 76 Original Mix;Dj Tiesto and Hardwell;Electronicas
137972;Zero 76 Original Mix part 2;Dj Tiesto and Hardwell;Electronicas
104332;Cara de Dengue V2;DJ;BICENTENARIO
128956;Lady Opratel;Dj Mendez Opratel;Mi Promo ConTigo
103491;Soundsystem Jaded;Flip y djuma;Electronicas
104190; Canita Canaveral;Banda Juventud Centralistas de La Paz;Carnaval
104177; Chirapas;La Banda de Perucho;Carnaval
104189; El Tio;Banda Juventud Centralistas de La Paz;Carnaval
104178; En Las Playas Del Beni;La Banda de Perucho;Carnaval
103939; Jingle Bells;Moderatto;Navidad
104195; Mi Fiel Promesa;Banda Juventud Centralistas de La Paz;Carnaval
103940; Noche De Paz;Moderatto;Navidad
104175; Tahichi Aguilera;La Banda de Perucho;Carnaval
103479;2EntraEnMiVidaAlbumVersion;Sin Bandera;Latinas
103480;2Recordando a Natacha;Sombra;Latinas
102646;5 de septiembre;Banda reggaeton;Reggaeton
104967;A Don Ata;Soledad Pastorutti;Latinas
386;A Escodidas;Agrupacion marilyn;Cumbia
322;A escondidas;Agrupacion marylin;Latinas
604;A escondidas.;Agrupacion marilyn;Cumbia
131819;A Good Day For Love To Die;The Wanted;Pop
104133;A-A-A-A-A-A espectacular;Dalebe;Sonidos
142912;Adornando El Arbolito;opratel;Navidad
102526;Adoro;Dalila;Latinas
103187;al filo de la irrealidad;Bustamente;Pop
608;Aleluya es navidad;Aldo Penha;Navidad
107755;Alex te da temas de conversacion-MTV ISA TKM;MTV;MTV
129931;Almas Armadas;Gustavo Cordera;Latinas
307;Almohada de piedra;Covertone;Latinas
325;Amor en bici;La banda de lechuga;Cumbia
103303;amor verdadero;PK2;Latinas
104942;animal de ciudad;Animal de Ciudad;Latinas
129899;Antes De Ti;Marcela Gandara;Cristianas
103825;Arde la ciudad;Version Opratel;Latinas
104928;ATENCION SOLDADO ATIENDA SU CELULAR;Version Opratel;Clasicos
104193;Ay Rosita;Banda Juventud Centralistas de La Paz;Carnaval
104232;bailar pegados;SERGIO DALMA;Latinas
104051;Bandas marchando;Version Opratel;Clasicos
104223;bandera blanca;SERGIO DALMA;Latinas
102710;Bebe riendose a  carcajadas;Mbarete;Sonidos
102902;Bebe riendose a  carcajadas2;Mbarete;Sonidos
129936;Besos Usados Opratel;Andres Cepeda Opratel;Mi Promo ConTigo
103320;Boricua morena dominicano;Banda reggaeton;Reggaeton
102728;Cada Dia;Jesus A Romero;Cristianas
102909;cada dia mamut;Mamut;Latinas
103383;Cada dia te quiero  
Thu Jan 5 16:53:19 BOT 2012: Ajax->Mostrar Imagen Portada:  
Thu Jan 5 16:57:43 BOT 2012: Mostrar Album: >albumes/album-default.jpg
Thu Jan 5 17:00:32 BOT 2012: Ajax->Mostrar Nombre Artista:  
Thu Jan 5 17:01:44 BOT 2012: WEB_REPRODUCIR_BUSQUEDA > Se recibieron:109 tonos
Thu Jan 5 17:05:53 BOT 2012: Ajax->Mostrar Comentarios:  
Thu Jan 5 17:06:57 BOT 2012: Session Start>  session por defecto 
Thu Jan 5 17:07:51 BOT 2012: Ajax->Mostrar Ranking:  
Thu Jan 5 17:15:04 BOT 2012: ASYNC -> STATS> Tiempo respuesta 0.00493 seg.
Thu Jan 5 17:15:07 BOT 2012: ASYNC -> STATS> Tiempo respuesta 0.174187 seg.
Thu Jan 5 17:16:25 BOT 2012: Ajax-> Mostrar  Imagen Portada> tono:105805 
Thu Jan 5 17:16:55 BOT 2012: Asignar backtone escuchado > Asi termino:109741,104358,86,103640,102675,104977,142890,103773,109210,103216,105285,104779,105318,104769,105372,113620,107766,104254,133794,133792,
Thu Jan 5 17:16:58 BOT 2012: Ajax->Mostrar Reproducciones:  
Thu Jan 5 17:17:25 BOT 2012: Ajax->Mostrar Megusta:  
Thu Jan 5 17:21:56 BOT 2012: Ajax-> Mostrar  Imagen Portada> tono:501 
Thu Jan 5 17:22:44 BOT 2012: Ajax->Mostrar Ranking:  
Thu Jan 5 17:22:47 BOT 2012: ASYNC -> STATS> Tiempo respuesta -0.387382 seg.
Thu Jan 5 17:26:11 BOT 2012: Ajax->Mostrar Reproducciones:  
Thu Jan 5 17:26:59 BOT 2012: STATS > BUSQUEDA DE BACKTONE >Tiempo: 0.029471 seg. | registros: 44
Thu Jan 5 17:27:14 BOT 2012: Ajax-> Mostrar Ranking > tono:105276 
Thu Jan 5 17:27:32 BOT 2012: ASYNC -> STATS> Tiempo respuesta 0.001374 seg.
Thu Jan 5 17:28:33 BOT 2012: Asignar backtone escuchado > Asi termino:133786,137235,133787,105276,
Thu Jan 5 17:28:57 BOT 2012: Busqueda Inteligente: Jennifer Lopez
Thu Jan 5 17:30:15 BOT 2012: Ajax-> Mostrar  Nombre Genero > tono:103571 
Thu Jan 5 17:30:42 BOT 2012: Ajax->Mostrar Nombre Genero:  
Thu Jan 5 17:30:42 BOT 2012: Ajax->Mostrar Ranking:  
Thu Jan 5 17:31:24 BOT 2012: Ajax->Mostrar Nombre Genero:  
Thu Jan 5 17:32:15 BOT 2012: Ajax->Mostrar Nombre Artista:  
Thu Jan 5 17:32:51 BOT 2012: ASYNC -> STATS> Tiempo respuesta 0.36686 seg.
Thu Jan 5 17:32:51 BOT 2012: Ajax->Mostrar Comentarios:  
Thu Jan 5 17:32:54 BOT 2012: Ajax->Mostrar Comentarios:  
Thu Jan 5 17:32:57 BOT 2012: Ajax->Mostrar Comentarios:  
Thu Jan 5 17:34:06 BOT 2012: Ajax->Mostrar Ranking:  
Thu Jan 5 17:34:51 BOT 2012: Ajax-> Mostrar Ranking > tono:110224 
Thu Jan 5 17:36:31 BOT 2012: Ajax->Mostrar Reproducciones:  
Thu Jan 5 17:38:04 BOT 2012: Ajax-> Mostrar Ranking > tono:501 
Thu Jan 5 17:38:19 BOT 2012: Ajax->Mostrar Reproducciones:  
Thu Jan 5 17:39:10 BOT 2012: ASYNC -> STATS> Tiempo respuesta 0.0012760000000001 seg.
Thu Jan 5 17:39:22 BOT 2012: Ajax->Mostrar Reproducciones:  
Thu Jan 5 17:39:34 BOT 2012: Ajax->Mostrar Nombre Artista:  
Thu Jan 5 17:40:52 BOT 2012: Ajax->Mostrar Nombre Genero:  
Thu Jan 5 17:40:58 BOT 2012: Mostrar Ranking: tono:109414 calificacion: 
Thu Jan 5 17:41:01 BOT 2012: Ajax-> Mostrar Comentarios> tono:103543 
Thu Jan 5 17:41:22 BOT 2012: Ajax->Mostrar Ranking:  
Thu Jan 5 17:41:43 BOT 2012: Ajax-> Mostrar  Imagen Portada> Album:albumes/album-default.jpg
Thu Jan 5 17:42:13 BOT 2012: Ajax-> Mostrar Ranking > tono:140825 
Thu Jan 5 17:42:25 BOT 2012: Ajax->Mostrar Ranking:  
Thu Jan 5 17:43:59 BOT 2012: Ajax->Mostrar Nombre Artista:  
Thu Jan 5 17:44:38 BOT 2012: Ajax->Mostrar Comentarios:  
Thu Jan 5 17:44:53 BOT 2012: Ajax-> Mostrar Ranking > tono:129417 
Thu Jan 5 17:45:23 BOT 2012: ASYNC -> STATS> Tiempo respuesta 0.210121 seg.
Thu Jan 5 17:45:26 BOT 2012: ASYNC -> STATS> Tiempo respuesta 0.010586 seg.
Thu Jan 5 17:45:26 BOT 2012: Ajax-> Mostrar Ranking > tono:102777 
Thu Jan 5 17:45:50 BOT 2012: Ajax->Mostrar Megusta:  
Thu Jan 5 17:45:50 BOT 2012: Ajax->Mostrar Megusta:  
Thu Jan 5 17:45:50 BOT 2012: Ajax->Mostrar Ranking:  
Thu Jan 5 17:45:59 BOT 2012: Session Start>  session por defecto 
Thu Jan 5 17:46:05 BOT 2012: Session Start>  session por defecto 
Thu Jan 5 17:46:23 BOT 2012: Check Session > msisdn: 77379962 > Usuario Valido 
Thu Jan 5 17:46:41 BOT 2012: ASYNC -> STATS> Tiempo respuesta 0.001434 seg.
Thu Jan 5 17:47:14 BOT 2012: Ajax-> Mostrar Ranking > tono:136247 
Thu Jan 5 17:47:56 BOT 2012: Ajax-> Mostrar  Imagen Portada> tono:107737 
Thu Jan 5 17:50:30 BOT 2012: Ajax->Mostrar Reproducciones:  
Thu Jan 5 17:50:30 BOT 2012: Ajax->Eliminando backtone: msisdn:75510612   
Thu Jan 5 17:52:00 BOT 2012: Session Start>  session por defecto 
Thu Jan 5 17:52:15 BOT 2012: Ajax->Mostrar Megusta:  
Thu Jan 5 17:53:09 BOT 2012: Ajax-> Mostrar Comentarios> tono:141881 
Thu Jan 5 17:53:18 BOT 2012: Ajax->Mostrar Comentarios:  
Thu Jan 5 17:53:18 BOT 2012: Ajax->Mostrar Megusta:  
Thu Jan 5 17:53:24 BOT 2012: Ajax->Mostrar Comentarios:  
Thu Jan 5 17:53:30 BOT 2012: Ajax->Mostrar Ranking:  
Thu Jan 5 17:53:57 BOT 2012: Asignar backtone escuchado > Asi termino:135057,
Thu Jan 5 17:53:57 BOT 2012: Ajax->Mostrar Imagen Portada:  
Thu Jan 5 17:53:57 BOT 2012: Asignar backtone escuchado > Asi termino:131702,133440,133445,131615,131618,131646,131627,131625,131616,103880,105652,103767,107737,104034,104033,104083,104270,104032,104027,104026,
Thu Jan 5 17:53:57 BOT 2012: Ajax->Mostrar Reproducciones:  
Thu Jan 5 17:53:57 BOT 2012: Mostrar Cantidad reproducciones: tono:115943 cantidad: 0
Thu Jan 5 17:53:57 BOT 2012: Ajax->Mostrar Comentarios:  
Thu Jan 5 17:53:57 BOT 2012: Ajax->Mostrar Ranking:  
Thu Jan 5 17:53:57 BOT 2012: Ajax->Mostrar Comentarios:  
Thu Jan 5 17:54:06 BOT 2012: Ajax->Mostrar Nombre Artista:  
Thu Jan 5 17:54:06 BOT 2012: Ajax->Mostrar Ranking:  
Thu Jan 5 17:54:06 BOT 2012: Ajax-> Mostrar Ranking > tono:137865 
Thu Jan 5 17:54:06 BOT 2012: Ajax->Mostrar Ranking:  
Thu Jan 5 17:54:45 BOT 2012: Ajax->Mostrar Nombre Artista:  
Thu Jan 5 17:54:54 BOT 2012: ASYNC -> STATS> Tiempo respuesta 0.441283 seg.
Thu Jan 5 17:54:57 BOT 2012: ASYNC -> STATS> Tiempo respuesta 0.574469 seg.
Thu Jan 5 17:55:00 BOT 2012: ASYNC -> STATS> Tiempo respuesta -0.0043310000000001 seg.
Thu Jan 5 17:55:00 BOT 2012: Ajax->Mostrar Megusta:  
Thu Jan 5 17:55:00 BOT 2012: ASYNC -> STATS> Tiempo respuesta -0.016105 seg.
Thu Jan 5 17:56:12 BOT 2012: Check Session > msisdn: 77247070 > Usuario Valido 
Thu Jan 5 17:56:36 BOT 2012: Ajax->Mostrar Nombre Artista:  
Thu Jan 5 17:56:42 BOT 2012: Ajax-> Mostrar Ranking > tono:40 
Thu Jan 5 17:57:00 BOT 2012: MTD_CHEQUEO_REINTENTO >- msisdn:76313709 tono: Asignad?o:1325800618 
Thu Jan 5 17:57:07 BOT 2012: Ajax->Mostrar Ranking:  
Thu Jan 5 17:58:10 BOT 2012: Ajax->Mostrar Comentarios:  
Thu Jan 5 17:59:34 BOT 2012: Ajax-> Mostrar  Nombre Artista > tono:131633 
Thu Jan 5 18:00:10 BOT 2012: Ajax->Mostrar Ranking:  
Thu Jan 5 18:00:37 BOT 2012: ASYNC -> STATS> Tiempo respuesta -0.226236 seg.
Thu Jan 5 18:00:49 BOT 2012: Asignar backtone escuchado > Asi termino:142174,
Thu Jan 5 18:00:49 BOT 2012: Asignar backtone escuchado > Asi termino:621,104827,131635,131633,106266,124243,620,135057,131706,131704,133436,131702,133440,133445,131615,131618,131646,131627,131625,131616,
Thu Jan 5 18:00:52 BOT 2012: ASYNC -> STATS> Tiempo respuesta 0.026248 seg.
Thu Jan 5 18:00:58 BOT 2012: Ajax-> Mostrar  Nombre Artista > tono:142169 
Thu Jan 5 18:00:58 BOT 2012: Ajax->Mostrar Imagen Portada:  
Thu Jan 5 18:01:40 BOT 2012: Ajax->Mostrar Comentarios:  
Thu Jan 5 18:02:04 BOT 2012: STATS > BUSQUEDA DE BACKTONE >Tiempo: 0.042668 seg. | registros: 2
Thu Jan 5 18:02:31 BOT 2012: Ajax-> Mostrar Ranking > tono:103576 
Thu Jan 5 18:03:13 BOT 2012: Ajax->Mostrar Megusta:  
Thu Jan 5 18:07:11 BOT 2012: Ajax->Mostrar Reproducciones:  
Thu Jan 5 18:07:29 BOT 2012: ASYNC -> STATS> Tiempo respuesta -0.000583 seg.
Thu Jan 5 18:07:29 BOT 2012: ASYNC -> STATS> Tiempo respuesta -0.253772 seg.
Thu Jan 5 18:07:32 BOT 2012: Ajax->Mostrar Nombre Genero:  
Thu Jan 5 18:07:32 BOT 2012: Ajax->Mostrar Ranking:  
Thu Jan 5 18:07:38 BOT 2012: Consulta de precio de reason:5 - msisdn: tono:109240 Async responde:350
 
Thu Jan 5 18:07:38 BOT 2012: ASYNC -> STATS> Tiempo respuesta -0.219803 seg.
Thu Jan 5 18:07:44 BOT 2012: ASYNC -> STATS> Tiempo respuesta -0.013742 seg.
Thu Jan 5 18:07:44 BOT 2012: Consulta de precio de reason:3 - msisdn: tono:105282 Async responde:350
 
Thu Jan 5 18:07:44 BOT 2012: Ajax->Mostrar Nombre Genero:  
Thu Jan 5 18:07:44 BOT 2012: Ajax->Mostrar Imagen Portada:  
Thu Jan 5 18:07:47 BOT 2012: ASYNC -> STATS> Tiempo respuesta 0.206094 seg.
Thu Jan 5 18:08:53 BOT 2012: Ajax->Mostrar Nombre Genero:  
Thu Jan 5 18:09:44 BOT 2012: Ajax-> Mostrar Megusta> tono:129675 
Thu Jan 5 18:10:17 BOT 2012: Ajax->Mostrar Nombre Artista:  
Thu Jan 5 18:10:59 BOT 2012: Ajax->Mostrar Nombre Artista:  
Thu Jan 5 18:11:02 BOT 2012: Ajax->Mostrar Megusta:  
Thu Jan 5 18:11:02 BOT 2012: Ajax->Mostrar Comentarios:  
Thu Jan 5 18:11:09 BOT 2012: Ajax->Mostrar Nombre Genero:  
Thu Jan 5 18:11:17 BOT 2012: Ajax-> Mostrar  Imagen Portada> Album:albumes/La Kchorra-No te puedo Olvidar.jpg
Thu Jan 5 18:11:30 BOT 2012: Ajax->Actualizar pin usuario
Thu Jan 5 18:12:51 BOT 2012: Ajax-> Mostrar  Nombre Artista > tono:129435 
Thu Jan 5 18:13:54 BOT 2012: Ajax-> Mostrar  Nombre Artista > tono:136044 
Thu Jan 5 18:15:03 BOT 2012: Ajax->Mostrar Ranking:  
Thu Jan 5 18:17:33 BOT 2012: Session Start>  session por defecto 
Thu Jan 5 18:19:13 BOT 2012: Ajax-> Mostrar  Nombre Genero > tono:119853 
Thu Jan 5 18:20:16 BOT 2012: Ajax-> Mostrar  Imagen Portada> tono:105546 
Thu Jan 5 18:20:28 BOT 2012: Ajax-> Mostrar  Nombre Artista > tono:125100 
Thu Jan 5 18:20:46 BOT 2012: WEB_REPRODUCIR_BUSQUEDA > Se recibieron:12 tonos
Thu Jan 5 18:20:58 BOT 2012: Ajax->Mostrar Megusta:  
Thu Jan 5 18:22:49 BOT 2012: Ajax-> Mostrar  Nombre Genero > tono:127759 
Thu Jan 5 18:23:13 BOT 2012: Busqueda Inteligente: resultados >102970
Thu Jan 5 18:23:43 BOT 2012: ASYNC -> STATS> Tiempo respuesta 0.0062990000000001 seg.
Thu Jan 5 18:23:55 BOT 2012: Ajax-> Mostrar  Imagen Portada> tono:102729 
Thu Jan 5 18:24:31 BOT 2012: Ajax->Mostrar Ranking:  
Thu Jan 5 18:25:26 BOT 2012: ASYNC -> STATS> Tiempo respuesta 0.007867 seg.
Thu Jan 5 18:27:32 BOT 2012: Session Start>  Chequeo de sesion
Thu Jan 5 18:28:17 BOT 2012: Ajax-> Mostrar Ranking > tono:143078 
Thu Jan 5 18:28:32 BOT 2012: Ajax->Mostrar Nombre Genero:  
Thu Jan 5 18:28:32 BOT 2012: Consulta de precio de reason:10 - msisdn: tono:103450 Async responde:350
 
Thu Jan 5 18:28:38 BOT 2012: Ajax-> Mostrar Ranking > tono:118725 
Thu Jan 5 18:29:29 BOT 2012: Ajax->Mostrar Reproducciones:  
Thu Jan 5 18:29:56 BOT 2012: Ajax->Mostrar Megusta:  
Thu Jan 5 18:30:05 BOT 2012: Ajax-> Mostrar Megusta> tono:102552 
Thu Jan 5 18:30:14 BOT 2012: Busqueda Inteligente: resultados >104789
Thu Jan 5 18:30:17 BOT 2012: Mostrar Megusta> tono: 139838 msisdn: > a otros 1  les gusta 
Thu Jan 5 18:35:03 BOT 2012: Ajax->Mostrar Imagen Portada:  
Thu Jan 5 18:35:06 BOT 2012: Session Start>  session por defecto 
Thu Jan 5 18:37:18 BOT 2012: Ajax->Mostrar Comentarios:  
Thu Jan 5 18:37:48 BOT 2012: Ajax-> Mostrar Megusta> tono:104050 
Thu Jan 5 18:38:24 BOT 2012: Ajax-> Mostrar Ranking > tono:135954 
Thu Jan 5 18:38:39 BOT 2012: ASYNC -> STATS> Tiempo respuesta 0.0081819999999999 seg.
Thu Jan 5 18:38:54 BOT 2012: Ajax-> Mostrar Ranking > tono:104465 
Thu Jan 5 18:39:00 BOT 2012: Ajax->Mostrar Ranking:  
Thu Jan 5 18:39:12 BOT 2012: Ajax->Mostrar Nombre Artista:  
Thu Jan 5 18:39:45 BOT 2012: Ajax-> Mostrar  Imagen Portada> tono:103564 
Thu Jan 5 18:39:45 BOT 2012: Ajax->Mostrar Nombre Artista:  
Thu Jan 5 18:40:52 BOT 2012: MTD_CHEQUEO_REINTENTO >- msisdn:78881049 tono:  >> Retorno por diferencia tiempo:122 
Thu Jan 5 18:41:25 BOT 2012: Ajax-> Login Usuario msisdn: tigo  pin:123 > Validar msisdn
Thu Jan 5 18:42:31 BOT 2012: Ajax->Actualizar pin usuario >recibe el msisdn:77757710 
Thu Jan 5 18:42:49 BOT 2012: Ajax-> Mostrar  Nombre Genero > tono:105498 
Thu Jan 5 18:42:55 BOT 2012: Consulta de precio de reason:3 - msisdn: tono:103640 Async responde:350
 
Thu Jan 5 18:42:58 BOT 2012: ASYNC -> STATS> Tiempo respuesta -0.368749 seg.
Thu Jan 5 18:45:16 BOT 2012: Session Start>  Chequeo de sesion
Thu Jan 5 18:45:16 BOT 2012: Ajax->Mostrar Megusta:  
Thu Jan 5 18:45:16 BOT 2012: Ajax->Mostrar Reproducciones:  
Thu Jan 5 18:45:28 BOT 2012: ASYNC -> STATS> Tiempo respuesta 0.0084869999999999 seg.
Thu Jan 5 18:45:31 BOT 2012: ASYNC -> STATS> Tiempo respuesta 0.459467 seg.
Thu Jan 5 18:45:49 BOT 2012: STATS > BUSQUEDA DE BACKTONE >Tiempo: 0.253805 seg. | registros: 15
Thu Jan 5 18:45:55 BOT 2012: ASYNC -> STATS> Tiempo respuesta 0.627599 seg.
Thu Jan 5 18:45:55 BOT 2012: Ajax->Mostrar Ranking:  
Thu Jan 5 18:47:38 BOT 2012: Ajax->Mostrar Comentarios:  
Thu Jan 5 18:49:14 BOT 2012: Ajax-> Mostrar Megusta> tono:246 
Thu Jan 5 18:49:41 BOT 2012: ASYNC -> STATS> Tiempo respuesta 0.007294 seg.
Thu Jan 5 18:49:44 BOT 2012: Asignar backtone escuchado > Asi termino:135152,103438,135225,240,140780,142113,142128,140778,105996,102931,142119,509,142527,135954,105682,136186,136044,135958,136231,103068,
Thu Jan 5 18:50:05 BOT 2012: ASYNC -> STATS> Tiempo respuesta -0.024561 seg.
Thu Jan 5 18:50:05 BOT 2012: ASYNC -> STATS> Tiempo respuesta -0.086085 seg.
Thu Jan 5 18:50:05 BOT 2012: Asignar backtone escuchado > Asi termino:246,109317,102693,104393,240,
Thu Jan 5 18:50:08 BOT 2012: ASYNC -> STATS> Tiempo respuesta 0.007855 seg.
Thu Jan 5 18:50:11 BOT 2012: Ajax->Mostrar Reproducciones:  
Thu Jan 5 18:50:11 BOT 2012: Ajax->Mostrar Nombre Artista:  
Thu Jan 5 18:50:14 BOT 2012: Ajax->Mostrar Nombre Artista:  
Thu Jan 5 18:50:14 BOT 2012: ASYNC -> STATS> Tiempo respuesta -0.313599 seg.
Thu Jan 5 18:50:20 BOT 2012: Ajax-> Mostrar  Imagen Portada> tono:105841 
Thu Jan 5 18:51:47 BOT 2012: Ajax->Mostrar Megusta:  
Thu Jan 5 18:51:53 BOT 2012: Ajax->Mostrar Nombre Genero:  
Thu Jan 5 18:52:05 BOT 2012: Mostrar Ranking: tono:127376 calificacion: 
Thu Jan 5 18:53:23 BOT 2012: Consulta de precio de reason:10 - msisdn: tono:118728 Async responde:350
 
Thu Jan 5 18:54:30 BOT 2012: ASYNC -> STATS> Tiempo respuesta -0.464183 seg.
Thu Jan 5 18:54:33 BOT 2012: ASYNC -> STATS> Tiempo respuesta -0.342035 seg.
Thu Jan 5 18:54:36 BOT 2012: Error al consultar precio de renovacion - msisdn: tono:129891 - Async responde -3
Thu Jan 5 18:54:36 BOT 2012: ASYNC -> STATS> Tiempo respuesta -0.495069 seg.
Thu Jan 5 18:55:33 BOT 2012: Ajax-> Mostrar Comentarios> tono:106267 
Thu Jan 5 18:56:12 BOT 2012: Error al consultar precio de renovacion - msisdn: tono:118749 - Async responde -3
Thu Jan 5 18:56:48 BOT 2012: Ajax-> Mostrar Megusta> tono:139838 
Thu Jan 5 18:57:00 BOT 2012: Asignar backtone escuchado > Asi termino:118732,139838,139969,139964,118749,139960,118741,118748,139844,139956,118734,139958,118752,118744,118728,118727,118725,118724,135275,137086,
Thu Jan 5 18:57:36 BOT 2012: Ajax-> Login Usuario msisdn:   pin: > Validar msisdn
Thu Jan 5 18:59:00 BOT 2012: ASYNC -> STATS> Tiempo respuesta 0.002069 seg.
Thu Jan 5 19:01:58 BOT 2012: Ajax->Mostrar Comentarios:  
Thu Jan 5 19:02:01 BOT 2012: Ajax->Mostrar Reproducciones:  
Thu Jan 5 19:04:19 BOT 2012: ASYNC -> STATS> Tiempo respuesta 0.009171 seg.
Thu Jan 5 19:04:28 BOT 2012: Ajax->Mostrar Nombre Artista:  
Thu Jan 5 19:04:55 BOT 2012: Mostrar Album: >Artista:  <a href='index.php?seccion=playlist&autor=67'>David Guetta</a>
Thu Jan 5 19:04:58 BOT 2012: Session Start>  session por defecto 
Thu Jan 5 19:08:53 BOT 2012: Mostrar Cantidad reproducciones: tono:121501 cantidad: 0
Thu Jan 5 19:13:32 BOT 2012: Ajax->Mostrar Imagen Portada:  
Thu Jan 5 19:16:42 BOT 2012: ASYNC -> STATS> Tiempo respuesta 0.009662 seg.
Thu Jan 5 19:16:54 BOT 2012: Ajax->Mostrar Nombre Genero:  
Thu Jan 5 19:17:06 BOT 2012: Ajax-> Mostrar Ranking > tono:127897 
Thu Jan 5 19:17:06 BOT 2012: Ajax->Mostrar Comentarios:  
Thu Jan 5 19:17:06 BOT 2012: Ajax->Mostrar Nombre Artista:  
Thu Jan 5 19:18:15 BOT 2012: Mostrar Genero: >G&eacute;nero:  <a href='index.php?seccion=playlist&genero=108'>Cristianas</a>
Thu Jan 5 19:18:15 BOT 2012: Session Start>  session por defecto 
Thu Jan 5 19:19:12 BOT 2012: Asignar backtone escuchado > Asi termino:103502,133775,103547,104486,127897,458,127267,135097,102793,596,103701,103014,457,106285,103661,456,105520,136232,133769,105262,
Thu Jan 5 19:20:36 BOT 2012: Busqueda Inteligente: resultados >131049
Thu Jan 5 19:22:54 BOT 2012: Ajax->Mostrar Reproducciones:  
Thu Jan 5 19:23:00 BOT 2012: Ajax->Mostrar Imagen Portada:  
Thu Jan 5 19:23:37 BOT 2012: ASYNC -> STATS> Tiempo respuesta 0.003109 seg.
Thu Jan 5 19:26:04 BOT 2012: Ajax->Mostrar Megusta:  
Thu Jan 5 19:26:04 BOT 2012: Session Start>  Chequeo de sesion
Thu Jan 5 19:26:43 BOT 2012: Ajax->Mostrar Nombre Genero:  
Thu Jan 5 19:28:04 BOT 2012: ASYNC -> STATS> Tiempo respuesta 0.132778 seg.
Thu Jan 5 19:28:10 BOT 2012: ASYNC -> STATS> Tiempo respuesta 0.0038629999999999 seg.
Thu Jan 5 19:28:13 BOT 2012: Consulta de precio de reason:3 - msisdn: tono:105003 Async responde:350
 
Thu Jan 5 19:28:13 BOT 2012: Ajax->Mostrar Ranking:  
Thu Jan 5 19:28:37 BOT 2012: Ajax->Mostrar Nombre Artista:  
Thu Jan 5 19:29:31 BOT 2012: ASYNC -> STATS> Tiempo respuesta -0.062204 seg.
Thu Jan 5 19:29:43 BOT 2012: ASYNC -> STATS> Tiempo respuesta 0.022856 seg.
Thu Jan 5 19:30:11 BOT 2012: ASYNC -> STATS> Tiempo respuesta -0.145355 seg.
Thu Jan 5 19:30:50 BOT 2012: Ajax-> Mostrar  Nombre Genero > tono:53 
Thu Jan 5 19:30:56 BOT 2012: Ajax->Mostrar Nombre Genero:  
Thu Jan 5 19:31:14 BOT 2012: ASYNC -> STATS> Tiempo respuesta 0.003272 seg.
Thu Jan 5 19:31:41 BOT 2012: Ajax->Mostrar Nombre Artista:  
Thu Jan 5 19:38:12 BOT 2012: Ajax->Mostrar Comentarios:  
Thu Jan 5 19:41:51 BOT 2012: Ajax->Mostrar Comentarios:  
Thu Jan 5 19:42:36 BOT 2012: Mostrar Comentarios : tono:105301 
Thu Jan 5 19:42:51 BOT 2012: Ajax-> Mostrar Ranking > tono:105997 
Thu Jan 5 19:46:07 BOT 2012: Ajax->Mostrar Ranking:  
Thu Jan 5 19:46:28 BOT 2012: Ajax->Mostrar Ranking:  
Thu Jan 5 19:48:10 BOT 2012: Ajax->Mostrar Reproducciones:  
Thu Jan 5 19:50:04 BOT 2012: Ajax-> Mostrar Comentarios> tono:103939 
Thu Jan 5 19:50:10 BOT 2012: Asignar backtone escuchado > Asi termino:109242,135727,240,126657,105997,104219,509,102644,104273,103692,121,364,103506,103303,104846,102882,103473,103284,105533,105036,
Thu Jan 5 19:50:31 BOT 2012: Ajax-> Mostrar Ranking > tono:104851 
Thu Jan 5 20:03:24 BOT 2012: Ajax-> Mostrar Ranking > tono:104089 
Thu Jan 5 20:07:31 BOT 2012: ASYNC -> STATS> Tiempo respuesta 0.012014 seg.
Thu Jan 5 20:10:07 BOT 2012: ASYNC -> STATS> Tiempo respuesta 0.0079 seg.
Thu Jan 5 20:11:16 BOT 2012: Ajax-> Mostrar  Nombre Genero > tono:103574 
Thu Jan 5 20:15:17 BOT 2012: Ajax-> Mostrar Comentarios> tono:126855 
Thu Jan 5 20:15:17 BOT 2012: Ajax->Mostrar Megusta:  
Thu Jan 5 20:18:47 BOT 2012: Ajax->Mostrar Comentarios:  
Thu Jan 5 20:20:26 BOT 2012: Session Start>  Chequeo de sesion
Thu Jan 5 20:20:38 BOT 2012: Mostrar Ranking: tono:575 calificacion: 
Thu Jan 5 20:31:43 BOT 2012: Ajax-> Mostrar Ranking > tono:116506 
Thu Jan 5 20:31:43 BOT 2012: Ajax->Mostrar Ranking:  
Thu Jan 5 20:34:52 BOT 2012: Ajax->Mostrar Comentarios:  
Thu Jan 5 20:37:53 BOT 2012: ASYNC -> STATS> Tiempo respuesta -0.540058 seg.
Thu Jan 5 20:37:56 BOT 2012: ASYNC -> STATS> Tiempo respuesta -0.40045 seg.
Thu Jan 5 20:39:53 BOT 2012: Asignar backtone escuchado > Asi termino:103238,103507,104027,104026,103235,102661,538,104025,103225,102790,103314,116506,102789,573,204,103588,103072,103029,103089,104460,
Thu Jan 5 20:40:35 BOT 2012: Ajax->Mostrar Reproducciones:  
Thu Jan 5 20:45:03 BOT 2012: Busqueda Inteligente: resultados >104655
Thu Jan 5 20:46:27 BOT 2012: Ajax-> Mostrar Ranking > tono:200 
Thu Jan 5 20:47:24 BOT 2012: Ajax->Mostrar Megusta:  
Thu Jan 5 20:47:45 BOT 2012: Ajax->Mostrar Megusta:  
Thu Jan 5 20:47:48 BOT 2012: Ajax-> Mostrar Ranking > tono:102956 
Thu Jan 5 20:48:06 BOT 2012: Busqueda Inteligente: resultados >109262
Thu Jan 5 20:49:39 BOT 2012: Session Start>  Chequeo de sesion
Thu Jan 5 20:49:45 BOT 2012: Ajax->Mostrar Nombre Artista:  
Thu Jan 5 20:54:43 BOT 2012: Ajax-> Mostrar Ranking > tono:104465 
Thu Jan 5 20:54:55 BOT 2012: Ajax->Mostrar Nombre Artista:  
Thu Jan 5 20:55:01 BOT 2012: Ajax-> Mostrar Ranking > tono:285 
Thu Jan 5 20:56:13 BOT 2012: Ajax->Asignar modalidad backtone: msisdn:78824029   
Thu Jan 5 20:57:10 BOT 2012: ASYNC -> STATS> Tiempo respuesta 0.006413 seg.
Thu Jan 5 20:57:10 BOT 2012: ASYNC -> STATS> Tiempo respuesta -0.184863 seg.
Thu Jan 5 20:57:31 BOT 2012: ASYNC -> STATS> Tiempo respuesta -0.035519 seg.
Thu Jan 5 20:57:31 BOT 2012: Ajax->Mostrar Ranking:  
Thu Jan 5 20:57:37 BOT 2012: Ajax->Mostrar Nombre Artista:  
Thu Jan 5 20:58:22 BOT 2012: Ajax->Mostrar Nombre Artista:  
Thu Jan 5 20:58:58 BOT 2012: Asignar backtone escuchado > Asi termino:104427,106329,103420,109227,
Thu Jan 5 21:01:59 BOT 2012: Error al consultar precio de renovacion - msisdn: tono:103544 - Async responde -3
Thu Jan 5 21:03:20 BOT 2012: Mostrar Cantidad reproducciones: tono:103064 cantidad: 0
Thu Jan 5 21:04:14 BOT 2012: Ajax->Mostrar Ranking:  
Thu Jan 5 21:04:14 BOT 2012: Ajax->Mostrar Imagen Portada:  
Thu Jan 5 21:07:51 BOT 2012: Ajax->Mostrar Ranking:  
Thu Jan 5 21:07:54 BOT 2012: ASYNC -> STATS> Tiempo respuesta -0.118846 seg.
Thu Jan 5 21:08:48 BOT 2012: Ajax->Mostrar Comentarios:  
Thu Jan 5 21:08:54 BOT 2012: Ajax->Mostrar Nombre Genero:  
Thu Jan 5 21:09:03 BOT 2012: Ajax->Mostrar Megusta:  
Thu Jan 5 21:10:24 BOT 2012: Ajax->Mostrar Nombre Artista:  
Thu Jan 5 21:10:45 BOT 2012: Asignar backtone escuchado > Asi termino:139958,118752,118725,
Thu Jan 5 21:10:51 BOT 2012: Ajax->Mostrar Megusta:  
Thu Jan 5 21:11:39 BOT 2012: ASYNC -> STATS> Tiempo respuesta 0.00193 seg.
Thu Jan 5 21:14:00 BOT 2012: ASYNC -> STATS> Tiempo respuesta 0.01158 seg.
Thu Jan 5 21:14:51 BOT 2012: ASYNC -> STATS> Tiempo respuesta 0.103668 seg.
Thu Jan 5 21:16:01 BOT 2012: Ajax->Mostrar Comentarios:  
Thu Jan 5 21:16:31 BOT 2012: Ajax-> Mostrar  Imagen Portada> tono:133699 
Thu Jan 5 21:17:07 BOT 2012: ASYNC -> STATS> Tiempo respuesta 0.091822 seg.
Thu Jan 5 21:19:25 BOT 2012: ASYNC -> STATS> Tiempo respuesta -0.0015579999999999 seg.
Thu Jan 5 21:20:04 BOT 2012: Ajax-> Mostrar Ranking > tono:131616 
Thu Jan 5 21:22:01 BOT 2012: Ajax->Mostrar Nombre Genero:  
Thu Jan 5 21:23:44 BOT 2012: Ajax->Mostrar Imagen Portada:  
Thu Jan 5 21:25:08 BOT 2012: STATS > BUSQUEDA DE BACKTONE >Tiempo: 0.070349 seg. | registros: 48
Thu Jan 5 21:27:02 BOT 2012: Ajax->Mostrar Ranking:  
Thu Jan 5 21:30:18 BOT 2012: Ajax->Mostrar Megusta:  
Thu Jan 5 21:31:15 BOT 2012: Ajax->Mostrar Nombre Genero:  
Thu Jan 5 21:32:24 BOT 2012: Ajax-> Mostrar Megusta> tono:105547 
Thu Jan 5 21:33:12 BOT 2012: Busqueda Inteligente: Resultado 
 106288;-Love game-;Cover Lady GaGa;Pop
106289;-Paparazzi-;Cover Lady GaGa;Pop
106290;-Poker Face;Cover Lady GaGa;Pop
106294;-Speechless-;Cover Lady GaGa;Pop
106295;-The fame-;Cover Lady GaGa;Pop
105342;Again Again;Lady Gaga;Pop
106281;Alejandro pop;Cover Lady GaGa;Pop
133699;Americano;Lady Gaga;Pop
133696;Bad Kids;Lady Gaga;Pop
105985;Bad Romance;Lady Gaga;TOP 5
106284;Beautiful rich dirty;Cover Lady GaGa;Pop
105347;Beautiful, Dirty, Rich;Lady Gaga;Pop
131830;Black Jesus Amen Fashion;Lady Gaga;Pop
133695;Bloody Mary;Lady Gaga;Pop
126209;Born This Way Intro;Lady Gaga;Pop
105343;Boys Boys Boys;Lady Gaga;Pop
105344;Brown Eyes;Lady Gaga;Pop
105355;Christmas Tree;Lady Gaga;Pop
106285;Dance in the dark;Cover Lady GaGa;Pop
105345;Eh, Eh (Nothing Else I Can Say);Lady Gaga;Pop
133697;Electric Chapel;Lady Gaga;Pop
131769;Fashion Of His Love;Lady Gaga;Pop
133706;Government Hooker;Lady Gaga;Pop
131827;Hair_;Lady Gaga;Pop
133710;Heavy Metal Lover;Lady Gaga;Pop
133713;Heavy Metal Lover;Lady Gaga;Pop
133701;Highway Unicorn Road To Love;Lady Gaga;Pop
105346;I Like It Rough (Non-LP Version);Lady Gaga;Pop
127377;Judas;Lady Gaga;Pop
105341;Just Dance;Lady Gaga;Pop
105354;Just Dance (Intro);Lady Gaga;Pop
105348;LoveGame;Lady Gaga;Pop
105357;LoveGame (Robots To Mars Remix);Lady Gaga;Pop
105356;LoveGame (Space Cowboy Remix);Lady Gaga;Pop
133703;Marry The Night;Lady Gaga;Pop
105349;Money Honey;Lady Gaga;Pop
105846;Monster;Lady Gaga;Pop
105350;Paparazzi;Lady Gaga;Pop
105351;Poker Face;Lady Gaga;Pop
133705;Scheisse;Lady Gaga;Pop
106292;So happy i could die-;Cover Lady GaGa;Pop
105352;Summerboy;Lady Gaga;Pop
105843;Teeth;Lady Gaga;Pop
132092;The Edge Of Glory;Lady Gaga;Pop
105353;The Fame;Lady Gaga;Pop
133717;The Queen;Lady Gaga;Pop
133715;You And I;Lady Gaga;Pop
133714;You And I;Lady Gaga;Pop
105845; Telephone;Lady Gaga;Pop
106286;-Just dance;Cover Lady GaGa;Pop
138877;Baby Its Cold Outside;Lady Antebellum;Pop
138874;Baby Its Cold Outside;Lady Antebellum;Pop
138873;Hello World;Lady Antebellum;Pop
138871;Home Is Where The Heart Is;Lady Antebellum;Pop
138867;I Run To You;Lady Antebellum;Pop
138863;I Was Here;Lady Antebellum;Pop
138858;Just A Kiss;Lady Antebellum;Pop
138862;Just A Kiss;Lady Antebellum;Pop
138869;Just A Kiss;Lady Antebellum;Pop
102533;La pollera amarilla;Gladys;Latinas
104678;lady laura;Tamara;Latinas
128956;Lady Opratel;Dj Mendez Opratel;Mi Promo ConTigo
138870;Long Gone;Lady Antebellum;Pop
138879;Long Gone;Lady Antebellum;Pop
138883;Lookin For A Good Time;Lady Antebellum;Pop
138866;Lookin For A Good Time;Lady Antebellum;Pop
138868;Love Dont Live Here;Lady Antebellum;Pop
138860;Love Dont Live Here;Lady Antebellum;Pop
138864;Loves Lookin Good On You;Lady Antebellum;Pop
138875;Loves Lookin Good On You;Lady Antebellum;Pop
138881;Need You Now;Lady Antebellum;Pop
138872;Need You Now;Lady Antebellum;Pop
137270;Out Of Goodbyes with Lady Antebellum;Maroon5;Pop
104510; Chiquillada V2;Jardin Unicornio;Sonidos
104509;Chiquillada;Jardin Unicornio;Sonidos
104202;Que Chulada De Mujer;Vicente Fernandez;Rancheras
106273;Quisiera que tu me quieras_Version Balada Rock_nacionales;Azul azul;AZUL AZUL
129230;De Ladinho Live;Ivete Sangalo; Brasileras
103000;Ladis night;Asuncion Blues;Pop
104560;a tu lado esta;L. Goodman;Cristianas
364;Anclado;Octavia;Latinas
104431;Ando Bien Arreglado;los tucanes;Rancheras
107783;Linda Siempre estara a tu Lado-MTV ISA TKM;MTV;MTV
123542;Marica arreglado;Pablo Fernandez;Pablo Fernandez
104062;Papel volador;Version Opratel;Sonidos
103978;SENTATE EN EL PELADO;BAILA BAILA;Latinas
128670;Sergio El Bailador;Bronco;Cumbia
102808;Sergio El Bailador;Los Brons;Latinas
102536;Vete de mi lado;Los Chacales;Latinas
 
Thu Jan 5 21:34:48 BOT 2012: Ajax->Mostrar Reproducciones:  
Thu Jan 5 21:39:13 BOT 2012: Ajax-> Mostrar Ranking > tono:105365 
Thu Jan 5 21:39:22 BOT 2012: Ajax->Mostrar Nombre Artista:  
Thu Jan 5 21:40:16 BOT 2012: Ajax-> Mostrar Comentarios> tono:105556 
Thu Jan 5 21:41:16 BOT 2012: Ajax->Mostrar Imagen Portada:  
Thu Jan 5 21:45:05 BOT 2012: ASYNC -> STATS> Tiempo respuesta 0.059934 seg.
Thu Jan 5 21:47:38 BOT 2012: Busqueda Inteligente: ser recibieron 131 resultados
Thu Jan 5 21:48:50 BOT 2012: ASYNC -> STATS> Tiempo respuesta 0.790235 seg.
Thu Jan 5 21:51:21 BOT 2012: Mostrar Megusta> tono: 133736 msisdn:75302814 > a otros 5  les gusta 
Thu Jan 5 21:55:36 BOT 2012: Ajax->Mostrar Comentarios:  
Thu Jan 5 21:57:58 BOT 2012: Busqueda Inteligente: resultados >105017
Thu Jan 5 21:59:07 BOT 2012: ASYNC -> STATS> Tiempo respuesta -0.380704 seg.
Thu Jan 5 21:59:07 BOT 2012: Ajax->Mostrar Ranking:  
Thu Jan 5 22:00:01 BOT 2012: Ajax->Mostrar Megusta:  
Thu Jan 5 22:01:37 BOT 2012: Ajax->Mostrar Nombre Genero:  
Thu Jan 5 22:01:58 BOT 2012: ASYNC -> STATS> Tiempo respuesta 0.011191 seg.
Thu Jan 5 22:04:10 BOT 2012: Asignar backtone escuchado > Asi termino:442,110108,124971,104128,449,109240,104393,240,105036,105523,110204,135153,130833,468,135152,130832,103790,102630,103644,116500,
Thu Jan 5 22:04:34 BOT 2012: Ajax->Mostrar Reproducciones:  
Thu Jan 5 22:06:23 BOT 2012: Mostrar Album: >Artista:  <a href='index.php?seccion=playlist&autor=464'>Victor LEO</a>
Thu Jan 5 22:07:50 BOT 2012: Ajax-> Mostrar  Nombre Genero > tono:104300 
Thu Jan 5 22:18:21 BOT 2012: Ajax->Mostrar Nombre Artista:  
Thu Jan 5 22:19:03 BOT 2012: ASYNC -> STATS> Tiempo respuesta 0.483066 seg.
Thu Jan 5 22:19:12 BOT 2012: ASYNC -> STATS> Tiempo respuesta 0.007457 seg.
Thu Jan 5 22:19:30 BOT 2012: Session Start>  session por defecto 
Thu Jan 5 22:22:49 BOT 2012: Ajax-> Mostrar Ranking > tono:404 
Thu Jan 5 22:23:46 BOT 2012: ASYNC -> STATS> Tiempo respuesta -0.172969 seg.
Thu Jan 5 22:28:08 BOT 2012: Ajax->Mostrar Imagen Portada:  
Thu Jan 5 22:28:35 BOT 2012: Ajax->Mostrar Megusta:  
Thu Jan 5 22:28:38 BOT 2012: Ajax->Mostrar Ranking:  
Thu Jan 5 22:30:23 BOT 2012: Ajax-> Mostrar Ranking > tono:129217 
Thu Jan 5 22:32:29 BOT 2012: Ajax-> Mostrar Ranking > tono:141108 
Thu Jan 5 22:35:06 BOT 2012: Ajax-> Mostrar Megusta> tono:105016 
Thu Jan 5 22:39:09 BOT 2012: Ajax-> Mostrar Ranking > tono:129417 
Thu Jan 5 22:39:24 BOT 2012: Asignar backtone escuchado > Asi termino:102620,102646,102622,
Thu Jan 5 22:43:10 BOT 2012: Ajax->Mostrar Ranking:  
Thu Jan 5 22:44:34 BOT 2012: Asignar backtone escuchado > Asi termino:104097,134026,133858,103184,136216,136188,103546,102928,136044,135958,129417,129218,129203,102659,103299,134011,129201,103176,127300,129435,
Thu Jan 5 22:45:55 BOT 2012: Ajax-> Mostrar Comentarios> tono:23 
Thu Jan 5 22:47:31 BOT 2012: Ajax->Mostrar Ranking:  
Thu Jan 5 22:48:13 BOT 2012: ASYNC -> STATS> Tiempo respuesta 0.0015430000000001 seg.
Thu Jan 5 22:54:17 BOT 2012: ASYNC -> STATS> Tiempo respuesta 0.212935 seg.
Thu Jan 5 22:54:23 BOT 2012: ASYNC -> STATS> Tiempo respuesta 0.0069900000000001 seg.
Thu Jan 5 22:54:44 BOT 2012: Ajax-> Mostrar Ranking > tono:120260 
Thu Jan 5 22:54:44 BOT 2012: Ajax-> Mostrar Comentarios> tono:135961 
Thu Jan 5 22:55:11 BOT 2012: ASYNC -> STATS> Tiempo respuesta 0.005277 seg.
Thu Jan 5 22:55:47 BOT 2012: Ajax->Mostrar Ranking:  
Thu Jan 5 22:55:53 BOT 2012: Ajax->Mostrar Comentarios:  
Thu Jan 5 22:58:09 BOT 2012: Ajax->Mostrar Comentarios:  
Thu Jan 5 22:59:33 BOT 2012: STATS > BUSQUEDA DE BACKTONE >Tiempo: 0.072395 seg. | registros: 114
Thu Jan 5 23:01:06 BOT 2012: Ajax-> Mostrar Ranking > tono:132462 
Thu Jan 5 23:01:18 BOT 2012: Ajax-> Mostrar Comentarios> tono:118728 
Thu Jan 5 23:03:00 BOT 2012: ASYNC -> STATS> Tiempo respuesta 0.012131 seg.
Thu Jan 5 23:03:21 BOT 2012: ASYNC -> STATS> Tiempo respuesta 0.005351 seg.
Thu Jan 5 23:03:21 BOT 2012: ASYNC -> STATS> Tiempo respuesta 0.040833 seg.
Thu Jan 5 23:03:30 BOT 2012: ASYNC -> STATS> Tiempo respuesta -0.01437 seg.
Thu Jan 5 23:03:45 BOT 2012: Ajax->Mostrar Reproducciones:  
Thu Jan 5 23:03:45 BOT 2012: ASYNC -> STATS> Tiempo respuesta 0.645839 seg.
Thu Jan 5 23:03:45 BOT 2012: Ajax-> Mostrar Ranking > tono:139723 
Thu Jan 5 23:03:54 BOT 2012: Consulta de precio de reason:2 - msisdn: tono:118725 Async responde:350
 
Thu Jan 5 23:03:54 BOT 2012: Consulta de precio de reason:2 - msisdn:76378885 tono:137880 Async responde:350
 
Thu Jan 5 23:05:37 BOT 2012: ASYNC -> STATS> Tiempo respuesta 0.010068 seg.
Thu Jan 5 23:05:40 BOT 2012: Asignar backtone escuchado > Asi termino:103300,134636,132050,129209,103177,129211,127423,132451,102660,133873,135959,131632,129213,105009,128614,104950,136043,136198,136186,135961,
Thu Jan 5 23:06:49 BOT 2012: Ajax->Mostrar Reproducciones:  
Thu Jan 5 23:07:19 BOT 2012: ASYNC -> STATS> Tiempo respuesta 0.007021 seg.
Thu Jan 5 23:08:34 BOT 2012: ASYNC -> STATS> Tiempo respuesta 0.004459 seg.
Thu Jan 5 23:12:56 BOT 2012: Mostrar Album: >Artista:  <a href='index.php?seccion=playlist&autor=615'>Nombre Reggaeton</a>
Thu Jan 5 23:16:20 BOT 2012: ASYNC -> STATS> Tiempo respuesta 0.012629 seg.
Thu Jan 5 23:21:39 BOT 2012: Ajax->Mostrar Comentarios:  
Thu Jan 5 23:22:06 BOT 2012: Asignar backtone escuchado > Asi termino:104792,102680,
Thu Jan 5 23:26:43 BOT 2012: Ajax->Mostrar Comentarios:  
Thu Jan 5 23:27:04 BOT 2012: Ajax->Mostrar Megusta:  
Thu Jan 5 23:27:34 BOT 2012: Ajax-> Mostrar Comentarios> tono:129924 
Thu Jan 5 23:28:40 BOT 2012: Ajax->Mostrar Imagen Portada:  
Thu Jan 5 23:29:10 BOT 2012: Ajax->Mostrar Comentarios:  
Thu Jan 5 23:29:25 BOT 2012: Consulta de precio de reason:2 - msisdn:75639265 tono:137822 Async responde:350
 
Thu Jan 5 23:29:25 BOT 2012: Ajax->Mostrar Nombre Artista:  
Thu Jan 5 23:31:40 BOT 2012: Ajax->Mostrar Nombre Genero:  
Thu Jan 5 23:31:49 BOT 2012: Ajax->Mostrar Imagen Portada:  
Thu Jan 5 23:32:08 BOT 2012: Ajax->Mostrar Comentarios:  
Thu Jan 5 23:32:59 BOT 2012: Ajax->Mostrar Comentarios:  
Thu Jan 5 23:33:44 BOT 2012: Ajax->Mostrar Ranking:  
Thu Jan 5 23:35:32 BOT 2012: ASYNC -> STATS> Tiempo respuesta 0.005389 seg.
Thu Jan 5 23:37:53 BOT 2012: Ajax->Mostrar Comentarios:  
Thu Jan 5 23:38:14 BOT 2012: Ajax-> Mostrar  Nombre Genero > tono:126209 
Thu Jan 5 23:46:40 BOT 2012: Ajax->Mostrar Nombre Genero:  
Thu Jan 5 23:52:47 BOT 2012: Ajax-> Mostrar  Imagen Portada> tono:126497 
