Thu Dec 1 12:16:20 BOT 2011: STATS > BUSQUEDA DE BACKTONE >Tiempo: 0.037503 seg. | registros: 114
Thu Dec 1 12:16:20 BOT 2011: Ajax->Mostrar Reproducciones:  
Thu Dec 1 15:17:00 BOT 2011: Busqueda Inteligente: 
Thu Dec 1 15:19:37 BOT 2011: Asignar backtone escuchado > Asi termino:125067,124243,106266,135108,127767,127759,125517,126142,126164,126144,126165,125661,126172,126173,126175,134658,126141,126167,134638,134687,
Thu Dec 1 15:19:58 BOT 2011: Checklogin > msisdn: 76201371 , pin:aa/HSDLMiHMlQ
Thu Dec 1 15:20:31 BOT 2011: ASYNC -> STATS> Tiempo respuesta 0.004069 seg.
Thu Dec 1 15:21:37 BOT 2011: Ajax-> Mostrar Ranking > tono:104991 
Thu Dec 1 15:21:37 BOT 2011: Ajax-> Mostrar Ranking > tono:112451 
Thu Dec 1 15:22:25 BOT 2011: ASYNC -> STATS> Tiempo respuesta -0.330452 seg.
Thu Dec 1 15:28:02 BOT 2011: Ajax->Mostrar Ranking:  
Thu Dec 1 15:29:05 BOT 2011: Asignar backtone escuchado > Asi termino:118728,118745,118727,118725,106390,124958,560,140787,132454,140778,103686,132096,103713,104465,103712,104623,134627,114591,107785,103836,
Thu Dec 1 15:32:45 BOT 2011: ASYNC -> STATS> Tiempo respuesta 0.00494 seg.
Thu Dec 1 15:33:15 BOT 2011: Ajax-> Mostrar  Nombre Artista > tono:121512 
Thu Dec 1 15:33:39 BOT 2011: Consulta de precio de reason:2 - msisdn:76071479 tono:104886 Async responde:350
 
Thu Dec 1 15:33:42 BOT 2011: Asignar backtone escuchado > Asi termino:104886,105535,131613,123218,345,103563,105001,107785,104465,103712,103541,126677,104336,104335,103323,104242,124975,105362,
Thu Dec 1 15:33:42 BOT 2011: Ajax-> Mostrar  Imagen Portada> tono:127374 
Thu Dec 1 15:33:42 BOT 2011: Asignar backtone escuchado > Asi termino:124960,125049,106390,124958,560,118744,118730,139846,118728,118745,118727,118725,140787,132454,140778,103686,132096,103713,104465,103712,
Thu Dec 1 15:33:51 BOT 2011: Consulta de precio de reason:10 - msisdn: tono:121512 Async responde:350
 
Thu Dec 1 15:33:51 BOT 2011: Consulta de precio de reason:10 - msisdn:77603504 tono:127374 Async responde:350
 
Thu Dec 1 15:33:51 BOT 2011: Ajax->Mostrar Comentarios:  
Thu Dec 1 15:34:18 BOT 2011: ASYNC -> STATS> Tiempo respuesta 0.001502 seg.
Thu Dec 1 15:34:27 BOT 2011: ASYNC -> STATS> Tiempo respuesta 0.002149 seg.
Thu Dec 1 15:34:27 BOT 2011: Ajax-> Mostrar Ranking > tono:236 
Thu Dec 1 15:34:36 BOT 2011: ASYNC -> STATS> Tiempo respuesta 0.197231 seg.
Thu Dec 1 15:34:36 BOT 2011: Ajax->Mostrar Ranking:  
Thu Dec 1 15:34:39 BOT 2011: ASYNC -> STATS> Tiempo respuesta 0.017706 seg.
Thu Dec 1 15:38:00 BOT 2011: Ajax->Eliminando backtone:  > msisdn:76125108 >  tono :55  
Thu Dec 1 15:38:18 BOT 2011: Ajax->Mostrar Imagen Portada:  
Thu Dec 1 15:39:01 BOT 2011: ASYNC -> STATS> Tiempo respuesta -0.524579 seg.
Thu Dec 1 15:39:46 BOT 2011: Ajax->Mostrar Comentarios:  
Thu Dec 1 15:40:04 BOT 2011: Ajax-> Mostrar Comentarios> tono:102689 
Thu Dec 1 15:40:13 BOT 2011: Ajax-> Mostrar Megusta> tono:105263 
Thu Dec 1 15:40:22 BOT 2011: Asignar backtone escuchado > Asi termino:102810,127374,
Thu Dec 1 15:40:28 BOT 2011: ASYNC -> STATS> Tiempo respuesta 0.00711 seg.
Thu Dec 1 15:40:28 BOT 2011: Asignar backtone escuchado > Asi termino:137815,128309,137814,130979,128299,121497,121510,121509,121508,121506,121504,121503,121501,121500,121499,121512,137812,137811,130371,128300,
Thu Dec 1 15:40:31 BOT 2011: Asignar backtone escuchado > Asi termino:104498,102689,105052,104926,104925,104924,104923,105051,104922,105050,105049,105048,104921,104920,104244,104245,104246,104247,104248,104249,
Thu Dec 1 15:40:37 BOT 2011: ASYNC -> STATS> Tiempo respuesta 0.014591 seg.
Thu Dec 1 15:44:13 BOT 2011: Busqueda Inteligente: mana
Thu Dec 1 15:44:41 BOT 2011: Ajax->Mostrar Comentarios:  
Thu Dec 1 15:45:02 BOT 2011: Session Start>  Chequeo de sesion
Thu Dec 1 15:46:08 BOT 2011: Busqueda Inteligente: ser recibieron 97 resultados
Thu Dec 1 15:49:46 BOT 2011: STATS > BUSQUEDA DE BACKTONE >Tiempo: -0.803209 seg. | registros: 114
Thu Dec 1 15:51:16 BOT 2011: Ajax->Mostrar Comentarios:  
Thu Dec 1 15:51:46 BOT 2011: Ajax->Mostrar Megusta:  
Thu Dec 1 15:51:52 BOT 2011: ASYNC -> STATS> Tiempo respuesta -0.117535 seg.
Thu Dec 1 15:52:07 BOT 2011: Asignar backtone escuchado > Asi termino:130814,
Thu Dec 1 15:52:58 BOT 2011: Ajax->Mostrar Comentarios:  
Thu Dec 1 15:53:37 BOT 2011: Ajax->Mostrar Comentarios:  
Thu Dec 1 15:53:49 BOT 2011: Ajax-> Mostrar Ranking > tono:127757 
Thu Dec 1 15:53:55 BOT 2011: ASYNC -> STATS> Tiempo respuesta 0.503868 seg.
Thu Dec 1 15:54:07 BOT 2011: ASYNC -> STATS> Tiempo respuesta 0.010553 seg.
Thu Dec 1 15:54:07 BOT 2011: ASYNC -> STATS> Tiempo respuesta 0.07521 seg.
Thu Dec 1 15:54:10 BOT 2011: Ajax->Mostrar Ranking:  
Thu Dec 1 15:54:22 BOT 2011: Ajax->Mostrar Nombre Genero:  
Thu Dec 1 15:56:07 BOT 2011: Ajax->Mostrar Nombre Artista:  
Thu Dec 1 15:56:53 BOT 2011: Mostrar Ranking: tono:103482 calificacion: 
Thu Dec 1 15:56:53 BOT 2011: Asignar backtone escuchado > Asi termino:103209,103415,102984,104112,102986,104332,104331,104111,105392,104982,103204,104514,103207,103961,104337,102985,104110,102744,102902,102710,
Thu Dec 1 15:56:56 BOT 2011: Ajax->Mostrar Ranking:  
Thu Dec 1 15:58:11 BOT 2011: Ajax->Mostrar Megusta:  
Thu Dec 1 15:59:11 BOT 2011: Ajax->Mostrar Nombre Artista:  
Thu Dec 1 16:01:32 BOT 2011: Ajax->Mostrar Ranking:  
Thu Dec 1 16:01:35 BOT 2011: ASYNC -> STATS> Tiempo respuesta 0.186134 seg.
Thu Dec 1 16:01:56 BOT 2011: Ajax->Mostrar Megusta:  
Thu Dec 1 16:02:08 BOT 2011: Ajax->Mostrar Nombre Artista:  
Thu Dec 1 16:03:24 BOT 2011: Ajax->Mostrar Reproducciones:  
Thu Dec 1 16:06:33 BOT 2011: Ajax->Mostrar Nombre Artista:  
Thu Dec 1 16:08:36 BOT 2011: ASYNC -> STATS> Tiempo respuesta 0.002951 seg.
Thu Dec 1 16:10:58 BOT 2011: ASYNC -> STATS> Tiempo respuesta 0.003875 seg.
Thu Dec 1 16:11:46 BOT 2011: Ajax-> Mostrar  Imagen Portada> tono:104213 
Thu Dec 1 16:11:49 BOT 2011: ASYNC -> STATS> Tiempo respuesta -0.335902 seg.
Thu Dec 1 16:16:50 BOT 2011: Ajax->Mostrar Comentarios:  
Thu Dec 1 16:17:11 BOT 2011: Ajax->Mostrar Reproducciones:  
Thu Dec 1 16:19:14 BOT 2011: Ajax->Mostrar Imagen Portada:  
Thu Dec 1 16:22:56 BOT 2011: Ajax->Mostrar Reproducciones:  
Thu Dec 1 16:22:56 BOT 2011: Asignar backtone escuchado > Asi termino:104246,104247,104248,104249,104147,103823,104673,102741,103458,131812,103685,136632,136633,103596,104440,112705,104200,127787,84,103474,
Thu Dec 1 16:22:59 BOT 2011: Ajax-> Mostrar Ranking > tono:103859 
Thu Dec 1 16:23:18 BOT 2011: Ajax-> Mostrar Ranking > tono:104245 
Thu Dec 1 16:23:24 BOT 2011: Ajax->Mostrar Comentarios:  
Thu Dec 1 16:23:33 BOT 2011: Ajax->Mostrar Ranking:  
Thu Dec 1 16:23:33 BOT 2011: Ajax->Mostrar Reproducciones:  
Thu Dec 1 16:24:06 BOT 2011: Asignar backtone escuchado > Asi termino:105468,110095,110097,110099,105431,
Thu Dec 1 16:24:12 BOT 2011: Ajax-> Mostrar Ranking > tono:135213 
Thu Dec 1 16:24:57 BOT 2011: Ajax-> Mostrar Ranking > tono:112702 
Thu Dec 1 16:26:03 BOT 2011: Ajax->Mostrar Reproducciones:  
Thu Dec 1 16:28:12 BOT 2011: Ajax->Mostrar Nombre Genero:  
Thu Dec 1 16:29:09 BOT 2011: ASYNC -> STATS> Tiempo respuesta 0.397894 seg.
Thu Dec 1 16:29:57 BOT 2011: Ajax-> Mostrar  Imagen Portada> tono:103274 
Thu Dec 1 16:30:52 BOT 2011: Ajax-> Mostrar  Imagen Portada> tono:127759 
Thu Dec 1 16:31:25 BOT 2011: Ajax-> Mostrar  Nombre Artista > tono:127757 
Thu Dec 1 16:31:28 BOT 2011: Ajax-> Mostrar Ranking > tono:131042 
Thu Dec 1 16:31:49 BOT 2011: Ajax->Mostrar Nombre Genero:  
Thu Dec 1 16:32:34 BOT 2011: Ajax->Mostrar Ranking:  
Thu Dec 1 16:33:10 BOT 2011: Ajax->Mostrar Reproducciones:  
Thu Dec 1 16:33:43 BOT 2011: Mostrar Album: >albumes/LMFAO Party.jpg
Thu Dec 1 16:35:01 BOT 2011: Ajax->Mostrar Nombre Genero:  
Thu Dec 1 16:38:17 BOT 2011: Ajax-> Mostrar  Nombre Genero > tono:140834 
Thu Dec 1 16:39:14 BOT 2011: Ajax->Mostrar Comentarios:  
Thu Dec 1 16:39:29 BOT 2011: Ajax-> Mostrar  Nombre Genero > tono:103068 
Thu Dec 1 16:41:59 BOT 2011: Ajax-> Mostrar Ranking > tono:129201 
Thu Dec 1 16:42:26 BOT 2011: Ajax->Mostrar Ranking:  
Thu Dec 1 16:44:08 BOT 2011: Ajax->Mostrar Imagen Portada:  
Thu Dec 1 16:44:18 BOT 2011: Busqueda Inteligente: 
Thu Dec 1 16:44:54 BOT 2011: Ajax->Mostrar Megusta:  
Thu Dec 1 16:45:33 BOT 2011: Ajax-> Mostrar  Nombre Artista > tono:127295 
Thu Dec 1 16:46:03 BOT 2011: Ajax->Mostrar Nombre Artista:  
Thu Dec 1 16:46:45 BOT 2011: Ajax-> Mostrar Ranking > tono:104932 
Thu Dec 1 16:48:03 BOT 2011: Error al consultar precio de renovacion - msisdn: tono:103466 - Async responde -3
Thu Dec 1 16:48:03 BOT 2011: Ajax->Mostrar Ranking:  
Thu Dec 1 16:48:03 BOT 2011: ASYNC -> STATS> Tiempo respuesta -0.140248 seg.
Thu Dec 1 16:48:21 BOT 2011: Ajax->Mostrar Ranking:  
Thu Dec 1 16:52:46 BOT 2011: Ajax-> Mostrar  Nombre Genero > tono:110099 
Thu Dec 1 16:53:13 BOT 2011: Asignar backtone escuchado > Asi termino:103821,103750,103533,103466,103473,103472,103474,103477,103748,103793,105746,104383,104447,104547,104165,103521,105036,104507,104522,102922,
Thu Dec 1 16:54:46 BOT 2011: Ajax-> Mostrar Megusta> tono:201 
Thu Dec 1 16:55:52 BOT 2011: ASYNC -> STATS> Tiempo respuesta 0.14312 seg.
Thu Dec 1 16:55:52 BOT 2011: Session Start>  Chequeo de sesion
Thu Dec 1 16:57:07 BOT 2011: Ajax->Mostrar Nombre Genero:  
Thu Dec 1 16:58:04 BOT 2011: ASYNC -> STATS> Tiempo respuesta 0.004344 seg.
Thu Dec 1 16:58:29 BOT 2011: Ajax-> Mostrar  Nombre Artista > tono:104910 
Thu Dec 1 16:58:56 BOT 2011: Consulta de precio de reason:10 - msisdn: tono:104894 Async responde:350
 
Thu Dec 1 16:58:56 BOT 2011: ASYNC -> STATS> Tiempo respuesta -0.265647 seg.
Thu Dec 1 16:59:05 BOT 2011: ASYNC -> STATS> Tiempo respuesta -0.240543 seg.
Thu Dec 1 17:00:14 BOT 2011: Consulta de precio de reason:2 - msisdn: tono:113047 Async responde:350
 
Thu Dec 1 17:00:35 BOT 2011: loggout => asignando por default session
Thu Dec 1 17:00:38 BOT 2011: Ajax->Eliminando backtone: msisdn:   
Thu Dec 1 17:00:41 BOT 2011: Ajax->Mostrar Imagen Portada:  
Thu Dec 1 17:00:41 BOT 2011: Ajax-> Mostrar Ranking > tono:104024 
Thu Dec 1 17:01:35 BOT 2011: Consulta de precio de reason:2 - msisdn:76223985 tono:123533 Async responde:350
 
Thu Dec 1 17:01:35 BOT 2011: ASYNC -> STATS> Tiempo respuesta 0.399994 seg.
Thu Dec 1 17:01:41 BOT 2011: Ajax-> Mostrar Megusta> tono:127760 
Thu Dec 1 17:01:44 BOT 2011: SMS >: Servidor responde: > STATS > tiempo respuesta:0.00095499999999993 
Thu Dec 1 17:02:05 BOT 2011: ASYNC -> STATS> Tiempo respuesta 0.003777 seg.
Thu Dec 1 17:02:08 BOT 2011: Ajax->Mostrar Ranking:  
Thu Dec 1 17:02:35 BOT 2011: Ajax->Mostrar Megusta:  
Thu Dec 1 17:03:14 BOT 2011: Ajax->Mostrar Nombre Genero:  
Thu Dec 1 17:04:11 BOT 2011: Ajax-> Mostrar Comentarios> tono:104305 
Thu Dec 1 17:04:56 BOT 2011: Ajax->Mostrar Nombre Artista:  
Thu Dec 1 17:05:42 BOT 2011: Asignar backtone escuchado > Asi termino:103235,102661,538,104025,103225,102790,103314,116506,102789,573,204,103588,103072,103029,103089,104460,105077,105078,104670,201,
Thu Dec 1 17:06:27 BOT 2011: Ajax-> Mostrar  Nombre Artista > tono:104026 
Thu Dec 1 17:08:24 BOT 2011: Asignar backtone escuchado > Asi termino:127759,127757,
Thu Dec 1 17:10:51 BOT 2011: Ajax-> Mostrar  Imagen Portada> tono:201 
Thu Dec 1 17:11:06 BOT 2011: Ajax->Mostrar Reproducciones:  
Thu Dec 1 17:12:10 BOT 2011: Ajax->Mostrar Reproducciones:  
Thu Dec 1 17:15:37 BOT 2011: Busqueda Inteligente: resultados >104804
Thu Dec 1 17:16:40 BOT 2011: Ajax-> Mostrar Comentarios> tono:104799 
Thu Dec 1 17:18:34 BOT 2011: Ajax->Mostrar Nombre Artista:  
Thu Dec 1 17:19:20 BOT 2011: ASYNC -> STATS> Tiempo respuesta 0.002141 seg.
Thu Dec 1 17:20:41 BOT 2011: Ajax-> Mostrar Ranking > tono:105366 
Thu Dec 1 17:21:11 BOT 2011: Ajax->Mostrar Nombre Genero:  
Thu Dec 1 17:21:47 BOT 2011: Session Start>  session por defecto 
Thu Dec 1 17:21:53 BOT 2011: Ajax->Mostrar Megusta:  
Thu Dec 1 17:22:11 BOT 2011: Asignar backtone escuchado > Asi termino:345,103563,104991,104200,109648,102698,135108,127759,127757,
Thu Dec 1 17:22:20 BOT 2011: STATS > BUSQUEDA DE BACKTONE >Tiempo: 0.027047 seg. | registros: 25
Thu Dec 1 17:22:23 BOT 2011: ASYNC -> STATS> Tiempo respuesta 0.227418 seg.
Thu Dec 1 17:22:29 BOT 2011: Ajax->Mostrar Megusta:  
Thu Dec 1 17:22:47 BOT 2011: Asignar backtone escuchado > Asi termino:104447,104522,104510,104508,
Thu Dec 1 17:23:02 BOT 2011: Ajax->Mostrar Imagen Portada:  
Thu Dec 1 17:24:08 BOT 2011: Ajax->Mostrar Nombre Artista:  
Thu Dec 1 17:25:11 BOT 2011: Ajax->Mostrar Nombre Artista:  
Thu Dec 1 17:25:20 BOT 2011: Ajax-> Mostrar Megusta> tono:130804 
Thu Dec 1 17:25:32 BOT 2011: Ajax->Mostrar Megusta:  
Thu Dec 1 17:26:12 BOT 2011: Ajax->Mostrar Megusta:  
Thu Dec 1 17:26:21 BOT 2011: Ajax->Mostrar Imagen Portada:  
Thu Dec 1 17:27:21 BOT 2011: Busqueda Inteligente: resultados >138309
Thu Dec 1 17:27:33 BOT 2011: Asignar backtone escuchado > Asi termino:103243,103223,104047,140825,103600,104206,126172,103351,105257,104789,131642,103303,105856,118725,118724,118745,118727,
Thu Dec 1 17:27:36 BOT 2011: Ajax-> Mostrar Megusta> tono:105420 
Thu Dec 1 17:29:57 BOT 2011: Busqueda Inteligente: Resultado 
 140825;Amor Salvaje;Version Solumovil;Chistes
104047;Si Tu No Vuelves_;Alejandro Fernandez;Latinas
103223;SiTuNoVuelvesAlbumVersion;Alejandro Fernandez;Latinas
116502;de que me sirve la vida;Camila;Romanticas
105508;ke ves;Familia Lirika;Latinas
108598;the time of our lives;Miley Cyrus;Pop
104206;A Quien Vas A Amar Mas Que A mi;Vicente Fernandez;Rancheras
103600;AQuienVas;Vicente Fernandez;Rancheras
110189;el embrujo2;New Bolivia band;Nuevas
126029;Eo Amor;Pivas; Brasileras
125660;EO AMOR;Pivas; Brasileras
114593;La ovejerita Vallegrande;Gisela Santa Cruz;Nuevas
110193;lastima;New Bolivia band;Nuevas
110195;nose que paso;New Bolivia band;Nuevas
102922;Nunca te olvidare;Pivas;Latinas
102952;que me vas a dar;Jenni rivera;Latinas
110197;que nadie se entere;New Bolivia band;Nuevas
134662;Si te vas;David Castro Opratel;Cumbia
104067;Si Te Vas No Hay Lio Remix;Vicente Fernandez;Rancheras
110201;te vas te vas te vas;New Bolivia band;Nuevas
135139;Tu De Que Vas;fRANCO dE vITA;Latinas
110204;yo nose mañana;New Bolivia band;Nuevas
110206;yo nose mañana intro;New Bolivia band;Nuevas
105371; O Me Voy O Te Vas (Live Version);Marco Antonio Soliz;Marco Antonio Solis
105059;Jueves;la oreja de van gogh;Latinas
104000;Las Llaves De Mi Alma;Vicente Fernandez;Rancheras
113632;tu vives en mi;Wisin y Yandel;Reggaeton
103781;Un Vestido Y Un Amor;Fito Paez;Latinas
131760;Vestida de azucar;Gloria Trevi;Latinas
105048;Agente 86 y el hombre invisible;Version Opratel;Sonidos
104109;Avisale tu;Version Opratel;Sonidos
630;Chovena de gilberto;New Bolivia band;Carnaval
106296;El Amor (cover);Version Solumovil;Latinas
104435;El virus del amor live;los tucanes;Rancheras
103659;Diablo;Dubfire Vs Oliver Huntemann;Electronicas
102719;Oriente 1 vs 0 Blooming;Carvalho;FANATIGO
103126;vsos vacios;Los fabulosos cadillacs;Latinas
105257;DejaVu vuelve la misma sensación;Gustavo Cerati;Pop
103038;todo vuelve a empezar;Luis Fonsi;Luis Fonsi
137244;Todo Vuelve Album Version;Axel;Latinas
103511;Vuelve;Reik;Latinas
103446;Vuelve A Llamar;Jesus A Romero;Cristianas
375;Vuelve a mi;PlanB;Latinas
103283;VuelveBlack;Ricki Martin;Latinas
105036; El amor v2;Version Opratel;Super Promo
110187;adios amor;New Bolivia band;Cumbia
104789;Amor Aventurero;Marc Anthony;Marc Anthony
104612;Amor De Los Dos En Vivo;Vicente Fernandez;Rancheras
240;Amor de madre;Aventura;Cumbia
110188;amor de mis amores;New Bolivia band;Cumbia
104069;Amor En Sombras Remexiero Ser Remix;Vicente Fernandez;Rancheras
103824;Amor frances;Version Opratel;Latinas
104894;Amor platonico-;Verduleros;Latinas
104968;Amor Salvaje;Soledad Pastorutti;Latinas
103303;amor verdadero;PK2;Latinas
103414;Amorcito;Viviana Gibelli;Sonidos
103598;AmorEterno;Vicente Fernandez;Rancheras
103599;AmorSinCuenta;Vicente Fernandez;Rancheras
104393;Burbujas de Amor;Aventura;Cumbia
102603;Milonga de la puteada;Esteban Mogrado;Clasicos
108613;every rose has its thorn;Miley Cyrus;Pop
108608;forgiveness and love;Miley Cyrus;Pop
102772;Girls jusn wanna have fun;Miley Cyrus;Pop
105057;Homero y la corte de los milagros;Version Opratel;Sonidos
104238;HOMERO Y LA FAMILIA;Version Opratel;Chistes
133787;La nueva ciencia;Familia Lirika;Hip hop
103753;Miles away;Version Opratel;Pop
108600;my hearth beats for love;Miley Cyrus;Pop
133788;No me van a callar;Familia Lirika;Hip hop
116469;sin tu amor;Camila;Romanticas
102770;start all over;Miley Cyrus;Pop
102769;the driveway;Miley Cyrus;Pop
116514;UGotMyLove;Camila;CAMILA
103613;UnMillonDe-;Vicente Fernandez;Rancheras
116471;va para ti;Camila;CAMILA
104003;Tu Camino Y El Mio;Vicente Fernandez;Rancheras
103328;-Me vas a extranhar;Banda reggaeton;Reggaeton
103466;2YTuTeVas;Chayanne;Latinas
105497;c era un regazzo che come mei;Pivas;Latinas
131842;Chaco Adentro;Yalo cuellar;Nuevas
138570;Dime si te vas con el;Opratel;Reggaeton
104591;Dime si te vas con el;Toing;Latinas
103994;Donde Vas Tan Sola;Alejandro Fernandez;Latinas
105498;e preciso mais;Pivas;Latinas
133804;Esa Es La Cuestion;Yalo cuellar;Nuevas
133846;Fuerte Como El Sol;Vastago;Latinas
103958;Homero vas a morir moe;Homero;Sonidos
131636;La Reyna;Yalo cuellar;Nuevas
133826;Lo Que Falto;Yalo cuellar;Nuevas
13;Nothing else matters;Lucie Silvas;Pop
102680;O me voy o te vas;Marco Antonio Solis;Marco Antonio Solis
104216;Pa que la muevas;La Ihuana Mary;Latinas
103740;Para Que Vuelvas A Mi;Makano;Ma 
Thu Dec 1 17:31:18 BOT 2011: Busqueda Inteligente: Calle13
Thu Dec 1 17:34:07 BOT 2011: Ajax-> Mostrar Comentarios> tono:134178 
Thu Dec 1 17:39:31 BOT 2011: ASYNC -> STATS> Tiempo respuesta 0.0026069999999999 seg.
Thu Dec 1 17:41:02 BOT 2011: Ajax->Mostrar Nombre Artista:  
Thu Dec 1 17:41:47 BOT 2011: Mostrar Ranking: tono:103940 calificacion: 5
Thu Dec 1 17:41:53 BOT 2011: Ajax->Mostrar Comentarios:  
Thu Dec 1 17:41:59 BOT 2011: Ajax->Mostrar Comentarios:  
Thu Dec 1 17:42:38 BOT 2011: Ajax->Mostrar Comentarios:  
Thu Dec 1 17:42:50 BOT 2011: WEB_REPRODUCIR_BUSQUEDA > Se formatearon:32 tonos
Thu Dec 1 17:44:11 BOT 2011: Ajax->Mostrar Comentarios:  
Thu Dec 1 17:45:23 BOT 2011: Ajax-> Mostrar  Nombre Genero > tono:103550 
Thu Dec 1 17:45:32 BOT 2011: Ajax->Mostrar Comentarios:  
Thu Dec 1 17:45:41 BOT 2011: Ajax-> Mostrar Comentarios> tono:102630 
Thu Dec 1 17:46:05 BOT 2011: Ajax->Mostrar Ranking:  
Thu Dec 1 17:46:11 BOT 2011: Ajax->Mostrar Megusta:  
Thu Dec 1 17:51:12 BOT 2011: Ajax->Mostrar Reproducciones:  
Thu Dec 1 17:52:27 BOT 2011: Consulta de precio de reason:2 - msisdn:77490313 tono:103939 Async responde:350
 
Thu Dec 1 17:53:33 BOT 2011: Mostrar Genero: >G&eacute;nero:  <a href='index.php?seccion=playlist&genero=153'>Rock Latino</a>
Thu Dec 1 17:53:40 BOT 2011: STATS > BUSQUEDA DE BACKTONE >Tiempo: -0.785643 seg. | registros: 1
Thu Dec 1 17:55:01 BOT 2011: Ajax->Mostrar Imagen Portada:  
Thu Dec 1 17:55:37 BOT 2011: Ajax->Mostrar Imagen Portada:  
Thu Dec 1 17:56:13 BOT 2011: ASYNC -> STATS> Tiempo respuesta 0.002561 seg.
Thu Dec 1 17:56:22 BOT 2011: Ajax->Mostrar Comentarios:  
Thu Dec 1 17:56:25 BOT 2011: Ajax->Mostrar Reproducciones:  
Thu Dec 1 17:57:25 BOT 2011: Asignar backtone escuchado > Asi termino:134010,133882,103257,103110,103109,103256,125740,125739,125513,104737,135283,135723,135286,135285,136044,135958,136232,133768,131623,133769,
Thu Dec 1 17:57:52 BOT 2011: Error al consultar precio de renovacion - msisdn:75989123 tono:134012 - Async responde -3
Thu Dec 1 17:57:52 BOT 2011: ASYNC -> STATS> Tiempo respuesta -0.089924 seg.
Thu Dec 1 17:57:52 BOT 2011: Asignar backtone escuchado > Asi termino:102673,103997,103224,199,205,103992,209,211,202,102893,103628,572,112702,103274,102672,104024,103086,163,103991,103466,
Thu Dec 1 17:57:55 BOT 2011: ASYNC -> STATS> Tiempo respuesta -0.021052 seg.
Thu Dec 1 17:57:55 BOT 2011: Ajax->Mostrar Reproducciones:  
Thu Dec 1 17:57:58 BOT 2011: ASYNC -> STATS> Tiempo respuesta 0.003396 seg.
Thu Dec 1 17:58:04 BOT 2011: Ajax->Mostrar Comentarios:  
Thu Dec 1 17:58:07 BOT 2011: ASYNC -> STATS> Tiempo respuesta 0.004748 seg.
Thu Dec 1 17:58:07 BOT 2011: ASYNC -> STATS> Tiempo respuesta 0.005937 seg.
Thu Dec 1 17:58:37 BOT 2011: Ajax-> Mostrar Megusta> tono:130804 
Thu Dec 1 18:00:10 BOT 2011: Consulta de precio de reason:2 - msisdn:76093783 tono:103577 Async responde:350
 
Thu Dec 1 18:00:25 BOT 2011: Ajax->Mostrar Comentarios:  
Thu Dec 1 18:03:35 BOT 2011: ASYNC -> STATS> Tiempo respuesta -0.573363 seg.
Thu Dec 1 18:03:38 BOT 2011: Ajax-> Mostrar Ranking > tono:103588 
Thu Dec 1 18:05:32 BOT 2011: Ajax->Mostrar Comentarios:  
Thu Dec 1 18:05:32 BOT 2011: Busqueda Inteligente: bolivar
Thu Dec 1 18:06:35 BOT 2011: ASYNC -> STATS> Tiempo respuesta 0.0032679999999999 seg.
Thu Dec 1 18:07:14 BOT 2011: Ajax->Mostrar Comentarios:  
Thu Dec 1 18:09:36 BOT 2011: Ajax-> Mostrar Megusta> tono:120248 
Thu Dec 1 18:09:39 BOT 2011: Ajax-> Mostrar  Imagen Portada> tono:120248 
Thu Dec 1 18:10:51 BOT 2011: Ajax-> Mostrar  Nombre Artista > tono:128462 
Thu Dec 1 18:11:24 BOT 2011: Ajax->Mostrar Imagen Portada:  
Thu Dec 1 18:11:42 BOT 2011: Ajax->Mostrar Ranking:  
Thu Dec 1 18:11:57 BOT 2011: Ajax->Mostrar Megusta:  
Thu Dec 1 18:11:57 BOT 2011: Ajax->Mostrar Megusta:  
Thu Dec 1 18:13:54 BOT 2011: Ajax->Mostrar Nombre Artista:  
Thu Dec 1 18:16:04 BOT 2011: Ajax-> Mostrar  Imagen Portada> tono:131035 
Thu Dec 1 18:16:19 BOT 2011: Asignar backtone escuchado > Asi termino:345,103564,105540,136188,135152,136044,134014,127295,103853,103415,103414,103418,103417,103416,103536,109653,103113,103114,129201,127300,
Thu Dec 1 18:16:37 BOT 2011: Ajax->Mostrar Megusta:  
Thu Dec 1 18:19:46 BOT 2011: Ajax-> Mostrar Ranking > tono:127001 
Thu Dec 1 18:21:01 BOT 2011: Ajax->Mostrar Ranking:  
Thu Dec 1 18:22:32 BOT 2011: Ajax->Mostrar Ranking:  
Thu Dec 1 18:22:53 BOT 2011: Ajax->Eliminando backtone: msisdn:76570097   
Thu Dec 1 18:23:05 BOT 2011: Ajax-> Mostrar  Nombre Artista > tono:139723 
Thu Dec 1 18:23:29 BOT 2011: Ajax->Mostrar Imagen Portada:  
Thu Dec 1 18:23:32 BOT 2011: Ajax-> Mostrar  Imagen Portada> tono:7 
Thu Dec 1 18:25:23 BOT 2011: Ajax->Mostrar Ranking:  
Thu Dec 1 18:26:14 BOT 2011: Asignar backtone escuchado > Asi termino:104678,112468,138286,139727,135057,105093,131722,105262,139838,118725,
Thu Dec 1 18:26:17 BOT 2011: Ajax-> Mostrar Megusta> tono:104441 
Thu Dec 1 18:30:00 BOT 2011: Ajax->Mostrar Ranking:  
Thu Dec 1 18:30:09 BOT 2011: Asignar backtone escuchado > Asi termino:112468,104678,138286,139727,135057,105093,131722,105262,139838,118725,
Thu Dec 1 18:30:15 BOT 2011: ASYNC -> STATS> Tiempo respuesta 0.284685 seg.
Thu Dec 1 18:30:33 BOT 2011: ASYNC -> STATS> Tiempo respuesta 0.010731 seg.
Thu Dec 1 18:31:24 BOT 2011: Ajax->Mostrar Megusta:  
Thu Dec 1 18:31:30 BOT 2011: Ajax-> Mostrar Ranking > tono:125094 
Thu Dec 1 18:31:33 BOT 2011: Ajax-> Mostrar  Imagen Portada> tono:103963 
Thu Dec 1 18:31:45 BOT 2011: ASYNC -> STATS> Tiempo respuesta 0.002183 seg.
Thu Dec 1 18:32:03 BOT 2011: Ajax->Mostrar Nombre Genero:  
Thu Dec 1 18:32:39 BOT 2011: Mostrar Album: >Artista:  <a href='index.php?seccion=playlist&autor=223'>A Banda Sombra</a>
Thu Dec 1 18:33:39 BOT 2011: Ajax->Mostrar Reproducciones:  
Thu Dec 1 18:33:54 BOT 2011: Ajax-> Mostrar Ranking > tono:124025 
Thu Dec 1 18:34:00 BOT 2011: Ajax->Mostrar Reproducciones:  
Thu Dec 1 18:34:03 BOT 2011: ASYNC -> STATS> Tiempo respuesta 0.218886 seg.
Thu Dec 1 18:34:12 BOT 2011: Ajax->Mostrar Reproducciones:  
Thu Dec 1 18:34:12 BOT 2011: Ajax->Mostrar Ranking:  
Thu Dec 1 18:34:15 BOT 2011: ASYNC -> STATS> Tiempo respuesta -0.0026189999999999 seg.
Thu Dec 1 18:34:15 BOT 2011: Ajax->Mostrar Comentarios:  
Thu Dec 1 18:34:15 BOT 2011: Ajax->Mostrar Ranking:  
Thu Dec 1 18:34:18 BOT 2011: ASYNC -> STATS> Tiempo respuesta -0.008525 seg.
Thu Dec 1 18:34:18 BOT 2011: ASYNC -> STATS> Tiempo respuesta -0.0060370000000001 seg.
Thu Dec 1 18:34:21 BOT 2011: Ajax->Mostrar Megusta:  
Thu Dec 1 18:34:21 BOT 2011: Ajax->Mostrar Reproducciones:  
Thu Dec 1 18:34:24 BOT 2011: ASYNC -> STATS> Tiempo respuesta 0.512529 seg.
Thu Dec 1 18:34:27 BOT 2011: Ajax->Mostrar Ranking:  
Thu Dec 1 18:34:39 BOT 2011: Ajax->Mostrar Reproducciones:  
Thu Dec 1 18:34:39 BOT 2011: ASYNC -> STATS> Tiempo respuesta 0.015404 seg.
Thu Dec 1 18:34:42 BOT 2011: Asignar backtone escuchado > Asi termino:140778,140787,132454,140780,
Thu Dec 1 18:34:42 BOT 2011: Ajax-> Mostrar  Nombre Artista > tono:104854 
Thu Dec 1 18:34:49 BOT 2011: ASYNC -> STATS> Tiempo respuesta -0.956256 seg.
Thu Dec 1 18:34:52 BOT 2011: ASYNC -> STATS> Tiempo respuesta -0.967888 seg.
Thu Dec 1 18:35:10 BOT 2011: Mostrar Ranking: tono:123718 calificacion: 4
Thu Dec 1 18:35:16 BOT 2011: ASYNC -> STATS> Tiempo respuesta -0.556023 seg.
Thu Dec 1 18:35:16 BOT 2011: Ajax->Mostrar Ranking:  
Thu Dec 1 18:36:07 BOT 2011: ASYNC -> STATS> Tiempo respuesta 0.003072 seg.
Thu Dec 1 18:36:10 BOT 2011: ASYNC -> STATS> Tiempo respuesta -0.008936 seg.
Thu Dec 1 18:36:10 BOT 2011: Ajax->Mostrar Ranking:  
Thu Dec 1 18:36:16 BOT 2011: Ajax-> Mostrar Ranking > tono:102630 
Thu Dec 1 18:37:34 BOT 2011: Asignar backtone escuchado > Asi termino:257,
Thu Dec 1 18:38:13 BOT 2011: Asignar backtone escuchado > Asi termino:140785,140782,140780,140778,140787,132454,
Thu Dec 1 18:38:16 BOT 2011: ASYNC -> STATS> Tiempo respuesta 0.003886 seg.
Thu Dec 1 18:38:19 BOT 2011: Asignar backtone escuchado > Asi termino:123008,107763,131616,141106,104174,126679,128297,127001,116860,126483,126503,126497,126501,106000,109317,109246,109314,133445,131615,131627,
Thu Dec 1 18:38:22 BOT 2011: Ajax->Mostrar Nombre Artista:  
Thu Dec 1 18:38:22 BOT 2011: Ajax-> Mostrar Ranking > tono:133884 
Thu Dec 1 18:40:22 BOT 2011: Error al consultar precio de renovacion - msisdn: tono:104441 - Async responde -3
Thu Dec 1 18:42:56 BOT 2011: Ajax->Mostrar Nombre Artista:  
Thu Dec 1 18:45:23 BOT 2011: Ajax->Mostrar Nombre Genero:  
Thu Dec 1 18:46:11 BOT 2011: ASYNC -> STATS> Tiempo respuesta 0.480573 seg.
Thu Dec 1 18:46:11 BOT 2011: ASYNC -> STATS> Tiempo respuesta 0.003058 seg.
Thu Dec 1 18:46:14 BOT 2011: ASYNC -> STATS> Tiempo respuesta -0.001349 seg.
Thu Dec 1 18:46:14 BOT 2011: ASYNC -> STATS> Tiempo respuesta -1.3000000000041E-05 seg.
Thu Dec 1 18:47:11 BOT 2011: ASYNC -> STATS> Tiempo respuesta 0.002194 seg.
Thu Dec 1 18:47:32 BOT 2011: Ajax->Mostrar Megusta:  
Thu Dec 1 18:48:48 BOT 2011: Ajax->Mostrar Ranking:  
Thu Dec 1 18:49:36 BOT 2011: ASYNC -> STATS> Tiempo respuesta 0.002709 seg.
Thu Dec 1 18:49:42 BOT 2011: ASYNC -> STATS> Tiempo respuesta -0.257651 seg.
Thu Dec 1 18:49:45 BOT 2011: ASYNC -> STATS> Tiempo respuesta 0.006282 seg.
Thu Dec 1 18:51:00 BOT 2011: Busqueda Inteligente: lmfao
Thu Dec 1 18:51:00 BOT 2011: Asignar backtone escuchado > Asi termino:103349,110187,104904,391,125092,110189,126167,125090,106000,104640,125088,125517,103052,125067,102518,104219,509,123008,107763,131616,
Thu Dec 1 18:51:09 BOT 2011: Asignar backtone escuchado > Asi termino:135225,209,105232,104300,103997,104095,104299,137299,137301,102621,597,130813,104992,126857,131824,104572,104751,137229,103250,133884,
Thu Dec 1 18:52:45 BOT 2011: Asignar backtone escuchado > Asi termino:107585,169,103469,122540,
Thu Dec 1 18:55:21 BOT 2011: STATS > BUSQUEDA DE BACKTONE >Tiempo: 0.276982 seg. | registros: 3
Thu Dec 1 19:00:04 BOT 2011: ASYNC -> STATS> Tiempo respuesta -0.359754 seg.
Thu Dec 1 19:00:13 BOT 2011: Ajax->Mostrar Comentarios:  
Thu Dec 1 19:00:13 BOT 2011: Ajax->Mostrar Reproducciones:  
Thu Dec 1 19:00:52 BOT 2011: Ajax->Mostrar Ranking:  
Thu Dec 1 19:04:20 BOT 2011: Ajax->Mostrar Reproducciones:  
Thu Dec 1 19:04:23 BOT 2011: Ajax->Mostrar Megusta:  
Thu Dec 1 19:09:11 BOT 2011: Mostrar Genero: >G&eacute;nero:  <a href='index.php?seccion=playlist&genero=149'>Nacionales</a>
Thu Dec 1 19:11:09 BOT 2011: Busqueda Inteligente: Version Solumovil
Thu Dec 1 19:12:00 BOT 2011: Ajax->Mostrar Imagen Portada:  
Thu Dec 1 19:14:45 BOT 2011: Asignar backtone escuchado > Asi termino:116849,104999,126029,103687,129231,104465,103712,115943,104576,124045,124067,124073,124063,115947,124052,124043,124041,103562,103540,104991,
Thu Dec 1 19:15:57 BOT 2011: Ajax->Mostrar Reproducciones:  
Thu Dec 1 19:16:24 BOT 2011: Ajax->Mostrar Comentarios:  
Thu Dec 1 19:17:12 BOT 2011: Mostrar Comentarios : tono:137044 
Thu Dec 1 19:17:12 BOT 2011: Ajax->Mostrar Ranking:  
Thu Dec 1 19:17:40 BOT 2011: Ajax->Mostrar Megusta:  
Thu Dec 1 19:20:40 BOT 2011: WEB_REPRODUCIR_BUSQUEDA > Se recibieron:30 tonos
Thu Dec 1 19:21:43 BOT 2011: Ajax-> Mostrar Comentarios> tono:119 
Thu Dec 1 19:22:43 BOT 2011: Ajax->Mostrar Reproducciones:  
Thu Dec 1 19:23:13 BOT 2011: Ajax->Mostrar Comentarios:  
Thu Dec 1 19:24:32 BOT 2011: Asignar backtone escuchado > Asi termino:140816,140814,120250,140810,120248,140826,139723,140825,140823,137882,131812,140819,140817,141134,140808,141130,134036,132105,132102,
Thu Dec 1 19:26:17 BOT 2011: Ajax->Mostrar Comentarios:  
Thu Dec 1 19:27:26 BOT 2011: Session Start>  session por defecto 
Thu Dec 1 19:28:35 BOT 2011: Ajax->Mostrar Comentarios:  
Thu Dec 1 19:30:44 BOT 2011: STATS > BUSQUEDA DE BACKTONE >Tiempo: -0.021118 seg. | registros: 111
Thu Dec 1 19:30:50 BOT 2011: Ajax-> Mostrar Ranking > tono:103477 
Thu Dec 1 19:32:54 BOT 2011: STATS > BUSQUEDA DE BACKTONE >Tiempo: -0.331741 seg. | registros: 31
Thu Dec 1 19:32:54 BOT 2011: Ajax->Mostrar Nombre Genero:  
Thu Dec 1 19:34:14 BOT 2011: ASYNC -> STATS> Tiempo respuesta 0.194347 seg.
Thu Dec 1 19:34:17 BOT 2011: Ajax->Mostrar Ranking:  
Thu Dec 1 19:34:20 BOT 2011: ASYNC -> STATS> Tiempo respuesta 2.6999999999999E-05 seg.
Thu Dec 1 19:36:25 BOT 2011: Busqueda Inteligente: angela leiva
Thu Dec 1 19:36:28 BOT 2011: Ajax-> Mostrar Megusta> tono:103712 
Thu Dec 1 19:36:58 BOT 2011: ASYNC -> STATS> Tiempo respuesta 0.001347 seg.
Thu Dec 1 19:37:08 BOT 2011: Ajax-> Mostrar Ranking > tono:105500 
Thu Dec 1 19:40:59 BOT 2011: Ajax->Mostrar Reproducciones:  
Thu Dec 1 19:41:32 BOT 2011: Ajax->Mostrar Ranking:  
Thu Dec 1 19:43:15 BOT 2011: ASYNC -> STATS> Tiempo respuesta -0.001768 seg.
Thu Dec 1 19:44:24 BOT 2011: Consulta de precio de reason:2 - msisdn:78453103 tono:103084 Async responde:350
 
Thu Dec 1 19:44:30 BOT 2011: ASYNC -> STATS> Tiempo respuesta 0.006446 seg.
Thu Dec 1 19:44:30 BOT 2011: ASYNC -> STATS> Tiempo respuesta 0.080781 seg.
Thu Dec 1 19:44:39 BOT 2011: ASYNC -> STATS> Tiempo respuesta 0.006956 seg.
Thu Dec 1 19:44:39 BOT 2011: Ajax->Mostrar Nombre Genero:  
Thu Dec 1 19:44:42 BOT 2011: ASYNC -> STATS> Tiempo respuesta 0.42189 seg.
Thu Dec 1 19:46:06 BOT 2011: Ajax->Mostrar Ranking:  
Thu Dec 1 19:46:27 BOT 2011: Asignar backtone escuchado > Asi termino:104207,104206,110100,110187,103476,105036,103798,102627,57,103084,106005,109915,104120,136190,138286,128427,128599,134178,125510,103274,
Thu Dec 1 19:50:34 BOT 2011: Ajax->Mostrar Nombre Artista:  
Thu Dec 1 19:51:49 BOT 2011: Ajax-> Mostrar  Imagen Portada> Album:albumes/album-default.jpg
Thu Dec 1 19:58:08 BOT 2011: ASYNC -> STATS> Tiempo respuesta 0.002425 seg.
Thu Dec 1 20:00:20 BOT 2011: Ajax->Mostrar Ranking:  
Thu Dec 1 20:03:30 BOT 2011: Ajax->Mostrar Ranking:  
Thu Dec 1 20:03:30 BOT 2011: ASYNC -> STATS> Tiempo respuesta 0.00015 seg.
Thu Dec 1 20:05:27 BOT 2011: Ajax-> Mostrar Ranking > tono:134026 
Thu Dec 1 20:07:45 BOT 2011: Ajax-> Mostrar  Imagen Portada> tono:133760 
Thu Dec 1 20:09:48 BOT 2011: Ajax->Mostrar Megusta:  
Thu Dec 1 20:10:28 BOT 2011: ASYNC -> STATS> Tiempo respuesta 0.002665 seg.
Thu Dec 1 20:11:55 BOT 2011: Ajax->Mostrar Imagen Portada:  
Thu Dec 1 20:12:04 BOT 2011: Consulta de precio de reason:3 - msisdn: tono:110347 Async responde:350
 
Thu Dec 1 20:12:04 BOT 2011: Ajax->Mostrar Nombre Artista:  
Thu Dec 1 20:15:52 BOT 2011: Ajax-> Mostrar  Imagen Portada> tono:104532 
Thu Dec 1 20:17:53 BOT 2011: Ajax-> Mostrar  Nombre Genero > tono:105276 
Thu Dec 1 20:18:32 BOT 2011: Ajax-> Mostrar  Imagen Portada> tono:105264 
Thu Dec 1 20:19:41 BOT 2011: Ajax-> Mostrar  Imagen Portada> tono:103274 
Thu Dec 1 20:22:29 BOT 2011: Ajax-> Mostrar  Imagen Portada> tono:104998 
Thu Dec 1 20:23:05 BOT 2011: Ajax->Mostrar Nombre Artista:  
Thu Dec 1 20:24:54 BOT 2011: Ajax->Mostrar Nombre Artista:  
Thu Dec 1 20:27:45 BOT 2011: ASYNC -> STATS> Tiempo respuesta 0.003018 seg.
Thu Dec 1 20:29:48 BOT 2011: Ajax->Mostrar Nombre Genero:  
Thu Dec 1 20:32:58 BOT 2011: Ajax-> Mostrar  Imagen Portada> Album:Artista:  <a href='index.php?seccion=playlist&autor=52'>Chayanne</a>
Thu Dec 1 20:33:04 BOT 2011: Ajax->Mostrar Imagen Portada:  
Thu Dec 1 20:36:10 BOT 2011: Ajax->Mostrar Nombre Artista:  
Thu Dec 1 20:37:55 BOT 2011: ASYNC -> STATS> Tiempo respuesta 0.0020520000000001 seg.
Thu Dec 1 20:39:11 BOT 2011: Ajax->Mostrar Comentarios:  
Thu Dec 1 20:42:02 BOT 2011: ASYNC -> STATS> Tiempo respuesta -0.477847 seg.
Thu Dec 1 20:42:02 BOT 2011: ASYNC -> STATS> Tiempo respuesta -0.311385 seg.
Thu Dec 1 20:42:17 BOT 2011: Ajax-> Mostrar Megusta> tono:103235 
Thu Dec 1 20:42:32 BOT 2011: Ajax->Mostrar Megusta:  
Thu Dec 1 20:43:47 BOT 2011: Busqueda Inteligente: resultados >105913
Thu Dec 1 20:44:47 BOT 2011: Ajax-> Mostrar  Nombre Genero > tono:133736 
Thu Dec 1 20:48:27 BOT 2011: Ajax-> Mostrar  Nombre Artista > tono:104465 
Thu Dec 1 20:50:21 BOT 2011: Ajax-> Mostrar  Nombre Genero > tono:131812 
Thu Dec 1 20:51:18 BOT 2011: Consulta de precio de reason:3 - msisdn: tono:116467 Async responde:350
 
Thu Dec 1 20:55:46 BOT 2011: Busqueda Inteligente: ser recibieron 88 resultados
Thu Dec 1 20:56:40 BOT 2011: Ajax-> Mostrar  Nombre Artista > tono:140816 
Thu Dec 1 20:57:46 BOT 2011: Ajax-> Mostrar Ranking > tono:131762 
Thu Dec 1 20:57:46 BOT 2011: Ajax->Mostrar Ranking:  
Thu Dec 1 20:57:55 BOT 2011: Asignar backtone escuchado > Asi termino:118724,140783,133698,135057,130814,
Thu Dec 1 20:57:58 BOT 2011: ASYNC -> STATS> Tiempo respuesta -0.014321 seg.
Thu Dec 1 20:58:40 BOT 2011: Ajax->Mostrar Ranking:  
Thu Dec 1 20:58:43 BOT 2011: ASYNC -> STATS> Tiempo respuesta 0.013632 seg.
Thu Dec 1 20:58:49 BOT 2011: ASYNC -> STATS> Tiempo respuesta 0.533118 seg.
Thu Dec 1 20:58:49 BOT 2011: ASYNC -> STATS> Tiempo respuesta -0.00098200000000004 seg.
Thu Dec 1 20:59:41 BOT 2011: Ajax->Mostrar Megusta:  
Thu Dec 1 21:03:47 BOT 2011: Busqueda Inteligente: Guns N Roses
Thu Dec 1 21:06:11 BOT 2011: Ajax-> Mostrar  Nombre Genero > tono:140830 
Thu Dec 1 21:07:12 BOT 2011: Ajax->Mostrar Nombre Artista:  
Thu Dec 1 21:07:18 BOT 2011: Asignar backtone escuchado > Asi termino:137865,133441,141113,140845,140990,141114,131807,141116,140842,140838,131808,139725,139722,137886,131805,137879,120258,133447,120256,106388,
Thu Dec 1 21:07:39 BOT 2011: Ajax->Mostrar Comentarios:  
Thu Dec 1 21:09:06 BOT 2011: WEB_REPRODUCIR_BUSQUEDA > Se recibieron:114 tonos
Thu Dec 1 21:09:36 BOT 2011: Asignar backtone escuchado > Asi termino:240,128604,133864,134024,104642,110086,136043,103274,106279,183,103042,105291,105096,104991,128413,509,
Thu Dec 1 21:12:18 BOT 2011: Ajax->Mostrar Nombre Genero:  
Thu Dec 1 21:12:49 BOT 2011: ASYNC -> STATS> Tiempo respuesta -0.37163 seg.
Thu Dec 1 21:15:52 BOT 2011: Ajax->Mostrar Nombre Genero:  
Thu Dec 1 21:17:58 BOT 2011: Ajax-> Mostrar Megusta> tono:105547 
Thu Dec 1 21:20:35 BOT 2011: Ajax->Mostrar Reproducciones:  
Thu Dec 1 21:21:35 BOT 2011: Ajax-> Mostrar Ranking > tono:125092 
Thu Dec 1 21:22:26 BOT 2011: Ajax->Mostrar Nombre Artista:  
Thu Dec 1 21:22:59 BOT 2011: Ajax->Mostrar Nombre Artista:  
Thu Dec 1 21:24:44 BOT 2011: Ajax->Mostrar Reproducciones:  
Thu Dec 1 21:24:47 BOT 2011: Ajax->Mostrar Comentarios:  
Thu Dec 1 21:25:17 BOT 2011: ASYNC -> STATS> Tiempo respuesta -0.003616 seg.
Thu Dec 1 21:28:09 BOT 2011: Ajax-> Mostrar Comentarios> tono:125490 
Thu Dec 1 21:28:24 BOT 2011: ASYNC -> STATS> Tiempo respuesta 0.002331 seg.
Thu Dec 1 21:31:54 BOT 2011: ASYNC -> STATS> Tiempo respuesta 0.002556 seg.
Thu Dec 1 21:32:18 BOT 2011: Ajax->Mostrar Ranking:  
Thu Dec 1 21:40:11 BOT 2011: Mostrar Ranking: tono:110191 calificacion: 
Thu Dec 1 21:40:11 BOT 2011: Mostrar Ranking: tono:132110 calificacion: 
Thu Dec 1 21:41:59 BOT 2011: Ajax->Mostrar Nombre Artista:  
Thu Dec 1 21:46:39 BOT 2011: Ajax-> Mostrar Megusta> tono:130808 
Thu Dec 1 21:47:24 BOT 2011: Ajax-> Mostrar  Nombre Genero > tono:105262 
Thu Dec 1 21:48:51 BOT 2011: Ajax-> Mostrar  Nombre Genero > tono:448 
Thu Dec 1 21:49:54 BOT 2011: Ajax->Mostrar Reproducciones:  
Thu Dec 1 21:56:22 BOT 2011: Consulta de precio de reason:2 - msisdn: tono:109320 Async responde:350
 
Thu Dec 1 21:58:17 BOT 2011: ASYNC -> STATS> Tiempo respuesta 0.029669 seg.
Thu Dec 1 21:58:26 BOT 2011: ASYNC -> STATS> Tiempo respuesta -0.033242 seg.
Thu Dec 1 22:09:30 BOT 2011: Ajax->Mostrar Comentarios:  
Thu Dec 1 22:10:18 BOT 2011: Ajax->Mostrar Nombre Artista:  
Thu Dec 1 22:11:42 BOT 2011: Ajax-> Mostrar Comentarios> tono:128604 
Thu Dec 1 22:13:40 BOT 2011: Mostrar Cantidad reproducciones: tono:130958 cantidad: 0
Thu Dec 1 22:14:46 BOT 2011: ASYNC -> STATS> Tiempo respuesta 0.0011639999999999 seg.
Thu Dec 1 22:18:23 BOT 2011: Busqueda Inteligente: resultados >-1
Thu Dec 1 22:19:17 BOT 2011: Ajax-> Mostrar  Nombre Genero > tono:104177 
Thu Dec 1 22:21:02 BOT 2011: Ajax-> Mostrar Comentarios> tono:135108 
Thu Dec 1 22:21:14 BOT 2011: ASYNC -> STATS> Tiempo respuesta 0.006182 seg.
Thu Dec 1 22:25:12 BOT 2011: Mostrar Album: >albumes/Cover_THE BEGIN_300CMYK.jpg
Thu Dec 1 22:25:30 BOT 2011: Ajax-> Mostrar Megusta> tono:103453 
Thu Dec 1 22:26:42 BOT 2011: Ajax->Mostrar Megusta:  
Thu Dec 1 22:29:45 BOT 2011: Ajax-> Mostrar  Nombre Genero > tono:103189 
Thu Dec 1 22:29:45 BOT 2011: Ajax-> Mostrar  Imagen Portada> tono:133714 
Thu Dec 1 22:40:35 BOT 2011: Session Start>  Chequeo de sesion
Thu Dec 1 22:47:06 BOT 2011: Busqueda Inteligente: resultados >106298
Thu Dec 1 22:47:39 BOT 2011: STATS > BUSQUEDA DE BACKTONE >Tiempo: 0.036947 seg. | registros: 35
