Wed Dec 28 17:16:24 BOT 2011: MTD_DB_BUSCAR_ARTISTAS > retornando registros:59
Wed Dec 28 17:16:27 BOT 2011: Busqueda Inteligente: resultados >103665
Wed Dec 28 19:44:56 BOT 2011: Consulta de precio de reason:5 - msisdn: tono:509 Async responde:350
 
Wed Dec 28 19:44:56 BOT 2011: ASYNC -> STATS> Tiempo respuesta -0.399619 seg.
Wed Dec 28 19:45:17 BOT 2011: Busqueda Inteligente: resultados >105540
Wed Dec 28 19:46:08 BOT 2011: Ajax-> Mostrar Comentarios> tono:103473 
Wed Dec 28 19:46:50 BOT 2011: DB_ELIMINAR_BACKTONES -> msisdn:77073124 tono:141881
Wed Dec 28 19:47:14 BOT 2011: Ajax-> Mostrar  Imagen Portada> tono:103475 
Wed Dec 28 19:47:23 BOT 2011: Ajax->Mostrar Nombre Artista:  
Wed Dec 28 19:48:23 BOT 2011: Ajax->Mostrar Comentarios:  
Wed Dec 28 19:49:35 BOT 2011: Ajax-> Mostrar Ranking > tono:103476 
Wed Dec 28 19:50:41 BOT 2011: Busqueda Inteligente: resultados >135075
Wed Dec 28 19:51:29 BOT 2011: Asignar backtone escuchado > Asi termino:138306,118727,118725,142912,103876,
Wed Dec 28 19:52:39 BOT 2011: Ajax->Mostrar Megusta:  
Wed Dec 28 19:55:42 BOT 2011: Busqueda Inteligente: resultados >103477
Wed Dec 28 19:56:24 BOT 2011: Ajax-> Mostrar Megusta> tono:105388 
Wed Dec 28 19:57:03 BOT 2011: Ajax-> Mostrar Comentarios> tono:104092 
Wed Dec 28 19:58:48 BOT 2011: ASYNC -> STATS> Tiempo respuesta 0.016017 seg.
Wed Dec 28 19:59:58 BOT 2011: Session Start>  Chequeo de sesion
Wed Dec 28 20:00:07 BOT 2011: Ajax->Mostrar Comentarios:  
Wed Dec 28 20:01:04 BOT 2011: Ajax-> Mostrar Megusta> tono:104553 
Wed Dec 28 20:03:22 BOT 2011: Ajax->Mostrar Ranking:  
Wed Dec 28 20:05:19 BOT 2011: Ajax->Mostrar Reproducciones:  
Wed Dec 28 20:06:10 BOT 2011: Ajax-> Mostrar Megusta> tono:113600 
Wed Dec 28 20:06:29 BOT 2011: Ajax->Mostrar Ranking:  
Wed Dec 28 20:07:21 BOT 2011: Ajax->Mostrar Megusta:  
Wed Dec 28 20:08:40 BOT 2011: ASYNC -> STATS> Tiempo respuesta 0.014086 seg.
Wed Dec 28 20:09:08 BOT 2011: Asignar backtone escuchado > Asi termino:142527,103342,240,109604,129268,110204,105712,131640,110097,130832,103303,131642,135723,135285,104763,128297,102565,103469,103477,
Wed Dec 28 20:09:34 BOT 2011: Ajax-> Mostrar Ranking > tono:137086 
Wed Dec 28 20:09:58 BOT 2011: Ajax->Mostrar Nombre Genero:  
Wed Dec 28 20:10:52 BOT 2011: Mostrar Album: >albumes/Solumovil-Version Solumovil.jpg
Wed Dec 28 20:11:44 BOT 2011: ASYNC -> STATS> Tiempo respuesta 0.005468 seg.
Wed Dec 28 20:12:42 BOT 2011: ASYNC -> STATS> Tiempo respuesta 0.010756 seg.
Wed Dec 28 20:14:33 BOT 2011: Ajax->Mostrar Megusta:  
Wed Dec 28 20:19:27 BOT 2011: Ajax-> Mostrar  Nombre Artista > tono:115946 
Wed Dec 28 20:22:07 BOT 2011: Ajax->Mostrar Comentarios:  
Wed Dec 28 20:22:49 BOT 2011: WEB_REPRODUCIR_BUSQUEDA > Se formatearon:114 tonos
Wed Dec 28 20:23:13 BOT 2011: Ajax->Actualizar pin usuario >Asignar nuevo pin a msisdn:77628309 
Wed Dec 28 20:23:19 BOT 2011: Ajax->Mostrar Imagen Portada:  
Wed Dec 28 20:24:32 BOT 2011: Asignar backtone escuchado > Asi termino:118725,104991,240,136216,136188,103546,129938,103542,125516,
Wed Dec 28 20:26:26 BOT 2011: Ajax->Eliminando backtone: msisdn:77371127   
Wed Dec 28 20:26:59 BOT 2011: Ajax->Mostrar Ranking:  
Wed Dec 28 20:28:02 BOT 2011: Ajax-> Pedir backtone msisdn: 78532812  tono:127447 ani: 78532812
Wed Dec 28 20:28:41 BOT 2011: Ajax-> Mostrar Ranking > tono:110187 
Wed Dec 28 20:30:03 BOT 2011: Ajax-> Mostrar  Imagen Portada> Album:albumes/images[10].jpg
Wed Dec 28 20:31:33 BOT 2011: Ajax-> Mostrar Ranking > tono:103737 
Wed Dec 28 20:41:07 BOT 2011: Ajax->Mostrar Ranking:  
Wed Dec 28 20:42:22 BOT 2011: Ajax-> Mostrar  Nombre Artista > tono:135717 
Wed Dec 28 20:42:43 BOT 2011: WEB_REPRODUCIR_BUSQUEDA > Se recibieron:18 tonos
Wed Dec 28 20:46:11 BOT 2011: Ajax->Mostrar Nombre Genero:  
Wed Dec 28 20:48:14 BOT 2011: Ajax->Mostrar Nombre Genero:  
Wed Dec 28 20:48:26 BOT 2011: Ajax->Mostrar Nombre Artista:  
Wed Dec 28 20:50:51 BOT 2011: Check Session > msisdn: 78038200 > Usuario Valido 
Wed Dec 28 20:51:36 BOT 2011: Check Session > msisdn: 78038200 > Usuario Valido 
Wed Dec 28 20:52:06 BOT 2011: Ajax->Mostrar Comentarios:  
Wed Dec 28 20:54:12 BOT 2011: Mostrar Cantidad reproducciones: tono:438 cantidad: 0
Wed Dec 28 20:55:51 BOT 2011: Ajax->Mostrar Nombre Artista:  
Wed Dec 28 20:57:36 BOT 2011: Ajax-> Mostrar Comentarios> tono:103793 
Wed Dec 28 20:58:10 BOT 2011: Consulta de precio de reason:2 - msisdn: tono:103543 Async responde:350
 
Wed Dec 28 20:58:16 BOT 2011: Ajax->Mostrar Imagen Portada:  
Wed Dec 28 20:58:16 BOT 2011: Check Session > msisdn: 77628309 > Usuario Valido 
Wed Dec 28 21:01:16 BOT 2011: Ajax-> Mostrar  Imagen Portada> tono:116 
Wed Dec 28 21:01:22 BOT 2011: Ajax->Mostrar Comentarios:  
Wed Dec 28 21:02:25 BOT 2011: Ajax->Mostrar Imagen Portada:  
Wed Dec 28 21:04:01 BOT 2011: Ajax-> Mostrar  Nombre Artista > tono:103227 
Wed Dec 28 21:04:10 BOT 2011: Busqueda Inteligente: Grand National
Wed Dec 28 21:06:23 BOT 2011: Ajax->Mostrar Nombre Artista:  
Wed Dec 28 21:08:08 BOT 2011: Mostrar Genero: >G&eacute;nero:  <a href='index.php?seccion=playlist&genero=106'>Corporativos</a>
Wed Dec 28 21:08:17 BOT 2011: ASYNC -> STATS> Tiempo respuesta 0.342662 seg.
Wed Dec 28 21:10:35 BOT 2011: Ajax-> Mostrar Ranking > tono:118744 
Wed Dec 28 21:10:35 BOT 2011: Ajax->Mostrar Reproducciones:  
Wed Dec 28 21:11:08 BOT 2011: ASYNC -> STATS> Tiempo respuesta -0.035729 seg.
Wed Dec 28 21:17:45 BOT 2011: Ajax->Mostrar Imagen Portada:  
Wed Dec 28 21:18:18 BOT 2011: Ajax->Mostrar Comentarios:  
Wed Dec 28 21:19:09 BOT 2011: Ajax->Mostrar Comentarios:  
Wed Dec 28 21:20:04 BOT 2011: Ajax-> Mostrar Megusta> tono:105998 
Wed Dec 28 21:22:16 BOT 2011: Asignar backtone escuchado > Asi termino:104091,104557,435,103448,127472,127438,127429,434,127435,104088,113047,104554,103430,103428,104558,127420,113050,127446,103433,
Wed Dec 28 21:22:22 BOT 2011: Asignar backtone escuchado > Asi termino:142119,103508,105265,104298,149,134687,134686,134015,134638,134685,134683,105266,103128,105264,103507,104650,103506,103273,103130,103272,
Wed Dec 28 21:22:25 BOT 2011: ACTUALIZAR_PIN_USUARIO >75245126 verificar si existe el usuario
Wed Dec 28 21:23:04 BOT 2011: Ajax-> Mostrar  Nombre Genero > tono:142111 
Wed Dec 28 21:23:34 BOT 2011: Ajax-> Mostrar Ranking > tono:113050 
Wed Dec 28 21:27:56 BOT 2011: ASYNC -> STATS> Tiempo respuesta -0.153458 seg.
Wed Dec 28 21:27:56 BOT 2011: ASYNC -> STATS> Tiempo respuesta -0.664223 seg.
Wed Dec 28 21:32:20 BOT 2011: Ajax-> Mostrar Ranking > tono:139723 
Wed Dec 28 21:33:42 BOT 2011: Ajax-> Mostrar Ranking > tono:141833 
Wed Dec 28 21:36:51 BOT 2011: Ajax-> Mostrar Ranking > tono:103793 
Wed Dec 28 21:37:45 BOT 2011: Ajax->Mostrar Ranking:  
Wed Dec 28 21:40:21 BOT 2011: Ajax->Eliminando backtone: msisdn:77070521   
Wed Dec 28 21:41:34 BOT 2011: Ajax->Mostrar Reproducciones:  
Wed Dec 28 21:41:49 BOT 2011: ASYNC -> STATS> Tiempo respuesta 0.004978 seg.
Wed Dec 28 21:42:34 BOT 2011: ASYNC -> STATS> Tiempo respuesta 0.00222 seg.
Wed Dec 28 21:42:58 BOT 2011: Ajax->Mostrar Nombre Artista:  
Wed Dec 28 21:46:55 BOT 2011: ASYNC -> STATS> Tiempo respuesta 0.003796 seg.
Wed Dec 28 21:47:07 BOT 2011: Ajax->Mostrar Comentarios:  
Wed Dec 28 21:49:02 BOT 2011: Ajax->Mostrar Megusta:  
Wed Dec 28 21:49:08 BOT 2011: Ajax->Mostrar Nombre Artista:  
Wed Dec 28 21:49:35 BOT 2011: Ajax->Mostrar Reproducciones:  
Wed Dec 28 21:49:38 BOT 2011: Ajax->Mostrar Reproducciones:  
Wed Dec 28 21:51:14 BOT 2011: Error al consultar precio de renovacion - msisdn: tono:142230 - Async responde -3
Wed Dec 28 21:51:56 BOT 2011: Mostrar Genero: >G&eacute;nero:  <a href='index.php?seccion=playlist&genero=110'>Cumbia</a>
Wed Dec 28 21:54:35 BOT 2011: ASYNC -> STATS> Tiempo respuesta 0.003779 seg.
Wed Dec 28 21:54:59 BOT 2011: Ajax->Mostrar Imagen Portada:  
Wed Dec 28 21:55:17 BOT 2011: Ajax-> Mostrar Ranking > tono:140851 
Wed Dec 28 21:55:30 BOT 2011: ASYNC -> STATS> Tiempo respuesta 0.010589 seg.
Wed Dec 28 21:56:45 BOT 2011: Ajax->Mostrar Comentarios:  
Wed Dec 28 21:57:24 BOT 2011: ASYNC -> STATS> Tiempo respuesta 0.090723 seg.
Wed Dec 28 21:57:33 BOT 2011: Ajax-> Mostrar  Imagen Portada> tono:132455 
Wed Dec 28 21:58:57 BOT 2011: Ajax-> Mostrar Ranking > tono:140816 
Wed Dec 28 21:59:12 BOT 2011: Ajax-> Mostrar Ranking > tono:130832 
Wed Dec 28 22:02:31 BOT 2011: Ajax->Mostrar Ranking:  
Wed Dec 28 22:03:40 BOT 2011: Ajax->Mostrar Megusta:  
Wed Dec 28 22:04:52 BOT 2011: Ajax-> Mostrar  Nombre Genero > tono:140834 
Wed Dec 28 22:06:55 BOT 2011: Session Start>  session por defecto 
Wed Dec 28 22:08:37 BOT 2011: Ajax-> Mostrar  Imagen Portada> tono:142527 
Wed Dec 28 22:09:44 BOT 2011: Ajax->Mostrar Imagen Portada:  
Wed Dec 28 22:09:53 BOT 2011: Session Start>  session por defecto 
Wed Dec 28 22:10:17 BOT 2011: Busqueda Inteligente: resultados >138564
Wed Dec 28 22:10:26 BOT 2011: Ajax->Mostrar Megusta:  
Wed Dec 28 22:12:47 BOT 2011: ASYNC -> STATS> Tiempo respuesta 0.009227 seg.
Wed Dec 28 22:12:53 BOT 2011: Ajax-> Mostrar Comentarios> tono:103086 
Wed Dec 28 22:13:53 BOT 2011: Ajax->Mostrar Imagen Portada:  
Wed Dec 28 22:14:08 BOT 2011: Ajax->Mostrar Nombre Genero:  
Wed Dec 28 22:14:59 BOT 2011: Ajax->Mostrar Megusta:  
Wed Dec 28 22:15:05 BOT 2011: ASYNC -> STATS> Tiempo respuesta 0.002615 seg.
Wed Dec 28 22:15:20 BOT 2011: Ajax->Mostrar Reproducciones:  
Wed Dec 28 22:15:38 BOT 2011: Ajax->Mostrar Ranking:  
Wed Dec 28 22:15:38 BOT 2011: Ajax->Mostrar Reproducciones:  
Wed Dec 28 22:15:38 BOT 2011: Ajax->Mostrar Nombre Genero:  
Wed Dec 28 22:15:50 BOT 2011: ASYNC -> STATS> Tiempo respuesta -0.015235 seg.
Wed Dec 28 22:15:50 BOT 2011: ASYNC -> STATS> Tiempo respuesta -0.016166 seg.
Wed Dec 28 22:16:51 BOT 2011: Ajax-> Mostrar Ranking > tono:140847 
Wed Dec 28 22:16:51 BOT 2011: ASYNC -> STATS> Tiempo respuesta -0.542823 seg.
Wed Dec 28 22:17:39 BOT 2011: Ajax->Mostrar Reproducciones:  
Wed Dec 28 22:19:33 BOT 2011: ASYNC -> STATS> Tiempo respuesta 0.010964 seg.
Wed Dec 28 22:19:45 BOT 2011: ASYNC -> STATS> Tiempo respuesta 0.003416 seg.
Wed Dec 28 22:20:30 BOT 2011: Ajax->Mostrar Reproducciones:  
Wed Dec 28 22:27:40 BOT 2011: Check Session > msisdn: 76288111  token:29031ec569e9e56bfc773200161a9a03
Wed Dec 28 22:28:16 BOT 2011: Ajax->Mostrar Imagen Portada:  
Wed Dec 28 22:30:56 BOT 2011: WEB_REPRODUCIR_BUSQUEDA > Se recibieron:114 tonos
Wed Dec 28 22:32:19 BOT 2011: Session Start>  session por defecto 
Wed Dec 28 22:34:35 BOT 2011: Ajax-> Mostrar Comentarios> tono:142622 
Wed Dec 28 22:35:02 BOT 2011: Ajax->Mostrar Ranking:  
Wed Dec 28 22:38:26 BOT 2011: Ajax->Mostrar Nombre Artista:  
Wed Dec 28 22:41:00 BOT 2011: ASYNC -> STATS> Tiempo respuesta 0.001349 seg.
Wed Dec 28 22:44:24 BOT 2011: Ajax->Mostrar Megusta:  
Wed Dec 28 22:46:06 BOT 2011: Ajax->Mostrar Reproducciones:  
Wed Dec 28 22:47:00 BOT 2011: Ajax->Mostrar Ranking:  
Wed Dec 28 22:47:27 BOT 2011: Busqueda Inteligente: Camila
Wed Dec 28 22:50:01 BOT 2011: Ajax-> Mostrar Ranking > tono:104112 
Wed Dec 28 22:50:43 BOT 2011: Ajax->Mostrar Nombre Artista:  
Wed Dec 28 22:57:23 BOT 2011: Mostrar Ranking: tono:142527 calificacion: 
Wed Dec 28 22:57:23 BOT 2011: Ajax->Mostrar Ranking:  
Wed Dec 28 22:59:23 BOT 2011: Asignar backtone escuchado > Asi termino:103543,136231,103542,102658,105234,125516,108585,121516,104843,104835,104958,104957,133776,106295,103790,102630,104991,104579,105524,103577,
Wed Dec 28 22:59:35 BOT 2011: Asignar backtone escuchado > Asi termino:136229,103543,136231,103542,102658,105234,125516,108585,121516,104843,104835,104958,104957,133776,106295,103790,102630,104991,104579,105524,
Wed Dec 28 23:01:17 BOT 2011: Ajax->Mostrar Comentarios:  
Wed Dec 28 23:02:09 BOT 2011: Ajax->Mostrar Imagen Portada:  
Wed Dec 28 23:04:03 BOT 2011: Ajax-> Mostrar  Nombre Artista > tono:102528 
Wed Dec 28 23:06:06 BOT 2011: Ajax->Mostrar Megusta:  
Wed Dec 28 23:06:09 BOT 2011: APLICAR TEMPLATE COMPRA: tono:142929
Wed Dec 28 23:09:06 BOT 2011: Compra exitosa de backtone - ingresando el backtone al usuario  msisdn:75597001 tono:142527
Wed Dec 28 23:11:43 BOT 2011: Ajax->Mostrar Nombre Genero:  
Wed Dec 28 23:12:22 BOT 2011: Ajax-> Mostrar  Nombre Artista > tono:142923 
Wed Dec 28 23:15:25 BOT 2011: ASYNC -> STATS> Tiempo respuesta 0.001104 seg.
Wed Dec 28 23:16:22 BOT 2011: ASYNC -> STATS> Tiempo respuesta -0.095625 seg.
Wed Dec 28 23:17:05 BOT 2011: Ajax->Mostrar Nombre Genero:  
Wed Dec 28 23:19:17 BOT 2011: Ajax-> Mostrar  Imagen Portada> tono:104293 
Wed Dec 28 23:20:35 BOT 2011: Ajax->Mostrar Ranking:  
Wed Dec 28 23:20:53 BOT 2011: Asignar backtone escuchado > Asi termino:102697,122645,102537,103262,134015,509,126677,104206,104108,127374,110495,82,102625,142527,141880,141881,102528,103323,104242,106284,
Wed Dec 28 23:23:36 BOT 2011: Ajax-> Mostrar Ranking > tono:121513 
Wed Dec 28 23:25:00 BOT 2011: ASYNC -> STATS> Tiempo respuesta 0.002721 seg.
Wed Dec 28 23:28:42 BOT 2011: Ajax->Mostrar Comentarios:  
Wed Dec 28 23:32:13 BOT 2011: Ajax->Mostrar Nombre Artista:  
Wed Dec 28 23:32:16 BOT 2011: Ajax->Mostrar Nombre Artista:  
Wed Dec 28 23:32:37 BOT 2011: Session Start>  session por defecto 
Wed Dec 28 23:34:04 BOT 2011: Ajax->Mostrar Imagen Portada:  
Wed Dec 28 23:36:52 BOT 2011: ASYNC -> STATS> Tiempo respuesta 0.28914 seg.
Wed Dec 28 23:39:59 BOT 2011: Ajax->Mostrar Ranking:  
Wed Dec 28 23:47:24 BOT 2011: Busqueda Inteligente: resultados >141661
Wed Dec 28 23:50:07 BOT 2011: ASYNC -> STATS> Tiempo respuesta -0.545345 seg.
Wed Dec 28 23:50:25 BOT 2011: Ajax-> Mostrar Comentarios> tono:139335 
Wed Dec 28 23:50:37 BOT 2011: Asignar backtone escuchado > Asi termino:105554,103838,104180,104171,133881,105234,125516,104465,103712,141880,141881,142527,104991,103785,103713,103714,103687,
Wed Dec 28 23:53:25 BOT 2011: Ajax->Mostrar Nombre Genero:  
Wed Dec 28 23:55:17 BOT 2011: Ajax->Mostrar Comentarios:  
Wed Dec 28 23:57:35 BOT 2011: WEB REPROD BUSQ > Facebook link: http%3A%2F%2Fbacktones.tigo.com.bo%2Fv3%2Findex.php%3Fseccion%3Dplaylist%26genero%3D112%26f%3D1%26t%3D123123
