Fri Mar 9 9:00:11 BOT 2012: Ajax->Mostrar Nombre Genero:  
Fri Mar 9 9:55:43 BOT 2012: Mostrar Genero: >G&eacute;nero:  <a href='index.php?seccion=playlist&genero=143'>Latinas</a>
Fri Mar 9 11:14:36 BOT 2012: Ajax->Mostrar Imagen Portada:  
Fri Mar 9 11:29:26 BOT 2012: ASYNC -> STATS> Tiempo respuesta 0.010846 seg.
Fri Mar 9 11:31:05 BOT 2012: Ajax-> Mostrar  Nombre Artista > tono:132094 
Fri Mar 9 11:32:26 BOT 2012: Asignar backtone escuchado > Asi termino:105500,103714,122289,132094,103690,104469,104473,105499,129433,104472,103689,103688,105005,105004,105003,104467,104466,105002,104471,129231,
Fri Mar 9 11:33:05 BOT 2012: ASYNC -> STATS> Tiempo respuesta 0.01166 seg.
Fri Mar 9 11:33:08 BOT 2012: ASYNC -> STATS> Tiempo respuesta 0.003217 seg.
Fri Mar 9 11:33:08 BOT 2012: ASYNC -> STATS> Tiempo respuesta 0.921735 seg.
Fri Mar 9 11:33:11 BOT 2012: ASYNC -> STATS> Tiempo respuesta 0.501844 seg.
Fri Mar 9 11:33:14 BOT 2012: ASYNC -> STATS> Tiempo respuesta -0.00049100000000002 seg.
Fri Mar 9 11:34:30 BOT 2012: Ajax-> Mostrar Comentarios> tono:103430 
Fri Mar 9 11:35:27 BOT 2012: Mostrar Comentarios : tono:126144 
Fri Mar 9 11:35:36 BOT 2012: Consulta de precio de reason:5 - msisdn: tono:142132 Async responde:350
 
Fri Mar 9 11:36:03 BOT 2012: Ajax->Mostrar Ranking:  
Fri Mar 9 11:36:06 BOT 2012: ASYNC -> STATS> Tiempo respuesta 0.06233 seg.
Fri Mar 9 11:37:21 BOT 2012: Ajax->Mostrar Nombre Artista:  
Fri Mar 9 11:37:57 BOT 2012: Ajax->Mostrar Nombre Artista:  
Fri Mar 9 11:39:18 BOT 2012: Consulta de precio de reason:2 - msisdn: tono:118738 Async responde:350
 
Fri Mar 9 11:40:24 BOT 2012: Busqueda Inteligente: Resultado 
 106299;-Para pa pa pa-;Version Solumovil;Latinas
110187;adios amor;New Bolivia band;Cumbia
102695;Amor de Adolecentes;El Polaco;Cumbia
240;Amor de madre;Aventura;Cumbia
110188;amor de mis amores;New Bolivia band;Cumbia
325;Amor en bici;La banda de lechuga;Cumbia
132466;Amor Opratel;Erick Elera Opratel;Cumbia
104307;Amor Pirata;Grupo Uno;Cumbia
140825;Amor Salvaje;Version Solumovil;Chistes
102537;Amores como el nuestro;los Charros;Cumbia
145158;Amores Del Sur Album Version;David Bisbal;Latinas
144688;Amores Del Sur Album Version;David Bisbal;Latinas
104745;Amor Se Paga Con Amor;Jennifer Lopez;Latinas
104639;borracho de amor;Remixeros;Cumbia
104393;Burbujas de Amor;Aventura;Cumbia
122648;Ciudad del amor ;Qmbia Juan;Cumbia
106289;-Paparazzi-;Cover Lady GaGa;Pop
139345;Hola Papa Blooming;Version Solumovil;Futbol
139347;Hola Papa Oriente;Version Solumovil;Futbol
105350;Paparazzi;Lady Gaga;Pop
102697;Camas separadas;El Polaco;Cumbia
139303;Cancion Pato Para Blooming;Version Solumovil;Blooming
139333;Cancion Pato Para Oriente;Version Solumovil;Futbol
139339;Es Para Voj Hincha de Blooming;Version Solumovil;Futbol
139343;Es Para Voj Hincha de Oriente;Version Solumovil;Futbol
104909;Esta es para vos;Altos cumbieros;Cumbia
104323;Para Tu Amor;Juanes;Latinas
140787;Tools Para Djs;Wachiturros;Cumbia
103985;UN PASATIEMPO NADA MAS;El Empuje;Cumbia
103052;cosas del amor;Marilyn;Cumbia
106296;El Amor (cover);Version Solumovil;Latinas
105996;el Amor se fue;La Champions;Cumbia
142169;Enamorado De Ti;Chapa C;Cumbia
134660;Entre El Odio Y El Amor;Americo;Cumbia
115885;Estar enamorado;Golpe a Golpe;Cumbia
106298;-Entrega la flor-;Version Solumovil;Latinas
509;12 Rosas;A Banda Sombra;Cumbia
276;15 dias;La banda de lechuga;Cumbia
103793;18 KILATES;18 kilates;Cumbia
103479;2EntraEnMiVidaAlbumVersion;Sin Bandera;Latinas
103478;2Mentirosa;rafaga;Cumbia
103470;2RosasAlbumVersion;la oreja de van gogh;Latinas
105986;A danca du creu;A Banda Sombra;Cumbia
386;A Escodidas;Agrupacion marilyn;Cumbia
604;A escondidas.;Agrupacion marilyn;Cumbia
105988;A llorar a otra parte;A Banda Sombra;Cumbia
134015;A Llorar A Otra Parte;Americo;Cumbia
145261;A mi ladito;Humbertiko y Urbano;Reggaeton
140821;AB Quintoanillo;Version Solumovil;Chistes
103349;aguita;rafaga;Cumbia
110508;AJR_13DEAGOSTO_25_HUMOR;KARAOKE;KARAOKE
110540;AJR_13DEAGOSTO_46_HUMOR;KARAOKE;KARAOKE
110556;AJR_13DEAGOSTO_57_HUMOR;KARAOKE;KARAOKE
110563;AJR_13DEAGOSTO_61_HUMOR;KARAOKE;KARAOKE
133882;All Along The Watchtower Intrumental;Jimi Hendrix;Pop
140823;Alo Presidente;Version Solumovil;Chistes
102694;Alza Las Manos;Damas gratis;Cumbia
126677;Amarte a la antigua Opratel;Super Auto (Opratel);Cumbia
125510;Amiga Traidora;Angela;Cumbia
138478;Amiga traidora;Angelica;Cumbia
128606;Amigo Bronco RM;Bronco;Cumbia
103262;AmistadDeBorrachera;KevinJohansen;Cumbia
110146;AMP_04deagosto_2_Humor;KARAOKE;KARAOKE
110151;AMP_04deagosto_5_Humor;KARAOKE;KARAOKE
110154;AMP_04deagosto_7_Humor;KARAOKE;KARAOKE
109512;AMP_09dejulio_1_Humor;KARAOKE;KARAOKE
109515;AMP_09dejulio_3_Humor;KARAOKE;KARAOKE
109570;AMP_10dejulio_1_Humor;KARAOKE;KARAOKE
109576;AMP_10dejulio_4_Humor;KARAOKE;KARAOKE
106622;AMP_11dejunio_14_humor;KARAOKE;KARAOKE
106625;AMP_11dejunio_15_humor;KARAOKE;KARAOKE
106640;AMP_11dejunio_19_humor;KARAOKE;KARAOKE
106723;AMP_11dejunio_31_humor;KARAOKE;KARAOKE
106745;AMP_11dejunio_34_humor;KARAOKE;KARAOKE
141103;Pa침uelo Blanco;Mexico Chico;Folklore
105036; El amor v2;Version Opratel;Super Promo
103476;2mi enamorada;nectar;Latinas
104120;A que te enamoras;Chapa C;Reggaeton
127855;Adios amor Opratel2;opratel;Mi Promo ConTigo
103685;AeAeDoAmor;Chichicuilote;Sonidos
205;Amor;Christian Castro;Latinas
145895;Amor ;Laura Bozzo;Latinas
104121;Amor Amor;Chapa C;Reggaeton
102818;amor anejo;Los Internacionales;Latinas
104789;Amor Aventurero;Marc Anthony;Marc Anthony
130832;Amor Clandestino;Mana Opratel;Mi Promo ConTigo
323;Amor de chat;El original;Latinas
102539;Amor de Colegio;Play;Latinas
104612;Amor De Los Dos En Vivo;Vicente Fernandez;Rancheras
141080;Amor De Mi Adolecencia;Mexico Chico;Folklore
104465;Amor de Ping Pong;Bruno e Marrone; Brasileras
104069;Amor En Sombras Remexiero Ser Remix;Vicente Fernandez;Rancheras
110214;amor equivocado;La 755;Latinas
199;Amor eterno;Christian Castro;Latinas
104199;Amor Eterno_;Juan Gabriel;Rancheras
103824;Amor frances;Versio 
Fri Mar 9 11:41:13 BOT 2012: Ajax->Mostrar Megusta:  
Fri Mar 9 11:41:52 BOT 2012: Ajax-> Mostrar Ranking > tono:126481 
Fri Mar 9 11:42:43 BOT 2012: Ajax->Mostrar Comentarios:  
Fri Mar 9 11:42:55 BOT 2012: Ajax-> Mostrar Megusta> tono:106341 
Fri Mar 9 11:43:25 BOT 2012: Ajax-> Mostrar Ranking > tono:104998 
Fri Mar 9 11:43:34 BOT 2012: Ajax-> Mostrar  Nombre Genero > tono:106347 
Fri Mar 9 11:43:49 BOT 2012: STATS > BUSQUEDA DE BACKTONE >Tiempo: -0.470881 seg. | registros: 14
Fri Mar 9 11:44:40 BOT 2012: Ajax-> Mostrar  Nombre Genero > tono:127452 
Fri Mar 9 11:45:10 BOT 2012: Ajax->Mostrar Nombre Genero:  
Fri Mar 9 11:45:49 BOT 2012: Asignar backtone escuchado > Asi termino:106310,106309,106308,106304,104567,104692,103960,106373,103208,106370,103205,106361,106347,106335,104568,106328,106341,106312,103222,103070,
Fri Mar 9 11:45:58 BOT 2012: Ajax-> Mostrar  Nombre Genero > tono:106316 
Fri Mar 9 11:46:07 BOT 2012: Ajax->Mostrar Ranking:  
Fri Mar 9 11:46:22 BOT 2012: Ajax-> Mostrar  Nombre Artista > tono:126144 
Fri Mar 9 11:47:01 BOT 2012: Busqueda Inteligente: resultados >104093
Fri Mar 9 11:50:23 BOT 2012: Ajax->Mostrar Nombre Genero:  
Fri Mar 9 11:50:38 BOT 2012: Ajax->Mostrar Nombre Genero:  
Fri Mar 9 11:51:02 BOT 2012: WEB_REPRODUCIR_BUSQUEDA > Se recibieron:114 tonos
Fri Mar 9 11:51:20 BOT 2012: Ajax-> Mostrar  Imagen Portada> tono:109409 
Fri Mar 9 11:52:08 BOT 2012: ASYNC -> STATS> Tiempo respuesta 0.304222 seg.
Fri Mar 9 11:52:11 BOT 2012: ASYNC -> STATS> Tiempo respuesta 0.425832 seg.
Fri Mar 9 11:52:44 BOT 2012: ASYNC -> STATS> Tiempo respuesta -0.219906 seg.
Fri Mar 9 11:53:38 BOT 2012: Ajax->Mostrar Megusta:  
Fri Mar 9 11:53:38 BOT 2012: Ajax-> Mostrar  Nombre Artista > tono:139964 
Fri Mar 9 11:53:50 BOT 2012: Ajax->Mostrar Ranking:  
Fri Mar 9 11:53:59 BOT 2012: ASYNC -> STATS> Tiempo respuesta 0.826633 seg.
Fri Mar 9 11:53:59 BOT 2012: Consulta de precio de reason:2 - msisdn: tono:103817 Async responde:350
 
Fri Mar 9 11:54:08 BOT 2012: Mostrar Ranking: tono:131001 calificacion: 5
Fri Mar 9 11:54:38 BOT 2012: Ajax->Mostrar Nombre Artista:  
Fri Mar 9 11:55:30 BOT 2012: ASYNC -> STATS> Tiempo respuesta -0.405285 seg.
Fri Mar 9 11:55:30 BOT 2012: ASYNC -> STATS> Tiempo respuesta -0.060372 seg.
Fri Mar 9 11:56:39 BOT 2012: Ajax->Mostrar Ranking:  
Fri Mar 9 11:57:36 BOT 2012: Ajax->Mostrar Megusta:  
Fri Mar 9 11:57:45 BOT 2012: Ajax->Mostrar Imagen Portada:  
Fri Mar 9 11:58:33 BOT 2012: Ajax-> Mostrar  Imagen Portada> tono:104470 
Fri Mar 9 11:59:51 BOT 2012: Ajax-> Mostrar Ranking > tono:102812 
Fri Mar 9 11:59:51 BOT 2012: Asignar backtone escuchado > Asi termino:103890,103889,103888,103887,103886,103885,103921,103922,103558,103557,102622,602,601,556,113634,113632,113631,113630,113628,113627,
Fri Mar 9 12:00:27 BOT 2012: Ajax-> Mostrar Ranking > tono:126175 
Fri Mar 9 12:01:55 BOT 2012: ASYNC -> STATS> Tiempo respuesta 0.0013869999999999 seg.
Fri Mar 9 12:05:10 BOT 2012: Ajax-> Mostrar  Imagen Portada> tono:103687 
Fri Mar 9 12:05:10 BOT 2012: Ajax->Mostrar Megusta:  
Fri Mar 9 12:05:25 BOT 2012: Error al consultar precio de renovacion - msisdn: tono:129247 - Async responde -3
Fri Mar 9 12:06:16 BOT 2012: Ajax-> Mostrar Ranking > tono:103714 
Fri Mar 9 12:06:28 BOT 2012: Mostrar Cantidad reproducciones: tono:129938 cantidad: 0
Fri Mar 9 12:07:01 BOT 2012: Consulta de precio de reason:2 - msisdn: tono:140838 Async responde:350
 
Fri Mar 9 12:07:01 BOT 2012: ASYNC -> STATS> Tiempo respuesta 0.412756 seg.
Fri Mar 9 12:08:01 BOT 2012: Ajax->Mostrar Nombre Genero:  
Fri Mar 9 12:08:04 BOT 2012: Busqueda Inteligente: Resultado 
 113034;Blooming 2 La Paz 0;Jose Alfredo Castillo;Goles
105833;Gol Blooming Castillo a Oriente;Jose Alfredo Castillo;FANATIGO
103312;Gol de Joselito Vaca Blooming 1 a LaPaz 1;Joselito Vaca;Blooming
103730;Gol de Joselo Nomey (en Contra) Blooming 2 a La Paz Futbol Club 0;Joselo Nomey;Blooming
133443;Himno de La Paz;Jose Ignacio de San Jose;Folklore
430;Oruro es San Jose;Equipos Futbol;FANATIGO
431;San Jose es Oruro de llajtaymanta;Equipos Futbol;FANATIGO
103842;Viva mi San Jose;Llajtaymanta;FANATIGO
144870;Viva Viva mi San Jose;Tigo;Carnaval de Oruro
104245;Agente 86 Maria Jose;Version Opratel;Sonidos
145182;Amigo Betania;Jose Luis Melgar;Cristianas
144642;Amigo Betania;Jose Luis Melgar;Cristianas
102992;Blooming1 contra 0oriente;Joselito Vaca;Blooming
120950;Feliz Navidad;Jose Feliciano;Navidad
109520;jose;Homero;Mi Promo ConTigo
106351;Jose reg;Nombre Reggaeton;TU NOMBRE
109646;josefina;Homero;Mi Promo ConTigo
105362;Su nombre en mi cuaderno;Makano feat. Josenid;Makano
104341;THE FLINSTONES;WilliamHanna JosephBarbera HoytCurtin;Pop
145184;Yo soy un amigo;Jose Luis Melgar;Cristianas
144640;Yo soy un amigo;Jose Luis Melgar;Cristianas
129445;Desejo De Amar Multishow Ao Vivo No MSG;Ivete Sangalo; Brasileras
133708;Na Base Do Beijo Vivo No MSG;Ivete Sangalo;Pop
102746;Consejos de Homero;Mbarete;Sonidos
104566;Homero y sus consejos;Version Opratel;Chistes
150;Pegado;Jovenes Pordioseros;Rock
103167;GOL DE JOAQUIN BOTERO BOL 1 PER 0;Joaquin Botero;FANATIGO
103168;GOL DE JOAQUIN BOTERO BOL 2 PER 0;Joaquin Botero;FANATIGO
144104;A Gozar En Carnaval;Gisela Santa Cruz;Carnaval cruce絪
144106;Brincao Del Carnaval Coro;Gisela Santa Cruz;Carnaval cruce絪
144108;Brincao Del Carnaval Intro;Gisela Santa Cruz;Carnaval cruce絪
144109;Chiqui Chiqui En Carnaval Coro;Gisela Santa Cruz;Carnaval cruce絪
144110;Chiqui Chiqui En Carnaval Intro;Gisela Santa Cruz;Carnaval cruce絪
102745;Como se mata un gusano;Mbarete;Sonidos
114591;Confusion de amor bicentenario;Gisela Santa Cruz;BICENTENARIO
128228;Cuando Regreses;Santiago Cruz;Latinas
138554;Cuando Regreses Dueto con Maria Leon;Santiago Cruz;Latinas
102754;desesperada;Martha Sanchez;Latinas
120947;El a絪 viejo;Gilberto Santa Rosa;Navidad
104879;FRASES QUE DEJAN PENSANDO 01;opratel;Sonidos
104880;FRASES QUE DEJAN PENSANDO 02;opratel;Sonidos
104881;FRASES QUE DEJAN PENSANDO 03;opratel;Sonidos
103046;Gol de Wilsterman 1 a Oriente Petrolero 1;Jorge Becerra;FANATIGO
103081;Sangoloteo;Amandititita;Latinas
114593;La ovejerita Vallegrande;Gisela Santa Cruz;Nuevas
105402;Looking for paradise;Alejandro Sanz feat. Alicia Keys;Pop
138555;Mariposas En La Panza Ft Fonseca Acus;Santiago Cruz;Latinas
129231;Meu Segredo;Ivete Sangalo; Brasileras
102517;Paica en carnaval;Gisela Santa Cruz;Carnaval
135123;Sanarme de ti_Giuseppe;OXIGENO;OXIGENO
114599;Santa Cruz Bicentenario;Gisela Santa Cruz;BICENTENARIO
114594;Santa Cruz Bicentenario coro;Gisela Santa Cruz;BICENTENARIO
144114;Sue침os Coro;Gisela Santa Cruz;Romanticas
144113;Sue침os Intro;Gisela Santa Cruz;Romanticas
114601;Viva mi tierra linda;Gisela Santa Cruz;BICENTENARIO
114603;Viva mi tierra linda 2;Gisela Santa Cruz;BICENTENARIO
103689;Por Um Beijo Seu;ChicleteComBanana; Brasileras
103262;AmistadDeBorrachera;KevinJohansen;Cumbia
103263;ATHAUALPAYOUFUNKY;KevinJohansen;Latinas
104561;Aunque mis ojos no te puedan ver;Marcela Gandara;Cristianas
285;Bolivarista se;Jorge eduardo;FANATIGO
103118;ChicaRolinga;KevinJohansen;Latinas
503;Cierro mis ojos;PK2;Latinas
141086;Consejo De La Moromore침a;Mexico Chico;Folklore
104877;CONSEJO DEL MAESTRO LING;opratel;Sonidos
104876;CONSEJO DEL MAESTRO LING 02;opratel;Sonidos
128305;Contestadora Joniqui;Sebastian Moreno Opratel;Promoci蚤 Te Matamos de Risa
103782;Cuando Tus Ojos Me Miran;fRANCO dE vITA;Latinas
102723;Dame tus ojos;Marcela Gandara;Cristianas
129892;Dame Tus Ojos feat Marcela Gandara;Jesus Adrian Romero;Cristianas
113049;El Brillo de mis Ojos;Jesus A Romero;Cristianas
105293;La nina de tus ojos;Daniel Calveti;Cristianas
104093;La ninha de tus ojos;Jesus A Romero;Cristianas
104015;Lejos de  ti;La 755;Latinas
104550;Lejos de ti Reggaeton;La 755;Latinas
125492;Mirame a los ojos;OV7;Pop
103329;mis ojos no lloran por ti;Banda reggaeton;Reggaeton
104039;Muy lejos de ti_;Alejandro Fernandez;Latinas
103706;Ojos Asi;Shakira;Latinas
133831;Ojos De Miel;Yalo cuellar;Fol 
Fri Mar 9 12:09:40 BOT 2012: ASYNC -> STATS> Tiempo respuesta 0.800834 seg.
Fri Mar 9 12:09:52 BOT 2012: ASYNC -> STATS> Tiempo respuesta -0.013081 seg.
Fri Mar 9 12:09:52 BOT 2012: ASYNC -> STATS> Tiempo respuesta -0.016381 seg.
Fri Mar 9 12:09:52 BOT 2012: Ajax->Mostrar Reproducciones:  
Fri Mar 9 12:10:35 BOT 2012: Ajax->Mostrar Megusta:  
Fri Mar 9 12:36:06 BOT 2012: Consulta de precio de reason:5 - msisdn: tono:142132 Async responde:350
 
Fri Mar 9 12:36:09 BOT 2012: Ajax->Mostrar Megusta:  
Fri Mar 9 12:36:18 BOT 2012: Ajax->Mostrar Reproducciones:  
Fri Mar 9 12:37:10 BOT 2012: Ajax->Mostrar Nombre Artista:  
Fri Mar 9 12:40:10 BOT 2012: ASYNC -> STATS> Tiempo respuesta 0.0067400000000001 seg.
Fri Mar 9 12:41:55 BOT 2012: ASYNC -> STATS> Tiempo respuesta 0.106401 seg.
Fri Mar 9 12:50:14 BOT 2012: Ajax->Mostrar Comentarios:  
Fri Mar 9 12:51:48 BOT 2012: Ajax-> Comprar Backtone: msisdn: 
Fri Mar 9 12:52:18 BOT 2012: Ajax-> Mostrar Megusta> tono:126029 
Fri Mar 9 12:52:24 BOT 2012: Ajax->Mostrar Comentarios:  
Fri Mar 9 12:52:33 BOT 2012: Mostrar Album: >Artista:  <a href='index.php?seccion=playlist&autor=372'>Ricki Martin</a>
Fri Mar 9 12:55:12 BOT 2012: Ajax-> Mostrar Megusta> tono:142132 
Fri Mar 9 12:58:58 BOT 2012: ASYNC -> STATS> Tiempo respuesta 0.010781 seg.
Fri Mar 9 13:01:33 BOT 2012: STATS > BUSQUEDA DE BACKTONE >Tiempo: -0.155078 seg. | registros: 2
Fri Mar 9 13:05:35 BOT 2012: Ajax->Mostrar Megusta:  
Fri Mar 9 13:07:26 BOT 2012: Ajax->Mostrar Ranking:  
Fri Mar 9 13:07:35 BOT 2012: Session Start>  session por defecto 
Fri Mar 9 13:07:44 BOT 2012: Asignar backtone escuchado > Asi termino:105281,103480,105533,105282,105036,105096,135721,102953,105365,134687,134686,134685,126167,125661,128416,128414,124962,124960,124958,
Fri Mar 9 13:08:38 BOT 2012: Ajax->Mostrar Nombre Genero:  
Fri Mar 9 13:10:59 BOT 2012: Ajax->Mostrar Nombre Genero:  
Fri Mar 9 13:11:39 BOT 2012: Ajax->Mostrar Ranking:  
Fri Mar 9 13:11:51 BOT 2012: Ajax->Mostrar Megusta:  
Fri Mar 9 13:14:21 BOT 2012: Ajax-> Mostrar  Imagen Portada> tono:142132 
Fri Mar 9 13:14:51 BOT 2012: ASYNC -> STATS> Tiempo respuesta 0.009108 seg.
Fri Mar 9 13:15:05 BOT 2012: Ajax-> Mostrar Megusta> tono:103139 
Fri Mar 9 13:17:36 BOT 2012: Ajax->Mostrar Nombre Genero:  
Fri Mar 9 13:21:43 BOT 2012: Ajax->Mostrar Reproducciones:  
Fri Mar 9 13:23:04 BOT 2012: SMS >: Servidor responde: > STATS > tiempo respuesta:0.00092300000000001 
Fri Mar 9 13:23:55 BOT 2012: Ajax-> Mostrar  Nombre Genero > tono:129247 
Fri Mar 9 13:24:13 BOT 2012: Ajax->Mostrar Nombre Artista:  
Fri Mar 9 13:24:16 BOT 2012: Mostrar Ranking: tono:128223 calificacion: 
Fri Mar 9 13:29:53 BOT 2012: Ajax->Mostrar Imagen Portada:  
Fri Mar 9 13:34:00 BOT 2012: Ajax->Actualizar pin usuario
Fri Mar 9 13:35:00 BOT 2012: Ajax->Mostrar Imagen Portada:  
Fri Mar 9 13:40:07 BOT 2012: Busqueda Inteligente: resultados >108603
Fri Mar 9 13:49:26 BOT 2012: Ajax->Mostrar Imagen Portada:  
Fri Mar 9 13:50:50 BOT 2012: Ajax-> Mostrar Comentarios> tono:140821 
Fri Mar 9 13:52:53 BOT 2012: Ajax-> Comprar Backtone: msisdn:75341757 
Fri Mar 9 13:53:08 BOT 2012: Ajax-> Mostrar Comentarios> tono:129247 
Fri Mar 9 13:53:14 BOT 2012: Asignar backtone escuchado > Asi termino:146559,146557,119112,103030,105238,116502,116504,103072,103029,105077,105078,102672,103469,103790,102630,137970,137972,138306,129675,
Fri Mar 9 13:58:39 BOT 2012: Ajax-> popup_listar_amigos: msisdn: 
Fri Mar 9 14:02:43 BOT 2012: Ajax-> Mostrar Megusta> tono:142132 
Fri Mar 9 14:02:56 BOT 2012: Ajax->Mostrar Nombre Artista:  
Fri Mar 9 14:03:22 BOT 2012: ASYNC -> STATS> Tiempo respuesta 0.005863 seg.
Fri Mar 9 14:08:28 BOT 2012: Ajax->Mostrar Nombre Artista:  
Fri Mar 9 14:09:05 BOT 2012: ASYNC -> STATS> Tiempo respuesta 0.018902 seg.
Fri Mar 9 14:12:47 BOT 2012: Mostrar Megusta> tono: 142132 msisdn: > a otros 1  les gusta 
Fri Mar 9 14:13:20 BOT 2012: Consulta de precio de reason:10 - msisdn: tono:129247 Async responde:350
 
Fri Mar 9 14:16:15 BOT 2012: Ajax->Mostrar Megusta:  
Fri Mar 9 14:17:24 BOT 2012: Ajax-> Mostrar Ranking > tono:106382 
Fri Mar 9 14:21:27 BOT 2012: ASYNC -> STATS> Tiempo respuesta 0.448662 seg.
Fri Mar 9 14:21:27 BOT 2012: ASYNC -> STATS> Tiempo respuesta 0.645482 seg.
Fri Mar 9 14:21:39 BOT 2012: Ajax-> Mostrar  Imagen Portada> tono:141124 
Fri Mar 9 14:22:52 BOT 2012: Ajax->Mostrar Nombre Artista:  
Fri Mar 9 14:23:22 BOT 2012: Ajax->Mostrar Reproducciones:  
Fri Mar 9 14:27:52 BOT 2012: WEB_REPRODUCIR_BUSQUEDA > Se recibieron:1 tonos
Fri Mar 9 14:27:55 BOT 2012: Ajax-> Mostrar Ranking > tono:103737 
Fri Mar 9 14:28:58 BOT 2012: Consulta de precio de reason:3 - msisdn: tono:117859 Async responde:350
 
Fri Mar 9 14:29:13 BOT 2012: Mostrar Ranking: tono:109314 calificacion: 
Fri Mar 9 14:31:44 BOT 2012: ASYNC -> STATS> Tiempo respuesta 0.00616 seg.
Fri Mar 9 14:54:38 BOT 2012: Mostrar Ranking: tono:131812 calificacion: 
Fri Mar 9 14:58:36 BOT 2012: Ajax-> Mostrar Ranking > tono:142132 
Fri Mar 9 15:15:31 BOT 2012: Ajax-> Mostrar Megusta> tono:104179 
Fri Mar 9 15:16:22 BOT 2012: Ajax->Mostrar Reproducciones:  
Fri Mar 9 15:19:16 BOT 2012: Ajax->Mostrar Imagen Portada:  
Fri Mar 9 15:19:31 BOT 2012: ASYNC -> STATS> Tiempo respuesta 0.003679 seg.
Fri Mar 9 15:19:46 BOT 2012: Ajax->Mostrar Ranking:  
Fri Mar 9 15:19:55 BOT 2012: Asignar backtone escuchado > Asi termino:112706,112707,112468,112470,112469,122656,142927,104179,102622,102610,104178,105534,142929,142527,146557,146242,144153,144150,134686,
Fri Mar 9 15:20:19 BOT 2012: Ajax-> Mostrar  Nombre Artista > tono:133736 
Fri Mar 9 15:20:52 BOT 2012: Session Start>  session por defecto 
Fri Mar 9 15:24:17 BOT 2012: Ajax->Mostrar Comentarios:  
Fri Mar 9 15:24:23 BOT 2012: Ajax->Mostrar Ranking:  
Fri Mar 9 15:25:32 BOT 2012: Ajax->Mostrar Ranking:  
Fri Mar 9 15:26:47 BOT 2012: Ajax-> Mostrar Ranking > tono:257 
Fri Mar 9 15:30:06 BOT 2012: Ajax->Mostrar Comentarios:  
Fri Mar 9 15:31:39 BOT 2012: Ajax->Mostrar Ranking:  
Fri Mar 9 15:32:51 BOT 2012: Mostrar Megusta> tono: 142132 msisdn: > a otros 1  les gusta 
Fri Mar 9 15:34:33 BOT 2012: Asignar backtone escuchado > Asi termino:123718,
Fri Mar 9 15:36:13 BOT 2012: Ajax->Mostrar Reproducciones:  
Fri Mar 9 15:36:19 BOT 2012: Ajax->Mostrar Megusta:  
Fri Mar 9 15:37:43 BOT 2012: Ajax->Mostrar Megusta:  
Fri Mar 9 15:37:43 BOT 2012: Ajax->Mostrar Ranking:  
Fri Mar 9 15:46:08 BOT 2012: Ajax->Mostrar Comentarios:  
Fri Mar 9 15:46:23 BOT 2012: Ajax->Mostrar Megusta:  
Fri Mar 9 15:46:59 BOT 2012: Ajax-> Mostrar Megusta> tono:142132 
Fri Mar 9 15:49:32 BOT 2012: ASYNC -> STATS> Tiempo respuesta 0.005244 seg.
Fri Mar 9 15:51:27 BOT 2012: Check Session > msisdn: 78756233 > Usuario Valido 
Fri Mar 9 15:51:33 BOT 2012: Asignar backtone escuchado > Asi termino:131757,127400,127376,122287,103576,104256,105542,103565,345,103564,103563,105540,104991,105274,105276,106266,124243,105096,127787,
Fri Mar 9 15:51:48 BOT 2012: STATS > BUSQUEDA DE BACKTONE >Tiempo: 0.086166 seg. | registros: 114
Fri Mar 9 15:51:57 BOT 2012: ASYNC -> STATS> Tiempo respuesta -0.232579 seg.
Fri Mar 9 15:56:27 BOT 2012: Ajax->Mostrar Ranking:  
Fri Mar 9 15:57:18 BOT 2012: Mostrar Megusta> tono: 102638 msisdn:77115196 > a otros 1  les gusta 
Fri Mar 9 15:58:19 BOT 2012: Ajax->Mostrar Comentarios:  
Fri Mar 9 15:58:55 BOT 2012: Ajax-> Mostrar Comentarios> tono:129675 
Fri Mar 9 15:58:58 BOT 2012: Consulta de precio de reason:2 - msisdn: tono:127894 Async responde:350
 
Fri Mar 9 15:59:49 BOT 2012: Ajax-> Login Usuario msisdn: Mauricio  pin:sant > Validar msisdn
Fri Mar 9 16:00:31 BOT 2012: ASYNC -> STATS> Tiempo respuesta 0.001622 seg.
Fri Mar 9 16:01:10 BOT 2012: Ajax-> Mostrar  Imagen Portada> tono:107762 
Fri Mar 9 16:03:53 BOT 2012: Ajax->Mostrar Reproducciones:  
Fri Mar 9 16:04:26 BOT 2012: STATS > BUSQUEDA DE BACKTONE >Tiempo: 0.037473 seg. | registros: 25
Fri Mar 9 16:04:38 BOT 2012: Ajax->Mostrar Reproducciones:  
Fri Mar 9 16:04:53 BOT 2012: ASYNC -> STATS> Tiempo respuesta 0.004072 seg.
Fri Mar 9 16:07:11 BOT 2012: Ajax->Mostrar Reproducciones:  
Fri Mar 9 16:07:23 BOT 2012: Ajax-> Mostrar  Nombre Genero > tono:102630 
Fri Mar 9 16:07:29 BOT 2012: Ajax->Mostrar Comentarios:  
Fri Mar 9 16:22:25 BOT 2012: Busqueda Inteligente: resultados >104310
Fri Mar 9 16:36:34 BOT 2012: Ajax->Mostrar Ranking:  
Fri Mar 9 16:43:20 BOT 2012: Ajax->Mostrar Imagen Portada:  
Fri Mar 9 16:43:59 BOT 2012: Ajax->Mostrar Nombre Artista:  
Fri Mar 9 16:44:11 BOT 2012: Session Start>  session por defecto 
Fri Mar 9 16:44:14 BOT 2012: STATS > BUSQUEDA DE BACKTONE >Tiempo: 0.448502 seg. | registros: 75
Fri Mar 9 16:46:11 BOT 2012: Ajax->Mostrar Nombre Artista:  
Fri Mar 9 16:47:27 BOT 2012: Busqueda Inteligente: resultados >144189
Fri Mar 9 16:48:06 BOT 2012: Ajax->Mostrar Reproducciones:  
Fri Mar 9 16:48:54 BOT 2012: Ajax->Mostrar Comentarios:  
Fri Mar 9 16:49:15 BOT 2012: Ajax-> Mostrar Megusta> tono:127759 
Fri Mar 9 16:49:21 BOT 2012: ASYNC -> STATS> Tiempo respuesta 0.014101 seg.
Fri Mar 9 16:55:55 BOT 2012: Ajax->Mostrar Megusta:  
Fri Mar 9 16:56:58 BOT 2012: Ajax->Mostrar Imagen Portada:  
Fri Mar 9 16:57:34 BOT 2012: ASYNC -> STATS> Tiempo respuesta -0.49889 seg.
Fri Mar 9 16:57:37 BOT 2012: Ajax->Mostrar Ranking:  
Fri Mar 9 16:59:10 BOT 2012: Busqueda Inteligente: resultados >130960
Fri Mar 9 17:00:19 BOT 2012: Ajax-> Mostrar Ranking > tono:102992 
Fri Mar 9 17:00:40 BOT 2012: Ajax->Mostrar Ranking:  
Fri Mar 9 17:01:37 BOT 2012: Session Start>  Chequeo de sesion
Fri Mar 9 17:03:47 BOT 2012: Busqueda Inteligente: Resultado 
 141880;Ai Se Eu Te Pego_voce me mata vMG;Covertone - MG; Brasileras
142621;Assim voce me mata_ai se eu te pegoCOVER;Covertone - MG; Brasileras
129217;Calling Dr Love;kiss;Rock
103564;Cant Help Falling In Love;Bocelli;Clasicos
129417;Do You Love Me;kiss;Rock
134;I like the way you move;Bodyrockers;Electronicas
145928;I Love You All;Ozzy Osbourne;Rock
142622;La gente esta muy loca v2;Covertone - MG;Electronicas
142628;La gente esta muy loca WTF;Covertone - MG;Electronicas
142626;La gente loca_all day all night;Covertone - MG;Electronicas
142624;La gente loca_jhony jhony;Covertone - MG;Electronicas
142539;Lagente esta muy loca coverMG;Covertone - MG;Electronicas
303;Loco;Covertone;Latinas
104823;LOCO TU FORMA DE SER;Covertone;FANATIGO
129211;Love Gun;kiss;Rock
135684;Provocame;Chayanne;Latinas
103092;provocame;Chayanne;Latinas
103576;Un nuovo giorno;Bocelli;Clasicos
129209;Makin Love;kiss;Rock
1;Move bitch;Ludacris;Rock
134636;Move Bitch II;Version Solumovil;Rock
135954;November Rain;Guns N Roses;Rock
136220;November Rain Live Version;Guns N Roses;Rock
145933;Over The Mountain;Ozzy Osbourne;Rock
105089;Para un poco te quiero dar felicidad;Covertone - MG;Latinas
150;Pegado;Jovenes Pordioseros;Rock
103108;Song4MutyaTVRockRemix;GrooveArmada;Pop
136199;Used To Love Her;Guns N Roses;Rock
125735;Enloqueceme;OV7;Pop
125493;Mas que amor;OV7;Pop
125492;Mirame a los ojos;OV7;Pop
133860;Que Triste Es El Primer Adios;OV7;Latinas
131844;Somos Un Mundo;OV7;Pop
133864;Tan Solo;OV7;Latinas
134021;Te Necesito;OV7;Pop
133867;Todo Lo Que Quiero;OV7;Latinas
479;Al mando;Trova;Latinas
102781;Baila Mi corazon;Belanova;Latinas
102782;cada que;Belanova;Latinas
481;Contra atacando;Trova;Latinas
105665;Eres mi todo;Giova y Bawill;Latinas
102783;eres tu;Belanova;Latinas
104752;hit santa cruz V1;Mastodonte (Remix Genova);ibiza open tour
102784;Me pregunto;Belanova;Latinas
105666;Mi Ilusion;Giova y Bawill;Latinas
482;Mi point;Trova;HipHop
485;Mierda;Trova;Latinas
110493;Nada de Mas;Belanova;Latinas
102785;ninho;Belanova;Latinas
487;No goodbye;Trova;Pop
105668;Perdi pero Gane;Giova y Bawill;Latinas
490;Perverso amor;Trova;Pop
491;Pido perdon;Trova;Latinas
486;Quiero tenerlo;Trova;Latinas
102787;Rosa pastel;Belanova;Latinas
488;Sexy Trova;Trova;Pop
135137;Si Quieres Decir Adios Ft Debi Nova;fRANCO dE vITA;Latinas
104754;Si tu Quieres v1;ExGenova;ibiza open tour
104755;Si tu Quieres v2;ExGenova;ibiza open tour
135112;Skyscraper;Demi Lovato;Pop
105007;Sol de plastico;Genova;Electronicas
105008;Volvere;Genova;Electronicas
105096; Como pude amarla;Covertone;Latinas
106286;-Just dance;Cover Lady GaGa;Pop
106288;-Love game-;Cover Lady GaGa;Pop
106289;-Paparazzi-;Cover Lady GaGa;Pop
106290;-Poker Face;Cover Lady GaGa;Pop
106294;-Speechless-;Cover Lady GaGa;Pop
106295;-The fame-;Cover Lady GaGa;Pop
131819;A Good Day For Love To Die;The Wanted;Pop
105040;A Quien Le Importa;Covertone;Latinas
141881;Ai se eu te pego ai ai ai;Covertone - MG; Brasileras
106281;Alejandro pop;Cover Lady GaGa;Pop
138475;All out of love;Air Supply;Clasicos
105540;All out of love;Air Supply;Clasicos
307;Almohada de piedra;Covertone;Latinas
104910;Amiga Traidora;Covertone;Latinas
104394;Arrancame la vida;Covertone;Latinas
104914;Arre;Covertone;Electronicas
104285;As Long As You Love Me;BackstreetBoys;Latinas
104599;Bata bata;Covertone;Latinas
106284;Beautiful rich dirty;Cover Lady GaGa;Pop
104348;Because You Loved Me;Celine Dion;Latinas
104052;Beethoven 5ta sinfonia;Version Opratel;Clasicos
104053;Beethoven Himno de la Alegria;Version Opratel;Clasicos
105085;Besa mi vida y mis cenizas;Covertone - MG;Latinas
104821;BOBY NO ME EXTRANES;Covertone;FANATIGO
104570;Cant get enough of your love babe;Barry White;Pop
127894;Casualty Of Love;Jessie J;Pop
144152;Chovena Beniana;opratel;Carnavaleando con Tigo
630;Chovena de gilberto;New Bolivia band;Carnaval
104087;Como duele;Covertone;Latinas
64;Crazy in love;Beyonce;Pop
142908;Dale Campeon Dale Campeon;Covertone - MG;Futbol
142906;Dale Tigre dale;Covertone - MG;Futbol
106285;Dance in the dark;Cover Lady GaGa;Pop
142894;Derribador;Covertone - MG;Futbol
142904;Derribador de campeones;Covertone - MG;Futbol
142888;Don Chupa Riveros en la sur;Covertone - MG;Futbol
106296;El Amor (cover);Version Solumovil;Latinas
300;El rebelde;Covertone;Latinas
105086;Es Asi;Covertone - MG;Latinas
104915;Extasis d 
Fri Mar 9 17:04:44 BOT 2012: ASYNC -> STATS> Tiempo respuesta 0.301858 seg.
Fri Mar 9 17:05:35 BOT 2012: Ajax->Mostrar Nombre Genero:  
Fri Mar 9 17:06:23 BOT 2012: Ajax->Mostrar Imagen Portada:  
Fri Mar 9 17:07:59 BOT 2012: Session Start>  session por defecto 
Fri Mar 9 17:08:35 BOT 2012: Ajax->Mostrar Nombre Genero:  
Fri Mar 9 17:10:09 BOT 2012: Asignar backtone escuchado > Asi termino:123534,131728,131730,131035,131036,141106,104561,129236,129892,103428,104558,127420,104784,434,104555,127435,127463,103447,102729,104095,
Fri Mar 9 17:12:00 BOT 2012: Ajax->Mostrar Reproducciones:  
Fri Mar 9 17:12:36 BOT 2012: Ajax->Mostrar Reproducciones:  
Fri Mar 9 17:12:39 BOT 2012: ASYNC -> STATS> Tiempo respuesta 0.016376 seg.
Fri Mar 9 17:12:51 BOT 2012: Ajax->Mostrar Megusta:  
Fri Mar 9 17:13:09 BOT 2012: Ajax->Mostrar Reproducciones:  
Fri Mar 9 17:13:39 BOT 2012: Mostrar Megusta> tono: 125511 msisdn: > a otros 1  les gusta 
Fri Mar 9 17:14:18 BOT 2012: Ajax-> Mostrar Comentarios> tono:125067 
Fri Mar 9 17:14:18 BOT 2012: Ajax-> Mostrar  Nombre Genero > tono:105548 
Fri Mar 9 17:14:54 BOT 2012: Ajax-> Mostrar Megusta> tono:104020 
Fri Mar 9 17:16:12 BOT 2012: Ajax-> Mostrar Megusta> tono:104609 
Fri Mar 9 17:16:24 BOT 2012: ASYNC -> STATS> Tiempo respuesta 0.173341 seg.
Fri Mar 9 17:18:16 BOT 2012: Check Session > msisdn: 78156191 > Usuario Valido 
Fri Mar 9 17:19:37 BOT 2012: Ajax->Mostrar Comentarios:  
Fri Mar 9 17:20:19 BOT 2012: Ajax->Mostrar Nombre Genero:  
Fri Mar 9 17:20:43 BOT 2012: ASYNC -> STATS> Tiempo respuesta 0.011925 seg.
Fri Mar 9 17:25:29 BOT 2012: Ajax->Mostrar Imagen Portada:  
Fri Mar 9 17:26:14 BOT 2012: Check Session > msisdn: 75602666 > Usuario Valido 
Fri Mar 9 17:26:17 BOT 2012: Ajax-> Mostrar  Nombre Artista > tono:127457 
Fri Mar 9 17:26:38 BOT 2012: Ajax->Mostrar Comentarios:  
Fri Mar 9 17:30:23 BOT 2012: MTD_DB_BUSCAR_ARTISTAS > retornando registros:9
Fri Mar 9 17:30:53 BOT 2012: Ajax->Mostrar Comentarios:  
Fri Mar 9 17:31:12 BOT 2012: Ajax-> Cerrar session: msisdn:75726570 
Fri Mar 9 17:34:18 BOT 2012: Ajax->Mostrar Megusta:  
Fri Mar 9 17:37:21 BOT 2012: Ajax->Mostrar Comentarios:  
Fri Mar 9 17:40:28 BOT 2012: ASYNC -> STATS> Tiempo respuesta 0.001522 seg.
Fri Mar 9 17:40:31 BOT 2012: Consulta de precio de reason:2 - msisdn: tono:103466 Async responde:350
 
Fri Mar 9 17:41:19 BOT 2012: Ajax->Mostrar Comentarios:  
Fri Mar 9 17:42:58 BOT 2012: Ajax-> Mostrar Ranking > tono:118724 
Fri Mar 9 17:44:16 BOT 2012: Asignar backtone escuchado > Asi termino:104560,435,103481,126100,103434,127420,104784,113053,105293,103819,437,103428,103433,135228,113052,127771,127459,135213,135200,127415,
Fri Mar 9 17:44:37 BOT 2012: Ajax->Mostrar Ranking:  
Fri Mar 9 17:44:46 BOT 2012: Ajax->Mostrar Megusta:  
Fri Mar 9 17:45:58 BOT 2012: WEB_REPRODUCIR_BUSQUEDA > Se recibieron:27 tonos
Fri Mar 9 17:52:59 BOT 2012: Ajax->Mostrar Megusta:  
Fri Mar 9 17:54:24 BOT 2012: Ajax->Mostrar Comentarios:  
Fri Mar 9 17:54:48 BOT 2012: WEB_REPRODUCIR_BUSQUEDA > Se recibieron:31 tonos
Fri Mar 9 17:55:30 BOT 2012: Ajax->Mostrar Megusta:  
Fri Mar 9 17:56:42 BOT 2012: Ajax->Mostrar Comentarios:  
Fri Mar 9 17:56:48 BOT 2012: Ajax->Eliminando backtone: msisdn:77591339   
Fri Mar 9 17:57:36 BOT 2012: ASYNC -> STATS> Tiempo respuesta 0.118666 seg.
Fri Mar 9 17:57:42 BOT 2012: ASYNC -> STATS> Tiempo respuesta -0.009256 seg.
Fri Mar 9 17:57:57 BOT 2012: ASYNC -> STATS> Tiempo respuesta 0.013544 seg.
Fri Mar 9 17:58:00 BOT 2012: Ajax->Mostrar Ranking:  
Fri Mar 9 17:58:00 BOT 2012: ASYNC -> STATS> Tiempo respuesta 0.131663 seg.
Fri Mar 9 17:58:00 BOT 2012: Ajax->Mostrar Ranking:  
Fri Mar 9 17:58:00 BOT 2012: ASYNC -> STATS> Tiempo respuesta -0.001506 seg.
Fri Mar 9 17:58:45 BOT 2012: Mostrar Genero: >G&eacute;nero:  <a href='index.php?seccion=playlist&genero=132'>Pop</a>
Fri Mar 9 18:02:13 BOT 2012: Ajax->Mostrar Comentarios:  
Fri Mar 9 18:03:54 BOT 2012: Busqueda Inteligente: resultados >104921
Fri Mar 9 18:10:11 BOT 2012: ASYNC -> STATS> Tiempo respuesta 0.002255 seg.
Fri Mar 9 18:11:08 BOT 2012: Ajax->Mostrar Reproducciones:  
Fri Mar 9 18:11:56 BOT 2012: Ajax-> Mostrar  Nombre Artista > tono:102621 
Fri Mar 9 18:15:17 BOT 2012: Ajax-> Mostrar Comentarios> tono:103146 
Fri Mar 9 18:16:39 BOT 2012: Ajax->Mostrar Imagen Portada:  
Fri Mar 9 18:17:24 BOT 2012: Ajax->Mostrar Megusta:  
Fri Mar 9 18:23:21 BOT 2012: Ajax->Mostrar Comentarios:  
Fri Mar 9 18:24:15 BOT 2012: Mostrar Ranking: tono:109320 calificacion: 
Fri Mar 9 18:25:22 BOT 2012: Ajax->Mostrar Comentarios:  
Fri Mar 9 18:27:23 BOT 2012: Ajax->Mostrar Reproducciones:  
Fri Mar 9 18:29:26 BOT 2012: Mostrar Album: >Artista:  <a href='index.php?seccion=playlist&autor=157'>telecel</a>
Fri Mar 9 18:30:14 BOT 2012: Ajax-> Mostrar  Nombre Genero > tono:109238 
Fri Mar 9 18:31:29 BOT 2012: Busqueda Inteligente: resultados >105916
Fri Mar 9 18:35:24 BOT 2012: Ajax->Mostrar Megusta:  
Fri Mar 9 18:37:12 BOT 2012: Asignar backtone escuchado > Asi termino:105801,105805,105802,106372,120258,120257,120256,106382,104065,131042,131035,131044,123523,123515,123525,
Fri Mar 9 18:38:06 BOT 2012: Ajax-> Mostrar Comentarios> tono:131035 
Fri Mar 9 18:41:19 BOT 2012: ASYNC -> STATS> Tiempo respuesta -0.090371 seg.
Fri Mar 9 18:41:19 BOT 2012: ASYNC -> STATS> Tiempo respuesta -0.359727 seg.
Fri Mar 9 18:43:37 BOT 2012: Ajax-> Login Usuario msisdn: 77173406  pin: > msisdn valido, verificando session
Fri Mar 9 18:45:22 BOT 2012: ASYNC -> STATS> Tiempo respuesta 0.002169 seg.
Fri Mar 9 18:54:42 BOT 2012: Ajax->Mostrar Nombre Genero:  
Fri Mar 9 18:55:03 BOT 2012: Ajax->Mostrar Megusta:  
Fri Mar 9 18:57:52 BOT 2012: Ajax-> Mostrar Megusta> tono:104815 
Fri Mar 9 18:59:46 BOT 2012: Mostrar Cantidad reproducciones: tono:127256 cantidad: 0
Fri Mar 9 19:01:52 BOT 2012: ASYNC -> STATS> Tiempo respuesta -0.136043 seg.
Fri Mar 9 19:05:14 BOT 2012: ASYNC -> STATS> Tiempo respuesta -0.653966 seg.
Fri Mar 9 19:05:14 BOT 2012: Ajax-> Mostrar Megusta> tono:132 
Fri Mar 9 19:06:17 BOT 2012: Ajax->Mostrar Ranking:  
Fri Mar 9 19:06:17 BOT 2012: Ajax->Mostrar Comentarios:  
Fri Mar 9 19:06:17 BOT 2012: Asignar backtone escuchado > Asi termino:135274,103499,114,104516,104914,135079,592,177,126146,123010,104532,104465,103712,141880,141881,137086,142527,138309,137970,138306,
Fri Mar 9 19:06:26 BOT 2012: Consulta de precio de reason:3 - msisdn: tono:118747 Async responde:350
 
Fri Mar 9 19:06:53 BOT 2012: Ajax-> Mostrar Ranking > tono:107788 
Fri Mar 9 19:07:26 BOT 2012: ASYNC -> STATS> Tiempo respuesta 0.001858 seg.
Fri Mar 9 19:08:02 BOT 2012: Mostrar Comentarios : tono:113049 
Fri Mar 9 19:09:17 BOT 2012: Ajax->Mostrar Nombre Genero:  
Fri Mar 9 19:09:20 BOT 2012: Ajax-> Mostrar Comentarios> tono:104582 
Fri Mar 9 19:09:32 BOT 2012: Ajax-> Mostrar Ranking > tono:145676 
Fri Mar 9 19:10:08 BOT 2012: Check Session > msisdn: 75044544 > Usuario Valido 
Fri Mar 9 19:10:47 BOT 2012: Mostrar Ranking: tono:110101 calificacion: 
Fri Mar 9 19:10:50 BOT 2012: Ajax->Mostrar Imagen Portada:  
Fri Mar 9 19:15:41 BOT 2012: BUSCAR_SHORT_NUMBER msisdn:77802036 ani: 77678444 tono:131040 > El registro no existe
Fri Mar 9 19:16:50 BOT 2012: Asignar backtone escuchado > Asi termino:135692,105764,113605,103134,103275,105235,103132,105760,131719,131717,141835,105758,133699,104582,102741,103274,163,142,105490,102912,
Fri Mar 9 19:17:35 BOT 2012: Ajax->Mostrar Ranking:  
Fri Mar 9 19:24:21 BOT 2012: Consulta de precio de reason:10 - msisdn:76634353 tono:129675 Async responde:350
 
Fri Mar 9 19:24:21 BOT 2012: ASYNC -> STATS> Tiempo respuesta 0.005892 seg.
Fri Mar 9 19:31:40 BOT 2012: ASYNC -> STATS> Tiempo respuesta 0.010938 seg.
Fri Mar 9 19:42:42 BOT 2012: Ajax->Mostrar Ranking:  
Fri Mar 9 19:49:40 BOT 2012: Mostrar Megusta > tono: 386 msisdn:77755605 > cantidad de registros: 0
Fri Mar 9 19:56:59 BOT 2012: Ajax->Mostrar Megusta:  
Fri Mar 9 20:01:29 BOT 2012: ASYNC -> STATS> Tiempo respuesta 0.00183 seg.
Fri Mar 9 20:02:20 BOT 2012: STATS > BUSQUEDA DE BACKTONE >Tiempo: 0.260996 seg. | registros: 9
Fri Mar 9 20:06:37 BOT 2012: Ajax->Mostrar Reproducciones:  
Fri Mar 9 20:07:16 BOT 2012: ASYNC -> STATS> Tiempo respuesta 0.004826 seg.
Fri Mar 9 20:07:31 BOT 2012: Ajax-> Mostrar Megusta> tono:103597 
Fri Mar 9 20:11:20 BOT 2012: Check Session > msisdn: 75166960 > Usuario Valido 
Fri Mar 9 20:11:29 BOT 2012: Ajax-> Mostrar Comentarios> tono:118734 
Fri Mar 9 20:11:29 BOT 2012: Ajax->Mostrar Nombre Genero:  
Fri Mar 9 20:13:05 BOT 2012: Ajax->Mostrar Reproducciones:  
Fri Mar 9 20:14:41 BOT 2012: ASYNC -> STATS> Tiempo respuesta 0.002346 seg.
Fri Mar 9 20:16:30 BOT 2012: Ajax-> Mostrar Megusta> tono:137879 
Fri Mar 9 20:16:48 BOT 2012: Asignar backtone escuchado > Asi termino:140832,137879,143078,120258,146577,106380,131812,142230,140821,124243,240,118747,118736,118734,118732,118730,118728,118725,106266,147093,
Fri Mar 9 20:17:42 BOT 2012: Ajax->Mostrar Ranking:  
Fri Mar 9 20:18:54 BOT 2012: Ajax->Mostrar Nombre Artista:  
Fri Mar 9 20:18:57 BOT 2012: Ajax->Mostrar Megusta:  
Fri Mar 9 20:19:18 BOT 2012: Ajax-> Mostrar Ranking > tono:177 
Fri Mar 9 20:19:24 BOT 2012: Ajax-> Mostrar Megusta> tono:592 
Fri Mar 9 20:21:06 BOT 2012: Ajax->Mostrar Reproducciones:  
Fri Mar 9 20:22:16 BOT 2012: Ajax->Mostrar Comentarios:  
Fri Mar 9 20:22:40 BOT 2012: Asignar backtone escuchado > Asi termino:104000,104077,104437,104683,104682,136050,104946,104901,104207,104208,102970,126679,104681,104076,104209,104503,104075,127003,104445,103607,
Fri Mar 9 20:22:56 BOT 2012: Ajax-> Mostrar  Nombre Artista > tono:110495 
Fri Mar 9 20:23:07 BOT 2012: Ajax->Mostrar Megusta:  
Fri Mar 9 20:24:58 BOT 2012: Ajax-> Mostrar  Nombre Artista > tono:103610 
Fri Mar 9 20:27:10 BOT 2012: Error al consultar precio de renovacion - msisdn: tono:102972 - Async responde -3
Fri Mar 9 20:27:40 BOT 2012: Ajax->Mostrar Ranking:  
Fri Mar 9 20:27:40 BOT 2012: Asignar backtone escuchado > Asi termino:104439,102949,102977,102972,103791,104067,104615,104066,104196,126996,104197,104662,104202,104614,104078,104505,104002,104198,103611,104613,
Fri Mar 9 20:28:07 BOT 2012: ASYNC -> STATS> Tiempo respuesta 0.00146 seg.
Fri Mar 9 20:28:13 BOT 2012: Ajax-> Mostrar  Nombre Artista > tono:140830 
Fri Mar 9 20:29:07 BOT 2012: Ajax-> Mostrar Comentarios> tono:123515 
Fri Mar 9 20:29:11 BOT 2012: Ajax->Mostrar Imagen Portada:  
Fri Mar 9 20:30:35 BOT 2012: Ajax-> Mostrar  Imagen Portada> Album:Artista:  <a href='index.php?seccion=playlist&autor=1597'>3BallMTY</a>
Fri Mar 9 20:31:33 BOT 2012: Ajax-> Mostrar Megusta> tono:147132 
Fri Mar 9 20:32:45 BOT 2012: Ajax->Mostrar Comentarios:  
Fri Mar 9 20:33:57 BOT 2012: Busqueda Inteligente: resultados >141120
Fri Mar 9 20:36:06 BOT 2012: Ajax-> Mostrar  Nombre Artista > tono:143765 
Fri Mar 9 20:41:16 BOT 2012: Session Start>  session por defecto 
Fri Mar 9 20:41:23 BOT 2012: Ajax-> Mostrar  Imagen Portada> tono:109322 
Fri Mar 9 20:41:41 BOT 2012: Ajax->Mostrar Nombre Artista:  
Fri Mar 9 20:43:48 BOT 2012: Ajax-> Mostrar Ranking > tono:137882 
Fri Mar 9 20:43:48 BOT 2012: Mostrar Ranking: tono:126091 calificacion: 
Fri Mar 9 20:44:50 BOT 2012: WEB_REPRODUCIR_BUSQUEDA > Se recibieron:31 tonos
Fri Mar 9 20:45:07 BOT 2012: Busqueda Inteligente: resultados >516
Fri Mar 9 20:45:37 BOT 2012: MTD_DB_BUSCAR_ARTISTAS > retornando registros:1
Fri Mar 9 20:46:29 BOT 2012: Ajax->Mostrar Megusta:  
Fri Mar 9 20:46:59 BOT 2012: Ajax-> Mostrar Megusta> tono:103712 
Fri Mar 9 20:50:51 BOT 2012: ASYNC -> STATS> Tiempo respuesta 0.611064 seg.
Fri Mar 9 20:50:54 BOT 2012: Ajax->Mostrar Ranking:  
Fri Mar 9 20:50:54 BOT 2012: Asignar backtone escuchado > Asi termino:145118,140821,141922,144311,144306,142286,141946,141918,123008,
Fri Mar 9 20:51:00 BOT 2012: Ajax->Mostrar Megusta:  
Fri Mar 9 20:52:48 BOT 2012: Ajax->Mostrar Megusta:  
Fri Mar 9 20:55:37 BOT 2012: Ajax->Mostrar Imagen Portada:  
Fri Mar 9 20:55:52 BOT 2012: Ajax->Mostrar Imagen Portada:  
Fri Mar 9 20:57:01 BOT 2012: Ajax->Mostrar Reproducciones:  
Fri Mar 9 20:57:16 BOT 2012: Asignar backtone escuchado > Asi termino:140810,108557,143739,120248,142632,130999,141835,103834,139303,146588,146585,142168,124965,140808,85,141918,43,140826,104286,145857,
Fri Mar 9 20:58:10 BOT 2012: Ajax->Mostrar Comentarios:  
Fri Mar 9 20:58:40 BOT 2012: Ajax->Mostrar Ranking:  
Fri Mar 9 20:58:49 BOT 2012: Ajax-> Mostrar Ranking > tono:131044 
Fri Mar 9 21:00:44 BOT 2012: Mostrar Ranking: tono:130986 calificacion: 
Fri Mar 9 21:01:05 BOT 2012: Ajax-> Mostrar Ranking > tono:131645 
Fri Mar 9 21:01:08 BOT 2012: Ajax->Mostrar Comentarios:  
Fri Mar 9 21:01:29 BOT 2012: Asignar backtone escuchado > Asi termino:123218,142527,
Fri Mar 9 21:03:20 BOT 2012: Consulta de precio de reason:3 - msisdn: tono:141881 Async responde:350
 
Fri Mar 9 21:03:20 BOT 2012: ASYNC -> STATS> Tiempo respuesta 0.370069 seg.
Fri Mar 9 21:04:05 BOT 2012: Ajax->Mostrar Nombre Artista:  
Fri Mar 9 21:05:16 BOT 2012: Mostrar Genero: >G&eacute;nero:  <a href='index.php?seccion=playlist&genero=159'>Sonidos</a>
Fri Mar 9 21:05:47 BOT 2012: Ajax-> Mostrar Ranking > tono:107747 
Fri Mar 9 21:07:48 BOT 2012: Ajax->Mostrar Nombre Artista:  
Fri Mar 9 21:09:03 BOT 2012: Ajax->Mostrar Ranking:  
Fri Mar 9 21:09:09 BOT 2012: ASYNC -> STATS> Tiempo respuesta -0.603818 seg.
Fri Mar 9 21:09:45 BOT 2012: Ajax->Mostrar Reproducciones:  
Fri Mar 9 21:11:30 BOT 2012: ASYNC -> STATS> Tiempo respuesta -0.314193 seg.
Fri Mar 9 21:11:30 BOT 2012: Ajax->Mostrar Ranking:  
Fri Mar 9 21:14:23 BOT 2012: ASYNC -> STATS> Tiempo respuesta 0.001521 seg.
Fri Mar 9 21:14:26 BOT 2012: Ajax->Mostrar Ranking:  
Fri Mar 9 21:14:35 BOT 2012: Ajax->Mostrar Comentarios:  
Fri Mar 9 21:16:01 BOT 2012: Ajax->Mostrar Reproducciones:  
Fri Mar 9 21:16:07 BOT 2012: Ajax-> Mostrar Comentarios> tono:114 
Fri Mar 9 21:16:55 BOT 2012: Ajax->Mostrar Nombre Genero:  
Fri Mar 9 21:19:28 BOT 2012: Ajax->Mostrar Reproducciones:  
Fri Mar 9 21:20:55 BOT 2012: Ajax->Mostrar Reproducciones:  
Fri Mar 9 21:21:59 BOT 2012: Ajax-> Mostrar  Nombre Genero > tono:133786 
Fri Mar 9 21:22:35 BOT 2012: Ajax-> Mostrar Ranking > tono:105253 
Fri Mar 9 21:22:56 BOT 2012: ASYNC -> STATS> Tiempo respuesta 0.005416 seg.
Fri Mar 9 21:22:59 BOT 2012: Ajax->Mostrar Megusta:  
Fri Mar 9 21:23:02 BOT 2012: ASYNC -> STATS> Tiempo respuesta -0.469323 seg.
Fri Mar 9 21:23:23 BOT 2012: Ajax-> Mostrar  Imagen Portada> tono:106232 
Fri Mar 9 21:24:29 BOT 2012: ASYNC -> STATS> Tiempo respuesta -0.321091 seg.
Fri Mar 9 21:24:44 BOT 2012: Ajax->Mostrar Nombre Genero:  
Fri Mar 9 21:25:35 BOT 2012: WEB_REPRODUCIR_BUSQUEDA > Se recibieron:114 tonos
Fri Mar 9 21:27:32 BOT 2012: Asignar backtone escuchado > Asi termino:102508,141077,141078,141080,104389,104189,104174,135225,144642,104554,103816,103430,103739,115941,103345,103166,103735,103474,104307,102651,
Fri Mar 9 21:28:00 BOT 2012: Ajax->Mostrar Imagen Portada:  
Fri Mar 9 21:29:45 BOT 2012: ASYNC -> STATS> Tiempo respuesta 0.017026 seg.
Fri Mar 9 21:29:48 BOT 2012: ASYNC -> STATS> Tiempo respuesta -0.323688 seg.
Fri Mar 9 21:30:18 BOT 2012: Ajax-> Mostrar Ranking > tono:140821 
Fri Mar 9 21:30:27 BOT 2012: ASYNC -> STATS> Tiempo respuesta -0.269273 seg.
Fri Mar 9 21:30:30 BOT 2012: Session Start>  Chequeo de sesion
Fri Mar 9 21:31:15 BOT 2012: Ajax-> popup_listar_amigos: 76596535  tono:123008 metodo:regalar 
Fri Mar 9 21:31:24 BOT 2012: Ajax-> Mostrar Comentarios> tono:118727 
Fri Mar 9 21:34:39 BOT 2012: Ajax->Mostrar Nombre Artista:  
Fri Mar 9 21:35:03 BOT 2012: Ajax->Mostrar Imagen Portada:  
Fri Mar 9 21:35:37 BOT 2012: Mostrar Cantidad reproducciones: tono:145322 cantidad: 0
Fri Mar 9 21:47:14 BOT 2012: ASYNC -> STATS> Tiempo respuesta 0.004646 seg.
Fri Mar 9 21:48:47 BOT 2012: Ajax->Mostrar Ranking:  
Fri Mar 9 21:51:54 BOT 2012: Ajax->Mostrar Nombre Genero:  
Fri Mar 9 21:54:00 BOT 2012: STATS > BUSQUEDA DE BACKTONE >Tiempo: 0.446593 seg. | registros: 1
Fri Mar 9 21:55:24 BOT 2012: Ajax-> Mostrar Comentarios> tono:102818 
Fri Mar 9 21:55:54 BOT 2012: ASYNC -> STATS> Tiempo respuesta -0.116585 seg.
Fri Mar 9 22:28:31 BOT 2012: Mostrar Ranking: tono:257 calificacion: 2
Fri Mar 9 22:28:34 BOT 2012: Ajax->Mostrar Reproducciones:  
Fri Mar 9 22:28:37 BOT 2012: Asignar backtone escuchado > Asi termino:104395,104999,129445,123218,103686,145328,104465,141881,142527,102630,
Fri Mar 9 22:28:46 BOT 2012: STATS > BUSQUEDA DE BACKTONE >Tiempo: 0.083468 seg. | registros: 114
Fri Mar 9 22:29:28 BOT 2012: ASYNC -> STATS> Tiempo respuesta 0.005981 seg.
Fri Mar 9 22:29:46 BOT 2012: ASYNC -> STATS> Tiempo respuesta 0.023169 seg.
Fri Mar 9 22:34:05 BOT 2012: ASYNC -> STATS> Tiempo respuesta 0.001649 seg.
Fri Mar 9 22:34:41 BOT 2012: Ajax-> Mostrar  Imagen Portada> tono:105028 
Fri Mar 9 22:46:58 BOT 2012: Ajax->Mostrar Nombre Artista:  
Fri Mar 9 22:49:58 BOT 2012: Ajax->Mostrar Ranking:  
Fri Mar 9 22:50:58 BOT 2012: Asignar backtone escuchado > Asi termino:145152,134012,133881,105234,125516,103939,129435,53,145390,145927,136248,127424,78,136229,136232,130985,129217,134014,145151,145156,
Fri Mar 9 22:51:59 BOT 2012: Ajax-> Mostrar  Nombre Genero > tono:104940 
Fri Mar 9 22:54:36 BOT 2012: ASYNC -> STATS> Tiempo respuesta 0.036027 seg.
Fri Mar 9 22:57:36 BOT 2012: Ajax->Mostrar Comentarios:  
Fri Mar 9 22:58:33 BOT 2012: Ajax->Mostrar Ranking:  
Fri Mar 9 23:01:04 BOT 2012: Ajax->Mostrar Imagen Portada:  
Fri Mar 9 23:01:43 BOT 2012: Ajax->Mostrar Ranking:  
Fri Mar 9 23:13:38 BOT 2012: Consulta de precio de reason:3 - msisdn: tono:131808 Async responde:350
 
Fri Mar 9 23:14:54 BOT 2012: Ajax-> Mostrar Ranking > tono:105813 
Fri Mar 9 23:15:30 BOT 2012: Mostrar Album: >albumes/risas.jpg
Fri Mar 9 23:28:02 BOT 2012: WEB REPROD BUSQ > Facebook link: http%3A%2F%2Fbacktones.tigo.com.bo%2Fv3%2Findex.php%3Fseccion%3Dplaylist%26genero%3D145%26f%3D1%26t%3D123123
Fri Mar 9 23:29:32 BOT 2012: Mostrar Genero: >G&eacute;nero:  <a href='index.php?seccion=playlist&genero=108'>Cristianas</a>
Fri Mar 9 23:33:02 BOT 2012: Asignar backtone escuchado > Asi termino:571,104660,105647,115946,24,115945,104659,105645,104658,82,
Fri Mar 9 23:33:38 BOT 2012: Busqueda Inteligente: Dire Straits Opratel
Fri Mar 9 23:35:54 BOT 2012: Mostrar Ranking: tono:115945 calificacion: 5
Fri Mar 9 23:39:21 BOT 2012: ASYNC -> STATS> Tiempo respuesta 0.0041629999999999 seg.
Fri Mar 9 23:40:09 BOT 2012: Ajax->Mostrar Ranking:  
Fri Mar 9 23:42:49 BOT 2012: Ajax->Mostrar Nombre Genero:  
Fri Mar 9 23:44:37 BOT 2012: Asignar backtone escuchado > Asi termino:104171,144149,
Fri Mar 9 23:47:43 BOT 2012: Ajax-> Mostrar Megusta> tono:133804 
Fri Mar 9 23:50:53 BOT 2012: Ajax-> Mostrar  Imagen Portada> tono:105672 
Fri Mar 9 23:51:04 BOT 2012: Ajax->Mostrar Nombre Artista:  
Fri Mar 9 23:52:08 BOT 2012: Ajax-> Mostrar  Nombre Genero > tono:106310 
Fri Mar 9 23:53:14 BOT 2012: Ajax-> Mostrar Ranking > tono:106323 
Fri Mar 9 23:53:23 BOT 2012: Ajax->Mostrar Ranking:  
Fri Mar 9 23:53:35 BOT 2012: Ajax->Mostrar Nombre Artista:  
Fri Mar 9 23:54:26 BOT 2012: ASYNC -> STATS> Tiempo respuesta 0.0097189999999999 seg.
Fri Mar 9 23:58:21 BOT 2012: Ajax-> Mostrar  Nombre Artista > tono:133804 
