Tue Jun 19 11:13:29 BOT 2012: Ajax-> Mostrar Megusta> tono:105769 
Tue Jun 19 11:15:38 BOT 2012: Ajax->Mostrar Ranking:  
Tue Jun 19 11:20:30 BOT 2012: Ajax->Mostrar Ranking:  
Tue Jun 19 11:25:28 BOT 2012: ASYNC -> STATS> Tiempo respuesta 0.269232 seg.
Tue Jun 19 11:25:28 BOT 2012: Consulta de precio de reason:2 - msisdn:75021614 tono:139727 Async responde:350
 
Tue Jun 19 11:28:38 BOT 2012: Ajax-> Mostrar  Nombre Genero > tono:135059 
Tue Jun 19 11:30:11 BOT 2012: Ajax-> Mostrar  Nombre Artista > tono:440 
Tue Jun 19 11:31:44 BOT 2012: ASYNC -> STATS> Tiempo respuesta 0.630701 seg.
Tue Jun 19 11:31:50 BOT 2012: Ajax->Mostrar Ranking:  
Tue Jun 19 11:31:50 BOT 2012: Ajax-> Mostrar Ranking > tono:139727 
Tue Jun 19 11:31:56 BOT 2012: Asignar backtone escuchado > Asi termino:145423,105578,124408,124404,105574,104171,105003,104467,104466,105002,104471,129231,105001,104395,147767,141881,139337,139335,105503,
Tue Jun 19 11:31:59 BOT 2012: ASYNC -> STATS> Tiempo respuesta -0.00078999999999996 seg.
Tue Jun 19 11:32:42 BOT 2012: ASYNC -> STATS> Tiempo respuesta 0.002867 seg.
Tue Jun 19 11:34:24 BOT 2012: Ajax->Mostrar Reproducciones:  
Tue Jun 19 11:34:30 BOT 2012: ASYNC -> STATS> Tiempo respuesta 0.002498 seg.
Tue Jun 19 11:36:57 BOT 2012: Ajax->Mostrar Megusta:  
Tue Jun 19 11:37:00 BOT 2012: Consulta de precio de reason:2 - msisdn: tono:200 Async responde:350
 
Tue Jun 19 11:37:03 BOT 2012: ASYNC -> STATS> Tiempo respuesta -0.005228 seg.
Tue Jun 19 11:37:06 BOT 2012: Ajax->Mostrar Ranking:  
Tue Jun 19 11:37:09 BOT 2012: Ajax-> Mostrar Comentarios> tono:133822 
Tue Jun 19 11:37:28 BOT 2012: Asignar backtone escuchado > Asi termino:127417,104560,103451,103430,149592,
Tue Jun 19 11:41:10 BOT 2012: ASYNC -> STATS> Tiempo respuesta 0.002763 seg.
Tue Jun 19 11:44:47 BOT 2012: Ajax-> Mostrar Megusta> tono:131613 
Tue Jun 19 11:45:56 BOT 2012: Ajax->Mostrar Ranking:  
