Sun Sep 9 0:07:28 BOT 2012: Ajax-> Mostrar  Nombre Artista > tono:247 
Sun Sep 9 0:16:57 BOT 2012: ASYNC -> STATS> Tiempo respuesta 0.001762 seg.
Sun Sep 9 0:26:47 BOT 2012: Ajax->Mostrar Reproducciones:  
Sun Sep 9 0:28:06 BOT 2012: Ajax->Mostrar Reproducciones:  
Sun Sep 9 0:29:03 BOT 2012: Ajax-> Mostrar Megusta> tono:131003 
Sun Sep 9 0:32:03 BOT 2012: Ajax->Mostrar Nombre Artista:  
Sun Sep 9 0:38:26 BOT 2012: Ajax->Mostrar Reproducciones:  
Sun Sep 9 0:47:49 BOT 2012: Asignar backtone escuchado > Asi termino:104788,104364,104910,105231,105652,104815,103458,102526,18,103691,112705,102882,104967,105281,102560,103480,103479,105534,109409,105746,
Sun Sep 9 0:49:52 BOT 2012: Mostrar Album: >albumes/album-default.jpg
Sun Sep 9 0:55:42 BOT 2012: Ajax->Mostrar Ranking:  
Sun Sep 9 0:57:42 BOT 2012: Ajax-> Mostrar Ranking > tono:103459 
Sun Sep 9 0:58:03 BOT 2012: ASYNC -> STATS> Tiempo respuesta 0.002427 seg.
Sun Sep 9 0:58:03 BOT 2012: Ajax->Mostrar Ranking:  
Sun Sep 9 1:42:04 BOT 2012: Busqueda Inteligente: resultados >109606
Sun Sep 9 1:43:34 BOT 2012: Session Start>  session por defecto 
Sun Sep 9 1:43:43 BOT 2012: Busqueda Inteligente: resultados >134036
Sun Sep 9 1:44:44 BOT 2012: Busqueda Inteligente: Anderson Gonzaga
Sun Sep 9 1:48:51 BOT 2012: WEB_REPRODUCIR_BUSQUEDA > Se recibieron:8 tonos
Sun Sep 9 2:27:18 BOT 2012: Busqueda Inteligente: resultados >104173
Sun Sep 9 9:21:29 BOT 2012: Ajax->Mostrar Reproducciones:  
Sun Sep 9 9:33:05 BOT 2012: Ajax-> Mostrar Ranking > tono:121504 
Sun Sep 9 9:38:12 BOT 2012: Session Start>  session por defecto 
Sun Sep 9 9:41:19 BOT 2012: Ajax->Mostrar Megusta:  
Sun Sep 9 9:42:10 BOT 2012: Ajax->Mostrar Nombre Artista:  
Sun Sep 9 9:44:56 BOT 2012: Asignar backtone escuchado > Asi termino:105390,105706,104562,127769,127771,129901,105704,102723,105702,104561,129899,103872,105709,102721,102722,105707,
Sun Sep 9 9:46:42 BOT 2012: ASYNC -> STATS> Tiempo respuesta -0.601721 seg.
Sun Sep 9 9:50:09 BOT 2012: Ajax-> Mostrar  Nombre Artista > tono:104787 
Sun Sep 9 9:52:58 BOT 2012: Ajax-> Mostrar Ranking > tono:105262 
Sun Sep 9 10:05:17 BOT 2012: Asignar backtone escuchado > Asi termino:102940,519,103233,516,103083,104379,515,103232,103082,118180,103940,103939,104421,104381,104420,105523,103523,109227,105075,
Sun Sep 9 10:10:51 BOT 2012: Ajax-> Mostrar  Nombre Artista > tono:105547 
Sun Sep 9 10:14:31 BOT 2012: Ajax-> Mostrar  Nombre Genero > tono:105549 
Sun Sep 9 10:14:43 BOT 2012: Ajax->Mostrar Nombre Artista:  
Sun Sep 9 10:17:20 BOT 2012: STATS > BUSQUEDA DE BACKTONE >Tiempo: 0.079019 seg. | registros: 93
Sun Sep 9 10:21:03 BOT 2012: Ajax->Mostrar Nombre Artista:  
Sun Sep 9 10:43:24 BOT 2012: Ajax-> Mostrar Comentarios> tono:104814 
Sun Sep 9 10:47:52 BOT 2012: Ajax->Mostrar Megusta:  
Sun Sep 9 10:55:11 BOT 2012: Ajax-> Mostrar  Nombre Genero > tono:106382 
Sun Sep 9 11:12:24 BOT 2012: Session Start>  Chequeo de sesion
Sun Sep 9 11:12:54 BOT 2012: Ajax->Mostrar Nombre Genero:  
Sun Sep 9 11:13:21 BOT 2012: Ajax->Mostrar Ranking:  
Sun Sep 9 11:16:58 BOT 2012: Ajax-> Mostrar Ranking > tono:105704 
Sun Sep 9 11:24:52 BOT 2012: Ajax->Mostrar Imagen Portada:  
Sun Sep 9 11:32:29 BOT 2012: Ajax->Mostrar Nombre Artista:  
Sun Sep 9 11:40:44 BOT 2012: Check Session > msisdn: 75874765 > Usuario Valido 
Sun Sep 9 11:47:18 BOT 2012: Ajax-> Cerrar session: msisdn:77335991 
Sun Sep 9 11:47:27 BOT 2012: Ajax->Mostrar Nombre Artista:  
Sun Sep 9 11:48:09 BOT 2012: Ajax-> Mostrar  Nombre Genero > tono:104849 
Sun Sep 9 11:49:48 BOT 2012: Mostrar Genero: >G&eacute;nero:  <a href='index.php?seccion=playlist&genero=108'>Cristianas</a>
Sun Sep 9 11:52:31 BOT 2012: Ajax->Mostrar Reproducciones:  
Sun Sep 9 11:56:08 BOT 2012: Ajax->Mostrar Nombre Genero:  
Sun Sep 9 12:04:22 BOT 2012: Asignar backtone escuchado > Asi termino:7,106382,141918,125514,
Sun Sep 9 12:04:40 BOT 2012: Ajax->Mostrar Comentarios:  
Sun Sep 9 12:05:13 BOT 2012: Ajax-> Mostrar Comentarios> tono:104514 
Sun Sep 9 12:06:23 BOT 2012: ASYNC -> STATS> Tiempo respuesta -0.878641 seg.
Sun Sep 9 12:22:54 BOT 2012: Ajax-> Mostrar Megusta> tono:116502 
Sun Sep 9 12:26:46 BOT 2012: Ajax-> Mostrar  Imagen Portada> tono:104294 
Sun Sep 9 12:27:31 BOT 2012: Ajax->Mostrar Ranking:  
Sun Sep 9 12:28:23 BOT 2012: ASYNC -> STATS> Tiempo respuesta 0.00284 seg.
Sun Sep 9 12:28:26 BOT 2012: Ajax->Mostrar Comentarios:  
Sun Sep 9 12:30:14 BOT 2012: ASYNC -> STATS> Tiempo respuesta 0.004081 seg.
Sun Sep 9 12:32:21 BOT 2012: ASYNC -> STATS> Tiempo respuesta -0.34423 seg.
Sun Sep 9 12:34:42 BOT 2012: Ajax-> Mostrar  Imagen Portada> tono:103274 
Sun Sep 9 12:35:42 BOT 2012: Ajax-> Mostrar Comentarios> tono:135200 
Sun Sep 9 12:35:48 BOT 2012: Ajax-> Mostrar  Imagen Portada> tono:103432 
Sun Sep 9 12:40:35 BOT 2012: Ajax->Mostrar Nombre Genero:  
Sun Sep 9 12:40:53 BOT 2012: Busqueda Inteligente: 
Sun Sep 9 12:41:35 BOT 2012: Ajax-> Mostrar  Genero > G&eacute;nero:  <a href='index.php?seccion=playlist&genero=112'>Electronicas</a>
Sun Sep 9 12:44:18 BOT 2012: Ajax->Mostrar Ranking:  
Sun Sep 9 12:44:45 BOT 2012: Ajax->Mostrar Imagen Portada:  
Sun Sep 9 12:45:06 BOT 2012: Ajax->Mostrar Comentarios:  
Sun Sep 9 12:45:12 BOT 2012: ASYNC -> STATS> Tiempo respuesta -0.693134 seg.
Sun Sep 9 12:45:15 BOT 2012: Asignar backtone escuchado > Asi termino:131730,123530,123525,131042,123518,123531,123519,131049,131035,131036,
Sun Sep 9 12:48:18 BOT 2012: ASYNC -> STATS> Tiempo respuesta 0.0041639999999999 seg.
Sun Sep 9 12:48:58 BOT 2012: ASYNC -> STATS> Tiempo respuesta 0.003191 seg.
Sun Sep 9 12:50:10 BOT 2012: Ajax->Mostrar Imagen Portada:  
Sun Sep 9 12:50:49 BOT 2012: Asignar backtone escuchado > Asi termino:104745,176,104941,103618,103616,103615,103617,122538,104787,102639,102560,149,155178,103303,104846,110214,323,155198,133415,
Sun Sep 9 12:51:40 BOT 2012: Ajax-> Mostrar  Imagen Portada> tono:102723 
Sun Sep 9 12:53:17 BOT 2012: Ajax-> Mostrar  Imagen Portada> Album:albumes/album-default.jpg
Sun Sep 9 12:53:20 BOT 2012: Busqueda Inteligente: goni
Sun Sep 9 12:55:57 BOT 2012: ASYNC -> STATS> Tiempo respuesta 0.003349 seg.
Sun Sep 9 13:02:28 BOT 2012: Asignar backtone escuchado > Asi termino:155820,
Sun Sep 9 13:03:58 BOT 2012: Ajax-> Mostrar  Imagen Portada> tono:131636 
Sun Sep 9 13:04:46 BOT 2012: Asignar backtone escuchado > Asi termino:135155,131625,131636,133440,131618,129886,129884,131616,102622,113604,102812,118725,118724,144149,628,104174,142225,146588,155362,155366,
Sun Sep 9 13:05:19 BOT 2012: Ajax->Mostrar Imagen Portada:  
Sun Sep 9 13:08:14 BOT 2012: Ajax->Mostrar Reproducciones:  
Sun Sep 9 13:09:17 BOT 2012: Ajax-> Mostrar  Nombre Artista > tono:155426 
Sun Sep 9 13:11:57 BOT 2012: Ajax-> Mostrar Ranking > tono:103616 
Sun Sep 9 13:12:48 BOT 2012: ASYNC -> STATS> Tiempo respuesta 0.816112 seg.
Sun Sep 9 13:14:04 BOT 2012: ASYNC -> STATS> Tiempo respuesta 0.0045 seg.
Sun Sep 9 13:15:16 BOT 2012: Ajax-> Mostrar  Nombre Genero > tono:118747 
Sun Sep 9 13:15:19 BOT 2012: Check Session > msisdn: 76242773 > Usuario Valido 
Sun Sep 9 13:15:55 BOT 2012: Session Start>  Chequeo de sesion
Sun Sep 9 13:18:02 BOT 2012: Ajax->Mostrar Reproducciones:  
Sun Sep 9 13:21:21 BOT 2012: Mostrar Ranking: tono:118727 calificacion: 3
Sun Sep 9 13:21:52 BOT 2012: Consulta de precio de reason:5 - msisdn:77021339 tono:131616 Async responde:350
 
Sun Sep 9 13:37:22 BOT 2012: Ajax->Mostrar Comentarios:  
Sun Sep 9 13:37:34 BOT 2012: Session Start>  session por defecto 
Sun Sep 9 13:42:33 BOT 2012: Ajax->Mostrar Nombre Genero:  
Sun Sep 9 13:58:23 BOT 2012: Ajax-> Mostrar Comentarios> tono:509 
Sun Sep 9 14:04:00 BOT 2012: Ajax->Mostrar Reproducciones:  
Sun Sep 9 14:05:04 BOT 2012: Ajax-> Mostrar Comentarios> tono:103086 
Sun Sep 9 14:05:46 BOT 2012: Ajax->Mostrar Reproducciones:  
Sun Sep 9 14:07:49 BOT 2012: Ajax-> Mostrar Megusta> tono:105390 
Sun Sep 9 14:08:25 BOT 2012: Ajax->Mostrar Ranking:  
Sun Sep 9 14:08:32 BOT 2012: ASYNC -> STATS> Tiempo respuesta -0.50526 seg.
Sun Sep 9 14:08:32 BOT 2012: Ajax-> Mostrar Comentarios> tono:448 
Sun Sep 9 14:08:35 BOT 2012: Asignar backtone escuchado > Asi termino:448,127771,102650,102693,103342,104393,240,103343,104278,246,449,127423,104279,103729,105764,103134,103275,105235,103132,
Sun Sep 9 14:08:57 BOT 2012: Busqueda Inteligente: resultados >108596
Sun Sep 9 14:09:26 BOT 2012: STATS > BUSQUEDA DE BACKTONE >Tiempo: 0.09656 seg. | registros: 114
Sun Sep 9 14:11:14 BOT 2012: Mostrar Album: >Artista:  <a href='index.php?seccion=playlist&autor=1309'>Far East Movement</a>
Sun Sep 9 14:11:26 BOT 2012: Ajax-> Comprar Backtone: msisdn: 
Sun Sep 9 14:16:58 BOT 2012: Ajax->Actualizar pin usuario >recibe el msisdn:77926887 
Sun Sep 9 14:23:35 BOT 2012: Ajax-> Mostrar Ranking > tono:105390 
Sun Sep 9 14:24:42 BOT 2012: Ajax-> Mostrar Megusta> tono:155378 
Sun Sep 9 14:31:28 BOT 2012: Ajax-> Mostrar Megusta> tono:105390 
Sun Sep 9 14:33:14 BOT 2012: Ajax->Mostrar Ranking:  
Sun Sep 9 14:35:02 BOT 2012: ASYNC -> STATS> Tiempo respuesta 0.003652 seg.
Sun Sep 9 14:36:08 BOT 2012: Session Start>  session por defecto 
Sun Sep 9 14:42:08 BOT 2012: Mostrar Cantidad reproducciones: tono:146572 cantidad: 0
Sun Sep 9 14:44:23 BOT 2012: Ajax->Mostrar Ranking:  
Sun Sep 9 14:45:02 BOT 2012: ASYNC -> STATS> Tiempo respuesta 0.365933 seg.
Sun Sep 9 14:45:08 BOT 2012: Ajax-> Mostrar Comentarios> tono:140836 
Sun Sep 9 14:45:08 BOT 2012: Ajax-> Mostrar Ranking > tono:103589 
Sun Sep 9 14:45:26 BOT 2012: Ajax-> Mostrar Ranking > tono:150232 
Sun Sep 9 14:46:12 BOT 2012: Ajax->Mostrar Nombre Artista:  
Sun Sep 9 14:48:42 BOT 2012: Ajax-> Mostrar Ranking > tono:144149 
Sun Sep 9 14:56:02 BOT 2012: Mostrar Cantidad reproducciones: tono:112464 cantidad: 0
Sun Sep 9 14:57:14 BOT 2012: Busqueda Inteligente: ser recibieron 53 resultados
Sun Sep 9 14:59:18 BOT 2012: Ajax-> Mostrar Comentarios> tono:105702 
Sun Sep 9 15:04:04 BOT 2012: Ajax-> Mostrar Comentarios> tono:152504 
Sun Sep 9 15:05:31 BOT 2012: Mostrar Megusta> tono: 149592 msisdn: > a otros 4  les gusta 
Sun Sep 9 15:06:01 BOT 2012: Ajax-> Mostrar  Imagen Portada> tono:129924 
Sun Sep 9 15:07:56 BOT 2012: ASYNC -> STATS> Tiempo respuesta 0.174878 seg.
Sun Sep 9 15:07:56 BOT 2012: Consulta de precio de reason:2 - msisdn:76365616 tono:103967 Async responde:350
 
Sun Sep 9 15:10:08 BOT 2012: Ajax-> Mostrar Comentarios> tono:103144 
Sun Sep 9 15:13:42 BOT 2012: Ajax-> Mostrar Comentarios> tono:509 
Sun Sep 9 15:15:28 BOT 2012: ASYNC -> STATS> Tiempo respuesta -0.636282 seg.
Sun Sep 9 15:15:46 BOT 2012: Asignar backtone escuchado > Asi termino:128953,109624,109623,109438,109380,109605,109604,127855,127787,144149,105276,104171,130053,102693,103342,109240,104393,240,103275,102638,
Sun Sep 9 15:15:58 BOT 2012: Ajax->Mostrar Nombre Artista:  
Sun Sep 9 15:16:25 BOT 2012: Ajax->Mostrar Ranking:  
Sun Sep 9 16:06:43 BOT 2012: Busqueda Inteligente: resultados >126096
Sun Sep 9 16:08:34 BOT 2012: Ajax-> Mostrar  Imagen Portada> tono:116504 
Sun Sep 9 16:10:05 BOT 2012: Ajax->Mostrar Reproducciones:  
Sun Sep 9 16:17:33 BOT 2012: Ajax-> Mostrar Ranking > tono:59 
Sun Sep 9 16:27:14 BOT 2012: Ajax-> Mostrar Ranking > tono:116501 
Sun Sep 9 16:27:29 BOT 2012: Session Start>  session por defecto 
Sun Sep 9 16:29:12 BOT 2012: Ajax-> Mostrar Ranking > tono:129927 
Sun Sep 9 16:32:30 BOT 2012: Ajax->Mostrar Nombre Genero:  
Sun Sep 9 16:34:01 BOT 2012: Ajax->Mostrar Megusta:  
Sun Sep 9 16:38:23 BOT 2012: Ajax->Mostrar Reproducciones:  
Sun Sep 9 16:39:02 BOT 2012: Session Start>  session por defecto 
Sun Sep 9 16:44:06 BOT 2012: ASYNC -> STATS> Tiempo respuesta 0.00391 seg.
Sun Sep 9 16:45:04 BOT 2012: Ajax->Mostrar Comentarios:  
Sun Sep 9 16:51:50 BOT 2012: Busqueda Inteligente: resultados >104796
Sun Sep 9 17:01:08 BOT 2012: Ajax-> Mostrar  Nombre Genero > tono:103458 
Sun Sep 9 17:04:33 BOT 2012: Ajax-> Mostrar Ranking > tono:127400 
Sun Sep 9 17:04:42 BOT 2012: Ajax->Mostrar Megusta:  
Sun Sep 9 17:12:56 BOT 2012: ASYNC -> STATS> Tiempo respuesta 0.289186 seg.
Sun Sep 9 17:12:56 BOT 2012: Consulta de precio de reason:3 - msisdn: tono:104958 Async responde:350
 
Sun Sep 9 17:16:48 BOT 2012: Busqueda Inteligente: resultados >127298
Sun Sep 9 17:17:30 BOT 2012: Ajax->Mostrar Imagen Portada:  
Sun Sep 9 17:19:09 BOT 2012: Asignar backtone escuchado > Asi termino:127894,
Sun Sep 9 17:21:01 BOT 2012: ASYNC -> STATS> Tiempo respuesta 0.038347 seg.
Sun Sep 9 17:24:35 BOT 2012: STATS > BUSQUEDA DE BACKTONE >Tiempo: -0.520341 seg. | registros: 27
Sun Sep 9 17:25:29 BOT 2012: Ajax->Mostrar Reproducciones:  
Sun Sep 9 17:30:30 BOT 2012: WEB REPROD BUSQ > Facebook link: http%3A%2F%2Fbacktones.tigo.com.bo%2Fv3%2Findex.php%3Fseccion%3Dplaylist%26autor%3D743%26f%3D1%26t%3D1231233
Sun Sep 9 17:38:44 BOT 2012: Ajax-> Mostrar Ranking > tono:105543 
Sun Sep 9 17:40:15 BOT 2012: Ajax-> Mostrar  Nombre Genero > tono:105231 
Sun Sep 9 17:42:51 BOT 2012: ASYNC -> STATS> Tiempo respuesta 0.005057 seg.
Sun Sep 9 17:42:54 BOT 2012: Ajax->Mostrar Imagen Portada:  
Sun Sep 9 17:46:49 BOT 2012: Ajax->Mostrar Megusta:  
Sun Sep 9 17:52:03 BOT 2012: Ajax->Mostrar Nombre Artista:  
Sun Sep 9 17:52:39 BOT 2012: Ajax-> Mostrar  Imagen Portada> Album:albumes/album-default.jpg
Sun Sep 9 18:10:58 BOT 2012: Asignar backtone escuchado > Asi termino:102651,104639,145205,103051,104493,214,103581,102812,103580,105999,150074,154234,122645,142119,132455,104905,102537,155258,104307,132466,
Sun Sep 9 18:14:32 BOT 2012: Ajax-> Mostrar Comentarios> tono:104957 
Sun Sep 9 18:28:09 BOT 2012: Ajax-> Mostrar Ranking > tono:104171 
Sun Sep 9 18:30:33 BOT 2012: Mostrar Ranking: tono:102953 calificacion: 
Sun Sep 9 18:30:36 BOT 2012: Ajax-> Mostrar Ranking > tono:122655 
Sun Sep 9 18:33:42 BOT 2012: Ajax->Mostrar Megusta:  
Sun Sep 9 18:35:19 BOT 2012: Ajax->Mostrar Megusta:  
Sun Sep 9 18:38:35 BOT 2012: Ajax-> Mostrar  Nombre Artista > tono:133414 
Sun Sep 9 18:41:03 BOT 2012: Busqueda Inteligente: Resultado 
 103845;La incondicional;Version Opratel;Latinas
130981;La Incondicional NS;Noel Schajris;Latinas
 
Sun Sep 9 18:41:27 BOT 2012: DB_ELIMINAR_BACKTONES > Msisdn:76227117 tono :561 -> quedo asi:153382:1:0:0:1|122285:1:0:0:1|
Sun Sep 9 18:43:42 BOT 2012: ASYNC -> STATS> Tiempo respuesta 0.003055 seg.
Sun Sep 9 18:46:52 BOT 2012: Ajax->Mostrar Imagen Portada:  
Sun Sep 9 18:48:04 BOT 2012: Ajax->Mostrar Reproducciones:  
Sun Sep 9 18:49:11 BOT 2012: Ajax-> Mostrar Megusta> tono:129936 
Sun Sep 9 18:51:20 BOT 2012: Ajax->Mostrar Megusta:  
Sun Sep 9 18:56:34 BOT 2012: Ajax->Mostrar Comentarios:  
Sun Sep 9 18:59:59 BOT 2012: Ajax->Mostrar Comentarios:  
Sun Sep 9 19:04:03 BOT 2012: Ajax->Mostrar Reproducciones:  
Sun Sep 9 19:20:18 BOT 2012: Ajax-> Mostrar  Imagen Portada> tono:103189 
Sun Sep 9 19:20:48 BOT 2012: Asignar backtone escuchado > Asi termino:105231,104466,104471,104465,118180,103940,103939,155818,
Sun Sep 9 19:20:51 BOT 2012: ASYNC -> STATS> Tiempo respuesta 0.04742 seg.
Sun Sep 9 19:22:15 BOT 2012: Ajax->Mostrar Ranking:  
Sun Sep 9 19:23:03 BOT 2012: Busqueda Inteligente: resultados >104942
Sun Sep 9 19:23:34 BOT 2012: Ajax->Mostrar Comentarios:  
Sun Sep 9 19:29:32 BOT 2012: Ajax-> Mostrar Megusta> tono:113602 
Sun Sep 9 19:36:37 BOT 2012: Ajax->Mostrar Nombre Genero:  
Sun Sep 9 19:50:37 BOT 2012: Ajax-> Mostrar Ranking > tono:104941 
Sun Sep 9 19:55:26 BOT 2012: Ajax-> Mostrar Ranking > tono:154234 
Sun Sep 9 19:55:38 BOT 2012: Busqueda Inteligente: resultados >105420
Sun Sep 9 20:02:22 BOT 2012: Ajax->Mostrar Nombre Genero:  
Sun Sep 9 20:02:43 BOT 2012: Ajax->Mostrar Reproducciones:  
Sun Sep 9 20:04:56 BOT 2012: Ajax->Mostrar Reproducciones:  
Sun Sep 9 20:07:11 BOT 2012: Busqueda Inteligente: resultados >110154
Sun Sep 9 20:07:47 BOT 2012: Ajax-> Mostrar Ranking > tono:104815 
Sun Sep 9 20:09:09 BOT 2012: Ajax->Mostrar Megusta:  
Sun Sep 9 20:13:52 BOT 2012: Ajax->Mostrar Comentarios:  
Sun Sep 9 20:14:37 BOT 2012: Ajax->Actualizar pin usuario >recibe el msisdn:78339824 
Sun Sep 9 20:17:05 BOT 2012: Session Start>  Chequeo de sesion
Sun Sep 9 20:30:20 BOT 2012: Ajax-> Mostrar Ranking > tono:103041 
Sun Sep 9 20:33:03 BOT 2012: Busqueda Inteligente: Resultado 
 105057;Homero y la corte de los milagros;Version Opratel;Sonidos
109260;las verduleras;Los Mismos;Promoción Te Matamos de Risa
104488;Los demas;Version Opratel;Latinas
103597;AlMayorDeLos;Vicente Fernandez;Vicente Fernandez
102811;Amigos con derecho;Los Brons;Latinas
104612;Amor De Los Dos En Vivo;Vicente Fernandez;Vicente Fernandez
125514;Baile de los Pobres;Calle13;Reggaeton
109261;borrachos2;Los Mismos;Promoción Te Matamos de Risa
105423;Contrabando De Amor;Los fabulosos cadillacs;Latinas
126994;Contrabando y Traicion;Los Tigres del Norte;Rancheras
132452;Dale entrega la flor Feat Los Gedes;Damas gratis;Cumbia
127001;De Paisano a Paisano;Los Tigres del Norte;Rancheras
103965;Demasiada Presion;Los fabulosos cadillacs;Latinas
102813;Desnudos;Los Internacionales;Latinas
272;Destroyers;Los cambitas;A todo futbol con Tigo
103191;deudas;los Bunkers;Latinas
144802;Diablos locos;Tigo;Carnaval de Oruro
126681;Directo al Corazon;Los Tigres del Norte;Rancheras
103762;E ACORDARAS DE MI;Los angeles de charlie;Latinas
131646;El arbol de mi destino;Los Kjarkas;Folklore
132464;El Cartel de los Sapos Opratel;El Cartel de los Sapos Opratel;Rancheras
126167;El Dia De Los Muertos feat Jorge y Otro;A.B. Quintanilla;Cumbia
126683;El golpe traidor;Los Tigres del Norte;Rancheras
104430;El Hijo Del Pueblo;Los Tigres del Norte;Rancheras
130815;El liston de tu pelo;Los Angeles Azules Opratel;Mi Promo ConTigo
124960;El mejor de todos los tiempos;Daddy Yankee;Reggaeton
109262;el paco y la vieja2;Los Mismos;Promoción Te Matamos de Risa
102806;El sheriff de Chocolate;Los Brons;Latinas
104435;El virus del amor live;los tucanes;Rancheras
103979;EN LOS BRAZOS DE EL;Banda XXI;Salsa y Merengue
102956;enamorado de ti;Los Temerarios;Latinas
103607;EstosCelos;Vicente Fernandez;Vicente Fernandez
109264;ganadero original;Los Mismos;Promoción Te Matamos de Risa
127003;Gaviota;Los Tigres del Norte;Rancheras
103048;Gol de Blooming 1 a Real Mamore 1;Carlos Saucedo;Blooming
103049;Gol de Blooming 2 a Real Mamore 1;Carlos Saucedo;Blooming
103370;Gol de Carlos Saucedo Blooming 2 a La Paz Futbol Club 0;Carlos Saucedo;Blooming
103621;Gol de Carlos Saucedo Blooming 2 a Oriente 1;Radio Noticia la Red;Blooming
103519;Gol de Saucedo Blooming 1 a Oriente 2;Carlos Saucedo;A todo futbol con Tigo
136229;Chinese Democracy;Guns N Roses;Rock
128297;Golpes En El Corazon MTV;Los Tigres del Norte;Latinas
126679;La Camioneta Gris;Los Tigres del Norte;Rancheras
267;La cumbia de los aburridos;Banda reggaeton;Reggaeton
104901;La Granja;Los Tigres del Norte;Rancheras
136050;La Jaula De Oro MTV Unplugged;Los Tigres del Norte;Rancheras
104259;La Luz Del Ritmo;Los fabulosos cadillacs;Latinas
92;La parte de adelante;Los fabulosos cadillacs;Latinas
540;LaCumbiadelosAburridos;Calle13;Reggaeton
103266;LaParteDeAdelante;Los fabulosos cadillacs;Latinas
109259;las cholas;Los Mismos;Promoción Te Matamos de Risa
103986;LOQUITO POR TI;LOS GEDES;Latinas
151044;Los hijos del buri coro;Los Salmones;Rock
151052;Los hijos del buri intro;Los Salmones;Rock
119859;Los muchachos de hoy ;Luis Miguel;Latinas
269;Los simpson la pelicula;Gran orquesta de Hollywood;Sonidos
103585;LosDeAtrasVienen;Calle13;Reggaeton
102666;luz de luna;Los Temerarios;Latinas
151050;Me pase de la raya;Los Salmones;Rock
151054;Me pase de la raya intro;Los Salmones;Rock
129248;Mi Buenos Aires Querido;Carlos Gardel;Latinas
126999;Mi Fantasia;Los Tigres del Norte;Rancheras
102668;Nadie se muere de amor;Los Temerarios;Latinas
103931;No Mas;Los de Adentro;Rock
104580;No Te Enamores Nunca De Aquel Marinero Bengali;Los Abuelos De La Nada;Latinas
103932;Nubes Negras;Los de Adentro;Rock
109265;paro civico2;Los Mismos;Promoción Te Matamos de Risa
123516;Pasillos de avion;Pablo Fernandez;Pablo Fernandez
107582;que de raro tiene;Los Temerarios;Latinas
105096; Como pude amarla;Covertone;Latinas
104447;-ATENDE SUPERESTRELLA;Version Opratel;Sonidos
107763;-Cata sabe de tu conversacion-MTV ISA TKM;MTV;MTV
103479;2EntraEnMiVidaAlbumVersion;Sin Bandera;Latinas
103470;2RosasAlbumVersion;la oreja de van gogh;Latinas
103821;A decir que si;Version Opratel;Latinas
103822;A ver si pueden;Version Opratel;Latinas
103823;Agarrense de las manos;Version Opratel;Latinas
104921;Agente 86 y el dueno de casa;Version Opratel;Sonidos
104926;Agente 86 y los enanos;Version Opratel;Sonidos
131635;Aguita de Remanso 
Sun Sep 9 20:33:18 BOT 2012: Ajax->Mostrar Nombre Artista:  
Sun Sep 9 20:36:04 BOT 2012: Busqueda Inteligente: ser recibieron 1 resultados
Sun Sep 9 20:40:02 BOT 2012: Ajax->Mostrar Comentarios:  
Sun Sep 9 20:40:08 BOT 2012: Ajax-> Mostrar Ranking > tono:155204 
Sun Sep 9 20:40:59 BOT 2012: Asignar backtone escuchado > Asi termino:107788,107763,132096,103712,141881,103685,104528,104510,104508,131812,152126,155380,155372,103451,103430,116858,104356,109402,105653,103928,
Sun Sep 9 20:41:29 BOT 2012: Ajax-> Mostrar  Imagen Portada> tono:137279 
Sun Sep 9 20:47:07 BOT 2012: Ajax->Mostrar Reproducciones:  
Sun Sep 9 20:47:19 BOT 2012: Ajax-> Comprar Backtone: msisdn: 
Sun Sep 9 20:47:58 BOT 2012: Ajax->Mostrar Nombre Artista:  
Sun Sep 9 20:48:07 BOT 2012: Ajax->Mostrar Reproducciones:  
Sun Sep 9 20:48:25 BOT 2012: Consulta de precio de reason:3 - msisdn: tono:105289 Async responde:350
 
Sun Sep 9 20:51:26 BOT 2012: Mostrar Album: >albumes/CON MANOS VACIAS.jpg
Sun Sep 9 20:54:39 BOT 2012: Ajax->Mostrar Imagen Portada:  
Sun Sep 9 20:55:27 BOT 2012: Ajax-> Mostrar Ranking > tono:104147 
Sun Sep 9 20:55:48 BOT 2012: Ajax->Mostrar Ranking:  
Sun Sep 9 20:56:27 BOT 2012: Ajax-> Mostrar Megusta> tono:472 
Sun Sep 9 20:56:42 BOT 2012: Ajax->Mostrar Ranking:  
Sun Sep 9 20:56:42 BOT 2012: Ajax-> Mostrar Megusta> tono:104781 
Sun Sep 9 20:56:45 BOT 2012: Ajax-> Mostrar Ranking > tono:110209 
Sun Sep 9 21:02:00 BOT 2012: Ajax->Mostrar Reproducciones:  
Sun Sep 9 21:04:52 BOT 2012: Ajax->Mostrar Megusta:  
Sun Sep 9 21:05:34 BOT 2012: Ajax->Mostrar Megusta:  
Sun Sep 9 21:06:52 BOT 2012: Ajax->Mostrar Megusta:  
Sun Sep 9 21:10:53 BOT 2012: Ajax->Mostrar Imagen Portada:  
Sun Sep 9 21:13:24 BOT 2012: ASYNC -> STATS> Tiempo respuesta 0.003721 seg.
Sun Sep 9 21:14:21 BOT 2012: Ajax-> Mostrar Comentarios> tono:123242 
Sun Sep 9 21:14:45 BOT 2012: Ajax->Mostrar Reproducciones:  
Sun Sep 9 21:15:57 BOT 2012: Ajax->Mostrar Ranking:  
Sun Sep 9 21:16:00 BOT 2012: Busqueda Inteligente: resultados >149822
Sun Sep 9 21:16:37 BOT 2012: Ajax-> Mostrar Ranking > tono:105289 
Sun Sep 9 21:19:07 BOT 2012: Ajax->Mostrar Megusta:  
Sun Sep 9 21:20:35 BOT 2012: Mostrar Ranking: tono:130804 calificacion: 
Sun Sep 9 21:20:53 BOT 2012: Ajax-> Mostrar Megusta> tono:150144 
Sun Sep 9 21:22:14 BOT 2012: ASYNC -> STATS> Tiempo respuesta 0.0024029999999999 seg.
Sun Sep 9 21:22:17 BOT 2012: ASYNC -> STATS> Tiempo respuesta 0.00038899999999997 seg.
Sun Sep 9 21:22:17 BOT 2012: Ajax->Mostrar Nombre Artista:  
Sun Sep 9 21:22:20 BOT 2012: Ajax->Mostrar Ranking:  
Sun Sep 9 21:22:20 BOT 2012: Ajax->Mostrar Comentarios:  
Sun Sep 9 21:22:23 BOT 2012: Ajax->Mostrar Ranking:  
Sun Sep 9 21:26:00 BOT 2012: Mostrar Album: >Artista:  <a href='index.php?seccion=playlist&autor=1278'>Alianza Nueva</a>
Sun Sep 9 21:27:15 BOT 2012: Ajax-> Mostrar Comentarios> tono:139727 
Sun Sep 9 21:27:54 BOT 2012: Ajax->Mostrar Comentarios:  
Sun Sep 9 21:28:31 BOT 2012: Ajax->Mostrar Imagen Portada:  
Sun Sep 9 21:29:52 BOT 2012: Ajax->Mostrar Reproducciones:  
Sun Sep 9 21:33:26 BOT 2012: Ajax-> Mostrar  Imagen Portada> Album:albumes/album-default.jpg
Sun Sep 9 21:33:35 BOT 2012: Ajax->Mostrar Imagen Portada:  
Sun Sep 9 21:34:02 BOT 2012: Ajax-> Mostrar Ranking > tono:155360 
Sun Sep 9 21:35:20 BOT 2012: WEB REPROD BUSQ > Facebook link: http%3A%2F%2Fbacktones.tigo.com.bo%2Fv3%2Findex.php%3Fseccion%3Dplaylist%26search%3Dricky+martin+tales%26f%3D1%26t%3D123213
Sun Sep 9 21:39:40 BOT 2012: Ajax-> Mostrar Ranking > tono:104811 
Sun Sep 9 21:39:49 BOT 2012: ASYNC -> STATS> Tiempo respuesta 0.003175 seg.
Sun Sep 9 21:41:34 BOT 2012: ASYNC -> STATS> Tiempo respuesta 0.003053 seg.
Sun Sep 9 21:46:20 BOT 2012: Ajax-> Mostrar Ranking > tono:155382 
Sun Sep 9 21:46:53 BOT 2012: STATS > BUSQUEDA DE BACKTONE >Tiempo: -0.192564 seg. | registros: 48
Sun Sep 9 21:55:20 BOT 2012: STATS > BUSQUEDA DE BACKTONE >Tiempo: 0.047093 seg. | registros: 114
Sun Sep 9 22:00:03 BOT 2012: WEB_REPRODUCIR_BUSQUEDA > Se recibieron:14 tonos
Sun Sep 9 22:01:33 BOT 2012: Ajax->Mostrar Nombre Artista:  
Sun Sep 9 22:04:51 BOT 2012: Ajax->Mostrar Nombre Genero:  
Sun Sep 9 22:06:15 BOT 2012: Ajax->Mostrar Reproducciones:  
Sun Sep 9 22:07:46 BOT 2012: Consulta de precio de reason:2 - msisdn: tono:105841 Async responde:350
 
Sun Sep 9 22:08:34 BOT 2012: Mostrar Megusta > tono: 150074 msisdn:77350319 > cantidad de registros: 0
Sun Sep 9 22:09:41 BOT 2012: Ajax-> Mostrar  Nombre Genero > tono:152126 
Sun Sep 9 22:11:11 BOT 2012: Ajax->Mostrar Nombre Artista:  
Sun Sep 9 22:17:34 BOT 2012: Consulta de precio de reason:2 - msisdn:77350319 tono:105096 Async responde:350
 
Sun Sep 9 22:17:34 BOT 2012: ASYNC -> STATS> Tiempo respuesta -0.55802 seg.
Sun Sep 9 22:17:34 BOT 2012: Asignar backtone escuchado > Asi termino:211,120952,102521,298,105236,103274,163,103277,103132,105760,105758,105006,105000,104998,296,297,131803,289,294,133833,
Sun Sep 9 22:18:52 BOT 2012: Ajax->Mostrar Megusta:  
Sun Sep 9 22:23:59 BOT 2012: Ajax-> Mostrar  Imagen Portada> tono:121503 
Sun Sep 9 22:25:48 BOT 2012: MTD_DB_BUSCAR_ARTISTAS > retornando registros:16
Sun Sep 9 22:29:40 BOT 2012: ASYNC -> STATS> Tiempo respuesta -0.180226 seg.
Sun Sep 9 22:30:43 BOT 2012: Mostrar Ranking: tono:106237 calificacion: 
Sun Sep 9 22:31:01 BOT 2012: ASYNC -> STATS> Tiempo respuesta 0.003121 seg.
Sun Sep 9 22:32:31 BOT 2012: Ajax->Actualizar pin usuario
Sun Sep 9 22:34:50 BOT 2012: ASYNC -> STATS> Tiempo respuesta 0.303686 seg.
Sun Sep 9 22:34:50 BOT 2012: Ajax->Mostrar Reproducciones:  
Sun Sep 9 22:34:50 BOT 2012: Ajax->Mostrar Ranking:  
Sun Sep 9 22:35:32 BOT 2012: Ajax->Mostrar Megusta:  
Sun Sep 9 22:37:18 BOT 2012: ASYNC -> STATS> Tiempo respuesta 0.002556 seg.
Sun Sep 9 22:37:36 BOT 2012: Ajax->Mostrar Nombre Artista:  
Sun Sep 9 22:42:43 BOT 2012: Mostrar Megusta> tono: 4 msisdn: > a otros 1  les gusta 
Sun Sep 9 22:44:04 BOT 2012: Mostrar Album: >albumes/album-default.jpg
Sun Sep 9 22:45:29 BOT 2012: Busqueda Inteligente: resultados >104040
Sun Sep 9 22:45:38 BOT 2012: Ajax-> Mostrar  Nombre Artista > tono:106305 
Sun Sep 9 22:45:41 BOT 2012: Ajax->Mostrar Nombre Genero:  
Sun Sep 9 22:45:41 BOT 2012: Asignar backtone escuchado > Asi termino:102675,102890,116505,116502,104029,103238,104026,116506,104670,205,112702,103086,163,103991,103466,103469,102630,104685,103791,102971,
Sun Sep 9 22:45:47 BOT 2012: ASYNC -> STATS> Tiempo respuesta -0.041272 seg.
Sun Sep 9 22:45:47 BOT 2012: ASYNC -> STATS> Tiempo respuesta -0.398508 seg.
Sun Sep 9 22:53:19 BOT 2012: WEB_REPRODUCIR_BUSQUEDA > Se recibieron:109 tonos
Sun Sep 9 22:54:13 BOT 2012: Ajax-> Mostrar Megusta> tono:105242 
Sun Sep 9 22:54:13 BOT 2012: Session Start>  session por defecto 
Sun Sep 9 22:54:43 BOT 2012: Ajax-> Mostrar Ranking > tono:127855 
Sun Sep 9 22:55:07 BOT 2012: Ajax-> Mostrar Comentarios> tono:113047 
Sun Sep 9 23:20:53 BOT 2012: Busqueda Inteligente: resultados >509
Sun Sep 9 23:27:15 BOT 2012: Asignar backtone escuchado > Asi termino:105550,105546,105262,151286,
Sun Sep 9 23:38:00 BOT 2012: Mostrar Album: >Artista:  <a href='index.php?seccion=playlist&autor=1142'>Cover Lady GaGa</a>
Sun Sep 9 23:44:34 BOT 2012: WEB_REPRODUCIR_BUSQUEDA > Se recibieron:1 tonos
Sun Sep 9 23:45:01 BOT 2012: Ajax-> Mostrar Megusta> tono:118180 
Sun Sep 9 23:50:02 BOT 2012: Ajax-> Mostrar  Imagen Portada> tono:123541 
Sun Sep 9 23:53:42 BOT 2012: ASYNC -> STATS> Tiempo respuesta 0.006758 seg.
Sun Sep 9 23:55:07 BOT 2012: Ajax->Mostrar Imagen Portada:  
Sun Sep 9 23:59:17 BOT 2012: Mostrar Cantidad reproducciones: tono:131048 cantidad: 0
Sun Sep 9 23:59:56 BOT 2012: Ajax-> Mostrar Ranking > tono:135045 
