Sun Nov 4 0:07:52 BOT 2012: session-default => asignando por default session
Sun Nov 4 0:28:34 BOT 2012: Ajax->Mostrar Ranking:  
Sun Nov 4 0:28:37 BOT 2012: Ajax->Mostrar Nombre Artista:  
Sun Nov 4 0:32:14 BOT 2012: Session Start>  session por defecto 
Sun Nov 4 0:33:05 BOT 2012: Ajax-> Mostrar  Imagen Portada> tono:131616 
Sun Nov 4 0:52:50 BOT 2012: Ajax->Mostrar Comentarios:  
Sun Nov 4 0:53:23 BOT 2012: Ajax-> Mostrar  Nombre Artista > tono:150228 
Sun Nov 4 1:03:43 BOT 2012: ASYNC -> STATS> Tiempo respuesta 0.003341 seg.
Sun Nov 4 1:23:34 BOT 2012: Session Start>  session por defecto 
Sun Nov 4 1:24:53 BOT 2012: Ajax-> Mostrar  Imagen Portada> tono:290 
Sun Nov 4 1:32:00 BOT 2012: Busqueda Inteligente: resultados >519
Sun Nov 4 1:39:04 BOT 2012: Session Start>  session por defecto 
Sun Nov 4 1:43:26 BOT 2012: Ajax-> Mostrar Ranking > tono:593 
Sun Nov 4 1:49:24 BOT 2012: Ajax->Mostrar Ranking:  
Sun Nov 4 2:02:23 BOT 2012: Error al consultar precio de renovacion - msisdn: tono:150304 - Async responde -3
Sun Nov 4 2:08:21 BOT 2012: Asignar backtone escuchado > Asi termino:105368,105371,105370,110210,127441,127463,150260,150292,134660,134015,134023,150304,155510,509,109322,104278,109317,246,449,135727,
Sun Nov 4 2:15:28 BOT 2012: Ajax->Mostrar Ranking:  
Sun Nov 4 2:17:32 BOT 2012: Ajax-> Mostrar  Nombre Genero > tono:105652 
Sun Nov 4 2:19:35 BOT 2012: Asignar backtone escuchado > Asi termino:103770,146242,107732,103769,103768,103150,102975,103719,103880,105652,103767,107737,129884,131616,135156,135158,129451,131625,135155,131842,
Sun Nov 4 2:19:53 BOT 2012: Ajax->Mostrar Megusta:  
Sun Nov 4 11:00:12 BOT 2012: Ajax-> Mostrar Ranking > tono:104346 
Sun Nov 4 11:02:30 BOT 2012: Ajax-> Mostrar  Nombre Genero > tono:145347 
Sun Nov 4 11:04:45 BOT 2012: Ajax->Mostrar Nombre Genero:  
Sun Nov 4 11:06:19 BOT 2012: ASYNC -> STATS> Tiempo respuesta -0.507913 seg.
Sun Nov 4 11:06:25 BOT 2012: Asignar backtone escuchado > Asi termino:104423,104422,103764,124975,105372,103375,104643,104346,104291,104292,104213,102954,104941,133697,144844,105250,127924,105249,103369,113024,
Sun Nov 4 11:12:26 BOT 2012: Ajax-> Mostrar  Nombre Genero > tono:122651 
Sun Nov 4 11:16:17 BOT 2012: MTD_DB_BUSCAR_ARTISTAS > retornando registros:45
Sun Nov 4 11:19:33 BOT 2012: Ajax-> Mostrar Ranking > tono:104663 
Sun Nov 4 11:21:48 BOT 2012: Ajax->Mostrar Imagen Portada:  
Sun Nov 4 11:23:28 BOT 2012: Ajax->Mostrar Nombre Artista:  
Sun Nov 4 11:28:31 BOT 2012: DB_LISTAR_TONOS> Se econtraron 44 resultados con estos ID:141881,141880,103712,104465,103713,132096,103686,110221,123218,129230,129445,103687,105498,126029,104999,104998,105000,147767,104395,105001,129231,104471,105002,104466,104467,105003,105004,105005,103688,103689,104472,129433,105499,104473,104469,103690,132094,122289,103714,105500,105006,104468,105501,104470, 
Sun Nov 4 11:30:26 BOT 2012: ASYNC -> STATS> Tiempo respuesta 0.00568 seg.
Sun Nov 4 11:30:35 BOT 2012: Session Start>  Chequeo de sesion
Sun Nov 4 11:30:56 BOT 2012: Ajax->Mostrar Megusta:  
Sun Nov 4 11:31:05 BOT 2012: Ajax->Mostrar Nombre Artista:  
Sun Nov 4 11:36:36 BOT 2012: Check Session > msisdn: 76487237 > Usuario Valido 
Sun Nov 4 11:37:12 BOT 2012: Ajax->Mostrar Ranking:  
Sun Nov 4 11:37:48 BOT 2012: Ajax-> Mostrar Megusta> tono:104790 
Sun Nov 4 11:38:45 BOT 2012: Ajax->Mostrar Ranking:  
Sun Nov 4 11:39:03 BOT 2012: Consulta de precio de reason:2 - msisdn:76487237 tono:104808 Async responde:350
 
Sun Nov 4 11:39:15 BOT 2012: Ajax->Mostrar Imagen Portada:  
Sun Nov 4 11:48:41 BOT 2012: ASYNC -> STATS> Tiempo respuesta -0.412676 seg.
Sun Nov 4 11:48:44 BOT 2012: SMS >: Servidor responde: > STATS > tiempo respuesta:0.00093700000000002 
Sun Nov 4 11:48:44 BOT 2012: Ajax->Mostrar Ranking:  
Sun Nov 4 11:53:27 BOT 2012: ASYNC -> STATS> Tiempo respuesta 0.003153 seg.
Sun Nov 4 11:57:06 BOT 2012: Busqueda Inteligente: resultados >124427
Sun Nov 4 11:58:21 BOT 2012: Busqueda Inteligente: resultados >104925
Sun Nov 4 12:00:28 BOT 2012: ASYNC -> STATS> Tiempo respuesta 0.001683 seg.
Sun Nov 4 12:01:28 BOT 2012: Ajax->Mostrar Nombre Artista:  
Sun Nov 4 12:04:28 BOT 2012: Ajax->Mostrar Nombre Genero:  
Sun Nov 4 12:17:52 BOT 2012: Ajax->Mostrar Megusta:  
Sun Nov 4 12:18:34 BOT 2012: ASYNC -> STATS> Tiempo respuesta 0.003116 seg.
Sun Nov 4 12:18:49 BOT 2012: Ajax->Mostrar Ranking:  
Sun Nov 4 12:18:55 BOT 2012: Ajax->Mostrar Imagen Portada:  
Sun Nov 4 12:19:07 BOT 2012: Ajax-> Mostrar Comentarios> tono:118748 
Sun Nov 4 12:20:01 BOT 2012: STATS > BUSQUEDA DE BACKTONE >Tiempo: 0.042306 seg. | registros: 114
Sun Nov 4 12:21:01 BOT 2012: Ajax-> Mostrar Megusta> tono:118738 
Sun Nov 4 12:26:29 BOT 2012: Ajax-> Mostrar Ranking > tono:103274 
Sun Nov 4 12:28:20 BOT 2012: ASYNC -> STATS> Tiempo respuesta 0.006803 seg.
Sun Nov 4 12:28:32 BOT 2012: Consulta de precio de reason:10 - msisdn: tono:103165 Async responde:350
 
Sun Nov 4 12:34:36 BOT 2012: Ajax-> Mostrar Megusta> tono:103968 
Sun Nov 4 12:35:00 BOT 2012: Ajax->Mostrar Reproducciones:  
Sun Nov 4 12:35:03 BOT 2012: ASYNC -> STATS> Tiempo respuesta 0.464589 seg.
Sun Nov 4 12:35:13 BOT 2012: Msisdn:77924455 ingreso exitoso de billing tono: 127417 
Sun Nov 4 12:37:31 BOT 2012: Ajax->Mostrar Nombre Genero:  
Sun Nov 4 12:42:50 BOT 2012: Ajax-> Mostrar Comentarios> tono:155192 
Sun Nov 4 12:47:24 BOT 2012: Ajax->Mostrar Reproducciones:  
Sun Nov 4 12:49:51 BOT 2012: Ajax->Mostrar Reproducciones:  
Sun Nov 4 12:50:00 BOT 2012: ASYNC -> STATS> Tiempo respuesta 0.003551 seg.
Sun Nov 4 12:50:03 BOT 2012: ASYNC -> STATS> Tiempo respuesta -0.25912 seg.
Sun Nov 4 12:53:58 BOT 2012: Ajax->Mostrar Nombre Artista:  
Sun Nov 4 12:54:28 BOT 2012: Ajax->Mostrar Comentarios:  
Sun Nov 4 12:58:31 BOT 2012: Ajax-> Mostrar Ranking > tono:122 
Sun Nov 4 13:03:35 BOT 2012: Ajax->Mostrar Comentarios:  
Sun Nov 4 13:08:33 BOT 2012: Consulta de precio de reason:5 - msisdn: tono:137970 Async responde:350
 
Sun Nov 4 13:12:43 BOT 2012: Ajax-> Mostrar Megusta> tono:126677 
Sun Nov 4 13:13:01 BOT 2012: Mostrar Comentarios : tono:515 
Sun Nov 4 13:14:04 BOT 2012: Ajax->Mostrar Imagen Portada:  
Sun Nov 4 13:16:46 BOT 2012: Ajax-> Mostrar  Nombre Genero > tono:126677 
Sun Nov 4 13:17:56 BOT 2012: Mostrar Album: >albumes/BackTonesGoMedia 1.jpg
Sun Nov 4 13:21:08 BOT 2012: ASYNC -> STATS> Tiempo respuesta 0.0086349999999999 seg.
Sun Nov 4 13:22:41 BOT 2012: Mostrar Album: >Artista:  <a href='index.php?seccion=playlist&autor=689'>Pitbull</a>
Sun Nov 4 13:24:03 BOT 2012: Consulta de precio de reason:10 - msisdn:76630222 tono:155366 Async responde:350
 
Sun Nov 4 13:24:06 BOT 2012: Ajax->Mostrar Nombre Artista:  
Sun Nov 4 13:25:09 BOT 2012: Ajax->Mostrar Nombre Artista:  
Sun Nov 4 13:26:30 BOT 2012: Ajax-> Mostrar  Nombre Genero > tono:124045 
Sun Nov 4 13:36:20 BOT 2012: Ajax->Mostrar Megusta:  
Sun Nov 4 13:46:37 BOT 2012: Ajax->Mostrar Ranking:  
Sun Nov 4 13:51:41 BOT 2012: STATS > BUSQUEDA DE BACKTONE >Tiempo: -0.515679 seg. | registros: 11
Sun Nov 4 14:02:09 BOT 2012: ASYNC -> STATS> Tiempo respuesta 0.003018 seg.
Sun Nov 4 14:05:34 BOT 2012: Ajax->Mostrar Comentarios:  
Sun Nov 4 14:09:20 BOT 2012: ASYNC -> STATS> Tiempo respuesta 0.002293 seg.
Sun Nov 4 14:39:55 BOT 2012: Ajax->Mostrar Reproducciones:  
Sun Nov 4 14:50:54 BOT 2012: STATS > BUSQUEDA DE BACKTONE >Tiempo: -0.021712 seg. | registros: 10
Sun Nov 4 14:58:01 BOT 2012: Busqueda Inteligente: ser recibieron 25 resultados
Sun Nov 4 14:59:28 BOT 2012: Ajax->Mostrar Comentarios:  
Sun Nov 4 15:01:04 BOT 2012: Ajax->Mostrar Ranking:  
Sun Nov 4 15:12:15 BOT 2012: ASYNC -> STATS> Tiempo respuesta 0.097879 seg.
Sun Nov 4 15:13:36 BOT 2012: Asignar backtone escuchado > Asi termino:153046,155122,106349,109518,285,134032,155266,104826,515,129226,131826,517,127898,103758,104054,103744,104051,104050,103552,104928,
Sun Nov 4 15:30:45 BOT 2012: Ajax->Mostrar Nombre Genero:  
Sun Nov 4 15:31:48 BOT 2012: ASYNC -> STATS> Tiempo respuesta -0.180046 seg.
Sun Nov 4 15:31:48 BOT 2012: Ajax->Mostrar Ranking:  
Sun Nov 4 15:31:51 BOT 2012: Ajax->Mostrar Megusta:  
Sun Nov 4 15:37:40 BOT 2012: Busqueda Inteligente: Resultado 
 131760;Vestida de azucar;Gloria Trevi;Latinas
137086;C Mon ft Diplo and Bustha Rhymes;Dj Tiesto;Electronicas
104190; Canita Canaveral;Banda Juventud Centralistas de La Paz;Carnaval
104189; El Tio;Banda Juventud Centralistas de La Paz;Carnaval
104195; Mi Fiel Promesa;Banda Juventud Centralistas de La Paz;Carnaval
103479;2EntraEnMiVidaAlbumVersion;Sin Bandera;Latinas
144690;Adoro  Version Acustica Una Noche En E;David Bisbal;Latinas
145158;Amores Del Sur Album Version;David Bisbal;Latinas
144688;Amores Del Sur Album Version;David Bisbal;Latinas
104193;Ay Rosita;Banda Juventud Centralistas de La Paz;Carnaval
155386;A Donde Vamos A Parar En Vivo;Marco Antonio Solis;Latinas
104206;A Quien Vas A Amar Mas Que A mi;Vicente Fernandez;Vicente Fernandez
103600;AQuienVas;Vicente Fernandez;Vicente Fernandez
103994;Donde Vas Tan Sola;Alejandro Fernandez;Latinas
114593;La ovejerita Vallegrande;Gisela Santa Cruz;Nuevas
102922;Nunca te olvidare;Pivas;Latinas
102952;que me vas a dar;Jenni rivera;Latinas
110197;que nadie se entere;New Bolivia band;Nuevas
134662;Si te vas;David Castro Opratel;Cumbia
104067;Si Te Vas No Hay Lio Remix;Vicente Fernandez;Vicente Fernandez
135139;Tu De Que Vas;fRANCO dE vITA;Latinas
105059;Jueves;la oreja de van gogh;Latinas
104000;Las Llaves De Mi Alma;Vicente Fernandez;Vicente Fernandez
155384;Tu Me Vuelves Loco En Vivo Desd;Marco Antonio Solis;Latinas
103967;Carnaval toda la vida;Los fabulosos cadillacs;Latinas
138286;Traffic Radio Edit;Dj Tiesto;Electronicas
138311;Who Wants To Be Alone;Dj Tiesto feat Nelly Furtado;Electronicas
103659;Diablo;Dubfire Vs Oliver Huntemann;Electronicas
103126;vsos vacios;Los fabulosos cadillacs;Latinas
104177; Chirapas;La Banda de Perucho;Carnaval
104178; En Las Playas Del Beni;La Banda de Perucho;Carnaval
103328;-Me vas a extranhar;Banda reggaeton;Reggaeton
276;15 dias;La banda de lechuga;Cumbia
107755;Alex te da temas de conversacion-MTV ISA TKM;MTV;MTV
307;Almohada de piedra;Covertone;Latinas
103303;amor verdadero;PK2;Latinas
121;Andando;Diego Torres;Latinas
103692;ANDANDO-;Diego Torres;Latinas
103825;Arde la ciudad;Version Opratel;Latinas
104394;Arrancame la vida;Covertone;Latinas
104928;ATENCION SOLDADO ATIENDA SU CELULAR;Version Opratel;Clasicos
145160;Ave Maria Version Acustica Una Noche E;David Bisbal;Latinas
144692;Ave Maria Version Acustica Una Noche E;David Bisbal;Latinas
104051;Bandas marchando;Version Opratel;Clasicos
103470;2RosasAlbumVersion;la oreja de van gogh;Latinas
110495;A donde vamos a parar;Marco Antonio Solis;Latinas
103142;a primera vista;Sin Bandera;Latinas
104921;Agente 86 y el dueno de casa;Version Opratel;Sonidos
141636;ASE_02DEDIC2011_1_SALUDO;KARAOKE;KARAOKE
141626;ASE_02DEDIC2011_1_SONIDO;KARAOKE;KARAOKE
141631;ASE_02DEDIC2011_2_SONIDO;KARAOKE;KARAOKE
141659;ASE_03DEDIC2011_1_SALUDO;KARAOKE;KARAOKE
141661;ASE_03DEDIC2011_1_SONIDO;KARAOKE;KARAOKE
141676;ASE_03DEDIC2011_2_SALUDO;KARAOKE;KARAOKE
141665;ASE_03DEDIC2011_2_SONIDO;KARAOKE;KARAOKE
141677;ASE_03DEDIC2011_3_SALUDO;KARAOKE;KARAOKE
141673;ASE_03DEDIC2011_3_SONIDO;KARAOKE;KARAOKE
141674;ASE_03DEDIC2011_4_SONIDO;KARAOKE;KARAOKE
141678;ASE_03DEDIC2011_5_SONIDO;KARAOKE;KARAOKE
141682;ASE_03DEDIC2011_6_SONIDO;KARAOKE;KARAOKE
141683;ASE_03DEDIC2011_7_SONIDO;KARAOKE;KARAOKE
142066;ASE_10DEDIC2011_1_SONIDO;KARAOKE;KARAOKE
142069;ASE_10DEDIC2011_2_SONIDO;KARAOKE;KARAOKE
105048;Agente 86 y el hombre invisible;Version Opratel;Sonidos
142184;ASE_11DEDIC2011_1_SALUDO;KARAOKE;KARAOKE
142782;ASE_23DEDIC2011_1_SALUDO;KARAOKE;KARAOKE
142807;ASE_24DEDIC2011_1_SALUDO;KARAOKE;KARAOKE
142809;ASE_24DEDIC2011_2_SALUDO;KARAOKE;KARAOKE
143130;ASE_30DEDIC2011_1_SALUDO;KARAOKE;KARAOKE
143148;ASE_30DEDIC2011_1_SONIDO;KARAOKE;KARAOKE
143147;ASE_30DEDIC2011_2_SALUDO;KARAOKE;KARAOKE
143153;ASE_30DEDIC2011_2_SONIDO;KARAOKE;KARAOKE
143156;ASE_30DEDIC2011_3_SALUDO;KARAOKE;KARAOKE
143171;ASE_31DEDIC2011_1_SALUDO;KARAOKE;KARAOKE
143163;ASE_31DEDIC2011_1_SONIDO;KARAOKE;KARAOKE
143176;ASE_31DEDIC2011_2_SALUDO;KARAOKE;KARAOKE
143164;ASE_31DEDIC2011_2_SONIDO;KARAOKE;KARAOKE
143173;ASE_31DEDIC2011_3_SONIDO;KARAOKE;KARAOKE
143172;ASE_31DEDIC2011_4_SONIDO;KARAOKE;KARAOKE
131842;Chaco Adentro;Yalo cuellar;Nuevas
138570;Dime si te vas con el;Opratel;Reggaeton
104591;Dime si te vas con el;Toing;Latinas
110189;el embrujo2;New Bolivia band;Nuevas
103958;Homero vas a morir moe;Homero 
Sun Nov 4 15:42:53 BOT 2012: MTD_DB_BUSCAR_ARTISTAS > retornando registros:1
Sun Nov 4 15:43:20 BOT 2012: Ajax-> Mostrar Ranking > tono:103189 
Sun Nov 4 15:47:09 BOT 2012: Busqueda Inteligente: 
Sun Nov 4 15:48:03 BOT 2012: ASYNC -> STATS> Tiempo respuesta 0.001695 seg.
Sun Nov 4 15:48:09 BOT 2012: Ajax->Mostrar Imagen Portada:  
Sun Nov 4 15:48:45 BOT 2012: Ajax-> Mostrar  Imagen Portada> tono:104323 
Sun Nov 4 16:04:45 BOT 2012: Ajax-> Mostrar  Imagen Portada> tono:104461 
Sun Nov 4 16:05:06 BOT 2012: Ajax-> Mostrar  Imagen Portada> tono:128237 
Sun Nov 4 16:10:55 BOT 2012: Ajax->Mostrar Reproducciones:  
Sun Nov 4 16:11:40 BOT 2012: Ajax->Mostrar Nombre Genero:  
Sun Nov 4 16:15:08 BOT 2012: ASYNC -> STATS> Tiempo respuesta 0.002247 seg.
Sun Nov 4 16:15:20 BOT 2012: Ajax->Mostrar Ranking:  
Sun Nov 4 16:15:20 BOT 2012: Ajax->Mostrar Comentarios:  
Sun Nov 4 16:22:54 BOT 2012: Ajax->Mostrar Imagen Portada:  
Sun Nov 4 16:25:36 BOT 2012: ASYNC -> STATS> Tiempo respuesta 0.950917 seg.
Sun Nov 4 16:25:45 BOT 2012: Ajax->Mostrar Ranking:  
Sun Nov 4 16:28:55 BOT 2012: Ajax-> Mostrar Ranking > tono:105282 
Sun Nov 4 16:38:45 BOT 2012: Ajax-> Mostrar Megusta> tono:102632 
Sun Nov 4 16:39:21 BOT 2012: Ajax->Mostrar Nombre Artista:  
Sun Nov 4 16:45:07 BOT 2012: Ajax->Mostrar Reproducciones:  
Sun Nov 4 16:50:50 BOT 2012: Ajax->Mostrar Ranking:  
Sun Nov 4 16:52:08 BOT 2012: Ajax->Mostrar Nombre Artista:  
Sun Nov 4 16:52:50 BOT 2012: Ajax->Mostrar Megusta:  
Sun Nov 4 16:53:50 BOT 2012: ASYNC -> STATS> Tiempo respuesta 0.0037929999999999 seg.
Sun Nov 4 16:54:14 BOT 2012: ASYNC -> STATS> Tiempo respuesta 0.004091 seg.
Sun Nov 4 16:54:26 BOT 2012: Asignar backtone escuchado > Asi termino:103451,105369,105363,105373,257,102675,102676,155386,103462,
Sun Nov 4 16:56:27 BOT 2012: Asignar backtone escuchado > Asi termino:120251,120254,106384,137830,141126,141130,140828,105811,105810,105812,140810,143739,120248,120250,141835,146585,142273,155374,146575,106380,
Sun Nov 4 16:56:54 BOT 2012: Ajax->Mostrar Ranking:  
Sun Nov 4 16:57:03 BOT 2012: Ajax->Mostrar Ranking:  
Sun Nov 4 16:58:06 BOT 2012: Ajax-> Mostrar  Nombre Artista > tono:150234 
Sun Nov 4 17:00:42 BOT 2012: ASYNC -> STATS> Tiempo respuesta 0.0026689999999999 seg.
Sun Nov 4 17:02:10 BOT 2012: Ajax-> Mostrar Comentarios> tono:155078 
Sun Nov 4 17:02:43 BOT 2012: Ajax->Mostrar Ranking:  
Sun Nov 4 17:04:55 BOT 2012: Ajax-> Mostrar Ranking > tono:129675 
Sun Nov 4 17:08:07 BOT 2012: Asignar backtone escuchado > Asi termino:155502,103885,602,113598,105302,126470,104886,136258,105534,102622,104178,104316,104315,122651,122650,122539,156790,104314,106005,109915,
Sun Nov 4 17:09:38 BOT 2012: Ajax-> Mostrar Ranking > tono:150100 
Sun Nov 4 17:10:29 BOT 2012: Ajax->Mostrar Comentarios:  
Sun Nov 4 17:10:59 BOT 2012: Ajax-> Mostrar Megusta> tono:129675 
Sun Nov 4 17:11:26 BOT 2012: Asignar backtone escuchado > Asi termino:103462,103760,124041,130357,139722,160,109968,103163,155078,107737,105282,126476,109227,108557,104442,142927,150036,150032,104604,105039,
Sun Nov 4 17:11:56 BOT 2012: Busqueda Inteligente: resultados >103422
Sun Nov 4 17:20:34 BOT 2012: Ajax-> Mostrar Ranking > tono:123542 
Sun Nov 4 17:20:34 BOT 2012: Ajax->Mostrar Imagen Portada:  
Sun Nov 4 17:20:37 BOT 2012: Asignar backtone escuchado > Asi termino:144692,145160,135225,144690,103940,105777,104641,145210,105783,105782,105780,105779,105778,133432,144106,144660,333,113600,145319,104050,
Sun Nov 4 17:20:37 BOT 2012: Ajax-> Mostrar Ranking > tono:123542 
Sun Nov 4 17:23:40 BOT 2012: Ajax->Mostrar Ranking:  
Sun Nov 4 17:25:19 BOT 2012: Asignar backtone escuchado > Asi termino:104252,104253,104045,104044,104024,109672,112704,124971,105420,109415,109414,103790,102630,103037,103036,102674,102673,
Sun Nov 4 17:25:40 BOT 2012: Ajax->Mostrar Ranking:  
Sun Nov 4 17:27:29 BOT 2012: Mostrar Genero: >G&eacute;nero:  <a href='index.php?seccion=playlist&genero=143'>Latinas</a>
Sun Nov 4 17:29:44 BOT 2012: Ajax->Mostrar Reproducciones:  
Sun Nov 4 17:32:24 BOT 2012: Ajax->Mostrar Nombre Genero:  
Sun Nov 4 17:38:16 BOT 2012: Ajax-> Mostrar Megusta> tono:129675 
Sun Nov 4 17:43:49 BOT 2012: Ajax->Mostrar Imagen Portada:  
Sun Nov 4 17:59:38 BOT 2012: ASYNC -> STATS> Tiempo respuesta 0.053015 seg.
Sun Nov 4 17:59:44 BOT 2012: Ajax-> Mostrar  Imagen Portada> Album:albumes/Pitbull-Planet Pit.jpg
Sun Nov 4 18:02:08 BOT 2012: Ajax->Mostrar Imagen Portada:  
Sun Nov 4 18:12:19 BOT 2012: Ajax-> Mostrar  Genero > G&eacute;nero:  <a href='index.php?seccion=playlist&genero=96'>Bachata y Vallenato</a>
Sun Nov 4 18:15:58 BOT 2012: Ajax-> Mostrar  Imagen Portada> tono:127423 
Sun Nov 4 18:19:20 BOT 2012: Ajax->Mostrar Megusta:  
Sun Nov 4 18:22:14 BOT 2012: Ajax->Mostrar Comentarios:  
Sun Nov 4 18:22:17 BOT 2012: Ajax-> Mostrar  Nombre Artista > tono:121 
Sun Nov 4 18:35:50 BOT 2012: Asignar backtone escuchado > Asi termino:129675,102610,133402,102621,106286,106288,106289,106290,106294,106295,103748,105422,108557,136251,126476,131819,103745,103062,144646,
Sun Nov 4 18:41:15 BOT 2012: Ajax->Mostrar Nombre Genero:  
Sun Nov 4 18:42:48 BOT 2012: Busqueda Inteligente: resultados >138854
Sun Nov 4 18:44:54 BOT 2012: Ajax-> Mostrar Comentarios> tono:104504 
Sun Nov 4 18:51:35 BOT 2012: Ajax->Mostrar Ranking:  
Sun Nov 4 18:52:44 BOT 2012: Mostrar Album: >Artista:  <a href='index.php?seccion=playlist&autor=503'>Version Opratel</a>
Sun Nov 4 18:54:44 BOT 2012: ASYNC -> STATS> Tiempo respuesta -0.074542 seg.
Sun Nov 4 18:56:05 BOT 2012: Ajax->Mostrar Nombre Genero:  
Sun Nov 4 18:59:42 BOT 2012: Ajax->Mostrar Comentarios:  
Sun Nov 4 19:02:48 BOT 2012: Ajax->Mostrar Comentarios:  
Sun Nov 4 19:05:25 BOT 2012: Ajax->Mostrar Nombre Genero:  
Sun Nov 4 19:06:19 BOT 2012: Asignar backtone escuchado > Asi termino:104576,105133,102593,102594,102595,102596,102597,103174,102603,103553,155304,155300,112318,103570,155332,103569,155322,103970,155330,155324,
Sun Nov 4 19:06:52 BOT 2012: Ajax-> Mostrar Megusta> tono:149 
Sun Nov 4 19:10:23 BOT 2012: Ajax-> Mostrar Ranking > tono:105762 
Sun Nov 4 19:10:44 BOT 2012: Busqueda Inteligente: resultados >155498
Sun Nov 4 19:12:53 BOT 2012: Ajax->Mostrar Comentarios:  
Sun Nov 4 19:21:25 BOT 2012: Ajax->Mostrar Reproducciones:  
Sun Nov 4 19:23:07 BOT 2012: Ajax-> Mostrar  Nombre Artista > tono:104518 
Sun Nov 4 19:28:26 BOT 2012: Session Start>  session por defecto 
Sun Nov 4 19:30:53 BOT 2012: Session Start>  session por defecto 
Sun Nov 4 19:37:45 BOT 2012: Ajax->Mostrar Megusta:  
Sun Nov 4 19:39:43 BOT 2012: Ajax->Mostrar Nombre Genero:  
Sun Nov 4 19:39:58 BOT 2012: Ajax->Mostrar Ranking:  
Sun Nov 4 19:45:50 BOT 2012: Asignar backtone escuchado > Asi termino:105635,105637,144108,144106,105558,105557,314,105556,338,141055,105554,103838,144104,104183,335,104179,104173,104175,104165,104172,
Sun Nov 4 19:47:53 BOT 2012: Ajax-> Mostrar Ranking > tono:105561 
Sun Nov 4 19:48:26 BOT 2012: Ajax-> Mostrar  Nombre Artista > tono:105644 
Sun Nov 4 19:50:36 BOT 2012: Ajax-> Mostrar Comentarios> tono:103504 
Sun Nov 4 19:54:18 BOT 2012: ASYNC -> STATS> Tiempo respuesta 0.002578 seg.
Sun Nov 4 19:54:27 BOT 2012: Consulta de precio de reason:2 - msisdn: tono:131835 Async responde:350
 
Sun Nov 4 19:59:40 BOT 2012: Ajax->Mostrar Nombre Genero:  
Sun Nov 4 20:12:42 BOT 2012: Ajax->Mostrar Reproducciones:  
Sun Nov 4 20:13:16 BOT 2012: Ajax-> Mostrar Ranking > tono:592 
Sun Nov 4 20:16:10 BOT 2012: Mostrar Cantidad reproducciones: tono:104619 cantidad: 0
Sun Nov 4 20:17:13 BOT 2012: ASYNC -> STATS> Tiempo respuesta 0.002439 seg.
Sun Nov 4 20:17:16 BOT 2012: Consulta de precio de reason:10 - msisdn: tono:104620 Async responde:350
 
Sun Nov 4 20:23:29 BOT 2012: Ajax-> Mostrar  Imagen Portada> tono:137086 
Sun Nov 4 20:30:09 BOT 2012: Ajax->Mostrar Nombre Genero:  
Sun Nov 4 20:36:01 BOT 2012: Ajax->Mostrar Nombre Artista:  
Sun Nov 4 20:36:44 BOT 2012: Ajax-> Login Usuario msisdn: 75236368  pin:9107 > Validar msisdn
Sun Nov 4 20:45:15 BOT 2012: Ajax->Mostrar Imagen Portada:  
Sun Nov 4 20:46:15 BOT 2012: Ajax->Mostrar Nombre Artista:  
Sun Nov 4 20:48:03 BOT 2012: WEB_REPRODUCIR_BUSQUEDA > Se recibieron:14 tonos
Sun Nov 4 20:48:09 BOT 2012: Ajax-> Mostrar  Imagen Portada> tono:127759 
Sun Nov 4 20:48:37 BOT 2012: Ajax->Mostrar Imagen Portada:  
Sun Nov 4 20:50:01 BOT 2012: Ajax-> Mostrar  Nombre Genero > tono:155380 
Sun Nov 4 20:54:26 BOT 2012: Ajax->Mostrar Nombre Artista:  
Sun Nov 4 20:54:59 BOT 2012: Ajax->Mostrar Imagen Portada:  
Sun Nov 4 20:55:14 BOT 2012: ASYNC -> STATS> Tiempo respuesta -0.074843 seg.
Sun Nov 4 20:56:41 BOT 2012: Asignar backtone escuchado > Asi termino:122653,579,130991,109648,106352,109522,133434,104317,578,446,104316,104315,122651,122650,122539,156790,104314,106005,109915,103602,
Sun Nov 4 20:59:29 BOT 2012: ASYNC -> STATS> Tiempo respuesta 0.003119 seg.
Sun Nov 4 21:01:30 BOT 2012: Mostrar Album: >Artista:  <a href='index.php?seccion=playlist&autor=577'>Generico</a>
Sun Nov 4 21:05:21 BOT 2012: Ajax->Mostrar Imagen Portada:  
Sun Nov 4 21:13:14 BOT 2012: Ajax-> Mostrar Comentarios> tono:155380 
Sun Nov 4 21:43:49 BOT 2012: ASYNC -> STATS> Tiempo respuesta 0.002154 seg.
Sun Nov 4 21:53:30 BOT 2012: Ajax-> Mostrar Comentarios> tono:386 
Sun Nov 4 22:08:26 BOT 2012: Ajax->Actualizar pin usuario
Sun Nov 4 22:08:56 BOT 2012: Ajax->Actualizar pin usuario
Sun Nov 4 22:21:59 BOT 2012: ASYNC -> STATS> Tiempo respuesta 0.00202 seg.
Sun Nov 4 22:34:16 BOT 2012: Busqueda Inteligente: resultados >135713
Sun Nov 4 22:34:25 BOT 2012: Busqueda Inteligente: resultados >
Sun Nov 4 22:34:31 BOT 2012: ASYNC -> STATS> Tiempo respuesta -0.00092300000000001 seg.
Sun Nov 4 22:34:40 BOT 2012: ASYNC -> STATS> Tiempo respuesta -0.00245 seg.
Sun Nov 4 22:43:02 BOT 2012: Asignar backtone escuchado > Asi termino:105427,150046,131757,127376,105237,131829,140783,133698,139727,135057,130814,449,103343,109318,109317,246,103342,109240,104393,240,
Sun Nov 4 22:43:20 BOT 2012: STATS > BUSQUEDA DE BACKTONE >Tiempo: 0.567401 seg. | registros: 32
Sun Nov 4 22:44:20 BOT 2012: Asignar backtone escuchado > Asi termino:126146,123010,104532,105427,150046,131757,127376,105237,131829,140783,133698,139727,135057,130814,449,103343,109318,109317,246,103342,
Sun Nov 4 22:46:24 BOT 2012: Asignar backtone escuchado > Asi termino:103314,116506,573,204,103671,102673,103997,199,205,103992,209,211,202,103628,572,112702,102672,103469,102630,
Sun Nov 4 22:46:27 BOT 2012: ASYNC -> STATS> Tiempo respuesta 0.052548 seg.
Sun Nov 4 22:46:27 BOT 2012: Ajax-> Mostrar  Nombre Artista > tono:103314 
Sun Nov 4 22:48:03 BOT 2012: Ajax-> Mostrar  Imagen Portada> tono:135066 
Sun Nov 4 22:48:48 BOT 2012: Ajax->Mostrar Ranking:  
Sun Nov 4 22:49:51 BOT 2012: Ajax->Mostrar Imagen Portada:  
Sun Nov 4 22:59:56 BOT 2012: Busqueda Inteligente: Resultado 
 -1 
Sun Nov 4 23:11:22 BOT 2012: Busqueda Inteligente: resultados >105289
Sun Nov 4 23:14:10 BOT 2012: Ajax->Mostrar Megusta:  
Sun Nov 4 23:17:59 BOT 2012: Ajax-> Mostrar Ranking > tono:103041 
Sun Nov 4 23:27:30 BOT 2012: ASYNC -> STATS> Tiempo respuesta 0.002943 seg.
Sun Nov 4 23:27:43 BOT 2012: Asignar backtone escuchado > Asi termino:105242,102759,102758,104491,105246,102762,150238,102766,102905,105282,595,105247,147085,105281,102530,105040,104026,124971,109415,109414,
Sun Nov 4 23:28:07 BOT 2012: Ajax->Mostrar Comentarios:  
Sun Nov 4 23:31:22 BOT 2012: Consulta de precio de reason:5 - msisdn:77214140 tono:131036 Async responde:350
 
Sun Nov 4 23:31:28 BOT 2012: Asignar backtone escuchado > Asi termino:131036,102761,102759,102758,155816,102757,105243,105242,104491,105246,102762,150238,102766,102905,105282,595,105247,147085,105281,102530,
