Wed Nov 7 0:05:21 BOT 2012: Ajax-> Mostrar  Imagen Portada> tono:103128 
Wed Nov 7 0:06:39 BOT 2012: Ajax->Mostrar Megusta:  
Wed Nov 7 0:12:31 BOT 2012: WEB_REPRODUCIR_BUSQUEDA > Se recibieron:7 tonos
Wed Nov 7 0:18:14 BOT 2012: Ajax->Mostrar Ranking:  
Wed Nov 7 0:24:15 BOT 2012: ASYNC -> STATS> Tiempo respuesta 0.003095 seg.
Wed Nov 7 0:24:54 BOT 2012: Ajax->Mostrar Ranking:  
Wed Nov 7 0:24:57 BOT 2012: Consulta de precio de reason:3 - msisdn: tono:147878 Async responde:350
 
Wed Nov 7 0:37:08 BOT 2012: Ajax->Mostrar Reproducciones:  
Wed Nov 7 0:40:26 BOT 2012: Ajax-> Mostrar Ranking > tono:105024 
Wed Nov 7 0:44:45 BOT 2012: Session Start>  Chequeo de sesion
Wed Nov 7 0:49:40 BOT 2012: Ajax-> Mostrar Comentarios> tono:104421 
Wed Nov 7 0:52:22 BOT 2012: Ajax-> Mostrar Megusta> tono:104289 
Wed Nov 7 1:02:09 BOT 2012: Session Start>  session por defecto 
Wed Nov 7 2:21:03 BOT 2012: Ajax-> Mostrar Ranking > tono:106237 
Wed Nov 7 8:58:55 BOT 2012: Ajax->Mostrar Nombre Genero:  
Wed Nov 7 9:08:24 BOT 2012: Asignar backtone escuchado > Asi termino:103476,103475,509,
Wed Nov 7 9:10:45 BOT 2012: Ajax->Mostrar Imagen Portada:  
Wed Nov 7 9:18:38 BOT 2012: Ajax-> Mostrar  Nombre Genero > tono:103347 
Wed Nov 7 9:21:14 BOT 2012: Consulta de precio de reason:3 - msisdn: tono:103346 Async responde:350
 
Wed Nov 7 9:21:32 BOT 2012: Consulta de precio de reason:2 - msisdn:77120877 tono:122645 Async responde:350
 
Wed Nov 7 9:30:52 BOT 2012: ASYNC -> STATS> Tiempo respuesta -0.512063 seg.
Wed Nov 7 9:31:01 BOT 2012: Mostrar Genero: >G&eacute;nero:  <a href='index.php?seccion=playlist&genero=132'>Pop</a>
Wed Nov 7 9:31:52 BOT 2012: Busqueda Inteligente: resultados >104307
Wed Nov 7 9:32:19 BOT 2012: Ajax-> Mostrar  Nombre Artista > tono:104315 
Wed Nov 7 9:43:27 BOT 2012: Ajax-> Mostrar  Imagen Portada> tono:582 
Wed Nov 7 9:45:09 BOT 2012: Ajax->Mostrar Comentarios:  
Wed Nov 7 9:48:01 BOT 2012: Mostrar Album: >albumes/David Guetta-Nothing But The Beat.jpg
Wed Nov 7 9:50:01 BOT 2012: ASYNC -> STATS> Tiempo respuesta 0.003442 seg.
Wed Nov 7 9:50:01 BOT 2012: Ajax-> Mostrar  Imagen Portada> tono:105264 
Wed Nov 7 9:52:04 BOT 2012: Ajax->Mostrar Nombre Artista:  
Wed Nov 7 9:52:55 BOT 2012: Mostrar Ranking: tono:150142 calificacion: 
Wed Nov 7 9:54:17 BOT 2012: Ajax->Mostrar Ranking:  
Wed Nov 7 9:54:53 BOT 2012: Ajax-> Mostrar Megusta> tono:103565 
Wed Nov 7 9:56:05 BOT 2012: Asignar backtone escuchado > Asi termino:118748,139844,147092,139956,147093,118734,139958,147095,118752,118744,118730,147097,139846,118728,118745,118727,118725,
Wed Nov 7 9:56:29 BOT 2012: Ajax->Mostrar Reproducciones:  
Wed Nov 7 10:01:33 BOT 2012: Mostrar Ranking: tono:138286 calificacion: 5
Wed Nov 7 10:01:39 BOT 2012: Session Start>  session por defecto 
Wed Nov 7 10:05:01 BOT 2012: ASYNC -> STATS> Tiempo respuesta -0.371112 seg.
Wed Nov 7 10:05:28 BOT 2012: Ajax->Mostrar Reproducciones:  
Wed Nov 7 10:05:52 BOT 2012: Ajax->Mostrar Megusta:  
Wed Nov 7 10:08:04 BOT 2012: ASYNC -> STATS> Tiempo respuesta 0.003888 seg.
Wed Nov 7 10:09:22 BOT 2012: Ajax-> Mostrar  Nombre Artista > tono:135225 
Wed Nov 7 10:09:43 BOT 2012: ASYNC -> STATS> Tiempo respuesta 0.232625 seg.
Wed Nov 7 10:10:28 BOT 2012: Consulta de precio de reason:3 - msisdn: tono:102893 Async responde:350
 
Wed Nov 7 10:10:56 BOT 2012: ASYNC -> STATS> Tiempo respuesta 0.882643 seg.
Wed Nov 7 10:11:02 BOT 2012: ASYNC -> STATS> Tiempo respuesta -0.042912 seg.
Wed Nov 7 10:11:05 BOT 2012: ASYNC -> STATS> Tiempo respuesta 0.009666 seg.
Wed Nov 7 10:11:08 BOT 2012: Ajax->Mostrar Ranking:  
Wed Nov 7 10:11:08 BOT 2012: ASYNC -> STATS> Tiempo respuesta 0.013601 seg.
Wed Nov 7 10:11:11 BOT 2012: Ajax->Mostrar Ranking:  
Wed Nov 7 10:11:11 BOT 2012: Asignar backtone escuchado > Asi termino:104847,116505,501,150320,150244,24,104659,115946,155492,155478,150318,115945,120,104301,104940,104250,104461,105232,104747,105231,
Wed Nov 7 10:11:14 BOT 2012: ASYNC -> STATS> Tiempo respuesta -0.020276 seg.
Wed Nov 7 10:11:17 BOT 2012: ASYNC -> STATS> Tiempo respuesta -0.025012 seg.
Wed Nov 7 10:11:20 BOT 2012: ASYNC -> STATS> Tiempo respuesta -0.04574 seg.
Wed Nov 7 10:11:23 BOT 2012: ASYNC -> STATS> Tiempo respuesta 0.025849 seg.
Wed Nov 7 10:11:23 BOT 2012: Ajax->Mostrar Imagen Portada:  
Wed Nov 7 10:11:32 BOT 2012: Ajax->Mostrar Nombre Genero:  
Wed Nov 7 10:11:32 BOT 2012: Ajax->Mostrar Comentarios:  
Wed Nov 7 10:11:32 BOT 2012: Asignar backtone escuchado > Asi termino:127759,
Wed Nov 7 10:15:41 BOT 2012: Asignar backtone escuchado > Asi termino:102791,133408,136047,102638,106005,109915,132110,102790,102789,103628,102893,103652,147530,109975,102793,103640,102626,102632,109971,102629,
Wed Nov 7 10:16:20 BOT 2012: Ajax->Mostrar Ranking:  
Wed Nov 7 10:18:57 BOT 2012: Ajax->Mostrar Comentarios:  
Wed Nov 7 10:20:15 BOT 2012: ASYNC -> STATS> Tiempo respuesta 0.004265 seg.
Wed Nov 7 10:22:09 BOT 2012: ASYNC -> STATS> Tiempo respuesta 0.151757 seg.
Wed Nov 7 10:22:36 BOT 2012: Mostrar Cantidad reproducciones: tono:103348 cantidad: 0
Wed Nov 7 10:25:43 BOT 2012: Ajax-> Mostrar  Nombre Genero > tono:104920 
Wed Nov 7 10:25:46 BOT 2012: Ajax->Mostrar Reproducciones:  
Wed Nov 7 10:27:46 BOT 2012: Asignar backtone escuchado > Asi termino:103643,103653,102795,102629,103652,147530,109975,108556,102624,109973,102628,136046,103642,102794,102627,574,102802,102793,103640,102890,
Wed Nov 7 10:29:56 BOT 2012: Mostrar Album: >Artista:  <a href='index.php?seccion=playlist&autor=237'>Soda Stereo</a>
Wed Nov 7 10:31:38 BOT 2012: Busqueda Inteligente: resultados >104952
Wed Nov 7 10:31:41 BOT 2012: WEB_REPRODUCIR_BUSQUEDA > Se recibieron:97 tonos
Wed Nov 7 10:32:14 BOT 2012: Ajax-> Mostrar Comentarios> tono:144174 
Wed Nov 7 10:34:45 BOT 2012: Ajax->Mostrar Imagen Portada:  
Wed Nov 7 10:34:48 BOT 2012: Ajax-> Mostrar  Imagen Portada> tono:103348 
Wed Nov 7 10:34:51 BOT 2012: Ajax->Mostrar Comentarios:  
Wed Nov 7 10:34:54 BOT 2012: ASYNC -> STATS> Tiempo respuesta -0.77229 seg.
Wed Nov 7 10:35:00 BOT 2012: Consulta de precio de reason:3 - msisdn: tono:104887 Async responde:350
 
Wed Nov 7 10:35:03 BOT 2012: ASYNC -> STATS> Tiempo respuesta 0.017979 seg.
Wed Nov 7 10:35:09 BOT 2012: ASYNC -> STATS> Tiempo respuesta -0.256976 seg.
Wed Nov 7 10:36:42 BOT 2012: Ajax-> Mostrar  Genero > G&eacute;nero:  <a href='index.php?seccion=playlist&genero=110'>Cumbia</a>
Wed Nov 7 10:36:54 BOT 2012: WEB_REPRODUCIR_BUSQUEDA > Se recibieron:114 tonos
Wed Nov 7 10:37:21 BOT 2012: Busqueda Inteligente: resultados >106673
Wed Nov 7 10:37:33 BOT 2012: Ajax->Mostrar Nombre Genero:  
Wed Nov 7 10:37:57 BOT 2012: Ajax->Mostrar Nombre Genero:  
Wed Nov 7 10:38:15 BOT 2012: ASYNC -> STATS> Tiempo respuesta 0.003455 seg.
Wed Nov 7 10:38:39 BOT 2012: Ajax->Mostrar Nombre Genero:  
Wed Nov 7 10:39:45 BOT 2012: Mostrar Ranking: tono:104196 calificacion: 
Wed Nov 7 10:40:03 BOT 2012: ASYNC -> STATS> Tiempo respuesta 0.0041030000000001 seg.
Wed Nov 7 10:40:06 BOT 2012: ASYNC -> STATS> Tiempo respuesta 0.0037969999999999 seg.
Wed Nov 7 10:41:52 BOT 2012: Ajax->Mostrar Nombre Genero:  
Wed Nov 7 10:43:04 BOT 2012: ASYNC -> STATS> Tiempo respuesta 0.00736 seg.
Wed Nov 7 10:43:10 BOT 2012: Ajax-> Mostrar Megusta> tono:109541 
Wed Nov 7 10:43:31 BOT 2012: Ajax->Mostrar Imagen Portada:  
Wed Nov 7 10:43:46 BOT 2012: Ajax->Mostrar Reproducciones:  
Wed Nov 7 10:44:01 BOT 2012: Ajax-> Mostrar Comentarios> tono:104533 
Wed Nov 7 10:45:01 BOT 2012: Error al consultar precio de renovacion - msisdn: tono:104165 - Async responde -3
Wed Nov 7 10:45:01 BOT 2012: ASYNC -> STATS> Tiempo respuesta 0.145788 seg.
Wed Nov 7 10:45:16 BOT 2012: Ajax->Mostrar Ranking:  
Wed Nov 7 10:47:14 BOT 2012: Ajax->Mostrar Nombre Artista:  
Wed Nov 7 10:47:50 BOT 2012: Ajax->Mostrar Nombre Artista:  
Wed Nov 7 10:49:14 BOT 2012: Ajax->Mostrar Imagen Portada:  
Wed Nov 7 10:50:56 BOT 2012: Ajax->Mostrar Ranking:  
Wed Nov 7 10:51:26 BOT 2012: ASYNC -> STATS> Tiempo respuesta 0.0074700000000001 seg.
Wed Nov 7 10:51:32 BOT 2012: Ajax->Mostrar Ranking:  
Wed Nov 7 10:51:32 BOT 2012: Ajax->Mostrar Comentarios:  
Wed Nov 7 10:52:27 BOT 2012: Ajax->Mostrar Reproducciones:  
Wed Nov 7 10:53:27 BOT 2012: Mostrar Album: >Artista:  <a href='index.php?seccion=playlist&autor=161'>Azul azul</a>
Wed Nov 7 10:53:45 BOT 2012: Ajax-> Mostrar  Imagen Portada> tono:103823 
Wed Nov 7 10:54:30 BOT 2012: Consulta de precio de reason:3 - msisdn: tono:104200 Async responde:350
 
Wed Nov 7 10:54:30 BOT 2012: ASYNC -> STATS> Tiempo respuesta 0.249218 seg.
Wed Nov 7 10:55:09 BOT 2012: Ajax->Mostrar Ranking:  
Wed Nov 7 10:55:39 BOT 2012: ASYNC -> STATS> Tiempo respuesta 0.127648 seg.
Wed Nov 7 10:56:54 BOT 2012: ASYNC -> STATS> Tiempo respuesta 0.003794 seg.
Wed Nov 7 10:57:30 BOT 2012: Ajax->Mostrar Megusta:  
Wed Nov 7 10:57:51 BOT 2012: Asignar backtone escuchado > Asi termino:109541,142286,102691,
Wed Nov 7 10:59:31 BOT 2012: Ajax-> Mostrar Ranking > tono:104473 
Wed Nov 7 11:03:58 BOT 2012: Ajax->Mostrar Nombre Artista:  
Wed Nov 7 11:04:50 BOT 2012: Ajax-> Mostrar  Nombre Genero > tono:104503 
Wed Nov 7 11:06:23 BOT 2012: Ajax->Mostrar Ranking:  
Wed Nov 7 11:07:32 BOT 2012: Ajax->Mostrar Megusta:  
Wed Nov 7 11:12:06 BOT 2012: Asignar backtone escuchado > Asi termino:142286,102691,109541,
Wed Nov 7 11:13:48 BOT 2012: Ajax->Mostrar Megusta:  
Wed Nov 7 11:16:33 BOT 2012: Ajax->Mostrar Reproducciones:  
Wed Nov 7 11:22:10 BOT 2012: WEB_REPRODUCIR_BUSQUEDA > Se recibieron:6 tonos
Wed Nov 7 11:25:08 BOT 2012: Ajax->Mostrar Comentarios:  
Wed Nov 7 11:29:06 BOT 2012: ASYNC -> STATS> Tiempo respuesta 0.003076 seg.
Wed Nov 7 11:30:15 BOT 2012: Ajax->Mostrar Reproducciones:  
Wed Nov 7 11:31:18 BOT 2012: Ajax->Mostrar Nombre Genero:  
Wed Nov 7 11:32:51 BOT 2012: Ajax-> Mostrar  Nombre Artista > tono:106306 
Wed Nov 7 11:33:48 BOT 2012: ASYNC -> STATS> Tiempo respuesta 0.001524 seg.
Wed Nov 7 11:33:51 BOT 2012: ASYNC -> STATS> Tiempo respuesta 0.27898 seg.
Wed Nov 7 11:33:54 BOT 2012: ASYNC -> STATS> Tiempo respuesta 0.657776 seg.
Wed Nov 7 11:40:49 BOT 2012: Ajax->Mostrar Imagen Portada:  
Wed Nov 7 11:41:17 BOT 2012: Ajax->Mostrar Nombre Genero:  
Wed Nov 7 11:48:12 BOT 2012: Ajax->Mostrar Nombre Genero:  
Wed Nov 7 11:49:15 BOT 2012: Ajax-> Mostrar  Imagen Portada> tono:109541 
Wed Nov 7 11:49:18 BOT 2012: Ajax->Mostrar Ranking:  
Wed Nov 7 11:50:48 BOT 2012: WEB_REPRODUCIR_BUSQUEDA > Se recibieron:108 tonos
Wed Nov 7 11:52:06 BOT 2012: Ajax-> Mostrar Ranking > tono:123218 
Wed Nov 7 11:52:45 BOT 2012: Ajax->Mostrar Comentarios:  
Wed Nov 7 11:56:25 BOT 2012: ASYNC -> STATS> Tiempo respuesta -0.267943 seg.
Wed Nov 7 11:56:25 BOT 2012: Ajax->Mostrar Reproducciones:  
Wed Nov 7 11:57:40 BOT 2012: Ajax-> Mostrar Comentarios> tono:103571 
Wed Nov 7 11:58:10 BOT 2012: Ajax-> Mostrar  Nombre Genero > tono:102691 
Wed Nov 7 12:00:05 BOT 2012: Ajax->Mostrar Imagen Portada:  
Wed Nov 7 12:01:02 BOT 2012: Asignar backtone escuchado > Asi termino:104886,
Wed Nov 7 12:01:08 BOT 2012: Ajax-> Mostrar  Imagen Portada> tono:103274 
Wed Nov 7 12:02:35 BOT 2012: Ajax->Mostrar Nombre Genero:  
Wed Nov 7 12:02:35 BOT 2012: Ajax->Mostrar Ranking:  
Wed Nov 7 12:02:41 BOT 2012: Asignar backtone escuchado > Asi termino:113600,113602,104886,
Wed Nov 7 12:02:41 BOT 2012: Asignar backtone escuchado > Asi termino:105758,106308,106307,106306,103671,103598,104307,103224,104199,199,104465,130832,104023,133699,104582,136630,102694,152112,104661,106305,
Wed Nov 7 12:03:38 BOT 2012: Ajax->Mostrar Megusta:  
Wed Nov 7 12:05:48 BOT 2012: Mostrar Cantidad reproducciones: tono:145176 cantidad: 0
Wed Nov 7 12:06:39 BOT 2012: ASYNC -> STATS> Tiempo respuesta 0.004988 seg.
Wed Nov 7 12:07:09 BOT 2012: Busqueda Inteligente: resultados >104963
Wed Nov 7 12:09:36 BOT 2012: Ajax-> Mostrar  Imagen Portada> Album:albumes/GNR live-era-87-93.jpg
Wed Nov 7 12:12:40 BOT 2012: Ajax->Mostrar Imagen Portada:  
Wed Nov 7 12:14:40 BOT 2012: Ajax-> Mostrar Ranking > tono:131762 
Wed Nov 7 12:15:28 BOT 2012: Ajax->Mostrar Imagen Portada:  
Wed Nov 7 12:20:23 BOT 2012: Ajax-> Mostrar Ranking > tono:106380 
Wed Nov 7 12:23:03 BOT 2012: Ajax-> Mostrar  Nombre Artista > tono:142286 
Wed Nov 7 12:25:57 BOT 2012: Checklogin > msisdn: 77013687 , pin:aaYPxYQJIQX2g
Wed Nov 7 12:26:27 BOT 2012: Ajax->Mostrar Ranking:  
Wed Nov 7 12:27:12 BOT 2012: Ajax->Mostrar Comentarios:  
Wed Nov 7 12:27:15 BOT 2012: Ajax->Mostrar Nombre Artista:  
Wed Nov 7 12:27:21 BOT 2012: Ajax-> Mostrar  Nombre Genero > tono:155420 
Wed Nov 7 12:29:19 BOT 2012: ASYNC -> STATS> Tiempo respuesta -0.133505 seg.
Wed Nov 7 12:29:55 BOT 2012: Ajax->Mostrar Nombre Artista:  
Wed Nov 7 12:31:58 BOT 2012: Ajax->Mostrar Comentarios:  
Wed Nov 7 12:32:22 BOT 2012: Ajax->Mostrar Megusta:  
Wed Nov 7 12:32:43 BOT 2012: Ajax->Mostrar Ranking:  
Wed Nov 7 12:32:43 BOT 2012: Asignar backtone escuchado > Asi termino:127417,124025,104553,103142,126462,130984,134015,149822,109227,103472,103477,103478,105746,106295,103328,106288,102622,104195,105533,152126,
Wed Nov 7 12:32:52 BOT 2012: Ajax-> Mostrar Ranking > tono:137811 
Wed Nov 7 12:34:28 BOT 2012: Ajax->Mostrar Imagen Portada:  
Wed Nov 7 12:34:34 BOT 2012: Ajax->Mostrar Comentarios:  
Wed Nov 7 12:35:02 BOT 2012: Asignar backtone escuchado > Asi termino:102791,103275,102638,125511,125517,132096,105273,152112,102782,103083,102756,104561,105406,144686,145154,104926,102741,150020,102630,155380,
Wed Nov 7 12:37:26 BOT 2012: Error al consultar precio de renovacion - msisdn: tono:157854 - Async responde -3
Wed Nov 7 12:37:56 BOT 2012: ASYNC -> STATS> Tiempo respuesta 0.262255 seg.
Wed Nov 7 12:37:56 BOT 2012: ASYNC -> STATS> Tiempo respuesta 0.231256 seg.
Wed Nov 7 12:37:59 BOT 2012: ASYNC -> STATS> Tiempo respuesta 0.02292 seg.
Wed Nov 7 12:37:59 BOT 2012: Ajax->Mostrar Megusta:  
Wed Nov 7 12:37:59 BOT 2012: Asignar backtone escuchado > Asi termino:105576,104176,104167,145059,124383,124408,124404,105574,630,105570,105568,105566,105622,
Wed Nov 7 12:38:50 BOT 2012: Ajax-> Mostrar Ranking > tono:103154 
Wed Nov 7 12:41:33 BOT 2012: Mostrar Cantidad reproducciones: tono:123218 cantidad: 0
Wed Nov 7 12:41:45 BOT 2012: Ajax-> Mostrar Ranking > tono:116507 
Wed Nov 7 12:42:36 BOT 2012: Ajax->Mostrar Reproducciones:  
Wed Nov 7 12:44:03 BOT 2012: Ajax-> Mostrar Megusta> tono:123218 
Wed Nov 7 12:44:12 BOT 2012: Ajax->Mostrar Megusta:  
Wed Nov 7 12:44:12 BOT 2012: Asignar backtone escuchado > Asi termino:102741,106304,104567,144690,103595,103190,103691,126462,145261,130984,103991,150020,144104,126476,103474,103477,105746,104165,103940,104533,
Wed Nov 7 12:45:30 BOT 2012: Ajax-> Mostrar Comentarios> tono:137818 
Wed Nov 7 12:46:06 BOT 2012: ASYNC -> STATS> Tiempo respuesta 0.003849 seg.
Wed Nov 7 12:46:09 BOT 2012: Ajax-> Mostrar Comentarios> tono:134015 
Wed Nov 7 12:46:16 BOT 2012: Asignar backtone escuchado > Asi termino:103161,103297,103160,103159,103296,103158,103295,103157,103156,103294,103155,103154,103293,103153,103152,103292,103151,103291,103150,550,
Wed Nov 7 12:47:52 BOT 2012: Ajax->Mostrar Reproducciones:  
Wed Nov 7 12:50:22 BOT 2012: Ajax->Mostrar Reproducciones:  
Wed Nov 7 12:50:28 BOT 2012: Mostrar Cantidad reproducciones: tono:109314 cantidad: 0
Wed Nov 7 12:50:46 BOT 2012: ASYNC -> STATS> Tiempo respuesta 0.004645 seg.
Wed Nov 7 12:52:56 BOT 2012: Mostrar Comentarios : tono:103474 
Wed Nov 7 12:53:11 BOT 2012: Ajax->Mostrar Ranking:  
Wed Nov 7 12:53:11 BOT 2012: Ajax->Mostrar Nombre Genero:  
Wed Nov 7 12:55:29 BOT 2012: Ajax-> Mostrar Ranking > tono:103156 
Wed Nov 7 12:55:50 BOT 2012: Ajax-> Mostrar  Nombre Genero > tono:133454 
Wed Nov 7 12:56:32 BOT 2012: Ajax->Mostrar Ranking:  
Wed Nov 7 12:56:41 BOT 2012: Ajax->Mostrar Ranking:  
Wed Nov 7 12:56:44 BOT 2012: Consulta de precio de reason:3 - msisdn: tono:106308 Async responde:350
 
Wed Nov 7 12:58:00 BOT 2012: Asignar backtone escuchado > Asi termino:123218,135674,133865,133859,133454,105248,133453,133452,129927,130364,128672,102776,102777,102778,128606,128670,131765,131764,131762,
Wed Nov 7 12:58:45 BOT 2012: Ajax->Mostrar Comentarios:  
Wed Nov 7 12:59:45 BOT 2012: ASYNC -> STATS> Tiempo respuesta 0.001757 seg.
Wed Nov 7 12:59:48 BOT 2012: ASYNC -> STATS> Tiempo respuesta -0.19255 seg.
Wed Nov 7 13:01:00 BOT 2012: Ajax->Mostrar Reproducciones:  
Wed Nov 7 13:01:09 BOT 2012: Ajax->Mostrar Megusta:  
Wed Nov 7 13:09:34 BOT 2012: Ajax-> Mostrar  Imagen Portada> tono:142286 
Wed Nov 7 13:09:52 BOT 2012: ASYNC -> STATS> Tiempo respuesta 0.0050709999999999 seg.
Wed Nov 7 13:10:50 BOT 2012: Ajax->Mostrar Imagen Portada:  
Wed Nov 7 13:11:32 BOT 2012: ASYNC -> STATS> Tiempo respuesta 0.003057 seg.
Wed Nov 7 13:13:14 BOT 2012: Ajax->Mostrar Imagen Portada:  
Wed Nov 7 13:13:44 BOT 2012: Ajax->Mostrar Reproducciones:  
Wed Nov 7 13:21:09 BOT 2012: Ajax-> Mostrar  Imagen Portada> tono:155378 
Wed Nov 7 13:22:19 BOT 2012: Ajax-> Mostrar Megusta> tono:109541 
Wed Nov 7 13:22:58 BOT 2012: Asignar backtone escuchado > Asi termino:103225,103072,104024,105767,163,103274,11,103226,104025,103458,103462,
Wed Nov 7 13:24:16 BOT 2012: Ajax->Mostrar Nombre Artista:  
Wed Nov 7 13:26:31 BOT 2012: Ajax->Mostrar Megusta:  
Wed Nov 7 13:27:46 BOT 2012: ASYNC -> STATS> Tiempo respuesta 0.00035099999999999 seg.
Wed Nov 7 13:27:49 BOT 2012: ASYNC -> STATS> Tiempo respuesta -0.351523 seg.
Wed Nov 7 13:27:52 BOT 2012: Ajax->Mostrar Reproducciones:  
Wed Nov 7 13:27:55 BOT 2012: ASYNC -> STATS> Tiempo respuesta 0.012195 seg.
Wed Nov 7 13:29:07 BOT 2012: Asignar backtone escuchado > Asi termino:131824,132078,124971,109415,109414,104024,131035,104045,104044,104039,104037,11,103225,103072,105767,163,103274,103226,104025,103458,
Wed Nov 7 13:30:10 BOT 2012: Ajax-> Mostrar Ranking > tono:137266 
Wed Nov 7 13:30:52 BOT 2012: Ajax->Mostrar Megusta:  
Wed Nov 7 13:33:14 BOT 2012: Ajax->Mostrar Nombre Artista:  
Wed Nov 7 13:33:47 BOT 2012: Ajax->Mostrar Reproducciones:  
Wed Nov 7 13:33:47 BOT 2012: Consulta de precio de reason:2 - msisdn: tono:103991 Async responde:350
 
Wed Nov 7 13:40:03 BOT 2012: Ajax->Mostrar Reproducciones:  
Wed Nov 7 13:43:34 BOT 2012: Asignar backtone escuchado > Asi termino:102694,152112,104661,106305,104569,106380,62,105024,104926,104921,104920,103823,105068,102741,106304,104567,144690,103595,103190,103691,
Wed Nov 7 13:45:19 BOT 2012: ASYNC -> STATS> Tiempo respuesta 0.006307 seg.
Wed Nov 7 13:46:10 BOT 2012: Ajax-> Mostrar Ranking > tono:105373 
Wed Nov 7 13:46:40 BOT 2012: Mostrar Ranking: tono:105363 calificacion: 
Wed Nov 7 13:48:28 BOT 2012: Ajax->Mostrar Reproducciones:  
Wed Nov 7 13:48:37 BOT 2012: Ajax->Mostrar Nombre Genero:  
Wed Nov 7 13:49:07 BOT 2012: Asignar backtone escuchado > Asi termino:253,103904,155300,130053,105369,105363,105373,105383,105380,105381,105368,105371,105364,105378,105376,105379,105382,105372,105367,105366,
Wed Nov 7 13:50:47 BOT 2012: Ajax->Mostrar Ranking:  
Wed Nov 7 13:51:23 BOT 2012: Ajax->Mostrar Reproducciones:  
Wed Nov 7 13:55:09 BOT 2012: Mostrar Comentarios : tono:103086 
Wed Nov 7 13:59:12 BOT 2012: ASYNC -> STATS> Tiempo respuesta 0.309438 seg.
Wed Nov 7 13:59:15 BOT 2012: ASYNC -> STATS> Tiempo respuesta -0.0082179999999999 seg.
Wed Nov 7 13:59:18 BOT 2012: ASYNC -> STATS> Tiempo respuesta 0.0022719999999999 seg.
Wed Nov 7 13:59:21 BOT 2012: ASYNC -> STATS> Tiempo respuesta 0.004704 seg.
Wed Nov 7 13:59:24 BOT 2012: ASYNC -> STATS> Tiempo respuesta -0.240917 seg.
Wed Nov 7 13:59:24 BOT 2012: ASYNC -> STATS> Tiempo respuesta -0.021673 seg.
Wed Nov 7 13:59:27 BOT 2012: Asignar backtone escuchado > Asi termino:126476,103474,103477,105746,104165,103940,104533,104522,155380,152118,102974,105378,104957,127275,177,135225,105758,106308,106307,106306,
Wed Nov 7 14:02:55 BOT 2012: Ajax->Mostrar Nombre Genero:  
Wed Nov 7 14:03:52 BOT 2012: ASYNC -> STATS> Tiempo respuesta -0.15139 seg.
Wed Nov 7 14:04:43 BOT 2012: Ajax->Mostrar Imagen Portada:  
Wed Nov 7 14:06:49 BOT 2012: ASYNC -> STATS> Tiempo respuesta 0.050397 seg.
Wed Nov 7 14:06:52 BOT 2012: Consulta de precio de reason:10 - msisdn: tono:102691 Async responde:350
 
Wed Nov 7 14:06:53 BOT 2012: ASYNC -> STATS> Tiempo respuesta -0.027004 seg.
Wed Nov 7 14:06:53 BOT 2012: Ajax->Mostrar Nombre Genero:  
Wed Nov 7 14:06:56 BOT 2012: ASYNC -> STATS> Tiempo respuesta -0.000795 seg.
Wed Nov 7 14:06:59 BOT 2012: Ajax->Mostrar Comentarios:  
Wed Nov 7 14:06:59 BOT 2012: ASYNC -> STATS> Tiempo respuesta -0.183656 seg.
Wed Nov 7 14:06:59 BOT 2012: ASYNC -> STATS> Tiempo respuesta -0.735531 seg.
Wed Nov 7 14:08:05 BOT 2012: Ajax-> Mostrar Ranking > tono:102691 
Wed Nov 7 14:16:21 BOT 2012: Ajax-> Mostrar  Nombre Artista > tono:103144 
Wed Nov 7 14:16:33 BOT 2012: Ajax->Mostrar Ranking:  
Wed Nov 7 14:18:21 BOT 2012: Ajax-> Mostrar Ranking > tono:540 
Wed Nov 7 14:18:55 BOT 2012: Ajax-> Mostrar Megusta> tono:135225 
Wed Nov 7 14:20:19 BOT 2012: Ajax-> Mostrar Ranking > tono:103292 
Wed Nov 7 14:23:55 BOT 2012: Asignar backtone escuchado > Asi termino:116862,126855,126857,103702,103701,103700,104257,75,102551,103349,503,102924,507,105282,102765,105247,105245,104491,105242,
Wed Nov 7 14:24:52 BOT 2012: Ajax-> Mostrar  Nombre Genero > tono:109541 
Wed Nov 7 14:25:41 BOT 2012: Ajax-> Mostrar Comentarios> tono:155386 
Wed Nov 7 14:27:17 BOT 2012: Ajax-> Mostrar Ranking > tono:150020 
Wed Nov 7 14:28:05 BOT 2012: ASYNC -> STATS> Tiempo respuesta -0.217652 seg.
Wed Nov 7 14:28:56 BOT 2012: Ajax->Mostrar Imagen Portada:  
Wed Nov 7 14:29:29 BOT 2012: ASYNC -> STATS> Tiempo respuesta 0.004927 seg.
Wed Nov 7 14:30:59 BOT 2012: Asignar backtone escuchado > Asi termino:109541,142286,102691,
Wed Nov 7 14:31:09 BOT 2012: Ajax->Mostrar Nombre Artista:  
Wed Nov 7 14:31:12 BOT 2012: Ajax->Mostrar Ranking:  
Wed Nov 7 14:31:15 BOT 2012: ASYNC -> STATS> Tiempo respuesta 3.9999999999998E-05 seg.
Wed Nov 7 14:31:15 BOT 2012: Ajax->Mostrar Ranking:  
Wed Nov 7 14:31:15 BOT 2012: Asignar backtone escuchado > Asi termino:123218,103466,
Wed Nov 7 14:31:18 BOT 2012: Asignar backtone escuchado > Asi termino:144690,103595,103190,103691,126462,145261,130984,103991,150020,144104,126476,103474,103477,105746,104165,103940,104533,104522,155380,152118,
Wed Nov 7 14:36:42 BOT 2012: Ajax->Mostrar Ranking:  
Wed Nov 7 14:45:41 BOT 2012: Ajax->Mostrar Imagen Portada:  
Wed Nov 7 14:46:14 BOT 2012: Mostrar Megusta> tono: 123218 msisdn: > a otros 20  les gusta 
Wed Nov 7 14:47:35 BOT 2012: Ajax-> Mostrar Ranking > tono:103997 
Wed Nov 7 14:47:38 BOT 2012: ASYNC -> STATS> Tiempo respuesta -0.0088079999999999 seg.
Wed Nov 7 14:47:38 BOT 2012: ASYNC -> STATS> Tiempo respuesta 0.044894 seg.
Wed Nov 7 14:47:38 BOT 2012: Ajax->Mostrar Ranking:  
Wed Nov 7 14:47:41 BOT 2012: ASYNC -> STATS> Tiempo respuesta 0.532128 seg.
Wed Nov 7 14:47:44 BOT 2012: ASYNC -> STATS> Tiempo respuesta 0.423958 seg.
Wed Nov 7 14:47:47 BOT 2012: Ajax-> Mostrar Ranking > tono:142286 
Wed Nov 7 14:54:52 BOT 2012: ASYNC -> STATS> Tiempo respuesta 0.006435 seg.
Wed Nov 7 14:55:10 BOT 2012: WEB_REPRODUCIR_BUSQUEDA > Se recibieron:94 tonos
Wed Nov 7 14:57:10 BOT 2012: Ajax-> Mostrar  Nombre Genero > tono:103190 
Wed Nov 7 14:59:25 BOT 2012: ASYNC -> STATS> Tiempo respuesta 0.128538 seg.
Wed Nov 7 15:01:14 BOT 2012: Ajax-> Mostrar Ranking > tono:550 
Wed Nov 7 15:02:44 BOT 2012: ASYNC -> STATS> Tiempo respuesta 0.00634 seg.
Wed Nov 7 15:02:47 BOT 2012: Ajax->Mostrar Reproducciones:  
Wed Nov 7 15:03:26 BOT 2012: ASYNC -> STATS> Tiempo respuesta 0.002813 seg.
Wed Nov 7 15:09:30 BOT 2012: Ajax->Mostrar Nombre Artista:  
Wed Nov 7 15:10:36 BOT 2012: Ajax-> Mostrar Ranking > tono:103671 
Wed Nov 7 15:13:46 BOT 2012: Session Start>  session por defecto 
Wed Nov 7 15:14:40 BOT 2012: ASYNC -> STATS> Tiempo respuesta -0.005115 seg.
Wed Nov 7 15:14:43 BOT 2012: Ajax->Mostrar Reproducciones:  
Wed Nov 7 15:14:46 BOT 2012: Ajax-> Mostrar Comentarios> tono:142286 
Wed Nov 7 15:19:56 BOT 2012: Asignar backtone escuchado > Asi termino:123218,103466,
Wed Nov 7 15:23:24 BOT 2012: Ajax->Mostrar Megusta:  
Wed Nov 7 15:28:30 BOT 2012: ASYNC -> STATS> Tiempo respuesta 0.017617 seg.
Wed Nov 7 15:31:40 BOT 2012: Ajax->Mostrar Ranking:  
Wed Nov 7 15:32:28 BOT 2012: Ajax-> Mostrar Comentarios> tono:109389 
Wed Nov 7 15:32:28 BOT 2012: Ajax->Mostrar Imagen Portada:  
Wed Nov 7 15:37:08 BOT 2012: Ajax-> Mostrar Comentarios> tono:123218 
Wed Nov 7 15:39:20 BOT 2012: Ajax-> Mostrar Ranking > tono:105758 
Wed Nov 7 15:40:15 BOT 2012: Ajax->Mostrar Comentarios:  
Wed Nov 7 15:40:36 BOT 2012: Ajax->Mostrar Ranking:  
Wed Nov 7 15:40:36 BOT 2012: Ajax->Mostrar Reproducciones:  
Wed Nov 7 15:40:42 BOT 2012: ASYNC -> STATS> Tiempo respuesta 0.015387 seg.
Wed Nov 7 15:40:45 BOT 2012: Ajax-> Mostrar Megusta> tono:177 
Wed Nov 7 15:40:45 BOT 2012: ASYNC -> STATS> Tiempo respuesta -0.005148 seg.
Wed Nov 7 15:40:45 BOT 2012: ASYNC -> STATS> Tiempo respuesta -0.36438 seg.
Wed Nov 7 15:40:45 BOT 2012: Asignar backtone escuchado > Asi termino:103430,434,104555,127435,127417,104560,129234,104553,103451,104092,144638,145181,126028,104805,103784,104757,102728,127449,127447,
Wed Nov 7 15:40:51 BOT 2012: ASYNC -> STATS> Tiempo respuesta -0.025258 seg.
Wed Nov 7 15:40:51 BOT 2012: ASYNC -> STATS> Tiempo respuesta -0.005811 seg.
Wed Nov 7 15:40:51 BOT 2012: Ajax->Mostrar Imagen Portada:  
Wed Nov 7 15:40:51 BOT 2012: Ajax->Mostrar Ranking:  
Wed Nov 7 15:40:51 BOT 2012: Ajax->Mostrar Ranking:  
Wed Nov 7 15:40:54 BOT 2012: Ajax->Mostrar Ranking:  
Wed Nov 7 15:41:30 BOT 2012: STATS > BUSQUEDA DE BACKTONE >Tiempo: -0.169188 seg. | registros: 64
Wed Nov 7 15:43:51 BOT 2012: Ajax-> Mostrar  Imagen Portada> tono:104555 
Wed Nov 7 15:48:28 BOT 2012: Ajax->Mostrar Nombre Genero:  
Wed Nov 7 15:49:20 BOT 2012: Ajax-> Mostrar  Imagen Portada> tono:104556 
Wed Nov 7 15:49:44 BOT 2012: MTD_DB_BUSCAR_ARTISTAS > retornando registros:47
Wed Nov 7 15:50:53 BOT 2012: Mostrar Genero: >G&eacute;nero:  <a href='index.php?seccion=playlist&genero=108'>Cristianas</a>
Wed Nov 7 15:54:12 BOT 2012: Ajax-> Mostrar Ranking > tono:123218 
Wed Nov 7 15:54:27 BOT 2012: ASYNC -> STATS> Tiempo respuesta 0.002166 seg.
Wed Nov 7 15:54:36 BOT 2012: Ajax-> Mostrar Ranking > tono:102691 
Wed Nov 7 15:56:39 BOT 2012: Ajax->Mostrar Reproducciones:  
Wed Nov 7 15:57:54 BOT 2012: ASYNC -> STATS> Tiempo respuesta 0.0031629999999999 seg.
Wed Nov 7 15:59:40 BOT 2012: Ajax->Mostrar Imagen Portada:  
Wed Nov 7 15:59:55 BOT 2012: ASYNC -> STATS> Tiempo respuesta 0.003814 seg.
Wed Nov 7 16:04:05 BOT 2012: ASYNC -> STATS> Tiempo respuesta 0.002091 seg.
Wed Nov 7 16:04:05 BOT 2012: ASYNC -> STATS> Tiempo respuesta -0.040997 seg.
Wed Nov 7 16:04:08 BOT 2012: ASYNC -> STATS> Tiempo respuesta -0.253778 seg.
Wed Nov 7 16:04:11 BOT 2012: Consulta de precio de reason:5 - msisdn: tono:109541 Async responde:350
 
Wed Nov 7 16:04:23 BOT 2012: Asignar backtone escuchado > Asi termino:102691,109541,142286,
Wed Nov 7 16:04:26 BOT 2012: Ajax->Mostrar Megusta:  
Wed Nov 7 16:08:17 BOT 2012: Ajax-> Mostrar Ranking > tono:102668 
Wed Nov 7 16:10:18 BOT 2012: Session Start>  Chequeo de sesion
Wed Nov 7 16:12:54 BOT 2012: Busqueda Inteligente: resultados >104307
Wed Nov 7 16:13:33 BOT 2012: Ajax->Mostrar Nombre Genero:  
Wed Nov 7 16:17:13 BOT 2012: ASYNC -> STATS> Tiempo respuesta 0.0058779999999999 seg.
Wed Nov 7 16:18:46 BOT 2012: Ajax-> Mostrar  Nombre Genero > tono:150234 
Wed Nov 7 16:19:47 BOT 2012: Busqueda Inteligente: resultados >146583
Wed Nov 7 16:24:08 BOT 2012: Ajax-> Mostrar Ranking > tono:104449 
Wed Nov 7 16:25:36 BOT 2012: Consulta de precio de reason:10 - msisdn: tono:104676 Async responde:350
 
Wed Nov 7 16:25:42 BOT 2012: Ajax->Mostrar Imagen Portada:  
Wed Nov 7 16:26:06 BOT 2012: ASYNC -> STATS> Tiempo respuesta 0.003535 seg.
Wed Nov 7 16:26:48 BOT 2012: Ajax-> Mostrar  Genero > G&eacute;nero:  <a href='index.php?seccion=playlist&genero=102'>Chistes</a>
Wed Nov 7 16:27:06 BOT 2012: ASYNC -> STATS> Tiempo respuesta 0.061525 seg.
Wed Nov 7 16:27:06 BOT 2012: Ajax->Mostrar Ranking:  
Wed Nov 7 16:29:22 BOT 2012: Busqueda Inteligente: resultados >109384
Wed Nov 7 16:29:52 BOT 2012: ASYNC -> STATS> Tiempo respuesta 0.005314 seg.
Wed Nov 7 16:31:19 BOT 2012: Ajax->Mostrar Reproducciones:  
Wed Nov 7 16:35:05 BOT 2012: Ajax-> Mostrar Ranking > tono:103127 
Wed Nov 7 16:36:17 BOT 2012: Busqueda Inteligente: resultados >105836
Wed Nov 7 16:42:54 BOT 2012: Mostrar Genero: >G&eacute;nero:  <a href='index.php?seccion=playlist&genero=110'>Cumbia</a>
Wed Nov 7 16:43:45 BOT 2012: Ajax->Mostrar Imagen Portada:  
Wed Nov 7 16:43:51 BOT 2012: Ajax-> Mostrar Comentarios> tono:109323 
Wed Nov 7 16:44:00 BOT 2012: ASYNC -> STATS> Tiempo respuesta 0.007362 seg.
Wed Nov 7 16:44:18 BOT 2012: Asignar backtone escuchado > Asi termino:104342,109233,109231,109208,104289,104646,103422,544,103421,102550,124975,103526,105322,384,105527,104622,109323,105321,107583,104343,
Wed Nov 7 16:45:21 BOT 2012: Ajax-> Mostrar Megusta> tono:131757 
Wed Nov 7 16:45:30 BOT 2012: ASYNC -> STATS> Tiempo respuesta 0.098051 seg.
Wed Nov 7 16:46:16 BOT 2012: Ajax-> Mostrar Ranking > tono:625 
Wed Nov 7 16:47:19 BOT 2012: ASYNC -> STATS> Tiempo respuesta 0.005167 seg.
Wed Nov 7 16:48:22 BOT 2012: Ajax-> Mostrar Comentarios> tono:103823 
Wed Nov 7 16:49:58 BOT 2012: Ajax-> Mostrar Comentarios> tono:626 
Wed Nov 7 16:51:47 BOT 2012: Ajax-> Mostrar  Nombre Genero > tono:102795 
Wed Nov 7 16:52:08 BOT 2012: Ajax->Mostrar Megusta:  
Wed Nov 7 16:52:11 BOT 2012: ASYNC -> STATS> Tiempo respuesta -0.011671 seg.
Wed Nov 7 16:52:11 BOT 2012: Ajax->Mostrar Reproducciones:  
Wed Nov 7 16:52:29 BOT 2012: Ajax-> Mostrar  Imagen Portada> tono:105238 
Wed Nov 7 16:53:17 BOT 2012: Ajax-> Mostrar  Imagen Portada> tono:136630 
Wed Nov 7 16:57:57 BOT 2012: ASYNC -> STATS> Tiempo respuesta 0.487721 seg.
Wed Nov 7 16:58:00 BOT 2012: Consulta de precio de reason:2 - msisdn: tono:109541 Async responde:350
 
Wed Nov 7 16:58:48 BOT 2012: Asignar backtone escuchado > Asi termino:105547,105546,105262,151286,130806,104527,104458,134,103496,135105,103503,104529,135049,103504,130808,142624,142622,135095,103247,135087,
Wed Nov 7 16:59:18 BOT 2012: Ajax->Mostrar Comentarios:  
Wed Nov 7 16:59:36 BOT 2012: Ajax->Mostrar Imagen Portada:  
Wed Nov 7 17:01:22 BOT 2012: Asignar backtone escuchado > Asi termino:151286,129675,109407,105547,132110,147195,105263,105092,147197,131721,105548,105550,131722,142913,105093,105549,147530,105546,105262,
Wed Nov 7 17:02:04 BOT 2012: Ajax->Mostrar Nombre Genero:  
Wed Nov 7 17:03:19 BOT 2012: Ajax-> Mostrar  Imagen Portada> tono:129899 
Wed Nov 7 17:03:31 BOT 2012: Ajax->Mostrar Ranking:  
Wed Nov 7 17:03:43 BOT 2012: ASYNC -> STATS> Tiempo respuesta 0.0020370000000001 seg.
Wed Nov 7 17:06:26 BOT 2012: Ajax-> Mostrar Megusta> tono:127427 
Wed Nov 7 17:06:32 BOT 2012: WEB_REPRODUCIR_BUSQUEDA > Se recibieron:82 tonos
Wed Nov 7 17:07:05 BOT 2012: Mostrar Comentarios : tono:103423 
Wed Nov 7 17:08:38 BOT 2012: Ajax->Mostrar Comentarios:  
Wed Nov 7 17:08:56 BOT 2012: Ajax->Mostrar Nombre Artista:  
Wed Nov 7 17:09:14 BOT 2012: Ajax-> Mostrar Ranking > tono:240 
Wed Nov 7 17:11:03 BOT 2012: ASYNC -> STATS> Tiempo respuesta 0.001648 seg.
Wed Nov 7 17:12:24 BOT 2012: Ajax-> Mostrar  Nombre Genero > tono:103427 
Wed Nov 7 17:12:27 BOT 2012: Ajax->Mostrar Reproducciones:  
Wed Nov 7 17:13:09 BOT 2012: Ajax->Mostrar Nombre Genero:  
Wed Nov 7 17:13:24 BOT 2012: Ajax->Mostrar Reproducciones:  
Wed Nov 7 17:14:00 BOT 2012: Ajax->Mostrar Megusta:  
Wed Nov 7 17:15:21 BOT 2012: Ajax->Mostrar Reproducciones:  
Wed Nov 7 17:15:24 BOT 2012: Ajax->Mostrar Ranking:  
Wed Nov 7 17:15:24 BOT 2012: Ajax->Mostrar Megusta:  
Wed Nov 7 17:15:27 BOT 2012: Asignar backtone escuchado > Asi termino:104036,103643,105402,104035,104034,207,103653,103032,198,102795,104033,103031,120230,119112,103030,103652,102674,203,109975,108556,
Wed Nov 7 17:15:27 BOT 2012: Ajax-> Mostrar Ranking > tono:103592 
Wed Nov 7 17:15:36 BOT 2012: ASYNC -> STATS> Tiempo respuesta 0.002656 seg.
Wed Nov 7 17:17:34 BOT 2012: ASYNC -> STATS> Tiempo respuesta 0.002877 seg.
Wed Nov 7 17:17:37 BOT 2012: Ajax-> Mostrar Ranking > tono:135135 
Wed Nov 7 17:18:01 BOT 2012: Ajax->Mostrar Reproducciones:  
Wed Nov 7 17:21:16 BOT 2012: Ajax-> Mostrar Ranking > tono:102723 
Wed Nov 7 17:21:22 BOT 2012: Ajax->Mostrar Comentarios:  
Wed Nov 7 17:23:05 BOT 2012: Ajax->Mostrar Imagen Portada:  
Wed Nov 7 17:23:14 BOT 2012: Ajax->Mostrar Comentarios:  
Wed Nov 7 17:28:06 BOT 2012: Ajax->Mostrar Megusta:  
Wed Nov 7 17:34:43 BOT 2012: Consulta de precio de reason:2 - msisdn: tono:109541 Async responde:350
 
Wed Nov 7 17:37:52 BOT 2012: Ajax->Actualizar pin usuario >recibe el msisdn: 
Wed Nov 7 17:40:47 BOT 2012: Ajax->Mostrar Comentarios:  
Wed Nov 7 17:42:47 BOT 2012: Asignar backtone escuchado > Asi termino:128223,
Wed Nov 7 17:47:06 BOT 2012: Ajax-> Mostrar Ranking > tono:103686 
Wed Nov 7 17:49:42 BOT 2012: Ajax-> Mostrar Comentarios> tono:147767 
Wed Nov 7 17:50:28 BOT 2012: ASYNC -> STATS> Tiempo respuesta -0.201749 seg.
Wed Nov 7 17:50:31 BOT 2012: ASYNC -> STATS> Tiempo respuesta -0.535311 seg.
Wed Nov 7 17:51:19 BOT 2012: ASYNC -> STATS> Tiempo respuesta 0.0031 seg.
Wed Nov 7 17:51:34 BOT 2012: Ajax->Mostrar Nombre Genero:  
Wed Nov 7 17:54:10 BOT 2012: Ajax->Mostrar Reproducciones:  
Wed Nov 7 17:55:46 BOT 2012: Busqueda Inteligente: resultados >126162
Wed Nov 7 17:55:58 BOT 2012: Ajax->Mostrar Megusta:  
Wed Nov 7 17:58:59 BOT 2012: Asignar backtone escuchado > Asi termino:128304,109415,102650,105244,145222,104084,102727,104340,457,113603,103735,108518,109210,157850,104342,109208,104343,104344,104345,104405,
Wed Nov 7 17:59:17 BOT 2012: Ajax-> Mostrar Ranking > tono:102974 
Wed Nov 7 17:59:47 BOT 2012: Mostrar Album: >Artista:  <a href='index.php?seccion=playlist&autor=1538'>Go Media</a>
Wed Nov 7 18:03:33 BOT 2012: Ajax->Mostrar Megusta:  
Wed Nov 7 18:03:48 BOT 2012: Ajax->Mostrar Megusta:  
Wed Nov 7 18:05:09 BOT 2012: ASYNC -> STATS> Tiempo respuesta 0.0049089999999999 seg.
Wed Nov 7 18:06:30 BOT 2012: Ajax->Mostrar Nombre Artista:  
Wed Nov 7 18:06:33 BOT 2012: ASYNC -> STATS> Tiempo respuesta 0.001432 seg.
Wed Nov 7 18:06:39 BOT 2012: ASYNC -> STATS> Tiempo respuesta 0.004579 seg.
Wed Nov 7 18:07:58 BOT 2012: Mostrar Genero: >G&eacute;nero:  <a href='index.php?seccion=playlist&genero=132'>Pop</a>
Wed Nov 7 18:08:04 BOT 2012: Busqueda Inteligente: resultados >136220
Wed Nov 7 18:09:28 BOT 2012: ASYNC -> STATS> Tiempo respuesta 0.003283 seg.
Wed Nov 7 18:12:04 BOT 2012: Ajax->Mostrar Imagen Portada:  
Wed Nov 7 18:13:53 BOT 2012: Ajax->Mostrar Megusta:  
Wed Nov 7 18:16:47 BOT 2012: ASYNC -> STATS> Tiempo respuesta 0.006603 seg.
Wed Nov 7 18:21:21 BOT 2012: Mostrar Ranking: tono:104312 calificacion: 
Wed Nov 7 18:23:27 BOT 2012: Ajax->Asignar modalidad backtone: msisdn:76940606   
Wed Nov 7 18:23:30 BOT 2012: Consulta de precio de reason:3 - msisdn:78697727 tono:128614 Async responde:350
 
Wed Nov 7 18:24:15 BOT 2012: Mostrar Ranking: tono:104316 calificacion: 
Wed Nov 7 18:25:52 BOT 2012: ASYNC -> STATS> Tiempo respuesta 0.002099 seg.
Wed Nov 7 18:25:55 BOT 2012: Ajax->Mostrar Ranking:  
Wed Nov 7 18:25:55 BOT 2012: Ajax->Mostrar Ranking:  
Wed Nov 7 18:28:49 BOT 2012: Ajax-> Mostrar  Nombre Genero > tono:103709 
Wed Nov 7 18:28:58 BOT 2012: Agregar Tonos Asignados al amigo-> msisdn:76940606 tono: ani: 
Wed Nov 7 18:30:34 BOT 2012: Ajax-> Mostrar Comentarios> tono:142286 
Wed Nov 7 18:32:53 BOT 2012: Ajax-> Mostrar  Imagen Portada> tono:130053 
Wed Nov 7 18:35:05 BOT 2012: Mostrar Ranking: tono:102691 calificacion: 
Wed Nov 7 18:36:11 BOT 2012: Check Session > msisdn: 76654577 > Usuario Valido 
Wed Nov 7 18:36:23 BOT 2012: Ajax->Mostrar Megusta:  
Wed Nov 7 18:37:33 BOT 2012: Ajax-> Mostrar Ranking > tono:105068 
Wed Nov 7 18:37:36 BOT 2012: Ajax->Mostrar Nombre Artista:  
Wed Nov 7 18:37:45 BOT 2012: Ajax->Mostrar Ranking:  
Wed Nov 7 18:37:45 BOT 2012: Ajax-> Mostrar Ranking > tono:112462 
Wed Nov 7 18:37:51 BOT 2012: ASYNC -> STATS> Tiempo respuesta 0.014673 seg.
Wed Nov 7 18:38:27 BOT 2012: Consulta de precio de reason:2 - msisdn: tono:109541 Async responde:350
 
Wed Nov 7 18:38:27 BOT 2012: Ajax->Mostrar Comentarios:  
Wed Nov 7 18:38:45 BOT 2012: Busqueda Inteligente: resultados >128220
Wed Nov 7 18:39:09 BOT 2012: Ajax->Mostrar Imagen Portada:  
Wed Nov 7 18:39:33 BOT 2012: ASYNC -> STATS> Tiempo respuesta 0.00619 seg.
Wed Nov 7 18:40:18 BOT 2012: Busqueda Inteligente: resultados >130364
Wed Nov 7 18:43:34 BOT 2012: Asignar backtone escuchado > Asi termino:125661,126173,126175,152224,126167,105988,105986,120243,103130,112462,149,112464,105043,81,103506,122645,86,103640,107747,145317,
Wed Nov 7 18:44:16 BOT 2012: Ajax-> Mostrar Ranking > tono:104745 
Wed Nov 7 18:45:04 BOT 2012: Mostrar Cantidad reproducciones: tono:123010 cantidad: 0
Wed Nov 7 18:45:28 BOT 2012: Busqueda Inteligente: resultados >147534
Wed Nov 7 18:47:25 BOT 2012: Ajax->Mostrar Reproducciones:  
Wed Nov 7 18:49:11 BOT 2012: Ajax->Mostrar Reproducciones:  
Wed Nov 7 18:49:12 BOT 2012: Busqueda Inteligente: resultados >103491
Wed Nov 7 18:50:26 BOT 2012: Ajax->Asignar modalidad backtone: msisdn:77718383   
Wed Nov 7 18:52:11 BOT 2012: Ajax->Mostrar Comentarios:  
Wed Nov 7 18:55:48 BOT 2012: Asignar backtone escuchado > Asi termino:103940,104533,104522,155380,152118,102974,105378,104957,127275,177,135225,105758,106308,106307,106306,103671,103598,104307,103224,104199,
Wed Nov 7 18:55:51 BOT 2012: ASYNC -> STATS> Tiempo respuesta 0.004359 seg.
Wed Nov 7 18:55:51 BOT 2012: ASYNC -> STATS> Tiempo respuesta 0.168408 seg.
Wed Nov 7 18:57:09 BOT 2012: ASYNC -> STATS> Tiempo respuesta 0.317728 seg.
Wed Nov 7 19:04:22 BOT 2012: Ajax-> Mostrar Ranking > tono:155646 
Wed Nov 7 19:05:22 BOT 2012: Ajax->Mostrar Imagen Portada:  
Wed Nov 7 19:07:41 BOT 2012: Ajax->Mostrar Ranking:  
Wed Nov 7 19:11:35 BOT 2012: Ajax->Mostrar Megusta:  
Wed Nov 7 19:20:10 BOT 2012: Ajax-> Mostrar Megusta> tono:103268 
Wed Nov 7 19:20:46 BOT 2012: Ajax->Mostrar Nombre Artista:  
Wed Nov 7 19:24:35 BOT 2012: Ajax->Mostrar Ranking:  
Wed Nov 7 19:24:47 BOT 2012: Ajax->Mostrar Nombre Genero:  
Wed Nov 7 19:28:32 BOT 2012: ASYNC -> STATS> Tiempo respuesta -0.132201 seg.
Wed Nov 7 19:28:35 BOT 2012: Ajax->Mostrar Ranking:  
Wed Nov 7 19:28:35 BOT 2012: Ajax-> Mostrar Ranking > tono:155378 
Wed Nov 7 19:28:47 BOT 2012: ASYNC -> STATS> Tiempo respuesta -0.108882 seg.
Wed Nov 7 19:34:21 BOT 2012: Mostrar Comentarios : tono:104467 
Wed Nov 7 19:34:21 BOT 2012: ASYNC -> STATS> Tiempo respuesta 0.004525 seg.
Wed Nov 7 19:35:09 BOT 2012: Ajax-> Mostrar Ranking > tono:129675 
Wed Nov 7 19:45:29 BOT 2012: WEB_REPRODUCIR_BUSQUEDA > Se recibieron:88 tonos
Wed Nov 7 19:47:09 BOT 2012: Ajax->Mostrar Nombre Genero:  
Wed Nov 7 19:48:24 BOT 2012: Ajax->Mostrar Nombre Artista:  
Wed Nov 7 19:49:27 BOT 2012: Ajax->Mostrar Megusta:  
Wed Nov 7 19:49:36 BOT 2012: Ajax->Mostrar Comentarios:  
Wed Nov 7 19:50:45 BOT 2012: Consulta de precio de reason:2 - msisdn:77535773 tono:365 Async responde:350
 
Wed Nov 7 19:50:45 BOT 2012: ASYNC -> STATS> Tiempo respuesta 0.154176 seg.
Wed Nov 7 19:50:54 BOT 2012: ASYNC -> STATS> Tiempo respuesta 0.044774 seg.
Wed Nov 7 19:50:57 BOT 2012: ASYNC -> STATS> Tiempo respuesta 0.033168 seg.
Wed Nov 7 19:57:34 BOT 2012: Ajax->Mostrar Ranking:  
Wed Nov 7 19:59:14 BOT 2012: ASYNC -> STATS> Tiempo respuesta -0.073922 seg.
Wed Nov 7 19:59:17 BOT 2012: ASYNC -> STATS> Tiempo respuesta -0.818162 seg.
Wed Nov 7 19:59:20 BOT 2012: ASYNC -> STATS> Tiempo respuesta 0.003116 seg.
Wed Nov 7 19:59:20 BOT 2012: Ajax->Mostrar Ranking:  
Wed Nov 7 19:59:20 BOT 2012: ASYNC -> STATS> Tiempo respuesta -0.017758 seg.
Wed Nov 7 20:08:21 BOT 2012: Ajax->Mostrar Nombre Genero:  
Wed Nov 7 20:09:00 BOT 2012: Ajax->Mostrar Ranking:  
Wed Nov 7 20:09:54 BOT 2012: Ajax-> Mostrar  Nombre Artista > tono:155112 
Wed Nov 7 20:10:07 BOT 2012: ASYNC -> STATS> Tiempo respuesta 0.003236 seg.
Wed Nov 7 20:10:31 BOT 2012: Ajax->Mostrar Reproducciones:  
Wed Nov 7 20:11:04 BOT 2012: ASYNC -> STATS> Tiempo respuesta 0.003647 seg.
Wed Nov 7 20:11:07 BOT 2012: Ajax->Mostrar Megusta:  
Wed Nov 7 20:36:23 BOT 2012: ASYNC -> STATS> Tiempo respuesta 0.0032359999999999 seg.
Wed Nov 7 20:37:11 BOT 2012: Ajax->Mostrar Nombre Artista:  
Wed Nov 7 20:46:01 BOT 2012: WEB_REPRODUCIR_BUSQUEDA > Se recibieron:15 tonos
Wed Nov 7 20:46:16 BOT 2012: Ajax->Mostrar Reproducciones:  
Wed Nov 7 20:48:16 BOT 2012: Ajax->Mostrar Megusta:  
Wed Nov 7 20:51:41 BOT 2012: Ajax-> Mostrar  Nombre Artista > tono:102974 
Wed Nov 7 20:52:08 BOT 2012: Consulta de precio de reason:10 - msisdn: tono:102679 Async responde:350
 
Wed Nov 7 20:53:02 BOT 2012: Ajax-> Mostrar Comentarios> tono:131730 
Wed Nov 7 20:54:38 BOT 2012: Ajax-> Mostrar  Nombre Artista > tono:131730 
Wed Nov 7 20:56:18 BOT 2012: ASYNC -> STATS> Tiempo respuesta 0.004938 seg.
Wed Nov 7 21:06:22 BOT 2012: Ajax-> Mostrar Comentarios> tono:103462 
Wed Nov 7 21:28:38 BOT 2012: ASYNC -> STATS> Tiempo respuesta -0.274384 seg.
Wed Nov 7 21:28:38 BOT 2012: Ajax->Mostrar Reproducciones:  
Wed Nov 7 21:29:35 BOT 2012: Ajax->Mostrar Ranking:  
Wed Nov 7 21:42:56 BOT 2012: WEB REPROD BUSQ > Facebook link: http%3A%2F%2Fbacktones.tigo.com.bo%2Fv3%2Findex.php%3Fseccion%3Dplaylist%26search%3Del+amor+que+perdimos%26f%3D1%26t%3D123213
Wed Nov 7 21:43:20 BOT 2012: Ajax->Mostrar Megusta:  
Wed Nov 7 21:44:17 BOT 2012: Ajax-> Mostrar Comentarios> tono:109612 
Wed Nov 7 21:46:23 BOT 2012: ASYNC -> STATS> Tiempo respuesta -0.000332 seg.
Wed Nov 7 21:47:26 BOT 2012: Ajax-> Mostrar  Imagen Portada> tono:144311 
Wed Nov 7 21:51:09 BOT 2012: Ajax-> Mostrar Ranking > tono:578 
Wed Nov 7 21:56:28 BOT 2012: Mostrar Ranking: tono:173 calificacion: 
Wed Nov 7 21:58:49 BOT 2012: MTD_DB_BUSCAR_ARTISTAS > retornando registros:63
Wed Nov 7 22:00:59 BOT 2012: Ajax->Mostrar Reproducciones:  
Wed Nov 7 22:14:58 BOT 2012: ASYNC -> STATS> Tiempo respuesta 0.027281 seg.
Wed Nov 7 22:25:03 BOT 2012: Ajax->Actualizar pin usuario >recibe el msisdn:76934780 
Wed Nov 7 22:26:24 BOT 2012: Busqueda Inteligente: resultados >104505
Wed Nov 7 22:35:50 BOT 2012: Busqueda Inteligente: resultados >575
Wed Nov 7 22:42:48 BOT 2012: Ajax->Mostrar Comentarios:  
Wed Nov 7 22:44:00 BOT 2012: Ajax-> Mostrar Megusta> tono:107589 
Wed Nov 7 22:46:28 BOT 2012: Ajax->Mostrar Megusta:  
Wed Nov 7 22:52:59 BOT 2012: Ajax-> Mostrar Ranking > tono:104648 
Wed Nov 7 23:04:22 BOT 2012: Mostrar Album: >albumes/album-default.jpg
Wed Nov 7 23:05:16 BOT 2012: Ajax->Mostrar Megusta:  
Wed Nov 7 23:05:22 BOT 2012: ASYNC -> STATS> Tiempo respuesta -0.14598 seg.
Wed Nov 7 23:05:28 BOT 2012: Ajax->Mostrar Ranking:  
Wed Nov 7 23:05:28 BOT 2012: Asignar backtone escuchado > Asi termino:102651,104781,103761,104307,103817,103816,109965,155508,365,109964,109963,105998,145210,103830,
Wed Nov 7 23:05:31 BOT 2012: ASYNC -> STATS> Tiempo respuesta -0.427057 seg.
Wed Nov 7 23:14:17 BOT 2012: Ajax->Mostrar Imagen Portada:  
Wed Nov 7 23:17:51 BOT 2012: Ajax->Mostrar Megusta:  
Wed Nov 7 23:22:16 BOT 2012: Asignar backtone escuchado > Asi termino:122538,145825,103615,112468,103431,104580,103422,103618,136635,505,116508,104019,122,123515,102663,104973,105076,103567,114591,150074,
Wed Nov 7 23:25:01 BOT 2012: Ajax->Mostrar Nombre Artista:  
Wed Nov 7 23:26:34 BOT 2012: Ajax-> Mostrar Ranking > tono:40 
Wed Nov 7 23:27:38 BOT 2012: Busqueda Inteligente: resultados >630
Wed Nov 7 23:40:46 BOT 2012: Ajax->Mostrar Comentarios:  
Wed Nov 7 23:43:55 BOT 2012: Ajax->Mostrar Imagen Portada:  
Wed Nov 7 23:44:43 BOT 2012: Ajax->Mostrar Ranking:  
Wed Nov 7 23:47:17 BOT 2012: ASYNC -> STATS> Tiempo respuesta 0.001837 seg.
Wed Nov 7 23:47:23 BOT 2012: ASYNC -> STATS> Tiempo respuesta -0.389103 seg.
Wed Nov 7 23:48:17 BOT 2012: Ajax->Mostrar Reproducciones:  
Wed Nov 7 23:48:32 BOT 2012: Consulta de precio de reason:10 - msisdn:77808205 tono:103353 Async responde:350
 
Wed Nov 7 23:49:20 BOT 2012: Ajax->Mostrar Comentarios:  
Wed Nov 7 23:49:41 BOT 2012: Ajax-> Mostrar Megusta> tono:121 
Wed Nov 7 23:51:42 BOT 2012: Ajax->Mostrar Imagen Portada:  
Wed Nov 7 23:53:06 BOT 2012: Ajax-> Mostrar  Imagen Portada> tono:105500 
Wed Nov 7 23:54:27 BOT 2012: Ajax->Mostrar Megusta:  
