Sat Nov 3 0:03:29 BOT 2012: LISTAR_MODO_ROTACION_BACTONES > usuario: 76200055  modo:2 
Sat Nov 3 0:23:24 BOT 2012: Busqueda Inteligente: resultados >155488
Sat Nov 3 0:56:15 BOT 2012: Ajax-> Mostrar  Nombre Artista > tono:103132 
Sat Nov 3 2:28:00 BOT 2012: Busqueda Inteligente: resultados >103072
Sat Nov 3 9:48:55 BOT 2012: Ajax->Mostrar Nombre Artista:  
Sat Nov 3 9:58:53 BOT 2012: Asignar backtone escuchado > Asi termino:421,102703,102987,102740,102704,104982,102742,104246,104133,103533,104508,
Sat Nov 3 9:59:45 BOT 2012: Ajax->Mostrar Ranking:  
Sat Nov 3 10:00:06 BOT 2012: Ajax->Mostrar Comentarios:  
Sat Nov 3 10:00:57 BOT 2012: Asignar backtone escuchado > Asi termino:155482,155474,104178,155646,442,143739,109384,107794,137296,588,137301,157818,102621,169,152530,127925,109406,105528,105237,152474,
Sat Nov 3 10:10:01 BOT 2012: Asignar backtone escuchado > Asi termino:169,125735,102630,153046,155150,112469,253,142624,103126,92,105423,135151,130832,103189,155468,104471,104522,126146,120,138311,
Sat Nov 3 10:10:38 BOT 2012: Ajax->Mostrar Ranking:  
Sat Nov 3 10:13:02 BOT 2012: Ajax->Mostrar Imagen Portada:  
Sat Nov 3 10:20:03 BOT 2012: Ajax-> Mostrar Ranking > tono:152468 
Sat Nov 3 10:20:03 BOT 2012: Asignar backtone escuchado > Asi termino:103462,103458,127447,133736,
Sat Nov 3 10:21:27 BOT 2012: Ajax->Mostrar Reproducciones:  
Sat Nov 3 10:30:41 BOT 2012: ASYNC -> STATS> Tiempo respuesta 0.006726 seg.
Sat Nov 3 10:31:23 BOT 2012: ASYNC -> STATS> Tiempo respuesta 0.0031680000000001 seg.
Sat Nov 3 10:31:30 BOT 2012: Ajax-> Mostrar Ranking > tono:118744 
Sat Nov 3 10:34:36 BOT 2012: Ajax->Mostrar Reproducciones:  
Sat Nov 3 10:35:51 BOT 2012: Ajax-> Mostrar Ranking > tono:109238 
Sat Nov 3 10:37:18 BOT 2012: DB_LISTAR_TONOS> Se econtraron 89 resultados con estos ID:104575,104962,104605,139838,137296,104570,104630,272,133445,104275,271,93,131048,273,105606,105416,143748,135717,105640,102631,147953,147949,104572,235,105382,573,124025,123,103245,121516,137270,110363,104859,104579,105746,144646,126857,104992,140980,134012,145152,104285,103263,137281,102789,104348,145921,103250,548,127256,110342,135089,102790,103746,142145,156526,102791,129417,103014,102802,574,103253,103757,152530,104798,104680,118752,124047,104854,105028,145695,155080,150316,133694,145386,597,103836,134164,103703,104836,134,145928,128418,103543,135200,135213,130806,150140,136252, 
Sat Nov 3 10:37:21 BOT 2012: Ajax-> Mostrar Ranking > tono:109317 
Sat Nov 3 10:38:34 BOT 2012: ASYNC -> STATS> Tiempo respuesta -0.484272 seg.
Sat Nov 3 10:38:37 BOT 2012: Ajax-> Mostrar Ranking > tono:144638 
Sat Nov 3 10:41:46 BOT 2012: ASYNC -> STATS> Tiempo respuesta 0.0046679999999999 seg.
Sat Nov 3 10:43:47 BOT 2012: Ajax-> Mostrar  Imagen Portada> tono:127425 
Sat Nov 3 10:44:17 BOT 2012: Ajax-> Mostrar Megusta> tono:129238 
Sat Nov 3 10:54:52 BOT 2012: Ajax-> Mostrar Ranking > tono:147093 
Sat Nov 3 10:54:55 BOT 2012: Ajax-> Mostrar Ranking > tono:104362 
Sat Nov 3 10:55:49 BOT 2012: Ajax-> Mostrar  Nombre Genero > tono:104362 
Sat Nov 3 10:58:07 BOT 2012: Ajax->Mostrar Ranking:  
Sat Nov 3 10:58:10 BOT 2012: Ajax->Mostrar Reproducciones:  
Sat Nov 3 10:59:07 BOT 2012: Mostrar Ranking: tono:105274 calificacion: 1
Sat Nov 3 10:59:16 BOT 2012: Ajax-> Mostrar  Nombre Artista > tono:131036 
Sat Nov 3 11:06:42 BOT 2012: Busqueda Inteligente: resultados >103202
Sat Nov 3 11:06:54 BOT 2012: Ajax->Mostrar Megusta:  
Sat Nov 3 11:09:27 BOT 2012: Ajax->Mostrar Ranking:  
Sat Nov 3 11:10:51 BOT 2012: Asignar backtone escuchado > Asi termino:152126,131751,103322,104147,105742,104401,104429,104279,448,102650,240,105420,109414,66,105272,105274,105276,
Sat Nov 3 11:11:24 BOT 2012: ASYNC -> STATS> Tiempo respuesta 0.002005 seg.
Sat Nov 3 11:13:04 BOT 2012: Ajax->Mostrar Comentarios:  
Sat Nov 3 11:13:22 BOT 2012: Ajax->Mostrar Comentarios:  
Sat Nov 3 11:40:36 BOT 2012: Ajax->Mostrar Imagen Portada:  
Sat Nov 3 11:44:49 BOT 2012: ASYNC -> STATS> Tiempo respuesta 0.001327 seg.
Sat Nov 3 11:57:27 BOT 2012: Ajax-> Mostrar Ranking > tono:126473 
Sat Nov 3 11:57:30 BOT 2012: Ajax-> Mostrar Ranking > tono:105029 
Sat Nov 3 11:57:36 BOT 2012: Ajax->Mostrar Megusta:  
Sat Nov 3 12:06:04 BOT 2012: Busqueda Inteligente: resultados >157822
Sat Nov 3 12:14:00 BOT 2012: Ajax->Mostrar Reproducciones:  
Sat Nov 3 12:18:55 BOT 2012: Ajax-> Mostrar Comentarios> tono:134561 
Sat Nov 3 12:19:25 BOT 2012: Ajax-> Mostrar Ranking > tono:104572 
Sat Nov 3 12:19:34 BOT 2012: Ajax->Mostrar Reproducciones:  
Sat Nov 3 12:19:34 BOT 2012: Ajax-> Mostrar  Nombre Genero > tono:110108 
Sat Nov 3 12:22:28 BOT 2012: ASYNC -> STATS> Tiempo respuesta 0.003016 seg.
Sat Nov 3 12:24:59 BOT 2012: Ajax->Mostrar Reproducciones:  
Sat Nov 3 12:25:23 BOT 2012: Ajax->Mostrar Nombre Genero:  
Sat Nov 3 12:25:50 BOT 2012: Consulta de precio de reason:3 - msisdn: tono:135219 Async responde:350
 
Sat Nov 3 12:26:02 BOT 2012: Ajax->Mostrar Comentarios:  
Sat Nov 3 12:27:05 BOT 2012: Ajax->Mostrar Comentarios:  
Sat Nov 3 12:28:08 BOT 2012: Ajax-> Mostrar Ranking > tono:134635 
Sat Nov 3 12:29:56 BOT 2012: ASYNC -> STATS> Tiempo respuesta 0.001595 seg.
Sat Nov 3 12:29:56 BOT 2012: Asignar backtone escuchado > Asi termino:145207,132466,110188,105610,103478,103475,103793,276,509,104220,150214,110495,155386,103113,103114,149822,126462,103822,104440,129261,
Sat Nov 3 12:31:33 BOT 2012: Ajax->Mostrar Reproducciones:  
Sat Nov 3 12:33:24 BOT 2012: ASYNC -> STATS> Tiempo respuesta 0.0020239999999999 seg.
Sat Nov 3 12:40:49 BOT 2012: WEB_REPRODUCIR_BUSQUEDA > Se recibieron:25 tonos
Sat Nov 3 12:55:13 BOT 2012: STATS > BUSQUEDA DE BACKTONE >Tiempo: 0.037777 seg. | registros: 3
Sat Nov 3 12:56:55 BOT 2012: Ajax-> Mostrar Ranking > tono:155370 
Sat Nov 3 12:57:37 BOT 2012: Ajax-> Mostrar  Nombre Genero > tono:139846 
Sat Nov 3 12:59:44 BOT 2012: Ajax-> Mostrar  Nombre Artista > tono:139964 
Sat Nov 3 13:01:05 BOT 2012: Ajax->Mostrar Ranking:  
Sat Nov 3 13:02:47 BOT 2012: Ajax->Mostrar Nombre Genero:  
Sat Nov 3 13:09:00 BOT 2012: Mostrar Cantidad reproducciones: tono:132080 cantidad: 0
Sat Nov 3 13:11:49 BOT 2012: Asignar backtone escuchado > Asi termino:103029,105077,105078,104670,102673,131751,132080,132078,116504,145196,103963,145203,155080,135112,150316,103872,105709,102721,129897,102722,
Sat Nov 3 13:12:19 BOT 2012: STATS > BUSQUEDA DE BACKTONE >Tiempo: -0.188712 seg. | registros: 7
Sat Nov 3 13:18:20 BOT 2012: Ajax->Mostrar Megusta:  
Sat Nov 3 13:27:31 BOT 2012: Ajax->Mostrar Ranking:  
Sat Nov 3 13:32:35 BOT 2012: Ajax-> Mostrar Ranking > tono:150304 
Sat Nov 3 13:32:38 BOT 2012: Ajax->Mostrar Megusta:  
Sat Nov 3 13:33:56 BOT 2012: Ajax->Mostrar Imagen Portada:  
Sat Nov 3 13:34:32 BOT 2012: ASYNC -> STATS> Tiempo respuesta -0.480454 seg.
Sat Nov 3 13:34:35 BOT 2012: Consulta de precio de reason:10 - msisdn: tono:149 Async responde:350
 
Sat Nov 3 13:35:32 BOT 2012: Ajax->Mostrar Imagen Portada:  
Sat Nov 3 13:38:45 BOT 2012: Ajax->Mostrar Megusta:  
Sat Nov 3 13:39:42 BOT 2012: Ajax->Mostrar Ranking:  
Sat Nov 3 13:41:57 BOT 2012: Ajax->Mostrar Nombre Genero:  
Sat Nov 3 13:44:00 BOT 2012: ASYNC -> STATS> Tiempo respuesta 0.00234 seg.
Sat Nov 3 13:44:34 BOT 2012: Asignar backtone escuchado > Asi termino:139958,147095,118752,118744,118730,118728,118745,118727,118725,118724,
Sat Nov 3 13:44:58 BOT 2012: Ajax->Mostrar Megusta:  
Sat Nov 3 13:48:25 BOT 2012: Mostrar Cantidad reproducciones: tono:103232 cantidad: 0
Sat Nov 3 13:50:35 BOT 2012: Ajax->Mostrar Nombre Genero:  
Sat Nov 3 13:52:44 BOT 2012: Ajax->Mostrar Comentarios:  
Sat Nov 3 13:56:45 BOT 2012: Ajax-> Mostrar Ranking > tono:147073 
Sat Nov 3 13:58:57 BOT 2012: Error al consultar precio de renovacion - msisdn: tono:157818 - Async responde -3
Sat Nov 3 14:00:33 BOT 2012: WEB REPROD BUSQ > Facebook link: http%3A%2F%2Fbacktones.tigo.com.bo%2Fv3%2Findex.php%3Fseccion%3Dplaylist%26search%3Ddraug%26f%3D1%26t%3D123213
Sat Nov 3 14:01:36 BOT 2012: Ajax->Mostrar Nombre Genero:  
Sat Nov 3 14:04:19 BOT 2012: Mostrar Album: >Artista:  <a href='index.php?seccion=playlist&autor=257'>New Bolivia band</a>
Sat Nov 3 14:04:31 BOT 2012: Ajax->Mostrar Reproducciones:  
Sat Nov 3 14:06:22 BOT 2012: STATS > BUSQUEDA DE BACKTONE >Tiempo: 0.353721 seg. | registros: 14
Sat Nov 3 14:07:16 BOT 2012: Ajax->Mostrar Megusta:  
Sat Nov 3 14:08:41 BOT 2012: Ajax->Mostrar Comentarios:  
Sat Nov 3 14:10:44 BOT 2012: Ajax-> Mostrar Ranking > tono:102693 
Sat Nov 3 14:11:32 BOT 2012: ASYNC -> STATS> Tiempo respuesta 0.522308 seg.
Sat Nov 3 14:12:08 BOT 2012: Asignar backtone escuchado > Asi termino:137877,137815,147878,104957,
Sat Nov 3 14:14:06 BOT 2012: Busqueda Inteligente: resultados >104304
Sat Nov 3 14:15:45 BOT 2012: Ajax->Mostrar Reproducciones:  
Sat Nov 3 14:18:03 BOT 2012: Ajax-> Comprar Backtone: msisdn: 
Sat Nov 3 14:19:30 BOT 2012: Check Session > msisdn: 75950033 > Usuario Valido 
Sat Nov 3 14:19:30 BOT 2012: Ajax->Mostrar Imagen Portada:  
Sat Nov 3 14:22:12 BOT 2012: ASYNC -> STATS> Tiempo respuesta 0.002625 seg.
Sat Nov 3 14:26:00 BOT 2012: Asignar backtone escuchado > Asi termino:105343,126209,105342,152,104350,155468,103189,104476,104481,104480,104479,
Sat Nov 3 14:27:57 BOT 2012: Ajax->Mostrar Comentarios:  
Sat Nov 3 14:27:57 BOT 2012: Check Session > msisdn: 77220855 > Usuario Valido 
Sat Nov 3 14:28:16 BOT 2012: Ajax-> Mostrar Ranking > tono:135964 
Sat Nov 3 14:28:19 BOT 2012: Ajax->Mostrar Comentarios:  
Sat Nov 3 14:28:25 BOT 2012: ASYNC -> STATS> Tiempo respuesta -0.184731 seg.
Sat Nov 3 14:29:46 BOT 2012: Ajax->Mostrar Imagen Portada:  
Sat Nov 3 14:30:28 BOT 2012: WEB REPROD BUSQ > Facebook link: http%3A%2F%2Fbacktones.tigo.com.bo%2Fv3%2Findex.php%3Fseccion%3Dplaylist%26genero%3D143%26f%3D1%26t%3D123123
Sat Nov 3 14:30:37 BOT 2012: ASYNC -> STATS> Tiempo respuesta 0.002836 seg.
Sat Nov 3 14:32:13 BOT 2012: ASYNC -> STATS> Tiempo respuesta 0.003126 seg.
Sat Nov 3 14:32:16 BOT 2012: ASYNC -> STATS> Tiempo respuesta -0.005972 seg.
Sat Nov 3 14:32:25 BOT 2012: ASYNC -> STATS> Tiempo respuesta 0.0020610000000001 seg.
Sat Nov 3 14:32:28 BOT 2012: Ajax->Mostrar Reproducciones:  
Sat Nov 3 14:33:53 BOT 2012: Ajax->Mostrar Imagen Portada:  
Sat Nov 3 14:34:02 BOT 2012: ASYNC -> STATS> Tiempo respuesta -0.611703 seg.
Sat Nov 3 14:34:02 BOT 2012: Ajax->Mostrar Nombre Artista:  
Sat Nov 3 14:34:08 BOT 2012: ASYNC -> STATS> Tiempo respuesta -0.027629 seg.
Sat Nov 3 14:34:17 BOT 2012: Asignar backtone escuchado > Asi termino:103479,121,103303,104968,104789,122538,104910,144686,102953,103190,110495,103453,105096,104991,124243,104279,448,240,103234,172,
Sat Nov 3 14:38:29 BOT 2012: Ajax-> Mostrar  Imagen Portada> tono:104468 
Sat Nov 3 14:38:41 BOT 2012: Mostrar Ranking: tono:133878 calificacion: 
Sat Nov 3 14:38:44 BOT 2012: Ajax-> Mostrar  Nombre Genero > tono:133878 
Sat Nov 3 14:40:09 BOT 2012: Ajax-> Mostrar  Nombre Genero > tono:155372 
Sat Nov 3 14:40:09 BOT 2012: Ajax->Mostrar Nombre Artista:  
Sat Nov 3 14:41:48 BOT 2012: Ajax-> Mostrar Comentarios> tono:509 
Sat Nov 3 14:52:44 BOT 2012: Ajax-> Mostrar Megusta> tono:155280 
Sat Nov 3 14:57:23 BOT 2012: ASYNC -> STATS> Tiempo respuesta 0.0013839999999999 seg.
Sat Nov 3 14:57:51 BOT 2012: Ajax-> Mostrar  Nombre Artista > tono:102598 
Sat Nov 3 14:59:48 BOT 2012: Ajax-> Mostrar Megusta> tono:442 
Sat Nov 3 15:00:39 BOT 2012: Ajax->Mostrar Comentarios:  
Sat Nov 3 15:01:27 BOT 2012: Ajax->Mostrar Reproducciones:  
Sat Nov 3 15:02:57 BOT 2012: Ajax->Mostrar Nombre Genero:  
Sat Nov 3 15:03:31 BOT 2012: Ajax->Mostrar Comentarios:  
Sat Nov 3 15:07:07 BOT 2012: Ajax->Mostrar Imagen Portada:  
Sat Nov 3 15:16:48 BOT 2012: Asignar backtone escuchado > Asi termino:105047,122291,105073,104569,104294,128604,104215,128416,128414,150304,129675,135074,135075,103498,126146,123010,104532,127759,141881,109249,
Sat Nov 3 15:21:22 BOT 2012: Ajax-> Mostrar Ranking > tono:121510 
Sat Nov 3 15:21:28 BOT 2012: ASYNC -> STATS> Tiempo respuesta 0.001508 seg.
Sat Nov 3 15:25:10 BOT 2012: Asignar backtone escuchado > Asi termino:142166,139723,140825,152112,155354,137882,146575,106380,131812,142230,140821,155372,137815,128309,137814,130979,128299,121511,121510,121500,
Sat Nov 3 15:28:23 BOT 2012: Ajax-> Mostrar Ranking > tono:122291 
Sat Nov 3 15:28:44 BOT 2012: Ajax-> Mostrar Ranking > tono:103862 
Sat Nov 3 15:30:23 BOT 2012: Ajax-> Mostrar Ranking > tono:241 
Sat Nov 3 15:31:08 BOT 2012: Ajax-> Mostrar  Nombre Genero > tono:150036 
Sat Nov 3 15:44:53 BOT 2012: ASYNC -> STATS> Tiempo respuesta -0.397597 seg.
Sat Nov 3 15:47:08 BOT 2012: Asignar backtone escuchado > Asi termino:103179,103663,133407,133402,127278,155474,155482,103180,445,
Sat Nov 3 15:47:47 BOT 2012: Ajax->Mostrar Nombre Artista:  
Sat Nov 3 15:50:14 BOT 2012: Ajax->Mostrar Imagen Portada:  
Sat Nov 3 16:00:58 BOT 2012: ASYNC -> STATS> Tiempo respuesta -0.120145 seg.
Sat Nov 3 16:02:53 BOT 2012: Retornando el siguiente resultado 
 <div><div id='contenedor-albumes'><div  id="contenedor-busqueda" style="height:35px;">
    <div class="contenedor-enlaces-busqueda"  >
        <a class="enlaces-busqueda" style="color:navy;"href='index.php?seccion=playlist&autor=27' >Madonna</a>
    </div>
</div>
<div  id="contenedor-busqueda" style="height:35px;">
    <div class="contenedor-enlaces-busqueda"  >
        <a class="enlaces-busqueda" style="color:navy;"href='index.php?seccion=playlist&autor=1536' >Magedeth</a>
    </div>
</div>
<div  id="contenedor-busqueda" style="height:35px;">
    <div class="contenedor-enlaces-busqueda"  >
        <a class="enlaces-busqueda" style="color:navy;"href='index.php?seccion=playlist&autor=289' >Magnate</a>
    </div>
</div>
<div  id="contenedor-busqueda" style="height:35px;">
    <div class="contenedor-enlaces-busqueda"  >
        <a class="enlaces-busqueda" style="color:navy;"href='index.php?seccion=playlist&autor=409' >Makano</a>
    </div>
</div>
<div  id="contenedor-busqueda" style="height:35px;">
    <div class="contenedor-enlaces-busqueda"  >
        <a class="enlaces-busqueda" style="color:navy;"href='index.php?seccion=playlist&autor=750' >Makano feat. Josenid</a>
    </div>
</div>
<div  id="contenedor-busqueda" style="height:35px;">
    <div class="contenedor-enlaces-busqueda"  >
        <a class="enlaces-busqueda" style="color:navy;"href='index.php?seccion=playlist&autor=348' >Mama mia</a>
    </div>
</div>
<div  id="contenedor-busqueda" style="height:35px;">
    <div class="contenedor-enlaces-busqueda"  >
        <a class="enlaces-busqueda" style="color:navy;"href='index.php?seccion=playlist&autor=180' >Mamut</a>
    </div>
</div>
<div  id="contenedor-busqueda" style="height:35px;">
    <div class="contenedor-enlaces-busqueda"  >
        <a class="enlaces-busqueda" style="color:navy;"href='index.php?seccion=playlist&autor=1380' >Mana Opratel</a>
    </div>
</div>
<div  id="contenedor-busqueda" style="height:35px;">
    <div class="contenedor-enlaces-busqueda"  >
        <a class="enlaces-busqueda" style="color:navy;"href='index.php?seccion=playlist&autor=603' >Maradona</a>
    </div>
</div>
<div  id="contenedor-busqueda" style="height:35px;">
    <div class="contenedor-enlaces-busqueda"  >
        <a class="enlaces-busqueda" style="color:navy;"href='index.php?seccion=playlist&autor=440' >Marbert Rocel</a>
    </div>
</div>
<div  id="contenedor-busqueda" style="height:35px;">
    <div class="contenedor-enlaces-busqueda"  >
        <a class="enlaces-busqueda" style="color:navy;"href='index.php?seccion=playlist&autor=663' >Marc Anthony</a>
    </div>
</div>
<div  id="contenedor-busqueda" style="height:35px;">
    <div class="contenedor-enlaces-busqueda"  >
        <a class="enlaces-busqueda" style="color:navy;"href='index.php?seccion=playlist&autor=669' >Marc Monster</a>
    </div>
</div>
<div  id="contenedor-busqueda" style="height:35px;">
    <div class="contenedor-enlaces-busqueda"  >
        <a class="enlaces-busqueda" style="color:navy;"href='index.php?seccion=playlist&autor=304' >Marcela Gandara</a>
    </div>
</div>
<div  id="contenedor-busqueda" style="height:35px;">
    <div class="contenedor-enlaces-busqueda"  >
        <a class="enlaces-busqueda" style="color:navy;"href='index.php?seccion=playlist&autor=378' >Marcela Morelo</a>
    </div>
</div>
<div  id="contenedor-busqueda" style="height:35px;">
    <div class="contenedor-enlaces-busqueda"  >
        <a class="enlaces-busqueda" style="color:navy;"href='index.php?seccion=playlist&autor=393' >Marcelo Martins</a>
    </div>
</div>
<div  id="contenedor-busqueda" style="height:35px;">
    <div class="contenedor-enlaces-busqueda"  >
        <a class="enlaces-busqueda" style="color:navy;"href='index.php?seccion=playlist&autor=295' >Marco Antonio Solis</a>
    </div>
</div>
<div  id="contenedor-busqueda" style="height:35px;">
    <div class="contenedor-enlaces-busqueda"  >
        <a class="enlaces-busqueda" style="color:navy;"href='index.php?seccion=playlist&autor=751' >Marco Antonio Soliz</a>
    </div>
</div>
<div  id="contenedor-busqueda" style="height:35px;">
    <div class="contenedor-enlaces-busqueda"  >
        <a class="enlaces-busqueda" style="color:navy;"href='index.php?seccion=playlist&autor=204' >Marcos Witt</a>
    </div>
</div>
<div  id="contenedor-busqueda" style="height:35px;">
    <div class="contenedor-enlaces-busqueda"  >
        <a class="enlaces-busqueda" style="color:navy;"href='index.php?seccion=playlist&autor=1420' >Maria Juana</a>
    </div>
</div>
<div  id="contenedor-busqueda" style="height:35px;">
    <div class="contenedor-enlaces-busqueda"  >
        <a class="enlaces-busqueda" style="color:navy;"href='index.php?seccion=playlist&autor=724' >Mariah Carey</a>
    </div>
</div>
<div  id="contenedor-busqueda" style="height:35px;">
    <div class="contenedor-enlaces-busqueda"  >
        <a class="enlaces-busqueda" style="color:navy;"href='index.php?seccion=playlist&autor=168' >Marilyn</a>
    </div>
</div>
<div  id="contenedor-busqueda" style="height:35px;">
    <div class="contenedor-enlaces-busqueda"  >
        <a class="enlaces-busqueda" style="color:navy;"href='index.php?seccion=playlist&autor=441' >Mark Webb</a>
    </div>
</div>
<div  id="contenedor-busqueda" style="height:35px;">
    <div class="contenedor-enlaces-busqueda"  >
        <a class="enlaces-busqueda" style="color:navy;"href='index.php?seccion=playlist&autor=247' >Maroon5</a>
    </div>
</div>
<div  id="contenedor-busqueda" style="height:35px;">
    <div class="contenedor-enlaces-busqueda"  >
        <a class="enlaces-busqueda" style="color:navy;"href='index.php?seccion=playlist&autor=612' >Marta Harte</a>
    </div>
</div>
<div  id="contenedor-busqueda" style="height:35px;">
    <div class="contenedor-enlaces-busqueda"  >
        <a class="enlaces-busqueda" style="color:navy;"href='index.php?seccion=playlist&autor=307' >Martha Sanchez</a>
    </div>
</div>
<div  id="contenedor-busqueda" style="height:35px;">
    <div class="contenedor-enlaces-busqueda"  >
        <a class="enlaces-busqueda" style="color:navy;"href='index.php?seccion=playlist&autor=573' >Martin Kucaj</a>
    </div>
</div>
<div  id="contenedor-busqueda" style="height:35px;">
    <div class="contenedor-enlaces-busqueda"  >
        <a class="enlaces-busqueda" style="color:navy;"href='index.php?seccion=playlist&autor=586' >Masacre</a>
    </div>
</div>
<div  id="contenedor-busqueda" style="height:35px;">
    <div class="contenedor-enlaces-busqueda"  >
        <a class="enlaces-busqueda" style="color:navy;"href='index.php?seccion=playlist&autor=509' >Mason</a>
    </div>
</div>
<div  id="contenedor-busqueda" style="height:35px;">
    <div class="contenedor-enlaces-busqueda"  >
        <a class="enlaces-busqueda" style="color:navy;"href='index.php?seccion=playlist&autor=659' >Mastodonte</a>
    </div>
</div>
<div  id="contenedor-busqueda" style="height:35px;">
    <div class="contenedor-enlaces-busqueda"  >
        <a class="enlaces-busqueda" style="color:navy;"href='index.php?seccion=playlist&autor=671' >Mastodonte (Remix Genova)</a>
    </div>
</div>
<div  id="contenedor-busqueda" style="height:35px;">
    <div class="contenedor-enlaces-busqueda"  >
        <a class="enlaces-busqueda" style="color:navy;"href='index.php?seccion=playlist&autor=748' >Matamba</a>
    </div>
</div>
<div  id="contenedor-busqueda" style="height:35px;">
    <div class="contenedor-enlaces-busqueda"  >
        <a class="enlaces-busqueda" style="color:navy;"href='index.php?seccion=playlist&autor=762' >Mauricio Palo de agua</a>
    </div>
</div>
<div  id="contenedor-busqueda" style="height:35px;">
    <div class="contenedor-enlaces-busqueda"  >
        <a class="enlaces-busqueda" style="color:navy;"href='index.php?seccion=playlist&autor=420' >Mayonesa</a>
    </div>
</div>
<div  id="contenedor-busqueda" style="height:35px;">
    <div class="contenedor-enlaces-busqueda"  >
        <a class="enlaces-busqueda" style="color:navy;"href='index.php?seccion=playlist&autor=338' >Mazizo musical</a>
    </div>
</div>
<div  id="contenedor-busqueda" style="height:35px;">
    <div class="contenedor-enlaces-busqueda"  >
        <a class="enlaces-busqueda" style="color:navy;"href='index.php?seccion=playlist&autor=297' >Mbarete</a>
    </div>
</div>
<div  id="contenedor-busqueda" style="height:35px;">
    <div class="contenedor-enlaces-busqueda"  >
        <a class="enlaces-busqueda" style="color:navy;"href='index.php?seccion=playlist&autor=176' >Mc hammer</a>
    </div>
</div>
</div><!-- CONTENEDOR !-->
                                </div><!-- ITEMS !-->
                                <div><!-- ITEMS 37 !-->
                                <div id='contenedor-albumes'><div  id="contenedor-busqueda" style="height:35px;">
    <div class="contenedor-enlaces-busqueda"  >
        <a class="enlaces-busqueda" style="color:navy;"href='index.php?seccion=playlist&autor=1315' >Memphis La Blusera</a>
    </div>
</div>
<div  id="contenedor-busqueda" style="height:35px;">
    <div class="contenedor-enlaces-busqueda"  >
        <a class="enlaces-busqueda" style="color:navy;"href='index.php?seccion=playlist&autor=322' >menphis</a>
    </div>
</div>
<div  id="contenedor-busqueda" style="height:35px;">
    <div class="contenedor-enlaces-busqueda"  >
        <a class="enlaces-busqueda" style="color:navy;"href='index.php?seccion=playlist&autor=595' >Merche</a>
    </div>
</div>
<div  id="contenedor-busqueda" style="height:35px;">
    <div class="contenedor-enlaces-busqueda"  >
        <a class="enlaces-busqueda" style="color:navy;"href='index.php?seccion=playlist&autor=405' >Metallica</a>
    </div>
</div>
<div  id="contenedor-busqueda" style="height:35px;">
    <div class="contenedor-enlaces-busqueda"  >
        <a class="enlaces-busqueda" style="color:navy;"href='index.php?seccion=playlist&autor=1523' >Mexico Chico</a>
    </div>
</div>
<div  id="contenedor-busqueda" style="height:35px;">
    <div class="contenedor-enlaces-busqueda"  >
        <a class="enlaces-busqueda" style="color:navy;"href='index.php?seccion=playlist&autor=530' >MEZGAYA</a>
    </div>
</div>
<div  id="contenedor-busqueda" style="height:35px;">
    <div class="contenedor-enlaces-busqueda"  >
        <a class="enlaces-busqueda" style="color:navy;"href='index.php?seccion=playlist&autor=670' >MG</a>
    </div>
</div>
<div  id="contenedor-busqueda" style="height:35px;">
    <div class="contenedor-enlaces-busqueda"  >
        <a class="enlaces-busqueda" style="color:navy;"href='index.php?seccion=playlist&autor=625' >Michael Bolton</a>
    </div>
</div>
<div  id="contenedor-busqueda" style="height:35px;">
    <div class="contenedor-enlaces-busqueda"  >
        <a class="enlaces-busqueda" style="color:navy;"href='index.php?seccion=playlist&autor=235' >Michael Holbrook</a>
    </div>
</div>
<div  id="contenedor-busqueda" style="height:35px;">
    <div class="contenedor-enlaces-busqueda"  >
        <a class="enlaces-busqueda" style="color:navy;"href='index.php?seccion=playlist&autor=518' >Michael Jackson</a>
    </div>
</div>
<div  id="contenedor-busqueda" style="height:35px;">
    <div class="contenedor-enlaces-busqueda"  >
        <a class="enlaces-busqueda" style="color:navy;"href='index.php?seccion=playlist&autor=1552' >Michel Teló</a>
    </div>
</div>
<div  id="contenedor-busqueda" style="height:35px;">
    <div class="contenedor-enlaces-busqueda"  >
        <a class="enlaces-busqueda" style="color:navy;"href='index.php?seccion=playlist&autor=1465' >Midnight Oil Opratel</a>
    </div>
</div>
<div  id="contenedor-busqueda" style="height:35px;">
    <div class="contenedor-enlaces-busqueda"  >
        <a class="enlaces-busqueda" style="color:navy;"href='index.php?seccion=playlist&autor=598' >Miguel Angel</a>
    </div>
</div>
<div  id="contenedor-busqueda" style="height:35px;">
    <div class="contenedor-enlaces-busqueda"  >
        <a class="enlaces-busqueda" style="color:navy;"href='index.php?seccion=playlist&autor=1395' >Miguel Mateos</a>
    </div>
</div>
<div  id="contenedor-busqueda" style="height:35px;">
    <div class="contenedor-enlaces-busqueda"  >
        <a class="enlaces-busqueda" style="color:navy;"href='index.php?seccion=playlist&autor=110' >Miguel Play</a>
    </div>
</div>
<div  id="contenedor-busqueda" style="height:35px;">
    <div class="contenedor-enlaces-busqueda"  >
        <a class="enlaces-busqueda" style="color:navy;"href='index.php?seccion=playlist&autor=558' >Mijares</a>
    </div>
</div>
<div  id="contenedor-busqueda" style="height:35px;">
    <div class="contenedor-enlaces-busqueda"  >
        <a class="enlaces-busqueda" style="color:navy;"href='index.php?seccion=playlist&autor=206' >Mika</a>
    </div>
</div>
<div  id="contenedor-busqueda" style="height:35px;">
    <div class="contenedor-enlaces-busqueda"  >
        <a class="enlaces-busqueda" style="color:navy;"href='index.php?seccion=playlist&autor=469' >Mike Dehner</a>
    </div>
</div>
<div  id="contenedor-busqueda" style="height:35px;">
    <div class="contenedor-enlaces-busqueda"  >
        <a class="enlaces-busqueda" style="color:navy;"href='index.php?seccion=playlist&autor=781' >Mike Suarez</a>
    </div>
</div>
<div  id="contenedor-busqueda" style="height:35px;">
    <div class="contenedor-enlaces-busqueda"  >
        <a class="enlaces-busqueda" style="color:navy;"href='index.php?seccion=playlist&autor=309' >Miley Cyrus</a>
    </div>
</div>
<div  id="contenedor-busqueda" style="height:35px;">
    <div class="contenedor-enlaces-busqueda"  >
        <a class="enlaces-busqueda" style="color:navy;"href='index.php?seccion=playlist&autor=85' >Miranda</a>
    </div>
</div>
<div  id="contenedor-busqueda" style="height:35px;">
    <div class="contenedor-enlaces-busqueda"  >
        <a class="enlaces-busqueda" style="color:navy;"href='index.php?seccion=playlist&autor=753' >Mob Effects</a>
    </div>
</div>
<div  id="contenedor-busqueda" style="height:35px;">
    <div class="contenedor-enlaces-busqueda"  >
        <a class="enlaces-busqueda" style="color:navy;"href='index.php?seccion=playlist&autor=520' >Moderatto</a>
    </div>
</div>
<div  id="contenedor-busqueda" style="height:35px;">
    <div class="contenedor-enlaces-busqueda"  >
        <a class="enlaces-busqueda" style="color:navy;"href='index.php?seccion=playlist&autor=394' >Molotov</a>
    </div>
</div>
<div  id="contenedor-busqueda" style="height:35px;">
    <div class="contenedor-enlaces-busqueda"  >
        <a class="enlaces-busqueda" style="color:navy;"href='index.php?seccion=playlist&autor=390' >Motley</a>
    </div>
</div>
<div  id="contenedor-busqueda" style="height:35px;">
    <div class="contenedor-enlaces-busqueda"  >
        <a class="enlaces-busqueda" style="color:navy;"href='index.php?seccion=playlist&autor=1147' >MTV</a>
    </div>
</div>
<div  id="contenedor-busqueda" style="height:35px;">
    <div class="contenedor-enlaces-busqueda"  >
        <a class="enlaces-busqueda" style="color:navy;"href='index.php?seccion=playlist&autor=1402' >Myriam Hernnadez</a>
    </div>
</div>
</div></div>
Sat Nov 3 16:06:35 BOT 2012: WEB_REPRODUCIR_BUSQUEDA > Se recibieron:114 tonos
Sat Nov 3 16:07:32 BOT 2012: Ajax-> Mostrar Ranking > tono:103663 
Sat Nov 3 16:09:45 BOT 2012: ASYNC -> STATS> Tiempo respuesta -0.212895 seg.
Sat Nov 3 16:16:07 BOT 2012: Session Start>  session por defecto 
Sat Nov 3 16:17:49 BOT 2012: ASYNC -> STATS> Tiempo respuesta 0.486985 seg.
Sat Nov 3 16:17:49 BOT 2012: Ajax->Mostrar Nombre Artista:  
Sat Nov 3 16:18:01 BOT 2012: ASYNC -> STATS> Tiempo respuesta 0.514311 seg.
Sat Nov 3 16:19:25 BOT 2012: Asignar backtone escuchado > Asi termino:156618,102741,105321,102604,151056,104991,
Sat Nov 3 16:21:08 BOT 2012: ASYNC -> STATS> Tiempo respuesta 0.158351 seg.
Sat Nov 3 16:22:47 BOT 2012: Ajax-> Mostrar  Imagen Portada> tono:391 
Sat Nov 3 16:28:51 BOT 2012: Consulta de precio de reason:3 - msisdn: tono:109237 Async responde:350
 
Sat Nov 3 16:30:33 BOT 2012: Ajax->Mostrar Megusta:  
Sat Nov 3 16:49:49 BOT 2012: Ajax-> Mostrar Ranking > tono:118724 
Sat Nov 3 16:56:47 BOT 2012: Ajax-> Mostrar Ranking > tono:163 
Sat Nov 3 16:57:08 BOT 2012: Consulta de precio de reason:3 - msisdn: tono:104133 Async responde:350
 
Sat Nov 3 17:06:10 BOT 2012: Ajax->Mostrar Comentarios:  
Sat Nov 3 17:22:42 BOT 2012: Busqueda Inteligente: resultados >104069
Sat Nov 3 17:23:58 BOT 2012: Ajax->Mostrar Nombre Genero:  
Sat Nov 3 17:29:07 BOT 2012: Ajax->Mostrar Nombre Artista:  
Sat Nov 3 17:30:47 BOT 2012: ASYNC -> STATS> Tiempo respuesta 0.006557 seg.
Sat Nov 3 17:30:47 BOT 2012: ASYNC -> STATS> Tiempo respuesta -0.267888 seg.
Sat Nov 3 17:31:02 BOT 2012: Busqueda Inteligente: Resultado 
 104998;Eo Amor (Coro);Zeze de Camargo e Luciano; Brasileras
105000;Faca alguma coisa;Zeze de Camargo e Luciano; Brasileras
105001;Me universo e voce;Zeze de Camargo e Luciano; Brasileras
105002;Nao querer te perder;Zeze de Camargo e Luciano; Brasileras
105003;O que vai ser de nos;Zeze de Camargo e Luciano; Brasileras
105004;Pao de Mel;Zeze de Camargo e Luciano; Brasileras
105005;Pare;Zeze de Camargo e Luciano; Brasileras
105006;Te extranho (Z&L);Zeze de Camargo e Luciano; Brasileras
126497;Nunca Muere Un Gran Amor;Luciano Pereyra;Latinas
126476;A Destiempo;Luciano Pereyra;Pop
103552;Ave Maria;Luciano Pavarotti;Clasicos
126501;El Vestido Rojo;Luciano Pereyra;Latinas
109532;luciano;Homero;Mi Promo ConTigo
126503;Parecido A Mi;Luciano Pereyra;Latinas
103554;Questa o quella;Luciano Pavarotti;Clasicos
124967;Quien nos dijo;Luciano Pereyra;Latinas
124969;Si me pudieras ver;Luciano Pereyra;Latinas
126483;Si Pudiera Dejarte;Luciano Pereyra;Pop
116860;yo te queria querer;Luciano Pereyra;Latinas
177;Another chance;Roger Sanchez;Electronicas
152118; Alo Mexicano;Go Media;Chistes
104165; Soy Tarateno;Banda Poopo;Carnaval
103553;Mattinata;Luciano Pavarotti;Clasicos
103555;Una furtiva lagrima;Luciano Pavarotti;Clasicos
102753;Desconocida;Martha Sanchez;Latinas
109323;hoy he empezado a quererte otra vez;Mike Suarez;Salsa y Merengue
129437;Hypnotico;Jennifer Lopez;Pop
104302;No Me Ames;Jennifer Lopez;Latinas
133719;Until It Beats No More;Jennifer Lopez;Pop
135702;De Una Vez;Zion and Lennox;Latinas
103132;De vez en mes;Ricardo Arjona;RICARDO ARJONA
103691;Abriendo Caminos;Diego Torres;Latinas
103595;AcaEntreNOs;Vicente Fernandez;Vicente Fernandez
144690;Adoro  Version Acustica Una Noche En E;David Bisbal;Latinas
102741;africano loco;Mbarete;Sonidos
104921;Agente 86 y el dueno de casa;Version Opratel;Sonidos
104290;Azucar Amargo;Fey;Latinas
155264;Azucar amargo;Opratel;Pop
104582;america;NINO BRAVO;Latinas
133699;Americano;Lady Gaga;Pop
199;Amor eterno;Christian Castro;Latinas
127275;Another Day;Paul McCartney;Pop
140019;ASE_04DENOV2011_10_CANCION;KARAOKE;KARAOKE
140023;ASE_04DENOV2011_11_CANCION;KARAOKE;KARAOKE
140025;ASE_04DENOV2011_12_CANCION;KARAOKE;KARAOKE
139994;ASE_04DENOV2011_1_CANCION;KARAOKE;KARAOKE
139996;ASE_04DENOV2011_2_CANCION;KARAOKE;KARAOKE
139998;ASE_04DENOV2011_3_CANCION;KARAOKE;KARAOKE
140000;ASE_04DENOV2011_4_CANCION;KARAOKE;KARAOKE
140002;ASE_04DENOV2011_5_CANCION;KARAOKE;KARAOKE
140004;ASE_04DENOV2011_6_CANCION;KARAOKE;KARAOKE
140007;ASE_04DENOV2011_7_CANCION;KARAOKE;KARAOKE
140009;ASE_04DENOV2011_8_CANCION;KARAOKE;KARAOKE
140016;ASE_04DENOV2011_9_CANCION;KARAOKE;KARAOKE
140074;ASE_05DENOV2011_10_CANCION;KARAOKE;KARAOKE
140076;ASE_05DENOV2011_11_CANCION;KARAOKE;KARAOKE
140078;ASE_05DENOV2011_12_CANCION;KARAOKE;KARAOKE
140082;ASE_05DENOV2011_13_CANCION;KARAOKE;KARAOKE
140083;ASE_05DENOV2011_14_CANCION;KARAOKE;KARAOKE
140085;ASE_05DENOV2011_15_CANCION;KARAOKE;KARAOKE
140087;ASE_05DENOV2011_16_CANCION;KARAOKE;KARAOKE
140089;ASE_05DENOV2011_17_CANCION;KARAOKE;KARAOKE
140090;ASE_05DENOV2011_18_CANCION;KARAOKE;KARAOKE
140092;ASE_05DENOV2011_19_CANCION;KARAOKE;KARAOKE
140054;ASE_05DENOV2011_1_CANCION;KARAOKE;KARAOKE
140095;ASE_05DENOV2011_20_CANCION;KARAOKE;KARAOKE
140055;ASE_05DENOV2011_2_CANCION;KARAOKE;KARAOKE
140057;ASE_05DENOV2011_3_CANCION;KARAOKE;KARAOKE
140061;ASE_05DENOV2011_4_CANCION;KARAOKE;KARAOKE
140063;ASE_05DENOV2011_5_CANCION;KARAOKE;KARAOKE
140067;ASE_05DENOV2011_6_CANCION;KARAOKE;KARAOKE
140069;ASE_05DENOV2011_7_CANCION;KARAOKE;KARAOKE
140070;ASE_05DENOV2011_8_CANCION;KARAOKE;KARAOKE
140072;ASE_05DENOV2011_9_CANCION;KARAOKE;KARAOKE
140500;ASE_12DENOV2011_10_CANCION;KARAOKE;KARAOKE
140484;ASE_12DENOV2011_1_CANCION;KARAOKE;KARAOKE
140485;ASE_12DENOV2011_2_CANCION;KARAOKE;KARAOKE
140487;ASE_12DENOV2011_3_CANCION;KARAOKE;KARAOKE
140489;ASE_12DENOV2011_4_CANCION;KARAOKE;KARAOKE
140491;ASE_12DENOV2011_5_CANCION;KARAOKE;KARAOKE
140493;ASE_12DENOV2011_6_CANCION;KARAOKE;KARAOKE
140495;ASE_12DENOV2011_7_CANCION;KARAOKE;KARAOKE
140497;ASE_12DENOV2011_8_CANCION;KARAOKE;KARAOKE
140498;ASE_12DENOV2011_9_CANCION;KARAOKE;KARAOKE
140544;ASE_13DENOV2011_10_CANCION;KARAOKE;KARAOKE
140545;ASE_13DENOV2011_11_CANCION;KARAOKE;KARAOKE
155372; Alo Cantor Medieval;Go Media;Chistes
155380; Alo No Cuelgues;Go Media;Chistes
139516; AVV_26DEOCT2011_17_CANCION;KARAOKE;KARAOKE
10 
Sat Nov 3 17:31:11 BOT 2012: Ajax-> Mostrar  Nombre Artista > tono:109249 
Sat Nov 3 17:32:02 BOT 2012: Consulta de precio de reason:2 - msisdn: tono:104465 Async responde:350
 
Sat Nov 3 17:32:02 BOT 2012: Ajax->Mostrar Reproducciones:  
Sat Nov 3 17:32:05 BOT 2012: Consulta de precio de reason:3 - msisdn: tono:104465 Async responde:350
 
Sat Nov 3 17:32:08 BOT 2012: Ajax->Mostrar Nombre Artista:  
Sat Nov 3 17:33:47 BOT 2012: Consulta de precio de reason:3 - msisdn: tono:157848 Async responde:350
 
Sat Nov 3 17:33:50 BOT 2012: Ajax->Mostrar Reproducciones:  
Sat Nov 3 17:33:50 BOT 2012: Asignar backtone escuchado > Asi termino:157848,104471,104465,141881,240,109322,103343,109249,246,109246,109245,109243,135727,109314,109240,310,105578,104179,104173,
Sat Nov 3 17:33:53 BOT 2012: Ajax->Mostrar Nombre Genero:  
Sat Nov 3 17:33:56 BOT 2012: Ajax->Mostrar Nombre Artista:  
Sat Nov 3 17:33:56 BOT 2012: Ajax->Mostrar Ranking:  
Sat Nov 3 17:34:02 BOT 2012: Ajax-> Mostrar Ranking > tono:155386 
Sat Nov 3 17:34:08 BOT 2012: Consulta de precio de reason:3 - msisdn: tono:155386 Async responde:350
 
Sat Nov 3 17:34:11 BOT 2012: ASYNC -> STATS> Tiempo respuesta -0.011065 seg.
Sat Nov 3 17:34:11 BOT 2012: Asignar backtone escuchado > Asi termino:103991,109557,104027,104029,104035,103226,104037,104039,104042,104046,104047,104044,103075,103227,152468,104072,103595,104206,104026,104024,
Sat Nov 3 17:37:06 BOT 2012: Ajax->Mostrar Imagen Portada:  
Sat Nov 3 17:41:46 BOT 2012: Ajax->Mostrar Imagen Portada:  
Sat Nov 3 17:42:55 BOT 2012: Ajax-> Mostrar Megusta> tono:131046 
Sat Nov 3 17:44:55 BOT 2012: ASYNC -> STATS> Tiempo respuesta -0.0013300000000001 seg.
Sat Nov 3 17:45:19 BOT 2012: Ajax->Mostrar Nombre Artista:  
Sat Nov 3 17:45:46 BOT 2012: Ajax-> Mostrar  Nombre Artista > tono:134638 
Sat Nov 3 17:46:20 BOT 2012: Ajax->Mostrar Reproducciones:  
Sat Nov 3 17:47:05 BOT 2012: Ajax->Mostrar Comentarios:  
Sat Nov 3 17:47:14 BOT 2012: Ajax->Mostrar Reproducciones:  
Sat Nov 3 17:47:17 BOT 2012: Ajax-> Mostrar  Imagen Portada> tono:104445 
Sat Nov 3 17:47:20 BOT 2012: Ajax-> Mostrar Ranking > tono:104072 
Sat Nov 3 17:47:29 BOT 2012: Ajax-> Mostrar Megusta> tono:123513 
Sat Nov 3 17:47:32 BOT 2012: Ajax-> Mostrar  Nombre Artista > tono:102778 
Sat Nov 3 17:48:35 BOT 2012: Ajax-> Mostrar Ranking > tono:104998 
Sat Nov 3 17:48:44 BOT 2012: Ajax->Mostrar Nombre Genero:  
Sat Nov 3 17:48:50 BOT 2012: Ajax->Mostrar Imagen Portada:  
Sat Nov 3 17:48:56 BOT 2012: ASYNC -> STATS> Tiempo respuesta 0.002277 seg.
Sat Nov 3 17:49:38 BOT 2012: Ajax->Mostrar Comentarios:  
Sat Nov 3 17:50:26 BOT 2012: Ajax->Mostrar Imagen Portada:  
Sat Nov 3 17:53:24 BOT 2012: Ajax-> Mostrar Megusta> tono:128309 
Sat Nov 3 17:56:27 BOT 2012: Ajax->Mostrar Megusta:  
Sat Nov 3 17:56:30 BOT 2012: ASYNC -> STATS> Tiempo respuesta 0.042287 seg.
Sat Nov 3 17:59:52 BOT 2012: Asignar backtone escuchado > Asi termino:134660,104252,110108,104969,105302,120230,119112,104199,199,104072,105036,150062,110214,103303,102778,102673,104508,128953,127855,
Sat Nov 3 18:04:47 BOT 2012: Mostrar Ranking: tono:364 calificacion: 
Sat Nov 3 18:05:47 BOT 2012: Busqueda Inteligente: resultados >105423
Sat Nov 3 18:23:32 BOT 2012: Ajax->Mostrar Nombre Genero:  
Sat Nov 3 18:23:38 BOT 2012: Ajax-> Mostrar Ranking > tono:103476 
Sat Nov 3 18:23:59 BOT 2012: Ajax-> Mostrar Comentarios> tono:131001 
Sat Nov 3 18:24:26 BOT 2012: Busqueda Inteligente: 
Sat Nov 3 18:29:21 BOT 2012: Ajax->Mostrar Megusta:  
Sat Nov 3 18:33:28 BOT 2012: Mostrar Genero: >G&eacute;nero:  <a href='index.php?seccion=playlist&genero=136'>Reggaeton</a>
Sat Nov 3 18:35:25 BOT 2012: Ajax->Mostrar Reproducciones:  
Sat Nov 3 18:36:34 BOT 2012: ASYNC -> STATS> Tiempo respuesta -0.095839 seg.
Sat Nov 3 18:36:43 BOT 2012: ASYNC -> STATS> Tiempo respuesta -0.003015 seg.
Sat Nov 3 18:42:23 BOT 2012: Busqueda Inteligente: Maroon5
Sat Nov 3 18:46:51 BOT 2012: WEB_REPRODUCIR_BUSQUEDA > Se recibieron:19 tonos
Sat Nov 3 18:52:34 BOT 2012: Mostrar Album: >Artista:  <a href='index.php?seccion=playlist&autor=1380'>Mana Opratel</a>
Sat Nov 3 19:44:25 BOT 2012: Busqueda Inteligente: resultados >134015
Sat Nov 3 20:08:42 BOT 2012: Ajax->Mostrar Ranking:  
Sat Nov 3 20:28:03 BOT 2012: WEB_REPRODUCIR_BUSQUEDA > Se recibieron:4 tonos
Sat Nov 3 20:39:41 BOT 2012: Mostrar Cantidad reproducciones: tono:105068 cantidad: 0
Sat Nov 3 20:41:17 BOT 2012: Ajax-> Mostrar  Imagen Portada> tono:103506 
Sat Nov 3 20:44:51 BOT 2012: Ajax->Mostrar Comentarios:  
Sat Nov 3 20:44:54 BOT 2012: Ajax->Mostrar Nombre Genero:  
Sat Nov 3 20:48:18 BOT 2012: Ajax-> Mostrar  Nombre Genero > tono:103128 
Sat Nov 3 20:49:06 BOT 2012: Ajax-> Mostrar  Nombre Genero > tono:104827 
Sat Nov 3 20:49:58 BOT 2012: Check Session > msisdn: 78040402 > Usuario Valido 
Sat Nov 3 21:03:36 BOT 2012: ASYNC -> STATS> Tiempo respuesta 0.004998 seg.
Sat Nov 3 21:03:39 BOT 2012: Ajax->Mostrar Megusta:  
Sat Nov 3 21:04:21 BOT 2012: ASYNC -> STATS> Tiempo respuesta 0.0025099999999999 seg.
Sat Nov 3 21:06:36 BOT 2012: ASYNC -> STATS> Tiempo respuesta 0.815838 seg.
Sat Nov 3 21:07:10 BOT 2012: Ajax-> Mostrar Megusta> tono:105069 
Sat Nov 3 21:12:44 BOT 2012:  R: -5
Sat Nov 3 21:14:59 BOT 2012: Ajax->Mostrar Reproducciones:  
Sat Nov 3 21:15:41 BOT 2012: Ajax->Mostrar Comentarios:  
Sat Nov 3 21:17:53 BOT 2012: Asignar backtone escuchado > Asi termino:118730,118728,118727,118725,118724,118747,118745,118741,118738,118736,118734,118732,
Sat Nov 3 21:18:05 BOT 2012: Ajax->Mostrar Reproducciones:  
Sat Nov 3 21:20:00 BOT 2012: Check Session > msisdn: 76996268 > Usuario Valido 
Sat Nov 3 21:21:03 BOT 2012: Busqueda Inteligente: resultados >110336
Sat Nov 3 21:22:42 BOT 2012: Ajax->Mostrar Reproducciones:  
Sat Nov 3 21:33:08 BOT 2012: Busqueda Inteligente: resultados >122666
Sat Nov 3 21:38:09 BOT 2012: Ajax-> Mostrar Megusta> tono:104380 
Sat Nov 3 21:38:21 BOT 2012: Ajax->Mostrar Nombre Artista:  
Sat Nov 3 21:38:51 BOT 2012: ASYNC -> STATS> Tiempo respuesta -0.462058 seg.
Sat Nov 3 21:59:09 BOT 2012: Ajax->Mostrar Ranking:  
Sat Nov 3 22:11:29 BOT 2012: Ajax->Mostrar Ranking:  
Sat Nov 3 22:27:53 BOT 2012: Ajax->Mostrar Reproducciones:  
Sat Nov 3 22:33:03 BOT 2012: Busqueda Inteligente: super auto me has dejado de amar
