Fri Aug 31 9:19:12 BOT 2012: Ajax->Mostrar Comentarios:  
Fri Aug 31 9:19:39 BOT 2012: Busqueda Inteligente: resultados >270
Fri Aug 31 9:20:24 BOT 2012: Asignar backtone escuchado > Asi termino:107573,103472,102964,102961,102958,102957,102954,107571,102953,134036,132107,132102,132054,132053,
Fri Aug 31 9:21:28 BOT 2012: Asignar backtone escuchado > Asi termino:107571,102953,107573,103472,102964,102961,102958,102957,102954,134036,132107,132102,132054,132053,
Fri Aug 31 9:23:16 BOT 2012: Asignar backtone escuchado > Asi termino:104659,104122,104115,105073,104598,104121,102646,103474,102622,123242,579,102605,105579,103378,103376,134015,276,509,
Fri Aug 31 9:27:02 BOT 2012: Ajax-> Mostrar Megusta> tono:102802 
Fri Aug 31 10:36:11 BOT 2012: ASYNC -> STATS> Tiempo respuesta 0.003183 seg.
Fri Aug 31 11:30:23 BOT 2012: Mostrar Album: >albumes/album-default.jpg
Fri Aug 31 11:30:32 BOT 2012: Ajax->Mostrar Comentarios:  
Fri Aug 31 11:30:41 BOT 2012: Asignar backtone escuchado > Asi termino:145181,127435,103818,104089,103423,127447,436,104557,129891,104084,104092,127472,471,135200,129892,110210,142148,103447,103450,
Fri Aug 31 11:34:45 BOT 2012: ASYNC -> STATS> Tiempo respuesta 0.001746 seg.
Fri Aug 31 11:35:03 BOT 2012: Ajax-> Mostrar  Nombre Artista > tono:155122 
Fri Aug 31 11:36:42 BOT 2012: Ajax->Mostrar Nombre Genero:  
Fri Aug 31 11:37:18 BOT 2012: Ajax->Mostrar Nombre Genero:  
Fri Aug 31 11:38:34 BOT 2012: Mostrar Genero: >G&eacute;nero:  <a href='index.php?seccion=playlist&genero=143'>Latinas</a>
Fri Aug 31 11:38:37 BOT 2012: Ajax->Mostrar Reproducciones:  
Fri Aug 31 11:40:52 BOT 2012: Ajax->Mostrar Reproducciones:  
Fri Aug 31 11:41:44 BOT 2012: Ajax-> Mostrar Ranking > tono:131771 
Fri Aug 31 11:42:11 BOT 2012: Mostrar Album: >Artista:  <a href='index.php?seccion=playlist&autor=1488'>AVE</a>
Fri Aug 31 11:45:27 BOT 2012: WEB_REPRODUCIR_BUSQUEDA > Se recibieron:31 tonos
Fri Aug 31 11:45:42 BOT 2012: Ajax->Mostrar Reproducciones:  
Fri Aug 31 11:46:51 BOT 2012: Ajax-> Mostrar Ranking > tono:472 
Fri Aug 31 11:47:00 BOT 2012: Ajax-> Mostrar Megusta> tono:127769 
Fri Aug 31 11:47:15 BOT 2012: Compra exitosa de backtone - ingresando el backtone al usuario  msisdn:77702588 tono:133412
Fri Aug 31 11:47:27 BOT 2012: Check Session > msisdn: 77702588 > Usuario Valido 
Fri Aug 31 11:50:43 BOT 2012: Ajax-> Mostrar Megusta> tono:127463 
Fri Aug 31 11:52:59 BOT 2012: Ajax->Mostrar Reproducciones:  
Fri Aug 31 11:53:08 BOT 2012: Ajax->Mostrar Imagen Portada:  
Fri Aug 31 11:53:20 BOT 2012: Asignar backtone escuchado > Asi termino:113049,126150,104091,104557,155114,435,103481,471,127452,142148,155122,127457,104090,470,129236,129892,102723,155090,103423,103448,
Fri Aug 31 11:54:56 BOT 2012: Ajax->Mostrar Megusta:  
Fri Aug 31 12:00:04 BOT 2012: Ajax->Mostrar Nombre Artista:  
Fri Aug 31 12:00:28 BOT 2012: Ajax-> Mostrar  Imagen Portada> tono:155200 
Fri Aug 31 12:15:14 BOT 2012: Ajax->Mostrar Comentarios:  
Fri Aug 31 12:17:12 BOT 2012: Ajax-> Mostrar  Nombre Genero > tono:104762 
Fri Aug 31 12:17:48 BOT 2012: Asignar backtone escuchado > Asi termino:149,128597,104362,104653,104462,104609,104257,104649,104361,104607,128608,133856,128602,126098,126149,126170,126147,126169,127423,127450,
Fri Aug 31 12:21:13 BOT 2012: Ajax->Mostrar Megusta:  
Fri Aug 31 12:34:19 BOT 2012: Ajax->Mostrar Reproducciones:  
Fri Aug 31 12:42:03 BOT 2012: Ajax-> Mostrar  Nombre Genero > tono:105365 
Fri Aug 31 12:43:57 BOT 2012: WEB REPROD BUSQ > Facebook link: http%3A%2F%2Fbacktones.tigo.com.bo%2Fv3%2Findex.php%3Fseccion%3Dplaylist%26autor%3D588%26f%3D1%26t%3D1231233
Fri Aug 31 12:44:21 BOT 2012: Asignar backtone escuchado > Asi termino:105368,105379,105382,105372,105366,105365,105377,105370,105383,105380,104998,105535,110108,103888,155502,602,104886,553,118670,519,
Fri Aug 31 12:46:40 BOT 2012: Check Session > msisdn: 77390216 > Usuario Valido 
Fri Aug 31 12:46:46 BOT 2012: Asignar backtone escuchado > Asi termino:103207,103961,104337,155200,102985,104110,102744,102902,102710,103206,106234,155196,103203,106235,105053,106236,104930,104448,104449,104871,
Fri Aug 31 12:46:46 BOT 2012: Ajax->Mostrar Reproducciones:  
Fri Aug 31 12:53:48 BOT 2012: Ajax->Mostrar Imagen Portada:  
Fri Aug 31 12:56:40 BOT 2012: Session Start>  session por defecto 
Fri Aug 31 13:01:59 BOT 2012: Ajax->Mostrar Nombre Genero:  
Fri Aug 31 13:11:05 BOT 2012: Ajax-> Mostrar Ranking > tono:104133 
Fri Aug 31 13:11:08 BOT 2012: ASYNC -> STATS> Tiempo respuesta -0.004385 seg.
Fri Aug 31 13:17:06 BOT 2012: Ajax->Mostrar Ranking:  
Fri Aug 31 13:21:31 BOT 2012: Session Start>  session por defecto 
Fri Aug 31 13:23:04 BOT 2012: ASYNC -> STATS> Tiempo respuesta -0.056929 seg.
Fri Aug 31 13:42:27 BOT 2012: WEB_REPRODUCIR_BUSQUEDA > Se recibieron:114 tonos
Fri Aug 31 13:44:46 BOT 2012: Ajax->Mostrar Imagen Portada:  
Fri Aug 31 14:00:08 BOT 2012: WEB_REPRODUCIR_BUSQUEDA > Se recibieron:14 tonos
Fri Aug 31 14:00:29 BOT 2012: ASYNC -> STATS> Tiempo respuesta 0.0029990000000001 seg.
Fri Aug 31 14:01:35 BOT 2012: Ajax-> Mostrar  Nombre Genero > tono:140834 
Fri Aug 31 14:01:38 BOT 2012: Asignar backtone escuchado > Asi termino:104924,104923,105051,104922,105050,105049,105048,104921,104920,104244,104245,104246,104247,104248,104249,104147,102741,103685,104523,104133,
Fri Aug 31 14:01:44 BOT 2012: Ajax->Mostrar Megusta:  
Fri Aug 31 14:05:27 BOT 2012: Asignar backtone escuchado > Asi termino:151058,151042,151056,151048,151046,151054,151050,151052,151044,143085,143088,155086,150238,103313,103781,124243,
Fri Aug 31 14:08:46 BOT 2012: ASYNC -> STATS> Tiempo respuesta 0.001369 seg.
Fri Aug 31 14:08:49 BOT 2012: Mostrar Album: >albumes/BackTonesGoMedia 1.jpg
Fri Aug 31 14:11:38 BOT 2012: Ajax->Mostrar Reproducciones:  
Fri Aug 31 14:16:52 BOT 2012: Ajax->Mostrar Nombre Genero:  
Fri Aug 31 14:17:43 BOT 2012: ASYNC -> STATS> Tiempo respuesta -0.168775 seg.
Fri Aug 31 14:24:21 BOT 2012: Ajax-> Mostrar Megusta> tono:102786 
Fri Aug 31 14:27:40 BOT 2012: Msisdn2:76152968.Tono:145903Renovacion:0
Fri Aug 31 14:31:11 BOT 2012: Check Session > msisdn: 75640000 > Usuario Valido 
Fri Aug 31 14:34:51 BOT 2012: Ajax-> Mostrar  Imagen Portada> tono:144114 
Fri Aug 31 14:42:32 BOT 2012: Ajax-> Mostrar  Imagen Portada> tono:110379 
Fri Aug 31 14:43:35 BOT 2012: WEB_REPRODUCIR_BUSQUEDA > Se recibieron:6 tonos
Fri Aug 31 14:45:03 BOT 2012: Ajax->Mostrar Nombre Genero:  
Fri Aug 31 14:49:40 BOT 2012: MTD_DB_BUSCAR_ARTISTAS > retornando registros:45
Fri Aug 31 14:53:47 BOT 2012: Asignar backtone escuchado > Asi termino:137244,137246,137257,137261,137253,538,133736,57,102596,102597,102593,102594,102595,103927,
Fri Aug 31 17:05:20 BOT 2012: ASYNC -> STATS> Tiempo respuesta 0.0024690000000001 seg.
Fri Aug 31 17:09:28 BOT 2012: Ajax->Mostrar Ranking:  
Fri Aug 31 17:40:23 BOT 2012: Mostrar Megusta> tono: 103235 msisdn: > 001
Fri Aug 31 17:44:30 BOT 2012: WEB_REPRODUCIR_BUSQUEDA > Se recibieron:8 tonos
Fri Aug 31 17:45:37 BOT 2012: Ajax->Mostrar Imagen Portada:  
Fri Aug 31 17:54:06 BOT 2012: Mostrar Album: >albumes/coverCD_kjarkas.jpg
Fri Aug 31 17:54:57 BOT 2012: Ajax->Mostrar Megusta:  
Fri Aug 31 18:06:12 BOT 2012: Busqueda Inteligente: resultados >104661
Fri Aug 31 18:14:00 BOT 2012: Asignar backtone escuchado > Asi termino:103521,
Fri Aug 31 18:15:40 BOT 2012: Ajax-> Mostrar  Nombre Genero > tono:104646 
Fri Aug 31 18:29:17 BOT 2012: Ajax-> Mostrar Megusta> tono:131708 
Fri Aug 31 18:35:22 BOT 2012: Asignar backtone escuchado > Asi termino:133436,131702,133440,131613,131699,133445,131615,131618,131646,131627,131625,131616,131708,131706,131704,
Fri Aug 31 19:21:48 BOT 2012: Ajax->Mostrar Nombre Artista:  
Fri Aug 31 19:25:08 BOT 2012: Ajax->Mostrar Reproducciones:  
Fri Aug 31 19:32:16 BOT 2012: Ajax->Mostrar Comentarios:  
Fri Aug 31 19:38:57 BOT 2012: Mostrar Album: >Artista:  <a href='index.php?seccion=playlist&autor=204'>Marcos Witt</a>
Fri Aug 31 19:40:24 BOT 2012: Ajax->Mostrar Imagen Portada:  
Fri Aug 31 19:44:53 BOT 2012: Ajax->Mostrar Ranking:  
Fri Aug 31 19:49:12 BOT 2012: Ajax->Mostrar Nombre Artista:  
Fri Aug 31 19:50:03 BOT 2012: ASYNC -> STATS> Tiempo respuesta 0.005653 seg.
Fri Aug 31 20:45:11 BOT 2012: Ajax->Mostrar Ranking:  
Fri Aug 31 20:45:23 BOT 2012: ASYNC -> STATS> Tiempo respuesta 0.005432 seg.
Fri Aug 31 20:45:35 BOT 2012: Consulta de precio de reason:3 - msisdn: tono:110 Async responde:350
 
Fri Aug 31 20:53:43 BOT 2012: Ajax-> Mostrar Megusta> tono:104030 
Fri Aug 31 21:01:58 BOT 2012: Ajax-> Mostrar Megusta> tono:124071 
Fri Aug 31 21:02:16 BOT 2012: Ajax-> Mostrar Megusta> tono:104671 
Fri Aug 31 21:02:19 BOT 2012: Ajax->Mostrar Nombre Artista:  
Fri Aug 31 21:04:19 BOT 2012: Ajax->Mostrar Ranking:  
Fri Aug 31 21:18:09 BOT 2012: Ajax->Mostrar Ranking:  
Fri Aug 31 21:18:12 BOT 2012: Ajax->Mostrar Nombre Genero:  
Fri Aug 31 21:20:58 BOT 2012: ASYNC -> STATS> Tiempo respuesta 0.001853 seg.
Fri Aug 31 21:29:00 BOT 2012: Ajax-> Mostrar Ranking > tono:155510 
Fri Aug 31 21:34:44 BOT 2012: WEB_REPRODUCIR_BUSQUEDA > Se recibieron:6 tonos
Fri Aug 31 21:40:21 BOT 2012: ASYNC -> STATS> Tiempo respuesta 0.0035149999999999 seg.
Fri Aug 31 21:41:34 BOT 2012: ASYNC -> STATS> Tiempo respuesta -0.457033 seg.
Fri Aug 31 21:49:33 BOT 2012: ASYNC -> STATS> Tiempo respuesta 0.002621 seg.
Fri Aug 31 22:15:45 BOT 2012: Mostrar Cantidad reproducciones: tono:149592 cantidad: 0
Fri Aug 31 22:19:16 BOT 2012: Ajax->Mostrar Nombre Genero:  
Fri Aug 31 22:25:27 BOT 2012: Asignar backtone escuchado > Asi termino:141835,155382,155376,142225,146588,145741,146590,145857,146587,143744,141833,142273,142632,140812,104875,104872,140810,143739,120248,
Fri Aug 31 22:26:24 BOT 2012: Busqueda Inteligente: 
Fri Aug 31 22:28:37 BOT 2012: Busqueda Inteligente: resultados >104246
Fri Aug 31 22:39:04 BOT 2012: Ajax-> Mostrar  Imagen Portada> tono:127892 
Fri Aug 31 22:39:38 BOT 2012: Mostrar Album: >albumes/disco_greatest_hits_i[1].jpg
Fri Aug 31 22:40:11 BOT 2012: Ajax-> Mostrar Comentarios> tono:127897 
Fri Aug 31 22:44:57 BOT 2012: Session Start>  Chequeo de sesion
Fri Aug 31 22:47:43 BOT 2012: Ajax-> Mostrar Ranking > tono:140821 
Fri Aug 31 22:51:08 BOT 2012: Ajax->Mostrar Megusta:  
Fri Aug 31 23:53:29 BOT 2012: Busqueda Inteligente: resultados >126396
