Tue Sep 18 0:01:04 BOT 2012: Mostrar Genero: >G&eacute;nero:  <a href='index.php?seccion=playlist&genero=143'>Latinas</a>
Tue Sep 18 0:05:17 BOT 2012: Ajax-> Mostrar Ranking > tono:345 
Tue Sep 18 0:05:20 BOT 2012: Ajax->Mostrar Megusta:  
Tue Sep 18 0:07:41 BOT 2012: Ajax->Mostrar Megusta:  
Tue Sep 18 0:14:43 BOT 2012: STATS > BUSQUEDA DE BACKTONE >Tiempo: 0.002714 seg. | registros: 93
Tue Sep 18 0:15:40 BOT 2012: ASYNC -> STATS> Tiempo respuesta 0.184596 seg.
Tue Sep 18 0:15:49 BOT 2012: ASYNC -> STATS> Tiempo respuesta -0.634548 seg.
Tue Sep 18 0:17:31 BOT 2012: Error al consultar precio de renovacion - msisdn:75665159 tono:137261 - Async responde -3
Tue Sep 18 0:17:58 BOT 2012: Ajax-> popup_listar_amigos: msisdn: 
Tue Sep 18 0:19:19 BOT 2012: Busqueda Inteligente: resultados >144167
Tue Sep 18 0:20:14 BOT 2012: ASYNC -> STATS> Tiempo respuesta 0.00957 seg.
Tue Sep 18 0:20:29 BOT 2012: Ajax-> Mostrar Ranking > tono:104663 
Tue Sep 18 0:24:44 BOT 2012: Ajax-> Mostrar Ranking > tono:155426 
Tue Sep 18 0:26:54 BOT 2012: Busqueda de Backtones Intel: 
 SQL:SELECT t.id, t.nombre as tono,aut.nombre as autor, alb.imagen, round(avg(wr.calificacion),0) as calificacion
                    FROM tonos as t
                    inner join autores as aut on ( t.autor = aut.id)
                    inner join billing as bil on (t.billing = bil.caso  and bil.concepto=2)
                    left join albumes as alb on (t.album = alb.id_album)
                    left join web_tonos_ranking as wr on (t.id = wr.tonos_id)
                    WHERE
                    FIND_IN_SET(t.id, '144818,109648,130991,103058,133434,104245,109606,126495,103552,144692,145160,138554,120235,120238,125504,109664,152484,104857,103140,106363,106362,112468,120240,105240,135153,120244,109541,102691,142286,145849,105572,145831,104157,150182,311,103790,577,155506,104200,152116,122538,104199,452,122645,104311,138887,138876,104312,122647,122648,104313,104251,103602,109915,106005,104314,122539,147534,122650,122651,104315,104316,446,578,104503,104317,109522,147482,106352,579,122653,580,122540,147083,122542,122543,104318,102558,104619,155088,104620,582,122655,135115,122643,122666,104321,583,104322,104198,122656,102929,122657,104323,131835,102552,122659,104197,122545,135660,104196,122546,103791,110086,138520,147864,142629,142630,142631,102885,105671,584,116851,120226,104201,106391,122660,106638,155158,,')
                     AND t.autor=1420 
                    and t.categoria <> 207 and t.interfases &1 
                    group by t.id, t.nombre ,aut.nombre , alb.imagen
                    order by FIND_IN_SET(t.id, '144818,109648,130991,103058,133434,104245,109606,126495,103552,144692,145160,138554,120235,120238,125504,109664,152484,104857,103140,106363,106362,112468,120240,105240,135153,120244,109541,102691,142286,145849,105572,145831,104157,150182,311,103790,577,155506,104200,152116,122538,104199,452,122645,104311,138887,138876,104312,122647,122648,104313,104251,103602,109915,106005,104314,122539,147534,122650,122651,104315,104316,446,578,104503,104317,109522,147482,106352,579,122653,580,122540,147083,122542,122543,104318,102558,104619,155088,104620,582,122655,135115,122643,122666,104321,583,104322,104198,122656,102929,122657,104323,131835,102552,122659,104197,122545,135660,104196,122546,103791,110086,138520,147864,142629,142630,142631,102885,105671,584,116851,120226,104201,106391,122660,106638,155158,,')
                    limit 114 
Tue Sep 18 0:43:57 BOT 2012: Session Start>  Chequeo de sesion
Tue Sep 18 0:44:27 BOT 2012: Ajax->Mostrar Nombre Artista:  
Tue Sep 18 0:46:49 BOT 2012: Busqueda Inteligente: resultados >131812
Tue Sep 18 0:51:26 BOT 2012: Busqueda Inteligente: resultados >108760
Tue Sep 18 0:56:00 BOT 2012: Ajax->Mostrar Ranking:  
Tue Sep 18 0:57:33 BOT 2012: Ajax-> Mostrar Ranking > tono:126991 
Tue Sep 18 0:58:18 BOT 2012: Ajax->Mostrar Reproducciones:  
Tue Sep 18 1:03:25 BOT 2012: ASYNC -> STATS> Tiempo respuesta 0.0034369999999999 seg.
Tue Sep 18 1:03:31 BOT 2012: Ajax-> Mostrar Ranking > tono:103453 
Tue Sep 18 1:05:01 BOT 2012: Ajax->Mostrar Megusta:  
Tue Sep 18 1:08:44 BOT 2012: Ajax-> Mostrar  Nombre Genero > tono:103190 
Tue Sep 18 1:09:11 BOT 2012: Ajax-> Mostrar  Imagen Portada> tono:105242 
Tue Sep 18 1:09:14 BOT 2012: Ajax->Mostrar Reproducciones:  
Tue Sep 18 1:10:41 BOT 2012: Ajax-> Mostrar Comentarios> tono:307 
Tue Sep 18 1:11:42 BOT 2012: ASYNC -> STATS> Tiempo respuesta 0.006278 seg.
Tue Sep 18 1:13:45 BOT 2012: Ajax->Mostrar Megusta:  
Tue Sep 18 1:16:46 BOT 2012: Mostrar Cantidad reproducciones: tono:150044 cantidad: 0
Tue Sep 18 1:46:34 BOT 2012: Busqueda Inteligente: Leonel Garcia
Tue Sep 18 1:52:08 BOT 2012: Busqueda Inteligente: resultados >104162
Tue Sep 18 2:07:15 BOT 2012: Session Start>  session por defecto 
Tue Sep 18 7:13:43 BOT 2012: Session Start>  session por defecto 
Tue Sep 18 7:21:02 BOT 2012: Busqueda Inteligente: Alianza Nueva
Tue Sep 18 7:35:18 BOT 2012: Busqueda Inteligente: Resultado 
 104345;Enamorados mexicano;Generico;Latinas
104344;Enamorados salasa;Generico;Salsa y Merengue
104343;EnBusqueda bachata;Generico;Latinas
109208;ole ole argentina;Generico;Mundial Sudáfrica
104342;PasajeBiblico;Generico;Sonidos
109210;vamos argentina;Generico;Mundial Sudáfrica
108518;vamos vamos argentina;Generico;Mundial Sudáfrica
105607;Viva Blooming (Instrumental);Los Cartageneros;Blooming
 
Tue Sep 18 7:37:21 BOT 2012: Busqueda Inteligente: resultados >104043
Tue Sep 18 7:52:52 BOT 2012: Session Start>  session por defecto 
Tue Sep 18 7:54:16 BOT 2012: Consulta de precio de reason:3 - msisdn: tono:147352 Async responde:350
 
Tue Sep 18 7:54:55 BOT 2012: Session Start>  session por defecto 
Tue Sep 18 8:03:36 BOT 2012: Mostrar Genero: >G&eacute;nero:  <a href='index.php?seccion=playlist&genero=96'>Bachata y Vallenato</a>
Tue Sep 18 8:15:45 BOT 2012: Busqueda Inteligente: resultados >103206
Tue Sep 18 8:17:28 BOT 2012: Ajax->Mostrar Imagen Portada:  
Tue Sep 18 8:19:58 BOT 2012: Asignar backtone escuchado > Asi termino:123540,123515,123528,131730,123530,123525,131042,131049,131035,131036,104391,104390,104389,105516,
Tue Sep 18 8:28:15 BOT 2012: Ajax-> Mostrar  Imagen Portada> tono:147132 
Tue Sep 18 8:30:25 BOT 2012: Mostrar Comentarios : tono:139337 
Tue Sep 18 8:31:40 BOT 2012: ASYNC -> STATS> Tiempo respuesta 0.00265 seg.
Tue Sep 18 8:32:22 BOT 2012: Ajax->Mostrar Imagen Portada:  
Tue Sep 18 8:33:26 BOT 2012: Ajax->Mostrar Reproducciones:  
Tue Sep 18 8:34:08 BOT 2012: Ajax->Mostrar Ranking:  
Tue Sep 18 8:41:16 BOT 2012: Ajax->Mostrar Imagen Portada:  
Tue Sep 18 8:43:04 BOT 2012: Busqueda Inteligente: resultados >104341
Tue Sep 18 8:45:56 BOT 2012: Ajax->Mostrar Nombre Artista:  
Tue Sep 18 8:53:19 BOT 2012: ASYNC -> STATS> Tiempo respuesta -0.483155 seg.
Tue Sep 18 8:56:28 BOT 2012: Ajax->Mostrar Nombre Genero:  
Tue Sep 18 9:15:36 BOT 2012: ASYNC -> STATS> Tiempo respuesta 0.0023500000000001 seg.
Tue Sep 18 9:16:21 BOT 2012: Busqueda Inteligente: resultados >109240
Tue Sep 18 9:20:49 BOT 2012: Ajax->Mostrar Imagen Portada:  
Tue Sep 18 9:20:53 BOT 2012: Ajax->Mostrar Ranking:  
Tue Sep 18 9:21:53 BOT 2012: Ajax->Mostrar Megusta:  
Tue Sep 18 9:22:08 BOT 2012: Consulta de precio de reason:3 - msisdn: tono:140814 Async responde:350
 
Tue Sep 18 9:25:12 BOT 2012: ASYNC -> STATS> Tiempo respuesta -0.836968 seg.
Tue Sep 18 9:25:12 BOT 2012: ASYNC -> STATS> Tiempo respuesta -0.104988 seg.
Tue Sep 18 9:26:21 BOT 2012: Ajax->Mostrar Reproducciones:  
Tue Sep 18 9:29:43 BOT 2012: Busqueda Inteligente: resultados >116467
Tue Sep 18 9:32:37 BOT 2012: Ajax->Mostrar Ranking:  
Tue Sep 18 9:33:41 BOT 2012: Ajax-> Mostrar Megusta> tono:152114 
Tue Sep 18 9:35:59 BOT 2012: Ajax->Mostrar Imagen Portada:  
Tue Sep 18 9:41:06 BOT 2012: Busqueda Inteligente: resultados >104927
Tue Sep 18 9:41:43 BOT 2012: Ajax-> Mostrar Ranking > tono:105302 
Tue Sep 18 9:42:28 BOT 2012: Ajax-> Mostrar  Nombre Artista > tono:134631 
Tue Sep 18 9:42:52 BOT 2012: Mostrar Megusta> tono: 104999 msisdn: > a otros 4  les gusta 
Tue Sep 18 9:42:55 BOT 2012: ASYNC -> STATS> Tiempo respuesta 0.003113 seg.
Tue Sep 18 9:43:04 BOT 2012: Asignar backtone escuchado > Asi termino:102745,103431,
Tue Sep 18 9:45:01 BOT 2012: Ajax-> Mostrar Ranking > tono:102954 
Tue Sep 18 9:45:50 BOT 2012: Ajax->Mostrar Ranking:  
Tue Sep 18 9:45:50 BOT 2012: Ajax-> Mostrar Megusta> tono:102675 
Tue Sep 18 9:47:29 BOT 2012: Ajax->Mostrar Comentarios:  
Tue Sep 18 9:49:17 BOT 2012: WEB_REPRODUCIR_BUSQUEDA > Se recibieron:98 tonos
Tue Sep 18 9:53:40 BOT 2012: Ajax->Mostrar Reproducciones:  
Tue Sep 18 9:55:25 BOT 2012: Asignar backtone escuchado > Asi termino:102704,102745,104509,103209,103415,104112,105392,104982,103204,103207,103961,102744,102902,102710,103206,155196,103203,105053,104871,104109,
Tue Sep 18 9:56:49 BOT 2012: Ajax->Mostrar Ranking:  
Tue Sep 18 9:58:02 BOT 2012: Ajax->Mostrar Reproducciones:  
Tue Sep 18 10:00:35 BOT 2012: Ajax->Mostrar Comentarios:  
Tue Sep 18 10:07:07 BOT 2012: ASYNC -> STATS> Tiempo respuesta 0.1692 seg.
Tue Sep 18 10:13:02 BOT 2012: ASYNC -> STATS> Tiempo respuesta 0.009454 seg.
Tue Sep 18 10:13:05 BOT 2012: Busqueda Inteligente: resultados >104938
Tue Sep 18 10:16:39 BOT 2012: Ajax-> Mostrar Ranking > tono:106237 
Tue Sep 18 10:21:25 BOT 2012: Ajax-> Mostrar Ranking > tono:102672 
Tue Sep 18 10:24:08 BOT 2012: Ajax-> Mostrar Megusta> tono:127417 
Tue Sep 18 10:27:27 BOT 2012: Ajax-> Mostrar  Genero > G&eacute;nero:  <a href='index.php?seccion=playlist&genero=108'>Cristianas</a>
Tue Sep 18 10:28:54 BOT 2012: Ajax->Mostrar Reproducciones:  
Tue Sep 18 10:30:12 BOT 2012: Ajax-> Mostrar Comentarios> tono:103584 
Tue Sep 18 10:30:43 BOT 2012: Ajax-> Mostrar  Nombre Artista > tono:102966 
Tue Sep 18 10:32:13 BOT 2012: Ajax->Actualizar pin usuario >recibe el msisdn:78003926 
Tue Sep 18 10:34:25 BOT 2012: Ajax-> Mostrar  Nombre Genero > tono:154226 
Tue Sep 18 10:39:15 BOT 2012: ASYNC -> STATS> Tiempo respuesta 0.004201 seg.
Tue Sep 18 10:41:42 BOT 2012: Ajax->Mostrar Imagen Portada:  
Tue Sep 18 10:42:49 BOT 2012: Ajax-> Mostrar Comentarios> tono:114603 
Tue Sep 18 10:44:52 BOT 2012: Ajax->Mostrar Nombre Artista:  
Tue Sep 18 10:44:58 BOT 2012: Ajax-> Mostrar Megusta> tono:109246 
Tue Sep 18 10:44:58 BOT 2012: Ajax->Mostrar Ranking:  
Tue Sep 18 10:45:19 BOT 2012: ASYNC -> STATS> Tiempo respuesta 0.0018560000000001 seg.
Tue Sep 18 10:48:14 BOT 2012: Consulta de precio de reason:5 - msisdn: tono:131044 Async responde:350
 
Tue Sep 18 10:52:12 BOT 2012: Ajax-> Mostrar Comentarios> tono:144156 
Tue Sep 18 10:52:15 BOT 2012: Ajax-> Mostrar Ranking > tono:144173 
Tue Sep 18 10:53:03 BOT 2012: ASYNC -> STATS> Tiempo respuesta 0.087009 seg.
Tue Sep 18 10:53:39 BOT 2012: Ajax->Mostrar Megusta:  
Tue Sep 18 10:58:04 BOT 2012: Ajax->Mostrar Nombre Artista:  
Tue Sep 18 10:58:32 BOT 2012: ASYNC -> STATS> Tiempo respuesta 0.070662 seg.
Tue Sep 18 10:58:35 BOT 2012: Ajax->Mostrar Imagen Portada:  
Tue Sep 18 11:02:17 BOT 2012: Ajax-> Mostrar Ranking > tono:104816 
Tue Sep 18 11:03:36 BOT 2012: WEB_REPRODUCIR_BUSQUEDA > Se recibieron:9 tonos
Tue Sep 18 11:04:15 BOT 2012: Ajax->Mostrar Ranking:  
Tue Sep 18 11:04:42 BOT 2012: Ajax->Mostrar Megusta:  
Tue Sep 18 11:04:54 BOT 2012: Ajax-> Mostrar Megusta> tono:177 
Tue Sep 18 11:06:40 BOT 2012: Ajax->Mostrar Comentarios:  
Tue Sep 18 11:09:49 BOT 2012: Ajax->Mostrar Nombre Artista:  
Tue Sep 18 11:12:50 BOT 2012: Ajax-> Mostrar Ranking > tono:102665 
Tue Sep 18 11:13:08 BOT 2012: Ajax-> Mostrar Ranking > tono:104278 
Tue Sep 18 11:13:08 BOT 2012: ASYNC -> STATS> Tiempo respuesta 0.003193 seg.
Tue Sep 18 11:14:32 BOT 2012: Ajax->Mostrar Megusta:  
Tue Sep 18 11:15:39 BOT 2012: Mostrar Genero: >G&eacute;nero:  <a href='index.php?seccion=playlist&genero=120'>Hip Hop</a>
Tue Sep 18 11:15:51 BOT 2012: Ajax-> Mostrar Comentarios> tono:133786 
Tue Sep 18 11:16:09 BOT 2012: Ajax-> Mostrar Ranking > tono:104173 
Tue Sep 18 11:19:00 BOT 2012: Consulta de precio de reason:5 - msisdn: tono:145176 Async responde:350
 
Tue Sep 18 11:19:25 BOT 2012: Ajax-> Mostrar  Nombre Artista > tono:102965 
Tue Sep 18 11:21:04 BOT 2012: Ajax-> Mostrar Ranking > tono:103132 
Tue Sep 18 11:24:41 BOT 2012: Ajax-> Mostrar  Nombre Artista > tono:109249 
Tue Sep 18 11:26:21 BOT 2012: Ajax->Mostrar Comentarios:  
Tue Sep 18 11:26:45 BOT 2012: Consulta de precio de reason:3 - msisdn: tono:125516 Async responde:350
 
Tue Sep 18 11:26:48 BOT 2012: ASYNC -> STATS> Tiempo respuesta -0.671464 seg.
Tue Sep 18 11:26:48 BOT 2012: Asignar backtone escuchado > Asi termino:125510,126677,102817,150068,102694,149530,103349,110187,150020,134015,105988,604,322,386,105986,103477,103476,103478,103475,103793,
Tue Sep 18 11:26:51 BOT 2012: ASYNC -> STATS> Tiempo respuesta 0.001398 seg.
Tue Sep 18 11:26:51 BOT 2012: ASYNC -> STATS> Tiempo respuesta 0.00070000000000001 seg.
Tue Sep 18 11:27:03 BOT 2012: Ajax->Mostrar Megusta:  
Tue Sep 18 11:27:45 BOT 2012: Ajax->Mostrar Comentarios:  
Tue Sep 18 11:30:49 BOT 2012: Ajax->Mostrar Imagen Portada:  
Tue Sep 18 11:39:15 BOT 2012: Asignar backtone escuchado > Asi termino:105571,105564,149592,123540,123515,123528,131730,123530,123525,131042,123518,123531,123519,131049,131035,131036,123534,123520,123537,131048,
Tue Sep 18 11:40:18 BOT 2012: Ajax->Mostrar Comentarios:  
Tue Sep 18 11:40:48 BOT 2012: Busqueda Inteligente: resultados >104177
Tue Sep 18 11:41:24 BOT 2012: Ajax->Mostrar Comentarios:  
Tue Sep 18 11:41:27 BOT 2012: Ajax->Mostrar Nombre Genero:  
Tue Sep 18 11:41:30 BOT 2012: Ajax->Mostrar Ranking:  
Tue Sep 18 11:41:51 BOT 2012: Ajax->Mostrar Nombre Artista:  
Tue Sep 18 11:44:28 BOT 2012: Ajax->Mostrar Nombre Genero:  
Tue Sep 18 11:44:31 BOT 2012: Ajax->Mostrar Comentarios:  
Tue Sep 18 11:45:01 BOT 2012: Ajax-> Mostrar Ranking > tono:105561 
Tue Sep 18 11:45:25 BOT 2012: Ajax->Mostrar Nombre Artista:  
Tue Sep 18 11:45:28 BOT 2012: Ajax->Mostrar Nombre Genero:  
Tue Sep 18 11:45:52 BOT 2012: Ajax->Mostrar Megusta:  
Tue Sep 18 11:46:41 BOT 2012: Mostrar Album: >albumes/album-default.jpg
Tue Sep 18 11:46:53 BOT 2012: Ajax->Mostrar Nombre Genero:  
Tue Sep 18 11:47:05 BOT 2012: Ajax-> Mostrar Comentarios> tono:145838 
Tue Sep 18 11:47:35 BOT 2012: Mostrar Genero: >G&eacute;nero:  <a href='index.php?seccion=playlist&genero=100'>Carnaval</a>
Tue Sep 18 11:48:05 BOT 2012: Ajax-> Mostrar Comentarios> tono:102918 
Tue Sep 18 11:49:23 BOT 2012: Ajax-> Mostrar  Nombre Genero > tono:114594 
Tue Sep 18 11:49:59 BOT 2012: Ajax->Mostrar Comentarios:  
Tue Sep 18 11:50:35 BOT 2012: Ajax->Mostrar Nombre Genero:  
Tue Sep 18 11:53:30 BOT 2012: Asignar backtone escuchado > Asi termino:142220,146585,140826,155364,152124,155378,152116,146583,137882,146575,155372,156284,
Tue Sep 18 11:54:30 BOT 2012: Asignar backtone escuchado > Asi termino:102675,102630,127429,127441,103994,103640,200,104029,103507,116506,104670,209,163,103991,103469,103790,
Tue Sep 18 11:54:54 BOT 2012: Session Start>  session por defecto 
Tue Sep 18 11:55:43 BOT 2012: Ajax-> Login Usuario msisdn: 77365640  pin: > msisdn valido, verificando session
Tue Sep 18 11:56:10 BOT 2012: Ajax-> Mostrar  Imagen Portada> tono:137811 
Tue Sep 18 11:56:13 BOT 2012: Ajax->Mostrar Ranking:  
Tue Sep 18 12:03:00 BOT 2012: Ajax-> Mostrar Ranking > tono:102960 
Tue Sep 18 12:03:03 BOT 2012: Ajax->Mostrar Nombre Genero:  
Tue Sep 18 12:04:00 BOT 2012: Ajax->Mostrar Imagen Portada:  
Tue Sep 18 12:04:24 BOT 2012: Ajax-> Mostrar Ranking > tono:155386 
Tue Sep 18 12:10:53 BOT 2012: Consulta de precio de reason:10 - msisdn: tono:154234 Async responde:350
 
Tue Sep 18 12:11:53 BOT 2012: Asignar backtone escuchado > Asi termino:102675,102676,155386,102677,103449,442,103640,102630,127429,127441,103994,200,104029,103507,116506,104670,209,163,103991,
Tue Sep 18 12:12:05 BOT 2012: Ajax->Mostrar Nombre Artista:  
Tue Sep 18 12:13:05 BOT 2012: Ajax->Mostrar Reproducciones:  
Tue Sep 18 12:13:38 BOT 2012: Mostrar Genero: >G&eacute;nero:  <a href='index.php?seccion=playlist&genero=143'>Latinas</a>
Tue Sep 18 12:14:39 BOT 2012: Ajax->Mostrar Comentarios:  
Tue Sep 18 12:18:25 BOT 2012: Mostrar Ranking: tono:105390 calificacion: 5
Tue Sep 18 12:20:25 BOT 2012: ASYNC -> STATS> Tiempo respuesta 0.001364 seg.
Tue Sep 18 12:20:37 BOT 2012: Ajax-> Mostrar Ranking > tono:104215 
Tue Sep 18 12:20:55 BOT 2012: Busqueda Inteligente: resultados >102626
Tue Sep 18 12:21:43 BOT 2012: Ajax->Mostrar Nombre Artista:  
Tue Sep 18 12:22:13 BOT 2012: Ajax-> Mostrar Comentarios> tono:123531 
Tue Sep 18 12:24:50 BOT 2012: Ajax-> Mostrar Megusta> tono:125734 
Tue Sep 18 12:25:02 BOT 2012: Mostrar Comentarios : tono:107589 
Tue Sep 18 12:25:56 BOT 2012: Ajax-> Mostrar Comentarios> tono:155372 
Tue Sep 18 12:29:03 BOT 2012: Error al consultar precio de renovacion - msisdn: tono:103243 - Async responde -3
Tue Sep 18 12:29:45 BOT 2012: Ajax->Mostrar Imagen Portada:  
Tue Sep 18 12:31:28 BOT 2012: Ajax-> Mostrar  Imagen Portada> tono:141946 
Tue Sep 18 12:35:50 BOT 2012: Ajax->Mostrar Nombre Genero:  
Tue Sep 18 12:35:56 BOT 2012: Ajax->Mostrar Nombre Artista:  
Tue Sep 18 12:36:17 BOT 2012: STATS > BUSQUEDA DE BACKTONE >Tiempo: 0.083617 seg. | registros: 114
Tue Sep 18 12:38:23 BOT 2012: Ajax->Mostrar Ranking:  
Tue Sep 18 12:38:32 BOT 2012: Busqueda Inteligente: resultados >134163
Tue Sep 18 12:39:21 BOT 2012: Asignar backtone escuchado > Asi termino:105259,103438,113602,105312,103320,105073,104107,103328,102622,103779,104404,103939,104991,105274,105276,133776,126471,102610,107788,107763,
Tue Sep 18 12:42:43 BOT 2012: Ajax->Mostrar Reproducciones:  
Tue Sep 18 12:44:46 BOT 2012: Ajax-> Mostrar  Nombre Genero > tono:103506 
Tue Sep 18 12:45:01 BOT 2012: Mostrar Album: >Artista:  <a href='index.php?seccion=playlist&autor=588'>Tola Claudio</a>
Tue Sep 18 12:45:04 BOT 2012: Busqueda Inteligente: resultados >105096
Tue Sep 18 12:48:14 BOT 2012: Asignar backtone escuchado > Asi termino:102709,104927,104147,104547,104510,104508,381,106237,130053,146572,106385,143076,141134,140819,105810,105812,120250,142632,139303,142225,
Tue Sep 18 12:49:29 BOT 2012: Ajax->Mostrar Megusta:  
Tue Sep 18 12:51:39 BOT 2012: ASYNC -> STATS> Tiempo respuesta -0.567699 seg.
Tue Sep 18 12:51:42 BOT 2012: Ajax->Mostrar Nombre Artista:  
Tue Sep 18 12:52:24 BOT 2012: Busqueda Inteligente: Resultado 
 -1 
Tue Sep 18 12:54:16 BOT 2012: Ajax-> Mostrar Megusta> tono:129268 
Tue Sep 18 12:54:25 BOT 2012: ASYNC -> STATS> Tiempo respuesta -0.254314 seg.
Tue Sep 18 12:54:31 BOT 2012: Consulta de precio de reason:10 - msisdn: tono:152118 Async responde:350
 
Tue Sep 18 12:54:31 BOT 2012: ASYNC -> STATS> Tiempo respuesta -0.695349 seg.
Tue Sep 18 12:54:55 BOT 2012: Ajax->Mostrar Reproducciones:  
Tue Sep 18 12:55:34 BOT 2012: Consulta de precio de reason:2 - msisdn: tono:103702 Async responde:350
 
Tue Sep 18 12:56:58 BOT 2012: Asignar backtone escuchado > Asi termino:136242,135956,257,136229,136232,104344,144149,125516,
Tue Sep 18 12:57:31 BOT 2012: Ajax->Mostrar Megusta:  
Tue Sep 18 12:58:47 BOT 2012: Ajax->Mostrar Ranking:  
Tue Sep 18 12:59:26 BOT 2012: Mostrar Album: >albumes/GNR greatest_hits.jpg
Tue Sep 18 12:59:50 BOT 2012: Ajax-> Mostrar  Nombre Artista > tono:138309 
Tue Sep 18 13:01:14 BOT 2012: Ajax-> Mostrar  Nombre Artista > tono:103115 
Tue Sep 18 13:03:36 BOT 2012: Ajax->Mostrar Reproducciones:  
Tue Sep 18 13:04:21 BOT 2012: Ajax->Mostrar Reproducciones:  
Tue Sep 18 13:05:36 BOT 2012: Mostrar Cantidad reproducciones: tono:102958 cantidad: 0
Tue Sep 18 13:06:37 BOT 2012: Ajax-> Mostrar  Imagen Portada> tono:127769 
Tue Sep 18 13:06:55 BOT 2012: Consulta de precio de reason:2 - msisdn: tono:105707 Async responde:350
 
Tue Sep 18 13:09:43 BOT 2012: Ajax->Mostrar Reproducciones:  
Tue Sep 18 13:12:02 BOT 2012: Ajax->Mostrar Ranking:  
Tue Sep 18 13:12:17 BOT 2012: Asignar backtone escuchado > Asi termino:140808,141918,140826,143744,141833,142273,142166,139723,140825,155364,140823,152124,155378,152116,146583,155370,155374,152114,152112,155360,
Tue Sep 18 13:15:21 BOT 2012: Asignar backtone escuchado > Asi termino:146588,145741,142220,155358,142168,140808,141918,140826,143744,141833,142273,142166,139723,140825,155364,140823,152124,155378,152116,146583,
Tue Sep 18 13:15:54 BOT 2012: Ajax-> Mostrar Ranking > tono:103274 
Tue Sep 18 13:15:57 BOT 2012: ASYNC -> STATS> Tiempo respuesta -0.607121 seg.
Tue Sep 18 13:16:12 BOT 2012: Asignar backtone escuchado > Asi termino:102639,107580,102671,102967,102670,102966,103473,102965,103792,102964,102669,102963,107582,102962,102961,102668,102667,102960,102959,102666,
Tue Sep 18 13:16:15 BOT 2012: Ajax->Mostrar Nombre Artista:  
Tue Sep 18 13:18:15 BOT 2012: Ajax-> Mostrar Comentarios> tono:141835 
Tue Sep 18 13:19:07 BOT 2012: Ajax-> Mostrar  Nombre Artista > tono:144306 
Tue Sep 18 13:20:07 BOT 2012: Ajax-> Mostrar  Genero > G&eacute;nero:  <a href='index.php?seccion=playlist&genero=183'>Promo 50 ctvs</a>
Tue Sep 18 13:24:08 BOT 2012: Ajax->Mostrar Comentarios:  
Tue Sep 18 13:27:24 BOT 2012: set_session  => asignacion de token al usuario: 77290901 token:19df850116acc1be757875729230d562 
Tue Sep 18 13:29:48 BOT 2012: Ajax->Eliminando backtone: msisdn:   
Tue Sep 18 13:29:51 BOT 2012: Ajax->Mostrar Megusta:  
Tue Sep 18 13:30:30 BOT 2012: Consulta de precio de reason:10 - msisdn: tono:141122 Async responde:350
 
Tue Sep 18 13:30:30 BOT 2012: Ajax->Mostrar Megusta:  
Tue Sep 18 13:33:43 BOT 2012: Ajax-> Mostrar Megusta> tono:105282 
Tue Sep 18 13:36:38 BOT 2012: Asignar backtone escuchado > Asi termino:131823,104663,103261,104300,104676,106299,105282,105096,104991,131616,135727,240,151286,
Tue Sep 18 13:38:08 BOT 2012: Ajax->Mostrar Comentarios:  
Tue Sep 18 13:38:56 BOT 2012: Ajax->Mostrar Ranking:  
Tue Sep 18 13:39:12 BOT 2012: session-default => asignando por default session
Tue Sep 18 13:39:27 BOT 2012: Ajax->Mostrar Nombre Artista:  
Tue Sep 18 13:40:00 BOT 2012: Session Start>  session por defecto 
Tue Sep 18 13:43:43 BOT 2012: Consulta de precio de reason:10 - msisdn: tono:133736 Async responde:350
 
Tue Sep 18 13:44:04 BOT 2012: Ajax->Mostrar Reproducciones:  
Tue Sep 18 13:44:10 BOT 2012: ASYNC -> STATS> Tiempo respuesta 0.006382 seg.
Tue Sep 18 13:44:31 BOT 2012: Session Start>  session por defecto 
Tue Sep 18 13:45:43 BOT 2012: Ajax->Mostrar Comentarios:  
Tue Sep 18 13:52:33 BOT 2012: Ajax->Mostrar Imagen Portada:  
Tue Sep 18 13:53:54 BOT 2012: Busqueda Inteligente: resultados >
Tue Sep 18 13:55:51 BOT 2012: Ajax->Mostrar Nombre Genero:  
Tue Sep 18 13:58:07 BOT 2012: ASYNC -> STATS> Tiempo respuesta -0.162616 seg.
Tue Sep 18 13:58:07 BOT 2012: ASYNC -> STATS> Tiempo respuesta 0.103603 seg.
Tue Sep 18 13:58:10 BOT 2012: Ajax->Mostrar Reproducciones:  
Tue Sep 18 13:58:16 BOT 2012: ASYNC -> STATS> Tiempo respuesta -0.019677 seg.
Tue Sep 18 13:58:16 BOT 2012: Ajax-> Mostrar Megusta> tono:155352 
Tue Sep 18 13:58:19 BOT 2012: ASYNC -> STATS> Tiempo respuesta -0.015859 seg.
Tue Sep 18 13:58:19 BOT 2012: Ajax->Mostrar Megusta:  
Tue Sep 18 13:58:19 BOT 2012: Ajax->Mostrar Comentarios:  
Tue Sep 18 13:59:01 BOT 2012: Ajax-> Mostrar Comentarios> tono:115945 
Tue Sep 18 14:00:35 BOT 2012: ASYNC -> STATS> Tiempo respuesta 0.00361 seg.
Tue Sep 18 14:03:56 BOT 2012: Ajax-> Mostrar  Nombre Genero > tono:145741 
Tue Sep 18 14:03:59 BOT 2012: Asignar backtone escuchado > Asi termino:127754,127752,147352,110374,145241,105075,561,102647,115945,155336,155334,145227,104886,104120,103328,102622,103459,103458,103462,449,
Tue Sep 18 14:08:58 BOT 2012: ASYNC -> STATS> Tiempo respuesta 0.005635 seg.
Tue Sep 18 14:11:58 BOT 2012: Ajax-> Mostrar  Nombre Genero > tono:105762 
Tue Sep 18 14:12:50 BOT 2012: Asignar backtone escuchado > Asi termino:105369,105363,105373,105383,105380,105381,105368,105371,105364,105378,105376,105379,105382,105372,105366,105365,105377,105370,102827,104379,
Tue Sep 18 14:12:59 BOT 2012: ASYNC -> STATS> Tiempo respuesta 0.003459 seg.
Tue Sep 18 14:14:52 BOT 2012: Asignar backtone escuchado > Asi termino:203,109975,108556,105762,102624,103507,102893,103790,102630,
Tue Sep 18 14:17:13 BOT 2012: Mostrar Cantidad reproducciones: tono:118725 cantidad: 0
Tue Sep 18 14:18:50 BOT 2012: ASYNC -> STATS> Tiempo respuesta -0.47944 seg.
Tue Sep 18 14:19:08 BOT 2012: Ajax-> Mostrar Ranking > tono:156166 
Tue Sep 18 14:21:35 BOT 2012: Ajax->Mostrar Comentarios:  
Tue Sep 18 14:22:20 BOT 2012: Ajax->Mostrar Megusta:  
Tue Sep 18 14:24:06 BOT 2012: Ajax->Mostrar Nombre Artista:  
Tue Sep 18 14:25:30 BOT 2012: Ajax-> Mostrar  Nombre Genero > tono:125517 
Tue Sep 18 14:25:30 BOT 2012: Ajax->Mostrar Comentarios:  
Tue Sep 18 14:25:51 BOT 2012: Ajax->Mostrar Reproducciones:  
Tue Sep 18 14:26:21 BOT 2012: Ajax->Mostrar Ranking:  
Tue Sep 18 14:27:19 BOT 2012: Ajax-> Mostrar Ranking > tono:106356 
Tue Sep 18 14:29:43 BOT 2012: Ajax->Mostrar Nombre Artista:  
Tue Sep 18 14:30:53 BOT 2012: Asignar backtone escuchado > Asi termino:102961,102668,102667,102960,102959,102666,102665,102958,102957,102956,102664,102662,102955,102954,102663,107571,102953,107573,102639,107580,
Tue Sep 18 14:30:56 BOT 2012: Ajax->Mostrar Reproducciones:  
Tue Sep 18 14:30:59 BOT 2012: ASYNC -> STATS> Tiempo respuesta -0.704636 seg.
Tue Sep 18 14:31:20 BOT 2012: Ajax-> Mostrar  Nombre Genero > tono:104872 
Tue Sep 18 14:31:26 BOT 2012: Ajax-> Mostrar Megusta> tono:103543 
Tue Sep 18 14:34:39 BOT 2012: Busqueda Inteligente: resultados >102821
Tue Sep 18 14:37:21 BOT 2012: Ajax->Mostrar Comentarios:  
Tue Sep 18 14:37:54 BOT 2012: Asignar backtone escuchado > Asi termino:102639,107580,102671,102967,102670,102966,103473,102965,103792,102964,102669,102963,107582,102962,102961,102668,102667,102960,102959,102666,
Tue Sep 18 14:42:16 BOT 2012: Ajax->Mostrar Reproducciones:  
Tue Sep 18 14:59:37 BOT 2012: Asignar backtone escuchado > Asi termino:103521,103038,137244,152498,104820,145319,105627,
Tue Sep 18 14:59:49 BOT 2012: Session Start>  session por defecto 
Tue Sep 18 15:01:28 BOT 2012: Ajax->Mostrar Nombre Genero:  
Tue Sep 18 15:06:41 BOT 2012: Ajax->Mostrar Ranking:  
Tue Sep 18 15:07:45 BOT 2012: Ajax->Mostrar Comentarios:  
Tue Sep 18 15:08:39 BOT 2012: Asignar backtone escuchado > Asi termino:104430,126683,132464,452,104200,
Tue Sep 18 15:09:00 BOT 2012: Ajax-> Mostrar Ranking > tono:104503 
Tue Sep 18 15:09:12 BOT 2012: Ajax->Mostrar Nombre Genero:  
Tue Sep 18 15:10:09 BOT 2012: Session Start>  session por defecto 
Tue Sep 18 15:10:30 BOT 2012: Ajax->Mostrar Nombre Genero:  
Tue Sep 18 15:11:16 BOT 2012: Mostrar Album: >albumes/album-default.jpg
Tue Sep 18 15:13:55 BOT 2012: Asignar backtone escuchado > Asi termino:104178,155286,144844,
Tue Sep 18 15:22:03 BOT 2012: ASYNC -> STATS> Tiempo respuesta 0.774059 seg.
Tue Sep 18 15:23:01 BOT 2012: Consulta de precio de reason:3 - msisdn: tono:105648 Async responde:350
 
Tue Sep 18 15:24:01 BOT 2012: Ajax->Mostrar Comentarios:  
Tue Sep 18 15:31:09 BOT 2012: Ajax-> Mostrar Megusta> tono:132452 
Tue Sep 18 15:31:48 BOT 2012: Ajax-> Mostrar Megusta> tono:156526 
Tue Sep 18 15:32:18 BOT 2012: Ajax->Mostrar Ranking:  
Tue Sep 18 15:50:40 BOT 2012: Ajax->Mostrar Megusta:  
Tue Sep 18 15:51:19 BOT 2012: Session Start>  session por defecto 
Tue Sep 18 15:52:02 BOT 2012: Session Start>  session por defecto 
Tue Sep 18 15:56:45 BOT 2012: Ajax->Mostrar Comentarios:  
Tue Sep 18 16:08:27 BOT 2012: Ajax->Mostrar Megusta:  
Tue Sep 18 16:09:06 BOT 2012: Ajax->Mostrar Nombre Genero:  
Tue Sep 18 16:10:18 BOT 2012: Session Start>  session por defecto 
Tue Sep 18 16:14:55 BOT 2012: Ajax-> Mostrar  Nombre Artista > tono:143744 
Tue Sep 18 16:16:01 BOT 2012: Ajax-> Mostrar Ranking > tono:156154 
Tue Sep 18 16:21:33 BOT 2012: Error al consultar precio de renovacion - msisdn: tono:102954 - Async responde -3
Tue Sep 18 16:24:39 BOT 2012: Ajax-> Mostrar  Imagen Portada> tono:604 
Tue Sep 18 16:26:19 BOT 2012: Ajax-> Mostrar  Imagen Portada> tono:102812 
Tue Sep 18 16:27:46 BOT 2012: Ajax->Mostrar Comentarios:  
Tue Sep 18 16:32:35 BOT 2012: Busqueda Inteligente: resultados >133699
Tue Sep 18 16:33:21 BOT 2012: Ajax->Mostrar Ranking:  
Tue Sep 18 16:34:15 BOT 2012: Busqueda Inteligente: a quien tu decidistes amar
Tue Sep 18 16:34:30 BOT 2012: Ajax-> Mostrar Comentarios> tono:104026 
Tue Sep 18 16:39:07 BOT 2012: ASYNC -> STATS> Tiempo respuesta 0.00274 seg.
Tue Sep 18 16:39:10 BOT 2012: Ajax-> Mostrar Ranking > tono:147871 
Tue Sep 18 16:39:19 BOT 2012: Ajax->Mostrar Reproducciones:  
Tue Sep 18 16:39:19 BOT 2012: Ajax->Mostrar Ranking:  
Tue Sep 18 16:39:22 BOT 2012: Ajax->Mostrar Imagen Portada:  
Tue Sep 18 16:39:40 BOT 2012: Msisdn:77929494Asignando tono:104662:1:1:0:1|123538:1:0:0:1|104661:1:0:0:1|105066:1:0:0:1| 
Tue Sep 18 16:43:56 BOT 2012: Ajax-> Mostrar Megusta> tono:104400 
Tue Sep 18 16:44:11 BOT 2012: Ajax-> Mostrar  Imagen Portada> tono:105280 
Tue Sep 18 16:44:47 BOT 2012: Ajax->Mostrar Comentarios:  
Tue Sep 18 16:48:54 BOT 2012: Session Start>  session por defecto 
Tue Sep 18 16:49:54 BOT 2012: Ajax->Mostrar Reproducciones:  
Tue Sep 18 16:50:25 BOT 2012: Asignar backtone escuchado > Asi termino:102671,102967,102670,102966,103473,102965,103792,102964,102669,102963,107582,102962,102961,102668,102667,102960,102959,102666,102665,102958,
Tue Sep 18 16:52:28 BOT 2012: Busqueda Inteligente: resultados >103762
Tue Sep 18 17:00:33 BOT 2012: Ajax-> Mostrar Megusta> tono:132110 
Tue Sep 18 17:02:58 BOT 2012: Busqueda Inteligente: resultados >104178
Tue Sep 18 17:03:04 BOT 2012: ASYNC -> STATS> Tiempo respuesta -0.578705 seg.
Tue Sep 18 17:08:35 BOT 2012: Ajax-> Mostrar Megusta> tono:102953 
Tue Sep 18 17:09:08 BOT 2012: ASYNC -> STATS> Tiempo respuesta 0.0038710000000001 seg.
Tue Sep 18 17:12:00 BOT 2012: Ajax->Mostrar Ranking:  
Tue Sep 18 17:15:07 BOT 2012: Ajax->Mostrar Reproducciones:  
Tue Sep 18 17:18:10 BOT 2012: Consulta de precio de reason:3 - msisdn: tono:102963 Async responde:350
 
Tue Sep 18 17:19:26 BOT 2012: ASYNC -> STATS> Tiempo respuesta 0.003717 seg.
Tue Sep 18 17:19:35 BOT 2012: Asignar backtone escuchado > Asi termino:155236,145227,105073,7,104598,142919,103886,82,120,155488,150148,104107,150146,104121,105309,155502,145305,520,103885,602,
Tue Sep 18 17:22:14 BOT 2012: Asignar backtone escuchado > Asi termino:105096,
Tue Sep 18 17:25:57 BOT 2012: Ajax->Mostrar Nombre Artista:  
Tue Sep 18 17:26:45 BOT 2012: Ajax->Mostrar Ranking:  
Tue Sep 18 17:49:24 BOT 2012: Mostrar Ranking: tono:123525 calificacion: 
Tue Sep 18 17:51:18 BOT 2012: Ajax-> Mostrar Ranking > tono:147095 
Tue Sep 18 17:52:52 BOT 2012: ASYNC -> STATS> Tiempo respuesta -0.571175 seg.
Tue Sep 18 17:52:55 BOT 2012: Ajax->Mostrar Megusta:  
Tue Sep 18 17:52:55 BOT 2012: Ajax->Mostrar Comentarios:  
Tue Sep 18 17:55:22 BOT 2012: Ajax->Mostrar Ranking:  
Tue Sep 18 17:59:14 BOT 2012: Ajax-> Mostrar Ranking > tono:103090 
Tue Sep 18 18:00:30 BOT 2012: Ajax->Mostrar Reproducciones:  
Tue Sep 18 18:01:06 BOT 2012: Ajax->Mostrar Comentarios:  
Tue Sep 18 18:02:03 BOT 2012: Asignar backtone escuchado > Asi termino:135727,104279,240,127757,147352,103343,104278,109322,109249,109238,109245,109243,448,109314,102650,102693,103342,109240,104393,
Tue Sep 18 18:02:03 BOT 2012: Asignar backtone escuchado > Asi termino:592,105040,145895,105775,103274,103086,125660,116501,163,102630,518,104380,104410,103777,104404,103939,104095,104561,103872,103430,
Tue Sep 18 18:02:39 BOT 2012: Ajax->Mostrar Megusta:  
Tue Sep 18 18:02:39 BOT 2012: Ajax-> Mostrar Ranking > tono:155380 
Tue Sep 18 18:02:51 BOT 2012: Ajax->Mostrar Comentarios:  
Tue Sep 18 18:03:30 BOT 2012: ASYNC -> STATS> Tiempo respuesta 0.002347 seg.
Tue Sep 18 18:05:01 BOT 2012: Ajax->Mostrar Reproducciones:  
Tue Sep 18 18:09:11 BOT 2012: Asignar backtone escuchado > Asi termino:177,144149,103068,144690,104991,104767,104768,102769,104769,104770,104335,104763,140797,142888,104762,145311,103521,
Tue Sep 18 18:12:18 BOT 2012: Busqueda Inteligente: resultados >155080
Tue Sep 18 18:15:00 BOT 2012: Ajax->Mostrar Comentarios:  
Tue Sep 18 18:16:01 BOT 2012: Ajax->Mostrar Nombre Genero:  
Tue Sep 18 18:16:19 BOT 2012: ASYNC -> STATS> Tiempo respuesta 0.005969 seg.
Tue Sep 18 18:18:32 BOT 2012: Consulta de precio de reason:10 - msisdn: tono:102957 Async responde:350
 
Tue Sep 18 18:25:05 BOT 2012: Ajax-> Mostrar Comentarios> tono:127295 
Tue Sep 18 18:28:36 BOT 2012: Mostrar Ranking: tono:150190 calificacion: 
Tue Sep 18 18:29:33 BOT 2012: Ajax->Mostrar Megusta:  
Tue Sep 18 18:29:33 BOT 2012: Ajax-> Mostrar Ranking > tono:105554 
Tue Sep 18 18:30:03 BOT 2012: ASYNC -> STATS> Tiempo respuesta 0.159523 seg.
Tue Sep 18 18:30:12 BOT 2012: Ajax->Mostrar Reproducciones:  
Tue Sep 18 18:30:18 BOT 2012: Ajax-> Mostrar Comentarios> tono:116500 
Tue Sep 18 18:30:24 BOT 2012: Ajax->Mostrar Megusta:  
Tue Sep 18 18:30:49 BOT 2012: Ajax-> Mostrar Comentarios> tono:104508 
Tue Sep 18 18:31:31 BOT 2012: Ajax-> Mostrar  Nombre Genero > tono:105587 
Tue Sep 18 18:33:23 BOT 2012: Ajax->Mostrar Comentarios:  
Tue Sep 18 18:35:29 BOT 2012: Ajax->Mostrar Reproducciones:  
Tue Sep 18 18:36:14 BOT 2012: Ajax->Mostrar Reproducciones:  
Tue Sep 18 18:37:57 BOT 2012: ASYNC -> STATS> Tiempo respuesta -0.162141 seg.
Tue Sep 18 18:39:18 BOT 2012: Ajax-> Mostrar  Nombre Artista > tono:126657 
Tue Sep 18 18:40:12 BOT 2012: Asignar backtone escuchado > Asi termino:155374,152114,152112,146575,142230,152126,155380,142231,137875,155376,142168,142166,155364,140823,155370,152116,146583,139723,140825,
Tue Sep 18 18:41:28 BOT 2012: Ajax->Mostrar Nombre Artista:  
Tue Sep 18 18:44:50 BOT 2012: Ajax->Mostrar Ranking:  
Tue Sep 18 18:47:41 BOT 2012: ASYNC -> STATS> Tiempo respuesta 0.0046849999999999 seg.
Tue Sep 18 18:47:44 BOT 2012: Consulta de precio de reason:2 - msisdn: tono:102953 Async responde:350
 
Tue Sep 18 18:47:47 BOT 2012: Ajax-> Mostrar Comentarios> tono:104032 
Tue Sep 18 18:49:51 BOT 2012: Ajax->Mostrar Megusta:  
Tue Sep 18 18:53:22 BOT 2012: ASYNC -> STATS> Tiempo respuesta 0.002147 seg.
Tue Sep 18 18:56:14 BOT 2012: Ajax->Mostrar Nombre Genero:  
Tue Sep 18 18:57:59 BOT 2012: Ajax->Mostrar Ranking:  
Tue Sep 18 18:57:59 BOT 2012: Ajax-> Mostrar Comentarios> tono:137244 
Tue Sep 18 18:59:53 BOT 2012: Consulta de precio de reason:2 - msisdn: tono:155368 Async responde:350
 
Tue Sep 18 19:03:06 BOT 2012: Ajax->Mostrar Nombre Artista:  
Tue Sep 18 19:05:19 BOT 2012: Check Session > msisdn: 77539049 > Usuario Valido 
Tue Sep 18 19:06:52 BOT 2012: Ajax->Mostrar Imagen Portada:  
Tue Sep 18 19:07:35 BOT 2012: Ajax-> Mostrar  Imagen Portada> tono:103960 
Tue Sep 18 19:13:55 BOT 2012: Check Session > msisdn: 77602601 > Usuario Valido 
Tue Sep 18 19:22:00 BOT 2012: Mostrar Comentarios : tono:155216 
Tue Sep 18 19:22:36 BOT 2012: Ajax->Mostrar Megusta:  
Tue Sep 18 19:24:15 BOT 2012: Ajax->Mostrar Comentarios:  
Tue Sep 18 19:26:19 BOT 2012: Ajax-> Mostrar  Imagen Portada> tono:83 
Tue Sep 18 19:30:44 BOT 2012: Ajax-> Mostrar Megusta> tono:146585 
Tue Sep 18 19:44:07 BOT 2012: Busqueda Inteligente: 
Tue Sep 18 19:44:43 BOT 2012: Ajax->Mostrar Ranking:  
Tue Sep 18 19:47:32 BOT 2012: WEB_REPRODUCIR_BUSQUEDA > Se recibieron:114 tonos
Tue Sep 18 19:49:36 BOT 2012: Ajax->Mostrar Reproducciones:  
Tue Sep 18 19:50:54 BOT 2012: Ajax->Mostrar Ranking:  
Tue Sep 18 19:53:40 BOT 2012: Ajax->Mostrar Nombre Artista:  
Tue Sep 18 19:54:10 BOT 2012: ASYNC -> STATS> Tiempo respuesta -0.389418 seg.
Tue Sep 18 19:54:10 BOT 2012: Ajax->Mostrar Ranking:  
Tue Sep 18 19:57:47 BOT 2012: Ajax-> Mostrar Ranking > tono:104435 
Tue Sep 18 20:06:13 BOT 2012: Ajax-> Mostrar Megusta> tono:103474 
Tue Sep 18 20:12:59 BOT 2012: Ajax-> Mostrar  Imagen Portada> tono:142141 
Tue Sep 18 20:15:48 BOT 2012: Ajax->Mostrar Comentarios:  
Tue Sep 18 20:19:34 BOT 2012: Ajax->Mostrar Comentarios:  
Tue Sep 18 20:24:35 BOT 2012: Busqueda Inteligente: resultados >103462
Tue Sep 18 20:25:18 BOT 2012: Ajax->Mostrar Ranking:  
Tue Sep 18 20:26:12 BOT 2012: Ajax-> Mostrar  Nombre Genero > tono:104504 
Tue Sep 18 20:26:21 BOT 2012: Busqueda Inteligente: resultados >145307
Tue Sep 18 20:31:04 BOT 2012: Mostrar Album: >Artista:  <a href='index.php?seccion=playlist&autor=28'>Reik</a>
Tue Sep 18 20:32:16 BOT 2012: Session Start>  session por defecto 
Tue Sep 18 20:33:07 BOT 2012: Ajax->Mostrar Nombre Artista:  
Tue Sep 18 20:34:32 BOT 2012: Ajax->Mostrar Megusta:  
Tue Sep 18 20:35:08 BOT 2012: Ajax-> Mostrar  Nombre Genero > tono:106384 
Tue Sep 18 20:38:18 BOT 2012: Ajax->Mostrar Comentarios:  
Tue Sep 18 20:38:54 BOT 2012: Busqueda Inteligente: resultados >104195
Tue Sep 18 20:40:06 BOT 2012: Ajax-> Mostrar Ranking > tono:140832 
Tue Sep 18 20:49:35 BOT 2012: Mostrar Album: >albumes/album-default.jpg
Tue Sep 18 20:55:34 BOT 2012: Ajax->Mostrar Imagen Portada:  
Tue Sep 18 20:57:13 BOT 2012: WEB_REPRODUCIR_BUSQUEDA > Se recibieron:1 tonos
Tue Sep 18 20:58:17 BOT 2012: STATS > BUSQUEDA DE BACKTONE >Tiempo: -0.428718 seg. | registros: 15
Tue Sep 18 21:01:23 BOT 2012: Asignar backtone escuchado > Asi termino:109238,109245,109243,109242,109314,104104,109557,
Tue Sep 18 21:03:00 BOT 2012: Mostrar Megusta> tono: 123519 msisdn:76619670 > a otros 3  les gusta 
Tue Sep 18 21:10:43 BOT 2012: Ajax-> Mostrar  Nombre Genero > tono:163 
Tue Sep 18 21:11:41 BOT 2012: Busqueda Inteligente: 
Tue Sep 18 21:16:27 BOT 2012: Ajax->Mostrar Reproducciones:  
Tue Sep 18 21:16:54 BOT 2012: Ajax->Mostrar Reproducciones:  
Tue Sep 18 21:17:30 BOT 2012: Ajax->Mostrar Comentarios:  
Tue Sep 18 21:19:04 BOT 2012: Ajax->Mostrar Megusta:  
Tue Sep 18 21:27:42 BOT 2012: STATS > BUSQUEDA DE BACKTONE >Tiempo: -0.117044 seg. | registros: 1
Tue Sep 18 21:29:06 BOT 2012: Ajax->Mostrar Comentarios:  
Tue Sep 18 21:35:59 BOT 2012: Busqueda Inteligente: Jessie J
Tue Sep 18 21:38:11 BOT 2012: WEB_REPRODUCIR_BUSQUEDA > Se recibieron:94 tonos
Tue Sep 18 21:43:33 BOT 2012: Ajax->Mostrar Nombre Artista:  
Tue Sep 18 21:47:40 BOT 2012: Ajax-> Mostrar  Imagen Portada> tono:133413 
Tue Sep 18 21:48:17 BOT 2012: Ajax->Mostrar Nombre Artista:  
Tue Sep 18 21:48:59 BOT 2012: Ajax->Mostrar Nombre Genero:  
Tue Sep 18 21:49:05 BOT 2012: Mostrar Genero: >G&eacute;nero:  <a href='index.php?seccion=playlist&genero=143'>Latinas</a>
Tue Sep 18 21:49:32 BOT 2012: ASYNC -> STATS> Tiempo respuesta 0.002453 seg.
Tue Sep 18 21:59:49 BOT 2012: Asignar backtone escuchado > Asi termino:105236,103133,105758,103274,102798,103639,103469,102630,133413,102893,103628,109971,103654,102629,102627,102638,102790,102789,573,102625,
Tue Sep 18 22:01:56 BOT 2012: Ajax-> Mostrar Megusta> tono:103683 
Tue Sep 18 22:02:05 BOT 2012: Error al consultar precio de renovacion - msisdn: tono:104294 - Async responde -3
Tue Sep 18 22:20:36 BOT 2012: Busqueda Inteligente: Wisin y Yandel
Tue Sep 18 22:25:22 BOT 2012: MTD_DB_BUSCAR_ARTISTAS > retornando registros:23
Tue Sep 18 22:43:32 BOT 2012: ASYNC -> STATS> Tiempo respuesta 0.002331 seg.
Tue Sep 18 22:47:00 BOT 2012: Ajax->Mostrar Nombre Genero:  
Tue Sep 18 22:49:10 BOT 2012: Ajax-> Mostrar  Nombre Artista > tono:128604 
Tue Sep 18 22:53:16 BOT 2012: Ajax->Mostrar Reproducciones:  
Tue Sep 18 22:53:53 BOT 2012: Consulta de precio de reason:3 - msisdn: tono:106373 Async responde:350
 
Tue Sep 18 22:53:56 BOT 2012: Ajax->Mostrar Reproducciones:  
Tue Sep 18 22:54:35 BOT 2012: Ajax-> Mostrar Ranking > tono:132097 
Tue Sep 18 22:54:53 BOT 2012: Busqueda Inteligente: resultados >128309
Tue Sep 18 22:55:47 BOT 2012: Ajax->Mostrar Nombre Genero:  
Tue Sep 18 22:57:59 BOT 2012: ASYNC -> STATS> Tiempo respuesta 0.0048180000000001 seg.
Tue Sep 18 23:02:58 BOT 2012: Ajax->Mostrar Nombre Artista:  
Tue Sep 18 23:03:34 BOT 2012: ASYNC -> STATS> Tiempo respuesta -0.01469 seg.
Tue Sep 18 23:03:37 BOT 2012: ASYNC -> STATS> Tiempo respuesta -0.025519 seg.
Tue Sep 18 23:03:46 BOT 2012: Mostrar Genero: >G&eacute;nero:  <a href='index.php?seccion=playlist&genero=102'>Chistes</a>
Tue Sep 18 23:08:41 BOT 2012: ASYNC -> STATS> Tiempo respuesta 0.002477 seg.
Tue Sep 18 23:13:00 BOT 2012: Asignar backtone escuchado > Asi termino:128305,128309,121512,128275,137820,109261,137822,105243,102882,128602,105036,105096,133826,131616,103595,104206,102813,125517,102777,132053,
Tue Sep 18 23:17:07 BOT 2012: WEB_REPRODUCIR_BUSQUEDA > Se recibieron:106 tonos
Tue Sep 18 23:17:25 BOT 2012: Ajax-> Mostrar  Imagen Portada> tono:103520 
Tue Sep 18 23:18:25 BOT 2012: ASYNC -> STATS> Tiempo respuesta 0.003061 seg.
Tue Sep 18 23:19:07 BOT 2012: Ajax-> Mostrar  Nombre Genero > tono:103373 
Tue Sep 18 23:22:53 BOT 2012: Ajax->Mostrar Megusta:  
Tue Sep 18 23:23:32 BOT 2012: Ajax->Mostrar Megusta:  
Tue Sep 18 23:23:59 BOT 2012: Ajax->Mostrar Imagen Portada:  
Tue Sep 18 23:25:48 BOT 2012: Ajax-> Mostrar  Nombre Genero > tono:150314 
Tue Sep 18 23:25:48 BOT 2012: Ajax->Mostrar Comentarios:  
Tue Sep 18 23:26:30 BOT 2012: Asignar backtone escuchado > Asi termino:102727,104084,127461,436,127459,127440,127425,103430,
Tue Sep 18 23:28:06 BOT 2012: Ajax->Actualizar pin usuario
Tue Sep 18 23:30:22 BOT 2012: WEB_REPRODUCIR_BUSQUEDA > Se recibieron:1 tonos
Tue Sep 18 23:31:34 BOT 2012: Ajax->Mostrar Reproducciones:  
Tue Sep 18 23:31:46 BOT 2012: Error al consultar precio de renovacion - msisdn: tono:104558 - Async responde -3
Tue Sep 18 23:34:02 BOT 2012: session-default => asignando por default session
Tue Sep 18 23:43:13 BOT 2012: ASYNC -> STATS> Tiempo respuesta 0.011464 seg.
Tue Sep 18 23:43:16 BOT 2012: Ajax-> Mostrar  Imagen Portada> tono:104393 
Tue Sep 18 23:43:19 BOT 2012: Ajax-> Mostrar  Nombre Genero > tono:104393 
Tue Sep 18 23:44:10 BOT 2012: Mostrar Ranking: tono:140817 calificacion: 
Tue Sep 18 23:44:10 BOT 2012: Asignar backtone escuchado > Asi termino:105406,
Tue Sep 18 23:47:44 BOT 2012: Ajax->Mostrar Reproducciones:  
Tue Sep 18 23:52:36 BOT 2012: Ajax-> Mostrar Ranking > tono:103991 
Tue Sep 18 23:57:58 BOT 2012: Ajax-> Mostrar Ranking > tono:103628 
Tue Sep 18 23:58:01 BOT 2012: Asignar backtone escuchado > Asi termino:103628,572,112702,103274,102672,104024,103086,163,103991,103466,103469,103790,102630,104278,109249,109320,109247,135727,102650,102693,
Tue Sep 18 23:58:34 BOT 2012: WEB_REPRODUCIR_BUSQUEDA > Se recibieron:1 tonos
