Mon Feb 27 9:13:16 BOT 2012: Asignar backtone escuchado > Asi termino:436,102754,102753,102755,110495,105367,102675,103927,298,105402,120225,102521,112704,124971,109415,109414,105095,137268,128220,128237,
Mon Feb 27 9:17:14 BOT 2012: Asignar backtone escuchado > Asi termino:126173,107763,103506,103303,104846,104107,140825,110214,102695,105036,104276,102873,102806,103403,103981,434,440,439,437,
Mon Feb 27 9:17:47 BOT 2012: Busqueda Inteligente: resultados >116501
Mon Feb 27 9:28:03 BOT 2012: WEB_REPRODUCIR_BUSQUEDA > Se recibieron:82 tonos
Mon Feb 27 9:30:10 BOT 2012: Mostrar Ranking: tono:125516 calificacion: 4
Mon Feb 27 9:30:13 BOT 2012: Ajax->Mostrar Nombre Genero:  
Mon Feb 27 9:33:08 BOT 2012: Mostrar Genero: >G&eacute;nero:  <a href='index.php?seccion=playlist&genero=108'>Cristianas</a>
Mon Feb 27 9:34:40 BOT 2012: Ajax->Mostrar Ranking:  
Mon Feb 27 9:35:26 BOT 2012: Ajax-> Mostrar  Nombre Genero > tono:136258 
Mon Feb 27 9:35:32 BOT 2012: Ajax->Mostrar Ranking:  
Mon Feb 27 9:35:50 BOT 2012: Busqueda Inteligente: resultados >145847
Mon Feb 27 9:36:50 BOT 2012: Ajax->Mostrar Nombre Artista:  
Mon Feb 27 9:37:41 BOT 2012: Check Session > msisdn: 77988028 > Usuario Valido 
Mon Feb 27 9:38:14 BOT 2012: Ajax->Mostrar Megusta:  
Mon Feb 27 11:15:04 BOT 2012: ASYNC -> STATS> Tiempo respuesta 0.004393 seg.
Mon Feb 27 11:16:29 BOT 2012: Ajax-> Mostrar  Nombre Genero > tono:145154 
Mon Feb 27 11:18:59 BOT 2012: Ajax-> Mostrar  Imagen Portada> tono:109242 
Mon Feb 27 11:19:35 BOT 2012: ASYNC -> STATS> Tiempo respuesta 0.006081 seg.
Mon Feb 27 11:23:47 BOT 2012: Asignar backtone escuchado > Asi termino:103015,104253,104906,116502,142119,104561,144686,103821,103120,128226,103237,145232,104343,102756,112316,104773,
Mon Feb 27 11:25:00 BOT 2012: Ajax->Mostrar Reproducciones:  
Mon Feb 27 11:28:24 BOT 2012: Ajax-> Mostrar  Nombre Artista > tono:146575 
Mon Feb 27 11:29:24 BOT 2012: ASYNC -> STATS> Tiempo respuesta 0.006155 seg.
Mon Feb 27 11:30:08 BOT 2012: Ajax-> Mostrar  Nombre Artista > tono:103164 
Mon Feb 27 11:31:12 BOT 2012: STATS > BUSQUEDA DE BACKTONE >Tiempo: 0.331574 seg. | registros: 68
Mon Feb 27 11:34:43 BOT 2012: Ajax->Mostrar Reproducciones:  
Mon Feb 27 11:39:38 BOT 2012: Busqueda Inteligente: ser recibieron 92 resultados
Mon Feb 27 11:40:05 BOT 2012: Ajax-> Mostrar  Nombre Artista > tono:127469 
Mon Feb 27 11:49:00 BOT 2012: Busqueda Inteligente: Resultado 
 130364;Goodbye;RKM & Ken y;Latinas
129927;Mas  ;RKM & Ken y;Reggaeton
133453;Mi Corazon Esta Muerto;RKM & Ken y;Reggaeton
133452;Mi Corazon Esta Muerto;RKM & Ken y;Reggaeton
105248;Mis dias sin ti remix;RKM & Ken y;Latinas
133454;Prefiero Morir;RKM & Ken y;Latinas
133859;Prefiero Morir Remix;RKM & Ken y;Reggaeton
133865;Te Doy Una Rosa;RKM & Ken y;Reggaeton
135674;Yo Se Feat Arthur Hanlon;RKM & Ken y;Latinas
128220;Lloras Feat RKM and Ken Y;Plan B;Reggaeton
120233;Me estas tentando W&Y;Wisin y Yandel;Reggaeton
145825;Carnavalenado remix;Berthy Takana;Carnaval
130360;Hoy lo siento Opratel;Zion y Lennox Opratel;Mi Promo ConTigo
145742;Fuerza Carnavaleros_ Senor del carnaval;Berthy Takana;Carnaval cruceño
145845;Senor del carnaval v2_Creidazos;Berthy Takana;Carnaval
145847;Senor del carnaval v3_Creidazos;Berthy Takana;Carnaval
103682;Listen from the motion picture Dreamgirls;Beyonce;Pop
121499;Pablo Fernandez centro de asistencia gay;opratel;Promoción Te Matamos de Risa
102823;veni raquel;Autenticos decadentes;Latinas
104092;Hoy te vengo a bendecir;Jesus A Romero;Cristianas
104328;Si Ya No Estas;RKM;Latinas
104330;Tuve Un Sueno;RKM;Latinas
130986;Mi Amor Es Pobre Feat Ken Y and Arcangel;Tony Dize;Latinas
120971;The twelve days of Christmas;Kenny Garcia;Navidad
104165; Soy Tarateno;Banda Poopo;Carnaval
124025;A year without rain;Selena Gomez;Pop
107775;Isa Que tengas una llamada Increible-MTV ISA TKM;MTV;MTV
107785;Linda te Ensena a Bailar-MTV ISA TKM;MTV;MTV
145676;Mujer Crucena;Rafa so y KMC;Reggaeton
102727;Enamorame;Jesus A Romero;Cristianas
104263;Levanten las manos;La Rama;Latinas
144306;No hay consejo que valga coro;Kati Karamelo;Promo 50 ctv
144311;No hay consejo que valga coro 1;Kati Karamelo;Promo 50 ctv
387;Nos Enamoramos;Agrupacion marilyn;Cumbia
123044;Tequi te quiero;Kati Karamelo;Salsa y Merengue
104268;Ven devorame otra vez;Covertone;Latinas
128462;Y voy a ser feliz;Kati Karamelo;Salsa y Merengue
104195; Mi Fiel Promesa;Banda Juventud Centralistas de La Paz;Carnaval
109614;belen;Homero;Mi Promo ConTigo
104481;bolivia 6 argentina1;Gooool de Bolivia;Super Promo
137820;Buenas tardes jonichi;Hans y Chivo;Promoción Te Matamos de Risa
102870;calentando me voy;David Bisal;Latinas
145908;Con Mi Alma En Silencio;Kara N Daya;Pop
131816;Dices Who Says Spanish Vrs;Selena Gomez;Pop
112466;esclavo de tu piel;Dyland Lenny;Reggaeton
124047;Ghost of you;Selena Gomez;Pop
133723;Helen Wheels;Paul McCartney;Pop
105045;Himno Cruceno vRock1;Glen Vargas;BICENTENARIO
105046;Himno Cruceno vRock2;Glen Vargas;BICENTENARIO
138643;Hoy Lo Siento Feat Tony  Dize;Zion and Lennox;Latinas
103769;Hoy Todo Es Mejor;ElencoHighSchoolMusical;Infantiles
112469;Intro My World ;Dyland Lenny;Reggaeton
135717;La Cita Ft Jowell y Randy;Zion and Lennox;Reggaeton
117853;Lenceria Hot;Play Boy;Play Boy
103116;Lento;Julieta Venegas;Pop
112470;Loco Bridge;Dyland Lenny;Reggaeton
103867;Los reyes magos;Coro Belen;Navidad
131824;Love You Like A Love Song;Selena Gomez;Pop
129922;Love You Now;Zion and Lennox;Latinas
109659;magdalena;Homero;Mi Promo ConTigo
131751;My Dilemma;Selena Gomez;Pop
112468;nadie te amaria como yo;Dyland Lenny;Reggaeton
109246;no voy a morir;Pipe Bueno;Vallenatos
112707;Quiere pa que te quieran;Dyland Lenny;Reggaeton
112706;Sexo en la disco ;Dyland Lenny;Reggaeton
109249;si yo fuera ladron;Pipe Bueno;Vallenatos
124065;Sick of you;Selena Gomez;Pop
135671;Silent Night Holy Night;Frank Sinatra;Navidad
129925;Soltera Feat J Balvi and Alberto Style;Zion and Lennox;Reggaeton
104249;Agente 86 el sol y la luna;Version Opratel;Sonidos
104247;Agente 86 Jefe y Jaime;Version Opratel;Sonidos
104920;Agente 86 y el chino;Version Opratel;Sonidos
104921;Agente 86 y el dueno de casa;Version Opratel;Sonidos
105048;Agente 86 y el hombre invisible;Version Opratel;Sonidos
105049;Agente 86 y el jefe;Version Opratel;Sonidos
105050;Agente 86 y el Tarta;Version Opratel;Sonidos
104922;Agente 86 y el timbre;Version Opratel;Sonidos
105051;Agente 86 y la ambulancia;Version Opratel;Sonidos
104923;Agente 86 y la contestadora;Version Opratel;Sonidos
104924;Agente 86 y la pata;Version Opratel;Sonidos
104925;Agente 86 y la suegra;Version Opratel;Sonidos
104926;Agente 86 y los enanos;Version Opratel;Sonidos
105052;Agente 86 y Sigfrid;Version Opratel;Sonidos
104789;Amor Aventurero;Marc Anthony;Marc Anthony
105362;Su nom 
Mon Feb 27 11:50:57 BOT 2012: Ajax->Mostrar Comentarios:  
Mon Feb 27 11:54:19 BOT 2012: Ajax-> Mostrar  Imagen Portada> tono:144642 
Mon Feb 27 11:57:10 BOT 2012: ASYNC -> STATS> Tiempo respuesta 0.329511 seg.
Mon Feb 27 11:57:25 BOT 2012: Ajax->Mostrar Megusta:  
Mon Feb 27 11:57:46 BOT 2012: Ajax->Mostrar Imagen Portada:  
Mon Feb 27 11:59:01 BOT 2012: Consulta de precio de reason:3 - msisdn: tono:106005 Async responde:350
 
Mon Feb 27 12:05:50 BOT 2012: Ajax-> Mostrar  Imagen Portada> tono:374 
Mon Feb 27 12:06:20 BOT 2012: Ajax-> Mostrar Comentarios> tono:375 
Mon Feb 27 12:08:36 BOT 2012: Ajax->Mostrar Comentarios:  
Mon Feb 27 12:09:12 BOT 2012: Asignar backtone escuchado > Asi termino:104050,104051,102595,102596,103563,104053,104991,141266,103551,103542,
Mon Feb 27 12:09:27 BOT 2012: Ajax->Mostrar Comentarios:  
Mon Feb 27 12:12:39 BOT 2012: Ajax->Mostrar Nombre Artista:  
Mon Feb 27 12:13:06 BOT 2012: ASYNC -> STATS> Tiempo respuesta 0.014494 seg.
Mon Feb 27 12:14:57 BOT 2012: Check Session > msisdn: 77708668 > Usuario Valido 
Mon Feb 27 12:15:42 BOT 2012: Ajax->Mostrar Ranking:  
Mon Feb 27 12:16:37 BOT 2012: ASYNC -> STATS> Tiempo respuesta -0.258295 seg.
Mon Feb 27 12:16:40 BOT 2012: ASYNC -> STATS> Tiempo respuesta 0.003625 seg.
Mon Feb 27 12:16:40 BOT 2012: ASYNC -> STATS> Tiempo respuesta -0.274455 seg.
Mon Feb 27 12:19:25 BOT 2012: ASYNC -> STATS> Tiempo respuesta -0.050197 seg.
Mon Feb 27 12:20:10 BOT 2012: ASYNC -> STATS> Tiempo respuesta 0.014135 seg.
Mon Feb 27 12:21:04 BOT 2012: Ajax->Mostrar Nombre Artista:  
Mon Feb 27 12:21:16 BOT 2012: Ajax-> Mostrar Ranking > tono:102677 
Mon Feb 27 12:21:40 BOT 2012: Busqueda Inteligente: resultados >309
Mon Feb 27 12:22:04 BOT 2012: Consulta de precio de reason:2 - msisdn: tono:141881 Async responde:350
 
Mon Feb 27 12:22:04 BOT 2012: ASYNC -> STATS> Tiempo respuesta -0.139002 seg.
Mon Feb 27 12:22:49 BOT 2012: Consulta de precio de reason:2 - msisdn:77779373 tono:109249 Async responde:350
 
Mon Feb 27 12:22:52 BOT 2012: Ajax-> Mostrar  Nombre Artista > tono:109249 
Mon Feb 27 12:25:08 BOT 2012: Ajax->Mostrar Imagen Portada:  
Mon Feb 27 12:25:20 BOT 2012: ASYNC -> STATS> Tiempo respuesta 0.00472 seg.
Mon Feb 27 12:25:35 BOT 2012: Ajax->Mostrar Ranking:  
Mon Feb 27 12:29:08 BOT 2012: WEB_REPRODUCIR_BUSQUEDA > Se recibieron:114 tonos
Mon Feb 27 12:31:39 BOT 2012: ASYNC -> STATS> Tiempo respuesta 0.060538 seg.
Mon Feb 27 12:31:39 BOT 2012: ASYNC -> STATS> Tiempo respuesta -0.573076 seg.
Mon Feb 27 12:35:12 BOT 2012: Ajax->Mostrar Nombre Artista:  
Mon Feb 27 12:37:03 BOT 2012: ASYNC -> STATS> Tiempo respuesta 0.015265 seg.
Mon Feb 27 12:37:36 BOT 2012: Ajax-> Mostrar Ranking > tono:136258 
Mon Feb 27 12:51:02 BOT 2012: Ajax->Mostrar Imagen Portada:  
Mon Feb 27 12:51:53 BOT 2012: ASYNC -> STATS> Tiempo respuesta -0.272211 seg.
Mon Feb 27 12:53:26 BOT 2012: Mostrar Megusta> tono: 122291 msisdn: > a otros 6  les gusta 
Mon Feb 27 13:00:57 BOT 2012: Ajax->Mostrar Imagen Portada:  
Mon Feb 27 13:03:25 BOT 2012: Ajax-> Mostrar Comentarios> tono:105390 
Mon Feb 27 13:05:22 BOT 2012: Ajax-> Mostrar Ranking > tono:104301 
Mon Feb 27 13:05:28 BOT 2012: Ajax->Mostrar Megusta:  
Mon Feb 27 13:05:43 BOT 2012: ASYNC -> STATS> Tiempo respuesta 0.0019319999999999 seg.
Mon Feb 27 13:09:41 BOT 2012: Busqueda Inteligente: resultados >138544
Mon Feb 27 13:09:41 BOT 2012: Ajax->Mostrar Ranking:  
Mon Feb 27 13:10:17 BOT 2012: WEB_REPRODUCIR_BUSQUEDA > Se recibieron:4 tonos
Mon Feb 27 13:11:08 BOT 2012: ASYNC -> STATS> Tiempo respuesta 0.00724 seg.
Mon Feb 27 13:11:11 BOT 2012: Mostrar Ranking: tono:102897 calificacion: 
Mon Feb 27 13:12:56 BOT 2012: Ajax->Mostrar Imagen Portada:  
Mon Feb 27 13:20:18 BOT 2012: Busqueda Inteligente: resultados >103834
Mon Feb 27 13:20:27 BOT 2012: Asignar backtone escuchado > Asi termino:146590,145857,146587,143744,146575,276,104465,107757,136258,131645,104179,103352,104794,103659,142231,143076,104215,
Mon Feb 27 13:22:54 BOT 2012: Mostrar Ranking: tono:110210 calificacion: 
Mon Feb 27 13:23:39 BOT 2012: ASYNC -> STATS> Tiempo respuesta 0.720072 seg.
Mon Feb 27 13:23:51 BOT 2012: Ajax->Mostrar Imagen Portada:  
Mon Feb 27 13:25:10 BOT 2012: Mostrar Cantidad reproducciones: tono:107757 cantidad: 0
Mon Feb 27 13:26:25 BOT 2012: Ajax->Mostrar Nombre Artista:  
Mon Feb 27 13:30:19 BOT 2012: ASYNC -> STATS> Tiempo respuesta -0.0022369999999999 seg.
Mon Feb 27 13:33:08 BOT 2012: Ajax->Mostrar Ranking:  
Mon Feb 27 13:34:29 BOT 2012: Ajax->Mostrar Imagen Portada:  
Mon Feb 27 13:38:27 BOT 2012: Ajax-> Mostrar  Nombre Artista > tono:137822 
Mon Feb 27 13:45:49 BOT 2012: ASYNC -> STATS> Tiempo respuesta 0.005988 seg.
Mon Feb 27 13:48:04 BOT 2012: Mostrar Cantidad reproducciones: tono:144646 cantidad: 0
Mon Feb 27 14:00:30 BOT 2012: Ajax->Mostrar Nombre Artista:  
Mon Feb 27 14:00:51 BOT 2012: Ajax-> Mostrar  Nombre Artista > tono:142231 
Mon Feb 27 14:00:57 BOT 2012: Busqueda Inteligente: 
Mon Feb 27 14:03:42 BOT 2012: ASYNC -> STATS> Tiempo respuesta -0.178105 seg.
Mon Feb 27 14:05:21 BOT 2012: Ajax->Mostrar Ranking:  
Mon Feb 27 14:10:01 BOT 2012: WEB_INDICE > Error en la recepcion del id del backtone
Mon Feb 27 14:10:16 BOT 2012: Ajax->Mostrar Reproducciones:  
Mon Feb 27 14:10:43 BOT 2012: ASYNC -> STATS> Tiempo respuesta -0.020769 seg.
Mon Feb 27 14:13:13 BOT 2012: Ajax->Mostrar Ranking:  
Mon Feb 27 14:18:02 BOT 2012: Asignar backtone escuchado > Asi termino:123531,123519,131728,123523,131044,123533,123542,123541,123527,123513,123538,131040,123540,123515,123528,131730,123530,123525,131042,123518,
Mon Feb 27 14:21:35 BOT 2012: Ajax-> Mostrar  Nombre Artista > tono:126149 
Mon Feb 27 14:22:39 BOT 2012: Busqueda Inteligente: resultados >102972
Mon Feb 27 14:23:39 BOT 2012: ASYNC -> STATS> Tiempo respuesta -0.100442 seg.
Mon Feb 27 14:27:48 BOT 2012: Ajax-> Mostrar Comentarios> tono:118727 
Mon Feb 27 14:29:37 BOT 2012: Ajax-> Mostrar  Nombre Artista > tono:9 
Mon Feb 27 14:35:04 BOT 2012: Ajax->Mostrar Nombre Artista:  
Mon Feb 27 14:36:26 BOT 2012: Ajax-> Mostrar  Nombre Genero > tono:146557 
Mon Feb 27 14:39:41 BOT 2012: Ajax->Mostrar Imagen Portada:  
Mon Feb 27 14:40:29 BOT 2012: Busqueda Inteligente: resultados >133694
Mon Feb 27 14:42:59 BOT 2012: ASYNC -> STATS> Tiempo respuesta 0.682018 seg.
Mon Feb 27 14:43:36 BOT 2012: Ajax->Mostrar Reproducciones:  
Mon Feb 27 14:45:33 BOT 2012: STATS > BUSQUEDA DE BACKTONE >Tiempo: -0.531548 seg. | registros: 91
Mon Feb 27 14:45:54 BOT 2012: ASYNC -> STATS> Tiempo respuesta -0.365208 seg.
Mon Feb 27 14:46:24 BOT 2012: Ajax->Mostrar Nombre Artista:  
Mon Feb 27 14:48:03 BOT 2012: Asignar backtone escuchado > Asi termino:103429,136632,136633,104554,103816,127417,104560,129234,104553,103451,103430,
Mon Feb 27 14:49:09 BOT 2012: Ajax->Mostrar Nombre Genero:  
Mon Feb 27 14:49:45 BOT 2012: Mostrar Album: >Artista:  <a href='index.php?seccion=playlist&autor=1370'>LMFAO</a>
Mon Feb 27 14:55:07 BOT 2012: Ajax->Mostrar Megusta:  
Mon Feb 27 14:57:19 BOT 2012: Ajax->Mostrar Reproducciones:  
Mon Feb 27 15:06:24 BOT 2012: ASYNC -> STATS> Tiempo respuesta 0.009537 seg.
Mon Feb 27 15:07:48 BOT 2012: Ajax-> Mostrar  Nombre Genero > tono:123218 
Mon Feb 27 15:09:00 BOT 2012: Asignar backtone escuchado > Asi termino:135286,135285,145420,130816,104932,102821,
Mon Feb 27 15:09:42 BOT 2012: Ajax-> Mostrar Ranking > tono:127787 
Mon Feb 27 15:09:54 BOT 2012: ASYNC -> STATS> Tiempo respuesta 0.065048 seg.
Mon Feb 27 15:09:54 BOT 2012: Ajax->Mostrar Reproducciones:  
Mon Feb 27 15:10:00 BOT 2012: Ajax->Mostrar Ranking:  
Mon Feb 27 15:11:37 BOT 2012: ASYNC -> STATS> Tiempo respuesta 0.001396 seg.
Mon Feb 27 15:13:55 BOT 2012: ASYNC -> STATS> Tiempo respuesta 0.001387 seg.
Mon Feb 27 15:14:37 BOT 2012: Ajax-> Mostrar Megusta> tono:104120 
Mon Feb 27 15:14:52 BOT 2012: Ajax->Mostrar Ranking:  
Mon Feb 27 15:15:01 BOT 2012: Busqueda de Backtones Intel: 
 SQL:SELECT t.id, t.nombre as tono,aut.nombre as autor, alb.imagen, round(avg(wr.calificacion),0) as calificacion
                    FROM tonos as t
                    inner join autores as aut on ( t.autor = aut.id)
                    inner join billing as bil on (t.billing = bil.caso  and bil.concepto=2)
                    left join albumes as alb on (t.album = alb.id_album)
                    left join web_tonos_ranking as wr on (t.id = wr.tonos_id)
                    WHERE
                    FIND_IN_SET(t.id, '124041,124043,596,124045,115949,597,124050,124051,124052,115947,124056,124060,124063,129426,124067,600,138839,124073,103562,103540,128599,130956,102540,102557,129255,103462,,')
                     AND t.autor=249 
                    and t.categoria <> 207 and t.interfases &1 
                    group by t.id, t.nombre ,aut.nombre , alb.imagen
                    order by FIND_IN_SET(t.id, '124041,124043,596,124045,115949,597,124050,124051,124052,115947,124056,124060,124063,129426,124067,600,138839,124073,103562,103540,128599,130956,102540,102557,129255,103462,,')
                    limit 114 
Mon Feb 27 15:15:04 BOT 2012: Ajax->Mostrar Nombre Artista:  
Mon Feb 27 15:15:31 BOT 2012: Busqueda Inteligente: resultados >103394
Mon Feb 27 15:15:40 BOT 2012: Ajax->Mostrar Nombre Genero:  
Mon Feb 27 15:16:19 BOT 2012: Mostrar Cantidad reproducciones: tono:103037 cantidad: 0
Mon Feb 27 15:16:28 BOT 2012: Ajax->Mostrar Imagen Portada:  
Mon Feb 27 15:16:46 BOT 2012: Mostrar Genero: >G&eacute;nero:  <a href='index.php?seccion=playlist&genero=151'>Nombres</a>
Mon Feb 27 15:16:55 BOT 2012: Ajax->Mostrar Reproducciones:  
Mon Feb 27 15:16:55 BOT 2012: Ajax->Mostrar Nombre Artista:  
Mon Feb 27 15:17:22 BOT 2012: ASYNC -> STATS> Tiempo respuesta 0.275498 seg.
Mon Feb 27 15:17:22 BOT 2012: ASYNC -> STATS> Tiempo respuesta 0.576078 seg.
Mon Feb 27 15:17:22 BOT 2012: Ajax->Mostrar Ranking:  
Mon Feb 27 15:17:31 BOT 2012: Ajax-> Mostrar Comentarios> tono:323 
Mon Feb 27 15:17:46 BOT 2012: Busqueda Inteligente: resultados >131645
Mon Feb 27 15:18:07 BOT 2012: Ajax->Mostrar Nombre Genero:  
Mon Feb 27 15:18:37 BOT 2012: Error al consultar precio de renovacion - msisdn: tono:143739 - Async responde -3
Mon Feb 27 15:23:50 BOT 2012: Consulta de precio de reason:3 - msisdn: tono:102959 Async responde:350
 
Mon Feb 27 15:24:23 BOT 2012: ASYNC -> STATS> Tiempo respuesta 0.0011559999999999 seg.
Mon Feb 27 15:24:26 BOT 2012: Ajax-> Mostrar  Imagen Portada> tono:127452 
Mon Feb 27 15:25:05 BOT 2012: Ajax-> Comprar Backtone: msisdn:78836134 
Mon Feb 27 15:25:32 BOT 2012: Msisdn:78836134.Tono:133440.Async responde:000000000
Mon Feb 27 15:25:35 BOT 2012: Msisdn:77771819.Tono:141111.Async responde:000000000
Mon Feb 27 15:26:05 BOT 2012: Ajax->Mostrar Nombre Genero:  
Mon Feb 27 15:26:08 BOT 2012: ASYNC -> STATS> Tiempo respuesta 0.633516 seg.
Mon Feb 27 15:26:23 BOT 2012: Check Session > msisdn: 75585002 > Usuario Valido 
Mon Feb 27 15:26:47 BOT 2012: Consulta de precio de reason:3 - msisdn: tono:335 Async responde:350
 
Mon Feb 27 15:29:30 BOT 2012: Ajax->Mostrar Nombre Genero:  
Mon Feb 27 15:31:42 BOT 2012: Ajax-> Mostrar Ranking > tono:103466 
Mon Feb 27 15:32:21 BOT 2012: Check Session > msisdn: 78877891  token:0fb8e1dca6b6f6b6765eef460573c968
Mon Feb 27 15:34:21 BOT 2012: Ajax->Mostrar Nombre Artista:  
Mon Feb 27 15:34:27 BOT 2012: Consulta de precio de reason:2 - msisdn:77490186 tono:102824 Async responde:350
 
Mon Feb 27 15:34:30 BOT 2012: Ajax->Mostrar Ranking:  
Mon Feb 27 15:34:33 BOT 2012: Asignar backtone escuchado > Asi termino:102824,105015,135954,129419,125516,127759,104692,104688,135057,130814,130808,130806,130804,130802,142913,124025,104815,104788,133412,103280,
Mon Feb 27 15:34:39 BOT 2012: Session Start>  Chequeo de sesion
Mon Feb 27 15:34:54 BOT 2012: Ajax->Mostrar Comentarios:  
Mon Feb 27 15:36:28 BOT 2012: Ajax->Mostrar Nombre Artista:  
Mon Feb 27 15:36:46 BOT 2012: Ajax->Mostrar Nombre Genero:  
Mon Feb 27 15:37:04 BOT 2012: Consulta de precio de reason:2 - msisdn: tono:107571 Async responde:350
 
Mon Feb 27 15:37:04 BOT 2012: Consulta de precio de reason:2 - msisdn: tono:146576 Async responde:350
 
Mon Feb 27 15:37:16 BOT 2012: Ajax->Mostrar Megusta:  
Mon Feb 27 15:37:28 BOT 2012: Mostrar Cantidad reproducciones: tono:134661 cantidad: 0
Mon Feb 27 15:40:04 BOT 2012: Ajax-> Mostrar Megusta> tono:131828 
Mon Feb 27 15:40:37 BOT 2012: ASYNC -> STATS> Tiempo respuesta 0.007844 seg.
Mon Feb 27 15:40:40 BOT 2012: Ajax-> Mostrar  Nombre Artista > tono:144177 
Mon Feb 27 15:40:40 BOT 2012: Ajax->Mostrar Reproducciones:  
Mon Feb 27 15:42:22 BOT 2012: Ajax->Mostrar Reproducciones:  
Mon Feb 27 15:42:53 BOT 2012: Busqueda Inteligente: 
Mon Feb 27 15:47:56 BOT 2012: WEB_REPRODUCIR_BUSQUEDA > Se recibieron:114 tonos
Mon Feb 27 15:49:26 BOT 2012: Consulta de precio de reason:3 - msisdn: tono:105543 Async responde:350
 
Mon Feb 27 15:49:41 BOT 2012: Asignar backtone escuchado > Asi termino:132458,132095,131829,131828,131767,131765,131764,131762,131758,131757,127400,127376,122287,140783,133698,132460,123218,135057,130814,
Mon Feb 27 15:50:24 BOT 2012: Ajax-> Mostrar Ranking > tono:105744 
Mon Feb 27 15:51:42 BOT 2012: ASYNC -> STATS> Tiempo respuesta -0.212771 seg.
Mon Feb 27 15:51:45 BOT 2012: Ajax->Mostrar Reproducciones:  
Mon Feb 27 15:51:45 BOT 2012: Ajax->Mostrar Ranking:  
Mon Feb 27 15:53:24 BOT 2012: ASYNC -> STATS> Tiempo respuesta 0.008319 seg.
Mon Feb 27 15:54:00 BOT 2012: Ajax->Mostrar Comentarios:  
Mon Feb 27 15:54:03 BOT 2012: Ajax->Mostrar Comentarios:  
Mon Feb 27 15:56:33 BOT 2012: Ajax-> Mostrar Ranking > tono:104547 
Mon Feb 27 15:56:48 BOT 2012: Ajax->Mostrar Nombre Genero:  
Mon Feb 27 15:58:31 BOT 2012: Ajax-> Mostrar  Nombre Artista > tono:103453 
Mon Feb 27 15:58:52 BOT 2012: Ajax-> Mostrar Ranking > tono:128304 
Mon Feb 27 16:00:19 BOT 2012: Mostrar Album: >Artista:  <a href='index.php?seccion=playlist&autor=1107'>Version Solumovil</a>
Mon Feb 27 16:00:40 BOT 2012: STATS > BUSQUEDA DE BACKTONE >Tiempo: -0.211212 seg. | registros: 10
Mon Feb 27 16:00:43 BOT 2012: Ajax->Mostrar Comentarios:  
Mon Feb 27 16:01:10 BOT 2012: Asignar backtone escuchado > Asi termino:137251,137257,137261,137253,133736,
Mon Feb 27 16:01:55 BOT 2012: Check Session > msisdn: 77814709 > Usuario Valido 
Mon Feb 27 16:02:04 BOT 2012: ASYNC -> STATS> Tiempo respuesta 0.007892 seg.
Mon Feb 27 16:03:13 BOT 2012: ASYNC -> STATS> Tiempo respuesta -0.17279 seg.
Mon Feb 27 16:03:13 BOT 2012: ASYNC -> STATS> Tiempo respuesta 0.689838 seg.
Mon Feb 27 16:03:19 BOT 2012: ASYNC -> STATS> Tiempo respuesta 0.000726 seg.
Mon Feb 27 16:03:25 BOT 2012: ASYNC -> STATS> Tiempo respuesta 0.575699 seg.
Mon Feb 27 16:03:28 BOT 2012: ASYNC -> STATS> Tiempo respuesta -0.115837 seg.
Mon Feb 27 16:03:28 BOT 2012: ASYNC -> STATS> Tiempo respuesta 0.0039170000000001 seg.
Mon Feb 27 16:03:31 BOT 2012: Consulta de precio de reason:2 - msisdn: tono:600 Async responde:350
 
Mon Feb 27 16:04:55 BOT 2012: Ajax->Mostrar Ranking:  
Mon Feb 27 16:05:47 BOT 2012: Mostrar Cantidad reproducciones: tono:149 cantidad: 0
Mon Feb 27 16:09:32 BOT 2012: Error al consultar precio de renovacion - msisdn: tono:104463 - Async responde -3
Mon Feb 27 16:10:17 BOT 2012: MTD_CHEQUEO_REINTENTO >- msisdn:75222111 tono:103655 Asignad?o:1330373415 
Mon Feb 27 16:12:18 BOT 2012: Mostrar Megusta> tono: 116502 msisdn: > a otros 2  les gusta 
Mon Feb 27 16:12:42 BOT 2012: Ajax->Mostrar Reproducciones:  
Mon Feb 27 16:13:24 BOT 2012: Ajax->Mostrar Ranking:  
Mon Feb 27 16:18:25 BOT 2012: Ajax->Mostrar Ranking:  
Mon Feb 27 16:19:19 BOT 2012: Ajax->Mostrar Comentarios:  
Mon Feb 27 16:20:19 BOT 2012: Ajax-> Mostrar Megusta> tono:107580 
Mon Feb 27 16:20:52 BOT 2012: Asignar backtone escuchado > Asi termino:102610,139846,135057,592,177,126146,123010,104532,
Mon Feb 27 16:20:52 BOT 2012: Ajax-> Mostrar  Imagen Portada> tono:103472 
Mon Feb 27 16:23:58 BOT 2012: Ajax->Mostrar Nombre Genero:  
Mon Feb 27 16:24:04 BOT 2012: Ajax-> Mostrar  Imagen Portada> tono:114 
Mon Feb 27 16:24:28 BOT 2012: Ajax->Mostrar Imagen Portada:  
Mon Feb 27 16:24:28 BOT 2012: Ajax->Mostrar Megusta:  
Mon Feb 27 16:28:05 BOT 2012: Asignar backtone escuchado > Asi termino:102647,34,145259,128235,145317,125049,104819,104120,102622,141116,143750,143078,120258,141126,142230,140821,141880,141881,142527,
Mon Feb 27 16:28:20 BOT 2012: Consulta de precio de reason:2 - msisdn: tono:146242 Async responde:350
 
Mon Feb 27 16:28:20 BOT 2012: Ajax->Mostrar Ranking:  
Mon Feb 27 16:28:20 BOT 2012: Ajax->Mostrar Ranking:  
Mon Feb 27 16:30:53 BOT 2012: Asignar backtone escuchado > Asi termino:139723,140823,137882,146576,146583,146575,106380,140821,141918,140826,131812,142230,123218,143761,143759,143757,143755,143753,143744,143743,
Mon Feb 27 16:31:05 BOT 2012: Asignar backtone escuchado > Asi termino:104791,104790,104789,104798,104797,104796,104795,104794,104793,104792,104788,104787,104815,
Mon Feb 27 16:31:08 BOT 2012: Ajax-> Mostrar Ranking > tono:104792 
Mon Feb 27 16:31:29 BOT 2012: ASYNC -> STATS> Tiempo respuesta 0.078307 seg.
Mon Feb 27 16:32:02 BOT 2012: Ajax->Mostrar Imagen Portada:  
Mon Feb 27 16:33:36 BOT 2012: ASYNC -> STATS> Tiempo respuesta 0.00984 seg.
Mon Feb 27 16:33:45 BOT 2012: Ajax-> Mostrar Ranking > tono:620 
Mon Feb 27 16:33:48 BOT 2012: ASYNC -> STATS> Tiempo respuesta -0.153696 seg.
Mon Feb 27 16:34:03 BOT 2012: Ajax->Mostrar Ranking:  
Mon Feb 27 16:34:03 BOT 2012: ASYNC -> STATS> Tiempo respuesta -0.423106 seg.
Mon Feb 27 16:34:21 BOT 2012: Ajax->Mostrar Ranking:  
Mon Feb 27 16:35:12 BOT 2012: Ajax->Mostrar Reproducciones:  
Mon Feb 27 16:35:24 BOT 2012: Asignar backtone escuchado > Asi termino:126679,103595,104200,104206,105758,105282,105036,105096,104991,135108,127759,141116,139723,140825,142230,140821,104999,105001,105000,104998,
Mon Feb 27 16:36:27 BOT 2012: Ajax-> Mostrar Ranking > tono:128221 
Mon Feb 27 16:37:51 BOT 2012: Ajax->Mostrar Nombre Genero:  
Mon Feb 27 16:38:03 BOT 2012: Ajax->Mostrar Nombre Artista:  
Mon Feb 27 16:39:00 BOT 2012: Ajax->Mostrar Reproducciones:  
Mon Feb 27 16:44:16 BOT 2012: Ajax->Mostrar Nombre Genero:  
Mon Feb 27 16:45:01 BOT 2012: Ajax->Mostrar Imagen Portada:  
Mon Feb 27 16:45:58 BOT 2012: Ajax->Mostrar Comentarios:  
Mon Feb 27 16:46:25 BOT 2012: Ajax->Mostrar Ranking:  
Mon Feb 27 16:47:28 BOT 2012: Ajax->Actualizar pin usuario
Mon Feb 27 16:50:02 BOT 2012: ASYNC -> STATS> Tiempo respuesta 0.012498 seg.
Mon Feb 27 16:51:20 BOT 2012: Mostrar Album: >Artista:  <a href='index.php?seccion=playlist&autor=243'>Enrique Iglesias</a>
Mon Feb 27 16:52:59 BOT 2012: Ajax->Mostrar Comentarios:  
Mon Feb 27 16:55:23 BOT 2012: MTD_REGALAR_BACKTONES > msisdn:76890909 ani: 76686955  tono: 144194 > Verificando si el usuario no posee el tono
Mon Feb 27 16:55:26 BOT 2012: Ajax->Mostrar Ranking:  
Mon Feb 27 16:55:29 BOT 2012: ASYNC -> STATS> Tiempo respuesta 0.967153 seg.
Mon Feb 27 16:55:33 BOT 2012: Asignar backtone escuchado > Asi termino:118727,118725,118724,105309,145305,520,602,103885,113598,105068,104886,104120,131645,145261,84,129924,102646,103474,103328,102622,
Mon Feb 27 16:55:36 BOT 2012: Ajax-> Mostrar  Imagen Portada> tono:102663 
Mon Feb 27 16:55:36 BOT 2012: Ajax-> Mostrar  Imagen Portada> tono:118727 
Mon Feb 27 16:55:36 BOT 2012: Ajax->Mostrar Reproducciones:  
Mon Feb 27 16:58:51 BOT 2012: Ajax-> Mostrar Comentarios> tono:144185 
Mon Feb 27 17:01:00 BOT 2012: ASYNC -> STATS> Tiempo respuesta 0.008243 seg.
Mon Feb 27 17:01:00 BOT 2012: Ajax->Mostrar Nombre Artista:  
Mon Feb 27 17:01:06 BOT 2012: Ajax-> Login Usuario msisdn: jhonn  pin:elba > Validar msisdn
Mon Feb 27 17:01:15 BOT 2012: Consulta de precio de reason:10 - msisdn: tono:135051 Async responde:350
 
Mon Feb 27 17:01:30 BOT 2012: Ajax-> Login Usuario msisdn: jhonn  pin:7598 > Msisdn invalido
Mon Feb 27 17:02:33 BOT 2012: Ajax-> Mostrar  Nombre Genero > tono:105988 
Mon Feb 27 17:04:55 BOT 2012: Consulta de precio de reason:2 - msisdn: tono:136644 Async responde:350
 
Mon Feb 27 17:04:55 BOT 2012: Consulta de precio de reason:2 - msisdn: tono:103038 Async responde:350
 
Mon Feb 27 17:05:25 BOT 2012: Mostrar Cantidad reproducciones: tono:135274 cantidad: 0
Mon Feb 27 17:06:04 BOT 2012: Ajax-> Mostrar  Nombre Artista > tono:102622 
Mon Feb 27 17:06:25 BOT 2012: Ajax->Mostrar Megusta:  
Mon Feb 27 17:06:28 BOT 2012: Asignar backtone escuchado > Asi termino:145165,102672,144642,103038,103032,102673,118724,134038,
Mon Feb 27 17:08:16 BOT 2012: ASYNC -> STATS> Tiempo respuesta 0.0059210000000001 seg.
Mon Feb 27 17:08:46 BOT 2012: Ajax->Mostrar Reproducciones:  
Mon Feb 27 17:11:17 BOT 2012: Ajax-> Mostrar  Nombre Artista > tono:102790 
Mon Feb 27 17:15:41 BOT 2012: Busqueda Inteligente: resultados >105414
Mon Feb 27 17:17:56 BOT 2012: Ajax->Asignar modalidad backtone: msisdn:77771444   
Mon Feb 27 17:19:24 BOT 2012: Ajax->Mostrar Imagen Portada:  
Mon Feb 27 17:20:54 BOT 2012: Ajax->Mostrar Ranking:  
Mon Feb 27 19:14:44 BOT 2012: Busqueda Inteligente: resultados >126505
Mon Feb 27 19:14:44 BOT 2012: Ajax->Mostrar Nombre Genero:  
Mon Feb 27 19:15:53 BOT 2012: ASYNC -> STATS> Tiempo respuesta 0.728068 seg.
Mon Feb 27 19:17:21 BOT 2012: ASYNC -> STATS> Tiempo respuesta 0.003918 seg.
Mon Feb 27 19:18:12 BOT 2012: ASYNC -> STATS> Tiempo respuesta -0.002708 seg.
Mon Feb 27 19:18:21 BOT 2012: ASYNC -> STATS> Tiempo respuesta 0.012195 seg.
Mon Feb 27 19:19:45 BOT 2012: Ajax->Mostrar Comentarios:  
Mon Feb 27 19:24:46 BOT 2012: Ajax->Mostrar Reproducciones:  
Mon Feb 27 19:26:10 BOT 2012: Ajax->Mostrar Comentarios:  
Mon Feb 27 19:27:04 BOT 2012: Asignar backtone escuchado > Asi termino:104745,106337,128419,104288,176,107737,106295,169,62,131819,
Mon Feb 27 19:27:49 BOT 2012: Ajax->Mostrar Nombre Genero:  
Mon Feb 27 19:31:32 BOT 2012: Ajax->Mostrar Comentarios:  
Mon Feb 27 19:33:35 BOT 2012: Ajax-> Mostrar  Nombre Artista > tono:127757 
Mon Feb 27 19:33:50 BOT 2012: Ajax->Mostrar Nombre Genero:  
Mon Feb 27 19:36:35 BOT 2012: Mostrar Comentarios : tono:102624 
Mon Feb 27 19:37:02 BOT 2012: STATS > BUSQUEDA DE BACKTONE >Tiempo: 0.303601 seg. | registros: 15
Mon Feb 27 19:37:05 BOT 2012: Ajax-> Mostrar Megusta> tono:142897 
Mon Feb 27 19:37:32 BOT 2012: Ajax->Mostrar Megusta:  
Mon Feb 27 19:38:15 BOT 2012: Ajax-> Mostrar  Nombre Genero > tono:109231 
Mon Feb 27 19:38:30 BOT 2012: Asignar backtone escuchado > Asi termino:116500,104036,103643,105402,104034,103032,104033,119112,203,102624,103642,105420,104030,105361,102675,200,103782,102661,103466,103790,
Mon Feb 27 19:39:57 BOT 2012: Ajax->Mostrar Megusta:  
Mon Feb 27 19:41:06 BOT 2012: Ajax->Mostrar Comentarios:  
Mon Feb 27 19:41:12 BOT 2012: Ajax-> Mostrar  Nombre Genero > tono:105704 
Mon Feb 27 19:44:00 BOT 2012: Ajax->Mostrar Ranking:  
Mon Feb 27 19:44:00 BOT 2012: Ajax->Mostrar Ranking:  
Mon Feb 27 19:44:03 BOT 2012: ASYNC -> STATS> Tiempo respuesta 0.007205 seg.
Mon Feb 27 19:44:09 BOT 2012: ASYNC -> STATS> Tiempo respuesta 0.002314 seg.
Mon Feb 27 19:46:19 BOT 2012: ASYNC -> STATS> Tiempo respuesta 0.007485 seg.
Mon Feb 27 19:46:25 BOT 2012: ASYNC -> STATS> Tiempo respuesta -0.007432 seg.
Mon Feb 27 19:46:31 BOT 2012: Consulta de precio de reason:3 - msisdn: tono:131049 Async responde:350
 
Mon Feb 27 19:46:34 BOT 2012: ASYNC -> STATS> Tiempo respuesta 0.014527 seg.
Mon Feb 27 19:46:34 BOT 2012: Asignar backtone escuchado > Asi termino:577,106391,120226,116851,584,104311,122538,135151,130833,130832,107763,104570,103746,135671,126470,126471,103274,103466,105542,88,
Mon Feb 27 19:46:52 BOT 2012: Ajax->Mostrar Comentarios:  
Mon Feb 27 19:47:46 BOT 2012: Ajax-> Mostrar Comentarios> tono:118749 
Mon Feb 27 19:50:19 BOT 2012: ASYNC -> STATS> Tiempo respuesta 0.0099 seg.
Mon Feb 27 19:50:22 BOT 2012: Ajax->Mostrar Ranking:  
Mon Feb 27 19:50:46 BOT 2012: Ajax->Mostrar Comentarios:  
Mon Feb 27 19:51:16 BOT 2012: Asignar backtone escuchado > Asi termino:145741,140808,140823,146583,146576,137882,146575,107737,132095,131812,122287,140821,106232,123008,103572,104991,144562,146592,
Mon Feb 27 19:53:35 BOT 2012: Ajax->Mostrar Ranking:  
Mon Feb 27 19:55:20 BOT 2012: Ajax->Mostrar Megusta:  
Mon Feb 27 19:56:14 BOT 2012: Ajax-> Mostrar Ranking > tono:88 
Mon Feb 27 19:56:41 BOT 2012: Ajax->Mostrar Nombre Genero:  
Mon Feb 27 19:56:44 BOT 2012: Ajax->Mostrar Nombre Artista:  
Mon Feb 27 19:57:50 BOT 2012: Ajax->Mostrar Nombre Artista:  
Mon Feb 27 19:58:02 BOT 2012: Ajax->Mostrar Reproducciones:  
Mon Feb 27 19:58:59 BOT 2012: Ajax-> Mostrar Megusta> tono:103940 
Mon Feb 27 19:59:44 BOT 2012: Mostrar Ranking: tono:9 calificacion: 5
Mon Feb 27 20:00:33 BOT 2012: Ajax->Mostrar Ranking:  
Mon Feb 27 20:02:45 BOT 2012: Ajax-> Mostrar  Imagen Portada> tono:102597 
Mon Feb 27 20:03:36 BOT 2012: Session Start>  session por defecto 
Mon Feb 27 20:04:18 BOT 2012: Ajax->Mostrar Ranking:  
Mon Feb 27 20:04:45 BOT 2012: ASYNC -> STATS> Tiempo respuesta 0.005322 seg.
Mon Feb 27 20:06:27 BOT 2012: Ajax->Mostrar Comentarios:  
Mon Feb 27 20:06:39 BOT 2012: Consulta de precio de reason:2 - msisdn: tono:131035 Async responde:350
 
Mon Feb 27 20:08:04 BOT 2012: Busqueda Inteligente: Jade
Mon Feb 27 20:09:07 BOT 2012: Ajax->Mostrar Megusta:  
Mon Feb 27 20:14:22 BOT 2012: Asignar backtone escuchado > Asi termino:102827,103084,103939,136188,103546,125516,
Mon Feb 27 20:15:35 BOT 2012: Ajax-> Mostrar  Nombre Artista > tono:238 
Mon Feb 27 20:16:08 BOT 2012: Ajax-> Mostrar  Nombre Genero > tono:102723 
Mon Feb 27 20:19:29 BOT 2012: ASYNC -> STATS> Tiempo respuesta 0.254854 seg.
Mon Feb 27 20:19:59 BOT 2012: Ajax-> Mostrar Ranking > tono:103939 
Mon Feb 27 20:20:38 BOT 2012: Consulta de precio de reason:3 - msisdn: tono:103940 Async responde:350
 
Mon Feb 27 20:21:54 BOT 2012: Ajax->Mostrar Comentarios:  
Mon Feb 27 20:23:57 BOT 2012: Asignar backtone escuchado > Asi termino:145909,129253,102621,103262,103263,103118,103493,104991,103150,416,115946,118752,118744,118725,257,
Mon Feb 27 20:24:00 BOT 2012: Ajax-> Mostrar Megusta> tono:103270 
Mon Feb 27 20:25:24 BOT 2012: Consulta de precio de reason:2 - msisdn: tono:142728 Async responde:350
 
Mon Feb 27 20:27:06 BOT 2012: Ajax->Mostrar Comentarios:  
Mon Feb 27 20:27:36 BOT 2012: Ajax->Mostrar Comentarios:  
Mon Feb 27 20:31:04 BOT 2012: Ajax->Mostrar Reproducciones:  
Mon Feb 27 20:32:10 BOT 2012: Ajax-> Mostrar Megusta> tono:127787 
Mon Feb 27 20:35:04 BOT 2012: ASYNC -> STATS> Tiempo respuesta 0.54301 seg.
Mon Feb 27 20:35:07 BOT 2012: ASYNC -> STATS> Tiempo respuesta -0.114116 seg.
Mon Feb 27 21:17:22 BOT 2012: Ajax->Mostrar Nombre Genero:  
Mon Feb 27 21:18:28 BOT 2012: Ajax-> Editar tonos Amigos: > msisdn:77124083 > ani :
Mon Feb 27 21:20:34 BOT 2012: Ajax->Mostrar Nombre Genero:  
Mon Feb 27 21:21:50 BOT 2012: Ajax->Mostrar Megusta:  
Mon Feb 27 21:22:20 BOT 2012: Ajax->Mostrar Imagen Portada:  
Mon Feb 27 21:25:29 BOT 2012: Ajax->Mostrar Nombre Genero:  
Mon Feb 27 21:26:20 BOT 2012: Ajax-> Mostrar  Nombre Genero > tono:104561 
Mon Feb 27 21:26:50 BOT 2012: Ajax-> Login Usuario msisdn:   pin: > Validar msisdn
Mon Feb 27 21:28:26 BOT 2012: Error al consultar precio de renovacion - msisdn: tono:105704 - Async responde -3
Mon Feb 27 21:30:33 BOT 2012: Ajax-> Mostrar Ranking > tono:120230 
Mon Feb 27 21:33:06 BOT 2012: Mostrar Megusta > tono: 104381 msisdn:76906790 > cantidad de registros: 0
Mon Feb 27 21:33:33 BOT 2012: Ajax-> Mostrar  Imagen Portada> tono:103619 
Mon Feb 27 21:34:42 BOT 2012: Ajax->Mostrar Reproducciones:  
Mon Feb 27 21:35:00 BOT 2012: Ajax->Mostrar Imagen Portada:  
Mon Feb 27 21:41:55 BOT 2012: ASYNC -> STATS> Tiempo respuesta 0.615443 seg.
Mon Feb 27 21:43:56 BOT 2012: Ajax->Mostrar Ranking:  
Mon Feb 27 21:45:11 BOT 2012: Check Session > msisdn: 77374712 > Usuario Valido 
Mon Feb 27 21:46:53 BOT 2012: ASYNC -> STATS> Tiempo respuesta 0.017204 seg.
Mon Feb 27 21:47:14 BOT 2012: Ajax-> Mostrar  Imagen Portada> tono:144110 
Mon Feb 27 21:48:47 BOT 2012: Mostrar Album: >Artista:  <a href='index.php?seccion=playlist&autor=288'>Luis Fonsi</a>
Mon Feb 27 21:48:59 BOT 2012: Ajax->Mostrar Imagen Portada:  
Mon Feb 27 21:49:11 BOT 2012: ASYNC -> STATS> Tiempo respuesta 0.005899 seg.
Mon Feb 27 21:51:08 BOT 2012: ASYNC -> STATS> Tiempo respuesta 0.007417 seg.
Mon Feb 27 21:51:18 BOT 2012: Ajax->Mostrar Ranking:  
Mon Feb 27 21:52:48 BOT 2012: Ajax->Mostrar Nombre Artista:  
Mon Feb 27 21:53:18 BOT 2012: Ajax->Mostrar Comentarios:  
Mon Feb 27 21:53:42 BOT 2012: Ajax->Mostrar Nombre Genero:  
Mon Feb 27 21:56:33 BOT 2012: Ajax-> Mostrar Ranking > tono:104108 
Mon Feb 27 21:57:21 BOT 2012: Ajax->Mostrar Megusta:  
Mon Feb 27 21:57:57 BOT 2012: Ajax-> Mostrar Ranking > tono:105709 
Mon Feb 27 21:58:37 BOT 2012: ASYNC -> STATS> Tiempo respuesta 0.010386 seg.
Mon Feb 27 22:04:52 BOT 2012: Mostrar Ranking: tono:129901 calificacion: 
Mon Feb 27 22:04:52 BOT 2012: Ajax->Mostrar Ranking:  
Mon Feb 27 22:07:23 BOT 2012: Ajax-> Mostrar Ranking > tono:109259 
Mon Feb 27 22:08:02 BOT 2012: Ajax->Mostrar Megusta:  
Mon Feb 27 22:08:47 BOT 2012: Ajax->Mostrar Reproducciones:  
Mon Feb 27 22:14:03 BOT 2012: Ajax-> Mostrar Ranking > tono:116862 
Mon Feb 27 22:20:03 BOT 2012: Ajax->Mostrar Nombre Artista:  
Mon Feb 27 22:20:48 BOT 2012: ASYNC -> STATS> Tiempo respuesta 0.0014829999999999 seg.
Mon Feb 27 22:22:11 BOT 2012: ASYNC -> STATS> Tiempo respuesta 0.001635 seg.
Mon Feb 27 22:22:14 BOT 2012: Ajax->Mostrar Ranking:  
Mon Feb 27 22:23:46 BOT 2012: Ajax->Mostrar Ranking:  
Mon Feb 27 22:24:01 BOT 2012: STATS > BUSQUEDA DE BACKTONE >Tiempo: -0.267233 seg. | registros: 27
Mon Feb 27 22:24:40 BOT 2012: Mostrar Megusta > tono: 141881 msisdn:77359337 > cantidad de registros: 0
Mon Feb 27 22:25:13 BOT 2012: Asignar backtone escuchado > Asi termino:123008,117840,130360,109618,109395,109394,109380,109605,109604,127855,127787,145320,145307,103521,106237,130053,124243,128275,109260,109259,
Mon Feb 27 22:26:04 BOT 2012: Ajax->Mostrar Imagen Portada:  
Mon Feb 27 22:26:25 BOT 2012: Ajax->Mostrar Imagen Portada:  
Mon Feb 27 22:26:40 BOT 2012: Asignar backtone escuchado > Asi termino:104050,104991,125096,125094,132454,102953,136640,136639,144150,145401,145195,144234,144195,142527,131615,124964,122666,142230,105558,
Mon Feb 27 22:26:43 BOT 2012: Asignar backtone escuchado > Asi termino:104532,
Mon Feb 27 22:26:43 BOT 2012: Ajax->Mostrar Nombre Artista:  
Mon Feb 27 22:27:46 BOT 2012: Busqueda Inteligente: resultados >110468
Mon Feb 27 22:27:58 BOT 2012: Mostrar Album: >albumes/Aldo Penha-Aldo Penha.jpg
Mon Feb 27 22:28:59 BOT 2012: Ajax-> Mostrar Megusta> tono:127771 
Mon Feb 27 22:32:50 BOT 2012: Session Start>  Chequeo de sesion
Mon Feb 27 22:33:11 BOT 2012: WEB_REPRODUCIR_BUSQUEDA > Se recibieron:90 tonos
Mon Feb 27 22:35:42 BOT 2012: Ajax->Mostrar Reproducciones:  
Mon Feb 27 22:36:03 BOT 2012: Ajax-> Mostrar Ranking > tono:118747 
Mon Feb 27 22:40:24 BOT 2012: Ajax->Mostrar Ranking:  
Mon Feb 27 22:40:45 BOT 2012: Ajax->Mostrar Megusta:  
Mon Feb 27 22:41:06 BOT 2012: ASYNC -> STATS> Tiempo respuesta 0.449713 seg.
Mon Feb 27 22:43:07 BOT 2012: Asignar backtone escuchado > Asi termino:104532,139838,139971,118754,118734,118724,509,104579,103576,105542,105544,103554,102597,103553,103562,110224,110222,103564,104053,103827,
Mon Feb 27 22:43:19 BOT 2012: Ajax->Mostrar Ranking:  
Mon Feb 27 22:43:22 BOT 2012: Ajax->Mostrar Ranking:  
Mon Feb 27 22:43:34 BOT 2012: Ajax->Mostrar Comentarios:  
Mon Feb 27 22:44:43 BOT 2012: Ajax-> Mostrar Megusta> tono:129435 
Mon Feb 27 22:46:25 BOT 2012: Asignar backtone escuchado > Asi termino:137242,137237,137240,129887,105024,105276,135063,103490,135078,135060,104531,145330,135059,103247,134,130801,135281,127291,103495,73,
Mon Feb 27 22:46:58 BOT 2012: ASYNC -> STATS> Tiempo respuesta 0.011381 seg.
Mon Feb 27 22:52:35 BOT 2012: Ajax->Mostrar Nombre Genero:  
Mon Feb 27 22:53:08 BOT 2012: Ajax->Mostrar Ranking:  
Mon Feb 27 22:54:02 BOT 2012: Ajax->Mostrar Nombre Genero:  
Mon Feb 27 22:54:44 BOT 2012: Ajax->Mostrar Nombre Artista:  
Mon Feb 27 22:56:00 BOT 2012: Ajax-> Mostrar Ranking > tono:133858 
Mon Feb 27 22:57:09 BOT 2012: Session Start>  session por defecto 
Mon Feb 27 22:57:54 BOT 2012: Ajax-> Mostrar Megusta> tono:145223 
Mon Feb 27 22:58:27 BOT 2012: Ajax-> Mostrar  Imagen Portada> tono:136198 
Mon Feb 27 22:58:57 BOT 2012: Mostrar Genero: >G&eacute;nero:  <a href='index.php?seccion=playlist&genero=145'>Rock</a>
Mon Feb 27 23:00:06 BOT 2012: Ajax-> Mostrar Comentarios> tono:136198 
Mon Feb 27 23:01:51 BOT 2012: Mostrar Genero: >G&eacute;nero:  <a href='index.php?seccion=playlist&genero=155'>Romanticas</a>
Mon Feb 27 23:02:42 BOT 2012: Ajax->Mostrar Reproducciones:  
Mon Feb 27 23:04:01 BOT 2012: Ajax->Mostrar Ranking:  
Mon Feb 27 23:05:10 BOT 2012: Ajax->Mostrar Nombre Artista:  
Mon Feb 27 23:07:55 BOT 2012: Ajax->Mostrar Nombre Artista:  
Mon Feb 27 23:10:52 BOT 2012: ASYNC -> STATS> Tiempo respuesta 0.580986 seg.
Mon Feb 27 23:10:56 BOT 2012: Busqueda Inteligente: resultados >123515
Mon Feb 27 23:11:17 BOT 2012: Ajax-> Mostrar  Imagen Portada> tono:129230 
Mon Feb 27 23:14:41 BOT 2012: Ajax-> Mostrar Megusta> tono:133732 
Mon Feb 27 23:19:27 BOT 2012: MTD_DB_BUSCAR_ARTISTAS > retornando registros:89
Mon Feb 27 23:19:57 BOT 2012: Mostrar Genero: >G&eacute;nero:  <a href='index.php?seccion=playlist&genero=98'>Brasileras</a>
Mon Feb 27 23:23:06 BOT 2012: ASYNC -> STATS> Tiempo respuesta 0.038674 seg.
Mon Feb 27 23:24:21 BOT 2012: Ajax->Mostrar Ranking:  
Mon Feb 27 23:24:24 BOT 2012: ASYNC -> STATS> Tiempo respuesta 0.0029979999999999 seg.
Mon Feb 27 23:24:28 BOT 2012: Ajax->Mostrar Megusta:  
Mon Feb 27 23:24:40 BOT 2012: MTD_DB_BUSCAR_ARTISTAS > retornando registros:9
Mon Feb 27 23:27:07 BOT 2012: Ajax-> Mostrar  Nombre Artista > tono:102693 
