Tue Nov 29 17:18:20 BOT 2011: Ajax-> Mostrar Megusta> tono:128311 
Tue Nov 29 17:22:36 BOT 2011: Ajax-> Mostrar  Nombre Genero > tono:105402 
Tue Nov 29 17:24:57 BOT 2011: Busqueda Inteligente: resultados >104476
Tue Nov 29 17:27:06 BOT 2011: Ajax-> Mostrar  Nombre Genero > tono:138309 
Tue Nov 29 17:28:46 BOT 2011: Ajax-> Login Usuario: msisdn:76118814 > inicio de sesion exitoso 
Tue Nov 29 17:30:01 BOT 2011: ASYNC -> STATS> Tiempo respuesta 0.002069 seg.
Tue Nov 29 17:31:07 BOT 2011: ASYNC -> STATS> Tiempo respuesta 0.001648 seg.
Tue Nov 29 17:31:10 BOT 2011: Asignar backtone escuchado > Asi termino:140780,140778,140787,132454,140785,140782,
Tue Nov 29 17:31:16 BOT 2011: Ajax->Mostrar Comentarios:  
Tue Nov 29 17:31:19 BOT 2011: ASYNC -> STATS> Tiempo respuesta 0.008922 seg.
Tue Nov 29 17:31:22 BOT 2011: ASYNC -> STATS> Tiempo respuesta -0.451597 seg.
Tue Nov 29 17:31:22 BOT 2011: ASYNC -> STATS> Tiempo respuesta -0.362823 seg.
Tue Nov 29 17:31:28 BOT 2011: ASYNC -> STATS> Tiempo respuesta 0.348306 seg.
Tue Nov 29 17:31:28 BOT 2011: ASYNC -> STATS> Tiempo respuesta -0.034106 seg.
Tue Nov 29 17:33:01 BOT 2011: STATS > BUSQUEDA DE BACKTONE >Tiempo: 0.221071 seg. | registros: 1
Tue Nov 29 17:34:07 BOT 2011: Ajax-> Mostrar Megusta> tono:104554 
Tue Nov 29 17:40:44 BOT 2011: Ajax->Mostrar Megusta:  
Tue Nov 29 17:42:14 BOT 2011: ASYNC -> STATS> Tiempo respuesta 0.002727 seg.
Tue Nov 29 17:44:09 BOT 2011: Consulta de precio de reason:10 - msisdn: tono:103168 Async responde:350
 
Tue Nov 29 17:45:03 BOT 2011: Asignar backtone escuchado > Asi termino:123718,276,509,103478,103475,103793,125517,
Tue Nov 29 17:45:09 BOT 2011: Ajax->Mostrar Reproducciones:  
Tue Nov 29 17:45:24 BOT 2011: Asignar backtone escuchado > Asi termino:123044,128462,
Tue Nov 29 17:46:48 BOT 2011: ASYNC -> STATS> Tiempo respuesta 0.0019239999999999 seg.
Tue Nov 29 17:47:51 BOT 2011: Ajax->Mostrar Megusta:  
Tue Nov 29 17:49:15 BOT 2011: ASYNC -> STATS> Tiempo respuesta 0.002725 seg.
Tue Nov 29 17:50:40 BOT 2011: Asignar backtone escuchado > Asi termino:104905,325,509,123008,
Tue Nov 29 17:52:34 BOT 2011: Ajax->Actualizar pin usuario
Tue Nov 29 17:53:58 BOT 2011: Ajax->Mostrar Nombre Genero:  
Tue Nov 29 17:57:38 BOT 2011: Asignar backtone escuchado > Asi termino:102785,110493,102784,102783,102782,102781,
Tue Nov 29 17:58:20 BOT 2011: ASYNC -> STATS> Tiempo respuesta -0.023125 seg.
Tue Nov 29 17:58:20 BOT 2011: Asignar backtone escuchado > Asi termino:102786,102785,110493,102784,102783,102782,102781,
Tue Nov 29 17:58:23 BOT 2011: ASYNC -> STATS> Tiempo respuesta -0.022613 seg.
Tue Nov 29 18:02:05 BOT 2011: Ajax->Mostrar Comentarios:  
Tue Nov 29 18:02:47 BOT 2011: Ajax->Mostrar Imagen Portada:  
Tue Nov 29 18:04:27 BOT 2011: Ajax->Mostrar Reproducciones:  
Tue Nov 29 18:05:15 BOT 2011: LISTAR_MODO_ROTACION_BACTONES > usuario: 76299939  modo:2 
Tue Nov 29 18:07:03 BOT 2011: Ajax-> Mostrar  Imagen Portada> tono:102601 
Tue Nov 29 18:10:42 BOT 2011: Ajax-> Mostrar Ranking > tono:130975 
Tue Nov 29 18:11:16 BOT 2011: Busqueda Inteligente: resultados >117853
Tue Nov 29 18:11:19 BOT 2011: Ajax->Mostrar Imagen Portada:  
Tue Nov 29 18:11:31 BOT 2011: Ajax->Mostrar Reproducciones:  
Tue Nov 29 18:13:58 BOT 2011: Asignar backtone escuchado > Asi termino:126098,126146,136246,127450,127424,125516,
Tue Nov 29 18:15:25 BOT 2011: Ajax-> Administrar Amigos: msisdn:76136940  agregar nuevo amigo 
Tue Nov 29 18:15:28 BOT 2011: Ajax->Mostrar Megusta:  
Tue Nov 29 18:16:04 BOT 2011: Ajax->Mostrar Ranking:  
Tue Nov 29 18:21:32 BOT 2011: Ajax->Mostrar Megusta:  
Tue Nov 29 18:21:53 BOT 2011: Asignar backtone escuchado > Asi termino:102784,102783,102782,102781,102940,122657,104380,102827,102613,104432,104379,104223,102787,102786,102785,110493,
Tue Nov 29 18:27:03 BOT 2011: ASYNC -> STATS> Tiempo respuesta 0.001409 seg.
Tue Nov 29 18:29:49 BOT 2011: ASYNC -> STATS> Tiempo respuesta -0.296217 seg.
Tue Nov 29 18:29:49 BOT 2011: ASYNC -> STATS> Tiempo respuesta -0.457113 seg.
Tue Nov 29 18:29:58 BOT 2011: Consulta de precio de reason:10 - msisdn: tono:103939 Async responde:350
 
Tue Nov 29 18:29:58 BOT 2011: Ajax->Mostrar Comentarios:  
Tue Nov 29 18:30:10 BOT 2011: Ajax->Mostrar Nombre Genero:  
Tue Nov 29 18:30:22 BOT 2011: Ajax->Mostrar Imagen Portada:  
Tue Nov 29 18:30:37 BOT 2011: Ajax-> Mostrar  Nombre Genero > tono:140778 
Tue Nov 29 18:35:43 BOT 2011: Ajax->Mostrar Nombre Genero:  
Tue Nov 29 18:36:50 BOT 2011: Ajax->Mostrar Comentarios:  
Tue Nov 29 18:40:59 BOT 2011: Ajax->Mostrar Ranking:  
Tue Nov 29 18:41:32 BOT 2011: Ajax-> Mostrar Megusta> tono:140787 
Tue Nov 29 18:42:23 BOT 2011: Ajax->Mostrar Reproducciones:  
Tue Nov 29 18:42:59 BOT 2011: Ajax-> Mostrar Comentarios> tono:135958 
Tue Nov 29 18:43:02 BOT 2011: Ajax->Mostrar Reproducciones:  
Tue Nov 29 18:43:26 BOT 2011: Ajax->Mostrar Reproducciones:  
Tue Nov 29 18:43:29 BOT 2011: Ajax->Mostrar Comentarios:  
Tue Nov 29 18:44:18 BOT 2011: Ajax->Mostrar Reproducciones:  
Tue Nov 29 18:46:15 BOT 2011: Ajax->Mostrar Comentarios:  
Tue Nov 29 18:47:21 BOT 2011: Ajax->Mostrar Megusta:  
Tue Nov 29 18:48:15 BOT 2011: Consulta de precio de reason:3 - msisdn: tono:131757 Async responde:350
 
Tue Nov 29 18:51:04 BOT 2011: Mostrar Comentarios : tono:135954 
Tue Nov 29 18:52:37 BOT 2011: ASYNC -> STATS> Tiempo respuesta 0.002396 seg.
Tue Nov 29 18:54:46 BOT 2011: Ajax->Mostrar Comentarios:  
Tue Nov 29 18:54:58 BOT 2011: Ajax-> Mostrar Ranking > tono:103220 
Tue Nov 29 18:55:22 BOT 2011: Asignar backtone escuchado > Asi termino:129931,103261,104300,104815,103627,126462,104607,130984,102882,128602,102560,103750,103464,105096,130053,376,103762,102777,102778,125067,
Tue Nov 29 18:56:46 BOT 2011: Consulta de precio de reason:5 - msisdn: tono:128304 Async responde:350
 
Tue Nov 29 18:59:47 BOT 2011: Busqueda Inteligente: resultados >109409
Tue Nov 29 18:59:59 BOT 2011: Ajax->Mostrar Imagen Portada:  
Tue Nov 29 19:00:56 BOT 2011: Ajax->Mostrar Reproducciones:  
Tue Nov 29 19:01:38 BOT 2011: ASYNC -> STATS> Tiempo respuesta 0.007789 seg.
Tue Nov 29 19:01:41 BOT 2011: Asignar backtone escuchado > Asi termino:104465,103712,134660,134686,
Tue Nov 29 19:01:44 BOT 2011: ASYNC -> STATS> Tiempo respuesta -8.8000000000088E-05 seg.
Tue Nov 29 19:01:44 BOT 2011: Consulta de precio de reason:2 - msisdn: tono:132096 Async responde:350
 
Tue Nov 29 19:02:41 BOT 2011: ASYNC -> STATS> Tiempo respuesta -0.031431 seg.
Tue Nov 29 19:02:41 BOT 2011: Consulta de precio de reason:10 - msisdn: tono:106380 Async responde:350
 
Tue Nov 29 19:02:53 BOT 2011: Asignar backtone escuchado > Asi termino:103500,104602,128305,257,130979,128299,128309,128300,128307,128304,137882,131812,140821,
Tue Nov 29 19:02:56 BOT 2011: ASYNC -> STATS> Tiempo respuesta 0.73804 seg.
Tue Nov 29 19:03:08 BOT 2011: ASYNC -> STATS> Tiempo respuesta 0.534723 seg.
Tue Nov 29 19:03:11 BOT 2011: ASYNC -> STATS> Tiempo respuesta -0.011444 seg.
Tue Nov 29 19:03:17 BOT 2011: ASYNC -> STATS> Tiempo respuesta -0.0070220000000001 seg.
Tue Nov 29 19:03:26 BOT 2011: Ajax-> Mostrar Ranking > tono:140823 
Tue Nov 29 19:04:09 BOT 2011: Ajax-> Mostrar Ranking > tono:137882 
Tue Nov 29 19:07:24 BOT 2011: ASYNC -> STATS> Tiempo respuesta 0.002151 seg.
Tue Nov 29 19:07:48 BOT 2011: Ajax-> Mostrar  Nombre Artista > tono:104029 
Tue Nov 29 19:08:54 BOT 2011: Consulta de precio de reason:2 - msisdn:76761662 tono:141134 Async responde:350
 
Tue Nov 29 19:08:54 BOT 2011: Ajax->Mostrar Ranking:  
Tue Nov 29 19:09:36 BOT 2011: Ajax->Mostrar Reproducciones:  
Tue Nov 29 19:12:07 BOT 2011: Ajax->Mostrar Imagen Portada:  
Tue Nov 29 19:13:04 BOT 2011: Ajax->Mostrar Ranking:  
Tue Nov 29 19:13:13 BOT 2011: Ajax->Mostrar Reproducciones:  
Tue Nov 29 19:13:13 BOT 2011: Ajax->Mostrar Imagen Portada:  
Tue Nov 29 19:13:13 BOT 2011: Ajax->Mostrar Ranking:  
Tue Nov 29 19:13:46 BOT 2011: Ajax-> Asignar tonos Amigos: > msisdn:76742000 > ani :77290970 tono:104812 
Tue Nov 29 19:13:46 BOT 2011: ASYNC -> STATS> Tiempo respuesta -0.536637 seg.
Tue Nov 29 19:13:55 BOT 2011: Ajax-> Mostrar Ranking > tono:105682 
Tue Nov 29 19:13:55 BOT 2011: Ajax->Mostrar Megusta:  
Tue Nov 29 19:14:43 BOT 2011: ASYNC -> STATS> Tiempo respuesta 0.169852 seg.
Tue Nov 29 19:15:16 BOT 2011: Asignar backtone escuchado > Asi termino:104615,102977,102949,104003,104201,104445,104203,126683,104073,104205,103605,103604,103602,102976,104423,104199,104069,104661,104206,134685,
Tue Nov 29 19:15:37 BOT 2011: Ajax->Mostrar Megusta:  
Tue Nov 29 19:16:04 BOT 2011: ASYNC -> STATS> Tiempo respuesta 0.002429 seg.
Tue Nov 29 19:17:43 BOT 2011: STATS > BUSQUEDA DE BACKTONE >Tiempo: 0.731608 seg. | registros: 11
Tue Nov 29 19:20:56 BOT 2011: Ajax->Mostrar Nombre Genero:  
Tue Nov 29 19:21:50 BOT 2011: Asignar backtone escuchado > Asi termino:124025,103323,104242,53,
Tue Nov 29 19:28:57 BOT 2011: Ajax-> Mostrar Comentarios> tono:103948 
Tue Nov 29 19:30:06 BOT 2011: ASYNC -> STATS> Tiempo respuesta 0.003186 seg.
Tue Nov 29 19:34:52 BOT 2011: Ajax-> Mostrar  Imagen Portada> tono:141134 
Tue Nov 29 19:37:43 BOT 2011: Ajax->Mostrar Comentarios:  
Tue Nov 29 19:40:02 BOT 2011: ASYNC -> STATS> Tiempo respuesta -0.821526 seg.
Tue Nov 29 19:40:02 BOT 2011: ASYNC -> STATS> Tiempo respuesta -0.252528 seg.
Tue Nov 29 19:40:08 BOT 2011: Error al consultar precio de renovacion - msisdn: tono:103615 - Async responde -3
Tue Nov 29 19:41:29 BOT 2011: Ajax->Mostrar Ranking:  
Tue Nov 29 19:42:17 BOT 2011: Ajax-> Mostrar  Nombre Artista > tono:129253 
Tue Nov 29 19:46:14 BOT 2011: LISTAR_MODO_ROTACION_BACTONES > usuario: 75141969  modo:2 
Tue Nov 29 19:50:33 BOT 2011: Mostrar Ranking: tono:127757 calificacion: 
Tue Nov 29 19:51:24 BOT 2011: Ajax->Mostrar Nombre Genero:  
Tue Nov 29 19:51:30 BOT 2011: Ajax->Mostrar Reproducciones:  
Tue Nov 29 19:51:33 BOT 2011: Ajax->Mostrar Imagen Portada:  
Tue Nov 29 19:52:03 BOT 2011: Ajax->Mostrar Megusta:  
Tue Nov 29 19:55:55 BOT 2011: Mostrar Cantidad reproducciones: tono:103284 cantidad: 0
Tue Nov 29 19:57:52 BOT 2011: Ajax->Mostrar Ranking:  
Tue Nov 29 20:00:58 BOT 2011: Ajax->Mostrar Nombre Artista:  
Tue Nov 29 20:01:19 BOT 2011: Asignar backtone escuchado > Asi termino:104174,
Tue Nov 29 20:01:22 BOT 2011: Asignar backtone escuchado > Asi termino:104533,509,104991,116501,116506,102630,124025,103323,104242,103712,105546,125509,102622,104465,
Tue Nov 29 20:01:28 BOT 2011: ASYNC -> STATS> Tiempo respuesta -0.030691 seg.
Tue Nov 29 20:02:07 BOT 2011: Ajax->Mostrar Nombre Genero:  
Tue Nov 29 20:03:47 BOT 2011: ASYNC -> STATS> Tiempo respuesta 0.003432 seg.
Tue Nov 29 20:04:35 BOT 2011: Consulta de precio de reason:10 - msisdn:76553921 tono:131747 Async responde:350
 
Tue Nov 29 20:04:44 BOT 2011: Ajax->Mostrar Reproducciones:  
Tue Nov 29 20:05:14 BOT 2011: Ajax->Mostrar Nombre Artista:  
Tue Nov 29 20:05:56 BOT 2011: Ajax->Actualizar pin usuario
Tue Nov 29 20:06:50 BOT 2011: Ajax->Mostrar Reproducciones:  
Tue Nov 29 20:06:53 BOT 2011: Ajax->Actualizar pin usuario
Tue Nov 29 20:07:23 BOT 2011: Ajax->Mostrar Nombre Genero:  
Tue Nov 29 20:11:45 BOT 2011: Ajax->Actualizar pin usuario
Tue Nov 29 20:12:33 BOT 2011: Ajax->Mostrar Reproducciones:  
Tue Nov 29 20:13:09 BOT 2011: Ajax-> Mostrar Comentarios> tono:104467 
Tue Nov 29 20:13:15 BOT 2011: Ajax->Mostrar Nombre Artista:  
Tue Nov 29 20:13:27 BOT 2011: Ajax-> Mostrar Comentarios> tono:104906 
Tue Nov 29 20:15:12 BOT 2011: Ajax->Mostrar Comentarios:  
Tue Nov 29 20:15:42 BOT 2011: Busqueda de Backtones Intel: 
 SQL:SELECT t.id, t.nombre as tono,aut.nombre as autor, alb.imagen, round(avg(wr.calificacion),0) as calificacion
                    FROM tonos as t
                    inner join autores as aut on ( t.autor = aut.id)
                    inner join billing as bil on (t.billing = bil.caso  and bil.concepto=2)
                    left join albumes as alb on (t.album = alb.id_album)
                    left join web_tonos_ranking as wr on (t.id = wr.tonos_id)
                    WHERE
                    t.id > 0
                     AND t.genero =177 
                    and t.categoria <> 207 and t.interfases &1 
                    group by t.id, t.nombre ,aut.nombre , alb.imagen
                    order by t.nombre ,aut.nombre 
                    limit 114 
Tue Nov 29 20:18:34 BOT 2011: Ajax->Mostrar Comentarios:  
Tue Nov 29 20:18:46 BOT 2011: Consulta de precio de reason:2 - msisdn:75672073 tono:109664 Async responde:350
 
Tue Nov 29 20:18:46 BOT 2011: ASYNC -> STATS> Tiempo respuesta -0.63607 seg.
Tue Nov 29 20:18:49 BOT 2011: Ajax->Mostrar Ranking:  
Tue Nov 29 20:20:13 BOT 2011: Ajax->Mostrar Nombre Artista:  
Tue Nov 29 20:21:01 BOT 2011: Ajax-> Mostrar Ranking > tono:104991 
Tue Nov 29 20:21:34 BOT 2011: ASYNC -> STATS> Tiempo respuesta 0.0029520000000001 seg.
Tue Nov 29 20:23:28 BOT 2011: Ajax->Mostrar Comentarios:  
Tue Nov 29 20:23:34 BOT 2011: Ajax-> Mostrar  Imagen Portada> Album:albumes/Yalo Cuellar-FrancoCantador.JPG
Tue Nov 29 20:24:59 BOT 2011: ASYNC -> STATS> Tiempo respuesta -0.131433 seg.
Tue Nov 29 20:25:44 BOT 2011: Ajax->Mostrar Comentarios:  
Tue Nov 29 20:25:44 BOT 2011: Ajax->Mostrar Nombre Genero:  
Tue Nov 29 20:26:29 BOT 2011: Ajax->Actualizar pin usuario
Tue Nov 29 20:27:20 BOT 2011: Ajax->Mostrar Nombre Artista:  
Tue Nov 29 20:27:20 BOT 2011: Ajax->Mostrar Reproducciones:  
Tue Nov 29 20:27:44 BOT 2011: STATS > BUSQUEDA DE BACKTONE >Tiempo: 0.081083 seg. | registros: 114
Tue Nov 29 20:28:50 BOT 2011: Ajax->Mostrar Comentarios:  
Tue Nov 29 20:29:41 BOT 2011: Ajax-> Mostrar Megusta> tono:388 
Tue Nov 29 20:30:48 BOT 2011: ASYNC -> STATS> Tiempo respuesta 0.008277 seg.
Tue Nov 29 20:30:51 BOT 2011: Ajax-> Mostrar Ranking > tono:109387 
Tue Nov 29 20:30:51 BOT 2011: Ajax->Mostrar Comentarios:  
Tue Nov 29 20:31:09 BOT 2011: Mostrar Album: >Artista:  <a href='index.php?seccion=playlist&autor=52'>Chayanne</a>
Tue Nov 29 20:31:33 BOT 2011: Ajax->Mostrar Megusta:  
Tue Nov 29 20:33:51 BOT 2011: Ajax->Mostrar Nombre Genero:  
Tue Nov 29 20:36:16 BOT 2011: ASYNC -> STATS> Tiempo respuesta 0.002167 seg.
Tue Nov 29 20:36:25 BOT 2011: Ajax->Mostrar Ranking:  
Tue Nov 29 20:36:52 BOT 2011: Ajax->Mostrar Ranking:  
Tue Nov 29 20:37:25 BOT 2011: Ajax-> Mostrar  Imagen Portada> Album:albumes/album-default.jpg
Tue Nov 29 20:38:28 BOT 2011: Asignar backtone escuchado > Asi termino:128608,133856,103941,128602,257,103120,119857,602,119851,119852,119842,
Tue Nov 29 20:38:29 BOT 2011: Busqueda Inteligente: resultados >105377
Tue Nov 29 20:39:04 BOT 2011: Consulta de precio de reason:2 - msisdn: tono:109915 Async responde:350
 
Tue Nov 29 20:39:04 BOT 2011: Ajax->Mostrar Ranking:  
Tue Nov 29 20:39:04 BOT 2011: Ajax->Mostrar Nombre Artista:  
Tue Nov 29 20:39:40 BOT 2011: ASYNC -> STATS> Tiempo respuesta 0.001632 seg.
Tue Nov 29 20:39:43 BOT 2011: Ajax->Mostrar Nombre Artista:  
Tue Nov 29 20:40:32 BOT 2011: Ajax-> Mostrar  Imagen Portada> tono:125090 
Tue Nov 29 20:40:51 BOT 2011: Ajax->Mostrar Imagen Portada:  
Tue Nov 29 20:42:21 BOT 2011: Consulta de precio de reason:2 - msisdn: tono:102882 Async responde:350
 
Tue Nov 29 20:43:30 BOT 2011: Ajax-> Mostrar  Nombre Genero > tono:120258 
Tue Nov 29 20:44:12 BOT 2011: Ajax-> Mostrar  Nombre Artista > tono:109242 
Tue Nov 29 20:46:42 BOT 2011: ASYNC -> STATS> Tiempo respuesta 0.004313 seg.
Tue Nov 29 20:46:45 BOT 2011: Ajax->Mostrar Ranking:  
Tue Nov 29 20:47:28 BOT 2011: Ajax->Mostrar Reproducciones:  
Tue Nov 29 20:48:01 BOT 2011: ASYNC -> STATS> Tiempo respuesta -0.476798 seg.
Tue Nov 29 20:48:07 BOT 2011: ASYNC -> STATS> Tiempo respuesta -0.001613 seg.
Tue Nov 29 20:48:07 BOT 2011: ASYNC -> STATS> Tiempo respuesta -0.567495 seg.
Tue Nov 29 20:48:13 BOT 2011: ASYNC -> STATS> Tiempo respuesta -0.279009 seg.
Tue Nov 29 20:50:25 BOT 2011: Ajax->Mostrar Megusta:  
Tue Nov 29 20:50:37 BOT 2011: ASYNC -> STATS> Tiempo respuesta 0.00229 seg.
Tue Nov 29 20:51:46 BOT 2011: Ajax->Mostrar Megusta:  
Tue Nov 29 20:52:13 BOT 2011: STATS > BUSQUEDA DE BACKTONE >Tiempo: -0.254997 seg. | registros: 19
Tue Nov 29 20:54:07 BOT 2011: Asignar backtone escuchado > Asi termino:102804,128305,104602,105522,103466,103469,103790,102630,
Tue Nov 29 20:55:17 BOT 2011: Consulta de precio de reason:3 - msisdn: tono:102882 Async responde:350
 
Tue Nov 29 20:56:08 BOT 2011: Ajax->Mostrar Imagen Portada:  
Tue Nov 29 20:57:08 BOT 2011: MTD_DB_BUSCAR_ARTISTAS > retornando registros:1
Tue Nov 29 20:57:20 BOT 2011: Ajax->Mostrar Reproducciones:  
Tue Nov 29 20:58:11 BOT 2011: Ajax-> Mostrar  Nombre Genero > tono:102658 
Tue Nov 29 20:58:32 BOT 2011: Ajax->Mostrar Megusta:  
Tue Nov 29 21:02:21 BOT 2011: Busqueda Inteligente: resultados >126491
Tue Nov 29 21:03:18 BOT 2011: Ajax->Mostrar Megusta:  
Tue Nov 29 21:06:30 BOT 2011: Ajax-> Mostrar Ranking > tono:125098 
Tue Nov 29 21:06:30 BOT 2011: Ajax->Mostrar Ranking:  
Tue Nov 29 21:06:36 BOT 2011: Asignar backtone escuchado > Asi termino:102633,102803,103655,103469,109240,104393,240,109322,103343,104278,109249,109320,109247,109318,109317,246,109246,109238,109245,
Tue Nov 29 21:06:57 BOT 2011: ASYNC -> STATS> Tiempo respuesta 0.158834 seg.
Tue Nov 29 21:08:18 BOT 2011: Ajax->Mostrar Megusta:  
Tue Nov 29 21:09:10 BOT 2011: Ajax-> Mostrar  Nombre Genero > tono:125092 
Tue Nov 29 21:13:31 BOT 2011: STATS > BUSQUEDA DE BACKTONE >Tiempo: 0.078421 seg. | registros: 1
Tue Nov 29 21:19:35 BOT 2011: Mostrar Album: >Artista:  <a href='index.php?seccion=playlist&autor=1107'>Version Solumovil</a>
Tue Nov 29 21:20:26 BOT 2011: DB_LISTAR_TONOS> Se econtraron 114 resultados con estos ID:257,104171,104174,104508,102610,105276,104190,104510,104177,105096,104180,104522,104507,105036,104189,104178,105282,105274,103521,104991,103939,104172,104528,104305,102630,105533,104195,104532,104533,103940,104184,104535,102622,105534,104165,104175,104547,104173,104179,102621,103430,104447,107763,103284,106298,103453,106286,106288,103328,106289,106299,104383,103451,106290,107788,107794,106294,106295,107737,105746,509,109409,276,103793,103748,103790,103469,103475,103479,103478,103476,103477,103480,103470,103471,103474,103472,103473,103466,103464,105422,103533,103750,102646,102560,108557,136251,335,102639,104220,103767,109227,105281,104183,105986,103821,126476,577,104676,104967,110495,103113,103114,129924,128602,386,322,604,84,131819,102882,103838,103876,103745, 
Tue Nov 29 21:20:26 BOT 2011: Ajax-> Mostrar  Nombre Artista > tono:131760 
Tue Nov 29 21:21:20 BOT 2011: Asignar backtone escuchado > Asi termino:125092,125090,125088,125067,125102,125100,125098,125096,125094,
Tue Nov 29 21:22:02 BOT 2011: Ajax->Mostrar Nombre Genero:  
Tue Nov 29 21:22:20 BOT 2011: Mostrar Cantidad reproducciones: tono:103888 cantidad: 0
Tue Nov 29 21:22:26 BOT 2011: Ajax->Mostrar Imagen Portada:  
Tue Nov 29 21:23:54 BOT 2011: ASYNC -> STATS> Tiempo respuesta -0.760837 seg.
Tue Nov 29 21:24:24 BOT 2011: Ajax->Mostrar Nombre Genero:  
Tue Nov 29 21:28:57 BOT 2011: Ajax->Mostrar Nombre Artista:  
Tue Nov 29 21:29:06 BOT 2011: ASYNC -> STATS> Tiempo respuesta 0.542693 seg.
Tue Nov 29 21:30:07 BOT 2011: Asignar backtone escuchado > Asi termino:128275,130979,128305,128299,128307,128300,128304,
Tue Nov 29 21:30:13 BOT 2011: Ajax->Mostrar Comentarios:  
Tue Nov 29 21:31:46 BOT 2011: Ajax->Mostrar Comentarios:  
Tue Nov 29 21:31:46 BOT 2011: Ajax->Mostrar Ranking:  
Tue Nov 29 21:33:01 BOT 2011: Ajax->Mostrar Nombre Genero:  
Tue Nov 29 21:34:07 BOT 2011: ASYNC -> STATS> Tiempo respuesta -0.218855 seg.
Tue Nov 29 21:34:10 BOT 2011: ASYNC -> STATS> Tiempo respuesta 0.004139 seg.
Tue Nov 29 21:36:13 BOT 2011: Ajax->Mostrar Imagen Portada:  
Tue Nov 29 21:36:31 BOT 2011: Check Session > msisdn: 77172640 > Usuario Valido 
Tue Nov 29 21:39:11 BOT 2011: Ajax->Mostrar Nombre Artista:  
Tue Nov 29 21:41:32 BOT 2011: Ajax->Mostrar Nombre Genero:  
Tue Nov 29 21:41:35 BOT 2011: Asignar backtone escuchado > Asi termino:135057,130814,139727,
Tue Nov 29 21:42:17 BOT 2011: Ajax->Mostrar Imagen Portada:  
Tue Nov 29 21:42:56 BOT 2011: Ajax-> Mostrar Ranking > tono:134660 
Tue Nov 29 21:42:56 BOT 2011: Asignar backtone escuchado > Asi termino:136632,130814,122287,
Tue Nov 29 21:43:23 BOT 2011: Mostrar Ranking: tono:126028 calificacion: 5
Tue Nov 29 21:43:45 BOT 2011: Busqueda Inteligente: 
Tue Nov 29 21:48:57 BOT 2011: Ajax->Mostrar Nombre Artista:  
Tue Nov 29 21:52:22 BOT 2011: Ajax->Mostrar Reproducciones:  
Tue Nov 29 21:53:13 BOT 2011: Ajax->Mostrar Ranking:  
Tue Nov 29 21:53:16 BOT 2011: ASYNC -> STATS> Tiempo respuesta 0.002384 seg.
Tue Nov 29 21:54:13 BOT 2011: Ajax->Mostrar Ranking:  
Tue Nov 29 21:54:31 BOT 2011: ASYNC -> STATS> Tiempo respuesta 0.374171 seg.
Tue Nov 29 21:57:46 BOT 2011: Ajax->Mostrar Nombre Genero:  
Tue Nov 29 21:58:56 BOT 2011: Ajax-> Mostrar  Nombre Artista > tono:129884 
Tue Nov 29 21:59:17 BOT 2011: Busqueda Inteligente: resultados >104598
Tue Nov 29 22:04:51 BOT 2011: ASYNC -> STATS> Tiempo respuesta -0.932575 seg.
Tue Nov 29 22:09:06 BOT 2011: ASYNC -> STATS> Tiempo respuesta 0.04371 seg.
Tue Nov 29 22:10:03 BOT 2011: Ajax->Mostrar Imagen Portada:  
Tue Nov 29 22:10:30 BOT 2011: Ajax-> Mostrar Comentarios> tono:105002 
Tue Nov 29 22:11:12 BOT 2011: Mostrar Genero: >G&eacute;nero:  <a href='index.php?seccion=playlist&genero=143'>Latinas</a>
Tue Nov 29 22:12:52 BOT 2011: Ajax->Actualizar pin usuario
Tue Nov 29 22:13:28 BOT 2011: Ajax->Mostrar Comentarios:  
Tue Nov 29 22:13:31 BOT 2011: Ajax-> Mostrar Ranking > tono:104389 
Tue Nov 29 22:14:40 BOT 2011: Ajax->Mostrar Megusta:  
Tue Nov 29 22:19:41 BOT 2011: ASYNC -> STATS> Tiempo respuesta 0.002506 seg.
Tue Nov 29 22:20:17 BOT 2011: ASYNC -> STATS> Tiempo respuesta -0.306296 seg.
Tue Nov 29 22:20:20 BOT 2011: Ajax->Mostrar Megusta:  
Tue Nov 29 22:20:23 BOT 2011: Consulta de precio de reason:2 - msisdn: tono:135160 Async responde:350
 
Tue Nov 29 22:20:23 BOT 2011: ASYNC -> STATS> Tiempo respuesta -0.019234 seg.
Tue Nov 29 22:20:23 BOT 2011: Ajax->Mostrar Ranking:  
Tue Nov 29 22:20:26 BOT 2011: Consulta de precio de reason:3 - msisdn: tono:135160 Async responde:350
 
Tue Nov 29 22:20:26 BOT 2011: ASYNC -> STATS> Tiempo respuesta -0.015095 seg.
Tue Nov 29 22:20:29 BOT 2011: ASYNC -> STATS> Tiempo respuesta -0.006489 seg.
Tue Nov 29 22:20:29 BOT 2011: Ajax->Mostrar Reproducciones:  
Tue Nov 29 22:20:29 BOT 2011: Ajax->Mostrar Ranking:  
Tue Nov 29 22:20:29 BOT 2011: ASYNC -> STATS> Tiempo respuesta -0.053432 seg.
Tue Nov 29 22:24:20 BOT 2011: Mostrar Ranking: tono:128237 calificacion: 5
Tue Nov 29 22:24:50 BOT 2011: Ajax->Mostrar Megusta:  
Tue Nov 29 22:29:36 BOT 2011: Ajax->Mostrar Reproducciones:  
Tue Nov 29 22:29:42 BOT 2011: Ajax->Mostrar Megusta:  
Tue Nov 29 22:29:51 BOT 2011: Ajax->Mostrar Nombre Genero:  
Tue Nov 29 22:29:51 BOT 2011: Ajax->Mostrar Comentarios:  
Tue Nov 29 22:29:54 BOT 2011: ASYNC -> STATS> Tiempo respuesta -0.013956 seg.
Tue Nov 29 22:41:44 BOT 2011: Asignar backtone escuchado > Asi termino:116505,103239,202,102893,102630,107763,106304,104567,
Tue Nov 29 22:41:59 BOT 2011: Ajax-> Mostrar Ranking > tono:125094 
Tue Nov 29 22:42:53 BOT 2011: Ajax->Mostrar Ranking:  
Tue Nov 29 22:45:35 BOT 2011: Ajax-> Mostrar Megusta> tono:139727 
Tue Nov 29 22:50:06 BOT 2011: Ajax->Mostrar Nombre Artista:  
Tue Nov 29 22:51:54 BOT 2011: Ajax-> Mostrar Ranking > tono:104448 
Tue Nov 29 22:51:57 BOT 2011: ASYNC -> STATS> Tiempo respuesta 0.00256 seg.
Tue Nov 29 22:52:54 BOT 2011: ASYNC -> STATS> Tiempo respuesta 0.322235 seg.
Tue Nov 29 22:54:25 BOT 2011: Mostrar Album: >albumes/album-default.jpg
Tue Nov 29 22:54:52 BOT 2011: Ajax-> Mostrar  Nombre Genero > tono:125098 
Tue Nov 29 22:56:16 BOT 2011: Asignar backtone escuchado > Asi termino:131633,104194,105512,104389,104195,104189,104190,104174,104448,104449,104871,104109,102743,105407,105391,104929,104928,104870,102741,104535,
Tue Nov 29 22:56:16 BOT 2011: Mostrar Ranking: tono:116 calificacion: 4
Tue Nov 29 22:56:16 BOT 2011: ASYNC -> STATS> Tiempo respuesta -0.173449 seg.
Tue Nov 29 22:56:19 BOT 2011: Asignar backtone escuchado > Asi termino:104206,105833,120950,102992,113034,
Tue Nov 29 22:56:19 BOT 2011: Ajax->Mostrar Imagen Portada:  
Tue Nov 29 22:56:19 BOT 2011: Ajax->Mostrar Reproducciones:  
Tue Nov 29 22:56:25 BOT 2011: ASYNC -> STATS> Tiempo respuesta -0.01793 seg.
Tue Nov 29 22:56:25 BOT 2011: Consulta de precio de reason:10 - msisdn:76052628 tono:103474 Async responde:350
 
Tue Nov 29 22:57:31 BOT 2011: Ajax-> Mostrar Ranking > tono:141078 
