Wed Jul 25 10:12:39 BOT 2012: Ajax->Mostrar Imagen Portada:  
Wed Jul 25 10:19:47 BOT 2012: WEB REPROD BUSQ > Facebook link: http%3A%2F%2Fbacktones.tigo.com.bo%2Fv3%2Findex.php%3Fseccion%3Dplaylist%26autor%3D1273%26f%3D1%26t%3D1231233
Wed Jul 25 10:20:50 BOT 2012: ASYNC -> STATS> Tiempo respuesta 0.002424 seg.
Wed Jul 25 10:20:50 BOT 2012: ASYNC -> STATS> Tiempo respuesta 0.002022 seg.
Wed Jul 25 10:20:50 BOT 2012: Ajax->Mostrar Ranking:  
Wed Jul 25 10:29:00 BOT 2012: Ajax->Mostrar Ranking:  
Wed Jul 25 10:29:07 BOT 2012: Consulta de precio de reason:2 - msisdn:75380869 tono:106312 Async responde:350
 
Wed Jul 25 10:29:07 BOT 2012: ASYNC -> STATS> Tiempo respuesta -0.122306 seg.
Wed Jul 25 10:29:13 BOT 2012: ASYNC -> STATS> Tiempo respuesta 0.007194 seg.
Wed Jul 25 10:29:16 BOT 2012: ASYNC -> STATS> Tiempo respuesta 0.03459 seg.
Wed Jul 25 10:30:07 BOT 2012: Ajax-> Mostrar  Imagen Portada> tono:103472 
Wed Jul 25 10:30:16 BOT 2012: ASYNC -> STATS> Tiempo respuesta -0.000775 seg.
Wed Jul 25 10:30:22 BOT 2012: Ajax->Mostrar Comentarios:  
Wed Jul 25 10:30:37 BOT 2012: Ajax-> Mostrar Megusta> tono:103464 
Wed Jul 25 10:31:10 BOT 2012: Ajax-> Mostrar  Nombre Genero > tono:123530 
Wed Jul 25 10:31:49 BOT 2012: ASYNC -> STATS> Tiempo respuesta 0.418515 seg.
Wed Jul 25 10:31:49 BOT 2012: ASYNC -> STATS> Tiempo respuesta -0.354856 seg.
Wed Jul 25 10:34:35 BOT 2012: Mostrar Album: >albumes/album-default.jpg
Wed Jul 25 10:35:50 BOT 2012: Ajax->Mostrar Nombre Genero:  
Wed Jul 25 10:36:29 BOT 2012: Busqueda Inteligente: 
Wed Jul 25 10:37:35 BOT 2012: Ajax-> Mostrar Ranking > tono:128602 
Wed Jul 25 10:38:08 BOT 2012: Ajax->Mostrar Comentarios:  
Wed Jul 25 10:39:27 BOT 2012: ASYNC -> STATS> Tiempo respuesta 0.00155 seg.
Wed Jul 25 10:39:45 BOT 2012: Ajax->Mostrar Megusta:  
Wed Jul 25 10:40:24 BOT 2012: Ajax->Mostrar Reproducciones:  
Wed Jul 25 10:42:24 BOT 2012: Ajax->Mostrar Reproducciones:  
Wed Jul 25 10:42:48 BOT 2012: Asignar backtone escuchado > Asi termino:131040,123513,123538,131036,103530,
Wed Jul 25 10:43:12 BOT 2012: Ajax-> Mostrar Comentarios> tono:105570 
Wed Jul 25 10:43:15 BOT 2012: Ajax-> Mostrar  Nombre Artista > tono:630 
Wed Jul 25 10:43:21 BOT 2012: Ajax-> Mostrar  Nombre Genero > tono:123530 
Wed Jul 25 10:43:21 BOT 2012: Ajax->Mostrar Imagen Portada:  
Wed Jul 25 10:43:54 BOT 2012: ASYNC -> STATS> Tiempo respuesta 0.0034920000000001 seg.
Wed Jul 25 10:45:37 BOT 2012: Consulta de precio de reason:10 - msisdn:77352193 tono:102624 Async responde:350
 
Wed Jul 25 10:46:22 BOT 2012: Ajax->Mostrar Imagen Portada:  
Wed Jul 25 10:50:29 BOT 2012: Ajax->Mostrar Imagen Portada:  
Wed Jul 25 10:50:53 BOT 2012: Asignar backtone escuchado > Asi termino:123530,105406,
Wed Jul 25 10:52:14 BOT 2012: Asignar backtone escuchado > Asi termino:104554,107737,
Wed Jul 25 10:52:20 BOT 2012: ASYNC -> STATS> Tiempo respuesta -0.307186 seg.
Wed Jul 25 10:52:47 BOT 2012: ASYNC -> STATS> Tiempo respuesta 0.001008 seg.
Wed Jul 25 10:52:50 BOT 2012: Consulta de precio de reason:10 - msisdn: tono:105627 Async responde:350
 
Wed Jul 25 10:52:50 BOT 2012: Ajax->Mostrar Ranking:  
Wed Jul 25 10:52:53 BOT 2012: ASYNC -> STATS> Tiempo respuesta 0.307 seg.
Wed Jul 25 10:52:59 BOT 2012: Ajax-> Mostrar Megusta> tono:145319 
Wed Jul 25 10:53:02 BOT 2012: ASYNC -> STATS> Tiempo respuesta -0.328614 seg.
Wed Jul 25 10:53:05 BOT 2012: ASYNC -> STATS> Tiempo respuesta 0.502648 seg.
Wed Jul 25 10:53:08 BOT 2012: Ajax->Mostrar Megusta:  
Wed Jul 25 10:53:11 BOT 2012: ASYNC -> STATS> Tiempo respuesta 0.004561 seg.
Wed Jul 25 10:53:14 BOT 2012: ASYNC -> STATS> Tiempo respuesta -0.032656 seg.
Wed Jul 25 10:53:17 BOT 2012: Asignar backtone escuchado > Asi termino:123530,105406,
Wed Jul 25 10:53:17 BOT 2012: Ajax-> Mostrar Ranking > tono:105610 
Wed Jul 25 10:53:23 BOT 2012: Ajax-> Mostrar  Imagen Portada> Album:Artista:  <a href='index.php?seccion=playlist&autor=1245'>Pablo Fernandez</a>
Wed Jul 25 10:54:23 BOT 2012: STATS > BUSQUEDA DE BACKTONE >Tiempo: 0.662105 seg. | registros: 25
Wed Jul 25 10:55:05 BOT 2012: Ajax->Mostrar Ranking:  
Wed Jul 25 10:55:36 BOT 2012: ASYNC -> STATS> Tiempo respuesta 0.003105 seg.
Wed Jul 25 10:55:54 BOT 2012: Mostrar Comentarios : tono:123530 
Wed Jul 25 10:56:12 BOT 2012: Asignar backtone escuchado > Asi termino:128416,129437,128616,176,104737,104253,104355,104354,104252,150020,150046,150044,152414,150030,150028,150040,150026,150024,150022,22,
Wed Jul 25 10:57:21 BOT 2012: Ajax-> Mostrar Ranking > tono:137822 
Wed Jul 25 10:58:30 BOT 2012: Mostrar Comentarios : tono:110188 
Wed Jul 25 10:59:06 BOT 2012: Mostrar Album: >Artista:  <a href='index.php?seccion=playlist&autor=426'>Tercer Cielo</a>
Wed Jul 25 11:02:28 BOT 2012: ASYNC -> STATS> Tiempo respuesta -0.101907 seg.
Wed Jul 25 11:06:07 BOT 2012: Ajax-> Mostrar Ranking > tono:144690 
Wed Jul 25 11:08:05 BOT 2012: Ajax->Mostrar Nombre Genero:  
Wed Jul 25 11:10:26 BOT 2012: Ajax->Mostrar Nombre Artista:  
Wed Jul 25 11:17:16 BOT 2012: Ajax->Mostrar Ranking:  
Wed Jul 25 11:17:16 BOT 2012: Consulta de precio de reason:2 - msisdn:76465541 tono:102784 Async responde:350
 
Wed Jul 25 11:17:19 BOT 2012: ASYNC -> STATS> Tiempo respuesta 0.00343 seg.
Wed Jul 25 11:17:22 BOT 2012: ASYNC -> STATS> Tiempo respuesta -0.286618 seg.
Wed Jul 25 11:17:25 BOT 2012: Ajax->Mostrar Ranking:  
Wed Jul 25 11:17:37 BOT 2012: Ajax->Mostrar Nombre Artista:  
Wed Jul 25 11:18:04 BOT 2012: ASYNC -> STATS> Tiempo respuesta 0.00299 seg.
Wed Jul 25 11:19:46 BOT 2012: Asignar backtone escuchado > Asi termino:103476,103478,103475,103793,276,509,142169,388,102529,453,140778,102645,110191,376,110189,126167,150090,103346,105996,103762,
Wed Jul 25 11:20:31 BOT 2012: ASYNC -> STATS> Tiempo respuesta 0.394208 seg.
Wed Jul 25 11:20:31 BOT 2012: Ajax->Mostrar Reproducciones:  
Wed Jul 25 11:23:17 BOT 2012: Mostrar Comentarios : tono:104942 
Wed Jul 25 11:23:26 BOT 2012: ASYNC -> STATS> Tiempo respuesta 0.002632 seg.
Wed Jul 25 11:23:32 BOT 2012: Ajax-> Mostrar  Nombre Genero > tono:104012 
Wed Jul 25 11:24:08 BOT 2012: Ajax-> Mostrar Ranking > tono:150180 
Wed Jul 25 11:24:53 BOT 2012: MTD_DB_BUSCAR_ARTISTAS > retornando registros:1
Wed Jul 25 11:25:11 BOT 2012: Ajax-> Mostrar  Nombre Artista > tono:104002 
Wed Jul 25 11:28:42 BOT 2012: ASYNC -> STATS> Tiempo respuesta 0.006664 seg.
Wed Jul 25 11:35:46 BOT 2012: Ajax->Mostrar Nombre Artista:  
Wed Jul 25 11:36:43 BOT 2012: Ajax->Mostrar Nombre Artista:  
Wed Jul 25 11:38:59 BOT 2012: Mostrar Megusta> tono: 123530 msisdn: > a otros 3  les gusta 
Wed Jul 25 11:39:53 BOT 2012: Mostrar Album: >Artista:  <a href='index.php?seccion=playlist&autor=18'>Juanes</a>
Wed Jul 25 11:39:59 BOT 2012: Ajax->Mostrar Reproducciones:  
Wed Jul 25 11:41:29 BOT 2012: Ajax->Mostrar Imagen Portada:  
Wed Jul 25 11:43:05 BOT 2012: Ajax->Mostrar Ranking:  
Wed Jul 25 11:44:00 BOT 2012: Ajax->Mostrar Comentarios:  
Wed Jul 25 11:45:45 BOT 2012: Ajax->Mostrar Reproducciones:  
Wed Jul 25 11:46:30 BOT 2012: ASYNC -> STATS> Tiempo respuesta 0.00306 seg.
Wed Jul 25 11:48:00 BOT 2012: Ajax->Mostrar Nombre Genero:  
Wed Jul 25 11:48:57 BOT 2012: Ajax->Mostrar Megusta:  
Wed Jul 25 11:49:03 BOT 2012: Busqueda Inteligente: resultados >129247
Wed Jul 25 11:50:28 BOT 2012: Busqueda Inteligente: 
Wed Jul 25 11:51:49 BOT 2012: Ajax->Mostrar Nombre Genero:  
Wed Jul 25 11:52:16 BOT 2012: STATS > BUSQUEDA DE BACKTONE >Tiempo: 0.042746 seg. | registros: 70
Wed Jul 25 11:52:37 BOT 2012: Ajax->Mostrar Ranking:  
Wed Jul 25 11:52:58 BOT 2012: Ajax->Mostrar Imagen Portada:  
Wed Jul 25 11:54:07 BOT 2012: Ajax-> Mostrar Ranking > tono:103407 
Wed Jul 25 11:54:13 BOT 2012: ASYNC -> STATS> Tiempo respuesta 0.004373 seg.
Wed Jul 25 11:54:16 BOT 2012: Ajax->Mostrar Ranking:  
Wed Jul 25 11:55:17 BOT 2012: Ajax->Mostrar Reproducciones:  
Wed Jul 25 11:56:23 BOT 2012: Mostrar Album: >albumes/farruko-el-talento-del-bloque-170x170-593485[1].jpg
Wed Jul 25 11:57:44 BOT 2012: Mostrar Genero: >G&eacute;nero:  <a href='index.php?seccion=playlist&genero=143'>Latinas</a>
Wed Jul 25 11:57:53 BOT 2012: Ajax->Mostrar Reproducciones:  
Wed Jul 25 12:01:48 BOT 2012: Mostrar Album: >Artista:  <a href='index.php?seccion=playlist&autor=458'>RKM</a>
Wed Jul 25 12:03:39 BOT 2012: Ajax->Mostrar Ranking:  
Wed Jul 25 12:03:42 BOT 2012: ASYNC -> STATS> Tiempo respuesta 0.001301 seg.
Wed Jul 25 12:04:33 BOT 2012: Mostrar Album: >albumes/album-default.jpg
Wed Jul 25 12:08:43 BOT 2012: Ajax-> Mostrar Comentarios> tono:123530 
Wed Jul 25 12:13:44 BOT 2012: Ajax->Mostrar Ranking:  
Wed Jul 25 12:16:17 BOT 2012: ASYNC -> STATS> Tiempo respuesta 0.7292 seg.
Wed Jul 25 12:17:03 BOT 2012: Ajax->Mostrar Ranking:  
Wed Jul 25 12:17:03 BOT 2012: Ajax-> Mostrar Megusta> tono:123530 
Wed Jul 25 17:08:56 BOT 2012: Session Start>  session por defecto 
Wed Jul 25 17:09:08 BOT 2012: Error al consultar precio de renovacion - msisdn: tono:121518 - Async responde -3
Wed Jul 25 17:09:08 BOT 2012: ASYNC -> STATS> Tiempo respuesta 0.002152 seg.
Wed Jul 25 17:09:08 BOT 2012: Ajax-> Mostrar Ranking > tono:147195 
