Wed Dec 14 0:02:14 BOT 2011: Asignar backtone escuchado > Asi termino:129922,118738,104285,104348,
Wed Dec 14 0:09:06 BOT 2011: Ajax-> Login Usuario msisdn:   pin: > Validar msisdn
Wed Dec 14 0:10:40 BOT 2011: Ajax->Mostrar Nombre Genero:  
Wed Dec 14 0:34:04 BOT 2011: Session Start>  session por defecto 
Wed Dec 14 1:16:58 BOT 2011: Ajax->Mostrar Comentarios:  
Wed Dec 14 1:21:08 BOT 2011: Asignar backtone escuchado > Asi termino:140832,141120,141124,140830,142179,140828,140817,140816,140814,142223,120250,140810,120248,141835,139303,106382,142225,142220,142168,140808,
Wed Dec 14 1:24:08 BOT 2011: Ajax->Mostrar Nombre Genero:  
Wed Dec 14 1:24:54 BOT 2011: Ajax-> Mostrar Ranking > tono:104448 
Wed Dec 14 1:28:43 BOT 2011: Ajax-> Mostrar  Imagen Portada> tono:141837 
Wed Dec 14 1:31:14 BOT 2011: ASYNC -> STATS> Tiempo respuesta 0.901696 seg.
Wed Dec 14 1:38:50 BOT 2011: Ajax->Mostrar Nombre Artista:  
Wed Dec 14 1:48:52 BOT 2011: Busqueda Inteligente: resultados >105812
Wed Dec 14 1:49:19 BOT 2011: Busqueda Inteligente: resultados >104178
Wed Dec 14 1:52:41 BOT 2011: Busqueda Inteligente: resultados >103271
Wed Dec 14 1:54:11 BOT 2011: ASYNC -> STATS> Tiempo respuesta 0.566541 seg.
Wed Dec 14 1:54:23 BOT 2011: Session Start>  session por defecto 
Wed Dec 14 1:56:54 BOT 2011: ASYNC -> STATS> Tiempo respuesta -0.399271 seg.
Wed Dec 14 2:11:18 BOT 2011: Ajax->Mostrar Megusta:  
Wed Dec 14 2:20:29 BOT 2011: Check Session > msisdn: 75956665 > Usuario Valido 
Wed Dec 14 7:34:02 BOT 2011: Session Start>  session por defecto 
Wed Dec 14 7:53:32 BOT 2011: Mostrar Cantidad reproducciones: tono:103033 cantidad: 0
Wed Dec 14 7:54:38 BOT 2011: Ajax-> Mostrar  Nombre Genero > tono:126175 
Wed Dec 14 8:19:14 BOT 2011: Ajax-> Mostrar Ranking > tono:103211 
Wed Dec 14 8:21:33 BOT 2011: Session Start>  session por defecto 
Wed Dec 14 8:23:45 BOT 2011: Ajax->Mostrar Comentarios:  
Wed Dec 14 8:28:33 BOT 2011: Busqueda Inteligente: resultados >106308
Wed Dec 14 8:30:07 BOT 2011: WEB_REPRODUCIR_BUSQUEDA > Se recibieron:34 tonos
Wed Dec 14 8:30:25 BOT 2011: Busqueda Inteligente: 
Wed Dec 14 8:37:53 BOT 2011: Ajax->Mostrar Ranking:  
Wed Dec 14 8:38:41 BOT 2011: Check Session > msisdn: 75621272 > Usuario Valido 
Wed Dec 14 8:39:11 BOT 2011: ASYNC -> STATS> Tiempo respuesta 0.004233 seg.
Wed Dec 14 8:41:14 BOT 2011: Ajax-> Mostrar  Imagen Portada> tono:131642 
Wed Dec 14 8:41:20 BOT 2011: Ajax-> Mostrar  Nombre Genero > tono:135153 
Wed Dec 14 8:41:23 BOT 2011: Asignar backtone escuchado > Asi termino:135151,130833,135153,131642,130834,135152,126154,104214,104215,104294,104293,104938,130362,103593,128604,103592,103591,103787,103786,
Wed Dec 14 8:42:51 BOT 2011: Ajax->Mostrar Comentarios:  
Wed Dec 14 8:42:54 BOT 2011: Session Start>  session por defecto 
Wed Dec 14 8:43:12 BOT 2011: Ajax-> Mostrar  Imagen Portada> Album:albumes/Cover_Gold_Aerosmith300CMYK.jpg
Wed Dec 14 8:48:13 BOT 2011: ASYNC -> STATS> Tiempo respuesta 0.006459 seg.
Wed Dec 14 8:54:10 BOT 2011: Session Start>  session por defecto 
Wed Dec 14 8:54:28 BOT 2011: Session Start>  session por defecto 
Wed Dec 14 8:59:26 BOT 2011: Ajax-> Mostrar Ranking > tono:130834 
Wed Dec 14 9:01:32 BOT 2011: Ajax-> Mostrar Megusta> tono:103762 
Wed Dec 14 9:01:32 BOT 2011: Session Start>  session por defecto 
Wed Dec 14 9:05:06 BOT 2011: Check Session > msisdn: 77087858 > Usuario Valido 
Wed Dec 14 9:05:21 BOT 2011: ASYNC -> STATS> Tiempo respuesta -0.324308 seg.
Wed Dec 14 9:05:51 BOT 2011: Check Session > msisdn: 75288788 > Usuario Valido 
Wed Dec 14 9:05:51 BOT 2011: DB_ELIMINAR_BACKTONES > Msisdn:77087858 tono :114733 -> quedo asi:104205:1:1:0:1|103607:1:0:0:1|104002:1:0:0:1|103655:1:0:0:1|103792:1:0:0:1|
Wed Dec 14 9:09:00 BOT 2011: Asignar backtone escuchado > Asi termino:104429,128223,103322,103170,116849,132110,105546,104598,120,104120,102622,106237,130053,131803,104174,105986,103477,103476,102694,102817,
Wed Dec 14 9:15:04 BOT 2011: Ajax-> Login Usuario msisdn: 78794124  pin:5717 > Validar msisdn
Wed Dec 14 9:18:05 BOT 2011: Ajax->Mostrar Imagen Portada:  
Wed Dec 14 9:19:44 BOT 2011: Mostrar Megusta > tono: 142113 msisdn:78794124 > cantidad de registros: 0
Wed Dec 14 9:22:17 BOT 2011: Ajax-> Mostrar Megusta> tono:123718 
Wed Dec 14 9:22:35 BOT 2011: Busqueda Inteligente: 
Wed Dec 14 9:22:56 BOT 2011: Ajax-> Mostrar Megusta> tono:140821 
Wed Dec 14 9:25:51 BOT 2011: Ajax->Mostrar Comentarios:  
Wed Dec 14 9:35:34 BOT 2011: Ajax->Mostrar Reproducciones:  
Wed Dec 14 9:40:23 BOT 2011: Mostrar Genero: >G&eacute;nero:  <a href='index.php?seccion=playlist&genero=153'>Rock Latino</a>
Wed Dec 14 9:56:25 BOT 2011: Ajax->Mostrar Nombre Genero:  
Wed Dec 14 9:56:28 BOT 2011: Ajax-> Mostrar Ranking > tono:125510 
Wed Dec 14 9:57:13 BOT 2011: Ajax-> popup_listar_amigos: msisdn:77707229 
Wed Dec 14 9:57:40 BOT 2011: Ajax-> Mostrar Ranking > tono:129224 
Wed Dec 14 9:57:58 BOT 2011: Ajax-> Mostrar Ranking > tono:426 
Wed Dec 14 9:59:07 BOT 2011: Ajax-> Mostrar  Imagen Portada> tono:104997 
Wed Dec 14 10:07:12 BOT 2011: WEB_REPRODUCIR_BUSQUEDA > Se recibieron:14 tonos
Wed Dec 14 10:11:39 BOT 2011: ASYNC -> STATS> Tiempo respuesta 0.507115 seg.
Wed Dec 14 10:15:55 BOT 2011: Ajax-> Mostrar  Imagen Portada> tono:117844 
Wed Dec 14 10:19:28 BOT 2011: ASYNC -> STATS> Tiempo respuesta 0.614171 seg.
Wed Dec 14 10:19:28 BOT 2011: Ajax->Mostrar Reproducciones:  
Wed Dec 14 10:19:52 BOT 2011: Ajax-> Mostrar  Imagen Portada> Album:albumes/David Guetta-Nothing But The Beat.jpg
Wed Dec 14 10:20:10 BOT 2011: Ajax->Mostrar Comentarios:  
Wed Dec 14 10:21:29 BOT 2011: Ajax-> Mostrar Comentarios> tono:107580 
Wed Dec 14 10:22:11 BOT 2011: Ajax->Mostrar Ranking:  
Wed Dec 14 10:24:05 BOT 2011: Ajax-> Mostrar Ranking > tono:102954 
Wed Dec 14 10:24:08 BOT 2011: Ajax->Mostrar Megusta:  
Wed Dec 14 10:24:38 BOT 2011: Ajax-> Mostrar Ranking > tono:104214 
Wed Dec 14 10:26:23 BOT 2011: ASYNC -> STATS> Tiempo respuesta 0.003949 seg.
Wed Dec 14 10:26:26 BOT 2011: Asignar backtone escuchado > Asi termino:118747,139961,118754,118749,139960,118738,118741,118748,139844,139956,118734,139958,118752,118744,118730,118728,118745,118727,118725,118724,
Wed Dec 14 10:28:02 BOT 2011: Ajax->Mostrar Nombre Genero:  
Wed Dec 14 10:28:54 BOT 2011: Mostrar Ranking: tono:142166 calificacion: 
Wed Dec 14 10:30:03 BOT 2011: Ajax->Mostrar Imagen Portada:  
Wed Dec 14 10:30:48 BOT 2011: Ajax->Mostrar Imagen Portada:  
Wed Dec 14 10:33:00 BOT 2011: Ajax->Mostrar Comentarios:  
Wed Dec 14 10:33:51 BOT 2011: Ajax->Mostrar Nombre Artista:  
Wed Dec 14 10:35:52 BOT 2011: Ajax-> Mostrar Ranking > tono:131820 
Wed Dec 14 10:37:46 BOT 2011: Ajax-> Mostrar Ranking > tono:7 
Wed Dec 14 10:39:10 BOT 2011: ASYNC -> STATS> Tiempo respuesta 0.007524 seg.
Wed Dec 14 10:40:52 BOT 2011: Ajax->Mostrar Comentarios:  
Wed Dec 14 10:41:16 BOT 2011: Ajax->Mostrar Imagen Portada:  
Wed Dec 14 10:41:28 BOT 2011: ASYNC -> STATS> Tiempo respuesta 0.011579 seg.
Wed Dec 14 10:41:46 BOT 2011: Mostrar Album: >Artista:  <a href='index.php?seccion=playlist&autor=1107'>Version Solumovil</a>
Wed Dec 14 10:42:28 BOT 2011: Ajax-> Mostrar Comentarios> tono:133663 
Wed Dec 14 10:42:34 BOT 2011: Ajax->Mostrar Ranking:  
Wed Dec 14 10:42:50 BOT 2011: ASYNC -> STATS> Tiempo respuesta 0.010509 seg.
Wed Dec 14 10:45:11 BOT 2011: Ajax->Mostrar Nombre Genero:  
Wed Dec 14 10:46:44 BOT 2011: Ajax->Mostrar Imagen Portada:  
Wed Dec 14 10:47:05 BOT 2011: ASYNC -> STATS> Tiempo respuesta 0.255969 seg.
Wed Dec 14 10:48:14 BOT 2011: Ajax->Mostrar Comentarios:  
Wed Dec 14 10:48:56 BOT 2011: Consulta de precio de reason:10 - msisdn: tono:103865 Async responde:350
 
Wed Dec 14 10:52:27 BOT 2011: Ajax-> Mostrar Megusta> tono:129243 
Wed Dec 14 10:53:24 BOT 2011: Mostrar Comentarios : tono:102778 
Wed Dec 14 10:55:42 BOT 2011: Ajax->Eliminando backtone: msisdn:75502785   
Wed Dec 14 10:55:51 BOT 2011: Check Session > msisdn: 75502785 > Usuario Valido 
Wed Dec 14 11:00:46 BOT 2011: Ajax->Mostrar Reproducciones:  
Wed Dec 14 11:01:16 BOT 2011: ASYNC -> STATS> Tiempo respuesta 0.0054879999999999 seg.
Wed Dec 14 11:03:07 BOT 2011: Ajax-> Mostrar Ranking > tono:103141 
Wed Dec 14 11:04:50 BOT 2011: Mostrar Cantidad reproducciones: tono:104407 cantidad: 0
Wed Dec 14 11:07:05 BOT 2011: Ajax-> Mostrar  Nombre Artista > tono:103713 
Wed Dec 14 11:07:29 BOT 2011: Busqueda Inteligente: 
Wed Dec 14 11:07:53 BOT 2011: Busqueda Inteligente: oriente papa
Wed Dec 14 11:07:56 BOT 2011: Asignar backtone escuchado > Asi termino:103718,103859,103716,103717,608,103876,103884,103724,103883,103723,103721,103722,135671,140982,103720,103869,103870,321,103868,103867,
Wed Dec 14 11:10:23 BOT 2011: Ajax-> Mostrar Megusta> tono:104414 
Wed Dec 14 11:12:12 BOT 2011: Ajax-> Mostrar  Nombre Genero > tono:420 
Wed Dec 14 11:12:36 BOT 2011: Ajax->Mostrar Comentarios:  
Wed Dec 14 11:12:39 BOT 2011: Ajax-> Mostrar  Nombre Genero > tono:428 
Wed Dec 14 11:12:48 BOT 2011: ASYNC -> STATS> Tiempo respuesta 0.011278 seg.
Wed Dec 14 11:12:51 BOT 2011: ASYNC -> STATS> Tiempo respuesta -0.305892 seg.
Wed Dec 14 11:13:03 BOT 2011: ASYNC -> STATS> Tiempo respuesta 0.003934 seg.
Wed Dec 14 11:13:03 BOT 2011: ASYNC -> STATS> Tiempo respuesta 0.233545 seg.
Wed Dec 14 11:13:15 BOT 2011: Ajax->Mostrar Imagen Portada:  
Wed Dec 14 11:13:18 BOT 2011: Ajax-> Mostrar Ranking > tono:103518 
Wed Dec 14 11:13:30 BOT 2011: Mostrar Album: >Artista:  <a href='index.php?seccion=playlist&autor=393'>Marcelo Martins</a>
Wed Dec 14 11:13:45 BOT 2011: Asignar backtone escuchado > Asi termino:103864,103863,103862,103873,140985,103726,103874,103875,103861,140984,103860,103719,103880,103718,103859,103716,103717,608,103876,103884,
Wed Dec 14 11:13:48 BOT 2011: Ajax->Mostrar Comentarios:  
Wed Dec 14 11:14:00 BOT 2011: Mostrar Album: >albumes/album-default.jpg
Wed Dec 14 11:16:36 BOT 2011: Ajax-> Mostrar Ranking > tono:105381 
Wed Dec 14 11:18:00 BOT 2011: ASYNC -> STATS> Tiempo respuesta 0.008128 seg.
Wed Dec 14 11:20:55 BOT 2011: Asignar backtone escuchado > Asi termino:121508,109264,137826,137822,123008,130053,124243,
Wed Dec 14 11:21:01 BOT 2011: Mostrar Megusta> tono: 102610 msisdn: > a otros 1  les gusta 
Wed Dec 14 11:21:40 BOT 2011: Ajax-> Mostrar  Nombre Artista > tono:105366 
Wed Dec 14 11:22:31 BOT 2011: Ajax-> Mostrar Comentarios> tono:103718 
Wed Dec 14 11:22:58 BOT 2011: Ajax-> Mostrar  Nombre Genero > tono:103719 
Wed Dec 14 11:26:20 BOT 2011: Ajax-> Mostrar Ranking > tono:103517 
Wed Dec 14 11:26:35 BOT 2011: Ajax->Mostrar Reproducciones:  
Wed Dec 14 11:26:56 BOT 2011: Ajax-> Mostrar Comentarios> tono:104476 
Wed Dec 14 11:27:17 BOT 2011: Ajax->Mostrar Imagen Portada:  
Wed Dec 14 11:27:32 BOT 2011: ASYNC -> STATS> Tiempo respuesta 0.013136 seg.
Wed Dec 14 11:27:38 BOT 2011: Ajax->Mostrar Reproducciones:  
Wed Dec 14 11:27:53 BOT 2011: STATS > BUSQUEDA DE BACKTONE >Tiempo: 0.070987 seg. | registros: 104
Wed Dec 14 11:27:59 BOT 2011: Ajax->Mostrar Nombre Artista:  
Wed Dec 14 11:28:32 BOT 2011: Ajax-> Mostrar  Nombre Artista > tono:128606 
Wed Dec 14 11:31:38 BOT 2011: Ajax-> Mostrar  Nombre Genero > tono:139971 
Wed Dec 14 11:31:44 BOT 2011: Ajax-> Mostrar  Nombre Artista > tono:129226 
Wed Dec 14 11:32:38 BOT 2011: Ajax->Mostrar Megusta:  
Wed Dec 14 11:32:48 BOT 2011: ASYNC -> STATS> Tiempo respuesta -0.989445 seg.
Wed Dec 14 11:36:45 BOT 2011: Ajax->Mostrar Imagen Portada:  
Wed Dec 14 11:37:24 BOT 2011: Ajax->Mostrar Ranking:  
Wed Dec 14 11:39:27 BOT 2011: Ajax->Mostrar Nombre Artista:  
Wed Dec 14 11:39:30 BOT 2011: ASYNC -> STATS> Tiempo respuesta 0.006556 seg.
Wed Dec 14 11:39:33 BOT 2011: ASYNC -> STATS> Tiempo respuesta 0.796982 seg.
Wed Dec 14 11:39:33 BOT 2011: Ajax-> Mostrar Ranking > tono:103726 
Wed Dec 14 11:39:55 BOT 2011: Ajax->Mostrar Imagen Portada:  
Wed Dec 14 11:40:16 BOT 2011: STATS > BUSQUEDA DE BACKTONE >Tiempo: -0.917894 seg. | registros: 114
Wed Dec 14 11:40:22 BOT 2011: Ajax->Mostrar Nombre Genero:  
Wed Dec 14 11:43:46 BOT 2011: Ajax->Asignar modalidad backtone: msisdn:75502785   
Wed Dec 14 11:43:55 BOT 2011: ASYNC -> STATS> Tiempo respuesta 0.009688 seg.
Wed Dec 14 11:44:25 BOT 2011: Ajax->Mostrar Reproducciones:  
Wed Dec 14 11:44:34 BOT 2011: ASYNC -> STATS> Tiempo respuesta 0.021611 seg.
Wed Dec 14 11:49:44 BOT 2011: Ajax->Mostrar Ranking:  
Wed Dec 14 11:49:47 BOT 2011: Ajax->Mostrar Megusta:  
Wed Dec 14 11:56:12 BOT 2011: ASYNC -> STATS> Tiempo respuesta 0.002327 seg.
Wed Dec 14 11:57:24 BOT 2011: Ajax->Mostrar Nombre Artista:  
Wed Dec 14 11:59:03 BOT 2011: Mostrar Album: >albumes/album-default.jpg
Wed Dec 14 12:01:44 BOT 2011: Busqueda Inteligente: resultados >104335
Wed Dec 14 12:05:04 BOT 2011: Ajax-> Cerrar session: msisdn:77351490 
Wed Dec 14 12:07:13 BOT 2011: Ajax->Mostrar Ranking:  
Wed Dec 14 12:07:13 BOT 2011: Ajax->Mostrar Megusta:  
Wed Dec 14 12:10:35 BOT 2011: ASYNC -> STATS> Tiempo respuesta 0.004919 seg.
Wed Dec 14 12:11:59 BOT 2011: Consulta de precio de reason:2 - msisdn: tono:140823 Async responde:350
 
Wed Dec 14 12:17:54 BOT 2011: ASYNC -> STATS> Tiempo respuesta 0.007886 seg.
Wed Dec 14 12:18:27 BOT 2011: Ajax->Mostrar Imagen Portada:  
Wed Dec 14 12:25:04 BOT 2011: Ajax->Mostrar Imagen Portada:  
Wed Dec 14 12:26:31 BOT 2011: WEB_REPRODUCIR_BUSQUEDA > Se recibieron:3 tonos
Wed Dec 14 12:28:40 BOT 2011: Ajax->Mostrar Megusta:  
Wed Dec 14 12:29:25 BOT 2011: Ajax->Mostrar Reproducciones:  
Wed Dec 14 12:34:17 BOT 2011: Ajax->Mostrar Comentarios:  
Wed Dec 14 12:34:20 BOT 2011: Ajax-> Mostrar  Nombre Genero > tono:131044 
Wed Dec 14 12:35:02 BOT 2011: ASYNC -> STATS> Tiempo respuesta 0.00524 seg.
Wed Dec 14 12:35:23 BOT 2011: Mostrar Genero: >G&eacute;nero:  <a href='index.php?seccion=playlist&genero=175'>CHINO Y NACHO</a>
Wed Dec 14 12:35:44 BOT 2011: Asignar backtone escuchado > Asi termino:103617,103616,103615,104941,105365,123008,122651,122650,106000,125517,104906,103052,102644,509,
Wed Dec 14 12:37:11 BOT 2011: Session Start>  session por defecto 
Wed Dec 14 12:43:12 BOT 2011: Ajax->Mostrar Megusta:  
Wed Dec 14 12:46:04 BOT 2011: Ajax-> Mostrar Ranking > tono:131003 
Wed Dec 14 12:52:08 BOT 2011: Ajax->Mostrar Nombre Artista:  
Wed Dec 14 12:53:17 BOT 2011: Busqueda Inteligente: resultados >118730
Wed Dec 14 12:53:56 BOT 2011: Ajax-> Mostrar  Imagen Portada> tono:140982 
Wed Dec 14 12:56:35 BOT 2011: Ajax->Mostrar Comentarios:  
Wed Dec 14 12:56:47 BOT 2011: Ajax->Mostrar Ranking:  
Wed Dec 14 12:57:35 BOT 2011: Ajax->Mostrar Nombre Artista:  
Wed Dec 14 13:02:57 BOT 2011: Ajax-> Mostrar Comentarios> tono:121513 
Wed Dec 14 13:03:09 BOT 2011: Ajax-> Mostrar Comentarios> tono:127756 
Wed Dec 14 13:04:42 BOT 2011: Busqueda Inteligente: Reik
Wed Dec 14 13:05:12 BOT 2011: Ajax->Mostrar Ranking:  
Wed Dec 14 13:05:27 BOT 2011: MTD_DB_BUSCAR_ARTISTAS > retornando registros:61
Wed Dec 14 13:09:10 BOT 2011: ASYNC -> STATS> Tiempo respuesta 0.006436 seg.
Wed Dec 14 13:09:43 BOT 2011: Ajax->Mostrar Nombre Genero:  
Wed Dec 14 13:09:58 BOT 2011: MTD_DB_BUSCAR_ARTISTAS > retornando registros:9
Wed Dec 14 13:11:52 BOT 2011: Ajax-> Mostrar  Nombre Artista > tono:131001 
Wed Dec 14 13:13:38 BOT 2011: Ajax->Mostrar Comentarios:  
Wed Dec 14 13:16:23 BOT 2011: Ajax->Mostrar Nombre Genero:  
Wed Dec 14 13:17:41 BOT 2011: Ajax->Mostrar Comentarios:  
Wed Dec 14 13:17:44 BOT 2011: Ajax->Mostrar Imagen Portada:  
Wed Dec 14 13:18:47 BOT 2011: Ajax->Mostrar Megusta:  
Wed Dec 14 13:22:27 BOT 2011: Ajax->Mostrar Nombre Genero:  
Wed Dec 14 13:23:06 BOT 2011: Ajax->Mostrar Comentarios:  
Wed Dec 14 13:24:15 BOT 2011: Ajax->Mostrar Ranking:  
Wed Dec 14 13:26:57 BOT 2011: Ajax-> Mostrar Ranking > tono:110355 
Wed Dec 14 13:30:07 BOT 2011: Ajax-> Mostrar Ranking > tono:127752 
Wed Dec 14 13:32:04 BOT 2011: Busqueda Inteligente: resultados >104195
Wed Dec 14 13:32:49 BOT 2011: Ajax-> Mostrar Ranking > tono:103846 
Wed Dec 14 13:32:58 BOT 2011: Ajax-> Mostrar  Imagen Portada> tono:115942 
Wed Dec 14 13:34:01 BOT 2011: Busqueda Inteligente: resultados >107794
Wed Dec 14 13:34:43 BOT 2011: WEB_REPRODUCIR_BUSQUEDA > Se recibieron:90 tonos
Wed Dec 14 13:34:52 BOT 2011: Check Session > msisdn: 75649726 > Usuario Valido 
Wed Dec 14 13:36:59 BOT 2011: Ajax->Mostrar Nombre Artista:  
Wed Dec 14 13:38:53 BOT 2011: Ajax->Mostrar Comentarios:  
Wed Dec 14 13:40:35 BOT 2011: ASYNC -> STATS> Tiempo respuesta 0.0081 seg.
Wed Dec 14 13:40:53 BOT 2011: Ajax-> Mostrar Comentarios> tono:131642 
Wed Dec 14 13:40:53 BOT 2011: Ajax->Mostrar Comentarios:  
Wed Dec 14 13:41:17 BOT 2011: ASYNC -> STATS> Tiempo respuesta 0.008764 seg.
Wed Dec 14 13:41:41 BOT 2011: ASYNC -> STATS> Tiempo respuesta 0.012903 seg.
Wed Dec 14 13:41:41 BOT 2011: ASYNC -> STATS> Tiempo respuesta 0.337629 seg.
Wed Dec 14 13:41:41 BOT 2011: Ajax->Mostrar Ranking:  
Wed Dec 14 13:42:11 BOT 2011: ASYNC -> STATS> Tiempo respuesta 0.00527 seg.
Wed Dec 14 13:42:24 BOT 2011: Ajax->Mostrar Imagen Portada:  
Wed Dec 14 13:43:36 BOT 2011: Mostrar Megusta> tono: 131035 msisdn:77390636 > 001
Wed Dec 14 13:44:30 BOT 2011: Consulta de precio de reason:3 - msisdn: tono:130999 Async responde:350
 
Wed Dec 14 13:44:54 BOT 2011: Busqueda Inteligente: Tercer Cielo
Wed Dec 14 13:48:15 BOT 2011: Ajax-> Mostrar  Nombre Artista > tono:163 
Wed Dec 14 13:49:22 BOT 2011: Mostrar Genero: >G&eacute;nero:  <a href='index.php?seccion=playlist&genero=110'>Cumbia</a>
Wed Dec 14 13:50:52 BOT 2011: ASYNC -> STATS> Tiempo respuesta 0.012818 seg.
Wed Dec 14 13:50:55 BOT 2011: Asignar backtone escuchado > Asi termino:124071,124069,124065,124061,124053,124048,124047,124025,103417,131618,106236,104886,131645,129924,104189,103897,124976,105648,129922,131824,
Wed Dec 14 13:50:55 BOT 2011: Ajax->Mostrar Ranking:  
Wed Dec 14 13:51:16 BOT 2011: Ajax->Mostrar Nombre Artista:  
Wed Dec 14 13:53:52 BOT 2011: Ajax->Mostrar Reproducciones:  
Wed Dec 14 13:55:13 BOT 2011: Ajax-> Mostrar Ranking > tono:104189 
Wed Dec 14 13:55:31 BOT 2011: Ajax->Mostrar Ranking:  
Wed Dec 14 13:57:38 BOT 2011: Mostrar Ranking: tono:139727 calificacion: 5
Wed Dec 14 14:01:11 BOT 2011: ASYNC -> STATS> Tiempo respuesta 0.008382 seg.
Wed Dec 14 14:02:29 BOT 2011: WEB_REPRODUCIR_BUSQUEDA > Se recibieron:58 tonos
Wed Dec 14 14:05:09 BOT 2011: Ajax->Mostrar Ranking:  
Wed Dec 14 14:05:39 BOT 2011: ASYNC -> STATS> Tiempo respuesta -0.059905 seg.
Wed Dec 14 14:05:42 BOT 2011: Consulta de precio de reason:3 - msisdn: tono:108575 Async responde:350
 
Wed Dec 14 14:05:42 BOT 2011: Ajax->Mostrar Ranking:  
Wed Dec 14 14:05:48 BOT 2011: Ajax->Mostrar Ranking:  
Wed Dec 14 14:05:51 BOT 2011: ASYNC -> STATS> Tiempo respuesta 0.253681 seg.
Wed Dec 14 14:05:57 BOT 2011: ASYNC -> STATS> Tiempo respuesta 0.108857 seg.
Wed Dec 14 14:06:00 BOT 2011: ASYNC -> STATS> Tiempo respuesta -0.04294 seg.
Wed Dec 14 14:06:00 BOT 2011: ASYNC -> STATS> Tiempo respuesta 0.013117 seg.
Wed Dec 14 14:06:33 BOT 2011: Ajax->Mostrar Megusta:  
Wed Dec 14 14:08:54 BOT 2011: Session Start>  Chequeo de sesion
Wed Dec 14 14:09:15 BOT 2011: Ajax->Mostrar Megusta:  
Wed Dec 14 14:11:04 BOT 2011: Busqueda Inteligente: resultados >104300
Wed Dec 14 14:13:46 BOT 2011: Ajax-> Mostrar Megusta> tono:128311 
Wed Dec 14 14:16:07 BOT 2011: Ajax->Mostrar Nombre Artista:  
Wed Dec 14 14:19:02 BOT 2011: Ajax->Mostrar Reproducciones:  
Wed Dec 14 14:19:02 BOT 2011: Ajax->Mostrar Ranking:  
Wed Dec 14 14:20:50 BOT 2011: Asignar backtone escuchado > Asi termino:139844,139956,118734,139958,118752,118744,118730,118728,118745,118727,118725,118724,139838,118732,131003,130999,139971,139969,139968,139967,
Wed Dec 14 14:22:11 BOT 2011: Ajax-> Mostrar Ranking > tono:127759 
Wed Dec 14 14:23:59 BOT 2011: Ajax->Mostrar Comentarios:  
Wed Dec 14 14:25:24 BOT 2011: Ajax->Mostrar Ranking:  
Wed Dec 14 14:25:39 BOT 2011: Mostrar Cantidad reproducciones: tono:103128 cantidad: 0
Wed Dec 14 14:26:03 BOT 2011: ASYNC -> STATS> Tiempo respuesta 0.00591 seg.
Wed Dec 14 14:26:15 BOT 2011: Ajax->Mostrar Megusta:  
Wed Dec 14 14:26:39 BOT 2011: ASYNC -> STATS> Tiempo respuesta 0.00989 seg.
Wed Dec 14 14:26:42 BOT 2011: ASYNC -> STATS> Tiempo respuesta -0.332504 seg.
Wed Dec 14 14:26:45 BOT 2011: Error al consultar precio de renovacion - msisdn: tono:104025 - Async responde -3
Wed Dec 14 14:26:45 BOT 2011: Ajax->Mostrar Megusta:  
Wed Dec 14 14:26:45 BOT 2011: Check Session > msisdn: 77088600 > Usuario Valido 
Wed Dec 14 14:26:45 BOT 2011: Ajax->Mostrar Nombre Artista:  
Wed Dec 14 14:27:27 BOT 2011: Ajax->Mostrar Megusta:  
Wed Dec 14 14:28:42 BOT 2011: Ajax->Mostrar Reproducciones:  
Wed Dec 14 14:29:00 BOT 2011: Busqueda Inteligente: resultados >104555
Wed Dec 14 14:29:48 BOT 2011: Ajax-> Mostrar Ranking > tono:127757 
Wed Dec 14 14:30:39 BOT 2011: Ajax->Mostrar Reproducciones:  
Wed Dec 14 14:32:16 BOT 2011: Ajax->Mostrar Ranking:  
Wed Dec 14 14:32:34 BOT 2011: Ajax-> Mostrar Comentarios> tono:142141 
Wed Dec 14 14:33:07 BOT 2011: Ajax-> Mostrar Ranking > tono:103579 
Wed Dec 14 14:34:37 BOT 2011: Ajax-> Mostrar  Imagen Portada> tono:118734 
Wed Dec 14 14:35:04 BOT 2011: ASYNC -> STATS> Tiempo respuesta 0.007699 seg.
Wed Dec 14 14:35:13 BOT 2011: ASYNC -> STATS> Tiempo respuesta 0.133376 seg.
Wed Dec 14 14:36:01 BOT 2011: Asignar backtone escuchado > Asi termino:135175,137812,103240,103583,105384,135695,126,103784,105641,135694,135727,105545,102618,104104,135692,104324,135690,135677,135681,103238,
Wed Dec 14 14:36:01 BOT 2011: Ajax-> Mostrar Ranking > tono:105368 
Wed Dec 14 14:36:04 BOT 2011: Consulta de precio de reason:2 - msisdn: tono:118748 Async responde:350
 
Wed Dec 14 14:36:07 BOT 2011: Consulta de precio de reason:3 - msisdn:75766792 tono:103532 Async responde:350
 
Wed Dec 14 14:36:49 BOT 2011: Ajax->Mostrar Nombre Genero:  
Wed Dec 14 14:37:22 BOT 2011: ASYNC -> STATS> Tiempo respuesta 0.0083599999999999 seg.
Wed Dec 14 14:37:25 BOT 2011: ASYNC -> STATS> Tiempo respuesta 0.540681 seg.
Wed Dec 14 14:37:28 BOT 2011: ASYNC -> STATS> Tiempo respuesta 0.077878 seg.
Wed Dec 14 14:37:28 BOT 2011: Ajax->Mostrar Reproducciones:  
Wed Dec 14 14:37:31 BOT 2011: ASYNC -> STATS> Tiempo respuesta -0.002262 seg.
Wed Dec 14 14:37:31 BOT 2011: Mostrar Ranking: tono:127754 calificacion: 
Wed Dec 14 14:39:32 BOT 2011: Ajax->Mostrar Ranking:  
Wed Dec 14 14:41:08 BOT 2011: ASYNC -> STATS> Tiempo respuesta 0.009351 seg.
Wed Dec 14 14:41:50 BOT 2011: Ajax->Mostrar Comentarios:  
Wed Dec 14 14:44:59 BOT 2011: Asignar backtone escuchado > Asi termino:136229,129938,133881,125516,105092,105263,129675,105549,105093,131722,105550,105262,104991,137255,137253,
Wed Dec 14 14:46:21 BOT 2011: Ajax->Mostrar Megusta:  
Wed Dec 14 14:47:36 BOT 2011: Asignar backtone escuchado > Asi termino:104027,103314,102789,103588,103997,572,103466,103790,102630,103744,103563,134032,104991,105376,105379,105382,105372,105366,105365,105370,
Wed Dec 14 14:48:12 BOT 2011: Ajax-> Mostrar  Nombre Genero > tono:103086 
Wed Dec 14 14:48:42 BOT 2011: ASYNC -> STATS> Tiempo respuesta 0.010543 seg.
Wed Dec 14 14:49:39 BOT 2011: Ajax-> Mostrar  Nombre Genero > tono:102626 
Wed Dec 14 14:49:39 BOT 2011: Ajax->Mostrar Nombre Artista:  
Wed Dec 14 14:50:09 BOT 2011: Session Start>  session por defecto 
Wed Dec 14 14:50:48 BOT 2011: Ajax->Mostrar Imagen Portada:  
Wed Dec 14 14:54:01 BOT 2011: ASYNC -> STATS> Tiempo respuesta 0.010615 seg.
Wed Dec 14 14:55:13 BOT 2011: Ajax-> Mostrar  Imagen Portada> tono:102621 
Wed Dec 14 14:56:16 BOT 2011: WEB_REPRODUCIR_BUSQUEDA > Se recibieron:30 tonos
Wed Dec 14 14:57:13 BOT 2011: Ajax-> Mostrar  Imagen Portada> tono:103238 
Wed Dec 14 14:59:19 BOT 2011: WEB REPROD BUSQ > Facebook link: http%3A%2F%2Fbacktones.tigo.com.bo%2Fv3%2Findex.php%3Fseccion%3Dplaylist%26genero%3D96%26f%3D1%26t%3D123123
Wed Dec 14 15:01:08 BOT 2011: Busqueda Inteligente: resultados >93
Wed Dec 14 15:01:14 BOT 2011: Ajax-> Mostrar Megusta> tono:118745 
Wed Dec 14 15:01:20 BOT 2011: Session Start>  session por defecto 
Wed Dec 14 15:01:41 BOT 2011: Mostrar Ranking: tono:118728 calificacion: 
Wed Dec 14 15:01:44 BOT 2011: ASYNC -> STATS> Tiempo respuesta 0.010917 seg.
Wed Dec 14 15:02:38 BOT 2011: Ajax->Mostrar Comentarios:  
Wed Dec 14 15:04:05 BOT 2011: ASYNC -> STATS> Tiempo respuesta -0.077411 seg.
Wed Dec 14 15:04:05 BOT 2011: Ajax->Mostrar Ranking:  
Wed Dec 14 15:04:56 BOT 2011: LISTAR_MODO_ROTACION_BACTONES > usuario: 75766792  modo:2 
Wed Dec 14 15:10:00 BOT 2011: Ajax->Mostrar Nombre Genero:  
Wed Dec 14 15:10:33 BOT 2011: ASYNC -> STATS> Tiempo respuesta -0.112726 seg.
Wed Dec 14 15:11:33 BOT 2011: Ajax->Mostrar Nombre Artista:  
Wed Dec 14 15:11:36 BOT 2011: Mostrar Cantidad reproducciones: tono:127754 cantidad: 0
Wed Dec 14 15:15:34 BOT 2011: Ajax->Mostrar Nombre Artista:  
Wed Dec 14 15:15:55 BOT 2011: ASYNC -> STATS> Tiempo respuesta -0.630478 seg.
Wed Dec 14 15:22:20 BOT 2011: Ajax->Mostrar Nombre Artista:  
Wed Dec 14 15:23:20 BOT 2011: Ajax-> Mostrar Comentarios> tono:118747 
Wed Dec 14 15:24:02 BOT 2011: Ajax-> Mostrar Ranking > tono:105672 
Wed Dec 14 15:25:53 BOT 2011: ASYNC -> STATS> Tiempo respuesta 0.474552 seg.
Wed Dec 14 15:30:21 BOT 2011: Ajax->Mostrar Reproducciones:  
Wed Dec 14 15:33:42 BOT 2011: Busqueda Inteligente: resultados >127435
Wed Dec 14 15:34:39 BOT 2011: Ajax->Mostrar Imagen Portada:  
Wed Dec 14 15:35:10 BOT 2011: Ajax->Mostrar Nombre Genero:  
Wed Dec 14 15:37:25 BOT 2011: Ajax->Mostrar Comentarios:  
Wed Dec 14 15:37:58 BOT 2011: Ajax->Mostrar Reproducciones:  
Wed Dec 14 15:40:19 BOT 2011: Consulta de precio de reason:10 - msisdn: tono:139967 Async responde:350
 
Wed Dec 14 15:42:47 BOT 2011: Ajax-> Mostrar Ranking > tono:134028 
Wed Dec 14 15:43:08 BOT 2011: Ajax-> Mostrar Ranking > tono:127771 
Wed Dec 14 15:43:17 BOT 2011: Ajax-> Mostrar  Imagen Portada> tono:134028 
Wed Dec 14 15:45:32 BOT 2011: ASYNC -> STATS> Tiempo respuesta 0.010145 seg.
Wed Dec 14 15:45:53 BOT 2011: ASYNC -> STATS> Tiempo respuesta -0.004213 seg.
Wed Dec 14 15:47:17 BOT 2011: Mostrar Album: >Artista:  <a href='index.php?seccion=playlist&autor=67'>David Guetta</a>
Wed Dec 14 15:49:24 BOT 2011: Ajax->Mostrar Reproducciones:  
Wed Dec 14 15:50:15 BOT 2011: ASYNC -> STATS> Tiempo respuesta 0.008971 seg.
Wed Dec 14 15:50:39 BOT 2011: Ajax->Mostrar Imagen Portada:  
Wed Dec 14 15:51:24 BOT 2011: Ajax-> Mostrar  Imagen Portada> tono:103955 
Wed Dec 14 15:52:33 BOT 2011: Ajax-> Mostrar  Nombre Artista > tono:131821 
Wed Dec 14 15:53:12 BOT 2011: ASYNC -> STATS> Tiempo respuesta -0.164928 seg.
Wed Dec 14 15:53:51 BOT 2011: ASYNC -> STATS> Tiempo respuesta 0.011549 seg.
Wed Dec 14 15:54:54 BOT 2011: Consulta de precio de reason:10 - msisdn: tono:214 Async responde:350
 
Wed Dec 14 15:55:00 BOT 2011: Ajax->Mostrar Nombre Artista:  
Wed Dec 14 15:55:03 BOT 2011: Asignar backtone escuchado > Asi termino:103051,104493,214,103581,102812,103580,105999,122645,142119,132455,104905,102537,104307,132466,325,110188,102539,102695,102818,128606,
Wed Dec 14 15:55:58 BOT 2011: Ajax-> Login Usuario msisdn: 77490150  pin: > Validar msisdn
Wed Dec 14 15:56:52 BOT 2011: Ajax-> Mostrar Megusta> tono:130999 
Wed Dec 14 15:58:25 BOT 2011: Ajax-> Mostrar Ranking > tono:104336 
Wed Dec 14 16:00:28 BOT 2011: Ajax-> Mostrar  Nombre Artista > tono:102510 
Wed Dec 14 16:02:26 BOT 2011: Ajax->Mostrar Nombre Genero:  
Wed Dec 14 16:02:50 BOT 2011: ASYNC -> STATS> Tiempo respuesta 0.007663 seg.
Wed Dec 14 16:03:17 BOT 2011: Ajax->Mostrar Comentarios:  
Wed Dec 14 16:03:35 BOT 2011: Ajax-> Mostrar Ranking > tono:102953 
Wed Dec 14 16:03:50 BOT 2011: Ajax->Mostrar Megusta:  
Wed Dec 14 16:05:05 BOT 2011: ASYNC -> STATS> Tiempo respuesta -0.213543 seg.
Wed Dec 14 16:05:35 BOT 2011: Ajax->Mostrar Ranking:  
Wed Dec 14 16:05:44 BOT 2011: Consulta de precio de reason:2 - msisdn:77390504 tono:105564 Async responde:350
 
Wed Dec 14 16:05:56 BOT 2011: Ajax->Mostrar Ranking:  
Wed Dec 14 16:06:17 BOT 2011: Ajax->Mostrar Megusta:  
Wed Dec 14 16:08:54 BOT 2011: Ajax->Mostrar Nombre Artista:  
Wed Dec 14 16:11:12 BOT 2011: Ajax-> Mostrar Ranking > tono:106290 
Wed Dec 14 16:11:33 BOT 2011: Ajax-> Mostrar Ranking > tono:126476 
Wed Dec 14 16:12:09 BOT 2011: Ajax->Mostrar Nombre Genero:  
Wed Dec 14 16:12:09 BOT 2011: ASYNC -> STATS> Tiempo respuesta 0.005228 seg.
Wed Dec 14 16:14:39 BOT 2011: Ajax-> Mostrar  Imagen Portada> tono:104670 
Wed Dec 14 16:14:51 BOT 2011: Ajax->Mostrar Nombre Artista:  
Wed Dec 14 16:18:10 BOT 2011: Ajax->Mostrar Megusta:  
Wed Dec 14 16:18:22 BOT 2011: Ajax-> Mostrar Ranking > tono:103457 
Wed Dec 14 16:19:13 BOT 2011: ASYNC -> STATS> Tiempo respuesta 0.004622 seg.
Wed Dec 14 16:21:13 BOT 2011: Ajax->Mostrar Megusta:  
Wed Dec 14 16:22:08 BOT 2011: Busqueda Inteligente: Resultado 
 102673;amor secreto;Luis Fonsi;Luis Fonsi
104670;Aqui estoy yo;Luis Fonsi;Luis Fonsi
105078;Aqui estoy yo (Dance remix);Luis Fonsi;Luis Fonsi
105077;Aqui estoy yo (Urban remix);Luis Fonsi;Luis Fonsi
103029;aunque estes con el;Luis Fonsi;Luis Fonsi
126853;Gritar;Luis Fonsi;Latinas
102674;Imaginame Sin Ti;Luis Fonsi;Luis Fonsi
103030;la mentira;Luis Fonsi;Luis Fonsi
103031;lagrimas del mar;Luis Fonsi;Luis Fonsi
103032;llueve por dentro;Luis Fonsi;Luis Fonsi
102619;no me doy por vencido;Luis Fonsi;Luis Fonsi
103033;otro dia sera;Luis Fonsi;Luis Fonsi
103034;Persiguiendo el paraiso;Luis Fonsi;Luis Fonsi
103035;quien le va a decir;Luis Fonsi;Luis Fonsi
137266;Respira;Luis Fonsi;Latinas
103036;tienes razon;Luis Fonsi;Luis Fonsi
103037;todo lo que tengo;Luis Fonsi;Luis Fonsi
103038;todo vuelve a empezar;Luis Fonsi;Luis Fonsi
102672;Abrazar La Vida;Luis Fonsi;Luis Fonsi
102718;Blooming1 contra Olimpia;Luis Carlos;Blooming
109915;cuando me enamoro;Enrique Iglesias feat Juan Luis Guerra;TOP 5
106005;Cuando me enamoro-;Enrique Iglesias feat Juan Luis Guerra;TOP 5
119853;Directo al corazon;Luis Miguel;Latinas
119842;Enamorados;Luis Miguel;Latinas
119848;Hablame de Luis Miguel  ;Luis Miguel;Latinas
126175;Invisible feat Luis Enrique and DJ Kane;A.B. Quintanilla;Cumbia
119847;Isabel de Luis Miguel;Luis Miguel;Latinas
119852;La chica del bikini azul ;Luis Miguel;Latinas
119859;Los muchachos de hoy ;Luis Miguel;Latinas
109533;luis;Homero;Mi Promo ConTigo
106359;Luis-;Nombre Reggaeton;TU NOMBRE
119851;Me gustas tal como eres ;Luis Miguel;Latinas
119857;No me puedes dejar asi ;Luis Miguel;Latinas
119850;Palabra de Honor ;Luis Miguel;Latinas
119855;Soy como soy ;Luis Miguel;Latinas
104190; Canita Canaveral;Banda Juventud Centralistas de La Paz;Carnaval
104189; El Tio;Banda Juventud Centralistas de La Paz;Carnaval
104195; Mi Fiel Promesa;Banda Juventud Centralistas de La Paz;Carnaval
110495;A donde vamos a parar;Marco Antonio Solis;Latinas
142166;Analista Pol√≠tico;Go Media;Chistes
104193;Ay Rosita;Banda Juventud Centralistas de La Paz;Carnaval
129891;Cerca Como El Habla feat Melissa Romero;Jesus Adrian Romero;Cristianas
102675;donde estara mi primavera;Marco Antonio Solis;Marco Antonio Solis
104074;El Jalisciense Remix;Vicente Fernandez;Vicente Fernandez
102645;El liston de tu pelo;DR;Latinas
130815;El liston de tu pelo;Los Angeles Azules Opratel;Mi Promo ConTigo
142132;Envidia;Culisueltas_MG;Cumbia
118744;Gettin over (feat Chris Willis);David Guetta;David Guetta
103954;Homero riendose de Lisa;Homero;Sonidos
142134;La culisuelta;Culisueltas_MG;Cumbia
102676;la venia bendita;Marco Antonio Solis;Marco Antonio Solis
142136;Latigo;Culisueltas_MG;Cumbia
103682;Listen from the motion picture Dreamgirls;Beyonce;Pop
131632;Listen Like Thieves;INXS;Rock
102677;Mas que tu amigo;Marco Antonio Solis;Marco Antonio Solis
105374;Mas Que Tu Amigo Live Version;Marco Antonio Soliz;Marco Antonio Solis
102678;morenita;Marco Antonio Solis;Marco Antonio Solis
102974;no molestar;Marco Antonio Solis;Marco Antonio Solis
102679;No puedo olvidarla;Marco Antonio Solis;Marco Antonio Solis
102680;O me voy o te vas;Marco Antonio Solis;Marco Antonio Solis
142138;Pienso en ti;Culisueltas_MG;Cumbia
142140;Pienso en ti 2;Culisueltas_MG;Cumbia
142141;Rakataka;Culisueltas_MG;Cumbia
142143;Rakataka2;Culisueltas_MG;Cumbia
104191;Recuerdos;Banda Juventud Centralistas de La Paz;Carnaval
105621;saya centralista;BANDAS;Carnaval
102681;Si te pudiera mentir;Marco Antonio Solis;Marco Antonio Solis
105370;Si Te Pudiera Mentir (Live Version);Marco Antonio Soliz;Marco Antonio Solis
102682;Te Voy A Esperar;Marco Antonio Solis;Marco Antonio Solis
105377;Yo Creia Que Si (Album version);Marco Antonio Soliz;Marco Antonio Solis
105365;†Amor En Silencio (Live Version);Marco Antonio Soliz;Marco Antonio Solis
105366;†Antes De Que Te Vayas (Live Version);Marco Antonio Soliz;Marco Antonio Solis
105367;†Como Tu Mujer (Live Version);Marco Antonio Solis;Marco Antonio Solis
105372;†DÛnde Estar· Mi Primavera 2;Marco Antonio Soliz;Marco Antonio Solis
105382;†Gracias Virgencita;Marco Antonio Soliz;Marco Antonio Solis
105379;†Inventame (Album Version);Marco Antonio Soliz;Marco Antonio Solis
105376;†Morenita (Live Version);Marco Antonio Soliz;Marco Antonio Solis
105378;†No Molestar (Album Version);Marco Antonio Soliz;Marco Antonio Solis
105364;†No Puedo Olvidarla no lo puedo ocultar;Marco Antonio Soliz;Marco Antonio Solis
105371;†O Me Voy O Te Vas (Live Version);Marco Antonio Soliz;Marco Antonio Solis
105368;†Ojal· (Live Version);Marco Antonio Soliz;Marco Antonio Solis
105381;†Orgullo De Metal (Album Version);Marco Antonio Soliz;Marco Antonio Solis
105380;†Sea Pues Por Dios (Album Version);Marco Antonio Soliz;Marco Antonio Solis
105383;†Si Me Vieras Ahora;Marco Antonio Soliz;Marco Antonio Solis
105373;†Si No Te Hubieras Ido (Live Version);Marco Antonio Soliz;Marco Antonio Solis
105363;†Te Voy A Esperar;Marco Antonio Soliz;Marco Antonio Solis
105369;†Tu Carcel (Live Version);Marco Antonio Soliz;Marco Antonio Solis
103464;2zitarosa;Bajo Fondo;Latinas
105610;Al Fondo Hay Sitio;Version Opratel;Super Promo
103368;Borges Y Paraguay;Bajo Fondo;Latinas
103355;Chiquilines;Bajo Fondo;Latinas
141128;Chiste Sin Fondo;Version Solumovil;Chistes
132053;Corazon;Al fondo hay sitio Opratel;Cumbia
103356;cristal;Bajo Fondo;Latinas
103357;grand Guignol;Bajo Fondo;Latinas
132054;Habla Causa;Al fondo hay sitio Opratel;Cumbia
103358;hoy;Bajo Fondo;Latinas
103359;infiltrados;Bajo Fondo;Latinas
132107;La Tere Cumbia;Al fondo hay sitio Opratel;Cumbia
132102;La Tere Cumbia;Al fondo hay sitio Opratel;Cumbia
132105;Mi Error;Al fondo hay sitio Opratel;Cumbia
134034;Mi ninia amada;Al fondo hay sitio Opratel;Cumbia
103360;no pregunto cuantos son;Bajo Fondo;Latinas
135175;Otra Noche;Al fondo hay sitio  
Wed Dec 14 16:22:08 BOT 2011: Busqueda Inteligente: Carlos Galvanna
Wed Dec 14 16:22:20 BOT 2011: Ajax-> Mostrar  Nombre Genero > tono:105069 
Wed Dec 14 16:22:35 BOT 2011: Busqueda Inteligente: resultados >104482
Wed Dec 14 16:23:29 BOT 2011: Ajax-> Mostrar  Imagen Portada> tono:103038 
Wed Dec 14 16:24:59 BOT 2011: Ajax-> Mostrar Megusta> tono:141880 
Wed Dec 14 16:25:59 BOT 2011: Session Start>  Chequeo de sesion
Wed Dec 14 16:26:17 BOT 2011: Ajax->Mostrar Reproducciones:  
Wed Dec 14 16:26:59 BOT 2011: ASYNC -> STATS> Tiempo respuesta 0.005677 seg.
Wed Dec 14 16:28:08 BOT 2011: Asignar backtone escuchado > Asi termino:103713,141879,104465,103712,141880,141881,136632,136633,297,296,276,509,103328,102622,106367,106366,106341,104567,103521,
Wed Dec 14 16:28:11 BOT 2011: Ajax->Mostrar Megusta:  
Wed Dec 14 16:29:05 BOT 2011: Ajax-> Mostrar Comentarios> tono:120 
Wed Dec 14 16:29:15 BOT 2011: Mostrar Megusta> tono: 110373 msisdn: > a otros 4  les gusta 
Wed Dec 14 16:31:21 BOT 2011: Mostrar Ranking: tono:105070 calificacion: 
Wed Dec 14 16:32:12 BOT 2011: Ajax-> Mostrar Comentarios> tono:434 
Wed Dec 14 16:32:51 BOT 2011: Ajax->Mostrar Imagen Portada:  
Wed Dec 14 16:33:48 BOT 2011: Ajax->Mostrar Megusta:  
Wed Dec 14 16:33:54 BOT 2011: Error al consultar precio de renovacion - msisdn: tono:127376 - Async responde -3
Wed Dec 14 16:35:42 BOT 2011: Ajax->Mostrar Nombre Genero:  
Wed Dec 14 16:37:13 BOT 2011: ASYNC -> STATS> Tiempo respuesta 0.006923 seg.
Wed Dec 14 16:37:43 BOT 2011: Ajax->Mostrar Nombre Artista:  
Wed Dec 14 16:38:01 BOT 2011: WEB REPROD BUSQ > Facebook link: http%3A%2F%2Fbacktones.tigo.com.bo%2Fv3%2Findex.php%3Fseccion%3Dplaylist%26genero%3D98%26f%3D1%26t%3D123123
Wed Dec 14 16:41:07 BOT 2011: ASYNC -> STATS> Tiempo respuesta 0.007927 seg.
Wed Dec 14 16:41:16 BOT 2011: Ajax->Mostrar Reproducciones:  
Wed Dec 14 16:41:31 BOT 2011: ASYNC -> STATS> Tiempo respuesta 0.004124 seg.
Wed Dec 14 16:42:16 BOT 2011: Ajax->Mostrar Nombre Genero:  
Wed Dec 14 16:44:59 BOT 2011: Ajax-> Mostrar Ranking > tono:124962 
Wed Dec 14 16:46:02 BOT 2011: ASYNC -> STATS> Tiempo respuesta 0.012109 seg.
Wed Dec 14 16:46:05 BOT 2011: ASYNC -> STATS> Tiempo respuesta -0.00269 seg.
Wed Dec 14 16:46:05 BOT 2011: ASYNC -> STATS> Tiempo respuesta 0.064569 seg.
Wed Dec 14 16:46:41 BOT 2011: MTD_DB_BUSCAR_ARTISTAS > retornando registros:44
Wed Dec 14 16:47:02 BOT 2011: Check Session > msisdn: 75401152 > Usuario Valido 
Wed Dec 14 16:48:26 BOT 2011: Ajax->Mostrar Nombre Genero:  
Wed Dec 14 16:52:30 BOT 2011: ASYNC -> STATS> Tiempo respuesta 0.00511 seg.
Wed Dec 14 16:53:51 BOT 2011: Ajax-> Mostrar Ranking > tono:139967 
Wed Dec 14 16:55:21 BOT 2011: Ajax-> Mostrar Ranking > tono:102728 
Wed Dec 14 16:56:21 BOT 2011: Ajax->Mostrar Megusta:  
Wed Dec 14 16:57:04 BOT 2011: STATS > BUSQUEDA DE BACKTONE >Tiempo: -0.930118 seg. | registros: 114
Wed Dec 14 17:00:07 BOT 2011: Mostrar Album: >albumes/album-default.jpg
Wed Dec 14 17:03:46 BOT 2011: WEB REPROD BUSQ > Facebook link: http%3A%2F%2Fbacktones.tigo.com.bo%2Fv3%2Findex.php%3Fseccion%3Dplaylist%26autor%3D395%26f%3D1%26t%3D1231233
Wed Dec 14 17:04:59 BOT 2011: Ajax-> Mostrar Ranking > tono:116506 
Wed Dec 14 17:05:02 BOT 2011: Ajax-> Mostrar  Nombre Artista > tono:104296 
Wed Dec 14 17:05:02 BOT 2011: Ajax-> Mostrar  Nombre Genero > tono:116506 
Wed Dec 14 17:05:56 BOT 2011: Mostrar Ranking: tono:131814 calificacion: 
Wed Dec 14 17:06:20 BOT 2011: Mostrar Album: >Artista:  <a href='index.php?seccion=playlist&autor=86'>Axel</a>
Wed Dec 14 17:11:42 BOT 2011: Ajax-> Mostrar Megusta> tono:120254 
Wed Dec 14 17:11:45 BOT 2011: Ajax->Mostrar Comentarios:  
Wed Dec 14 17:13:58 BOT 2011: Asignar backtone escuchado > Asi termino:127756,115942,131821,127752,128311,105672,127765,127763,127760,127767,135108,127757,127759,240,103430,132110,102790,102729,104253,125088,
Wed Dec 14 17:18:01 BOT 2011: Ajax-> Mostrar Comentarios> tono:103713 
Wed Dec 14 17:18:37 BOT 2011: ASYNC -> STATS> Tiempo respuesta 0.0022990000000001 seg.
Wed Dec 14 17:20:08 BOT 2011: STATS > BUSQUEDA DE BACKTONE >Tiempo: -0.308801 seg. | registros: 91
Wed Dec 14 17:20:23 BOT 2011: Ajax-> Mostrar  Nombre Genero > tono:107747 
Wed Dec 14 17:20:41 BOT 2011: Ajax-> Mostrar Megusta> tono:460 
Wed Dec 14 17:25:41 BOT 2011: Ajax-> Mostrar Ranking > tono:104330 
Wed Dec 14 17:26:26 BOT 2011: Asignar backtone escuchado > Asi termino:139838,118732,131003,130999,139971,139969,139968,139967,139965,139964,131001,139963,118747,139961,118754,118749,139960,118738,118741,118748,
Wed Dec 14 17:26:41 BOT 2011: Busqueda Inteligente: resultados >135082
Wed Dec 14 17:26:51 BOT 2011: Mostrar Genero: >G&eacute;nero:  <a href='index.php?seccion=playlist&genero=155'>Romanticas</a>
Wed Dec 14 17:26:54 BOT 2011: Ajax-> Mostrar Ranking > tono:103653 
Wed Dec 14 17:27:00 BOT 2011: Ajax-> Mostrar Megusta> tono:132102 
Wed Dec 14 17:27:51 BOT 2011: Check Session > msisdn: 77997278 > Usuario Valido 
Wed Dec 14 17:29:15 BOT 2011: Asignar backtone escuchado > Asi termino:142113,142122,140782,142124,140780,142128,140778,142119,140787,132454,142111,142126,142115,141915,140785,142130,116504,116502,103086,
Wed Dec 14 17:29:48 BOT 2011: Ajax-> Mostrar Comentarios> tono:104242 
Wed Dec 14 17:31:03 BOT 2011: Ajax-> Mostrar  Nombre Genero > tono:141879 
Wed Dec 14 17:31:30 BOT 2011: ASYNC -> STATS> Tiempo respuesta 0.016111 seg.
Wed Dec 14 17:31:39 BOT 2011: ASYNC -> STATS> Tiempo respuesta 0.0091129999999999 seg.
Wed Dec 14 17:33:09 BOT 2011: Ajax->Mostrar Megusta:  
Wed Dec 14 17:35:22 BOT 2011: Ajax-> Mostrar Megusta> tono:105036 
Wed Dec 14 17:35:31 BOT 2011: Asignar backtone escuchado > Asi termino:131728,142179,123527,123534,123533,131035,123542,
Wed Dec 14 17:36:19 BOT 2011: Ajax->Mostrar Comentarios:  
Wed Dec 14 17:36:49 BOT 2011: Ajax->Mostrar Ranking:  
Wed Dec 14 17:37:19 BOT 2011: Asignar backtone escuchado > Asi termino:133736,130802,139727,130806,130804,137283,139968,139967,139846,139844,139838,139956,139958,139963,139965,139960,139964,139961,139971,
Wed Dec 14 17:38:49 BOT 2011: Ajax->Mostrar Ranking:  
Wed Dec 14 17:45:26 BOT 2011: Ajax->Mostrar Ranking:  
Wed Dec 14 17:46:47 BOT 2011: Ajax->Mostrar Ranking:  
Wed Dec 14 17:47:26 BOT 2011: Ajax->Mostrar Reproducciones:  
Wed Dec 14 17:47:35 BOT 2011: Ajax->Mostrar Ranking:  
Wed Dec 14 17:47:41 BOT 2011: Mostrar Album: >Artista:  <a href='index.php?seccion=playlist&autor=733'>Bon Jovi</a>
Wed Dec 14 17:48:51 BOT 2011: ASYNC -> STATS> Tiempo respuesta -0.255414 seg.
Wed Dec 14 17:49:42 BOT 2011: Ajax-> Mostrar Comentarios> tono:115943 
Wed Dec 14 17:51:42 BOT 2011: Retornando el siguiente resultado 
 <div><div id='contenedor-albumes'><div  id="contenedor-busqueda" style="height:35px;">
    <div class="contenedor-enlaces-busqueda"  >
        <a class="enlaces-busqueda" style="color:navy;"href='index.php?seccion=playlist&autor=223' >A Banda Sombra</a>
    </div>
</div>
<div  id="contenedor-busqueda" style="height:35px;">
    <div class="contenedor-enlaces-busqueda"  >
        <a class="enlaces-busqueda" style="color:navy;"href='index.php?seccion=playlist&autor=1273' >A.B. Quintanilla</a>
    </div>
</div>
<div  id="contenedor-busqueda" style="height:35px;">
    <div class="contenedor-enlaces-busqueda"  >
        <a class="enlaces-busqueda" style="color:navy;"href='index.php?seccion=playlist&autor=1349' >Abba Opratel</a>
    </div>
</div>
<div  id="contenedor-busqueda" style="height:35px;">
    <div class="contenedor-enlaces-busqueda"  >
        <a class="enlaces-busqueda" style="color:navy;"href='index.php?seccion=playlist&autor=532' >Abel Zavala</a>
    </div>
</div>
<div  id="contenedor-busqueda" style="height:35px;">
    <div class="contenedor-enlaces-busqueda"  >
        <a class="enlaces-busqueda" style="color:navy;"href='index.php?seccion=playlist&autor=362' >ACDC</a>
    </div>
</div>
<div  id="contenedor-busqueda" style="height:35px;">
    <div class="contenedor-enlaces-busqueda"  >
        <a class="enlaces-busqueda" style="color:navy;"href='index.php?seccion=playlist&autor=1306' >Aerosmith</a>
    </div>
</div>
<div  id="contenedor-busqueda" style="height:35px;">
    <div class="contenedor-enlaces-busqueda"  >
        <a class="enlaces-busqueda" style="color:navy;"href='index.php?seccion=playlist&autor=1392' >Agente 86</a>
    </div>
</div>
<div  id="contenedor-busqueda" style="height:35px;">
    <div class="contenedor-enlaces-busqueda"  >
        <a class="enlaces-busqueda" style="color:navy;"href='index.php?seccion=playlist&autor=137' >Agrupacion marilyn</a>
    </div>
</div>
<div  id="contenedor-busqueda" style="height:35px;">
    <div class="contenedor-enlaces-busqueda"  >
        <a class="enlaces-busqueda" style="color:navy;"href='index.php?seccion=playlist&autor=171' >Agrupacion marylin</a>
    </div>
</div>
<div  id="contenedor-busqueda" style="height:35px;">
    <div class="contenedor-enlaces-busqueda"  >
        <a class="enlaces-busqueda" style="color:navy;"href='index.php?seccion=playlist&autor=452' >Aguirre</a>
    </div>
</div>
<div  id="contenedor-busqueda" style="height:35px;">
    <div class="contenedor-enlaces-busqueda"  >
        <a class="enlaces-busqueda" style="color:navy;"href='index.php?seccion=playlist&autor=784' >Air Supply</a>
    </div>
</div>
<div  id="contenedor-busqueda" style="height:35px;">
    <div class="contenedor-enlaces-busqueda"  >
        <a class="enlaces-busqueda" style="color:navy;"href='index.php?seccion=playlist&autor=745' >Akerman</a>
    </div>
</div>
<div  id="contenedor-busqueda" style="height:35px;">
    <div class="contenedor-enlaces-busqueda"  >
        <a class="enlaces-busqueda" style="color:navy;"href='index.php?seccion=playlist&autor=1125' >Akon</a>
    </div>
</div>
<div  id="contenedor-busqueda" style="height:35px;">
    <div class="contenedor-enlaces-busqueda"  >
        <a class="enlaces-busqueda" style="color:navy;"href='index.php?seccion=playlist&autor=591' >Akwid</a>
    </div>
</div>
<div  id="contenedor-busqueda" style="height:35px;">
    <div class="contenedor-enlaces-busqueda"  >
        <a class="enlaces-busqueda" style="color:navy;"href='index.php?seccion=playlist&autor=1403' >Al fondo hay sitio Opratel</a>
    </div>
</div>
<div  id="contenedor-busqueda" style="height:35px;">
    <div class="contenedor-enlaces-busqueda"  >
        <a class="enlaces-busqueda" style="color:navy;"href='index.php?seccion=playlist&autor=1161' >Alberto Plaza</a>
    </div>
</div>
<div  id="contenedor-busqueda" style="height:35px;">
    <div class="contenedor-enlaces-busqueda"  >
        <a class="enlaces-busqueda" style="color:navy;"href='index.php?seccion=playlist&autor=345' >Alcides Pena</a>
    </div>
</div>
<div  id="contenedor-busqueda" style="height:35px;">
    <div class="contenedor-enlaces-busqueda"  >
        <a class="enlaces-busqueda" style="color:navy;"href='index.php?seccion=playlist&autor=1120' >ALdo Pe√±a</a>
    </div>
</div>
<div  id="contenedor-busqueda" style="height:35px;">
    <div class="contenedor-enlaces-busqueda"  >
        <a class="enlaces-busqueda" style="color:navy;"href='index.php?seccion=playlist&autor=545' >Aldo Penha</a>
    </div>
</div>
<div  id="contenedor-busqueda" style="height:35px;">
    <div class="contenedor-enlaces-busqueda"  >
        <a class="enlaces-busqueda" style="color:navy;"href='index.php?seccion=playlist&autor=550' >Alejandra Guzman</a>
    </div>
</div>
<div  id="contenedor-busqueda" style="height:35px;">
    <div class="contenedor-enlaces-busqueda"  >
        <a class="enlaces-busqueda" style="color:navy;"href='index.php?seccion=playlist&autor=50' >Alejandro Fernandez</a>
    </div>
</div>
<div  id="contenedor-busqueda" style="height:35px;">
    <div class="contenedor-enlaces-busqueda"  >
        <a class="enlaces-busqueda" style="color:navy;"href='index.php?seccion=playlist&autor=1379' >Alejandro Fernandez Opratel..</a>
    </div>
</div>
<div  id="contenedor-busqueda" style="height:35px;">
    <div class="contenedor-enlaces-busqueda"  >
        <a class="enlaces-busqueda" style="color:navy;"href='index.php?seccion=playlist&autor=308' >Alejandro Gomez</a>
    </div>
</div>
<div  id="contenedor-busqueda" style="height:35px;">
    <div class="contenedor-enlaces-busqueda"  >
        <a class="enlaces-busqueda" style="color:navy;"href='index.php?seccion=playlist&autor=757' >Alejandro Sanz feat. Alicia..</a>
    </div>
</div>
<div  id="contenedor-busqueda" style="height:35px;">
    <div class="contenedor-enlaces-busqueda"  >
        <a class="enlaces-busqueda" style="color:navy;"href='index.php?seccion=playlist&autor=421' >Alex Campos</a>
    </div>
</div>
<div  id="contenedor-busqueda" style="height:35px;">
    <div class="contenedor-enlaces-busqueda"  >
        <a class="enlaces-busqueda" style="color:navy;"href='index.php?seccion=playlist&autor=1287' >Alex Campos</a>
    </div>
</div>
<div  id="contenedor-busqueda" style="height:35px;">
    <div class="contenedor-enlaces-busqueda"  >
        <a class="enlaces-busqueda" style="color:navy;"href='index.php?seccion=playlist&autor=427' >Alex metic</a>
    </div>
</div>
<div  id="contenedor-busqueda" style="height:35px;">
    <div class="contenedor-enlaces-busqueda"  >
        <a class="enlaces-busqueda" style="color:navy;"href='index.php?seccion=playlist&autor=523' >Alexandre Pires</a>
    </div>
</div>
<div  id="contenedor-busqueda" style="height:35px;">
    <div class="contenedor-enlaces-busqueda"  >
        <a class="enlaces-busqueda" style="color:navy;"href='index.php?seccion=playlist&autor=1175' >Alexis Fido</a>
    </div>
</div>
<div  id="contenedor-busqueda" style="height:35px;">
    <div class="contenedor-enlaces-busqueda"  >
        <a class="enlaces-busqueda" style="color:navy;"href='index.php?seccion=playlist&autor=1278' >Alianza Nueva</a>
    </div>
</div>
<div  id="contenedor-busqueda" style="height:35px;">
    <div class="contenedor-enlaces-busqueda"  >
        <a class="enlaces-busqueda" style="color:navy;"href='index.php?seccion=playlist&autor=563' >Alicia Keys</a>
    </div>
</div>
<div  id="contenedor-busqueda" style="height:35px;">
    <div class="contenedor-enlaces-busqueda"  >
        <a class="enlaces-busqueda" style="color:navy;"href='index.php?seccion=playlist&autor=333' >Alicia villareal</a>
    </div>
</div>
<div  id="contenedor-busqueda" style="height:35px;">
    <div class="contenedor-enlaces-busqueda"  >
        <a class="enlaces-busqueda" style="color:navy;"href='index.php?seccion=playlist&autor=103' >Alien ant Farm</a>
    </div>
</div>
<div  id="contenedor-busqueda" style="height:35px;">
    <div class="contenedor-enlaces-busqueda"  >
        <a class="enlaces-busqueda" style="color:navy;"href='index.php?seccion=playlist&autor=354' >Alma Fuerte</a>
    </div>
</div>
<div  id="contenedor-busqueda" style="height:35px;">
    <div class="contenedor-enlaces-busqueda"  >
        <a class="enlaces-busqueda" style="color:navy;"href='index.php?seccion=playlist&autor=138' >Altos cumbieros</a>
    </div>
</div>
<div  id="contenedor-busqueda" style="height:35px;">
    <div class="contenedor-enlaces-busqueda"  >
        <a class="enlaces-busqueda" style="color:navy;"href='index.php?seccion=playlist&autor=652' >Amaia Montero</a>
    </div>
</div>
</div><!-- CONTENEDOR !-->
                                </div><!-- ITEMS !-->
                                <div><!-- ITEMS 37 !-->
                                <div id='contenedor-albumes'><div  id="contenedor-busqueda" style="height:35px;">
    <div class="contenedor-enlaces-busqueda"  >
        <a class="enlaces-busqueda" style="color:navy;"href='index.php?seccion=playlist&autor=363' >Amandititita</a>
    </div>
</div>
<div  id="contenedor-busqueda" style="height:35px;">
    <div class="contenedor-enlaces-busqueda"  >
        <a class="enlaces-busqueda" style="color:navy;"href='index.php?seccion=playlist&autor=229' >Amaral</a>
    </div>
</div>
<div  id="contenedor-busqueda" style="height:35px;">
    <div class="contenedor-enlaces-busqueda"  >
        <a class="enlaces-busqueda" style="color:navy;"href='index.php?seccion=playlist&autor=428' >AmeDixon</a>
    </div>
</div>
<div  id="contenedor-busqueda" style="height:35px;">
    <div class="contenedor-enlaces-busqueda"  >
        <a class="enlaces-busqueda" style="color:navy;"href='index.php?seccion=playlist&autor=1438' >Americo</a>
    </div>
</div>
<div  id="contenedor-busqueda" style="height:35px;">
    <div class="contenedor-enlaces-busqueda"  >
        <a class="enlaces-busqueda" style="color:navy;"href='index.php?seccion=playlist&autor=605' >Amistad</a>
    </div>
</div>
<div  id="contenedor-busqueda" style="height:35px;">
    <div class="contenedor-enlaces-busqueda"  >
        <a class="enlaces-busqueda" style="color:navy;"href='index.php?seccion=playlist&autor=283' >Amy Winehouse</a>
    </div>
</div>
<div  id="contenedor-busqueda" style="height:35px;">
    <div class="contenedor-enlaces-busqueda"  >
        <a class="enlaces-busqueda" style="color:navy;"href='index.php?seccion=playlist&autor=551' >Ana Gabriel</a>
    </div>
</div>
<div  id="contenedor-busqueda" style="height:35px;">
    <div class="contenedor-enlaces-busqueda"  >
        <a class="enlaces-busqueda" style="color:navy;"href='index.php?seccion=playlist&autor=299' >Anderson Gonzaga</a>
    </div>
</div>
<div  id="contenedor-busqueda" style="height:35px;">
    <div class="contenedor-enlaces-busqueda"  >
        <a class="enlaces-busqueda" style="color:navy;"href='index.php?seccion=playlist&autor=766' >Andres Barba</a>
    </div>
</div>
<div  id="contenedor-busqueda" style="height:35px;">
    <div class="contenedor-enlaces-busqueda"  >
        <a class="enlaces-busqueda" style="color:navy;"href='index.php?seccion=playlist&autor=1324' >Andres Cepeda Opratel</a>
    </div>
</div>
<div  id="contenedor-busqueda" style="height:35px;">
    <div class="contenedor-enlaces-busqueda"  >
        <a class="enlaces-busqueda" style="color:navy;"href='index.php?seccion=playlist&autor=743' >Andy Aguilera</a>
    </div>
</div>
<div  id="contenedor-busqueda" style="height:35px;">
    <div class="contenedor-enlaces-busqueda"  >
        <a class="enlaces-busqueda" style="color:navy;"href='index.php?seccion=playlist&autor=56' >Andy boy vitico</a>
    </div>
</div>
<div  id="contenedor-busqueda" style="height:35px;">
    <div class="contenedor-enlaces-busqueda"  >
        <a class="enlaces-busqueda" style="color:navy;"href='index.php?seccion=playlist&autor=47' >Angel y Khriz</a>
    </div>
</div>
<div  id="contenedor-busqueda" style="height:35px;">
    <div class="contenedor-enlaces-busqueda"  >
        <a class="enlaces-busqueda" style="color:navy;"href='index.php?seccion=playlist&autor=1141' >Angela</a>
    </div>
</div>
<div  id="contenedor-busqueda" style="height:35px;">
    <div class="contenedor-enlaces-busqueda"  >
        <a class="enlaces-busqueda" style="color:navy;"href='index.php?seccion=playlist&autor=667' >Animal de Ciudad</a>
    </div>
</div>
<div  id="contenedor-busqueda" style="height:35px;">
    <div class="contenedor-enlaces-busqueda"  >
        <a class="enlaces-busqueda" style="color:navy;"href='index.php?seccion=playlist&autor=736' >Anio cero</a>
    </div>
</div>
<div  id="contenedor-busqueda" style="height:35px;">
    <div class="contenedor-enlaces-busqueda"  >
        <a class="enlaces-busqueda" style="color:navy;"href='index.php?seccion=playlist&autor=278' >Anonimo</a>
    </div>
</div>
<div  id="contenedor-busqueda" style="height:35px;">
    <div class="contenedor-enlaces-busqueda"  >
        <a class="enlaces-busqueda" style="color:navy;"href='index.php?seccion=playlist&autor=256' >Antologia</a>
    </div>
</div>
<div  id="contenedor-busqueda" style="height:35px;">
    <div class="contenedor-enlaces-busqueda"  >
        <a class="enlaces-busqueda" style="color:navy;"href='index.php?seccion=playlist&autor=1440' >Antonio Carmona</a>
    </div>
</div>
<div  id="contenedor-busqueda" style="height:35px;">
    <div class="contenedor-enlaces-busqueda"  >
        <a class="enlaces-busqueda" style="color:navy;"href='index.php?seccion=playlist&autor=274' >Antony</a>
    </div>
</div>
<div  id="contenedor-busqueda" style="height:35px;">
    <div class="contenedor-enlaces-busqueda"  >
        <a class="enlaces-busqueda" style="color:navy;"href='index.php?seccion=playlist&autor=583' >arbol</a>
    </div>
</div>
<div  id="contenedor-busqueda" style="height:35px;">
    <div class="contenedor-enlaces-busqueda"  >
        <a class="enlaces-busqueda" style="color:navy;"href='index.php?seccion=playlist&autor=80' >Ashlee Simpson</a>
    </div>
</div>
<div  id="contenedor-busqueda" style="height:35px;">
    <div class="contenedor-enlaces-busqueda"  >
        <a class="enlaces-busqueda" style="color:navy;"href='index.php?seccion=playlist&autor=538' >Aspirante</a>
    </div>
</div>
<div  id="contenedor-busqueda" style="height:35px;">
    <div class="contenedor-enlaces-busqueda"  >
        <a class="enlaces-busqueda" style="color:navy;"href='index.php?seccion=playlist&autor=601' >astroboy</a>
    </div>
</div>
<div  id="contenedor-busqueda" style="height:35px;">
    <div class="contenedor-enlaces-busqueda"  >
        <a class="enlaces-busqueda" style="color:navy;"href='index.php?seccion=playlist&autor=343' >Asuncion Blues</a>
    </div>
</div>
<div  id="contenedor-busqueda" style="height:35px;">
    <div class="contenedor-enlaces-busqueda"  >
        <a class="enlaces-busqueda" style="color:navy;"href='index.php?seccion=playlist&autor=128' >Ataque77</a>
    </div>
</div>
<div  id="contenedor-busqueda" style="height:35px;">
    <div class="contenedor-enlaces-busqueda"  >
        <a class="enlaces-busqueda" style="color:navy;"href='index.php?seccion=playlist&autor=429' >ATFC</a>
    </div>
</div>
<div  id="contenedor-busqueda" style="height:35px;">
    <div class="contenedor-enlaces-busqueda"  >
        <a class="enlaces-busqueda" style="color:navy;"href='index.php?seccion=playlist&autor=1' >Audio Bullys</a>
    </div>
</div>
<div  id="contenedor-busqueda" style="height:35px;">
    <div class="contenedor-enlaces-busqueda"  >
        <a class="enlaces-busqueda" style="color:navy;"href='index.php?seccion=playlist&autor=320' >Autenticos decadentes</a>
    </div>
</div>
<div  id="contenedor-busqueda" style="height:35px;">
    <div class="contenedor-enlaces-busqueda"  >
        <a class="enlaces-busqueda" style="color:navy;"href='index.php?seccion=playlist&autor=184' >Autonomia</a>
    </div>
</div>
<div  id="contenedor-busqueda" style="height:35px;">
    <div class="contenedor-enlaces-busqueda"  >
        <a class="enlaces-busqueda" style="color:navy;"href='index.php?seccion=playlist&autor=1490' >AVE</a>
    </div>
</div>
<div  id="contenedor-busqueda" style="height:35px;">
    <div class="contenedor-enlaces-busqueda"  >
        <a class="enlaces-busqueda" style="color:navy;"href='index.php?seccion=playlist&autor=1488' >AVE</a>
    </div>
</div>
<div  id="contenedor-busqueda" style="height:35px;">
    <div class="contenedor-enlaces-busqueda"  >
        <a class="enlaces-busqueda" style="color:navy;"href='index.php?seccion=playlist&autor=141' >Aventura</a>
    </div>
</div>
<div  id="contenedor-busqueda" style="height:35px;">
    <div class="contenedor-enlaces-busqueda"  >
        <a class="enlaces-busqueda" style="color:navy;"href='index.php?seccion=playlist&autor=76' >Avril Lavigne</a>
    </div>
</div>
<div  id="contenedor-busqueda" style="height:35px;">
    <div class="contenedor-enlaces-busqueda"  >
        <a class="enlaces-busqueda" style="color:navy;"href='index.php?seccion=playlist&autor=86' >Axel</a>
    </div>
</div>
<div  id="contenedor-busqueda" style="height:35px;">
    <div class="contenedor-enlaces-busqueda"  >
        <a class="enlaces-busqueda" style="color:navy;"href='index.php?seccion=playlist&autor=107' >Axwell</a>
    </div>
</div>
</div><!-- CONTENEDOR !-->
                                </div><!-- ITEMS !-->
                                <div><!-- ITEMS 73 !-->
                                <div id='contenedor-albumes'><div  id="contenedor-busqueda" style="height:35px;">
    <div class="contenedor-enlaces-busqueda"  >
        <a class="enlaces-busqueda" style="color:navy;"href='index.php?seccion=playlist&autor=161' >Azul azul</a>
    </div>
</div>
</div></div>
Wed Dec 14 17:52:48 BOT 2011: ASYNC -> STATS> Tiempo respuesta 0.20817 seg.
Wed Dec 14 17:52:48 BOT 2011: Ajax->Mostrar Nombre Genero:  
Wed Dec 14 17:53:03 BOT 2011: Ajax->Mostrar Nombre Artista:  
Wed Dec 14 17:53:30 BOT 2011: Ajax->Mostrar Nombre Artista:  
Wed Dec 14 17:55:25 BOT 2011: Ajax->Mostrar Comentarios:  
Wed Dec 14 17:55:55 BOT 2011: Mostrar Cantidad reproducciones: tono:103790 cantidad: 0
Wed Dec 14 17:56:34 BOT 2011: Ajax->Mostrar Imagen Portada:  
Wed Dec 14 17:57:58 BOT 2011: Ajax-> Mostrar  Imagen Portada> tono:141116 
Wed Dec 14 17:58:16 BOT 2011: Ajax-> Mostrar Comentarios> tono:105564 
Wed Dec 14 18:03:41 BOT 2011: Mostrar Album: >albumes/disco-dancing-sil.jpg
Wed Dec 14 18:06:26 BOT 2011: Ajax-> Mostrar  Nombre Artista > tono:131643 
Wed Dec 14 18:07:32 BOT 2011: Asignar backtone escuchado > Asi termino:104405,105257,103776,103939,118724,163,103991,103466,103469,103790,102630,136231,125516,62,105342,126470,126857,127904,136258,124025,
Wed Dec 14 18:10:24 BOT 2011: ASYNC -> STATS> Tiempo respuesta 0.003673 seg.
Wed Dec 14 18:10:27 BOT 2011: Ajax->Mostrar Megusta:  
Wed Dec 14 18:10:42 BOT 2011: Ajax->Mostrar Imagen Portada:  
Wed Dec 14 18:12:52 BOT 2011: Ajax->Mostrar Ranking:  
Wed Dec 14 18:12:55 BOT 2011: Ajax->Mostrar Megusta:  
Wed Dec 14 18:13:15 BOT 2011: Ajax->Mostrar Comentarios:  
Wed Dec 14 18:13:54 BOT 2011: Ajax-> Mostrar Ranking > tono:104577 
Wed Dec 14 18:16:00 BOT 2011: ASYNC -> STATS> Tiempo respuesta 0.001325 seg.
Wed Dec 14 18:17:45 BOT 2011: Ajax->Mostrar Nombre Genero:  
Wed Dec 14 18:18:15 BOT 2011: ASYNC -> STATS> Tiempo respuesta 0.829069 seg.
Wed Dec 14 18:19:00 BOT 2011: Ajax-> Mostrar  Nombre Artista > tono:135689 
Wed Dec 14 18:20:22 BOT 2011: Ajax->Mostrar Reproducciones:  
Wed Dec 14 18:20:40 BOT 2011: Mostrar Genero: >G&eacute;nero:  <a href='index.php?seccion=playlist&genero=175'>CHINO Y NACHO</a>
Wed Dec 14 18:23:34 BOT 2011: Ajax->Mostrar Imagen Portada:  
Wed Dec 14 18:24:13 BOT 2011: Ajax->Mostrar Megusta:  
Wed Dec 14 18:25:22 BOT 2011: Mostrar Genero: >G&eacute;nero:  <a href='index.php?seccion=playlist&genero=145'>Rock</a>
Wed Dec 14 18:27:23 BOT 2011: WEB_REPRODUCIR_BUSQUEDA > Se recibieron:19 tonos
Wed Dec 14 18:30:50 BOT 2011: Ajax-> Mostrar  Imagen Portada> tono:53 
Wed Dec 14 18:31:08 BOT 2011: ASYNC -> STATS> Tiempo respuesta 0.003894 seg.
Wed Dec 14 18:31:14 BOT 2011: Ajax->Mostrar Imagen Portada:  
Wed Dec 14 18:31:14 BOT 2011: Ajax-> Mostrar Ranking > tono:129203 
Wed Dec 14 18:31:14 BOT 2011: Session Start>  Chequeo de sesion
Wed Dec 14 18:31:23 BOT 2011: Ajax-> Mostrar Megusta> tono:135958 
Wed Dec 14 18:31:59 BOT 2011: ASYNC -> STATS> Tiempo respuesta 0.366416 seg.
Wed Dec 14 18:32:35 BOT 2011: ASYNC -> STATS> Tiempo respuesta 0.791008 seg.
Wed Dec 14 18:35:33 BOT 2011: Ajax->Mostrar Ranking:  
Wed Dec 14 18:35:48 BOT 2011: ASYNC -> STATS> Tiempo respuesta -0.028414 seg.
Wed Dec 14 18:36:57 BOT 2011: Check Session > msisdn: 78887721 > Usuario Valido 
Wed Dec 14 18:37:06 BOT 2011: Consulta de precio de reason:10 - msisdn: tono:112705 Async responde:350
 
Wed Dec 14 18:37:06 BOT 2011: ASYNC -> STATS> Tiempo respuesta 0.065139 seg.
Wed Dec 14 18:37:33 BOT 2011: Ajax-> Mostrar  Nombre Artista > tono:103719 
Wed Dec 14 18:37:39 BOT 2011: Mostrar Album: >Artista:  <a href='index.php?seccion=playlist&autor=405'>Metallica</a>
Wed Dec 14 18:37:45 BOT 2011: Ajax-> Mostrar  Nombre Artista > tono:126169 
Wed Dec 14 18:41:07 BOT 2011: Ajax-> Mostrar Ranking > tono:102634 
Wed Dec 14 18:41:49 BOT 2011: Ajax->Mostrar Megusta:  
Wed Dec 14 18:42:52 BOT 2011: Ajax->Mostrar Imagen Portada:  
Wed Dec 14 18:43:07 BOT 2011: Ajax->Mostrar Comentarios:  
Wed Dec 14 18:43:37 BOT 2011: Mostrar Album: >albumes/NemetecBanner.jpg
Wed Dec 14 18:43:55 BOT 2011: Asignar backtone escuchado > Asi termino:141109,104522,257,
Wed Dec 14 18:45:31 BOT 2011: Ajax->Mostrar Imagen Portada:  
Wed Dec 14 18:48:17 BOT 2011: Busqueda Inteligente: 
Wed Dec 14 18:51:59 BOT 2011: Ajax->Mostrar Comentarios:  
Wed Dec 14 18:52:20 BOT 2011: Ajax->Mostrar Nombre Artista:  
Wed Dec 14 18:55:54 BOT 2011: ASYNC -> STATS> Tiempo respuesta 0.005395 seg.
Wed Dec 14 18:59:00 BOT 2011: Ajax-> Mostrar Ranking > tono:131842 
Wed Dec 14 19:00:58 BOT 2011: ASYNC -> STATS> Tiempo respuesta -0.393734 seg.
Wed Dec 14 19:01:10 BOT 2011: ASYNC -> STATS> Tiempo respuesta -0.629032 seg.
Wed Dec 14 19:03:22 BOT 2011: ASYNC -> STATS> Tiempo respuesta 0.00479 seg.
Wed Dec 14 19:07:23 BOT 2011: Asignar backtone escuchado > Asi termino:102776,126144,105417,103155,103085,102962,105618,105236,103697,105360,135689,135227,103930,103852,103454,210,241,102929,103240,135223,
Wed Dec 14 19:09:08 BOT 2011: Ajax-> Mostrar Megusta> tono:130988 
Wed Dec 14 19:09:08 BOT 2011: Mostrar Genero: >G&eacute;nero:  <a href='index.php?seccion=playlist&genero=149'>Nacionales</a>
Wed Dec 14 19:12:38 BOT 2011: Ajax-> Mostrar Megusta> tono:131613 
Wed Dec 14 19:16:27 BOT 2011: Ajax->Mostrar Ranking:  
Wed Dec 14 19:16:48 BOT 2011: Busqueda Inteligente: VILMA PALMA E VAMPIROS
Wed Dec 14 19:17:03 BOT 2011: Ajax->Mostrar Ranking:  
Wed Dec 14 19:17:09 BOT 2011: Ajax-> Mostrar Ranking > tono:112466 
Wed Dec 14 19:17:12 BOT 2011: Ajax->Mostrar Megusta:  
Wed Dec 14 19:17:54 BOT 2011: Ajax-> Mostrar  Nombre Genero > tono:133440 
Wed Dec 14 19:19:30 BOT 2011: Asignar backtone escuchado > Asi termino:105275,
Wed Dec 14 19:22:46 BOT 2011: Ajax-> Mostrar  Nombre Genero > tono:140843 
Wed Dec 14 19:25:04 BOT 2011: Ajax-> Mostrar Megusta> tono:103054 
Wed Dec 14 19:25:07 BOT 2011: Ajax-> Mostrar Megusta> tono:135057 
Wed Dec 14 19:27:08 BOT 2011: Ajax->Mostrar Megusta:  
Wed Dec 14 19:30:05 BOT 2011: ASYNC -> STATS> Tiempo respuesta 0.407314 seg.
Wed Dec 14 19:30:08 BOT 2011: Ajax->Mostrar Ranking:  
Wed Dec 14 19:33:12 BOT 2011: Ajax->Mostrar Nombre Artista:  
Wed Dec 14 19:38:43 BOT 2011: Ajax->Mostrar Imagen Portada:  
Wed Dec 14 19:40:25 BOT 2011: Mostrar Ranking: tono:102876 calificacion: 5
Wed Dec 14 19:41:04 BOT 2011: Ajax-> Mostrar Ranking > tono:602 
Wed Dec 14 19:41:52 BOT 2011: ASYNC -> STATS> Tiempo respuesta -0.181801 seg.
Wed Dec 14 19:47:26 BOT 2011: Ajax->Mostrar Ranking:  
Wed Dec 14 19:50:20 BOT 2011: WEB REPROD BUSQ > Facebook link: http%3A%2F%2Fbacktones.tigo.com.bo%2Fv3%2Findex.php%3Fseccion%3Dplaylist%26genero%3D136%26f%3D1%26t%3D123123
Wed Dec 14 20:03:32 BOT 2011: Ajax->Mostrar Ranking:  
Wed Dec 14 20:10:34 BOT 2011: Mostrar Album: >albumes/ChivoHans.jpg
Wed Dec 14 20:20:11 BOT 2011: Ajax->Mostrar Imagen Portada:  
Wed Dec 14 20:25:57 BOT 2011: ASYNC -> STATS> Tiempo respuesta 0.0059170000000001 seg.
Wed Dec 14 20:33:01 BOT 2011: Ajax->Mostrar Ranking:  
Wed Dec 14 20:33:16 BOT 2011: ASYNC -> STATS> Tiempo respuesta 0.0074609999999999 seg.
Wed Dec 14 20:37:05 BOT 2011: Ajax-> Mostrar  Nombre Artista > tono:125088 
Wed Dec 14 20:42:03 BOT 2011: Ajax->Mostrar Imagen Portada:  
Wed Dec 14 20:48:37 BOT 2011: ASYNC -> STATS> Tiempo respuesta -0.995342 seg.
Wed Dec 14 20:52:07 BOT 2011: ASYNC -> STATS> Tiempo respuesta -0.200749 seg.
Wed Dec 14 20:52:58 BOT 2011: Ajax->Mostrar Nombre Artista:  
Wed Dec 14 20:53:55 BOT 2011: Ajax-> Mostrar  Nombre Artista > tono:104737 
Wed Dec 14 20:55:16 BOT 2011: Ajax-> Mostrar Comentarios> tono:128602 
Wed Dec 14 20:56:47 BOT 2011: Busqueda Inteligente: Resultado 
 104190; Canita Canaveral;Banda Juventud Centralistas de La Paz;Carnaval
104177; Chirapas;La Banda de Perucho;Carnaval
105096; Como pude amarla;Covertone;Latinas
104507; Dormite Tranquilo;Claudio Taddei;Sonidos
104189; El Tio;Banda Juventud Centralistas de La Paz;Carnaval
104178; En Las Playas Del Beni;La Banda de Perucho;Carnaval
105282; Escaleras De Arena;Paulina Rubio;Latinas
127558; GRABACION DEFECTUOSA	  NO SE ENTIENDE O NO SE ESCUCHA CLARO;KARAOKE;KARAOKE
104195; Mi Fiel Promesa;Banda Juventud Centralistas de La Paz;Carnaval
105534; Sexo Seguro; Yandel-Franco "El Gorilla";Latinas
104175; Tahichi Aguilera;La Banda de Perucho;Carnaval
104447;-ATENDE SUPERESTRELLA;Version Opratel;Sonidos
103284;-Contigo;Sin Bandera;Latinas
103453;-Eres Todopoderoso Gri Voc Remix;Rojo;Latinas
276;15 dias;La banda de lechuga;Cumbia
103479;2EntraEnMiVidaAlbumVersion;Sin Bandera;Latinas
103470;2RosasAlbumVersion;la oreja de van gogh;Latinas
103821;A decir que si;Version Opratel;Latinas
110495;A donde vamos a parar;Marco Antonio Solis;Latinas
129924;A Ella Le Gusta El Dembow Feat Zion;RKM & Ken y;Reggaeton
103991;A Manos Llenas;Alejandro Fernandez;Latinas
103142;a primera vista;Sin Bandera;Latinas
131645;A Punto De Cazar Feat Cosculluela;Tony Dize;Reggaeton
102546;A santa cruz de la sierra;Aldo Penha;BICENTENARIO
103822;A ver si pueden;Version Opratel;Latinas
136258;ABC Salaam Remi Krunk A Delic Party Mix;Jackson 5;Pop
104024;Abrazame_;Alejandro Fernandez;Latinas
129261;Acerca De La Muerte;Gustavo Cordera;Latinas
138518;Adelante Bolivia;OXIGENO;Futbol
105302;Adios; Yandel-Franco "El Gorilla";Latinas
103823;Agarrense de las manos;Version Opratel;Latinas
131635;Aguita de Remanso Verde Feat Abdon R;Yalo cuellar;Folklore
103187;al filo de la irrealidad;Bustamente;Pop
105652;Al ritmo de la musica;Andy Aguilera;Latinas
112702;alejate de mi;Camila;Romanticas
107747;Alex A donde estas llamando-MTV ISA TKM;MTV;MTV
107749;Alex Atiende tu celular-MTV ISA TKM;MTV;MTV
107751;Alex Las palabras de tu corazon-MTV ISA TKM;MTV;MTV
105242;Algo de ti;Paulina Rubio;Latinas
129931;Almas Armadas;Gustavo Cordera;Latinas
104661;almas gemelas;El Trono de Mexico;Rancheras
307;Almohada de piedra;Covertone;Latinas
211;Amantes de ocacion;Christian Castro;Latinas
104657;Movimiento reptil;De La Ghetto;Reggaeton
139516; AVV_26DEOCT2011_17_CANCION;KARAOKE;KARAOKE
104180; Desde Santa Cruz;Pan de Arroz;Carnaval
104522; Donde esta el telefono;Wazzup;Sonidos
103521; Gol de Vieira Blooming 2 a Oriente 3;Vieira;FANATIGO
103939; Jingle Bells;Moderatto;Navidad
108760; LCM_26DEJUNIO_3_SALUDOS;KARAOKE;KARAOKE
104533; No Desesperes;Wazzup;Sonidos
103940; Noche De Paz;Moderatto;Navidad
102622; Permitame;Wisin y Yandel;Reggaeton
104179; Voy Por Un Besito;Pan de Arroz;Carnaval
107763;-Cata sabe de tu conversacion-MTV ISA TKM;MTV;MTV
103451;-Poderoso Dios;Marcos Witt;Cristianas
124341;0LVF_02DEMAR2011_1_CANCION;KARAOKE;KARAOKE
103790;24DeDiciembre;Juan Gabriel;Rancheras
103469;2Donde Estan Corazon2;Enrique Iglesias;Enrique Inglesias
103533;30 de febrero;Chichicuilote;Sonidos
102646;5 de septiembre;Banda reggaeton;Reggaeton
104183;A Cotoca;Pan de Arroz;Carnaval
126476;A Destiempo;Luciano Pereyra;Pop
104206;A Quien Vas A Amar Mas Que A mi;Vicente Fernandez;Rancheras
141266;A Tout Le Monde;Magedeth;Pop
106399;AAK_10dejunio_2_canciones;KARAOKE;KARAOKE
106421;AAK_10dejunio_3_saludo;KARAOKE;KARAOKE
110392;AAK_12deagosto_3_canciones;KARAOKE;KARAOKE
104171; A la Bim Bom Bam_;Banda Poopo;Carnaval
102610; Back To Black;Amy Winehouse;Pop
104510; Chiquillada V2;Jardin Unicornio;Sonidos
104172; La Brujita;Banda Poopo;Carnaval
104528; La Fotografia;Wazzup;Sonidos
104305; La peguita;Aldo Penha;Carnaval
105533; Me gustas mucho;Toing;Latinas
106298;-Entrega la flor-;Version Solumovil;Latinas
106286;-Just dance;Cover Lady GaGa;Pop
106288;-Love game-;Cover Lady GaGa;Pop
106289;-Paparazzi-;Cover Lady GaGa;Pop
106299;-Para pa pa pa-;Version Solumovil;Latinas
104383;-PEDIA TEMAS EN LA RADIO;Toing;Latinas
106290;-Poker Face;Cover Lady GaGa;Pop
107788;-Rey El Galan mas Galan-MTV ISA TKM;MTV;MTV
106294;-Speechless-;Cover Lady GaGa;Pop
106295;-The fame-;Cover Lady GaGa;Pop
105746;-You know me;Version Opratel;Latinas
138552;10000 Batallas Acustica;Santiago Cruz;Latinas
109409;1230;Emanuel;Latinas
103793;18 KILATES;18 kilates;Cumbia
103475;2El arbolito;nectar 
Wed Dec 14 20:56:53 BOT 2011: ASYNC -> STATS> Tiempo respuesta -0.620914 seg.
Wed Dec 14 20:56:53 BOT 2011: Ajax->Mostrar Comentarios:  
Wed Dec 14 20:56:56 BOT 2011: Ajax-> Mostrar  Nombre Genero > tono:103466 
Wed Dec 14 21:01:08 BOT 2011: Mostrar Ranking: tono:102955 calificacion: 
Wed Dec 14 21:01:26 BOT 2011: WEB_REPRODUCIR_BUSQUEDA > Se recibieron:25 tonos
Wed Dec 14 21:02:26 BOT 2011: ASYNC -> STATS> Tiempo respuesta 0.011213 seg.
Wed Dec 14 21:05:42 BOT 2011: ASYNC -> STATS> Tiempo respuesta 0.008201 seg.
Wed Dec 14 21:09:24 BOT 2011: Ajax-> Mostrar Megusta> tono:104998 
Wed Dec 14 21:09:57 BOT 2011: Ajax->Mostrar Reproducciones:  
Wed Dec 14 21:14:10 BOT 2011: Ajax-> Mostrar Ranking > tono:109648 
Wed Dec 14 21:16:04 BOT 2011: Ajax->Mostrar Nombre Genero:  
Wed Dec 14 21:19:53 BOT 2011: Mostrar Cantidad reproducciones: tono:135108 cantidad: 0
Wed Dec 14 21:33:28 BOT 2011: Ajax->Mostrar Ranking:  
Wed Dec 14 21:34:46 BOT 2011: Ajax->Mostrar Megusta:  
Wed Dec 14 21:39:38 BOT 2011: Session Start>  Chequeo de sesion
Wed Dec 14 21:40:17 BOT 2011: Busqueda Inteligente: resultados >122648
Wed Dec 14 21:40:43 BOT 2011: Ajax-> Mostrar Megusta> tono:131837 
Wed Dec 14 21:46:22 BOT 2011: Ajax->Mostrar Ranking:  
Wed Dec 14 21:46:55 BOT 2011: Asignar backtone escuchado > Asi termino:122287,
Wed Dec 14 21:51:26 BOT 2011: Ajax->Mostrar Imagen Portada:  
Wed Dec 14 21:56:12 BOT 2011: Mostrar Genero: >G&eacute;nero:  <a href='index.php?seccion=playlist&genero=143'>Latinas</a>
Wed Dec 14 22:02:10 BOT 2011: Busqueda Inteligente: resultados >138475
Wed Dec 14 22:03:03 BOT 2011: Ajax-> Mostrar Ranking > tono:103238 
Wed Dec 14 22:04:10 BOT 2011: Ajax-> Mostrar Ranking > tono:131812 
Wed Dec 14 22:04:19 BOT 2011: Ajax-> Mostrar  Imagen Portada> tono:131812 
Wed Dec 14 22:04:55 BOT 2011: Ajax-> Mostrar  Nombre Genero > tono:105546 
Wed Dec 14 22:07:32 BOT 2011: Busqueda Inteligente: resultados >134167
Wed Dec 14 22:09:20 BOT 2011: Mostrar Cantidad reproducciones: tono:135690 cantidad: 0
Wed Dec 14 22:09:37 BOT 2011: Ajax-> Mostrar  Imagen Portada> tono:103274 
Wed Dec 14 22:18:36 BOT 2011: Ajax->Mostrar Ranking:  
Wed Dec 14 22:19:54 BOT 2011: Ajax-> Mostrar Ranking > tono:139960 
Wed Dec 14 22:20:28 BOT 2011: ASYNC -> STATS> Tiempo respuesta -0.020149 seg.
Wed Dec 14 22:27:11 BOT 2011: Ajax->Mostrar Comentarios:  
Wed Dec 14 22:30:45 BOT 2011: ASYNC -> STATS> Tiempo respuesta 0.0023960000000001 seg.
Wed Dec 14 22:37:44 BOT 2011: Busqueda Inteligente: resultados >134
Wed Dec 14 22:38:35 BOT 2011: Ajax-> Mostrar  Genero > G&eacute;nero:  <a href='index.php?seccion=playlist&genero=102'>Chistes</a>
Wed Dec 14 22:42:03 BOT 2011: Ajax-> Mostrar  Genero > G&eacute;nero:  <a href='index.php?seccion=playlist&genero=143'>Latinas</a>
Wed Dec 14 22:47:13 BOT 2011: ASYNC -> STATS> Tiempo respuesta 0.006701 seg.
Wed Dec 14 22:47:19 BOT 2011: ASYNC -> STATS> Tiempo respuesta 0.005937 seg.
Wed Dec 14 22:47:28 BOT 2011: ASYNC -> STATS> Tiempo respuesta 0.012562 seg.
Wed Dec 14 22:48:58 BOT 2011: Ajax->Mostrar Reproducciones:  
Wed Dec 14 22:50:59 BOT 2011: Ajax-> Mostrar Megusta> tono:134032 
Wed Dec 14 22:58:10 BOT 2011: Ajax->Mostrar Ranking:  
Wed Dec 14 22:58:16 BOT 2011: Consulta de precio de reason:3 - msisdn:76327505 tono:128418 Async responde:350
 
Wed Dec 14 22:58:16 BOT 2011: ASYNC -> STATS> Tiempo respuesta -0.30958 seg.
Wed Dec 14 23:00:38 BOT 2011: Check Session > msisdn: 78703563 > Usuario Valido 
Wed Dec 14 23:09:04 BOT 2011: ASYNC -> STATS> Tiempo respuesta 0.002871 seg.
Wed Dec 14 23:16:42 BOT 2011: Ajax-> Mostrar Comentarios> tono:103563 
Wed Dec 14 23:17:54 BOT 2011: Asignar backtone escuchado > Asi termino:107763,123541,123527,131035,131036,137086,
Wed Dec 14 23:21:34 BOT 2011: Ajax-> Mostrar  Imagen Portada> Album:albumes/album-default.jpg
Wed Dec 14 23:23:58 BOT 2011: ASYNC -> STATS> Tiempo respuesta 0.0060709999999999 seg.
Wed Dec 14 23:28:08 BOT 2011: ASYNC -> STATS> Tiempo respuesta 0.00742 seg.
Wed Dec 14 23:29:20 BOT 2011: WEB_REPRODUCIR_BUSQUEDA > Se recibieron:105 tonos
Wed Dec 14 23:30:05 BOT 2011: Ajax->Mostrar Megusta:  
Wed Dec 14 23:32:47 BOT 2011: Ajax->Mostrar Megusta:  
Wed Dec 14 23:33:54 BOT 2011: Session Start>  session por defecto 
Wed Dec 14 23:35:42 BOT 2011: Asignar backtone escuchado > Asi termino:104991,104579,105524,103577,103555,103576,104256,103574,253,105541,103571,104577,104576,105133,102596,102597,103174,102603,103553,
Wed Dec 14 23:50:11 BOT 2011: Ajax->Mostrar Ranking:  
Wed Dec 14 23:51:26 BOT 2011: ASYNC -> STATS> Tiempo respuesta 0.018569 seg.
Wed Dec 14 23:51:29 BOT 2011: ASYNC -> STATS> Tiempo respuesta 0.056119 seg.
