Fri Jun 15 18:12:27 BOT 2012: Ajax->Mostrar Reproducciones:  
Fri Jun 15 18:15:37 BOT 2012: Ajax->Mostrar Ranking:  
Fri Jun 15 18:15:37 BOT 2012: Ajax-> Mostrar Comentarios> tono:104906 
Fri Jun 15 18:15:46 BOT 2012: Ajax->Mostrar Ranking:  
Fri Jun 15 18:16:40 BOT 2012: Ajax-> Mostrar  Nombre Genero > tono:150088 
Fri Jun 15 18:16:49 BOT 2012: ASYNC -> STATS> Tiempo respuesta 0.0015810000000001 seg.
Fri Jun 15 18:18:31 BOT 2012: Ajax-> Mostrar  Nombre Artista > tono:126093 
Fri Jun 15 18:18:56 BOT 2012: Consulta de precio de reason:10 - msisdn: tono:103596 Async responde:350
 
Fri Jun 15 18:20:08 BOT 2012: Consulta de precio de reason:2 - msisdn: tono:145319 Async responde:350
 
Fri Jun 15 18:20:35 BOT 2012: Ajax-> Mostrar Ranking > tono:105415 
Fri Jun 15 18:25:36 BOT 2012: Ajax-> Mostrar Comentarios> tono:104076 
Fri Jun 15 18:28:58 BOT 2012: ASYNC -> STATS> Tiempo respuesta -0.259944 seg.
Fri Jun 15 18:29:55 BOT 2012: WEB_REPRODUCIR_BUSQUEDA > Se recibieron:16 tonos
Fri Jun 15 18:30:07 BOT 2012: WEB_REPRODUCIR_BUSQUEDA > Se recibieron:43 tonos
Fri Jun 15 18:30:16 BOT 2012: WEB_REPRODUCIR_BUSQUEDA > Se recibieron:114 tonos
Fri Jun 15 18:32:23 BOT 2012: Ajax->Mostrar Megusta:  
Fri Jun 15 18:34:02 BOT 2012: Ajax-> Mostrar Ranking > tono:103472 
Fri Jun 15 18:34:20 BOT 2012: Ajax->Mostrar Nombre Genero:  
Fri Jun 15 18:34:53 BOT 2012: Asignar backtone escuchado > Asi termino:104647,135139,103788,103594,103593,128604,103592,103591,103787,103786,135682,103590,135137,103785,103589,135713,135700,135135,103784,135698,
Fri Jun 15 18:34:53 BOT 2012: Ajax-> Mostrar Ranking > tono:149592 
Fri Jun 15 18:34:56 BOT 2012: Asignar backtone escuchado > Asi termino:105746,
Fri Jun 15 18:35:57 BOT 2012: Ajax->Mostrar Ranking:  
Fri Jun 15 18:37:00 BOT 2012: Consulta de precio de reason:2 - msisdn: tono:104031 Async responde:350
 
Fri Jun 15 18:37:09 BOT 2012: Ajax-> Mostrar Ranking > tono:102529 
Fri Jun 15 18:37:15 BOT 2012: Asignar backtone escuchado > Asi termino:104606,104605,
Fri Jun 15 18:41:28 BOT 2012: Ajax->Mostrar Nombre Artista:  
