Sun Dec 18 0:05:07 BOT 2011: Asignar backtone escuchado > Asi termino:105546,126710,133850,105262,130814,130808,139846,123010,104532,130802,139727,135057,131757,127400,127376,122287,
Sun Dec 18 0:11:14 BOT 2011: Ajax-> Mostrar Comentarios> tono:140821 
Sun Dec 18 0:14:41 BOT 2011: Ajax-> Mostrar  Imagen Portada> Album:Artista:  <a href='index.php?seccion=playlist&autor=400'>Homero</a>
Sun Dec 18 0:16:02 BOT 2011: Ajax->Mostrar Nombre Artista:  
Sun Dec 18 0:16:11 BOT 2011: Ajax->Mostrar Comentarios:  
Sun Dec 18 0:21:45 BOT 2011: Ajax-> Mostrar Comentarios> tono:104246 
Sun Dec 18 0:24:12 BOT 2011: Session Start>  session por defecto 
Sun Dec 18 0:34:44 BOT 2011: Session Start>  session por defecto 
Sun Dec 18 17:16:56 BOT 2011: Ajax->Mostrar Imagen Portada:  
Sun Dec 18 17:18:35 BOT 2011: Ajax-> Mostrar Comentarios> tono:118724 
Sun Dec 18 17:21:36 BOT 2011: Ajax-> Mostrar  Imagen Portada> tono:109380 
Sun Dec 18 17:22:39 BOT 2011: Ajax->Mostrar Nombre Artista:  
Sun Dec 18 17:22:48 BOT 2011: Ajax-> Mostrar Ranking > tono:109337 
Sun Dec 18 17:23:27 BOT 2011: Ajax-> Mostrar Comentarios> tono:105091 
Sun Dec 18 17:23:51 BOT 2011: Ajax-> Mostrar Comentarios> tono:240 
Sun Dec 18 17:26:27 BOT 2011: Ajax->Mostrar Ranking:  
Sun Dec 18 17:27:19 BOT 2011: ASYNC -> STATS> Tiempo respuesta -0.751548 seg.
Sun Dec 18 17:32:04 BOT 2011: Asignar backtone escuchado > Asi termino:102956,102570,128953,104120,126497,104593,103865,103139,120954,104592,86,104767,104667,128427,110228,135117,105085,
Sun Dec 18 17:39:56 BOT 2011: Ajax->Mostrar Nombre Genero:  
Sun Dec 18 17:44:00 BOT 2011: ASYNC -> STATS> Tiempo respuesta 0.005677 seg.
Sun Dec 18 17:44:06 BOT 2011: ASYNC -> STATS> Tiempo respuesta 0.008903 seg.
Sun Dec 18 17:44:33 BOT 2011: Ajax-> Mostrar  Nombre Genero > tono:364 
Sun Dec 18 17:45:48 BOT 2011: ASYNC -> STATS> Tiempo respuesta 0.55392 seg.
Sun Dec 18 17:45:51 BOT 2011: ASYNC -> STATS> Tiempo respuesta -0.22633 seg.
Sun Dec 18 17:52:04 BOT 2011: Ajax->Mostrar Megusta:  
