Wed Mar 7 1:16:30 BOT 2012: WEB_REPRODUCIR_BUSQUEDA > Se recibieron:6 tonos
Wed Mar 7 9:30:34 BOT 2012: Session Start>  session por defecto 
Wed Mar 7 9:32:34 BOT 2012: ASYNC -> STATS> Tiempo respuesta 0.002922 seg.
Wed Mar 7 9:32:37 BOT 2012: Ajax->Mostrar Megusta:  
Wed Mar 7 9:33:13 BOT 2012: ASYNC -> STATS> Tiempo respuesta 0.001617 seg.
Wed Mar 7 9:34:10 BOT 2012: Ajax-> Mostrar Megusta> tono:104028 
Wed Mar 7 9:34:19 BOT 2012: ASYNC -> STATS> Tiempo respuesta 0.006263 seg.
Wed Mar 7 9:34:43 BOT 2012: Ajax->Mostrar Megusta:  
Wed Mar 7 9:34:58 BOT 2012: ASYNC -> STATS> Tiempo respuesta 0.514755 seg.
Wed Mar 7 9:34:58 BOT 2012: Ajax->Mostrar Nombre Genero:  
Wed Mar 7 9:35:01 BOT 2012: Ajax->Mostrar Megusta:  
Wed Mar 7 9:39:08 BOT 2012: Ajax->Mostrar Comentarios:  
Wed Mar 7 9:39:41 BOT 2012: Ajax->Mostrar Megusta:  
Wed Mar 7 9:41:32 BOT 2012: Ajax->Mostrar Ranking:  
Wed Mar 7 9:47:24 BOT 2012: Ajax-> Mostrar  Imagen Portada> tono:105043 
Wed Mar 7 9:48:03 BOT 2012: Asignar backtone escuchado > Asi termino:104307,103761,104783,102652,123242,102698,270,102534,103817,104174,133826,131613,133850,131615,133804,131618,129884,131616,104195,
Wed Mar 7 9:48:18 BOT 2012: Session Start>  session por defecto 
Wed Mar 7 9:48:57 BOT 2012: Ajax->Mostrar Ranking:  
Wed Mar 7 9:51:09 BOT 2012: ASYNC -> STATS> Tiempo respuesta 0.003062 seg.
Wed Mar 7 9:58:16 BOT 2012: Mostrar Cantidad reproducciones: tono:105234 cantidad: 0
Wed Mar 7 9:58:16 BOT 2012: Ajax->Mostrar Ranking:  
Wed Mar 7 9:58:19 BOT 2012: Ajax->Mostrar Comentarios:  
Wed Mar 7 9:58:46 BOT 2012: MTD_CHEQUEO_REINTENTO >- msisdn:78726441 tono: diferencia tiempo:216 
Wed Mar 7 9:59:53 BOT 2012: Ajax->Mostrar Nombre Genero:  
Wed Mar 7 10:01:56 BOT 2012: Ajax-> Mostrar Ranking > tono:128425 
Wed Mar 7 10:03:14 BOT 2012: Ajax-> Mostrar  Imagen Portada> tono:145152 
Wed Mar 7 10:06:36 BOT 2012: Ajax->Mostrar Ranking:  
Wed Mar 7 10:09:42 BOT 2012: Ajax-> Mostrar Comentarios> tono:103790 
Wed Mar 7 10:21:41 BOT 2012: Ajax->Mostrar Ranking:  
Wed Mar 7 10:22:47 BOT 2012: Ajax-> Mostrar  Nombre Artista > tono:142913 
Wed Mar 7 10:23:32 BOT 2012: ASYNC -> STATS> Tiempo respuesta 0.002797 seg.
Wed Mar 7 10:27:05 BOT 2012: Ajax->Mostrar Reproducciones:  
Wed Mar 7 10:27:08 BOT 2012: Ajax-> Mostrar Ranking > tono:105003 
Wed Mar 7 10:27:08 BOT 2012: Ajax->Mostrar Comentarios:  
Wed Mar 7 10:28:24 BOT 2012: Ajax->Mostrar Megusta:  
Wed Mar 7 10:31:48 BOT 2012: Ajax->Mostrar Reproducciones:  
Wed Mar 7 10:34:03 BOT 2012: Mostrar Album: >Artista:  <a href='index.php?seccion=playlist&autor=747'>Contra Punto</a>
Wed Mar 7 10:34:33 BOT 2012: Ajax-> Mostrar Megusta> tono:127898 
Wed Mar 7 10:37:34 BOT 2012: Ajax->Mostrar Nombre Artista:  
Wed Mar 7 10:38:46 BOT 2012: ASYNC -> STATS> Tiempo respuesta -0.338094 seg.
Wed Mar 7 10:38:49 BOT 2012: ASYNC -> STATS> Tiempo respuesta -0.016022 seg.
Wed Mar 7 10:43:32 BOT 2012: Ajax->Mostrar Nombre Artista:  
Wed Mar 7 10:44:38 BOT 2012: Ajax->Mostrar Comentarios:  
Wed Mar 7 10:45:05 BOT 2012: Ajax->Mostrar Megusta:  
Wed Mar 7 10:45:44 BOT 2012: Ajax-> Mostrar Ranking > tono:104748 
Wed Mar 7 10:47:05 BOT 2012: Ajax->Mostrar Ranking:  
Wed Mar 7 10:47:56 BOT 2012: Ajax->Mostrar Ranking:  
Wed Mar 7 10:47:56 BOT 2012: Ajax->Mostrar Ranking:  
Wed Mar 7 10:48:11 BOT 2012: Consulta de precio de reason:2 - msisdn: tono:135973 Async responde:350
 
Wed Mar 7 10:48:11 BOT 2012: Ajax->Mostrar Megusta:  
Wed Mar 7 10:48:14 BOT 2012: Ajax-> Mostrar  Imagen Portada> tono:135973 
Wed Mar 7 10:49:45 BOT 2012: ASYNC -> STATS> Tiempo respuesta 0.002132 seg.
Wed Mar 7 10:50:00 BOT 2012: Asignar backtone escuchado > Asi termino:128438,106267,126471,126470,131837,65,102651,104393,240,102630,125661,105653,104943,102643,102642,102641,102640,102639,104998,104999,
Wed Mar 7 10:50:30 BOT 2012: Ajax->Mostrar Ranking:  
Wed Mar 7 10:51:42 BOT 2012: Ajax-> Mostrar Comentarios> tono:102957 
Wed Mar 7 10:54:15 BOT 2012: Ajax->Mostrar Imagen Portada:  
Wed Mar 7 10:54:42 BOT 2012: ASYNC -> STATS> Tiempo respuesta 0.036406 seg.
Wed Mar 7 10:54:42 BOT 2012: Asignar backtone escuchado > Asi termino:102667,102960,102959,102665,102958,102957,102956,102664,102662,102955,102954,102663,102953,107573,103472,105368,105371,105364,105378,105382,
Wed Mar 7 10:55:09 BOT 2012: Busqueda Inteligente: 
Wed Mar 7 10:57:31 BOT 2012: Ajax-> Mostrar Ranking > tono:104770 
Wed Mar 7 10:57:34 BOT 2012: Ajax->Mostrar Nombre Genero:  
Wed Mar 7 14:39:25 BOT 2012: ASYNC -> STATS> Tiempo respuesta 0.770861 seg.
Wed Mar 7 14:40:10 BOT 2012: Asignar backtone escuchado > Asi termino:110171,110168,104150,114591,104151,104158,609,104630,102996,102995,102994,105502,104149,104156,103315,333,334,340,336,105836,
Wed Mar 7 14:40:13 BOT 2012: Ajax->Mostrar Comentarios:  
Wed Mar 7 14:40:44 BOT 2012: Ajax->Mostrar Comentarios:  
Wed Mar 7 14:43:29 BOT 2012: Ajax->Mostrar Nombre Genero:  
Wed Mar 7 14:50:42 BOT 2012: Ajax-> Mostrar Ranking > tono:146557 
Wed Mar 7 14:52:39 BOT 2012: Asignar backtone escuchado > Asi termino:143764,143763,143761,143755,143753,143752,143750,143739,143738,143078,142225,141835,144562,143759,146579,146581,146590,146588,146587,146592,
Wed Mar 7 14:52:42 BOT 2012: Ajax->Mostrar Ranking:  
Wed Mar 7 14:53:09 BOT 2012: Ajax-> Mostrar  Imagen Portada> tono:106266 
Wed Mar 7 14:55:43 BOT 2012: ASYNC -> STATS> Tiempo respuesta -0.352824 seg.
Wed Mar 7 14:55:52 BOT 2012: Busqueda Inteligente: resultados >104765
Wed Mar 7 14:57:58 BOT 2012: Ajax->Mostrar Nombre Genero:  
Wed Mar 7 14:58:34 BOT 2012: Ajax-> Mostrar Comentarios> tono:146242 
Wed Mar 7 14:58:46 BOT 2012: Ajax->Mostrar Comentarios:  
Wed Mar 7 14:59:10 BOT 2012: Ajax->Mostrar Nombre Artista:  
Wed Mar 7 14:59:49 BOT 2012: Ajax-> Mostrar  Nombre Genero > tono:135046 
Wed Mar 7 14:59:52 BOT 2012: Consulta de precio de reason:3 - msisdn: tono:146242 Async responde:350
 
Wed Mar 7 15:00:13 BOT 2012: Busqueda Inteligente: 
Wed Mar 7 15:36:39 BOT 2012: Busqueda Inteligente: resultados >113627
Wed Mar 7 15:42:19 BOT 2012: Ajax-> Mostrar Ranking > tono:103343 
Wed Mar 7 15:44:52 BOT 2012: Ajax->Mostrar Comentarios:  
Wed Mar 7 15:45:01 BOT 2012: ASYNC -> STATS> Tiempo respuesta 0.010211 seg.
Wed Mar 7 15:48:47 BOT 2012: Ajax->Mostrar Imagen Portada:  
Wed Mar 7 15:49:44 BOT 2012: Ajax-> Mostrar  Imagen Portada> tono:134627 
Wed Mar 7 15:49:56 BOT 2012: Mostrar Megusta > tono: 135137 msisdn:76058475 > cantidad de registros: 0
Wed Mar 7 15:50:05 BOT 2012: ASYNC -> STATS> Tiempo respuesta 0.004761 seg.
Wed Mar 7 15:50:26 BOT 2012: Ajax->Mostrar Ranking:  
Wed Mar 7 15:54:39 BOT 2012: Ajax->Mostrar Reproducciones:  
Wed Mar 7 15:56:15 BOT 2012: Ajax->Mostrar Ranking:  
Wed Mar 7 15:59:06 BOT 2012: Ajax-> Mostrar Comentarios> tono:131035 
Wed Mar 7 15:59:40 BOT 2012: Ajax-> Mostrar Ranking > tono:105841 
Wed Mar 7 15:59:43 BOT 2012: Ajax->Mostrar Ranking:  
Wed Mar 7 16:00:16 BOT 2012: ASYNC -> STATS> Tiempo respuesta 0.007865 seg.
Wed Mar 7 16:01:13 BOT 2012: Ajax-> Mostrar  Nombre Genero > tono:102673 
Wed Mar 7 16:01:49 BOT 2012: Ajax-> Mostrar Megusta> tono:125516 
Wed Mar 7 16:03:28 BOT 2012: Ajax->Mostrar Nombre Genero:  
Wed Mar 7 16:05:28 BOT 2012: ASYNC -> STATS> Tiempo respuesta 0.004949 seg.
Wed Mar 7 16:05:28 BOT 2012: Ajax-> Mostrar Megusta> tono:105077 
Wed Mar 7 16:07:08 BOT 2012: Ajax-> Mostrar  Imagen Portada> Album:Artista:  <a href='index.php?seccion=playlist&autor=50'>Alejandro Fernandez</a>
Wed Mar 7 16:07:29 BOT 2012: Ajax->Mostrar Nombre Artista:  
Wed Mar 7 16:08:32 BOT 2012: Ajax->Mostrar Nombre Genero:  
Wed Mar 7 16:08:50 BOT 2012: Ajax->Mostrar Nombre Artista:  
Wed Mar 7 16:48:21 BOT 2012: Ajax->Mostrar Imagen Portada:  
Wed Mar 7 16:48:57 BOT 2012: Ajax->Mostrar Comentarios:  
Wed Mar 7 16:49:06 BOT 2012: Ajax-> Mostrar Comentarios> tono:144668 
Wed Mar 7 16:49:27 BOT 2012: ASYNC -> STATS> Tiempo respuesta -0.11195 seg.
Wed Mar 7 16:49:33 BOT 2012: Ajax-> Mostrar Ranking > tono:145186 
Wed Mar 7 16:49:48 BOT 2012: ASYNC -> STATS> Tiempo respuesta 0.006028 seg.
Wed Mar 7 16:49:48 BOT 2012: Ajax-> Mostrar  Imagen Portada> tono:106328 
Wed Mar 7 16:50:24 BOT 2012: Ajax->Mostrar Imagen Portada:  
Wed Mar 7 16:50:42 BOT 2012: Ajax->Mostrar Ranking:  
Wed Mar 7 16:50:54 BOT 2012: Ajax-> Mostrar Ranking > tono:106341 
Wed Mar 7 18:20:51 BOT 2012: Ajax->Mostrar Ranking:  
Wed Mar 7 18:21:27 BOT 2012: Asignar backtone escuchado > Asi termino:103490,103247,103658,135057,126146,123010,104532,130053,
Wed Mar 7 18:23:51 BOT 2012: Busqueda Inteligente: 
Wed Mar 7 18:24:30 BOT 2012: Ajax-> Mostrar Ranking > tono:123538 
Wed Mar 7 18:24:33 BOT 2012: ASYNC -> STATS> Tiempo respuesta 0.0092490000000001 seg.
Wed Mar 7 18:24:46 BOT 2012: Ajax->Mostrar Comentarios:  
Wed Mar 7 18:25:28 BOT 2012: Ajax->Mostrar Megusta:  
Wed Mar 7 18:27:34 BOT 2012: Ajax-> Mostrar  Imagen Portada> Album:albumes/album-default.jpg
Wed Mar 7 18:27:52 BOT 2012: Ajax->Mostrar Ranking:  
Wed Mar 7 18:28:22 BOT 2012: Ajax->Mostrar Imagen Portada:  
Wed Mar 7 18:30:34 BOT 2012: ASYNC -> STATS> Tiempo respuesta 0.162493 seg.
Wed Mar 7 18:30:34 BOT 2012: ASYNC -> STATS> Tiempo respuesta -0.077724 seg.
Wed Mar 7 18:30:37 BOT 2012: Ajax->Mostrar Nombre Artista:  
Wed Mar 7 18:32:11 BOT 2012: Ajax->Mostrar Nombre Genero:  
Wed Mar 7 18:33:50 BOT 2012: Session Start>  session por defecto 
Wed Mar 7 18:34:11 BOT 2012: Ajax->Mostrar Reproducciones:  
Wed Mar 7 18:35:41 BOT 2012: ASYNC -> STATS> Tiempo respuesta 0.0062 seg.
Wed Mar 7 18:36:05 BOT 2012: Ajax-> Mostrar  Nombre Artista > tono:103474 
Wed Mar 7 18:36:08 BOT 2012: Ajax-> Mostrar  Nombre Artista > tono:107763 
Wed Mar 7 18:36:38 BOT 2012: Ajax-> Mostrar  Imagen Portada> Album:Artista:  <a href='index.php?seccion=playlist&autor=141'>Aventura</a>
Wed Mar 7 18:37:17 BOT 2012: STATS > BUSQUEDA DE BACKTONE >Tiempo: 0.009696 seg. | registros: 2
Wed Mar 7 18:37:53 BOT 2012: Ajax-> Mostrar  Imagen Portada> tono:103639 
Wed Mar 7 18:38:50 BOT 2012: Ajax->Mostrar Megusta:  
Wed Mar 7 18:41:48 BOT 2012: Ajax->Mostrar Megusta:  
Wed Mar 7 18:41:51 BOT 2012: Ajax->Mostrar Imagen Portada:  
Wed Mar 7 18:41:57 BOT 2012: Error al consultar precio de renovacion - msisdn:76470903 tono:54 - Async responde -3
Wed Mar 7 18:42:18 BOT 2012: ASYNC -> STATS> Tiempo respuesta 0.072117 seg.
Wed Mar 7 18:42:21 BOT 2012: Ajax->Mostrar Reproducciones:  
Wed Mar 7 18:43:42 BOT 2012: Ajax-> Mostrar  Nombre Artista > tono:140973 
Wed Mar 7 18:44:39 BOT 2012: Ajax->Mostrar Nombre Artista:  
Wed Mar 7 18:46:30 BOT 2012: Session Start>  session por defecto 
Wed Mar 7 18:48:49 BOT 2012: ASYNC -> STATS> Tiempo respuesta 0.005119 seg.
Wed Mar 7 18:49:04 BOT 2012: STATS > BUSQUEDA DE BACKTONE >Tiempo: -0.007976 seg. | registros: 2
Wed Mar 7 18:49:13 BOT 2012: Session Start>  session por defecto 
Wed Mar 7 18:50:28 BOT 2012: Ajax-> Mostrar Ranking > tono:126093 
Wed Mar 7 18:51:25 BOT 2012: Ajax->Mostrar Reproducciones:  
Wed Mar 7 18:51:31 BOT 2012: Error al consultar precio de renovacion - msisdn:76491967 tono:103738 - Async responde -3
Wed Mar 7 18:52:19 BOT 2012: Ajax-> Mostrar  Imagen Portada> Album:Artista:  <a href='index.php?seccion=playlist&autor=656'>Justin Timberlake</a>
Wed Mar 7 18:55:02 BOT 2012: Ajax-> Mostrar Ranking > tono:105319 
Wed Mar 7 18:56:41 BOT 2012: Ajax-> Mostrar  Nombre Artista > tono:103333 
Wed Mar 7 18:58:05 BOT 2012: Mostrar Ranking: tono:149 calificacion: 
Wed Mar 7 18:58:05 BOT 2012: Ajax->Mostrar Nombre Genero:  
Wed Mar 7 19:42:40 BOT 2012: Session Start>  session por defecto 
Wed Mar 7 19:44:31 BOT 2012: Ajax->Mostrar Nombre Genero:  
Wed Mar 7 19:46:52 BOT 2012: Ajax->Mostrar Comentarios:  
Wed Mar 7 19:47:10 BOT 2012: Ajax->Mostrar Ranking:  
Wed Mar 7 19:49:43 BOT 2012: Ajax-> Mostrar Comentarios> tono:146585 
Wed Mar 7 19:50:29 BOT 2012: Mostrar Genero: >G&eacute;nero:  <a href='index.php?seccion=playlist&genero=132'>Pop</a>
Wed Mar 7 19:50:29 BOT 2012: Ajax-> Mostrar Comentarios> tono:145833 
Wed Mar 7 19:50:59 BOT 2012: Busqueda Inteligente: Resultado 
 103553;Mattinata;Luciano Pavarotti;Clasicos
103554;Questa o quella;Luciano Pavarotti;Clasicos
103555;Una furtiva lagrima;Luciano Pavarotti;Clasicos
126476;A Destiempo;Luciano Pereyra;Pop
126501;El Vestido Rojo;Luciano Pereyra;Latinas
104999;Eo Amor;Zeze de Camargo e Luciano; Brasileras
104998;Eo Amor (Coro);Zeze de Camargo e Luciano; Brasileras
105000;Faca alguma coisa;Zeze de Camargo e Luciano; Brasileras
109532;luciano;Homero;Mi Promo ConTigo
105001;Me universo e voce;Zeze de Camargo e Luciano; Brasileras
105002;Nao querer te perder;Zeze de Camargo e Luciano; Brasileras
126497;Nunca Muere Un Gran Amor;Luciano Pereyra;Latinas
105003;O que vai ser de nos;Zeze de Camargo e Luciano; Brasileras
105004;Pao de Mel;Zeze de Camargo e Luciano; Brasileras
105005;Pare;Zeze de Camargo e Luciano; Brasileras
126503;Parecido A Mi;Luciano Pereyra;Latinas
124967;Quien nos dijo;Luciano Pereyra;Latinas
124969;Si me pudieras ver;Luciano Pereyra;Latinas
126483;Si Pudiera Dejarte;Luciano Pereyra;Pop
105006;Te extranho (Z&L);Zeze de Camargo e Luciano; Brasileras
116860;yo te queria querer;Luciano Pereyra;Latinas
103552;Ave Maria;Luciano Pavarotti;Clasicos
104225;ave lucia;SERGIO DALMA;Latinas
109657;luciana;Homero;Mi Promo ConTigo
104522; Donde esta el telefono;Wazzup;Sonidos
127558; GRABACION DEFECTUOSA	  NO SE ENTIENDE O NO SE ESCUCHA CLARO;KARAOKE;KARAOKE
104533; No Desesperes;Wazzup;Sonidos
103940; Noche De Paz;Moderatto;Navidad
104165; Soy Tarateno;Banda Poopo;Carnaval
105746;-You know me;Version Opratel;Latinas
103477;2No me ensenaste ultima version;Prisma;Pop
103474;2te amo;Makano;Makano
144104;A Gozar En Carnaval;Gisela Santa Cruz;Carnaval cruceño
103991;A Manos Llenas;Alejandro Fernandez;Latinas
130984;A Medio Vivir;Noel Schajris;Latinas
145261;A mi ladito;Humbertiko y Urbano;Reggaeton
126462;A Primera Vista;Bahiano;Latinas
103691;Abriendo Caminos;Diego Torres;Latinas
103190;Absurda;Chenoa;Latinas
103595;AcaEntreNOs;Vicente Fernandez;Rancheras
138518;Adelante Bolivia;OXIGENO;Futbol
144690;Adoro  Version Acustica Una Noche En E;David Bisbal;Latinas
104567;ADRIANA reg;Nombre Reggaeton;TU NOMBRE
106304;Adriana-;Nombre Reggaeton;TU NOMBRE
102741;africano loco;Mbarete;Sonidos
105068;Agarrala -;Tito el Bambino;Tito el Bambino
103823;Agarrense de las manos;Version Opratel;Latinas
104920;Agente 86 y el chino;Version Opratel;Sonidos
104921;Agente 86 y el dueno de casa;Version Opratel;Sonidos
104926;Agente 86 y los enanos;Version Opratel;Sonidos
105024;Aint got no dough;Eve;HipHop
62;Aint no other man;Christina Aguilera;Pop
106380;alcoholicos anonimos.;Chaplin Show;Chaplin Show
104569;alejandra reg;Nombre Reggaeton;TU NOMBRE
106305;Alejandra-;Nombre Reggaeton;TU NOMBRE
104661;almas gemelas;El Trono de Mexico;Rancheras
102694;Alza Las Manos;Damas gratis;Cumbia
136630;Alzare mis manos;Alianza Nueva;Cristianas
104582;america;NINO BRAVO;Latinas
133699;Americano;Lady Gaga;Pop
104023;Amigos no mas;Azul azul;AZUL AZUL
130832;Amor Clandestino;Mana Opratel;Mi Promo ConTigo
104465;Amor de Ping Pong;Bruno e Marrone; Brasileras
199;Amor eterno;Christian Castro;Latinas
104199;Amor Eterno_;Juan Gabriel;Rancheras
103224;Amor gitano;Alejandro Fernandez;Latinas
104307;Amor Pirata;Grupo Uno;Cumbia
103598;AmorEterno;Vicente Fernandez;Rancheras
103671;AmorGitano;Alejandro Fernandez;Latinas
106306;Ana-;Nombre Reggaeton;TU NOMBRE
106307;Andrea-;Nombre Reggaeton;TU NOMBRE
106308;Angel-;Nombre Reggaeton;TU NOMBRE
105758;Animal Nocturno;Ricardo Arjona;RICARDO ARJONA
135225;Anoche llegaste tarde;Funky;Cristianas
177;Another chance;Roger Sanchez;Electronicas
127275;Another Day;Paul McCartney;Pop
104957;Another Part Of Me;Michael Jackson;Michael Jackson
140019;ASE_04DENOV2011_10_CANCION;KARAOKE;KARAOKE
140023;ASE_04DENOV2011_11_CANCION;KARAOKE;KARAOKE
140025;ASE_04DENOV2011_12_CANCION;KARAOKE;KARAOKE
139994;ASE_04DENOV2011_1_CANCION;KARAOKE;KARAOKE
139992;ASE_04DENOV2011_1_SONIDO;KARAOKE;KARAOKE
139996;ASE_04DENOV2011_2_CANCION;KARAOKE;KARAOKE
139993;ASE_04DENOV2011_2_SONIDO;KARAOKE;KARAOKE
139998;ASE_04DENOV2011_3_CANCION;KARAOKE;KARAOKE
140005;ASE_04DENOV2011_3_SONIDO;KARAOKE;KARAOKE
140000;ASE_04DENOV2011_4_CANCION;KARAOKE;KARAOKE
140011;ASE_04DENOV2011_4_SONIDO;KARAOKE;KARAOKE
140002;ASE_04DENOV2011_5_CANCION;KARAOKE;KARAOKE
140013;ASE_04DENOV2011_5_SONIDO;KARAOKE;KARAOKE
140004;ASE_04DENOV2011_6_CANCION;KARAO 
Wed Mar 7 19:50:59 BOT 2012: Ajax->Mostrar Megusta:  
Wed Mar 7 19:51:59 BOT 2012: ASYNC -> STATS> Tiempo respuesta -0.000751 seg.
Wed Mar 7 19:58:03 BOT 2012: Ajax-> Mostrar Ranking > tono:102740 
Wed Mar 7 20:00:54 BOT 2012: ASYNC -> STATS> Tiempo respuesta 0.002969 seg.
Wed Mar 7 20:01:51 BOT 2012: Mostrar Ranking: tono:138286 calificacion: 5
Wed Mar 7 20:02:12 BOT 2012: ASYNC -> STATS> Tiempo respuesta -0.218193 seg.
Wed Mar 7 20:02:42 BOT 2012: ASYNC -> STATS> Tiempo respuesta 0.0013730000000001 seg.
Wed Mar 7 20:05:22 BOT 2012: Ajax-> Mostrar Comentarios> tono:104465 
Wed Mar 7 20:06:13 BOT 2012: ASYNC -> STATS> Tiempo respuesta -0.288606 seg.
Wed Mar 7 20:08:22 BOT 2012: Ajax->Mostrar Megusta:  
Wed Mar 7 20:08:25 BOT 2012: Ajax-> Mostrar  Nombre Artista > tono:560 
Wed Mar 7 20:08:46 BOT 2012: Asignar backtone escuchado > Asi termino:103691,104440,112705,148,103822,105040,103142,126462,104607,130984,102882,128602,103114,103113,110495,105282,105036,105096,146559,146557,
Wed Mar 7 20:12:07 BOT 2012: Ajax->Mostrar Comentarios:  
Wed Mar 7 20:12:53 BOT 2012: MTD_DB_BUSCAR_ARTISTAS > retornando registros:89
Wed Mar 7 20:12:56 BOT 2012: Asignar backtone escuchado > Asi termino:182,103265,105247,103470,509,104357,104300,104738,104299,113053,125067,104268,131613,131708,131702,133440,131618,131627,131616,128438,
Wed Mar 7 20:13:41 BOT 2012: Ajax->Mostrar Megusta:  
Wed Mar 7 20:13:47 BOT 2012: ASYNC -> STATS> Tiempo respuesta 0.006594 seg.
Wed Mar 7 20:16:47 BOT 2012: Ajax->Mostrar Reproducciones:  
Wed Mar 7 20:17:05 BOT 2012: Busqueda Inteligente: david gueta
Wed Mar 7 20:17:17 BOT 2012: Ajax-> Mostrar  Nombre Genero > tono:102804 
Wed Mar 7 20:17:35 BOT 2012: Ajax-> Mostrar Ranking > tono:113614 
Wed Mar 7 20:17:59 BOT 2012: Ajax-> Mostrar  Nombre Artista > tono:125491 
Wed Mar 7 20:18:59 BOT 2012: Ajax->Mostrar Nombre Genero:  
Wed Mar 7 20:21:00 BOT 2012: Ajax-> Mostrar  Nombre Genero > tono:131824 
Wed Mar 7 20:21:33 BOT 2012: Ajax-> Mostrar Megusta> tono:131747 
Wed Mar 7 20:21:48 BOT 2012: WEB_REPRODUCIR_BUSQUEDA > Se recibieron:114 tonos
Wed Mar 7 20:21:51 BOT 2012: Ajax->Mostrar Imagen Portada:  
Wed Mar 7 20:22:06 BOT 2012: Consulta de precio de reason:2 - msisdn: tono:102610 Async responde:350
 
Wed Mar 7 20:22:21 BOT 2012: ASYNC -> STATS> Tiempo respuesta 0.00734 seg.
Wed Mar 7 20:22:42 BOT 2012: Ajax-> Mostrar Megusta> tono:107747 
Wed Mar 7 20:22:51 BOT 2012: Ajax->Mostrar Imagen Portada:  
Wed Mar 7 20:23:24 BOT 2012: Ajax->Mostrar Comentarios:  
Wed Mar 7 20:25:42 BOT 2012: Ajax->Mostrar Nombre Artista:  
Wed Mar 7 20:26:39 BOT 2012: Error al consultar precio de renovacion - msisdn: tono:146242 - Async responde -3
Wed Mar 7 20:26:52 BOT 2012: Ajax->Mostrar Nombre Genero:  
Wed Mar 7 20:27:04 BOT 2012: Busqueda Inteligente: ser recibieron 100 resultados
Wed Mar 7 20:27:55 BOT 2012: Ajax-> Mostrar Ranking > tono:131040 
Wed Mar 7 20:28:04 BOT 2012: Ajax->Mostrar Comentarios:  
Wed Mar 7 20:28:10 BOT 2012: Ajax->Mostrar Megusta:  
Wed Mar 7 20:28:13 BOT 2012: Ajax-> Mostrar Comentarios> tono:106388 
Wed Mar 7 20:28:31 BOT 2012: ASYNC -> STATS> Tiempo respuesta 0.004461 seg.
Wed Mar 7 20:28:34 BOT 2012: ASYNC -> STATS> Tiempo respuesta -0.451288 seg.
Wed Mar 7 20:29:31 BOT 2012: Ajax-> Mostrar Comentarios> tono:104200 
Wed Mar 7 20:29:49 BOT 2012: Ajax->Mostrar Reproducciones:  
Wed Mar 7 20:30:07 BOT 2012: Mostrar Ranking: tono:131046 calificacion: 
Wed Mar 7 20:30:16 BOT 2012: Ajax->Mostrar Megusta:  
Wed Mar 7 20:32:19 BOT 2012: Ajax->Mostrar Nombre Genero:  
Wed Mar 7 20:32:46 BOT 2012: ASYNC -> STATS> Tiempo respuesta 0.00227 seg.
Wed Mar 7 20:33:04 BOT 2012: Ajax-> Mostrar Megusta> tono:103939 
Wed Mar 7 20:35:21 BOT 2012: Ajax->Mostrar Imagen Portada:  
Wed Mar 7 20:35:57 BOT 2012: Ajax-> Mostrar Megusta> tono:140821 
Wed Mar 7 20:36:19 BOT 2012: Ajax->Mostrar Nombre Artista:  
Wed Mar 7 20:36:43 BOT 2012: ASYNC -> STATS> Tiempo respuesta -0.507217 seg.
Wed Mar 7 20:37:19 BOT 2012: Ajax->Mostrar Reproducciones:  
Wed Mar 7 20:37:22 BOT 2012: ASYNC -> STATS> Tiempo respuesta 0.00469 seg.
Wed Mar 7 20:37:37 BOT 2012: Consulta de precio de reason:3 - msisdn: tono:163 Async responde:350
 
Wed Mar 7 20:37:52 BOT 2012: Ajax->Mostrar Nombre Artista:  
Wed Mar 7 20:38:13 BOT 2012: WEB_REPRODUCIR_BUSQUEDA > Se formatearon:1 tonos
Wed Mar 7 20:38:19 BOT 2012: Ajax->Mostrar Megusta:  
Wed Mar 7 20:38:22 BOT 2012: Ajax-> Mostrar Comentarios> tono:110079 
Wed Mar 7 20:38:52 BOT 2012: Ajax->Mostrar Comentarios:  
Wed Mar 7 20:39:43 BOT 2012: Ajax-> Mostrar  Nombre Artista > tono:104354 
Wed Mar 7 20:40:37 BOT 2012: Ajax-> Mostrar Megusta> tono:121503 
Wed Mar 7 20:40:49 BOT 2012: Asignar backtone escuchado > Asi termino:103547,103546,118745,103299,118727,103545,103544,118725,103543,118724,103542,103551,103302,127892,103301,103550,127895,103300,103549,127897,
Wed Mar 7 20:41:22 BOT 2012: Consulta de precio de reason:10 - msisdn: tono:103548 Async responde:350
 
Wed Mar 7 20:43:13 BOT 2012: Ajax->Mostrar Reproducciones:  
Wed Mar 7 20:43:32 BOT 2012: Asignar backtone escuchado > Asi termino:103551,103302,103301,118748,139844,147092,139956,147093,103550,118734,139958,147095,118752,103300,118744,103549,118730,103548,118728,103547,
Wed Mar 7 20:44:38 BOT 2012: Ajax-> Mostrar Ranking > tono:118749 
Wed Mar 7 20:45:05 BOT 2012: ASYNC -> STATS> Tiempo respuesta 0.002962 seg.
Wed Mar 7 20:45:11 BOT 2012: Ajax-> Mostrar Ranking > tono:104507 
Wed Mar 7 20:46:14 BOT 2012: Ajax-> Mostrar Ranking > tono:144175 
Wed Mar 7 20:46:56 BOT 2012: Busqueda Inteligente: 
Wed Mar 7 20:46:59 BOT 2012: Mostrar Ranking: tono:139964 calificacion: 
Wed Mar 7 20:47:47 BOT 2012: Ajax->Mostrar Reproducciones:  
Wed Mar 7 20:47:47 BOT 2012: MTD_DB_BUSCAR_ARTISTAS > retornando registros:89
Wed Mar 7 20:49:20 BOT 2012: ASYNC -> STATS> Tiempo respuesta -0.008475 seg.
Wed Mar 7 20:49:26 BOT 2012: Ajax->Mostrar Imagen Portada:  
Wed Mar 7 20:53:42 BOT 2012: Ajax->Mostrar Nombre Genero:  
Wed Mar 7 20:55:00 BOT 2012: Ajax->Mostrar Imagen Portada:  
Wed Mar 7 20:57:39 BOT 2012: Ajax->Mostrar Nombre Genero:  
Wed Mar 7 20:58:37 BOT 2012: ASYNC -> STATS> Tiempo respuesta 0.00789 seg.
Wed Mar 7 20:58:40 BOT 2012: Consulta de precio de reason:2 - msisdn: tono:144562 Async responde:350
 
Wed Mar 7 20:59:22 BOT 2012: Ajax->Mostrar Ranking:  
Wed Mar 7 20:59:22 BOT 2012: Ajax->Mostrar Comentarios:  
Wed Mar 7 20:59:43 BOT 2012: Ajax->Mostrar Ranking:  
Wed Mar 7 21:02:34 BOT 2012: ASYNC -> STATS> Tiempo respuesta -0.134685 seg.
Wed Mar 7 21:03:37 BOT 2012: Ajax->Mostrar Nombre Genero:  
Wed Mar 7 21:04:28 BOT 2012: Asignar backtone escuchado > Asi termino:126169,127423,126146,125516,509,103507,103225,103790,102630,106266,124243,
Wed Mar 7 21:05:07 BOT 2012: ASYNC -> STATS> Tiempo respuesta 0.006537 seg.
Wed Mar 7 21:08:02 BOT 2012: Session Start>  session por defecto 
Wed Mar 7 21:08:59 BOT 2012: Ajax-> Mostrar Comentarios> tono:145741 
Wed Mar 7 21:11:20 BOT 2012: Ajax->Mostrar Megusta:  
Wed Mar 7 21:12:35 BOT 2012: ASYNC -> STATS> Tiempo respuesta 0.00693 seg.
Wed Mar 7 21:13:20 BOT 2012: ASYNC -> STATS> Tiempo respuesta -0.064947 seg.
Wed Mar 7 21:13:23 BOT 2012: ASYNC -> STATS> Tiempo respuesta -0.00591 seg.
Wed Mar 7 21:14:12 BOT 2012: WEB_REPRODUCIR_BUSQUEDA > Se recibieron:73 tonos
Wed Mar 7 21:14:18 BOT 2012: ASYNC -> STATS> Tiempo respuesta 0.008908 seg.
Wed Mar 7 21:14:57 BOT 2012: Busqueda Inteligente: resultados >127561
Wed Mar 7 21:14:57 BOT 2012: Ajax-> Mostrar  Nombre Artista > tono:137972 
Wed Mar 7 21:15:36 BOT 2012: Ajax->Mostrar Comentarios:  
Wed Mar 7 21:15:51 BOT 2012: Session Start>  session por defecto 
Wed Mar 7 21:17:00 BOT 2012: Ajax->Mostrar Imagen Portada:  
Wed Mar 7 21:17:03 BOT 2012: Ajax->Mostrar Ranking:  
Wed Mar 7 21:17:45 BOT 2012: Ajax-> Mostrar Ranking > tono:137301 
Wed Mar 7 21:18:09 BOT 2012: Ajax-> Mostrar Ranking > tono:137283 
Wed Mar 7 21:19:24 BOT 2012: Ajax->Mostrar Ranking:  
Wed Mar 7 21:19:24 BOT 2012: Ajax->Mostrar Ranking:  
Wed Mar 7 21:57:33 BOT 2012: Ajax-> Mostrar Comentarios> tono:145418 
Wed Mar 7 22:00:28 BOT 2012: Asignar backtone escuchado > Asi termino:118724,
Wed Mar 7 22:00:37 BOT 2012: Ajax-> Mostrar  Imagen Portada> Album:Artista:  <a href='index.php?seccion=playlist&autor=182'>PlanB</a>
Wed Mar 7 22:01:07 BOT 2012: ASYNC -> STATS> Tiempo respuesta -0.42635 seg.
Wed Mar 7 22:01:07 BOT 2012: ASYNC -> STATS> Tiempo respuesta -0.141418 seg.
Wed Mar 7 22:03:07 BOT 2012: Ajax-> Mostrar Ranking > tono:247 
Wed Mar 7 22:05:49 BOT 2012: Ajax-> Mostrar Comentarios> tono:135152 
Wed Mar 7 22:06:49 BOT 2012: Ajax->Mostrar Nombre Genero:  
Wed Mar 7 22:07:38 BOT 2012: Ajax->Mostrar Nombre Genero:  
Wed Mar 7 22:08:11 BOT 2012: Session Start>  Chequeo de sesion
Wed Mar 7 22:11:08 BOT 2012: ASYNC -> STATS> Tiempo respuesta 0.011231 seg.
Wed Mar 7 22:12:14 BOT 2012: Ajax->Mostrar Megusta:  
Wed Mar 7 22:13:26 BOT 2012: Asignar backtone escuchado > Asi termino:102788,103627,103469,136048,572,102799,105549,105093,142913,105262,124055,127759,133736,137253,147092,139956,118744,139958,147095,
Wed Mar 7 22:13:32 BOT 2012: ASYNC -> STATS> Tiempo respuesta 0.00981 seg.
Wed Mar 7 22:13:35 BOT 2012: ASYNC -> STATS> Tiempo respuesta 0.099924 seg.
Wed Mar 7 22:14:50 BOT 2012: ASYNC -> STATS> Tiempo respuesta 0.871547 seg.
Wed Mar 7 22:17:18 BOT 2012: Ajax->Mostrar Megusta:  
Wed Mar 7 22:17:42 BOT 2012: Ajax->Mostrar Reproducciones:  
Wed Mar 7 22:18:30 BOT 2012: Session Start>  Chequeo de sesion
Wed Mar 7 22:18:36 BOT 2012: ASYNC -> STATS> Tiempo respuesta -0.043234 seg.
Wed Mar 7 22:21:00 BOT 2012: ASYNC -> STATS> Tiempo respuesta 0.0083840000000001 seg.
Wed Mar 7 22:21:03 BOT 2012: Asignar backtone escuchado > Asi termino:105549,105093,105262,133408,133413,136048,103469,103627,102788,572,102799,142913,124055,127759,133736,137253,147092,139956,118744,
Wed Mar 7 22:21:03 BOT 2012: Asignar backtone escuchado > Asi termino:144694,137266,147087,147093,147092,126489,147098,147134,147100,133415,
Wed Mar 7 22:21:21 BOT 2012: Ajax-> Mostrar  Nombre Artista > tono:145422 
Wed Mar 7 22:22:34 BOT 2012: Ajax->Mostrar Reproducciones:  
Wed Mar 7 22:22:52 BOT 2012: Ajax->Mostrar Reproducciones:  
Wed Mar 7 22:24:16 BOT 2012: ASYNC -> STATS> Tiempo respuesta 0.007108 seg.
Wed Mar 7 22:24:25 BOT 2012: ASYNC -> STATS> Tiempo respuesta 0.00989 seg.
Wed Mar 7 22:25:01 BOT 2012: Ajax-> Mostrar Comentarios> tono:126170 
Wed Mar 7 22:27:28 BOT 2012: Ajax-> Mostrar  Nombre Genero > tono:115949 
Wed Mar 7 22:29:01 BOT 2012: Session Start>  Chequeo de sesion
Wed Mar 7 22:30:08 BOT 2012: Ajax->Mostrar Megusta:  
Wed Mar 7 22:32:14 BOT 2012: ASYNC -> STATS> Tiempo respuesta 0.166479 seg.
Wed Mar 7 22:32:14 BOT 2012: ASYNC -> STATS> Tiempo respuesta 0.0052219999999999 seg.
Wed Mar 7 22:32:50 BOT 2012: ASYNC -> STATS> Tiempo respuesta 0.469399 seg.
Wed Mar 7 22:34:23 BOT 2012: Ajax->Mostrar Nombre Genero:  
Wed Mar 7 22:34:32 BOT 2012: Asignar backtone escuchado > Asi termino:104229,104144,109322,109249,109246,109314,104051,103750,122650,584,583,104315,122538,104533,104532,105282,105036,257,104818,103082,
Wed Mar 7 22:35:56 BOT 2012: Ajax-> Mostrar Ranking > tono:135091 
Wed Mar 7 22:37:39 BOT 2012: WEB_REPRODUCIR_BUSQUEDA > Se recibieron:8 tonos
Wed Mar 7 22:37:48 BOT 2012: Ajax->Mostrar Reproducciones:  
Wed Mar 7 22:37:51 BOT 2012: Consulta de precio de reason:5 - msisdn: tono:104511 Async responde:350
 
Wed Mar 7 22:37:54 BOT 2012: ASYNC -> STATS> Tiempo respuesta -0.606746 seg.
Wed Mar 7 22:38:09 BOT 2012: Mostrar Megusta> tono: 126853 msisdn: > a otros 3  les gusta 
Wed Mar 7 22:46:49 BOT 2012: Ajax->Mostrar Reproducciones:  
Wed Mar 7 22:48:31 BOT 2012: Busqueda Inteligente: Resultado 
 104253;HastaQueLlegasteTu;HA ASH;Latinas
104252;Odio Amarte;HA ASH;Latinas
104354;Te Dejo;HA ASH;Latinas
104355;ya no;HA ASH;Latinas
104336;Bajo el mar LA SIRENITA;HAshan AMenken-;Pop
103494;I Can See Stars;LSL Feat Natasha Low;Electronicas
120967;Rodolfo el reno de la nariz roja;Sasha;Navidad
102598;El tiempo ha pasado;Cosa Nostra;Latinas
129430;Muneco de Haiti;Babasonicos;Latinas
103328;-Me vas a extranhar;Banda reggaeton;Reggaeton
103480;2Recordando a Natacha;Sombra;Latinas
103466;2YTuTeVas;Chayanne;Latinas
130984;A Medio Vivir;Noel Schajris;Latinas
104120;A que te enamoras;Chapa C;Reggaeton
18;Acercate mas;Charlee Kingston;Latinas
103274;AcompanhameAEstarSolo;Ricardo Arjona;Romanticas
104360;Adoro_;Raphael;Latinas
307;Almohada de piedra;Covertone;Latinas
323;Amor de chat;El original;Latinas
103997;Amor Inmortal;Chayanne;Latinas
177;Another chance;Roger Sanchez;Electronicas
126855;Antes De Las Seis;Shakira;Pop
105284;Ass Like That;Eminem;HipHop
103089;Atado a tu amor;Chayanne;Latinas
103263;ATHAUALPAYOUFUNKY;KevinJohansen;Latinas
130982;Bachata Rosa;Noel Schajris;Latinas
104887;Bachicha;Version Opratel;Latinas
103424;BailaBaila;Chayanne;Latinas
104051;Bandas marchando;Version Opratel;Clasicos
103499;Bat Attack;Richard Murray;Electronicas
135714;Besos En La Boca;Chayanne;Latinas
102743;Automovil Fashion;Mbarete;Sonidos
131830;Black Jesus Amen Fashion;Lady Gaga;Pop
131829;Fashion Beats;Black Eyed Peas;Pop
131769;Fashion Of His Love;Lady Gaga;Pop
330;Flash5;Perfecta;Pop
141;Flashdance;Deep Dish;Electronicas
127897;Flashs Theme;Queen;Clasicos
185;Invisible;Ashlee Simpson;Pop
136043;Knockin on heavens door Slash Solo;Guns N Roses;Rock
104497;la felicidad;Flash 5;Latinas
51;Love;Ashlee Simpson;Pop
102589;Me sube el colesterol;Flash 5;Latinas
605;Perfecta;Flash 5;Latinas
102524;Si no te hubieras ido;Flash 5;Latinas
133680;Whiplash;Selena Gomez;Pop
103761;Bombacha Veloz;GRUPO CHAJA;Latinas
103425;BoomBoom;Chayanne;Latinas
137820;Buenas tardes jonichi;Hans y Chivo;Promoción Te Matamos de Risa
104514;Buenos Dias Senor Sol;Marta Harte;Sonidos
104371;Buscar;la mancha de rolando;Latinas
137086;C Mon ft Diplo and Bustha Rhymes;Dj Tiesto;Electronicas
137970;C Mon ft Diplo and Bustha Rhymes;Dj Tiesto Vs Diplo;Electronicas
104650;Cada Manhana;Reik;Latinas
104372;Calavera;la mancha de rolando;Latinas
102994;Camba1;Charles Suarez;Latinas
102995;camba2;Charles Suarez;Latinas
102996;Camba3;Charles Suarez;Latinas
345;Cant touch this;Mc hammer;Clasicos
103426;Caprichosa;Chayanne;Latinas
129891;Cerca Como El Habla feat Melissa Romero;Jesus Adrian Romero;Cristianas
131842;Chaco Adentro;Yalo cuellar;Nuevas
103693;Chala Man;Diego Torres;Latinas
103686;Chamego;ChicleteComBanana; Brasileras
135057;Champagne Showers;LMFAO;Electronicas
105312;Chao Amor;La Gente de Omar;Latinas
103470;2RosasAlbumVersion;la oreja de van gogh;Latinas
104921;Agente 86 y el dueno de casa;Version Opratel;Sonidos
129918;Asalto De Cumbia;Gustavo Cordera;Latinas
132090;Casa De Playa;Farruko;Reggaeton
109736;como se pasa la vida;Alberto Plaza;Latinas
310;Cuando pasa San Simon;Llajtaymanta;Carnaval
317;Cuando pasa sansimon;Llajtaymanta;Carnaval
104091;El aire de tu casa;Jesus A Romero;Cristianas
103535;EL MASAJE;Chichicuilote;Sonidos
104344;Enamorados salasa;Generico;Salsa y Merengue
102881;la pasabas bien conmigo;Gloria Trevi;Latinas
131808;LlamasAMiNovio;6tec;Chistes
564;Lo que pasa pasa;Daddy Yankee;Reggaeton
104342;PasajeBiblico;Generico;Sonidos
103980;PASAME LA BOTELLA;Banda XXI;Salsa y Merengue
103840;Piensalo para casarte;Llajtaymanta;Carnaval
104469;Quer Casar Comigo;Bruno e Marrone; Brasileras
107792;Rey sabe como pasar de incognito-MTV ISA TKM;MTV;MTV
104377;te leo al reves;Masacre;Latinas
142629;Tirar la casa por la ventana Coro;Qmbia Juan;Cumbia
142630;Tirar la casa por la ventana Final;Qmbia Juan;Cumbia
142631;Tirar la casa por la ventana Intro;Qmbia Juan;Cumbia
103985;UN PASATIEMPO NADA MAS;El Empuje;Cumbia
102940;volviendo a casa;Rata Blanca;Latinas
142887;Warikasaya_RBT;Covertone - MG;Futbol
454;Asesina;The Kings of  Reggaeton;Latinas
126308;ASE_01DEABR2011_01_CANCION;KARAOKE;KARAOKE
126309;ASE_01DEABR2011_02_CANCION;KARAOKE;KARAOKE
126310;ASE_01DEABR2011_03_CANCION;KARAOKE;KARAOKE
126312;ASE_01DEABR2011_04_SONIDO;KARAOKE;KARAOKE
126314;ASE_01DEABR2011_05_CANCION;KARAOKE;KARAOKE
126315;ASE_01DEABR2011_0 
Wed Mar 7 22:48:52 BOT 2012: Ajax-> Mostrar Comentarios> tono:104253 
Wed Mar 7 22:59:14 BOT 2012: Ajax->Mostrar Imagen Portada:  
Wed Mar 7 23:00:27 BOT 2012: Ajax->Mostrar Megusta:  
Wed Mar 7 23:00:30 BOT 2012: ASYNC -> STATS> Tiempo respuesta 0.004928 seg.
Wed Mar 7 23:01:54 BOT 2012: Ajax-> Mostrar Ranking > tono:106382 
Wed Mar 7 23:03:15 BOT 2012: Consulta de precio de reason:10 - msisdn: tono:105811 Async responde:350
 
Wed Mar 7 23:04:42 BOT 2012: ASYNC -> STATS> Tiempo respuesta 0.182167 seg.
Wed Mar 7 23:04:42 BOT 2012: Ajax->Mostrar Nombre Genero:  
Wed Mar 7 23:05:33 BOT 2012: Ajax-> Mostrar  Imagen Portada> tono:107747 
Wed Mar 7 23:11:49 BOT 2012: Consulta de precio de reason:3 - msisdn: tono:140821 Async responde:350
 
Wed Mar 7 23:12:22 BOT 2012: Ajax->Mostrar Ranking:  
Wed Mar 7 23:13:19 BOT 2012: ASYNC -> STATS> Tiempo respuesta 0.007378 seg.
Wed Mar 7 23:13:22 BOT 2012: ASYNC -> STATS> Tiempo respuesta 0.623527 seg.
Wed Mar 7 23:16:42 BOT 2012: Ajax->Mostrar Nombre Artista:  
Wed Mar 7 23:17:47 BOT 2012: Ajax->Mostrar Imagen Portada:  
Wed Mar 7 23:18:26 BOT 2012: Ajax->Mostrar Nombre Artista:  
Wed Mar 7 23:19:35 BOT 2012: Ajax-> Mostrar  Imagen Portada> tono:109247 
Wed Mar 7 23:19:47 BOT 2012: ASYNC -> STATS> Tiempo respuesta 0.005485 seg.
Wed Mar 7 23:28:46 BOT 2012: ASYNC -> STATS> Tiempo respuesta 0.003881 seg.
Wed Mar 7 23:42:53 BOT 2012: ASYNC -> STATS> Tiempo respuesta 0.001573 seg.
Wed Mar 7 23:47:39 BOT 2012: Busqueda Inteligente: resultados >20
