Sun Mar 18 12:43:43 BOT 2012: Ajax-> Mostrar Ranking > tono:131036 
Sun Mar 18 12:43:58 BOT 2012: Ajax->Mostrar Megusta:  
Sun Mar 18 12:44:19 BOT 2012: ASYNC -> STATS> Tiempo respuesta 0.007565 seg.
Sun Mar 18 12:46:10 BOT 2012: Ajax->Mostrar Nombre Genero:  
Sun Mar 18 12:46:19 BOT 2012: ASYNC -> STATS> Tiempo respuesta 0.003717 seg.
Sun Mar 18 12:46:25 BOT 2012: ASYNC -> STATS> Tiempo respuesta -0.187239 seg.
Sun Mar 18 12:46:28 BOT 2012: ASYNC -> STATS> Tiempo respuesta -0.216099 seg.
Sun Mar 18 12:46:28 BOT 2012: Ajax->Mostrar Megusta:  
Sun Mar 18 12:46:28 BOT 2012: ASYNC -> STATS> Tiempo respuesta 0.012726 seg.
Sun Mar 18 12:46:40 BOT 2012: ASYNC -> STATS> Tiempo respuesta 0.021861 seg.
Sun Mar 18 12:47:04 BOT 2012: Ajax->Mostrar Megusta:  
Sun Mar 18 12:47:04 BOT 2012: ASYNC -> STATS> Tiempo respuesta 0.001861 seg.
Sun Mar 18 12:47:40 BOT 2012: Ajax-> Mostrar Megusta> tono:142166 
Sun Mar 18 12:47:58 BOT 2012: Mostrar Megusta > tono: 135074 msisdn:76089691 > cantidad de registros: 0
Sun Mar 18 12:48:34 BOT 2012: ASYNC -> STATS> Tiempo respuesta 0.002777 seg.
Sun Mar 18 12:50:08 BOT 2012: Ajax->Mostrar Ranking:  
Sun Mar 18 12:50:11 BOT 2012: Ajax->Mostrar Nombre Genero:  
Sun Mar 18 12:51:11 BOT 2012: Check Session > msisdn: 75780370 > Usuario Valido 
Sun Mar 18 17:37:18 BOT 2012: Busqueda Inteligente: resultados >113056
Sun Mar 18 18:44:06 BOT 2012: Ajax-> Mostrar Megusta> tono:105243 
Sun Mar 18 18:49:49 BOT 2012: Ajax->Mostrar Nombre Genero:  
Sun Mar 18 21:35:02 BOT 2012: Busqueda Inteligente: resultados >141616
