Tue Sep 11 9:10:58 BOT 2012: Ajax-> Mostrar Megusta> tono:149592 
Tue Sep 11 9:16:12 BOT 2012: Check Session > msisdn: 76029647 > Usuario Valido 
Tue Sep 11 9:22:34 BOT 2012: Ajax->Mostrar Imagen Portada:  
Tue Sep 11 9:22:43 BOT 2012: Ajax->Mostrar Ranking:  
Tue Sep 11 9:23:28 BOT 2012: ASYNC -> STATS> Tiempo respuesta 0.00417 seg.
Tue Sep 11 9:34:34 BOT 2012: Ajax->Mostrar Nombre Genero:  
Tue Sep 11 9:37:32 BOT 2012: Ajax->Mostrar Comentarios:  
Tue Sep 11 9:38:47 BOT 2012: Ajax->Mostrar Megusta:  
Tue Sep 11 9:39:56 BOT 2012: Asignar backtone escuchado > Asi termino:125517,126142,126164,126144,126165,125661,126172,126173,126175,152224,134658,126141,126167,
Tue Sep 11 9:48:40 BOT 2012: Ajax->Mostrar Nombre Artista:  
Tue Sep 11 9:52:26 BOT 2012: Ajax->Mostrar Ranking:  
Tue Sep 11 9:52:32 BOT 2012: Ajax-> Mostrar Ranking > tono:123534 
Tue Sep 11 9:57:24 BOT 2012: Ajax->Actualizar pin usuario
Tue Sep 11 9:59:37 BOT 2012: ELIMINAR_BACKTONE > Envio a ASYNC:76096845 tono:109522 Reason 6 > Async responde:000000000
Tue Sep 11 10:04:32 BOT 2012: Ajax->Mostrar Reproducciones:  
Tue Sep 11 10:13:01 BOT 2012: Consulta de precio de reason:2 - msisdn: tono:127765 Async responde:350
 
Tue Sep 11 10:15:56 BOT 2012: Asignar backtone escuchado > Asi termino:112705,148,103822,105040,103142,126462,104607,130984,149822,102882,128602,103114,103113,155386,110495,150214,104967,104676,155506,577,
Tue Sep 11 10:17:23 BOT 2012: WEB_REPRODUCIR_BUSQUEDA > Se recibieron:71 tonos
Tue Sep 11 10:19:36 BOT 2012: Busqueda Inteligente: resultados >142904
Tue Sep 11 10:20:21 BOT 2012: Ajax->Mostrar Imagen Portada:  
Tue Sep 11 10:20:54 BOT 2012: Ajax->Mostrar Ranking:  
Tue Sep 11 10:21:16 BOT 2012: Ajax->Mostrar Nombre Artista:  
Tue Sep 11 10:34:01 BOT 2012: Ajax->Mostrar Ranking:  
Tue Sep 11 10:36:43 BOT 2012: Ajax-> Mostrar Ranking > tono:126173 
Tue Sep 11 10:37:01 BOT 2012: Busqueda Inteligente: resultados >135120
Tue Sep 11 10:37:20 BOT 2012: ASYNC -> STATS> Tiempo respuesta 0.003468 seg.
Tue Sep 11 10:38:29 BOT 2012: Busqueda Inteligente: resultados >110327
Tue Sep 11 10:39:05 BOT 2012: Busqueda Inteligente: resultados >104467
Tue Sep 11 10:40:57 BOT 2012: Ajax-> Mostrar  Imagen Portada> tono:126141 
Tue Sep 11 10:43:12 BOT 2012: Ajax->Mostrar Comentarios:  
Tue Sep 11 10:44:34 BOT 2012: Ajax->Mostrar Comentarios:  
Tue Sep 11 10:46:28 BOT 2012: Ajax->Mostrar Imagen Portada:  
Tue Sep 11 10:49:05 BOT 2012: Ajax-> Mostrar  Nombre Genero > tono:153338 
Tue Sep 11 10:49:38 BOT 2012: Ajax->Mostrar Imagen Portada:  
Tue Sep 11 10:49:56 BOT 2012: Ajax->Mostrar Comentarios:  
Tue Sep 11 10:49:59 BOT 2012: Ajax->Mostrar Reproducciones:  
Tue Sep 11 10:49:59 BOT 2012: Asignar backtone escuchado > Asi termino:103876,155266,103113,103464,102622,104305,104172,104190,102543,509,
Tue Sep 11 10:49:59 BOT 2012: Asignar backtone escuchado > Asi termino:133415,102811,122538,103615,133414,102804,104788,104972,104364,104910,104582,103279,105555,103192,104980,145154,144686,105243,307,129931,
Tue Sep 11 10:52:15 BOT 2012: Ajax->Mostrar Ranking:  
Tue Sep 11 10:54:09 BOT 2012: ASYNC -> STATS> Tiempo respuesta 0.001497 seg.
Tue Sep 11 10:54:18 BOT 2012: Ajax->Mostrar Comentarios:  
Tue Sep 11 10:54:36 BOT 2012: Ajax->Mostrar Nombre Genero:  
Tue Sep 11 10:54:42 BOT 2012: Ajax->Mostrar Imagen Portada:  
Tue Sep 11 10:55:30 BOT 2012: Ajax-> Mostrar Comentarios> tono:110187 
Tue Sep 11 10:56:22 BOT 2012: WEB_REPRODUCIR_BUSQUEDA > Se recibieron:114 tonos
Tue Sep 11 10:56:28 BOT 2012: Asignar backtone escuchado > Asi termino:156158,153346,153348,155678,153338,156166,156168,156154,155680,156156,152874,153380,152878,152880,156164,153344,156160,153342,103428,
Tue Sep 11 10:56:55 BOT 2012: Ajax->Mostrar Reproducciones:  
Tue Sep 11 10:59:53 BOT 2012: Ajax->Mostrar Comentarios:  
Tue Sep 11 11:01:02 BOT 2012: Ajax->Mostrar Reproducciones:  
Tue Sep 11 11:01:41 BOT 2012: WEB_REPRODUCIR_BUSQUEDA > Se recibieron:71 tonos
Tue Sep 11 11:05:12 BOT 2012: Busqueda Inteligente: resultados >103588
Tue Sep 11 11:05:21 BOT 2012: ASYNC -> STATS> Tiempo respuesta 0.004719 seg.
Tue Sep 11 11:06:54 BOT 2012: Ajax-> Mostrar Comentarios> tono:129924 
Tue Sep 11 11:07:51 BOT 2012: Ajax-> Mostrar Ranking > tono:103284 
Tue Sep 11 11:08:16 BOT 2012: Ajax->Mostrar Nombre Artista:  
Tue Sep 11 11:08:31 BOT 2012: ASYNC -> STATS> Tiempo respuesta 0.002096 seg.
Tue Sep 11 11:09:13 BOT 2012: Ajax-> Mostrar  Nombre Artista > tono:128235 
Tue Sep 11 11:13:59 BOT 2012: Session Start>  session por defecto 
Tue Sep 11 11:14:35 BOT 2012: Ajax->Mostrar Ranking:  
Tue Sep 11 11:14:38 BOT 2012: Busqueda Inteligente: resultados >139968
Tue Sep 11 11:14:53 BOT 2012: Asignar backtone escuchado > Asi termino:104174,102661,538,137253,102789,102788,104818,105419,126859,126710,103706,103703,126855,126857,103705,103710,102628,102627,102626,102625,
Tue Sep 11 11:15:47 BOT 2012: Ajax-> Mostrar Ranking > tono:126486 
Tue Sep 11 11:16:15 BOT 2012: Ajax->Mostrar Reproducciones:  
Tue Sep 11 11:21:31 BOT 2012: Ajax-> Mostrar  Nombre Artista > tono:134683 
Tue Sep 11 11:22:10 BOT 2012: Ajax->Mostrar Comentarios:  
Tue Sep 11 11:23:13 BOT 2012: Ajax->Mostrar Imagen Portada:  
Tue Sep 11 11:23:46 BOT 2012: Ajax->Mostrar Comentarios:  
Tue Sep 11 11:25:08 BOT 2012: Ajax-> Mostrar Ranking > tono:102955 
Tue Sep 11 11:26:17 BOT 2012: Ajax->Mostrar Imagen Portada:  
Tue Sep 11 11:27:35 BOT 2012: Ajax->Mostrar Nombre Genero:  
Tue Sep 11 11:32:34 BOT 2012: ASYNC -> STATS> Tiempo respuesta 0.00261 seg.
Tue Sep 11 11:33:16 BOT 2012: Busqueda Inteligente: resultados >107751
Tue Sep 11 11:33:22 BOT 2012: ASYNC -> STATS> Tiempo respuesta -0.348962 seg.
Tue Sep 11 11:33:22 BOT 2012: ASYNC -> STATS> Tiempo respuesta 0.208115 seg.
Tue Sep 11 11:33:28 BOT 2012: Ajax->Mostrar Comentarios:  
Tue Sep 11 11:33:31 BOT 2012: Ajax-> Mostrar  Imagen Portada> tono:141881 
Tue Sep 11 11:33:34 BOT 2012: Ajax-> Mostrar  Nombre Genero > tono:141881 
Tue Sep 11 11:34:49 BOT 2012: Ajax->Mostrar Reproducciones:  
Tue Sep 11 11:35:46 BOT 2012: Asignar backtone escuchado > Asi termino:133448,125100,125098,125096,125094,145186,145176,150032,152414,153338,154234,142140,142138,137244,152504,124243,137253,103458,103462,106266,
Tue Sep 11 11:35:52 BOT 2012: ASYNC -> STATS> Tiempo respuesta 0.010898 seg.
Tue Sep 11 11:36:53 BOT 2012: ASYNC -> STATS> Tiempo respuesta 0.00356 seg.
Tue Sep 11 11:39:32 BOT 2012: Session Start>  session por defecto 
Tue Sep 11 11:40:35 BOT 2012: Ajax->Mostrar Ranking:  
Tue Sep 11 11:44:43 BOT 2012: Ajax-> Mostrar Ranking > tono:127759 
Tue Sep 11 11:47:07 BOT 2012: ASYNC -> STATS> Tiempo respuesta 0.001583 seg.
Tue Sep 11 11:50:29 BOT 2012: Ajax->Mostrar Comentarios:  
Tue Sep 11 11:50:41 BOT 2012: Ajax->Mostrar Reproducciones:  
Tue Sep 11 11:53:57 BOT 2012: Ajax-> Mostrar Ranking > tono:126167 
Tue Sep 11 11:54:18 BOT 2012: ASYNC -> STATS> Tiempo respuesta 0.002387 seg.
Tue Sep 11 11:54:36 BOT 2012: Ajax->Mostrar Nombre Artista:  
Tue Sep 11 11:56:28 BOT 2012: Ajax-> Mostrar Comentarios> tono:141078 
Tue Sep 11 11:56:40 BOT 2012: Session Start>  session por defecto 
Tue Sep 11 11:57:28 BOT 2012: Ajax->Mostrar Nombre Genero:  
Tue Sep 11 11:57:34 BOT 2012: Ajax->Mostrar Ranking:  
Tue Sep 11 11:59:13 BOT 2012: Asignar backtone escuchado > Asi termino:102675,155386,
Tue Sep 11 11:59:25 BOT 2012: Asignar backtone escuchado > Asi termino:104828,133791,112461,619,104827,112438,131837,104826,628,112436,141078,131635,131633,104174,
Tue Sep 11 12:02:05 BOT 2012: Mostrar Ranking: tono:103239 calificacion: 
Tue Sep 11 12:03:32 BOT 2012: Consulta de precio de reason:10 - msisdn: tono:133434 Async responde:350
 
Tue Sep 11 12:03:53 BOT 2012: ASYNC -> STATS> Tiempo respuesta 0.002363 seg.
Tue Sep 11 12:04:39 BOT 2012: Ajax->Mostrar Ranking:  
Tue Sep 11 12:05:39 BOT 2012: ASYNC -> STATS> Tiempo respuesta 0.07804 seg.
Tue Sep 11 12:07:27 BOT 2012: Ajax-> Mostrar  Nombre Genero > tono:103520 
Tue Sep 11 12:07:30 BOT 2012: Ajax-> Mostrar  Nombre Artista > tono:103049 
Tue Sep 11 12:09:46 BOT 2012: Busqueda Inteligente: NINO BRAVO
Tue Sep 11 12:11:10 BOT 2012: Asignar backtone escuchado > Asi termino:103134,103086,163,102630,107586,103482,134025,107585,134028,105290,103430,436,437,103428,103481,155090,103423,102728,103451,
Tue Sep 11 12:11:46 BOT 2012: Ajax->Mostrar Megusta:  
Tue Sep 11 12:14:17 BOT 2012: Ajax->Mostrar Ranking:  
Tue Sep 11 12:17:36 BOT 2012: Ajax-> Mostrar  Nombre Genero > tono:116856 
Tue Sep 11 12:18:27 BOT 2012: Ajax->Mostrar Reproducciones:  
Tue Sep 11 12:19:09 BOT 2012: Ajax-> Mostrar Comentarios> tono:134015 
Tue Sep 11 12:19:21 BOT 2012: Ajax-> Mostrar Ranking > tono:137970 
Tue Sep 11 12:20:16 BOT 2012: Asignar backtone escuchado > Asi termino:118748,118744,131003,131001,130999,137970,155200,102985,113023,87,154230,154228,147878,154226,103488,103218,104629,118734,118732,118730,
Tue Sep 11 12:20:37 BOT 2012: Mostrar Cantidad reproducciones: tono:518 cantidad: 0
Tue Sep 11 12:21:37 BOT 2012: Ajax-> Mostrar  Imagen Portada> tono:106266 
Tue Sep 11 12:22:49 BOT 2012: ASYNC -> STATS> Tiempo respuesta -0.086069 seg.
Tue Sep 11 12:23:22 BOT 2012: Ajax-> Mostrar  Imagen Portada> tono:128218 
Tue Sep 11 12:23:40 BOT 2012: Ajax->Mostrar Comentarios:  
Tue Sep 11 12:23:55 BOT 2012: Ajax->Mostrar Imagen Portada:  
Tue Sep 11 12:24:19 BOT 2012: Ajax-> Mostrar Megusta> tono:103426 
Tue Sep 11 12:30:15 BOT 2012: Ajax-> Mostrar Comentarios> tono:104393 
Tue Sep 11 12:30:30 BOT 2012: ASYNC -> STATS> Tiempo respuesta 0.002789 seg.
Tue Sep 11 12:30:30 BOT 2012: Ajax->Mostrar Megusta:  
Tue Sep 11 12:31:12 BOT 2012: Busqueda Inteligente: resultados >145830
Tue Sep 11 12:32:03 BOT 2012: Ajax->Mostrar Ranking:  
Tue Sep 11 12:36:07 BOT 2012: Ajax-> Mostrar Megusta> tono:134029 
Tue Sep 11 12:36:10 BOT 2012: Ajax->Mostrar Imagen Portada:  
Tue Sep 11 12:42:51 BOT 2012: Ajax-> Mostrar Ranking > tono:110079 
Tue Sep 11 12:43:30 BOT 2012: Ajax->Mostrar Megusta:  
Tue Sep 11 12:50:32 BOT 2012: Ajax-> Mostrar Ranking > tono:104503 
Tue Sep 11 12:52:42 BOT 2012: Ajax->Mostrar Megusta:  
Tue Sep 11 12:53:48 BOT 2012: Ajax->Mostrar Reproducciones:  
Tue Sep 11 12:57:09 BOT 2012: ASYNC -> STATS> Tiempo respuesta 0.001795 seg.
Tue Sep 11 12:58:18 BOT 2012: Ajax->Mostrar Nombre Artista:  
Tue Sep 11 12:58:18 BOT 2012: Ajax-> Mostrar Megusta> tono:145921 
Tue Sep 11 12:58:30 BOT 2012: Ajax->Mostrar Nombre Artista:  
Tue Sep 11 12:58:52 BOT 2012: Ajax->Mostrar Nombre Genero:  
Tue Sep 11 12:58:55 BOT 2012: Ajax->Mostrar Imagen Portada:  
Tue Sep 11 13:00:13 BOT 2012: Asignar backtone escuchado > Asi termino:104078,104505,104002,104077,104073,104205,124976,104074,104072,103596,103595,
Tue Sep 11 13:00:22 BOT 2012: Asignar backtone escuchado > Asi termino:104787,102953,107573,104815,103747,103823,104673,103458,144690,102526,105295,105302,102788,103627,18,129261,103190,103691,104440,112705,
Tue Sep 11 13:00:25 BOT 2012: Ajax->Mostrar Ranking:  
Tue Sep 11 13:00:28 BOT 2012: Ajax->Mostrar Megusta:  
Tue Sep 11 13:00:31 BOT 2012: Ajax->Mostrar Nombre Genero:  
Tue Sep 11 13:00:31 BOT 2012: Ajax->Mostrar Comentarios:  
Tue Sep 11 13:00:31 BOT 2012: Ajax->Mostrar Nombre Artista:  
Tue Sep 11 13:03:11 BOT 2012: Ajax-> Mostrar Megusta> tono:105519 
Tue Sep 11 13:03:35 BOT 2012: Ajax->Mostrar Comentarios:  
Tue Sep 11 13:04:14 BOT 2012: Ajax-> Mostrar Megusta> tono:128235 
Tue Sep 11 13:06:32 BOT 2012: ASYNC -> STATS> Tiempo respuesta 0.001973 seg.
Tue Sep 11 13:09:24 BOT 2012: Ajax->Mostrar Ranking:  
Tue Sep 11 13:10:33 BOT 2012: Asignar backtone escuchado > Asi termino:118727,118725,118724,105234,125516,117841,117840,107747,107794,107788,107763,130802,135057,130814,103815,
Tue Sep 11 13:10:48 BOT 2012: Ajax->Mostrar Nombre Artista:  
Tue Sep 11 13:19:33 BOT 2012: Ajax->Mostrar Reproducciones:  
Tue Sep 11 13:20:40 BOT 2012: Ajax-> Mostrar Comentarios> tono:130053 
Tue Sep 11 13:23:05 BOT 2012: Ajax-> Mostrar Ranking > tono:144110 
Tue Sep 11 13:26:03 BOT 2012: Ajax->Mostrar Reproducciones:  
Tue Sep 11 13:29:13 BOT 2012: Asignar backtone escuchado > Asi termino:104432,104431,
Tue Sep 11 13:29:34 BOT 2012: Ajax-> Mostrar Megusta> tono:104561 
Tue Sep 11 13:29:43 BOT 2012: Ajax->Mostrar Megusta:  
Tue Sep 11 13:30:34 BOT 2012: Ajax-> Mostrar  Nombre Artista > tono:105239 
Tue Sep 11 13:35:29 BOT 2012: Mostrar Genero: >G&eacute;nero:  <a href='index.php?seccion=playlist&genero=136'>Reggaeton</a>
Tue Sep 11 13:41:59 BOT 2012: Ajax-> Mostrar  Nombre Artista > tono:104431 
Tue Sep 11 13:42:41 BOT 2012: Ajax-> Mostrar  Nombre Genero > tono:131042 
Tue Sep 11 13:43:05 BOT 2012: Ajax-> Mostrar Ranking > tono:150214 
Tue Sep 11 13:43:35 BOT 2012: Ajax->Mostrar Imagen Portada:  
Tue Sep 11 13:44:05 BOT 2012: Ajax-> Mostrar  Nombre Genero > tono:104570 
Tue Sep 11 13:44:08 BOT 2012: Ajax-> Mostrar Ranking > tono:141266 
Tue Sep 11 13:45:21 BOT 2012: Ajax-> Mostrar Comentarios> tono:104532 
Tue Sep 11 13:47:36 BOT 2012: Mostrar Cantidad reproducciones: tono:123718 cantidad: 0
Tue Sep 11 13:47:42 BOT 2012: Ajax->Mostrar Nombre Artista:  
Tue Sep 11 13:47:45 BOT 2012: Consulta de precio de reason:10 - msisdn: tono:137817 Async responde:350
 
Tue Sep 11 13:48:43 BOT 2012: Asignar backtone escuchado > Asi termino:104846,104851,103044,104850,105239,104849,103043,103042,104848,103041,103040,104847,103039,104817,131823,104663,127894,127904,127912,
Tue Sep 11 13:49:16 BOT 2012: Ajax-> Mostrar Ranking > tono:137852 
Tue Sep 11 13:50:43 BOT 2012: Busqueda Inteligente: resultados >104904
Tue Sep 11 13:53:29 BOT 2012: Mostrar Album: >Artista:  <a href='index.php?seccion=playlist&autor=726'>RKM & Ken y</a>
Tue Sep 11 13:54:44 BOT 2012: Asignar backtone escuchado > Asi termino:123718,128612,128235,128237,105519,128221,132462,132108,128231,128218,128220,134027,134029,128233,140817,106298,126167,134658,126141,
Tue Sep 11 13:56:30 BOT 2012: Asignar backtone escuchado > Asi termino:105293,103433,103432,103431,
Tue Sep 11 13:57:06 BOT 2012: Asignar backtone escuchado > Asi termino:84,604,322,386,129924,126476,109227,108557,105422,103466,105746,107737,106295,106294,107794,107788,106290,106289,106288,106286,
Tue Sep 11 13:57:27 BOT 2012: Mostrar Album: >albumes/album-default.jpg
Tue Sep 11 14:02:19 BOT 2012: Ajax-> Mostrar  Imagen Portada> tono:105290 
Tue Sep 11 14:04:26 BOT 2012: Ajax->Mostrar Nombre Genero:  
Tue Sep 11 14:05:03 BOT 2012: Ajax->Mostrar Reproducciones:  
Tue Sep 11 14:06:42 BOT 2012: Ajax-> Mostrar Ranking > tono:105491 
Tue Sep 11 14:08:27 BOT 2012: Ajax-> Mostrar  Nombre Artista > tono:105342 
Tue Sep 11 14:14:05 BOT 2012: Mostrar Ranking: tono:109227 calificacion: 
Tue Sep 11 14:15:51 BOT 2012: Ajax->Mostrar Megusta:  
Tue Sep 11 14:16:54 BOT 2012: Consulta de precio de reason:3 - msisdn:76630490 tono:133415 Async responde:350
 
Tue Sep 11 14:21:01 BOT 2012: ASYNC -> STATS> Tiempo respuesta -0.120418 seg.
Tue Sep 11 14:21:01 BOT 2012: Ajax->Mostrar Megusta:  
Tue Sep 11 14:25:35 BOT 2012: Ajax->Mostrar Nombre Genero:  
Tue Sep 11 14:31:46 BOT 2012: Ajax->Mostrar Reproducciones:  
Tue Sep 11 14:31:58 BOT 2012: Ajax->Mostrar Ranking:  
Tue Sep 11 14:31:58 BOT 2012: Ajax-> Mostrar  Nombre Artista > tono:155680 
Tue Sep 11 14:32:22 BOT 2012: Retornando el siguiente resultado 
 <div><div id='contenedor-albumes'><div  id="contenedor-busqueda" style="height:35px;">
    <div class="contenedor-enlaces-busqueda"  >
        <a class="enlaces-busqueda" style="color:navy;"href='index.php?seccion=playlist&autor=782' >J King & Maximan</a>
    </div>
</div>
<div  id="contenedor-busqueda" style="height:35px;">
    <div class="contenedor-enlaces-busqueda"  >
        <a class="enlaces-busqueda" style="color:navy;"href='index.php?seccion=playlist&autor=666' >Jackson 5</a>
    </div>
</div>
<div  id="contenedor-busqueda" style="height:35px;">
    <div class="contenedor-enlaces-busqueda"  >
        <a class="enlaces-busqueda" style="color:navy;"href='index.php?seccion=playlist&autor=179' >Jade</a>
    </div>
</div>
<div  id="contenedor-busqueda" style="height:35px;">
    <div class="contenedor-enlaces-busqueda"  >
        <a class="enlaces-busqueda" style="color:navy;"href='index.php?seccion=playlist&autor=739' >Jake Mate</a>
    </div>
</div>
<div  id="contenedor-busqueda" style="height:35px;">
    <div class="contenedor-enlaces-busqueda"  >
        <a class="enlaces-busqueda" style="color:navy;"href='index.php?seccion=playlist&autor=190' >Jambao</a>
    </div>
</div>
<div  id="contenedor-busqueda" style="height:35px;">
    <div class="contenedor-enlaces-busqueda"  >
        <a class="enlaces-busqueda" style="color:navy;"href='index.php?seccion=playlist&autor=369' >Jamiroquai</a>
    </div>
</div>
<div  id="contenedor-busqueda" style="height:35px;">
    <div class="contenedor-enlaces-busqueda"  >
        <a class="enlaces-busqueda" style="color:navy;"href='index.php?seccion=playlist&autor=610' >Jardin Unicornio</a>
    </div>
</div>
<div  id="contenedor-busqueda" style="height:35px;">
    <div class="contenedor-enlaces-busqueda"  >
        <a class="enlaces-busqueda" style="color:navy;"href='index.php?seccion=playlist&autor=407' >Javier Lopez</a>
    </div>
</div>
<div  id="contenedor-busqueda" style="height:35px;">
    <div class="contenedor-enlaces-busqueda"  >
        <a class="enlaces-busqueda" style="color:navy;"href='index.php?seccion=playlist&autor=101' >Jay D</a>
    </div>
</div>
<div  id="contenedor-busqueda" style="height:35px;">
    <div class="contenedor-enlaces-busqueda"  >
        <a class="enlaces-busqueda" style="color:navy;"href='index.php?seccion=playlist&autor=1159' >Jay Z</a>
    </div>
</div>
<div  id="contenedor-busqueda" style="height:35px;">
    <div class="contenedor-enlaces-busqueda"  >
        <a class="enlaces-busqueda" style="color:navy;"href='index.php?seccion=playlist&autor=336' >Jenni rivera</a>
    </div>
</div>
<div  id="contenedor-busqueda" style="height:35px;">
    <div class="contenedor-enlaces-busqueda"  >
        <a class="enlaces-busqueda" style="color:navy;"href='index.php?seccion=playlist&autor=129' >Jennifer Lopez</a>
    </div>
</div>
<div  id="contenedor-busqueda" style="height:35px;">
    <div class="contenedor-enlaces-busqueda"  >
        <a class="enlaces-busqueda" style="color:navy;"href='index.php?seccion=playlist&autor=1304' >Jessie J</a>
    </div>
</div>
<div  id="contenedor-busqueda" style="height:35px;">
    <div class="contenedor-enlaces-busqueda"  >
        <a class="enlaces-busqueda" style="color:navy;"href='index.php?seccion=playlist&autor=303' >Jesus A Romero</a>
    </div>
</div>
<div  id="contenedor-busqueda" style="height:35px;">
    <div class="contenedor-enlaces-busqueda"  >
        <a class="enlaces-busqueda" style="color:navy;"href='index.php?seccion=playlist&autor=424' >Jesus Adrian Romero</a>
    </div>
</div>
<div  id="contenedor-busqueda" style="height:35px;">
    <div class="contenedor-enlaces-busqueda"  >
        <a class="enlaces-busqueda" style="color:navy;"href='index.php?seccion=playlist&autor=1412' >Jiggy Drama Opratel</a>
    </div>
</div>
<div  id="contenedor-busqueda" style="height:35px;">
    <div class="contenedor-enlaces-busqueda"  >
        <a class="enlaces-busqueda" style="color:navy;"href='index.php?seccion=playlist&autor=1433' >Jimi Hendrix</a>
    </div>
</div>
<div  id="contenedor-busqueda" style="height:35px;">
    <div class="contenedor-enlaces-busqueda"  >
        <a class="enlaces-busqueda" style="color:navy;"href='index.php?seccion=playlist&autor=1257' >Joao Bosco e Vinicius</a>
    </div>
</div>
<div  id="contenedor-busqueda" style="height:35px;">
    <div class="contenedor-enlaces-busqueda"  >
        <a class="enlaces-busqueda" style="color:navy;"href='index.php?seccion=playlist&autor=319' >Joaquin Botero</a>
    </div>
</div>
<div  id="contenedor-busqueda" style="height:35px;">
    <div class="contenedor-enlaces-busqueda"  >
        <a class="enlaces-busqueda" style="color:navy;"href='index.php?seccion=playlist&autor=616' >JOE COCKER</a>
    </div>
</div>
<div  id="contenedor-busqueda" style="height:35px;">
    <div class="contenedor-enlaces-busqueda"  >
        <a class="enlaces-busqueda" style="color:navy;"href='index.php?seccion=playlist&autor=1411' >Joe JOnas</a>
    </div>
</div>
<div  id="contenedor-busqueda" style="height:35px;">
    <div class="contenedor-enlaces-busqueda"  >
        <a class="enlaces-busqueda" style="color:navy;"href='index.php?seccion=playlist&autor=1672' >John Williams</a>
    </div>
</div>
<div  id="contenedor-busqueda" style="height:35px;">
    <div class="contenedor-enlaces-busqueda"  >
        <a class="enlaces-busqueda" style="color:navy;"href='index.php?seccion=playlist&autor=324' >Jonhy el polakito</a>
    </div>
</div>
<div  id="contenedor-busqueda" style="height:35px;">
    <div class="contenedor-enlaces-busqueda"  >
        <a class="enlaces-busqueda" style="color:navy;"href='index.php?seccion=playlist&autor=351' >Jorge Becerra</a>
    </div>
</div>
<div  id="contenedor-busqueda" style="height:35px;">
    <div class="contenedor-enlaces-busqueda"  >
        <a class="enlaces-busqueda" style="color:navy;"href='index.php?seccion=playlist&autor=162' >Jorge eduardo</a>
    </div>
</div>
<div  id="contenedor-busqueda" style="height:35px;">
    <div class="contenedor-enlaces-busqueda"  >
        <a class="enlaces-busqueda" style="color:navy;"href='index.php?seccion=playlist&autor=1122' >Jose Alfredo Castillo</a>
    </div>
</div>
<div  id="contenedor-busqueda" style="height:35px;">
    <div class="contenedor-enlaces-busqueda"  >
        <a class="enlaces-busqueda" style="color:navy;"href='index.php?seccion=playlist&autor=1233' >Jose Feliciano</a>
    </div>
</div>
<div  id="contenedor-busqueda" style="height:35px;">
    <div class="contenedor-enlaces-busqueda"  >
        <a class="enlaces-busqueda" style="color:navy;"href='index.php?seccion=playlist&autor=1559' >Jose Luis Melgar</a>
    </div>
</div>
<div  id="contenedor-busqueda" style="height:35px;">
    <div class="contenedor-enlaces-busqueda"  >
        <a class="enlaces-busqueda" style="color:navy;"href='index.php?seccion=playlist&autor=340' >Joselito Vaca</a>
    </div>
</div>
<div  id="contenedor-busqueda" style="height:35px;">
    <div class="contenedor-enlaces-busqueda"  >
        <a class="enlaces-busqueda" style="color:navy;"href='index.php?seccion=playlist&autor=489' >Joselo Nomey</a>
    </div>
</div>
<div  id="contenedor-busqueda" style="height:35px;">
    <div class="contenedor-enlaces-busqueda"  >
        <a class="enlaces-busqueda" style="color:navy;"href='index.php?seccion=playlist&autor=77' >Joss Stone</a>
    </div>
</div>
<div  id="contenedor-busqueda" style="height:35px;">
    <div class="contenedor-enlaces-busqueda"  >
        <a class="enlaces-busqueda" style="color:navy;"href='index.php?seccion=playlist&autor=119' >Jovenes Pordioseros</a>
    </div>
</div>
<div  id="contenedor-busqueda" style="height:35px;">
    <div class="contenedor-enlaces-busqueda"  >
        <a class="enlaces-busqueda" style="color:navy;"href='index.php?seccion=playlist&autor=210' >Juan Gabriel</a>
    </div>
</div>
<div  id="contenedor-busqueda" style="height:35px;">
    <div class="contenedor-enlaces-busqueda"  >
        <a class="enlaces-busqueda" style="color:navy;"href='index.php?seccion=playlist&autor=1112' >Juan Magan</a>
    </div>
</div>
<div  id="contenedor-busqueda" style="height:35px;">
    <div class="contenedor-enlaces-busqueda"  >
        <a class="enlaces-busqueda" style="color:navy;"href='index.php?seccion=playlist&autor=271' >Juan Ramon</a>
    </div>
</div>
<div  id="contenedor-busqueda" style="height:35px;">
    <div class="contenedor-enlaces-busqueda"  >
        <a class="enlaces-busqueda" style="color:navy;"href='index.php?seccion=playlist&autor=356' >juana la loca</a>
    </div>
</div>
</div><!-- CONTENEDOR !-->
                                </div><!-- ITEMS !-->
                                <div><!-- ITEMS 37 !-->
                                <div id='contenedor-albumes'><div  id="contenedor-busqueda" style="height:35px;">
    <div class="contenedor-enlaces-busqueda"  >
        <a class="enlaces-busqueda" style="color:navy;"href='index.php?seccion=playlist&autor=18' >Juanes</a>
    </div>
</div>
<div  id="contenedor-busqueda" style="height:35px;">
    <div class="contenedor-enlaces-busqueda"  >
        <a class="enlaces-busqueda" style="color:navy;"href='index.php?seccion=playlist&autor=211' >Juarez Insaurralde</a>
    </div>
</div>
<div  id="contenedor-busqueda" style="height:35px;">
    <div class="contenedor-enlaces-busqueda"  >
        <a class="enlaces-busqueda" style="color:navy;"href='index.php?seccion=playlist&autor=58' >Julieta Venegas</a>
    </div>
</div>
<div  id="contenedor-busqueda" style="height:35px;">
    <div class="contenedor-enlaces-busqueda"  >
        <a class="enlaces-busqueda" style="color:navy;"href='index.php?seccion=playlist&autor=521' >Julio Iglesias</a>
    </div>
</div>
<div  id="contenedor-busqueda" style="height:35px;">
    <div class="contenedor-enlaces-busqueda"  >
        <a class="enlaces-busqueda" style="color:navy;"href='index.php?seccion=playlist&autor=772' >Junio Boombastick</a>
    </div>
</div>
<div  id="contenedor-busqueda" style="height:35px;">
    <div class="contenedor-enlaces-busqueda"  >
        <a class="enlaces-busqueda" style="color:navy;"href='index.php?seccion=playlist&autor=541' >Junior</a>
    </div>
</div>
<div  id="contenedor-busqueda" style="height:35px;">
    <div class="contenedor-enlaces-busqueda"  >
        <a class="enlaces-busqueda" style="color:navy;"href='index.php?seccion=playlist&autor=1148' >Justin Bieber</a>
    </div>
</div>
<div  id="contenedor-busqueda" style="height:35px;">
    <div class="contenedor-enlaces-busqueda"  >
        <a class="enlaces-busqueda" style="color:navy;"href='index.php?seccion=playlist&autor=656' >Justin Timberlake</a>
    </div>
</div>
<div  id="contenedor-busqueda" style="height:35px;">
    <div class="contenedor-enlaces-busqueda"  >
        <a class="enlaces-busqueda" style="color:navy;"href='index.php?seccion=playlist&autor=1121' >Justo a Tiempo</a>
    </div>
</div>
</div></div>
Tue Sep 11 14:33:16 BOT 2012: Ajax->Mostrar Reproducciones:  
Tue Sep 11 14:34:01 BOT 2012: Ajax-> Mostrar  Nombre Artista > tono:152128 
Tue Sep 11 14:36:38 BOT 2012: Ajax-> Mostrar Ranking > tono:146574 
Tue Sep 11 14:37:48 BOT 2012: Mostrar Album: >albumes/album-default.jpg
Tue Sep 11 14:37:48 BOT 2012: Ajax->Mostrar Nombre Genero:  
Tue Sep 11 14:38:39 BOT 2012: Ajax->Mostrar Nombre Artista:  
Tue Sep 11 14:40:16 BOT 2012: Ajax-> Comprar Backtone: msisdn: 
Tue Sep 11 14:41:31 BOT 2012: Asignar backtone escuchado > Asi termino:108557,105422,103466,105746,107737,106295,106294,107794,106290,107788,106289,106288,106286,104179,104165,105534,102622,104532,104178,102610,
Tue Sep 11 14:44:01 BOT 2012: Ajax-> Mostrar Comentarios> tono:104652 
Tue Sep 11 14:45:08 BOT 2012: Ajax->Actualizar pin usuario >recibe el msisdn: 
Tue Sep 11 14:45:50 BOT 2012: Ajax-> Mostrar Megusta> tono:104261 
Tue Sep 11 14:45:53 BOT 2012: Asignar backtone escuchado > Asi termino:104261,124965,85,43,104286,103482,134025,103428,103481,103423,105290,144150,144149,104647,103593,103592,103786,135682,103590,135137,
Tue Sep 11 14:45:56 BOT 2012: Consulta de precio de reason:10 - msisdn: tono:103274 Async responde:350
 
Tue Sep 11 14:48:11 BOT 2012: Ajax-> Mostrar Megusta> tono:103040 
Tue Sep 11 14:54:04 BOT 2012: Ajax-> Mostrar Comentarios> tono:137086 
Tue Sep 11 14:55:13 BOT 2012: Ajax->Mostrar Nombre Artista:  
Tue Sep 11 14:55:19 BOT 2012: Ajax-> Mostrar Ranking > tono:104029 
Tue Sep 11 14:56:22 BOT 2012: Ajax->Mostrar Nombre Genero:  
Tue Sep 11 14:56:22 BOT 2012: Asignar backtone escuchado > Asi termino:102627,105361,102675,102876,104029,104026,103235,538,204,104460,199,205,103992,112702,103274,102672,103086,103790,102630,144152,
Tue Sep 11 14:56:50 BOT 2012: ASYNC -> STATS> Tiempo respuesta 0.00321 seg.
Tue Sep 11 14:56:53 BOT 2012: Ajax-> Mostrar Ranking > tono:103041 
Tue Sep 11 14:56:56 BOT 2012: ASYNC -> STATS> Tiempo respuesta -0.608438 seg.
Tue Sep 11 14:56:56 BOT 2012: ASYNC -> STATS> Tiempo respuesta -0.00034200000000001 seg.
Tue Sep 11 14:59:59 BOT 2012: Ajax->Mostrar Imagen Portada:  
Tue Sep 11 15:01:09 BOT 2012: Ajax->Mostrar Nombre Genero:  
Tue Sep 11 15:01:12 BOT 2012: Ajax->Mostrar Comentarios:  
Tue Sep 11 15:01:54 BOT 2012: Ajax-> Mostrar Comentarios> tono:155204 
Tue Sep 11 15:04:49 BOT 2012: ASYNC -> STATS> Tiempo respuesta 0.003739 seg.
Tue Sep 11 15:04:58 BOT 2012: Asignar backtone escuchado > Asi termino:131823,104663,154234,
Tue Sep 11 15:04:58 BOT 2012: Ajax-> Mostrar Ranking > tono:240 
Tue Sep 11 15:05:01 BOT 2012: Ajax->Mostrar Reproducciones:  
Tue Sep 11 15:08:53 BOT 2012: Ajax->Mostrar Reproducciones:  
Tue Sep 11 15:11:05 BOT 2012: ASYNC -> STATS> Tiempo respuesta 0.002471 seg.
Tue Sep 11 15:11:41 BOT 2012: Retornando el siguiente resultado 
 <div><div id='contenedor-albumes'><div  id="contenedor-busqueda" style="height:35px;">
    <div class="contenedor-enlaces-busqueda"  >
        <a class="enlaces-busqueda" style="color:navy;"href='index.php?seccion=playlist&autor=105' >P Blades</a>
    </div>
</div>
<div  id="contenedor-busqueda" style="height:35px;">
    <div class="contenedor-enlaces-busqueda"  >
        <a class="enlaces-busqueda" style="color:navy;"href='index.php?seccion=playlist&autor=1245' >Pablo Fernandez</a>
    </div>
</div>
<div  id="contenedor-busqueda" style="height:35px;">
    <div class="contenedor-enlaces-busqueda"  >
        <a class="enlaces-busqueda" style="color:navy;"href='index.php?seccion=playlist&autor=218' >Pablo Lescano</a>
    </div>
</div>
<div  id="contenedor-busqueda" style="height:35px;">
    <div class="contenedor-enlaces-busqueda"  >
        <a class="enlaces-busqueda" style="color:navy;"href='index.php?seccion=playlist&autor=597' >Pablo Montero</a>
    </div>
</div>
<div  id="contenedor-busqueda" style="height:35px;">
    <div class="contenedor-enlaces-busqueda"  >
        <a class="enlaces-busqueda" style="color:navy;"href='index.php?seccion=playlist&autor=547' >Pan de Arroz</a>
    </div>
</div>
<div  id="contenedor-busqueda" style="height:35px;">
    <div class="contenedor-enlaces-busqueda"  >
        <a class="enlaces-busqueda" style="color:navy;"href='index.php?seccion=playlist&autor=291' >Pancho</a>
    </div>
</div>
<div  id="contenedor-busqueda" style="height:35px;">
    <div class="contenedor-enlaces-busqueda"  >
        <a class="enlaces-busqueda" style="color:navy;"href='index.php?seccion=playlist&autor=1282' >Panda</a>
    </div>
</div>
<div  id="contenedor-busqueda" style="height:35px;">
    <div class="contenedor-enlaces-busqueda"  >
        <a class="enlaces-busqueda" style="color:navy;"href='index.php?seccion=playlist&autor=276' >Panico Ramirez</a>
    </div>
</div>
<div  id="contenedor-busqueda" style="height:35px;">
    <div class="contenedor-enlaces-busqueda"  >
        <a class="enlaces-busqueda" style="color:navy;"href='index.php?seccion=playlist&autor=1572' >Parner</a>
    </div>
</div>
<div  id="contenedor-busqueda" style="height:35px;">
    <div class="contenedor-enlaces-busqueda"  >
        <a class="enlaces-busqueda" style="color:navy;"href='index.php?seccion=playlist&autor=193' >Patito Feo</a>
    </div>
</div>
<div  id="contenedor-busqueda" style="height:35px;">
    <div class="contenedor-enlaces-busqueda"  >
        <a class="enlaces-busqueda" style="color:navy;"href='index.php?seccion=playlist&autor=1305' >Paul McCartney</a>
    </div>
</div>
<div  id="contenedor-busqueda" style="height:35px;">
    <div class="contenedor-enlaces-busqueda"  >
        <a class="enlaces-busqueda" style="color:navy;"href='index.php?seccion=playlist&autor=1458' >Paul Van Dyk</a>
    </div>
</div>
<div  id="contenedor-busqueda" style="height:35px;">
    <div class="contenedor-enlaces-busqueda"  >
        <a class="enlaces-busqueda" style="color:navy;"href='index.php?seccion=playlist&autor=108' >Paulina Rubio</a>
    </div>
</div>
<div  id="contenedor-busqueda" style="height:35px;">
    <div class="contenedor-enlaces-busqueda"  >
        <a class="enlaces-busqueda" style="color:navy;"href='index.php?seccion=playlist&autor=723' >Pearl Jam</a>
    </div>
</div>
<div  id="contenedor-busqueda" style="height:35px;">
    <div class="contenedor-enlaces-busqueda"  >
        <a class="enlaces-busqueda" style="color:navy;"href='index.php?seccion=playlist&autor=514' >Pecos Romero</a>
    </div>
</div>
<div  id="contenedor-busqueda" style="height:35px;">
    <div class="contenedor-enlaces-busqueda"  >
        <a class="enlaces-busqueda" style="color:navy;"href='index.php?seccion=playlist&autor=174' >Perfecta</a>
    </div>
</div>
<div  id="contenedor-busqueda" style="height:35px;">
    <div class="contenedor-enlaces-busqueda"  >
        <a class="enlaces-busqueda" style="color:navy;"href='index.php?seccion=playlist&autor=403' >personajes</a>
    </div>
</div>
<div  id="contenedor-busqueda" style="height:35px;">
    <div class="contenedor-enlaces-busqueda"  >
        <a class="enlaces-busqueda" style="color:navy;"href='index.php?seccion=playlist&autor=624' >Peter</a>
    </div>
</div>
<div  id="contenedor-busqueda" style="height:35px;">
    <div class="contenedor-enlaces-busqueda"  >
        <a class="enlaces-busqueda" style="color:navy;"href='index.php?seccion=playlist&autor=266' >Pibes Chorros</a>
    </div>
</div>
<div  id="contenedor-busqueda" style="height:35px;">
    <div class="contenedor-enlaces-busqueda"  >
        <a class="enlaces-busqueda" style="color:navy;"href='index.php?seccion=playlist&autor=443' >Piemont</a>
    </div>
</div>
<div  id="contenedor-busqueda" style="height:35px;">
    <div class="contenedor-enlaces-busqueda"  >
        <a class="enlaces-busqueda" style="color:navy;"href='index.php?seccion=playlist&autor=332' >pier</a>
    </div>
</div>
<div  id="contenedor-busqueda" style="height:35px;">
    <div class="contenedor-enlaces-busqueda"  >
        <a class="enlaces-busqueda" style="color:navy;"href='index.php?seccion=playlist&autor=476' >Pig  Dan</a>
    </div>
</div>
<div  id="contenedor-busqueda" style="height:35px;">
    <div class="contenedor-enlaces-busqueda"  >
        <a class="enlaces-busqueda" style="color:navy;"href='index.php?seccion=playlist&autor=522' >Pimpinela</a>
    </div>
</div>
<div  id="contenedor-busqueda" style="height:35px;">
    <div class="contenedor-enlaces-busqueda"  >
        <a class="enlaces-busqueda" style="color:navy;"href='index.php?seccion=playlist&autor=117' >Pink</a>
    </div>
</div>
<div  id="contenedor-busqueda" style="height:35px;">
    <div class="contenedor-enlaces-busqueda"  >
        <a class="enlaces-busqueda" style="color:navy;"href='index.php?seccion=playlist&autor=173' >Piola vago</a>
    </div>
</div>
<div  id="contenedor-busqueda" style="height:35px;">
    <div class="contenedor-enlaces-busqueda"  >
        <a class="enlaces-busqueda" style="color:navy;"href='index.php?seccion=playlist&autor=1151' >Pipe Bueno</a>
    </div>
</div>
<div  id="contenedor-busqueda" style="height:35px;">
    <div class="contenedor-enlaces-busqueda"  >
        <a class="enlaces-busqueda" style="color:navy;"href='index.php?seccion=playlist&autor=689' >Pitbull</a>
    </div>
</div>
<div  id="contenedor-busqueda" style="height:35px;">
    <div class="contenedor-enlaces-busqueda"  >
        <a class="enlaces-busqueda" style="color:navy;"href='index.php?seccion=playlist&autor=236' >Pity Alvarez</a>
    </div>
</div>
<div  id="contenedor-busqueda" style="height:35px;">
    <div class="contenedor-enlaces-busqueda"  >
        <a class="enlaces-busqueda" style="color:navy;"href='index.php?seccion=playlist&autor=327' >Pivas</a>
    </div>
</div>
<div  id="contenedor-busqueda" style="height:35px;">
    <div class="contenedor-enlaces-busqueda"  >
        <a class="enlaces-busqueda" style="color:navy;"href='index.php?seccion=playlist&autor=222' >PK2</a>
    </div>
</div>
<div  id="contenedor-busqueda" style="height:35px;">
    <div class="contenedor-enlaces-busqueda"  >
        <a class="enlaces-busqueda" style="color:navy;"href='index.php?seccion=playlist&autor=777' >Plan B</a>
    </div>
</div>
<div  id="contenedor-busqueda" style="height:35px;">
    <div class="contenedor-enlaces-busqueda"  >
        <a class="enlaces-busqueda" style="color:navy;"href='index.php?seccion=playlist&autor=1297' >Plan B Opratel</a>
    </div>
</div>
<div  id="contenedor-busqueda" style="height:35px;">
    <div class="contenedor-enlaces-busqueda"  >
        <a class="enlaces-busqueda" style="color:navy;"href='index.php?seccion=playlist&autor=182' >PlanB</a>
    </div>
</div>
<div  id="contenedor-busqueda" style="height:35px;">
    <div class="contenedor-enlaces-busqueda"  >
        <a class="enlaces-busqueda" style="color:navy;"href='index.php?seccion=playlist&autor=154' >Play</a>
    </div>
</div>
<div  id="contenedor-busqueda" style="height:35px;">
    <div class="contenedor-enlaces-busqueda"  >
        <a class="enlaces-busqueda" style="color:navy;"href='index.php?seccion=playlist&autor=1204' >Play Boy</a>
    </div>
</div>
<div  id="contenedor-busqueda" style="height:35px;">
    <div class="contenedor-enlaces-busqueda"  >
        <a class="enlaces-busqueda" style="color:navy;"href='index.php?seccion=playlist&autor=1405' >Playa Limbo</a>
    </div>
</div>
</div><!-- CONTENEDOR !-->
                                </div><!-- ITEMS !-->
                                <div><!-- ITEMS 37 !-->
                                <div id='contenedor-albumes'><div  id="contenedor-busqueda" style="height:35px;">
    <div class="contenedor-enlaces-busqueda"  >
        <a class="enlaces-busqueda" style="color:navy;"href='index.php?seccion=playlist&autor=20' >Polo Montañez</a>
    </div>
</div>
<div  id="contenedor-busqueda" style="height:35px;">
    <div class="contenedor-enlaces-busqueda"  >
        <a class="enlaces-busqueda" style="color:navy;"href='index.php?seccion=playlist&autor=1225' >Porta</a>
    </div>
</div>
<div  id="contenedor-busqueda" style="height:35px;">
    <div class="contenedor-enlaces-busqueda"  >
        <a class="enlaces-busqueda" style="color:navy;"href='index.php?seccion=playlist&autor=183' >Prisma</a>
    </div>
</div>
<div  id="contenedor-busqueda" style="height:35px;">
    <div class="contenedor-enlaces-busqueda"  >
        <a class="enlaces-busqueda" style="color:navy;"href='index.php?seccion=playlist&autor=60' >Profeta</a>
    </div>
</div>
<div  id="contenedor-busqueda" style="height:35px;">
    <div class="contenedor-enlaces-busqueda"  >
        <a class="enlaces-busqueda" style="color:navy;"href='index.php?seccion=playlist&autor=1574' >Proyecto C</a>
    </div>
</div>
</div></div>
Tue Sep 11 15:13:03 BOT 2012: Ajax-> Mostrar Ranking > tono:142912 
Tue Sep 11 15:13:12 BOT 2012: Ajax->Mostrar Comentarios:  
Tue Sep 11 15:13:18 BOT 2012: Ajax->Mostrar Comentarios:  
Tue Sep 11 15:13:21 BOT 2012: Ajax->Mostrar Megusta:  
Tue Sep 11 15:13:21 BOT 2012: Ajax-> Mostrar Ranking > tono:105771 
Tue Sep 11 15:15:45 BOT 2012: Ajax-> Mostrar Ranking > tono:133681 
Tue Sep 11 15:16:21 BOT 2012: Ajax-> Mostrar Ranking > tono:257 
Tue Sep 11 15:21:50 BOT 2012: Ajax->Mostrar Ranking:  
Tue Sep 11 15:22:11 BOT 2012: Ajax-> Mostrar  Nombre Genero > tono:103950 
Tue Sep 11 15:22:26 BOT 2012: Asignar backtone escuchado > Asi termino:145319,145318,145317,145315,145313,145311,145309,145307,145305,145203,145202,145200,145198,145196,145195,145193,145192,145190,145188,145186,
Tue Sep 11 15:22:29 BOT 2012: Mostrar Ranking: tono:145320 calificacion: 
Tue Sep 11 15:24:32 BOT 2012: Ajax->Actualizar pin usuario
Tue Sep 11 15:26:39 BOT 2012: Ajax-> Mostrar Ranking > tono:137826 
Tue Sep 11 15:28:40 BOT 2012: ASYNC -> STATS> Tiempo respuesta 0.003821 seg.
Tue Sep 11 15:28:40 BOT 2012: Ajax->Mostrar Reproducciones:  
Tue Sep 11 15:28:52 BOT 2012: ASYNC -> STATS> Tiempo respuesta 0.003219 seg.
Tue Sep 11 15:31:34 BOT 2012: Ajax->Mostrar Reproducciones:  
Tue Sep 11 15:31:40 BOT 2012: Mostrar Megusta > tono: 144150 msisdn:77390442 > cantidad de registros: 0
Tue Sep 11 15:32:04 BOT 2012: Ajax->Mostrar Ranking:  
Tue Sep 11 15:33:32 BOT 2012: Ajax->Mostrar Ranking:  
Tue Sep 11 15:35:23 BOT 2012: Ajax-> Mostrar Ranking > tono:105381 
Tue Sep 11 15:35:47 BOT 2012: Busqueda Inteligente: resultados >104164
Tue Sep 11 15:40:40 BOT 2012: Ajax-> Mostrar  Imagen Portada> tono:103460 
Tue Sep 11 15:40:46 BOT 2012: Ajax-> Mostrar Ranking > tono:104172 
Tue Sep 11 15:41:25 BOT 2012: Ajax->Mostrar Megusta:  
Tue Sep 11 15:42:46 BOT 2012: ASYNC -> STATS> Tiempo respuesta 0.003493 seg.
Tue Sep 11 15:42:55 BOT 2012: ASYNC -> STATS> Tiempo respuesta 0.418523 seg.
Tue Sep 11 15:42:58 BOT 2012: ASYNC -> STATS> Tiempo respuesta -0.229972 seg.
Tue Sep 11 15:42:58 BOT 2012: ASYNC -> STATS> Tiempo respuesta 0.001722 seg.
Tue Sep 11 15:42:58 BOT 2012: ASYNC -> STATS> Tiempo respuesta 0.003352 seg.
Tue Sep 11 15:43:01 BOT 2012: Ajax->Mostrar Ranking:  
Tue Sep 11 15:47:02 BOT 2012: Ajax->Mostrar Ranking:  
Tue Sep 11 15:47:05 BOT 2012: Ajax->Mostrar Megusta:  
Tue Sep 11 15:49:51 BOT 2012: Ajax-> Mostrar  Imagen Portada> tono:118724 
Tue Sep 11 15:53:34 BOT 2012: Ajax-> Mostrar  Nombre Artista > tono:121501 
Tue Sep 11 15:54:16 BOT 2012: Ajax->Mostrar Ranking:  
Tue Sep 11 18:32:52 BOT 2012: ASYNC -> STATS> Tiempo respuesta 0.001698 seg.
Tue Sep 11 18:44:49 BOT 2012: Ajax-> Mostrar Ranking > tono:103450 
Tue Sep 11 18:51:27 BOT 2012: Ajax-> Mostrar  Nombre Artista > tono:154234 
Tue Sep 11 18:54:07 BOT 2012: Ajax-> Mostrar Ranking > tono:104393 
Tue Sep 11 18:54:37 BOT 2012: Ajax->Mostrar Nombre Artista:  
Tue Sep 11 18:54:52 BOT 2012: Ajax-> Mostrar Ranking > tono:132451 
Tue Sep 11 18:57:53 BOT 2012: Ajax-> Mostrar  Genero > G&eacute;nero:  <a href='index.php?seccion=playlist&genero=169'>Backtones de 2 Bolivianos</a>
Tue Sep 11 19:00:42 BOT 2012: ASYNC -> STATS> Tiempo respuesta -0.429778 seg.
Tue Sep 11 19:00:42 BOT 2012: Ajax->Mostrar Nombre Artista:  
Tue Sep 11 19:00:51 BOT 2012: Consulta de precio de reason:2 - msisdn: tono:105235 Async responde:350
 
Tue Sep 11 19:15:40 BOT 2012: Busqueda Inteligente: 
Tue Sep 11 19:17:14 BOT 2012: Busqueda Inteligente: resultados >104528
Tue Sep 11 19:20:11 BOT 2012: Ajax->Mostrar Reproducciones:  
Tue Sep 11 19:22:39 BOT 2012: Ajax->Mostrar Nombre Genero:  
Tue Sep 11 19:22:42 BOT 2012: Ajax->Mostrar Reproducciones:  
Tue Sep 11 19:25:37 BOT 2012: Session Start>  session por defecto 
Tue Sep 11 19:30:32 BOT 2012: Ajax-> Mostrar Ranking > tono:112706 
Tue Sep 11 19:32:21 BOT 2012: Ajax->Mostrar Ranking:  
Tue Sep 11 19:39:34 BOT 2012: Ajax->Mostrar Megusta:  
Tue Sep 11 19:45:03 BOT 2012: Ajax-> Mostrar Megusta> tono:103134 
Tue Sep 11 19:46:39 BOT 2012: Ajax-> Mostrar  Nombre Genero > tono:103653 
Tue Sep 11 19:46:42 BOT 2012: ASYNC -> STATS> Tiempo respuesta 0.0039710000000001 seg.
Tue Sep 11 19:48:13 BOT 2012: ASYNC -> STATS> Tiempo respuesta 0.004942 seg.
Tue Sep 11 19:48:58 BOT 2012: Ajax-> Mostrar Ranking > tono:103563 
Tue Sep 11 19:49:40 BOT 2012: Mostrar Megusta> tono: 103474 msisdn: > a otros 2  les gusta 
Tue Sep 11 19:52:05 BOT 2012: Ajax-> Mostrar  Imagen Portada> tono:103855 
Tue Sep 11 19:55:54 BOT 2012: Ajax->Mostrar Imagen Portada:  
Tue Sep 11 19:57:03 BOT 2012: Ajax->Mostrar Reproducciones:  
Tue Sep 11 19:58:58 BOT 2012: ASYNC -> STATS> Tiempo respuesta 0.003592 seg.
Tue Sep 11 20:04:23 BOT 2012: Asignar backtone escuchado > Asi termino:104492,103345,103166,103742,103741,103740,103739,115941,103738,103737,103736,103735,103474,103743,142174,104910,125510,
Tue Sep 11 20:08:36 BOT 2012: Ajax-> Mostrar  Imagen Portada> tono:154234 
Tue Sep 11 20:08:48 BOT 2012: Ajax-> Mostrar Ranking > tono:123242 
Tue Sep 11 20:14:35 BOT 2012: Busqueda Inteligente: HAshan AMenken-
Tue Sep 11 20:15:32 BOT 2012: Ajax-> Mostrar Megusta> tono:103659 
Tue Sep 11 20:18:48 BOT 2012: Ajax->Mostrar Megusta:  
Tue Sep 11 20:25:35 BOT 2012: Ajax->Mostrar Megusta:  
Tue Sep 11 20:32:55 BOT 2012: WEB_REPRODUCIR_BUSQUEDA > Se recibieron:114 tonos
Tue Sep 11 20:33:34 BOT 2012: Ajax->Mostrar Megusta:  
Tue Sep 11 20:34:55 BOT 2012: Ajax->Mostrar Nombre Artista:  
Tue Sep 11 20:41:27 BOT 2012: Asignar backtone escuchado > Asi termino:113604,103888,113603,103887,103558,105259,113602,113600,103886,155502,103885,602,113598,104886,516,519,518,517,131643,127898,
Tue Sep 11 20:42:39 BOT 2012: Ajax->Mostrar Megusta:  
Tue Sep 11 20:47:25 BOT 2012: ASYNC -> STATS> Tiempo respuesta 0.002312 seg.
Tue Sep 11 20:51:32 BOT 2012: Ajax->Mostrar Reproducciones:  
Tue Sep 11 21:29:59 BOT 2012: Ajax->Mostrar Nombre Genero:  
Tue Sep 11 21:32:05 BOT 2012: Ajax-> Mostrar Ranking > tono:127787 
Tue Sep 11 21:33:30 BOT 2012: Ajax->Mostrar Nombre Genero:  
Tue Sep 11 21:33:45 BOT 2012: ASYNC -> STATS> Tiempo respuesta 0.002878 seg.
Tue Sep 11 21:34:57 BOT 2012: Ajax-> Mostrar Megusta> tono:103940 
Tue Sep 11 21:38:07 BOT 2012: Ajax->Mostrar Ranking:  
Tue Sep 11 21:38:49 BOT 2012: Busqueda Inteligente: resultados >136262
Tue Sep 11 21:39:25 BOT 2012: Asignar backtone escuchado > Asi termino:127447,103460,103459,103458,103462,126098,
Tue Sep 11 21:40:37 BOT 2012: ASYNC -> STATS> Tiempo respuesta 0.0016689999999999 seg.
Tue Sep 11 21:51:01 BOT 2012: Consulta de precio de reason:2 - msisdn: tono:240 Async responde:350
 
Tue Sep 11 21:51:28 BOT 2012: Ajax->Mostrar Imagen Portada:  
Tue Sep 11 21:53:01 BOT 2012: Asignar backtone escuchado > Asi termino:102693,103342,154234,109240,126657,104393,105997,240,102697,104639,109322,150074,149530,103343,386,276,509,104278,109249,109320,
Tue Sep 11 21:53:04 BOT 2012: Ajax-> Mostrar Ranking > tono:102693 
Tue Sep 11 21:53:04 BOT 2012: ASYNC -> STATS> Tiempo respuesta 0.706596 seg.
Tue Sep 11 21:58:51 BOT 2012: Mostrar Comentarios : tono:135727 
Tue Sep 11 22:02:07 BOT 2012: Ajax-> Mostrar Ranking > tono:102978 
Tue Sep 11 22:04:37 BOT 2012: Ajax->Mostrar Comentarios:  
Tue Sep 11 22:05:59 BOT 2012: WEB REPROD BUSQ > Facebook link: http%3A%2F%2Fbacktones.tigo.com.bo%2Fv3%2Findex.php%3Fseccion%3Dplaylist%26genero%3D102%26f%3D1%26t%3D123123
Tue Sep 11 22:11:03 BOT 2012: Busqueda Inteligente: Resultado 
 -1 
Tue Sep 11 22:12:27 BOT 2012: Busqueda Inteligente: Resultado 
 104357;cosa de dios;La 5A Estacion;Latinas
104358;Donde iran;La 5A Estacion;Latinas
104299;El Sol No Regresa;La 5A Estacion;Latinas
104648;Flores De Alquiler;La 5A Estacion;Latinas
104738;Que Te Queria;La 5A Estacion;Latinas
105232;Cada Estacion;Kalimba;Latinas
104300;Algo Mas;La 5A Estacion;Latinas
104171; A la Bim Bom Bam_;Banda Poopo;Carnaval
102610; Back To Black;Amy Winehouse;Pop
104190; Canita Canaveral;Banda Juventud Centralistas de La Paz;Carnaval
104510; Chiquillada V2;Jardin Unicornio;Sonidos
104177; Chirapas;La Banda de Perucho;Carnaval
105096; Como pude amarla;Covertone;Latinas
104507; Dormite Tranquilo;Claudio Taddei;Sonidos
104189; El Tio;Banda Juventud Centralistas de La Paz;Carnaval
104178; En Las Playas Del Beni;La Banda de Perucho;Carnaval
105282; Escaleras De Arena;Paulina Rubio;Latinas
127558; GRABACION DEFECTUOSA	  NO SE ENTIENDE O NO SE ESCUCHA CLARO;KARAOKE;KARAOKE
104172; La Brujita;Banda Poopo;Carnaval
104528; La Fotografia;Wazzup;Sonidos
104305; La peguita;Aldo Penha;Carnaval
105533; Me gustas mucho;Toing;Latinas
104195; Mi Fiel Promesa;Banda Juventud Centralistas de La Paz;Carnaval
105534; Sexo Seguro; Yandel-Franco "El Gorilla";Latinas
104175; Tahichi Aguilera;La Banda de Perucho;Carnaval
104447;-ATENDE SUPERESTRELLA;Version Opratel;Sonidos
103284;-Contigo;Sin Bandera;Latinas
106298;-Entrega la flor-;Version Solumovil;Latinas
103453;-Eres Todopoderoso Gri Voc Remix;Rojo;Latinas
106286;-Just dance;Cover Lady GaGa;Pop
106288;-Love game-;Cover Lady GaGa;Pop
106289;-Paparazzi-;Cover Lady GaGa;Pop
106299;-Para pa pa pa-;Version Solumovil;Latinas
104383;-PEDIA TEMAS EN LA RADIO;Toing;Latinas
106290;-Poker Face;Cover Lady GaGa;Pop
107788;-Rey El Galan mas Galan-MTV ISA TKM;MTV;MTV
106294;-Speechless-;Cover Lady GaGa;Pop
106295;-The fame-;Cover Lady GaGa;Pop
105746;-You know me;Version Opratel;Latinas
138552;10000 Batallas Acustica;Santiago Cruz;Latinas
109409;1230;Emanuel;Latinas
276;15 dias;La banda de lechuga;Cumbia
103793;18 KILATES;18 kilates;Cumbia
103475;2El arbolito;nectar;Latinas
103479;2EntraEnMiVidaAlbumVersion;Sin Bandera;Latinas
103476;2mi enamorada;nectar;Latinas
103480;2Recordando a Natacha;Sombra;Latinas
103470;2RosasAlbumVersion;la oreja de van gogh;Latinas
103472;2te hice mal;Los Temerarios;Latinas
103466;2YTuTeVas;Chayanne;Latinas
103464;2zitarosa;Bajo Fondo;Latinas
103750;4 minutes;Version Opratel;Latinas
102560;5 Minutos mas;Toing;Latinas
335;A bailar el brincao;Aldo Penha;Carnaval
102639;A Besitos;Los Diablitos;Latinas
104220;a buena hora;SERGIO DALMA;Latinas
105281;A Contraluz;Paulina Rubio;Latinas
103821;A decir que si;Version Opratel;Latinas
577;A dios le pido;Juanes;Latinas
155506;A Dios Le Pido MTV Unplugged;Juanes;Latinas
104676;a distancia;Tamara;Latinas
104967;A Don Ata;Soledad Pastorutti;Latinas
150214;A Donde Fue;La 7_55;Latinas
110495;A donde vamos a parar;Marco Antonio Solis;Latinas
155386;A Donde Vamos A Parar En Vivo;Marco Antonio Solis;Latinas
129924;A Ella Le Gusta El Dembow Feat Zion;RKM & Ken y;Reggaeton
128602;A Esa;Pimpinela;Latinas
322;A escondidas;Agrupacion marylin;Latinas
144104;A Gozar En Carnaval;Gisela Santa Cruz;Carnaval cruceño
102882;a la amdre;Gloria Trevi;Latinas
103838;A La Bim Bom Bam;Llajtaymanta;Carnaval
155266;A La Camita;Opratel;Clasicos
149822;A la Medida;Opratel;Latinas
103876;A la nanita nanaa;Navidad;Navidad
134032;A little respect Opratel;Erasure Opratel;Clasicos
134031;A little respect Opratel;Erasure Opratel;Clasicos
103991;A Manos Llenas;Alejandro Fernandez;Latinas
130984;A Medio Vivir;Noel Schajris;Latinas
145261;A mi ladito;Humbertiko y Urbano;Reggaeton
126462;A Primera Vista;Bahiano;Latinas
103142;a primera vista;Sin Bandera;Latinas
131645;A Punto De Cazar Feat Cosculluela;Tony Dize;Reggaeton
105040;A Quien Le Importa;Covertone;Latinas
102546;A santa cruz de la sierra;Aldo Penha;Tarija
129234;A Ti Sea La Gloria;Abel Zavala;Cristianas
104560;a tu lado esta;L. Goodman;Cristianas
103822;A ver si pueden;Version Opratel;Latinas
104133;A-A-A-A-A-A espectacular;Dalebe;Sonidos
148;Abajeña en Sevaruyo;Sin Autor;Latinas
136258;ABC Salaam Remi Krunk A Delic Party Mix;Jackson 5;Pop
103086;Abrazame;Camila;CAMILA
112705;abrazame muy fuerte 1;Marc Anthony;Latinas
104024;Abrazame_;Alejandro Fernandez;Latinas
102672;Abrazar La Vida;Luis Fonsi;Luis Fonsi
104440;Abre tu mente;Merche;Latinas
103691;Abriendo Caminos;Diego Torres;Latinas
103190;Absurda;Chenoa;Latinas
129261;Acerca De La Muerte;Gustavo Cordera;Latinas
18;Acercate mas;Charlee Kingston;Latinas
138518;Adelante Bolivia;OXIGENO;A todo futbol con Tigo
105302;Adios; Yandel-Franco "El Gorilla";Latinas
102526;Adoro;Dalila;Latinas
144690;Adoro  Version Acustica Una Noche En E;David Bisbal;Latinas
104360;Adoro_;Raphael;Latinas
103458;Afortunados;Tercer Cielo;Latinas
104673;After Party;Ozomatli;Latinas
105342;Again Again;Lady Gaga;Pop
105068;Agarrala -;Tito el Bambino;Tito el Bambino
103823;Agarrense de las manos;Version Opratel;Latinas
 
Tue Sep 11 22:13:36 BOT 2012: Ajax->Mostrar Comentarios:  
Tue Sep 11 22:14:22 BOT 2012: Ajax->Mostrar Comentarios:  
Tue Sep 11 22:20:17 BOT 2012: Ajax-> Mostrar Ranking > tono:109247 
Tue Sep 11 22:20:47 BOT 2012: Ajax->Mostrar Reproducciones:  
Tue Sep 11 22:22:00 BOT 2012: Ajax->Mostrar Ranking:  
Tue Sep 11 22:24:21 BOT 2012: Busqueda Inteligente: Carina
Tue Sep 11 22:30:04 BOT 2012: Ajax-> Mostrar Ranking > tono:105366 
Tue Sep 11 22:30:44 BOT 2012: Ajax->Mostrar Ranking:  
Tue Sep 11 22:31:38 BOT 2012: Ajax-> Mostrar Ranking > tono:103686 
Tue Sep 11 22:38:12 BOT 2012: Ajax->Mostrar Ranking:  
Tue Sep 11 22:40:52 BOT 2012: ASYNC -> STATS> Tiempo respuesta -0.165352 seg.
Tue Sep 11 22:40:55 BOT 2012: ASYNC -> STATS> Tiempo respuesta -0.004509 seg.
Tue Sep 11 22:42:28 BOT 2012: Ajax->Mostrar Ranking:  
Tue Sep 11 22:43:23 BOT 2012: Ajax-> Mostrar Comentarios> tono:145422 
Tue Sep 11 22:43:50 BOT 2012: Busqueda de Backtones Intel: 
 SQL:SELECT t.id, t.nombre as tono,aut.nombre as autor, alb.imagen, round(avg(wr.calificacion),0) as calificacion
                    FROM tonos as t
                    inner join autores as aut on ( t.autor = aut.id)
                    inner join billing as bil on (t.billing = bil.caso  and bil.concepto=2)
                    left join albumes as alb on (t.album = alb.id_album)
                    left join web_tonos_ranking as wr on (t.id = wr.tonos_id)
                    WHERE
                    FIND_IN_SET(t.id, '103670,103161,103298,103521,155356,104837,133695,105415,104629,113024,113032,104628,113034,113030,102548,105605,102992,102779,102718,102767,102993,102780,102717,147462,144856,139303,139335,139339,105421,105833,103518,103520,104270,104083,103048,103049,103369,105249,103375,127924,105250,103372,103370,103621,103731,105251,103619,103373,103313,103517,103312,103730,103047,103050,103311,103729,104271,103519,103374,103620,103371,103522,115946,139345,')
                     AND t.autor=478 
                    and t.categoria <> 207 and t.interfases &1 
                    group by t.id, t.nombre ,aut.nombre , alb.imagen
                    order by FIND_IN_SET(t.id, '103670,103161,103298,103521,155356,104837,133695,105415,104629,113024,113032,104628,113034,113030,102548,105605,102992,102779,102718,102767,102993,102780,102717,147462,144856,139303,139335,139339,105421,105833,103518,103520,104270,104083,103048,103049,103369,105249,103375,127924,105250,103372,103370,103621,103731,105251,103619,103373,103313,103517,103312,103730,103047,103050,103311,103729,104271,103519,103374,103620,103371,103522,115946,139345,')
                    limit 114 
Tue Sep 11 22:44:26 BOT 2012: Ajax->Mostrar Ranking:  
