Sat Apr 21 11:56:29 BOT 2012: Ajax-> Mostrar Ranking > tono:103133 
Sat Apr 21 11:56:44 BOT 2012: Ajax-> Mostrar Comentarios> tono:123218 
Sat Apr 21 11:57:29 BOT 2012: ASYNC -> STATS> Tiempo respuesta -0.611599 seg.
Sat Apr 21 11:58:17 BOT 2012: ASYNC -> STATS> Tiempo respuesta 0.001492 seg.
Sat Apr 21 11:59:02 BOT 2012: Ajax->Mostrar Nombre Genero:  
Sat Apr 21 11:59:47 BOT 2012: Asignar backtone escuchado > Asi termino:137244,137264,137259,137249,137251,137246,137257,137261,
Sat Apr 21 12:01:59 BOT 2012: Ajax-> Mostrar Megusta> tono:103239 
Sat Apr 21 12:02:05 BOT 2012: ASYNC -> STATS> Tiempo respuesta -0.021156 seg.
Sat Apr 21 12:02:08 BOT 2012: Ajax->Mostrar Reproducciones:  
Sat Apr 21 12:02:42 BOT 2012: Ajax->Mostrar Megusta:  
Sat Apr 21 12:04:00 BOT 2012: ASYNC -> STATS> Tiempo respuesta 0.002662 seg.
Sat Apr 21 12:04:57 BOT 2012: Consulta de precio de reason:2 - msisdn: tono:311 Async responde:350
 
Sat Apr 21 12:07:09 BOT 2012: ASYNC -> STATS> Tiempo respuesta -0.011807 seg.
Sat Apr 21 12:07:12 BOT 2012: ASYNC -> STATS> Tiempo respuesta 0.001829 seg.
Sat Apr 21 12:07:54 BOT 2012: Error al consultar precio de renovacion - msisdn: tono:103073 - Async responde -3
Sat Apr 21 12:08:27 BOT 2012: ASYNC -> STATS> Tiempo respuesta 0.779908 seg.
Sat Apr 21 12:08:42 BOT 2012: Ajax-> Mostrar  Imagen Portada> tono:127450 
Sat Apr 21 12:13:01 BOT 2012: SMS > ingreso de sms: Tu PIN para Back tones Tigo es 1398 | from: 0 | msisdn: 75161263
Sat Apr 21 12:14:34 BOT 2012: Ajax->Mostrar Reproducciones:  
Sat Apr 21 18:57:01 BOT 2012: Ajax-> Mostrar Ranking > tono:104816 
Sat Apr 21 19:00:29 BOT 2012: ASYNC -> STATS> Tiempo respuesta -0.084857 seg.
Sat Apr 21 19:02:41 BOT 2012: ASYNC -> STATS> Tiempo respuesta 0.204817 seg.
Sat Apr 21 19:02:53 BOT 2012: Ajax->Mostrar Reproducciones:  
Sat Apr 21 19:03:30 BOT 2012: Consulta de precio de reason:3 - msisdn: tono:142225 Async responde:350
 
Sat Apr 21 19:03:30 BOT 2012: Asignar backtone escuchado > Asi termino:102650,105002,104393,139303,102693,106382,104471,240,103342,142225,109322,129231,109240,146588,103343,105001,145741,104278,104395,142220,
Sat Apr 21 19:04:03 BOT 2012: ASYNC -> STATS> Tiempo respuesta -0.176662 seg.
Sat Apr 21 19:04:12 BOT 2012: Session Start>  session por defecto 
Sat Apr 21 19:05:06 BOT 2012: Ajax->Mostrar Comentarios:  
Sat Apr 21 19:05:36 BOT 2012: ASYNC -> STATS> Tiempo respuesta 0.191316 seg.
Sat Apr 21 19:06:24 BOT 2012: Ajax->Mostrar Ranking:  
Sat Apr 21 19:06:36 BOT 2012: ASYNC -> STATS> Tiempo respuesta 0.005669 seg.
Sat Apr 21 19:07:39 BOT 2012: Ajax-> Mostrar Comentarios> tono:109238 
Sat Apr 21 19:08:03 BOT 2012: ASYNC -> STATS> Tiempo respuesta 0.0024799999999999 seg.
Sat Apr 21 19:09:52 BOT 2012: ASYNC -> STATS> Tiempo respuesta -0.123255 seg.
Sat Apr 21 19:09:52 BOT 2012: Ajax->Mostrar Ranking:  
Sat Apr 21 19:09:52 BOT 2012: Asignar backtone escuchado > Asi termino:107788,102670,102669,102955,102954,102953,118727,118725,107749,107747,107794,107763,142169,388,510,134631,103051,102812,103580,
Sat Apr 21 19:12:13 BOT 2012: Ajax->Mostrar Ranking:  
Sat Apr 21 19:12:16 BOT 2012: ASYNC -> STATS> Tiempo respuesta -0.004463 seg.
