Thu Jan 19 10:16:33 BOT 2012: Ajax->Mostrar Ranking:  
Thu Jan 19 10:16:42 BOT 2012: Ajax->Mostrar Nombre Genero:  
Thu Jan 19 10:16:42 BOT 2012: Ajax-> Mostrar Comentarios> tono:105541 
Thu Jan 19 10:18:18 BOT 2012: Ajax->Mostrar Ranking:  
Thu Jan 19 10:18:54 BOT 2012: Ajax->Mostrar Imagen Portada:  
Thu Jan 19 10:20:49 BOT 2012: Consulta de precio de reason:10 - msisdn:76708546 tono:137970 Async responde:350
 
Thu Jan 19 15:44:19 BOT 2012: Busqueda Inteligente: 
Thu Jan 19 16:49:53 BOT 2012: Ajax->Mostrar Nombre Artista:  
Thu Jan 19 16:50:56 BOT 2012: Ajax->Mostrar Ranking:  
Thu Jan 19 16:51:47 BOT 2012: Ajax->Mostrar Reproducciones:  
Thu Jan 19 16:51:47 BOT 2012: Ajax->Mostrar Comentarios:  
Thu Jan 19 16:52:20 BOT 2012: Ajax->Mostrar Nombre Artista:  
Thu Jan 19 16:52:23 BOT 2012: Ajax-> Mostrar Megusta> tono:121513 
Thu Jan 19 16:52:50 BOT 2012: Ajax->Mostrar Comentarios:  
Thu Jan 19 16:53:20 BOT 2012: Session Start>  session por defecto 
Thu Jan 19 16:53:29 BOT 2012: Asignar backtone escuchado > Asi termino:109245,109243,449,109242,135727,104279,102693,104393,240,109322,103343,104278,109249,109320,109247,109318,109317,246,109246,109238,
Thu Jan 19 16:53:38 BOT 2012: WEB REPROD BUSQ > Facebook link: 
Thu Jan 19 16:55:35 BOT 2012: Ajax->Mostrar Nombre Genero:  
Thu Jan 19 16:55:38 BOT 2012: Busqueda Inteligente: La 5A Estacion
Thu Jan 19 16:57:33 BOT 2012: Ajax->Mostrar Nombre Genero:  
Thu Jan 19 16:58:36 BOT 2012: Ajax->Mostrar Comentarios:  
Thu Jan 19 16:59:15 BOT 2012: Ajax-> Mostrar Comentarios> tono:104211 
Thu Jan 19 17:00:36 BOT 2012: Asignar backtone escuchado > Asi termino:104211,104294,104214,104215,510,105988,511,514,105986,
Thu Jan 19 17:01:15 BOT 2012: Asignar backtone escuchado > Asi termino:140817,140816,140814,142223,140812,105810,105811,105812,120250,140810,143739,120248,143738,142632,141835,139303,106382,142225,142220,142168,
Thu Jan 19 17:01:21 BOT 2012: Ajax->Mostrar Comentarios:  
Thu Jan 19 17:01:54 BOT 2012: Ajax->Mostrar Reproducciones:  
Thu Jan 19 17:01:54 BOT 2012: Asignar backtone escuchado > Asi termino:104308,563,106389,562,561,34,124960,125049,106390,560,127759,110188,109320,109247,109318,109317,246,109246,109238,109245,
Thu Jan 19 17:01:57 BOT 2012: ASYNC -> STATS> Tiempo respuesta -0.274208 seg.
Thu Jan 19 17:02:18 BOT 2012: Ajax->Mostrar Imagen Portada:  
Thu Jan 19 17:02:24 BOT 2012: ASYNC -> STATS> Tiempo respuesta 0.001694 seg.
Thu Jan 19 17:03:06 BOT 2012: Ajax-> Mostrar Ranking > tono:133447 
Thu Jan 19 17:03:12 BOT 2012: Ajax->Mostrar Megusta:  
Thu Jan 19 17:04:10 BOT 2012: Ajax->Mostrar Comentarios:  
Thu Jan 19 17:05:16 BOT 2012: Ajax->Mostrar Ranking:  
Thu Jan 19 17:05:19 BOT 2012: Ajax->Mostrar Nombre Artista:  
Thu Jan 19 17:05:28 BOT 2012: Check Session > msisdn: 75059702 > Usuario Valido 
Thu Jan 19 17:05:40 BOT 2012: Ajax-> Mostrar  Nombre Artista > tono:130956 
Thu Jan 19 17:07:16 BOT 2012: Ajax-> Mostrar Ranking > tono:113052 
Thu Jan 19 17:07:37 BOT 2012: Ajax-> Mostrar  Imagen Portada> tono:141114 
Thu Jan 19 17:08:16 BOT 2012: ASYNC -> STATS> Tiempo respuesta -0.270467 seg.
Thu Jan 19 17:08:16 BOT 2012: ASYNC -> STATS> Tiempo respuesta -0.348444 seg.
Thu Jan 19 17:09:19 BOT 2012: Ajax->Mostrar Imagen Portada:  
Thu Jan 19 17:09:43 BOT 2012: Ajax->Mostrar Nombre Genero:  
Thu Jan 19 17:09:49 BOT 2012: Ajax-> popup_listar_amigos: msisdn: 
Thu Jan 19 17:09:55 BOT 2012: Ajax->Mostrar Imagen Portada:  
Thu Jan 19 17:10:22 BOT 2012: Check Session > msisdn: 78070076 > Usuario Valido 
Thu Jan 19 17:11:10 BOT 2012: Ajax-> Mostrar Ranking > tono:120258 
Thu Jan 19 17:11:44 BOT 2012: Ajax->Mostrar Reproducciones:  
Thu Jan 19 17:13:14 BOT 2012: Ajax-> Mostrar Comentarios> tono:104214 
Thu Jan 19 17:13:17 BOT 2012: Mostrar Album: >albumes/Francodevita.jpg
Thu Jan 19 17:14:02 BOT 2012: ASYNC -> STATS> Tiempo respuesta 0.003406 seg.
Thu Jan 19 17:14:05 BOT 2012: Error al consultar precio de renovacion - msisdn: tono:139971 - Async responde -3
Thu Jan 19 17:14:05 BOT 2012: Ajax->Mostrar Ranking:  
Thu Jan 19 17:15:14 BOT 2012: Busqueda Inteligente: resultados >104569
Thu Jan 19 17:15:50 BOT 2012: ASYNC -> STATS> Tiempo respuesta 0.125696 seg.
Thu Jan 19 17:15:50 BOT 2012: ASYNC -> STATS> Tiempo respuesta 0.08722 seg.
Thu Jan 19 17:15:53 BOT 2012: ASYNC -> STATS> Tiempo respuesta -0.0027820000000001 seg.
Thu Jan 19 17:16:02 BOT 2012: Ajax->Mostrar Reproducciones:  
Thu Jan 19 17:16:02 BOT 2012: Ajax->Mostrar Ranking:  
Thu Jan 19 17:16:02 BOT 2012: Asignar backtone escuchado > Asi termino:123533,123542,123541,123527,123513,123538,131040,123530,123525,131042,131036,106382,139303,140821,
Thu Jan 19 17:16:02 BOT 2012: Ajax->Mostrar Megusta:  
Thu Jan 19 17:17:41 BOT 2012: Ajax->Mostrar Reproducciones:  
Thu Jan 19 17:17:53 BOT 2012: Ajax->Mostrar Imagen Portada:  
Thu Jan 19 17:17:56 BOT 2012: Ajax-> Mostrar  Imagen Portada> tono:104465 
Thu Jan 19 17:20:09 BOT 2012: Ajax-> Mostrar Comentarios> tono:104200 
Thu Jan 19 17:21:30 BOT 2012: ASYNC -> STATS> Tiempo respuesta 0.356229 seg.
Thu Jan 19 17:21:33 BOT 2012: ASYNC -> STATS> Tiempo respuesta -0.007501 seg.
Thu Jan 19 17:21:33 BOT 2012: Ajax-> Mostrar Ranking > tono:105564 
Thu Jan 19 17:21:33 BOT 2012: Ajax->Mostrar Megusta:  
Thu Jan 19 17:22:21 BOT 2012: Ajax->Mostrar Reproducciones:  
Thu Jan 19 17:23:18 BOT 2012: Consulta de precio de reason:2 - msisdn: tono:140838 Async responde:350
 
Thu Jan 19 17:25:27 BOT 2012: Consulta de precio de reason:10 - msisdn:78008697 tono:141881 Async responde:350
 
Thu Jan 19 17:26:04 BOT 2012: Check Session > msisdn: 77337326 > Usuario Valido 
Thu Jan 19 17:26:22 BOT 2012: Ajax-> Cerrar session: msisdn:76181445 
Thu Jan 19 17:26:46 BOT 2012: Ajax-> Mostrar  Nombre Genero > tono:128304 
Thu Jan 19 17:27:19 BOT 2012: Ajax->Mostrar Nombre Genero:  
Thu Jan 19 17:27:37 BOT 2012: Ajax-> Mostrar Ranking > tono:129929 
Thu Jan 19 17:29:55 BOT 2012: Ajax-> Mostrar Comentarios> tono:105567 
Thu Jan 19 17:30:46 BOT 2012: Error al consultar precio de renovacion - msisdn: tono:104800 - Async responde -3
Thu Jan 19 17:31:25 BOT 2012: Ajax->Mostrar Nombre Genero:  
Thu Jan 19 17:31:43 BOT 2012: Asignar backtone escuchado > Asi termino:104787,104815,104814,112705,104816,109410,109412,104813,104812,104811,104809,104808,104807,105041,104806,104805,104804,104803,104802,124975,
Thu Jan 19 17:31:58 BOT 2012: Ajax-> Mostrar  Imagen Portada> tono:127757 
Thu Jan 19 17:32:10 BOT 2012: Ajax->Mostrar Comentarios:  
Thu Jan 19 17:32:28 BOT 2012: Ajax-> Mostrar Ranking > tono:103430 
Thu Jan 19 17:32:53 BOT 2012: ASYNC -> STATS> Tiempo respuesta 0.00176 seg.
Thu Jan 19 17:33:05 BOT 2012: MTD_DB_BUSCAR_ARTISTAS > retornando registros:14
Thu Jan 19 17:33:11 BOT 2012: Ajax-> Mostrar Comentarios> tono:137820 
Thu Jan 19 17:33:44 BOT 2012: ASYNC -> STATS> Tiempo respuesta -0.620721 seg.
Thu Jan 19 17:34:26 BOT 2012: ASYNC -> STATS> Tiempo respuesta -0.398351 seg.
Thu Jan 19 17:34:26 BOT 2012: Ajax->Mostrar Ranking:  
Thu Jan 19 17:34:35 BOT 2012: Ajax->Mostrar Ranking:  
Thu Jan 19 17:35:32 BOT 2012: Ajax-> Mostrar  Nombre Artista > tono:104800 
Thu Jan 19 17:35:38 BOT 2012: ASYNC -> STATS> Tiempo respuesta -0.29322 seg.
Thu Jan 19 17:35:38 BOT 2012: ASYNC -> STATS> Tiempo respuesta 0.397818 seg.
Thu Jan 19 17:36:17 BOT 2012: Ajax->Mostrar Imagen Portada:  
Thu Jan 19 17:36:20 BOT 2012: Ajax->Mostrar Ranking:  
Thu Jan 19 17:36:41 BOT 2012: ASYNC -> STATS> Tiempo respuesta 0.002537 seg.
Thu Jan 19 17:38:32 BOT 2012: Ajax->Mostrar Megusta:  
Thu Jan 19 17:41:15 BOT 2012: Ajax->Mostrar Imagen Portada:  
Thu Jan 19 17:43:33 BOT 2012: Ajax-> Mostrar Ranking > tono:104614 
Thu Jan 19 17:44:24 BOT 2012: Mostrar Album: >Artista:  <a href='index.php?seccion=playlist&autor=422'>Daniel Calveti</a>
Thu Jan 19 17:44:30 BOT 2012: Mostrar Genero: >G&eacute;nero:  <a href='index.php?seccion=playlist&genero=132'>Pop</a>
Thu Jan 19 17:46:15 BOT 2012: Ajax->Mostrar Ranking:  
Thu Jan 19 17:46:55 BOT 2012: Ajax-> Mostrar Ranking > tono:104148 
Thu Jan 19 17:47:19 BOT 2012: Ajax-> Mostrar Comentarios> tono:335 
Thu Jan 19 17:48:01 BOT 2012: ASYNC -> STATS> Tiempo respuesta 0.002402 seg.
Thu Jan 19 17:48:46 BOT 2012: Ajax->Mostrar Ranking:  
Thu Jan 19 17:49:28 BOT 2012: Ajax->Mostrar Imagen Portada:  
Thu Jan 19 17:49:40 BOT 2012: Asignar backtone escuchado > Asi termino:102546,335,104306,342,344,144192,144191,144189,
Thu Jan 19 17:50:28 BOT 2012: Ajax->Mostrar Ranking:  
Thu Jan 19 17:51:25 BOT 2012: Consulta de precio de reason:3 - msisdn: tono:131760 Async responde:350
 
Thu Jan 19 17:51:55 BOT 2012: Busqueda Inteligente: resultados >105527
Thu Jan 19 17:52:11 BOT 2012: Asignar backtone escuchado > Asi termino:128432,128599,134178,125510,209,211,102630,131036,109240,109238,240,105330,105584,114601,613,104306,344,104148,105502,336,
Thu Jan 19 17:54:08 BOT 2012: Ajax-> Votar Ranking: msisdn: 
Thu Jan 19 17:54:08 BOT 2012: Ajax->Mostrar Nombre Genero:  
Thu Jan 19 17:54:29 BOT 2012: ASYNC -> STATS> Tiempo respuesta 0.004658 seg.
Thu Jan 19 17:54:32 BOT 2012: Consulta de precio de reason:10 - msisdn:76659975 tono:134658 Async responde:350
 
Thu Jan 19 17:54:32 BOT 2012: Ajax->Mostrar Ranking:  
Thu Jan 19 17:54:32 BOT 2012: Ajax->Mostrar Imagen Portada:  
Thu Jan 19 17:54:32 BOT 2012: Asignar backtone escuchado > Asi termino:104845,103703,104958,103704,58,126857,127265,127300,127295,102880,104210,102878,104859,103935,104258,104457,
Thu Jan 19 17:54:35 BOT 2012: ASYNC -> STATS> Tiempo respuesta 0.00352 seg.
Thu Jan 19 17:54:41 BOT 2012: ASYNC -> STATS> Tiempo respuesta -0.006195 seg.
Thu Jan 19 17:54:44 BOT 2012: ASYNC -> STATS> Tiempo respuesta 0.000639 seg.
Thu Jan 19 17:54:47 BOT 2012: ASYNC -> STATS> Tiempo respuesta 0.085695 seg.
Thu Jan 19 17:54:50 BOT 2012: Consulta de precio de reason:2 - msisdn:77119589 tono:129675 Async responde:350
 
Thu Jan 19 17:55:11 BOT 2012: Ajax->Mostrar Megusta:  
Thu Jan 19 17:56:08 BOT 2012: STATS > BUSQUEDA DE BACKTONE >Tiempo: -0.467708 seg. | registros: 56
Thu Jan 19 17:56:38 BOT 2012: Ajax->Mostrar Comentarios:  
Thu Jan 19 17:56:38 BOT 2012: STATS > BUSQUEDA DE BACKTONE >Tiempo: 0.187462 seg. | registros: 114
Thu Jan 19 18:03:24 BOT 2012: Ajax->Mostrar Nombre Genero:  
Thu Jan 19 18:03:33 BOT 2012: Ajax->Mostrar Comentarios:  
Thu Jan 19 18:04:12 BOT 2012: Ajax->Mostrar Reproducciones:  
Thu Jan 19 18:06:57 BOT 2012: Busqueda Inteligente: resultados >103784
Thu Jan 19 18:07:55 BOT 2012: Ajax-> Mostrar Ranking > tono:127423 
Thu Jan 19 18:09:13 BOT 2012: Ajax->Mostrar Reproducciones:  
Thu Jan 19 18:09:22 BOT 2012: ASYNC -> STATS> Tiempo respuesta -0.346204 seg.
Thu Jan 19 18:09:25 BOT 2012: ASYNC -> STATS> Tiempo respuesta 0.003687 seg.
Thu Jan 19 18:09:31 BOT 2012: LISTAR_MODO_ROTACION_BACTONES > usuario: 77050202  modo:2 
Thu Jan 19 18:09:40 BOT 2012: Ajax-> Mostrar  Imagen Portada> tono:126169 
Thu Jan 19 18:11:34 BOT 2012: ASYNC -> STATS> Tiempo respuesta 0.164472 seg.
Thu Jan 19 18:11:37 BOT 2012: ASYNC -> STATS> Tiempo respuesta 0.231962 seg.
Thu Jan 19 18:11:37 BOT 2012: ASYNC -> STATS> Tiempo respuesta -0.069758 seg.
Thu Jan 19 18:11:40 BOT 2012: Busqueda Inteligente: resultados >4
Thu Jan 19 18:12:58 BOT 2012: Ajax-> Mostrar  Nombre Genero > tono:123525 
Thu Jan 19 18:13:16 BOT 2012: Ajax->Mostrar Nombre Artista:  
Thu Jan 19 18:13:28 BOT 2012: Ajax->Mostrar Ranking:  
Thu Jan 19 18:13:46 BOT 2012: Session Start>  session por defecto 
Thu Jan 19 18:15:20 BOT 2012: ASYNC -> STATS> Tiempo respuesta 0.001908 seg.
Thu Jan 19 18:15:20 BOT 2012: Ajax->Mostrar Comentarios:  
Thu Jan 19 18:15:20 BOT 2012: Session Start>  session por defecto 
Thu Jan 19 18:15:44 BOT 2012: Asignar backtone escuchado > Asi termino:61,118725,139969,139968,118728,138309,138286,139958,137972,135057,139727,
Thu Jan 19 18:15:56 BOT 2012: Asignar backtone escuchado > Asi termino:104029,104042,11,103994,103995,104035,104049,103227,104044,104043,103074,104039,104034,104024,119842,103789,103703,104845,103704,104958,
Thu Jan 19 18:17:08 BOT 2012: Ajax->Mostrar Ranking:  
Thu Jan 19 18:18:20 BOT 2012: Ajax->Mostrar Comentarios:  
Thu Jan 19 18:19:14 BOT 2012: Ajax-> Mostrar  Nombre Artista > tono:118730 
Thu Jan 19 18:19:17 BOT 2012: Ajax-> Mostrar Ranking > tono:131048 
Thu Jan 19 18:19:59 BOT 2012: Ajax-> Mostrar  Nombre Artista > tono:143738 
Thu Jan 19 18:21:43 BOT 2012: Mostrar Megusta> tono: 105263 msisdn:77742577 > 001
Thu Jan 19 18:22:34 BOT 2012: Ajax->Mostrar Imagen Portada:  
Thu Jan 19 18:22:58 BOT 2012: Ajax->Mostrar Ranking:  
Thu Jan 19 18:23:25 BOT 2012: ASYNC -> STATS> Tiempo respuesta 0.0032089999999999 seg.
Thu Jan 19 18:23:46 BOT 2012: Mostrar Album: >albumes/album-default.jpg
Thu Jan 19 18:24:07 BOT 2012: ASYNC -> STATS> Tiempo respuesta 0.596954 seg.
Thu Jan 19 18:24:23 BOT 2012: Ajax->Mostrar Reproducciones:  
Thu Jan 19 18:24:47 BOT 2012: Asignar backtone escuchado > Asi termino:127377,133703,105349,105341,106288,
Thu Jan 19 18:24:53 BOT 2012: Ajax->Mostrar Imagen Portada:  
Thu Jan 19 18:25:11 BOT 2012: Ajax-> Mostrar  Imagen Portada> tono:131044 
Thu Jan 19 18:29:56 BOT 2012: Ajax->Mostrar Ranking:  
Thu Jan 19 18:30:38 BOT 2012: Ajax->Mostrar Comentarios:  
Thu Jan 19 18:31:24 BOT 2012: ASYNC -> STATS> Tiempo respuesta -0.428659 seg.
Thu Jan 19 18:32:15 BOT 2012: ASYNC -> STATS> Tiempo respuesta 0.127852 seg.
Thu Jan 19 18:32:24 BOT 2012: Ajax->Actualizar pin usuario
Thu Jan 19 18:33:03 BOT 2012: Session Start>  Chequeo de sesion
Thu Jan 19 18:33:12 BOT 2012: Ajax-> Mostrar  Nombre Artista > tono:137970 
Thu Jan 19 18:34:21 BOT 2012: Ajax->Mostrar Ranking:  
Thu Jan 19 18:35:48 BOT 2012: DB_ELIMINAR_BACKTONES > Msisdn:75638238 tono :578 -> quitando tonos asignados a 1 amigos
Thu Jan 19 18:36:00 BOT 2012: ASYNC -> STATS> Tiempo respuesta -0.175774 seg.
Thu Jan 19 18:36:30 BOT 2012: Ajax->Mostrar Nombre Artista:  
Thu Jan 19 18:38:31 BOT 2012: Ajax-> Mostrar Comentarios> tono:142923 
Thu Jan 19 18:40:34 BOT 2012: Ajax-> Mostrar Comentarios> tono:129889 
Thu Jan 19 18:41:04 BOT 2012: ASYNC -> STATS> Tiempo respuesta -0.043121 seg.
Thu Jan 19 18:41:13 BOT 2012: Check Session > msisdn: 77390187 > Usuario Valido 
Thu Jan 19 18:41:22 BOT 2012: Ajax-> Mostrar  Imagen Portada> tono:135727 
Thu Jan 19 18:41:37 BOT 2012: Ajax-> Mostrar Comentarios> tono:105420 
Thu Jan 19 18:44:26 BOT 2012: WEB_REPRODUCIR_BUSQUEDA > Se recibieron:17 tonos
Thu Jan 19 18:44:32 BOT 2012: Mostrar Cantidad reproducciones: tono:144187 cantidad: 0
Thu Jan 19 18:45:14 BOT 2012: DB_ELIMINAR_BACKTONES > Msisdn:77742577 tono :210 -> borrando de billing sched: DELETE from billing_sched where tono=210 and msisdn='77742577' limit 1
Thu Jan 19 18:52:18 BOT 2012: Ajax->Mostrar Ranking:  
Thu Jan 19 18:53:03 BOT 2012: Session Start>  session por defecto 
Thu Jan 19 18:57:27 BOT 2012: Ajax-> Mostrar Ranking > tono:109407 
Thu Jan 19 18:57:30 BOT 2012: Ajax->Mostrar Megusta:  
Thu Jan 19 18:57:42 BOT 2012: ASYNC -> STATS> Tiempo respuesta 0.021325 seg.
Thu Jan 19 19:00:58 BOT 2012: Check Session > msisdn: 78123954 > Usuario Valido 
Thu Jan 19 19:01:55 BOT 2012: Ajax->Mostrar Comentarios:  
Thu Jan 19 19:04:37 BOT 2012: Ajax->Mostrar Imagen Portada:  
Thu Jan 19 19:05:37 BOT 2012: Ajax->Mostrar Ranking:  
Thu Jan 19 19:05:49 BOT 2012: ASYNC -> STATS> Tiempo respuesta 0.741041 seg.
Thu Jan 19 19:05:52 BOT 2012: Ajax->Mostrar Nombre Genero:  
Thu Jan 19 19:05:52 BOT 2012: Ajax-> Mostrar Megusta> tono:102537 
Thu Jan 19 19:05:55 BOT 2012: ASYNC -> STATS> Tiempo respuesta -0.02529 seg.
Thu Jan 19 19:06:11 BOT 2012: ASYNC -> STATS> Tiempo respuesta 0.29757 seg.
Thu Jan 19 19:06:14 BOT 2012: ASYNC -> STATS> Tiempo respuesta -0.951036 seg.
Thu Jan 19 19:06:17 BOT 2012: ASYNC -> STATS> Tiempo respuesta -0.955518 seg.
Thu Jan 19 19:06:20 BOT 2012: Ajax->Mostrar Comentarios:  
Thu Jan 19 19:06:20 BOT 2012: Ajax->Mostrar Comentarios:  
Thu Jan 19 19:06:26 BOT 2012: Consulta de precio de reason:3 - msisdn: tono:104393 Async responde:350
 
Thu Jan 19 19:06:44 BOT 2012: Ajax-> Mostrar Ranking > tono:109240 
Thu Jan 19 19:06:59 BOT 2012: ASYNC -> STATS> Tiempo respuesta -0.736243 seg.
Thu Jan 19 19:07:02 BOT 2012: ASYNC -> STATS> Tiempo respuesta -0.547807 seg.
Thu Jan 19 19:07:32 BOT 2012: ASYNC -> STATS> Tiempo respuesta 0.003565 seg.
Thu Jan 19 19:07:47 BOT 2012: Ajax-> Mostrar Megusta> tono:124243 
Thu Jan 19 19:08:56 BOT 2012: Ajax-> Mostrar  Genero > G&eacute;nero:  <a href='index.php?seccion=playlist&genero=159'>Sonidos</a>
Thu Jan 19 19:09:26 BOT 2012: Ajax-> Mostrar Ranking > tono:104920 
Thu Jan 19 19:10:53 BOT 2012: Ajax-> Mostrar Ranking > tono:103455 
Thu Jan 19 19:11:56 BOT 2012: Asignar backtone escuchado > Asi termino:140823,137882,106380,131812,142230,140821,103343,246,102650,240,123008,124243,106266,103189,102625,103134,135064,130808,130804,130806,
Thu Jan 19 19:13:48 BOT 2012: Mostrar Album: >albumes/album-default.jpg
Thu Jan 19 19:14:06 BOT 2012: Check Session > msisdn: 76156924 > Usuario Valido 
Thu Jan 19 19:19:54 BOT 2012: Asignar backtone escuchado > Asi termino:103823,142912,144150,127855,103822,127787,134032,134031,103745,103821,103750,103748,144149,105746,104447,105036,123008,130832,105048,104921,
Thu Jan 19 19:20:30 BOT 2012: ASYNC -> STATS> Tiempo respuesta 0.436953 seg.
Thu Jan 19 19:20:33 BOT 2012: ASYNC -> STATS> Tiempo respuesta 0.885458 seg.
Thu Jan 19 19:20:52 BOT 2012: Ajax->Mostrar Nombre Genero:  
Thu Jan 19 19:21:28 BOT 2012: session-default => asignando por default session
Thu Jan 19 19:23:13 BOT 2012: ASYNC -> STATS> Tiempo respuesta 0.355729 seg.
Thu Jan 19 19:32:05 BOT 2012: ASYNC -> STATS> Tiempo respuesta 0.140008 seg.
Thu Jan 19 19:32:20 BOT 2012: Ajax-> Mostrar Ranking > tono:103323 
Thu Jan 19 19:32:29 BOT 2012: Mostrar Album: >Artista:  <a href='index.php?seccion=playlist&autor=312'>Vieira</a>
Thu Jan 19 19:33:18 BOT 2012: Mostrar Genero: >G&eacute;nero:  <a href='index.php?seccion=playlist&genero=136'>Reggaeton</a>
Thu Jan 19 19:34:12 BOT 2012: Ajax->Mostrar Reproducciones:  
Thu Jan 19 19:35:18 BOT 2012: Ajax->Mostrar Megusta:  
Thu Jan 19 19:35:18 BOT 2012: Ajax->Mostrar Ranking:  
Thu Jan 19 19:36:24 BOT 2012: ASYNC -> STATS> Tiempo respuesta 0.012829 seg.
Thu Jan 19 19:36:24 BOT 2012: Ajax->Mostrar Ranking:  
Thu Jan 19 19:36:27 BOT 2012: ASYNC -> STATS> Tiempo respuesta -0.165518 seg.
Thu Jan 19 19:36:39 BOT 2012: Ajax-> Mostrar Ranking > tono:102596 
Thu Jan 19 19:36:51 BOT 2012: Mostrar Cantidad reproducciones: tono:142231 cantidad: 0
Thu Jan 19 19:38:48 BOT 2012: Ajax-> Mostrar  Nombre Genero > tono:123010 
Thu Jan 19 19:38:57 BOT 2012: Session Start>  session por defecto 
Thu Jan 19 19:39:15 BOT 2012: Ajax->Mostrar Nombre Artista:  
Thu Jan 19 19:43:04 BOT 2012: Ajax->Mostrar Nombre Artista:  
Thu Jan 19 19:45:28 BOT 2012: Ajax->Mostrar Nombre Artista:  
Thu Jan 19 19:46:46 BOT 2012: Consulta de precio de reason:3 - msisdn: tono:137253 Async responde:350
 
Thu Jan 19 19:46:46 BOT 2012: ASYNC -> STATS> Tiempo respuesta -0.006386 seg.
Thu Jan 19 19:46:49 BOT 2012: ASYNC -> STATS> Tiempo respuesta 0.110811 seg.
Thu Jan 19 19:46:52 BOT 2012: ASYNC -> STATS> Tiempo respuesta -0.054089 seg.
Thu Jan 19 19:51:23 BOT 2012: Ajax->Mostrar Ranking:  
Thu Jan 19 19:52:35 BOT 2012: Busqueda Inteligente: resultados >105248
Thu Jan 19 19:54:05 BOT 2012: Ajax->Mostrar Reproducciones:  
Thu Jan 19 20:54:24 BOT 2012: Ajax-> Mostrar  Imagen Portada> tono:102790 
Thu Jan 19 20:59:45 BOT 2012: Ajax->Mostrar Nombre Genero:  
Thu Jan 19 21:07:13 BOT 2012: Session Start>  Chequeo de sesion
Thu Jan 19 21:07:28 BOT 2012: ASYNC -> STATS> Tiempo respuesta 0.292303 seg.
Thu Jan 19 21:08:47 BOT 2012: ASYNC -> STATS> Tiempo respuesta 0.003401 seg.
Thu Jan 19 21:11:38 BOT 2012: Busqueda Inteligente: resultados >105290
Thu Jan 19 21:12:41 BOT 2012: Ajax->Mostrar Comentarios:  
Thu Jan 19 21:13:26 BOT 2012: Ajax->Mostrar Ranking:  
Thu Jan 19 21:13:56 BOT 2012: Ajax->Mostrar Nombre Genero:  
Thu Jan 19 21:14:05 BOT 2012: Ajax->Mostrar Imagen Portada:  
Thu Jan 19 21:15:44 BOT 2012: Ajax-> Mostrar Comentarios> tono:102630 
Thu Jan 19 21:18:42 BOT 2012: Consulta de precio de reason:2 - msisdn: tono:138309 Async responde:350
 
Thu Jan 19 21:19:24 BOT 2012: Busqueda Inteligente: resultados >109242
Thu Jan 19 21:19:30 BOT 2012: Ajax->Mostrar Imagen Portada:  
Thu Jan 19 21:20:18 BOT 2012: Busqueda Inteligente: Alex Campos
Thu Jan 19 21:21:36 BOT 2012: ASYNC -> STATS> Tiempo respuesta 0.001606 seg.
Thu Jan 19 21:22:30 BOT 2012: Ajax->Mostrar Comentarios:  
Thu Jan 19 21:22:37 BOT 2012: Ajax->Mostrar Reproducciones:  
Thu Jan 19 21:22:37 BOT 2012: Ajax->Mostrar Megusta:  
Thu Jan 19 21:24:37 BOT 2012: Ajax->Mostrar Ranking:  
Thu Jan 19 21:25:28 BOT 2012: ASYNC -> STATS> Tiempo respuesta 0.175763 seg.
Thu Jan 19 21:25:31 BOT 2012: Consulta de precio de reason:3 - msisdn:77473625 tono:105555 Async responde:350
 
Thu Jan 19 21:25:40 BOT 2012: Ajax->Mostrar Ranking:  
Thu Jan 19 21:25:40 BOT 2012: Ajax-> Mostrar Ranking > tono:131643 
Thu Jan 19 21:29:20 BOT 2012: Asignar backtone escuchado > Asi termino:125509,125514,7,
Thu Jan 19 21:29:35 BOT 2012: Consulta de precio de reason:3 - msisdn: tono:125509 Async responde:350
 
Thu Jan 19 21:31:11 BOT 2012: WEB_REPRODUCIR_BUSQUEDA > Se recibieron:5 tonos
Thu Jan 19 21:35:05 BOT 2012: Asignar backtone escuchado > Asi termino:127463,110210,127441,126167,
Thu Jan 19 22:31:23 BOT 2012: Session Start>  Chequeo de sesion
Thu Jan 19 22:39:06 BOT 2012: Consulta de precio de reason:10 - msisdn: tono:112707 Async responde:350
 
Thu Jan 19 22:45:22 BOT 2012: Ajax->Mostrar Reproducciones:  
Thu Jan 19 22:48:19 BOT 2012: Ajax->Mostrar Comentarios:  
Thu Jan 19 22:52:56 BOT 2012: DB_LISTAR_TONOS> Se econtraron 82 resultados con estos ID:104991,134032,134031,104992,105540,103552,104050,104051,103827,135149,104052,104053,103563,103744,104054,103758,103564,345,103565,104352,105520,104055,110222,127898,103566,104898,103567,103759,110224,103757,127897,104900,103568,104494,105521,103562,134033,103969,16,105522,103970,103569,103570,112318,103553,102603,103174,102597,102596,102595,102594,102593,105133,104576,104577,104496,103571,103554,127895,103853,103573,104578,105541,105544,103572,103855,104897,253,105542,104916,256,103574,104899,255,119101,103575,104256,103576,103555,103577,105524,104579, 
Thu Jan 19 22:53:11 BOT 2012: Asignar backtone escuchado > Asi termino:104051,104991,127757,127759,142527,141881,141880,123218,128220,
Thu Jan 19 22:53:23 BOT 2012: STATS > BUSQUEDA DE BACKTONE >Tiempo: 0.076164 seg. | registros: 114
Thu Jan 19 22:53:32 BOT 2012: Ajax-> Mostrar  Nombre Artista > tono:140821 
Thu Jan 19 22:54:26 BOT 2012: ASYNC -> STATS> Tiempo respuesta 0.559984 seg.
Thu Jan 19 22:57:30 BOT 2012: Ajax-> Mostrar  Nombre Genero > tono:105282 
Thu Jan 19 22:57:33 BOT 2012: Ajax->Mostrar Nombre Genero:  
Thu Jan 19 22:58:24 BOT 2012: Ajax->Mostrar Ranking:  
Thu Jan 19 23:00:13 BOT 2012: Mostrar Comentarios : tono:103342 
Thu Jan 19 23:00:43 BOT 2012: STATS > BUSQUEDA DE BACKTONE >Tiempo: 0.034107 seg. | registros: 82
Thu Jan 19 23:03:16 BOT 2012: Ajax->Mostrar Ranking:  
Thu Jan 19 23:14:53 BOT 2012: STATS > BUSQUEDA DE BACKTONE >Tiempo: 0.924435 seg. | registros: 31
Thu Jan 19 23:18:12 BOT 2012: WEB_REPRODUCIR_BUSQUEDA > Se recibieron:30 tonos
Thu Jan 19 23:19:09 BOT 2012: ASYNC -> STATS> Tiempo respuesta 0.003016 seg.
Thu Jan 19 23:20:12 BOT 2012: Ajax->Mostrar Imagen Portada:  
Thu Jan 19 23:27:31 BOT 2012: Ajax->Mostrar Nombre Artista:  
Thu Jan 19 23:28:34 BOT 2012: Ajax->Mostrar Reproducciones:  
Thu Jan 19 23:38:36 BOT 2012: Busqueda Inteligente: resultados >104926
