Sat Jan 21 0:00:42 BOT 2012: Ajax->Mostrar Comentarios:  
Sat Jan 21 0:01:10 BOT 2012: Ajax->Mostrar Ranking:  
Sat Jan 21 0:03:52 BOT 2012: Ajax->Mostrar Ranking:  
Sat Jan 21 0:03:58 BOT 2012: Asignar backtone escuchado > Asi termino:103275,105235,103132,105760,105758,103274,163,105775,104652,103136,103278,105773,105771,105769,103277,105236,103135,105767,103276,103133,
Sat Jan 21 0:04:04 BOT 2012: Error al consultar precio de renovacion - msisdn: tono:103275 - Async responde -3
Sat Jan 21 0:05:19 BOT 2012: WEB_REPRODUCIR_BUSQUEDA > Se recibieron:114 tonos
Sat Jan 21 0:08:38 BOT 2012: ASYNC -> STATS> Tiempo respuesta 0.002294 seg.
Sat Jan 21 0:09:35 BOT 2012: Busqueda Inteligente: Americo
Sat Jan 21 13:01:50 BOT 2012: Ajax->Mostrar Ranking:  
Sat Jan 21 13:02:05 BOT 2012: WEB_REPRODUCIR_BUSQUEDA > Se recibieron:106 tonos
Sat Jan 21 13:02:50 BOT 2012: Ajax-> Mostrar Ranking > tono:103961 
Sat Jan 21 13:08:12 BOT 2012: Busqueda Inteligente: Marc Anthony
Sat Jan 21 13:13:48 BOT 2012: ASYNC -> STATS> Tiempo respuesta 0.002927 seg.
Sat Jan 21 13:13:51 BOT 2012: Mostrar Ranking: tono:139838 calificacion: 5
Sat Jan 21 13:15:40 BOT 2012: Ajax->Mostrar Nombre Artista:  
Sat Jan 21 13:22:40 BOT 2012: Error al consultar precio de renovacion - msisdn: tono:104454 - Async responde -3
Sat Jan 21 13:23:23 BOT 2012: Ajax-> Mostrar  Nombre Genero > tono:137248 
Sat Jan 21 13:25:44 BOT 2012: Asignar backtone escuchado > Asi termino:103376,131824,132078,129268,405,463,247,404,131035,104445,603,103940,103939,104374,88,135225,104352,105276,105283,105286,
Sat Jan 21 13:25:47 BOT 2012: Ajax-> Mostrar Ranking > tono:103376 
Sat Jan 21 13:26:17 BOT 2012: Ajax->Mostrar Nombre Genero:  
Sat Jan 21 13:26:20 BOT 2012: Ajax->Mostrar Imagen Portada:  
Sat Jan 21 13:26:47 BOT 2012: Ajax->Mostrar Nombre Artista:  
Sat Jan 21 13:26:59 BOT 2012: Ajax-> Mostrar  Nombre Artista > tono:103462 
Sat Jan 21 13:27:20 BOT 2012: Ajax->Mostrar Comentarios:  
Sat Jan 21 13:29:29 BOT 2012: Session Start>  session por defecto 
Sat Jan 21 13:29:56 BOT 2012: Ajax->Mostrar Ranking:  
Sat Jan 21 13:30:18 BOT 2012: Session Start>  session por defecto 
Sat Jan 21 13:30:45 BOT 2012: Ajax-> Mostrar  Imagen Portada> tono:137263 
Sat Jan 21 13:30:54 BOT 2012: Ajax->Mostrar Nombre Genero:  
Sat Jan 21 13:33:15 BOT 2012: Ajax-> Mostrar Comentarios> tono:538 
Sat Jan 21 13:33:36 BOT 2012: ASYNC -> STATS> Tiempo respuesta -0.352239 seg.
Sat Jan 21 13:33:45 BOT 2012: Ajax-> Mostrar Ranking > tono:116851 
Sat Jan 21 13:33:45 BOT 2012: Ajax->Mostrar Reproducciones:  
Sat Jan 21 13:34:06 BOT 2012: Ajax-> Mostrar Ranking > tono:105234 
Sat Jan 21 13:34:21 BOT 2012: WEB REPROD BUSQ > Facebook link: http%3A%2F%2Fbacktones.tigo.com.bo%2Fv3%2Findex.php%3Fseccion%3Dplaylist%26genero%3D98%26f%3D1%26t%3D123123
Sat Jan 21 13:35:54 BOT 2012: Session Start>  Chequeo de sesion
Sat Jan 21 13:35:57 BOT 2012: Check Session > msisdn: 76540614 > Usuario Valido 
Sat Jan 21 13:35:57 BOT 2012: Session Start>  session por defecto 
Sat Jan 21 13:36:30 BOT 2012: Ajax-> Mostrar  Nombre Genero > tono:518 
Sat Jan 21 13:36:43 BOT 2012: Ajax->Mostrar Nombre Genero:  
Sat Jan 21 13:37:55 BOT 2012: Ajax->Mostrar Imagen Portada:  
Sat Jan 21 13:38:10 BOT 2012: Ajax->Mostrar Reproducciones:  
Sat Jan 21 13:38:16 BOT 2012: Ajax-> Mostrar Ranking > tono:130053 
Sat Jan 21 13:38:16 BOT 2012: Asignar backtone escuchado > Asi termino:102882,131760,102883,104938,104214,104293,104215,104294,144306,144311,
Sat Jan 21 13:38:55 BOT 2012: Ajax-> Mostrar  Nombre Artista > tono:102909 
Sat Jan 21 13:41:31 BOT 2012: ASYNC -> STATS> Tiempo respuesta 0.003451 seg.
Sat Jan 21 13:41:40 BOT 2012: ASYNC -> STATS> Tiempo respuesta 0.636442 seg.
Sat Jan 21 13:42:22 BOT 2012: Mostrar Genero: >G&eacute;nero:  <a href='index.php?seccion=playlist&genero=136'>Reggaeton</a>
Sat Jan 21 13:43:25 BOT 2012: Ajax-> Comprar Backtone: msisdn:75505951 
Sat Jan 21 13:45:08 BOT 2012: Check Session > msisdn: 77973775 > Usuario Valido 
Sat Jan 21 13:46:56 BOT 2012: Ajax->Mostrar Megusta:  
Sat Jan 21 13:47:11 BOT 2012: Ajax->Eliminando backtone: msisdn:78104663   
Sat Jan 21 13:47:29 BOT 2012: Ajax->Mostrar Reproducciones:  
Sat Jan 21 13:48:26 BOT 2012: STATS > BUSQUEDA DE BACKTONE >Tiempo: -0.202549 seg. | registros: 61
Sat Jan 21 13:48:41 BOT 2012: Ajax->Mostrar Megusta:  
Sat Jan 21 13:49:11 BOT 2012: Ajax->Mostrar Ranking:  
Sat Jan 21 13:49:20 BOT 2012: ASYNC -> STATS> Tiempo respuesta -0.0044 seg.
Sat Jan 21 13:49:59 BOT 2012: Ajax->Mostrar Reproducciones:  
Sat Jan 21 13:50:29 BOT 2012: Ajax->Mostrar Nombre Artista:  
Sat Jan 21 13:54:30 BOT 2012: Ajax->Mostrar Comentarios:  
Sat Jan 21 13:55:48 BOT 2012: Ajax-> Mostrar Ranking > tono:142632 
Sat Jan 21 13:57:24 BOT 2012: Ajax->Mostrar Ranking:  
Sat Jan 21 13:59:49 BOT 2012: Ajax-> Mostrar  Nombre Artista > tono:122666 
Sat Jan 21 14:01:46 BOT 2012: Ajax-> Mostrar Comentarios> tono:103469 
Sat Jan 21 14:02:28 BOT 2012: ASYNC -> STATS> Tiempo respuesta 0.469091 seg.
Sat Jan 21 14:02:28 BOT 2012: Session Start>  session por defecto 
Sat Jan 21 14:03:25 BOT 2012: Mostrar Comentarios : tono:103132 
Sat Jan 21 14:05:52 BOT 2012: Busqueda Inteligente: resultados >125049
Sat Jan 21 14:06:29 BOT 2012: Consulta de precio de reason:10 - msisdn: tono:128597 Async responde:350
 
Sat Jan 21 14:10:14 BOT 2012: Session Start>  session por defecto 
Sat Jan 21 14:11:29 BOT 2012: Mostrar Ranking: tono:135152 calificacion: 
Sat Jan 21 14:12:27 BOT 2012: Ajax->Mostrar Nombre Artista:  
Sat Jan 21 14:13:33 BOT 2012: ASYNC -> STATS> Tiempo respuesta -0.797991 seg.
Sat Jan 21 14:13:39 BOT 2012: Ajax->Mostrar Reproducciones:  
Sat Jan 21 14:13:54 BOT 2012: ASYNC -> STATS> Tiempo respuesta -0.130511 seg.
Sat Jan 21 14:14:18 BOT 2012: Asignar backtone escuchado > Asi termino:129927,127759,105547,137266,105077,105078,104670,102673,133453,133452,104165,104328,135674,133865,133859,133454,128220,130364,124025,
Sat Jan 21 14:15:00 BOT 2012: ASYNC -> STATS> Tiempo respuesta 0.002593 seg.
Sat Jan 21 14:15:03 BOT 2012: Ajax-> Mostrar Megusta> tono:129927 
Sat Jan 21 14:16:00 BOT 2012: Ajax->Mostrar Megusta:  
Sat Jan 21 14:16:06 BOT 2012: ASYNC -> STATS> Tiempo respuesta 0.167411 seg.
Sat Jan 21 14:16:45 BOT 2012: Asignar backtone escuchado > Asi termino:103135,105767,103276,103133,105765,105762,105764,103134,103275,105235,103132,105760,105758,103274,128597,104445,122648,122647,122645,122660,
Sat Jan 21 14:17:21 BOT 2012: STATS > BUSQUEDA DE BACKTONE >Tiempo: -0.17288 seg. | registros: 7
Sat Jan 21 14:17:30 BOT 2012: Asignar backtone escuchado > Asi termino:103096,129920,129925,129922,135717,134030,135702,113631,113598,104886,61,105065,105070,105063,105067,105047,105073,75,
Sat Jan 21 14:18:42 BOT 2012: Ajax->Mostrar Nombre Artista:  
Sat Jan 21 14:18:48 BOT 2012: Ajax->Mostrar Ranking:  
Sat Jan 21 14:18:48 BOT 2012: Ajax-> Mostrar Comentarios> tono:130973 
Sat Jan 21 14:18:54 BOT 2012: Ajax-> Mostrar  Nombre Artista > tono:103245 
Sat Jan 21 14:19:43 BOT 2012: Mostrar Cantidad reproducciones: tono:105051 cantidad: 0
Sat Jan 21 14:20:04 BOT 2012: Ajax->Mostrar Comentarios:  
Sat Jan 21 14:20:22 BOT 2012: Ajax->Mostrar Nombre Artista:  
Sat Jan 21 14:21:52 BOT 2012: ASYNC -> STATS> Tiempo respuesta 0.002982 seg.
Sat Jan 21 14:22:40 BOT 2012: ASYNC -> STATS> Tiempo respuesta -0.261569 seg.
Sat Jan 21 14:22:49 BOT 2012: Ajax->Mostrar Comentarios:  
Sat Jan 21 14:23:07 BOT 2012: Ajax-> Mostrar  Imagen Portada> tono:104873 
Sat Jan 21 14:24:13 BOT 2012: Ajax->Mostrar Nombre Genero:  
Sat Jan 21 14:24:19 BOT 2012: Ajax->Mostrar Megusta:  
Sat Jan 21 14:25:01 BOT 2012: Ajax->Mostrar Ranking:  
Sat Jan 21 14:25:04 BOT 2012: Ajax->Mostrar Ranking:  
Sat Jan 21 14:26:10 BOT 2012: Ajax->Mostrar Comentarios:  
Sat Jan 21 14:27:38 BOT 2012: STATS > BUSQUEDA DE BACKTONE >Tiempo: 0.088321 seg. | registros: 93
Sat Jan 21 14:27:59 BOT 2012: Checklogin > msisdn: 77681157 , pin:aaVrHrI725Ehk
Sat Jan 21 14:28:02 BOT 2012: Ajax->Mostrar Nombre Genero:  
Sat Jan 21 14:28:50 BOT 2012: MTD_DB_BUSCAR_ARTISTAS > retornando registros:1
Sat Jan 21 14:29:05 BOT 2012: Ajax->Mostrar Nombre Artista:  
Sat Jan 21 14:29:29 BOT 2012: Ajax->Mostrar Nombre Genero:  
Sat Jan 21 14:30:02 BOT 2012: ASYNC -> STATS> Tiempo respuesta -0.353489 seg.
Sat Jan 21 14:30:02 BOT 2012: Error al consultar precio de renovacion - msisdn: tono:142168 - Async responde -3
Sat Jan 21 14:30:26 BOT 2012: Ajax->Mostrar Imagen Portada:  
Sat Jan 21 14:31:54 BOT 2012: Ajax->Mostrar Ranking:  
Sat Jan 21 14:31:54 BOT 2012: Ajax-> Mostrar Ranking > tono:102673 
Sat Jan 21 14:31:57 BOT 2012: Ajax-> Mostrar Ranking > tono:103314 
Sat Jan 21 14:32:00 BOT 2012: Ajax-> Mostrar Comentarios> tono:103314 
Sat Jan 21 14:32:20 BOT 2012: ASYNC -> STATS> Tiempo respuesta 0.667202 seg.
Sat Jan 21 14:32:39 BOT 2012: Ajax-> Mostrar Ranking > tono:127760 
Sat Jan 21 14:32:54 BOT 2012: Ajax->Mostrar Ranking:  
Sat Jan 21 14:33:12 BOT 2012: Consulta de precio de reason:10 - msisdn: tono:102638 Async responde:350
 
Sat Jan 21 14:33:33 BOT 2012: Ajax->Mostrar Nombre Genero:  
Sat Jan 21 14:33:42 BOT 2012: Ajax->Mostrar Ranking:  
Sat Jan 21 14:34:09 BOT 2012: Ajax->Mostrar Megusta:  
Sat Jan 21 14:34:40 BOT 2012: Mostrar Ranking: tono:136232 calificacion: 
Sat Jan 21 14:35:03 BOT 2012: Ajax->Mostrar Reproducciones:  
Sat Jan 21 14:35:30 BOT 2012: Busqueda Inteligente: 
Sat Jan 21 14:36:30 BOT 2012: Ajax->Mostrar Imagen Portada:  
Sat Jan 21 14:37:03 BOT 2012: Asignar backtone escuchado > Asi termino:109384,109337,109336,109381,109380,109605,109604,127855,127787,107792,107790,107781,107780,107788,107763,104379,515,103232,103939,106266,
Sat Jan 21 14:38:03 BOT 2012: ASYNC -> STATS> Tiempo respuesta 0.03941 seg.
Sat Jan 21 14:38:24 BOT 2012: Busqueda Inteligente: 
Sat Jan 21 14:38:24 BOT 2012: Ajax->Mostrar Comentarios:  
Sat Jan 21 14:39:03 BOT 2012: Ajax-> Mostrar Ranking > tono:127767 
Sat Jan 21 14:39:06 BOT 2012: ASYNC -> STATS> Tiempo respuesta 0.773736 seg.
Sat Jan 21 14:39:06 BOT 2012: ASYNC -> STATS> Tiempo respuesta 0.868016 seg.
Sat Jan 21 14:41:10 BOT 2012: Ajax->Mostrar Nombre Genero:  
Sat Jan 21 14:42:55 BOT 2012: Ajax-> Mostrar  Imagen Portada> tono:137288 
Sat Jan 21 14:45:25 BOT 2012: Ajax-> Mostrar Ranking > tono:137257 
Sat Jan 21 14:47:56 BOT 2012: Ajax-> Mostrar Megusta> tono:103992 
Sat Jan 21 14:51:29 BOT 2012: Ajax-> Mostrar  Imagen Portada> tono:114601 
Sat Jan 21 14:53:32 BOT 2012: ASYNC -> STATS> Tiempo respuesta 0.945025 seg.
Sat Jan 21 14:54:48 BOT 2012: Mostrar Cantidad reproducciones: tono:103655 cantidad: 0
Sat Jan 21 14:57:21 BOT 2012: Ajax->Mostrar Ranking:  
Sat Jan 21 14:59:15 BOT 2012: Ajax-> Mostrar Ranking > tono:102803 
Sat Jan 21 14:59:51 BOT 2012: Ajax-> Mostrar  Nombre Artista > tono:102803 
Sat Jan 21 15:00:24 BOT 2012: Ajax->Mostrar Reproducciones:  
Sat Jan 21 15:02:16 BOT 2012: Ajax->Mostrar Nombre Genero:  
Sat Jan 21 15:02:58 BOT 2012: Asignar backtone escuchado > Asi termino:109317,246,109246,109238,109245,109243,449,109242,135727,104279,102650,448,109314,102693,103342,109240,104393,240,
Sat Jan 21 15:04:46 BOT 2012: Session Start>  session por defecto 
Sat Jan 21 15:05:52 BOT 2012: ASYNC -> STATS> Tiempo respuesta -0.226766 seg.
Sat Jan 21 15:05:52 BOT 2012: Consulta de precio de reason:3 - msisdn: tono:144311 Async responde:50
 
Sat Jan 21 15:06:19 BOT 2012: Asignar backtone escuchado > Asi termino:106232,123008,509,144311,144306,123718,103798,142124,115885,104909,142128,142132,142169,102645,126167,106000,125517,104902,132053,
Sat Jan 21 15:08:29 BOT 2012: Ajax-> Mostrar Comentarios> tono:104529 
Sat Jan 21 15:08:53 BOT 2012: Ajax->Mostrar Ranking:  
Sat Jan 21 15:11:02 BOT 2012: Busqueda Inteligente: resultados >121508
Sat Jan 21 15:14:50 BOT 2012: Busqueda Inteligente: resultados >129924
Sat Jan 21 15:14:59 BOT 2012: Ajax->Mostrar Ranking:  
Sat Jan 21 15:15:24 BOT 2012: Asignar backtone escuchado > Asi termino:104875,104874,104873,104133,103533,104447,104507,104508,109497,109634,109491,109632,109465,109604,127787,131636,131842,131625,131616,107747,
Sat Jan 21 15:17:03 BOT 2012: Ajax->Mostrar Reproducciones:  
Sat Jan 21 15:19:06 BOT 2012: Ajax->Mostrar Nombre Genero:  
Sat Jan 21 15:20:18 BOT 2012: Ajax-> Mostrar Megusta> tono:144109 
Sat Jan 21 15:21:51 BOT 2012: Ajax-> Mostrar  Nombre Genero > tono:105758 
Sat Jan 21 15:24:46 BOT 2012: Ajax-> Mostrar  Imagen Portada> tono:105263 
Sat Jan 21 15:25:13 BOT 2012: Ajax->Mostrar Comentarios:  
Sat Jan 21 15:25:13 BOT 2012: Consulta de precio de reason:2 - msisdn:76561673 tono:142527 Async responde:350
 
Sat Jan 21 15:25:13 BOT 2012: ASYNC -> STATS> Tiempo respuesta 0.078311 seg.
Sat Jan 21 15:25:58 BOT 2012: Ajax->Mostrar Comentarios:  
Sat Jan 21 15:27:19 BOT 2012: Ajax->Mostrar Nombre Genero:  
Sat Jan 21 15:27:34 BOT 2012: Ajax-> Mostrar Ranking > tono:105093 
Sat Jan 21 15:29:22 BOT 2012: Session Start>  session por defecto 
Sat Jan 21 15:29:37 BOT 2012: Ajax->Mostrar Reproducciones:  
Sat Jan 21 15:29:49 BOT 2012: Ajax->Mostrar Reproducciones:  
Sat Jan 21 15:29:50 BOT 2012: Ajax->Mostrar Megusta:  
Sat Jan 21 15:30:44 BOT 2012: Ajax->Mostrar Nombre Artista:  
Sat Jan 21 15:33:59 BOT 2012: Busqueda Inteligente: resultados >65
Sat Jan 21 15:35:11 BOT 2012: Asignar backtone escuchado > Asi termino:137264,137259,137249,137251,137246,137257,137261,137253,538,133736,57,102661,137248,137263,137255,137244,
Sat Jan 21 15:35:47 BOT 2012: Ajax-> Mostrar  Imagen Portada> Album:albumes/Solumovil-Version Solumovil.jpg
Sat Jan 21 15:35:56 BOT 2012: Ajax->Mostrar Megusta:  
Sat Jan 21 15:37:15 BOT 2012: ASYNC -> STATS> Tiempo respuesta -0.125539 seg.
Sat Jan 21 15:37:15 BOT 2012: Ajax->Mostrar Comentarios:  
Sat Jan 21 15:37:24 BOT 2012: Ajax->Mostrar Ranking:  
Sat Jan 21 15:37:24 BOT 2012: Ajax->Mostrar Ranking:  
Sat Jan 21 15:37:42 BOT 2012: Ajax->Mostrar Nombre Artista:  
Sat Jan 21 15:38:45 BOT 2012: Ajax->Mostrar Reproducciones:  
Sat Jan 21 15:39:42 BOT 2012: Error al consultar precio de renovacion - msisdn: tono:125516 - Async responde -3
Sat Jan 21 15:41:06 BOT 2012: Ajax-> Mostrar Ranking > tono:120254 
Sat Jan 21 15:41:21 BOT 2012: Ajax->Mostrar Reproducciones:  
Sat Jan 21 15:42:06 BOT 2012: Ajax-> Mostrar Comentarios> tono:104507 
Sat Jan 21 15:42:15 BOT 2012: Ajax->Mostrar Ranking:  
Sat Jan 21 15:44:15 BOT 2012: Mostrar Album: >albumes/timbaland shock value.jpg
Sat Jan 21 15:45:37 BOT 2012: Ajax->Mostrar Megusta:  
Sat Jan 21 15:46:25 BOT 2012: Ajax->Mostrar Nombre Artista:  
Sat Jan 21 15:46:52 BOT 2012: ASYNC -> STATS> Tiempo respuesta 0.001937 seg.
Sat Jan 21 15:47:07 BOT 2012: Ajax->Mostrar Reproducciones:  
Sat Jan 21 15:50:37 BOT 2012: Ajax->Mostrar Ranking:  
Sat Jan 21 15:57:11 BOT 2012: WEB_REPRODUCIR_BUSQUEDA > Se recibieron:25 tonos
Sat Jan 21 15:57:38 BOT 2012: Ajax->Mostrar Ranking:  
Sat Jan 21 15:57:59 BOT 2012: Ajax-> Mostrar  Nombre Genero > tono:105005 
Sat Jan 21 15:58:05 BOT 2012: ASYNC -> STATS> Tiempo respuesta 0.001771 seg.
Sat Jan 21 15:58:05 BOT 2012: Ajax-> Mostrar Ranking > tono:131816 
Sat Jan 21 15:58:42 BOT 2012: Asignar backtone escuchado > Asi termino:240,103688,105005,105002,105000,104998,104999,105498,103687,103712,141881,142527,
Sat Jan 21 16:00:27 BOT 2012: Ajax-> Mostrar Ranking > tono:106384 
Sat Jan 21 16:02:54 BOT 2012: Ajax->Mostrar Megusta:  
Sat Jan 21 16:03:42 BOT 2012: ASYNC -> STATS> Tiempo respuesta 0.002174 seg.
Sat Jan 21 16:03:42 BOT 2012: Ajax->Mostrar Nombre Genero:  
Sat Jan 21 16:04:21 BOT 2012: Ajax->Mostrar Megusta:  
Sat Jan 21 16:07:31 BOT 2012: Ajax->Mostrar Reproducciones:  
Sat Jan 21 16:07:52 BOT 2012: Ajax->Mostrar Reproducciones:  
Sat Jan 21 16:08:46 BOT 2012: Ajax->Mostrar Imagen Portada:  
Sat Jan 21 16:09:07 BOT 2012: Ajax->Mostrar Nombre Genero:  
Sat Jan 21 16:09:58 BOT 2012: Mostrar Album: >albumes/album-default.jpg
Sat Jan 21 16:10:52 BOT 2012: Busqueda Inteligente: resultados >24
Sat Jan 21 16:14:47 BOT 2012: Ajax->Mostrar Comentarios:  
Sat Jan 21 16:17:53 BOT 2012: Busqueda Inteligente: Ricardo Montaner
Sat Jan 21 16:18:32 BOT 2012: Consulta de precio de reason:2 - msisdn: tono:105236 Async responde:350
 
Sat Jan 21 16:22:00 BOT 2012: Ajax->Mostrar Nombre Artista:  
Sat Jan 21 16:23:48 BOT 2012: Mostrar Genero: >G&eacute;nero:  <a href='index.php?seccion=playlist&genero=151'>Nombres</a>
Sat Jan 21 16:24:00 BOT 2012: Ajax->Mostrar Ranking:  
Sat Jan 21 16:26:27 BOT 2012: ASYNC -> STATS> Tiempo respuesta 0.007873 seg.
Sat Jan 21 16:26:30 BOT 2012: Ajax->Mostrar Ranking:  
Sat Jan 21 16:28:04 BOT 2012: Msisdn:78002594Asignando tono:103535:1:1:0:1|141124:1:0:0:1| 
Sat Jan 21 16:28:16 BOT 2012: Session Start>  session por defecto 
Sat Jan 21 16:30:55 BOT 2012: Ajax->Mostrar Ranking:  
Sat Jan 21 16:30:55 BOT 2012: Ajax-> Login Usuario msisdn: 77562724  pin:9935 > Validar msisdn
Sat Jan 21 16:30:58 BOT 2012: Error al consultar precio de renovacion - msisdn:75147498 tono:127754 - Async responde -3
Sat Jan 21 16:31:13 BOT 2012: Mostrar Ranking: tono:136632 calificacion: 
Sat Jan 21 16:31:22 BOT 2012: MTD_DB_BUSCAR_ARTISTAS > retornando registros:1
Sat Jan 21 16:32:46 BOT 2012: ASYNC -> STATS> Tiempo respuesta 0.00647 seg.
Sat Jan 21 16:33:43 BOT 2012: Ajax-> Mostrar  Nombre Genero > tono:104211 
Sat Jan 21 16:34:25 BOT 2012: Ajax->Mostrar Nombre Artista:  
Sat Jan 21 16:36:08 BOT 2012: Ajax-> Mostrar Comentarios> tono:103451 
Sat Jan 21 16:36:29 BOT 2012: Asignar backtone escuchado > Asi termino:124243,
Sat Jan 21 16:39:29 BOT 2012: Mostrar Megusta> tono: 127759 msisdn:75147498 > a otros 1  les gusta 
Sat Jan 21 16:41:20 BOT 2012: STATS > BUSQUEDA DE BACKTONE >Tiempo: 0.161246 seg. | registros: 114
Sat Jan 21 16:42:33 BOT 2012: ASYNC -> STATS> Tiempo respuesta -0.508256 seg.
Sat Jan 21 16:43:42 BOT 2012: Ajax-> Mostrar Megusta> tono:449 
Sat Jan 21 16:46:39 BOT 2012: Ajax->Mostrar Imagen Portada:  
Sat Jan 21 16:46:57 BOT 2012: Ajax-> Mostrar Ranking > tono:105096 
Sat Jan 21 16:47:07 BOT 2012: ASYNC -> STATS> Tiempo respuesta -0.421689 seg.
Sat Jan 21 16:47:07 BOT 2012: Asignar backtone escuchado > Asi termino:104991,103451,103430,273,271,272,105606,
Sat Jan 21 16:47:13 BOT 2012: ASYNC -> STATS> Tiempo respuesta 0.020332 seg.
Sat Jan 21 16:47:13 BOT 2012: Asignar backtone escuchado > Asi termino:103596,103595,105370,105369,105363,105373,105383,105380,105381,105368,105371,105364,105378,105376,105379,105382,105372,105366,105365,105377,
Sat Jan 21 16:47:13 BOT 2012: ASYNC -> STATS> Tiempo respuesta -0.089321 seg.
Sat Jan 21 16:47:13 BOT 2012: Ajax-> Mostrar Ranking > tono:105096 
Sat Jan 21 16:47:13 BOT 2012: Ajax->Mostrar Megusta:  
Sat Jan 21 16:47:13 BOT 2012: Asignar backtone escuchado > Asi termino:103329,248,103986,105040,102948,105310,105653,103265,103119,103470,136252,135978,104991,104212,126489,102883,106005,123218,116471,116466,
Sat Jan 21 16:47:46 BOT 2012: Ajax->Mostrar Comentarios:  
Sat Jan 21 16:48:49 BOT 2012: Ajax->Mostrar Ranking:  
Sat Jan 21 16:50:25 BOT 2012: Busqueda Inteligente: Resultado 
 106288;-Love game-;Cover Lady GaGa;Pop
106289;-Paparazzi-;Cover Lady GaGa;Pop
106290;-Poker Face;Cover Lady GaGa;Pop
106294;-Speechless-;Cover Lady GaGa;Pop
106295;-The fame-;Cover Lady GaGa;Pop
105342;Again Again;Lady Gaga;Pop
106281;Alejandro pop;Cover Lady GaGa;Pop
133699;Americano;Lady Gaga;Pop
133696;Bad Kids;Lady Gaga;Pop
105985;Bad Romance;Lady Gaga;TOP 5
106284;Beautiful rich dirty;Cover Lady GaGa;Pop
105347;Beautiful, Dirty, Rich;Lady Gaga;Pop
131830;Black Jesus Amen Fashion;Lady Gaga;Pop
133695;Bloody Mary;Lady Gaga;Pop
126209;Born This Way Intro;Lady Gaga;Pop
105343;Boys Boys Boys;Lady Gaga;Pop
105344;Brown Eyes;Lady Gaga;Pop
105355;Christmas Tree;Lady Gaga;Pop
106285;Dance in the dark;Cover Lady GaGa;Pop
105345;Eh, Eh (Nothing Else I Can Say);Lady Gaga;Pop
133697;Electric Chapel;Lady Gaga;Pop
131769;Fashion Of His Love;Lady Gaga;Pop
133706;Government Hooker;Lady Gaga;Pop
131827;Hair_;Lady Gaga;Pop
133710;Heavy Metal Lover;Lady Gaga;Pop
133713;Heavy Metal Lover;Lady Gaga;Pop
133701;Highway Unicorn Road To Love;Lady Gaga;Pop
105346;I Like It Rough (Non-LP Version);Lady Gaga;Pop
127377;Judas;Lady Gaga;Pop
105341;Just Dance;Lady Gaga;Pop
105354;Just Dance (Intro);Lady Gaga;Pop
105348;LoveGame;Lady Gaga;Pop
105357;LoveGame (Robots To Mars Remix);Lady Gaga;Pop
105356;LoveGame (Space Cowboy Remix);Lady Gaga;Pop
133703;Marry The Night;Lady Gaga;Pop
105349;Money Honey;Lady Gaga;Pop
105846;Monster;Lady Gaga;Pop
105350;Paparazzi;Lady Gaga;Pop
105351;Poker Face;Lady Gaga;Pop
133705;Scheisse;Lady Gaga;Pop
106292;So happy i could die-;Cover Lady GaGa;Pop
105352;Summerboy;Lady Gaga;Pop
105843;Teeth;Lady Gaga;Pop
132092;The Edge Of Glory;Lady Gaga;Pop
105353;The Fame;Lady Gaga;Pop
133717;The Queen;Lady Gaga;Pop
133715;You And I;Lady Gaga;Pop
133714;You And I;Lady Gaga;Pop
105845; Telephone;Lady Gaga;Pop
106286;-Just dance;Cover Lady GaGa;Pop
138874;Baby Its Cold Outside;Lady Antebellum;Pop
138877;Baby Its Cold Outside;Lady Antebellum;Pop
138873;Hello World;Lady Antebellum;Pop
138871;Home Is Where The Heart Is;Lady Antebellum;Pop
138867;I Run To You;Lady Antebellum;Pop
138863;I Was Here;Lady Antebellum;Pop
138869;Just A Kiss;Lady Antebellum;Pop
138858;Just A Kiss;Lady Antebellum;Pop
138862;Just A Kiss;Lady Antebellum;Pop
102533;La pollera amarilla;Gladys;Latinas
104678;lady laura;Tamara;Latinas
128956;Lady Opratel;Dj Mendez Opratel;Mi Promo ConTigo
138870;Long Gone;Lady Antebellum;Pop
138879;Long Gone;Lady Antebellum;Pop
138883;Lookin For A Good Time;Lady Antebellum;Pop
138866;Lookin For A Good Time;Lady Antebellum;Pop
138868;Love Dont Live Here;Lady Antebellum;Pop
138860;Love Dont Live Here;Lady Antebellum;Pop
138864;Loves Lookin Good On You;Lady Antebellum;Pop
138875;Loves Lookin Good On You;Lady Antebellum;Pop
138881;Need You Now;Lady Antebellum;Pop
138872;Need You Now;Lady Antebellum;Pop
137270;Out Of Goodbyes with Lady Antebellum;Maroon5;Pop
104510; Chiquillada V2;Jardin Unicornio;Sonidos
104509;Chiquillada;Jardin Unicornio;Sonidos
144171;La Diablada;opratel;Carnavaleando con Tigo
104202;Que Chulada De Mujer;Vicente Fernandez;Rancheras
106273;Quisiera que tu me quieras_Version Balada Rock_nacionales;Azul azul;AZUL AZUL
129230;De Ladinho Live;Ivete Sangalo; Brasileras
103000;Ladis night;Asuncion Blues;Pop
104560;a tu lado esta;L. Goodman;Cristianas
364;Anclado;Octavia;Latinas
104431;Ando Bien Arreglado;los tucanes;Rancheras
107783;Linda Siempre estara a tu Lado-MTV ISA TKM;MTV;MTV
123542;Marica arreglado;Pablo Fernandez;Pablo Fernandez
104062;Papel volador;Version Opratel;Sonidos
103978;SENTATE EN EL PELADO;BAILA BAILA;Latinas
128670;Sergio El Bailador;Bronco;Cumbia
102808;Sergio El Bailador;Los Brons;Latinas
102536;Vete de mi lado;Los Chacales;Latinas
 
Sat Jan 21 16:51:07 BOT 2012: MTD_CHEQUEO_REINTENTO >- msisdn:1 tono: diferencia tiempo:185 
Sat Jan 21 16:51:43 BOT 2012: WEB_REPRODUCIR_BUSQUEDA > Se recibieron:1 tonos
Sat Jan 21 16:53:13 BOT 2012: ASYNC -> STATS> Tiempo respuesta 0.0044810000000001 seg.
Sat Jan 21 16:53:50 BOT 2012: Ajax->Mostrar Nombre Artista:  
Sat Jan 21 16:54:11 BOT 2012: Ajax->Mostrar Nombre Genero:  
Sat Jan 21 16:54:14 BOT 2012: Session Start>  session por defecto 
Sat Jan 21 16:54:17 BOT 2012: ASYNC -> STATS> Tiempo respuesta -0.862061 seg.
Sat Jan 21 16:54:29 BOT 2012: Ajax-> Mostrar Megusta> tono:105807 
Sat Jan 21 16:55:14 BOT 2012: Ajax->Mostrar Reproducciones:  
Sat Jan 21 16:56:44 BOT 2012: Ajax-> Mostrar Comentarios> tono:105002 
Sat Jan 21 16:59:23 BOT 2012: ASYNC -> STATS> Tiempo respuesta 0.015555 seg.
Sat Jan 21 17:02:12 BOT 2012: Mostrar Album: >Artista:  <a href='index.php?seccion=playlist&autor=1273'>A.B. Quintanilla</a>
Sat Jan 21 17:02:12 BOT 2012: Ajax-> Mostrar Megusta> tono:104000 
Sat Jan 21 17:02:27 BOT 2012: Ajax->Mostrar Nombre Genero:  
Sat Jan 21 17:03:12 BOT 2012: Ajax->Mostrar Megusta:  
Sat Jan 21 17:03:48 BOT 2012: Ajax->Mostrar Reproducciones:  
Sat Jan 21 17:04:45 BOT 2012: Ajax->Mostrar Megusta:  
Sat Jan 21 17:05:15 BOT 2012: Ajax->Mostrar Imagen Portada:  
Sat Jan 21 17:05:15 BOT 2012: STATS > BUSQUEDA DE BACKTONE >Tiempo: 0.036282 seg. | registros: 82
Sat Jan 21 17:05:30 BOT 2012: Ajax-> Mostrar Ranking > tono:240 
Sat Jan 21 17:06:12 BOT 2012: Ajax-> Mostrar Ranking > tono:102963 
Sat Jan 21 17:07:15 BOT 2012: Ajax->Mostrar Nombre Artista:  
Sat Jan 21 17:09:04 BOT 2012: Ajax->Mostrar Comentarios:  
Sat Jan 21 17:09:52 BOT 2012: ASYNC -> STATS> Tiempo respuesta 0.171571 seg.
Sat Jan 21 17:10:13 BOT 2012: Asignar backtone escuchado > Asi termino:104101,127756,105672,127760,127757,127752,127759,103239,103086,102630,240,104279,102650,142527,104991,123534,131728,123533,123540,131042,
Sat Jan 21 17:10:28 BOT 2012: Ajax->Mostrar Comentarios:  
Sat Jan 21 17:10:49 BOT 2012: Asignar backtone escuchado > Asi termino:104848,103042,103043,104849,105239,104850,103044,104851,104846,104663,131823,104817,103039,104847,103040,103041,127785,104180,104177,
Sat Jan 21 17:10:55 BOT 2012: Ajax-> Mostrar Comentarios> tono:103039 
Sat Jan 21 17:10:55 BOT 2012: Ajax->Mostrar Ranking:  
Sat Jan 21 17:14:10 BOT 2012: Consulta de precio de reason:3 - msisdn: tono:109264 Async responde:350
 
Sat Jan 21 17:14:13 BOT 2012: ASYNC -> STATS> Tiempo respuesta 0.37037 seg.
Sat Jan 21 17:14:49 BOT 2012: ASYNC -> STATS> Tiempo respuesta 0.002804 seg.
Sat Jan 21 17:14:55 BOT 2012: Ajax->Mostrar Megusta:  
Sat Jan 21 17:16:05 BOT 2012: Ajax-> Mostrar Ranking > tono:142230 
Sat Jan 21 17:16:14 BOT 2012: ASYNC -> STATS> Tiempo respuesta -0.29079 seg.
Sat Jan 21 17:16:14 BOT 2012: ASYNC -> STATS> Tiempo respuesta -0.785972 seg.
Sat Jan 21 17:17:05 BOT 2012: Mostrar Album: >albumes/album-default.jpg
Sat Jan 21 17:17:26 BOT 2012: Ajax->Mostrar Ranking:  
Sat Jan 21 17:17:26 BOT 2012: Ajax-> Mostrar Ranking > tono:137882 
Sat Jan 21 17:18:05 BOT 2012: Ajax->Mostrar Nombre Artista:  
Sat Jan 21 17:18:35 BOT 2012: ASYNC -> STATS> Tiempo respuesta 0.001482 seg.
Sat Jan 21 17:20:35 BOT 2012: Asignar backtone escuchado > Asi termino:115942,131821,127752,128311,105672,127765,127763,127760,127767,135108,127757,127759,127754,127756,104078,104505,104002,103611,104613,
Sat Jan 21 17:20:44 BOT 2012: Consulta de precio de reason:2 - msisdn: tono:118180 Async responde:350
 
Sat Jan 21 17:20:44 BOT 2012: ASYNC -> STATS> Tiempo respuesta -0.093452 seg.
Sat Jan 21 17:21:20 BOT 2012: ASYNC -> STATS> Tiempo respuesta 0.002797 seg.
Sat Jan 21 17:22:06 BOT 2012: Ajax->Mostrar Nombre Genero:  
Sat Jan 21 17:22:18 BOT 2012: session-default => asignando por default session
Sat Jan 21 17:23:21 BOT 2012: Ajax->Mostrar Reproducciones:  
Sat Jan 21 17:30:34 BOT 2012: Ajax-> Mostrar  Nombre Artista > tono:110206 
Sat Jan 21 17:31:34 BOT 2012: Asignar backtone escuchado > Asi termino:102531,105710,268,239,237,132456,388,132452,402,132455,102694,104267,
Sat Jan 21 17:33:40 BOT 2012: Ajax->Mostrar Ranking:  
Sat Jan 21 17:35:10 BOT 2012: Busqueda Inteligente: resultados >103276
Sat Jan 21 17:35:40 BOT 2012: ASYNC -> STATS> Tiempo respuesta 0.210441 seg.
Sat Jan 21 17:35:40 BOT 2012: Ajax-> Mostrar Ranking > tono:104991 
Sat Jan 21 17:36:26 BOT 2012: ASYNC -> STATS> Tiempo respuesta 0.003483 seg.
Sat Jan 21 17:37:14 BOT 2012: ASYNC -> STATS> Tiempo respuesta 0.003621 seg.
Sat Jan 21 17:37:17 BOT 2012: Ajax->Mostrar Comentarios:  
Sat Jan 21 17:37:17 BOT 2012: Asignar backtone escuchado > Asi termino:132096,103713,104465,103712,141880,141881,142527,123519,131049,131035,131036,135277,135063,135061,135107,103496,103665,130801,103659,137086,
Sat Jan 21 17:37:59 BOT 2012: Ajax->Mostrar Megusta:  
Sat Jan 21 17:37:59 BOT 2012: Ajax->Mostrar Ranking:  
Sat Jan 21 17:38:59 BOT 2012: Ajax->Mostrar Comentarios:  
Sat Jan 21 17:39:05 BOT 2012: Ajax->Mostrar Nombre Artista:  
Sat Jan 21 17:39:08 BOT 2012: Ajax->Mostrar Nombre Genero:  
Sat Jan 21 17:40:44 BOT 2012: Ajax->Mostrar Nombre Genero:  
Sat Jan 21 17:48:45 BOT 2012: Ajax-> Mostrar  Imagen Portada> tono:109238 
Sat Jan 21 17:49:51 BOT 2012: Session Start>  session por defecto 
Sat Jan 21 17:52:46 BOT 2012: Ajax-> Mostrar Comentarios> tono:103543 
Sat Jan 21 17:55:22 BOT 2012: Ajax->Mostrar Megusta:  
Sat Jan 21 17:56:25 BOT 2012: ASYNC -> STATS> Tiempo respuesta 0.0022529999999999 seg.
Sat Jan 21 17:58:56 BOT 2012: ASYNC -> STATS> Tiempo respuesta -0.177539 seg.
Sat Jan 21 18:01:14 BOT 2012: ASYNC -> STATS> Tiempo respuesta 0.002344 seg.
Sat Jan 21 18:01:38 BOT 2012: Ajax->Mostrar Nombre Artista:  
Sat Jan 21 18:03:56 BOT 2012: Ajax->Mostrar Reproducciones:  
Sat Jan 21 18:05:42 BOT 2012: Ajax-> Mostrar Ranking > tono:105764 
Sat Jan 21 18:10:00 BOT 2012: Session Start>  session por defecto 
Sat Jan 21 18:13:13 BOT 2012: Asignar backtone escuchado > Asi termino:104915,135279,135097,127260,139846,127291,103659,103483,103666,103484,103661,103495,135042,135072,73,103658,135057,135085,135089,137970,
Sat Jan 21 18:13:49 BOT 2012: Ajax->Mostrar Comentarios:  
Sat Jan 21 18:14:40 BOT 2012: Ajax->Mostrar Imagen Portada:  
Sat Jan 21 18:16:19 BOT 2012: Ajax->Mostrar Megusta:  
Sat Jan 21 18:17:19 BOT 2012: Consulta de precio de reason:2 - msisdn:77259595 tono:103564 Async responde:350
 
Sat Jan 21 18:17:19 BOT 2012: Ajax->Mostrar Nombre Artista:  
Sat Jan 21 18:17:28 BOT 2012: ASYNC -> STATS> Tiempo respuesta -0.039428 seg.
Sat Jan 21 18:17:34 BOT 2012: ASYNC -> STATS> Tiempo respuesta 0.029792 seg.
Sat Jan 21 18:17:37 BOT 2012: ASYNC -> STATS> Tiempo respuesta -0.006679 seg.
Sat Jan 21 18:18:25 BOT 2012: Ajax->Mostrar Ranking:  
Sat Jan 21 18:18:28 BOT 2012: Asignar backtone escuchado > Asi termino:105420,109415,109414,112704,124971,139727,130814,129675,
Sat Jan 21 18:18:40 BOT 2012: ASYNC -> STATS> Tiempo respuesta 0.696829 seg.
Sat Jan 21 18:18:43 BOT 2012: ASYNC -> STATS> Tiempo respuesta -0.005977 seg.
Sat Jan 21 18:18:46 BOT 2012: ASYNC -> STATS> Tiempo respuesta -0.010508 seg.
Sat Jan 21 18:19:17 BOT 2012: Ajax->Mostrar Ranking:  
Sat Jan 21 18:19:26 BOT 2012: Ajax->Mostrar Megusta:  
Sat Jan 21 18:20:38 BOT 2012: ASYNC -> STATS> Tiempo respuesta -0.194922 seg.
Sat Jan 21 18:20:38 BOT 2012: Ajax->Mostrar Ranking:  
Sat Jan 21 18:20:44 BOT 2012: Ajax-> Mostrar  Imagen Portada> tono:104256 
Sat Jan 21 18:21:23 BOT 2012: Ajax->Mostrar Nombre Genero:  
Sat Jan 21 18:24:35 BOT 2012: Ajax->Mostrar Comentarios:  
Sat Jan 21 18:27:09 BOT 2012: Ajax->Mostrar Imagen Portada:  
Sat Jan 21 18:27:30 BOT 2012: Ajax->Mostrar Comentarios:  
Sat Jan 21 18:28:15 BOT 2012: Consulta de precio de reason:3 - msisdn: tono:142622 Async responde:350
 
Sat Jan 21 18:29:36 BOT 2012: Ajax->Mostrar Imagen Portada:  
Sat Jan 21 18:29:51 BOT 2012: Ajax->Mostrar Comentarios:  
Sat Jan 21 18:30:21 BOT 2012: Ajax-> Mostrar Ranking > tono:103320 
Sat Jan 21 18:31:54 BOT 2012: Session Start>  session por defecto 
Sat Jan 21 18:33:48 BOT 2012: ASYNC -> STATS> Tiempo respuesta 0.006445 seg.
Sat Jan 21 18:33:57 BOT 2012: Ajax->Mostrar Ranking:  
Sat Jan 21 18:34:00 BOT 2012: ASYNC -> STATS> Tiempo respuesta 0.175985 seg.
Sat Jan 21 18:36:19 BOT 2012: Ajax-> Mostrar Ranking > tono:141881 
Sat Jan 21 18:37:58 BOT 2012: ASYNC -> STATS> Tiempo respuesta -0.213664 seg.
Sat Jan 21 19:15:15 BOT 2012: ASYNC -> STATS> Tiempo respuesta 0.002401 seg.
Sat Jan 21 19:15:33 BOT 2012: Ajax->Mostrar Megusta:  
Sat Jan 21 19:18:31 BOT 2012: Ajax-> Mostrar Megusta> tono:131616 
Sat Jan 21 19:19:19 BOT 2012: Ajax-> Mostrar  Imagen Portada> tono:105533 
Sat Jan 21 19:20:22 BOT 2012: Consulta de precio de reason:3 - msisdn: tono:163 Async responde:350
 
Sat Jan 21 19:21:58 BOT 2012: Asignar backtone escuchado > Asi termino:102945,120225,128432,128599,128440,128438,128436,128429,128430,134178,125510,617,126142,126141,126167,
Sat Jan 21 19:22:28 BOT 2012: Ajax-> Mostrar Megusta> tono:103303 
Sat Jan 21 19:23:34 BOT 2012: Ajax->Mostrar Reproducciones:  
Sat Jan 21 19:23:55 BOT 2012: Ajax->Mostrar Nombre Artista:  
Sat Jan 21 19:24:53 BOT 2012: Ajax-> Mostrar Megusta> tono:104300 
Sat Jan 21 19:26:35 BOT 2012: Ajax->Mostrar Ranking:  
Sat Jan 21 19:30:38 BOT 2012: Ajax-> Mostrar Megusta> tono:125735 
Sat Jan 21 19:31:38 BOT 2012: Asignar backtone escuchado > Asi termino:135200,125493,125735,144149,103843,103037,102673,110348,104300,104299,104357,104315,104316,104323,122538,127441,103950,107749,103593,107747,
Sat Jan 21 19:36:21 BOT 2012: Busqueda Inteligente: resultados >104886
Sat Jan 21 19:36:24 BOT 2012: Ajax-> Mostrar Ranking > tono:105040 
Sat Jan 21 19:36:27 BOT 2012: Ajax->Mostrar Reproducciones:  
Sat Jan 21 19:37:57 BOT 2012: Mostrar Ranking: tono:102893 calificacion: 
Sat Jan 21 19:41:31 BOT 2012: ASYNC -> STATS> Tiempo respuesta 0.002216 seg.
Sat Jan 21 19:46:28 BOT 2012: Ajax->Mostrar Megusta:  
Sat Jan 21 19:46:37 BOT 2012: Ajax-> Mostrar  Nombre Artista > tono:121 
Sat Jan 21 19:47:56 BOT 2012: Ajax->Mostrar Nombre Genero:  
Sat Jan 21 19:48:44 BOT 2012: Consulta de precio de reason:2 - msisdn: tono:135160 Async responde:350
 
Sat Jan 21 19:48:44 BOT 2012: Ajax->Mostrar Ranking:  
Sat Jan 21 19:48:53 BOT 2012: Mostrar Ranking: tono:103653 calificacion: 
Sat Jan 21 19:49:02 BOT 2012: Ajax->Mostrar Comentarios:  
Sat Jan 21 19:49:29 BOT 2012: Ajax->Mostrar Nombre Artista:  
Sat Jan 21 19:49:38 BOT 2012: Ajax-> Mostrar Megusta> tono:103278 
Sat Jan 21 19:52:20 BOT 2012: Ajax-> Mostrar Megusta> tono:102596 
Sat Jan 21 19:52:35 BOT 2012: Ajax->Mostrar Imagen Portada:  
Sat Jan 21 19:53:26 BOT 2012: Ajax-> Mostrar  Nombre Artista > tono:105758 
Sat Jan 21 19:54:11 BOT 2012: Asignar backtone escuchado > Asi termino:286,285,103521,
Sat Jan 21 19:55:51 BOT 2012: STATS > BUSQUEDA DE BACKTONE >Tiempo: 0.005836 seg. | registros: 76
Sat Jan 21 21:18:02 BOT 2012: Asignar backtone escuchado > Asi termino:105762,105764,103134,103275,105235,103132,105760,105758,103274,163,105775,104652,103136,103278,105773,105771,105769,103277,105236,103135,
Sat Jan 21 21:19:05 BOT 2012: Ajax->Mostrar Imagen Portada:  
Sat Jan 21 21:19:05 BOT 2012: Asignar backtone escuchado > Asi termino:113052,127771,102727,129901,103432,135213,127447,105704,107589,113049,435,127452,142148,127457,104090,129236,129892,102723,103423,103448,
Sat Jan 21 21:22:54 BOT 2012: Mostrar Genero: >G&eacute;nero:  <a href='index.php?seccion=playlist&genero=108'>Cristianas</a>
Sat Jan 21 21:23:18 BOT 2012: Ajax->Mostrar Comentarios:  
Sat Jan 21 21:28:30 BOT 2012: ASYNC -> STATS> Tiempo respuesta 0.001838 seg.
Sat Jan 21 21:28:39 BOT 2012: Ajax->Mostrar Comentarios:  
Sat Jan 21 21:28:57 BOT 2012: Ajax-> Comprar Backtone: msisdn: 
Sat Jan 21 21:29:15 BOT 2012: ASYNC -> STATS> Tiempo respuesta 0.003186 seg.
Sat Jan 21 21:29:27 BOT 2012: Ajax-> Mostrar  Nombre Genero > tono:513 
Sat Jan 21 21:29:30 BOT 2012: Ajax-> Mostrar  Imagen Portada> Album:Artista:  <a href='index.php?seccion=playlist&autor=124'>Ricardo Arjona</a>
Sat Jan 21 21:30:10 BOT 2012: Ajax->Mostrar Nombre Genero:  
Sat Jan 21 21:31:10 BOT 2012: Ajax->Mostrar Reproducciones:  
Sat Jan 21 21:33:28 BOT 2012: Asignar backtone escuchado > Asi termino:143744,141833,142273,142230,140821,
Sat Jan 21 21:34:13 BOT 2012: Ajax->Mostrar Comentarios:  
Sat Jan 21 21:34:58 BOT 2012: Ajax->Mostrar Nombre Genero:  
Sat Jan 21 21:35:22 BOT 2012: Ajax->Mostrar Imagen Portada:  
Sat Jan 21 21:38:47 BOT 2012: Ajax->Mostrar Nombre Artista:  
Sat Jan 21 21:39:29 BOT 2012: ASYNC -> STATS> Tiempo respuesta -0.593232 seg.
Sat Jan 21 21:43:41 BOT 2012: Ajax-> Mostrar  Nombre Genero > tono:240 
Sat Jan 21 21:45:36 BOT 2012: Ajax->Mostrar Megusta:  
Sat Jan 21 21:47:15 BOT 2012: Ajax-> Votar Me gusta: msisdn: 
Sat Jan 21 21:47:48 BOT 2012: ASYNC -> STATS> Tiempo respuesta 0.001763 seg.
Sat Jan 21 21:49:03 BOT 2012: STATS > BUSQUEDA DE BACKTONE >Tiempo: -0.228283 seg. | registros: 24
Sat Jan 21 21:55:43 BOT 2012: Ajax->Mostrar Megusta:  
Sat Jan 21 21:57:13 BOT 2012: ASYNC -> STATS> Tiempo respuesta 0.627597 seg.
Sat Jan 21 21:58:02 BOT 2012: ASYNC -> STATS> Tiempo respuesta 0.0022810000000001 seg.
Sat Jan 21 21:58:07 BOT 2012: Error al consultar precio de renovacion - msisdn: tono:102882 - Async responde -3
Sat Jan 21 22:00:31 BOT 2012: ASYNC -> STATS> Tiempo respuesta -0.370197 seg.
Sat Jan 21 22:02:39 BOT 2012: Ajax->Mostrar Reproducciones:  
Sat Jan 21 22:06:30 BOT 2012: ASYNC -> STATS> Tiempo respuesta 0.00182 seg.
Sat Jan 21 22:46:51 BOT 2012: Asignar backtone escuchado > Asi termino:102999,134177,104990,140989,103103,103746,104607,104532,102610,
Sat Jan 21 22:46:51 BOT 2012: Ajax->Mostrar Megusta:  
Sat Jan 21 22:47:54 BOT 2012: Mostrar Ranking: tono:43 calificacion: 5
Sat Jan 21 22:48:00 BOT 2012: Ajax->Mostrar Comentarios:  
Sat Jan 21 22:50:28 BOT 2012: Ajax-> Mostrar Comentarios> tono:105420 
Sat Jan 21 22:50:34 BOT 2012: ASYNC -> STATS> Tiempo respuesta -0.006246 seg.
Sat Jan 21 22:51:07 BOT 2012: Mostrar Album: >albumes/Cover_Gold_Aerosmith300CMYK.jpg
Sat Jan 21 22:51:46 BOT 2012: Ajax-> Mostrar Megusta> tono:116 
Sat Jan 21 22:55:53 BOT 2012: Ajax->Mostrar Reproducciones:  
Sat Jan 21 22:57:35 BOT 2012: Ajax->Mostrar Nombre Artista:  
Sat Jan 21 23:00:14 BOT 2012: Session Start>  session por defecto 
Sat Jan 21 23:00:38 BOT 2012: Ajax->Mostrar Ranking:  
Sat Jan 21 23:01:08 BOT 2012: Busqueda Inteligente: resultados >103709
Sat Jan 21 23:03:33 BOT 2012: ASYNC -> STATS> Tiempo respuesta 0.002566 seg.
Sat Jan 21 23:05:12 BOT 2012: WEB_REPRODUCIR_BUSQUEDA > Se recibieron:1 tonos
Sat Jan 21 23:05:12 BOT 2012: Ajax->Mostrar Nombre Artista:  
Sat Jan 21 23:08:45 BOT 2012: Session Start>  session por defecto 
Sat Jan 21 23:08:54 BOT 2012: STATS > BUSQUEDA DE BACKTONE >Tiempo: 0.074949 seg. | registros: 114
Sat Jan 21 23:10:55 BOT 2012: ASYNC -> STATS> Tiempo respuesta 0.006525 seg.
Sat Jan 21 23:10:58 BOT 2012: Session Start>  session por defecto 
Sat Jan 21 23:11:55 BOT 2012: Asignar backtone escuchado > Asi termino:103133,105765,105762,105764,103134,103275,105235,103132,105760,105758,103274,163,105775,104652,103136,103278,105773,105771,105769,103277,
Sat Jan 21 23:12:19 BOT 2012: Asignar backtone escuchado > Asi termino:104981,137822,141055,144150,104183,335,105572,104171,
Sat Jan 21 23:13:07 BOT 2012: Ajax->Mostrar Nombre Artista:  
Sat Jan 21 23:13:28 BOT 2012: Session Start>  session por defecto 
Sat Jan 21 23:13:40 BOT 2012: Session Start>  session por defecto 
Sat Jan 21 23:16:13 BOT 2012: Ajax->Mostrar Reproducciones:  
Sat Jan 21 23:16:41 BOT 2012: Ajax-> Mostrar  Nombre Genero > tono:121501 
Sat Jan 21 23:18:17 BOT 2012: Asignar backtone escuchado > Asi termino:121512,128275,109261,109264,109259,121501,121499,128299,128309,128305,137822,109262,121510,121508,137818,128304,104981,141055,144150,104183,
Sat Jan 21 23:18:44 BOT 2012: Ajax-> Mostrar Megusta> tono:103136 
Sat Jan 21 23:20:41 BOT 2012: Asignar backtone escuchado > Asi termino:104177,104171,144177,144175,144167,144166,144164,131046,123516,121511,121497,121510,121508,106366,121512,109555,104445,131036,123534,123520,
Sat Jan 21 23:20:53 BOT 2012: ASYNC -> STATS> Tiempo respuesta -0.241896 seg.
Sat Jan 21 23:21:26 BOT 2012: Ajax->Mostrar Ranking:  
Sat Jan 21 23:22:05 BOT 2012: Ajax->Mostrar Ranking:  
Sat Jan 21 23:22:05 BOT 2012: Ajax-> Mostrar  Nombre Genero > tono:104305 
Sat Jan 21 23:22:05 BOT 2012: STATS > BUSQUEDA DE BACKTONE >Tiempo: 0.262596 seg. | registros: 13
Sat Jan 21 23:24:30 BOT 2012: Ajax->Mostrar Reproducciones:  
Sat Jan 21 23:26:06 BOT 2012: Ajax->Mostrar Comentarios:  
Sat Jan 21 23:26:39 BOT 2012: Ajax->Mostrar Nombre Artista:  
Sat Jan 21 23:27:51 BOT 2012: Ajax->Mostrar Reproducciones:  
Sat Jan 21 23:30:54 BOT 2012: Ajax->Mostrar Comentarios:  
Sat Jan 21 23:32:04 BOT 2012: Ajax->Mostrar Ranking:  
Sat Jan 21 23:32:31 BOT 2012: Ajax->Mostrar Reproducciones:  
Sat Jan 21 23:35:37 BOT 2012: Ajax->Mostrar Reproducciones:  
Sat Jan 21 23:36:31 BOT 2012: ASYNC -> STATS> Tiempo respuesta -0.293415 seg.
Sat Jan 21 23:40:05 BOT 2012: ASYNC -> STATS> Tiempo respuesta 0.004972 seg.
Sat Jan 21 23:40:08 BOT 2012: Ajax->Mostrar Megusta:  
Sat Jan 21 23:41:35 BOT 2012: Ajax->Mostrar Ranking:  
Sat Jan 21 23:41:38 BOT 2012: Consulta de precio de reason:3 - msisdn: tono:142527 Async responde:350
 
Sat Jan 21 23:41:44 BOT 2012: Error al consultar precio de renovacion - msisdn: tono:142527 - Async responde -3
Sat Jan 21 23:42:20 BOT 2012: WEB_REPRODUCIR_BUSQUEDA > Se recibieron:82 tonos
Sat Jan 21 23:43:44 BOT 2012: Ajax->Mostrar Nombre Artista:  
Sat Jan 21 23:47:33 BOT 2012: Session Start>  session por defecto 
Sat Jan 21 23:52:51 BOT 2012: Consulta de precio de reason:5 - msisdn: tono:144194 Async responde:350
 
Sat Jan 21 23:56:43 BOT 2012: Session Start>  session por defecto 
