Mon Feb 20 20:18:21 BOT 2012: Ajax->Mostrar Ranking:  
Mon Feb 20 20:25:46 BOT 2012: Ajax->Mostrar Megusta:  
Mon Feb 20 20:27:01 BOT 2012: Ajax-> Mostrar  Imagen Portada> tono:104928 
Mon Feb 20 20:28:35 BOT 2012: Ajax->Mostrar Nombre Genero:  
Mon Feb 20 21:17:35 BOT 2012: Busqueda Inteligente: resultados >104522
Mon Feb 20 21:20:23 BOT 2012: Ajax->Mostrar Reproducciones:  
Mon Feb 20 21:28:57 BOT 2012: Ajax->Mostrar Nombre Genero:  
Mon Feb 20 21:30:16 BOT 2012: Ajax->Mostrar Ranking:  
Mon Feb 20 21:30:55 BOT 2012: STATS > BUSQUEDA DE BACKTONE >Tiempo: -0.083167 seg. | registros: 17
Mon Feb 20 21:31:04 BOT 2012: Ajax-> Mostrar Ranking > tono:104603 
Mon Feb 20 21:34:19 BOT 2012: Ajax->Mostrar Megusta:  
Mon Feb 20 21:35:07 BOT 2012: ASYNC -> STATS> Tiempo respuesta -0.147067 seg.
Mon Feb 20 21:35:13 BOT 2012: Ajax->Mostrar Ranking:  
Mon Feb 20 21:35:16 BOT 2012: Consulta de precio de reason:3 - msisdn:77973766 tono:135152 Async responde:350
 
Mon Feb 20 21:35:16 BOT 2012: Asignar backtone escuchado > Asi termino:103423,107586,105290,104516,104914,104532,104285,103248,120946,104603,127759,139958,118752,118725,118724,104991,130053,130816,145420,
Mon Feb 20 21:38:32 BOT 2012: ASYNC -> STATS> Tiempo respuesta 0.007853 seg.
Mon Feb 20 21:42:20 BOT 2012: Ajax->Mostrar Reproducciones:  
Mon Feb 20 21:44:17 BOT 2012: Busqueda Inteligente: 
Mon Feb 20 21:44:26 BOT 2012: Ajax->Mostrar Comentarios:  
Mon Feb 20 21:45:45 BOT 2012: Ajax->Mostrar Reproducciones:  
Mon Feb 20 21:46:33 BOT 2012: Ajax-> Mostrar Ranking > tono:145676 
Mon Feb 20 21:48:12 BOT 2012: Ajax-> Mostrar  Imagen Portada> tono:104909 
Mon Feb 20 21:48:24 BOT 2012: ASYNC -> STATS> Tiempo respuesta 0.258949 seg.
Mon Feb 20 21:50:03 BOT 2012: Ajax->Mostrar Megusta:  
Mon Feb 20 21:50:03 BOT 2012: Asignar backtone escuchado > Asi termino:124958,560,104482,
Mon Feb 20 21:50:15 BOT 2012: Ajax-> Mostrar Comentarios> tono:103284 
Mon Feb 20 21:50:15 BOT 2012: Ajax->Mostrar Ranking:  
Mon Feb 20 21:51:12 BOT 2012: Ajax->Mostrar Ranking:  
Mon Feb 20 21:51:27 BOT 2012: Ajax-> popup_listar_amigos: msisdn:75026876 
Mon Feb 20 22:00:31 BOT 2012: Ajax-> Mostrar Ranking > tono:137879 
Mon Feb 20 22:00:55 BOT 2012: Ajax-> Mostrar Ranking > tono:119112 
Mon Feb 20 22:04:56 BOT 2012: Ajax-> Mostrar Comentarios> tono:135723 
Mon Feb 20 22:06:23 BOT 2012: Ajax-> Mostrar Megusta> tono:125661 
Mon Feb 20 22:08:14 BOT 2012: Ajax->Mostrar Reproducciones:  
Mon Feb 20 22:09:45 BOT 2012: DB_ELIMINAR_BACKTONES > Msisdn:75633999 tono : -> quitando tonos asignados a 1 amigos
Mon Feb 20 22:10:03 BOT 2012: Ajax-> Mostrar  Imagen Portada> tono:102784 
Mon Feb 20 22:11:03 BOT 2012: Mostrar Cantidad reproducciones: tono:177 cantidad: 0
Mon Feb 20 22:12:00 BOT 2012: Ajax-> Mostrar Comentarios> tono:592 
Mon Feb 20 22:12:51 BOT 2012: Mostrar Ranking: tono:103513 calificacion: 
Mon Feb 20 22:12:51 BOT 2012: Ajax->Mostrar Nombre Genero:  
Mon Feb 20 22:15:00 BOT 2012: ASYNC -> STATS> Tiempo respuesta 0.009171 seg.
Mon Feb 20 22:17:40 BOT 2012: Ajax->Mostrar Ranking:  
Mon Feb 20 22:19:10 BOT 2012: ASYNC -> STATS> Tiempo respuesta -0.23536 seg.
Mon Feb 20 22:20:19 BOT 2012: Busqueda Inteligente: cunumi emierda
Mon Feb 20 22:20:19 BOT 2012: Ajax->Mostrar Nombre Genero:  
Mon Feb 20 22:20:34 BOT 2012: ASYNC -> STATS> Tiempo respuesta 0.430627 seg.
Mon Feb 20 22:42:25 BOT 2012: ASYNC -> STATS> Tiempo respuesta 0.004556 seg.
Mon Feb 20 22:52:02 BOT 2012: WEB_REPRODUCIR_BUSQUEDA > Se recibieron:99 tonos
Mon Feb 20 22:57:09 BOT 2012: Ajax->Mostrar Reproducciones:  
Mon Feb 20 22:57:24 BOT 2012: Ajax-> Mostrar  Nombre Artista > tono:140821 
Mon Feb 20 23:05:25 BOT 2012: ASYNC -> STATS> Tiempo respuesta 0.0037349999999999 seg.
Mon Feb 20 23:10:41 BOT 2012: ASYNC -> STATS> Tiempo respuesta 0.009386 seg.
Mon Feb 20 23:11:05 BOT 2012: Ajax->Mostrar Megusta:  
Mon Feb 20 23:12:08 BOT 2012: Asignar backtone escuchado > Asi termino:102914,365,102913,102912,102911,102910,369,368,102918,367,366,102917,102916,102915,364,
Mon Feb 20 23:20:48 BOT 2012: ASYNC -> STATS> Tiempo respuesta 0.015026 seg.
Mon Feb 20 23:24:07 BOT 2012: Ajax->Mostrar Comentarios:  
Mon Feb 20 23:32:23 BOT 2012: WEB_REPRODUCIR_BUSQUEDA > Se recibieron:114 tonos
Mon Feb 20 23:41:36 BOT 2012: Session Start>  session por defecto 
