Fri Jul 13 19:54:45 BOT 2012: Ajax->Mostrar Megusta:  
Fri Jul 13 19:54:57 BOT 2012: ASYNC -> STATS> Tiempo respuesta -0.009247 seg.
Fri Jul 13 19:55:18 BOT 2012: Ajax->Mostrar Imagen Portada:  
Fri Jul 13 19:57:25 BOT 2012: Session Start>  session por defecto 
Fri Jul 13 19:59:25 BOT 2012: Busqueda Inteligente: resultados >116516
Fri Jul 13 20:00:16 BOT 2012: Ajax-> Mostrar Comentarios> tono:102630 
Fri Jul 13 20:01:10 BOT 2012: Ajax-> Mostrar  Nombre Genero > tono:116506 
Fri Jul 13 20:01:38 BOT 2012: Ajax->Mostrar Imagen Portada:  
Fri Jul 13 20:02:05 BOT 2012: Ajax->Mostrar Nombre Genero:  
Fri Jul 13 20:04:38 BOT 2012: Busqueda Inteligente: resultados >104850
Fri Jul 13 20:15:22 BOT 2012: Ajax->Mostrar Comentarios:  
Fri Jul 13 20:16:07 BOT 2012: Ajax-> Mostrar  Nombre Genero > tono:142273 
Fri Jul 13 20:24:36 BOT 2012: ASYNC -> STATS> Tiempo respuesta 0.002231 seg.
Fri Jul 13 20:25:03 BOT 2012: Ajax->Mostrar Nombre Artista:  
Fri Jul 13 20:27:21 BOT 2012: ASYNC -> STATS> Tiempo respuesta -0.153257 seg.
Fri Jul 13 20:27:36 BOT 2012: Ajax-> Mostrar  Nombre Artista > tono:102532 
Fri Jul 13 20:29:10 BOT 2012: Ajax-> Mostrar Ranking > tono:103480 
Fri Jul 13 20:29:46 BOT 2012: Ajax->Mostrar Ranking:  
Fri Jul 13 20:30:25 BOT 2012: Ajax->Mostrar Reproducciones:  
Fri Jul 13 20:31:04 BOT 2012: ASYNC -> STATS> Tiempo respuesta -0.068529 seg.
Fri Jul 13 20:36:53 BOT 2012: Ajax->Mostrar Comentarios:  
Fri Jul 13 20:40:30 BOT 2012: Asignar backtone escuchado > Asi termino:322,386,105986,103477,103476,103478,509,107749,107747,107794,107788,107763,127898,110222,104991,106359,106358,106356,106304,104567,
Fri Jul 13 20:42:18 BOT 2012: Ajax->Mostrar Nombre Genero:  
Fri Jul 13 20:44:34 BOT 2012: Ajax->Mostrar Megusta:  
Fri Jul 13 20:45:37 BOT 2012: Ajax->Mostrar Nombre Artista:  
Fri Jul 13 20:48:01 BOT 2012: Mostrar Album: >albumes/Album-Plan B-House of Pleasure.jpg
Fri Jul 13 20:50:14 BOT 2012: Ajax->Mostrar Nombre Artista:  
Fri Jul 13 20:55:36 BOT 2012: Ajax->Mostrar Megusta:  
Fri Jul 13 20:55:57 BOT 2012: Ajax->Mostrar Megusta:  
Fri Jul 13 20:58:27 BOT 2012: WEB_REPRODUCIR_BUSQUEDA > Se formatearon:1 tonos
Fri Jul 13 20:59:06 BOT 2012: WEB_REPRODUCIR_BUSQUEDA > Se recibieron:14 tonos
Fri Jul 13 20:59:27 BOT 2012: Ajax->Mostrar Megusta:  
Fri Jul 13 21:05:22 BOT 2012: Ajax->Mostrar Imagen Portada:  
Fri Jul 13 21:09:35 BOT 2012: Ajax-> Mostrar Ranking > tono:104911 
Fri Jul 13 21:10:38 BOT 2012: ASYNC -> STATS> Tiempo respuesta 0.002078 seg.
Fri Jul 13 21:13:21 BOT 2012: ASYNC -> STATS> Tiempo respuesta -0.408959 seg.
Fri Jul 13 21:13:21 BOT 2012: ASYNC -> STATS> Tiempo respuesta -0.398563 seg.
Fri Jul 13 21:13:24 BOT 2012: Ajax->Mostrar Reproducciones:  
Fri Jul 13 21:13:24 BOT 2012: Ajax-> Mostrar Ranking > tono:113034 
Fri Jul 13 21:16:46 BOT 2012: Session Start>  session por defecto 
Fri Jul 13 21:16:46 BOT 2012: Session Start>  session por defecto 
Fri Jul 13 21:19:58 BOT 2012: Ajax->Mostrar Nombre Genero:  
Fri Jul 13 21:22:41 BOT 2012: Ajax->Mostrar Nombre Artista:  
Fri Jul 13 21:23:35 BOT 2012: Ajax-> Mostrar Comentarios> tono:126026 
Fri Jul 13 21:26:47 BOT 2012: ASYNC -> STATS> Tiempo respuesta 0.001453 seg.
Fri Jul 13 21:27:39 BOT 2012: Mostrar Ranking: tono:104367 calificacion: 5
Fri Jul 13 21:28:33 BOT 2012: Ajax->Mostrar Megusta:  
Fri Jul 13 21:29:00 BOT 2012: Busqueda Inteligente: Reik
Fri Jul 13 21:31:09 BOT 2012: Ajax->Mostrar Nombre Genero:  
Fri Jul 13 21:33:22 BOT 2012: Busqueda Inteligente: resultados >103261
Fri Jul 13 21:35:10 BOT 2012: Ajax->Mostrar Comentarios:  
Fri Jul 13 21:36:28 BOT 2012: Ajax->Mostrar Reproducciones:  
Fri Jul 13 21:37:07 BOT 2012: Ajax->Mostrar Reproducciones:  
Fri Jul 13 21:38:04 BOT 2012: Ajax->Mostrar Reproducciones:  
Fri Jul 13 21:38:47 BOT 2012: Ajax-> Mostrar Ranking > tono:104911 
Fri Jul 13 21:38:47 BOT 2012: Asignar backtone escuchado > Asi termino:140821,142230,152126,152118,
Fri Jul 13 21:38:53 BOT 2012: ASYNC -> STATS> Tiempo respuesta 0.006541 seg.
Fri Jul 13 21:38:53 BOT 2012: ASYNC -> STATS> Tiempo respuesta 0.005513 seg.
Fri Jul 13 21:38:56 BOT 2012: Ajax->Mostrar Ranking:  
Fri Jul 13 21:38:56 BOT 2012: Ajax-> Mostrar Ranking > tono:104911 
Fri Jul 13 21:39:02 BOT 2012: Ajax->Mostrar Reproducciones:  
Fri Jul 13 21:39:05 BOT 2012: ASYNC -> STATS> Tiempo respuesta -0.002054 seg.
