Sun Jan 29 0:02:15 BOT 2012: Ajax->Mostrar Imagen Portada:  
Sun Jan 29 0:03:27 BOT 2012: ASYNC -> STATS> Tiempo respuesta 0.324556 seg.
Sun Jan 29 10:13:00 BOT 2012: Ajax-> Mostrar  Nombre Artista > tono:141918 
Sun Jan 29 10:21:05 BOT 2012: Session Start>  session por defecto 
Sun Jan 29 10:27:18 BOT 2012: ASYNC -> STATS> Tiempo respuesta -0.170015 seg.
Sun Jan 29 10:29:33 BOT 2012: ASYNC -> STATS> Tiempo respuesta 0.0065229999999999 seg.
Sun Jan 29 10:30:06 BOT 2012: Ajax-> Mostrar  Nombre Artista > tono:102552 
Sun Jan 29 11:21:20 BOT 2012: ASYNC -> STATS> Tiempo respuesta 0.059782 seg.
Sun Jan 29 11:30:13 BOT 2012: Ajax->Mostrar Ranking:  
Sun Jan 29 11:30:58 BOT 2012: Ajax->Mostrar Imagen Portada:  
Sun Jan 29 11:32:40 BOT 2012: Asignar backtone escuchado > Asi termino:110347,135108,127757,
Sun Jan 29 11:34:31 BOT 2012: Ajax->Mostrar Reproducciones:  
Sun Jan 29 11:35:25 BOT 2012: ASYNC -> STATS> Tiempo respuesta 0.007433 seg.
Sun Jan 29 11:36:20 BOT 2012: Ajax->Mostrar Reproducciones:  
Sun Jan 29 11:37:35 BOT 2012: Ajax->Mostrar Nombre Artista:  
Sun Jan 29 11:38:32 BOT 2012: Ajax->Mostrar Comentarios:  
Sun Jan 29 11:39:02 BOT 2012: Ajax-> Mostrar Megusta> tono:142527 
Sun Jan 29 11:42:24 BOT 2012: Ajax->Eliminando backtone:  > msisdn:76262866 >  tono :129  
Sun Jan 29 11:42:27 BOT 2012: Ajax->Mostrar Ranking:  
Sun Jan 29 11:42:27 BOT 2012: Ajax->Mostrar Reproducciones:  
Sun Jan 29 11:42:39 BOT 2012: Ajax->Mostrar Ranking:  
Sun Jan 29 11:46:36 BOT 2012: Session Start>  session por defecto 
Sun Jan 29 11:48:09 BOT 2012: Ajax->Mostrar Nombre Artista:  
Sun Jan 29 11:50:01 BOT 2012: ASYNC -> STATS> Tiempo respuesta 0.008575 seg.
Sun Jan 29 11:52:16 BOT 2012: Busqueda Inteligente: 
Sun Jan 29 11:52:55 BOT 2012: Ajax-> Mostrar Ranking > tono:102621 
Sun Jan 29 12:46:43 BOT 2012: Ajax->Mostrar Megusta:  
Sun Jan 29 12:49:59 BOT 2012: Ajax->Mostrar Reproducciones:  
Sun Jan 29 12:50:59 BOT 2012: Ajax->Mostrar Nombre Genero:  
Sun Jan 29 12:51:17 BOT 2012: ASYNC -> STATS> Tiempo respuesta 0.005704 seg.
Sun Jan 29 12:51:20 BOT 2012: Error al consultar precio de renovacion - msisdn: tono:105850 - Async responde -3
Sun Jan 29 12:51:35 BOT 2012: Ajax-> Mostrar Ranking > tono:103563 
Sun Jan 29 12:51:41 BOT 2012: ASYNC -> STATS> Tiempo respuesta 0.00467 seg.
Sun Jan 29 12:51:59 BOT 2012: Mostrar Ranking: tono:104352 calificacion: 
Sun Jan 29 12:52:50 BOT 2012: Ajax->Mostrar Reproducciones:  
Sun Jan 29 12:54:23 BOT 2012: Ajax-> Mostrar Megusta> tono:108568 
Sun Jan 29 12:54:38 BOT 2012: Ajax-> Mostrar Comentarios> tono:127275 
Sun Jan 29 12:54:54 BOT 2012: Session Start>  Chequeo de sesion
Sun Jan 29 12:56:48 BOT 2012: Ajax-> Mostrar Megusta> tono:144802 
Sun Jan 29 12:57:15 BOT 2012: ASYNC -> STATS> Tiempo respuesta -0.658168 seg.
Sun Jan 29 12:57:24 BOT 2012: ASYNC -> STATS> Tiempo respuesta 0.030364 seg.
Sun Jan 29 14:03:05 BOT 2012: Asignar backtone escuchado > Asi termino:127855,125049,124956,104508,144306,123008,127752,127765,127759,112466,105547,104121,105309,102622,104125,104324,104124,130988,130993,116849,
Sun Jan 29 14:38:25 BOT 2012: ASYNC -> STATS> Tiempo respuesta -0.454875 seg.
Sun Jan 29 14:38:31 BOT 2012: Ajax->Eliminando backtone: msisdn:77338997   
Sun Jan 29 14:40:58 BOT 2012: Ajax->Mostrar Reproducciones:  
Sun Jan 29 14:43:56 BOT 2012: ASYNC -> STATS> Tiempo respuesta -0.85877 seg.
Sun Jan 29 15:17:19 BOT 2012: Ajax->Mostrar Nombre Genero:  
Sun Jan 29 15:28:48 BOT 2012: Asignar backtone escuchado > Asi termino:118734,118732,118730,118728,118727,118725,118724,118747,118745,118741,118738,118736,144646,103062,103745,131819,126476,136251,108557,
Sun Jan 29 15:29:48 BOT 2012: Ajax-> Mostrar Ranking > tono:118738 
Sun Jan 29 15:29:57 BOT 2012: Session Start>  session por defecto 
Sun Jan 29 16:15:26 BOT 2012: Mostrar Ranking: tono:102934 calificacion: 5
Sun Jan 29 16:32:49 BOT 2012: ASYNC -> STATS> Tiempo respuesta 0.003905 seg.
Sun Jan 29 16:34:38 BOT 2012: Ajax->Mostrar Imagen Portada:  
Sun Jan 29 16:35:41 BOT 2012: Asignar backtone escuchado > Asi termino:134683,134681,134661,
Sun Jan 29 16:36:44 BOT 2012: ASYNC -> STATS> Tiempo respuesta 0.002444 seg.
Sun Jan 29 16:50:19 BOT 2012: ASYNC -> STATS> Tiempo respuesta -0.036455 seg.
Sun Jan 29 16:50:25 BOT 2012: ASYNC -> STATS> Tiempo respuesta 0.001852 seg.
Sun Jan 29 16:56:14 BOT 2012: Ajax->Mostrar Megusta:  
Sun Jan 29 16:57:32 BOT 2012: STATS > BUSQUEDA DE BACKTONE >Tiempo: -0.524808 seg. | registros: 5
Sun Jan 29 18:11:38 BOT 2012: WEB_REPRODUCIR_BUSQUEDA > Se recibieron:25 tonos
Sun Jan 29 19:19:08 BOT 2012: Mostrar Album: >albumes/album-default.jpg
Sun Jan 29 19:20:08 BOT 2012: Ajax-> Mostrar  Nombre Genero > tono:103172 
Sun Jan 29 19:20:56 BOT 2012: Ajax-> Mostrar Ranking > tono:102795 
Sun Jan 29 19:24:35 BOT 2012: Asignar backtone escuchado > Asi termino:118725,103402,104577,103172,118724,102979,139838,103210,104576,104521,255,118732,256,131003,104520,253,130999,104334,104450,104578,
Sun Jan 29 19:25:30 BOT 2012: Ajax->Mostrar Nombre Artista:  
Sun Jan 29 19:26:18 BOT 2012: Ajax->Mostrar Nombre Genero:  
Sun Jan 29 19:26:36 BOT 2012: Ajax-> Mostrar  Nombre Genero > tono:103472 
Sun Jan 29 19:27:06 BOT 2012: Asignar backtone escuchado > Asi termino:107763,103222,103071,103070,103069,103068,127300,127295,122285,108594,108595,
Sun Jan 29 19:27:27 BOT 2012: ASYNC -> STATS> Tiempo respuesta 0.003443 seg.
Sun Jan 29 19:28:57 BOT 2012: Ajax-> Mostrar  Nombre Genero > tono:109247 
Sun Jan 29 19:42:32 BOT 2012: Consulta de precio de reason:2 - msisdn:78499470 tono:105038 Async responde:350
 
Sun Jan 29 19:42:32 BOT 2012: ASYNC -> STATS> Tiempo respuesta -0.146161 seg.
Sun Jan 29 19:43:17 BOT 2012: Checklogin > msisdn: 77505313 , pin:aa7uFnJM6n3sI
Sun Jan 29 19:44:05 BOT 2012: ASYNC -> STATS> Tiempo respuesta 0.00249 seg.
Sun Jan 29 19:44:20 BOT 2012: Ajax-> Mostrar  Nombre Artista > tono:577 
Sun Jan 29 19:46:29 BOT 2012: Ajax-> Mostrar  Nombre Artista > tono:136232 
Sun Jan 29 19:47:23 BOT 2012: Mostrar Comentarios : tono:104303 
Sun Jan 29 20:00:19 BOT 2012: Ajax->Mostrar Imagen Portada:  
Sun Jan 29 20:03:46 BOT 2012: Ajax-> Mostrar Ranking > tono:131765 
Sun Jan 29 20:05:07 BOT 2012: ASYNC -> STATS> Tiempo respuesta 0.175188 seg.
Sun Jan 29 20:06:41 BOT 2012: Ajax->Mostrar Comentarios:  
Sun Jan 29 20:08:20 BOT 2012: Ajax->Mostrar Comentarios:  
Sun Jan 29 20:09:38 BOT 2012: Ajax->Mostrar Nombre Genero:  
Sun Jan 29 20:10:32 BOT 2012: Ajax->Mostrar Nombre Artista:  
Sun Jan 29 20:10:56 BOT 2012: Asignar backtone escuchado > Asi termino:127450,103069,136229,136232,129201,103176,127300,136216,125516,140842,142286,143746,140826,143744,141833,142273,142166,139723,140825,140821,
Sun Jan 29 20:12:45 BOT 2012: Ajax->Mostrar Nombre Genero:  
Sun Jan 29 20:14:06 BOT 2012: Ajax->Mostrar Nombre Genero:  
Sun Jan 29 20:15:12 BOT 2012: Ajax->Mostrar Imagen Portada:  
Sun Jan 29 20:15:15 BOT 2012: ASYNC -> STATS> Tiempo respuesta 0.006641 seg.
Sun Jan 29 20:17:57 BOT 2012: Asignar backtone escuchado > Asi termino:105234,125516,103069,103220,103549,127450,130991,127273,136203,103221,136227,136235,136229,136232,129201,103176,127300,136216,140842,142286,
Sun Jan 29 20:18:09 BOT 2012: ASYNC -> STATS> Tiempo respuesta 0.262505 seg.
Sun Jan 29 20:18:21 BOT 2012: ASYNC -> STATS> Tiempo respuesta 0.507166 seg.
Sun Jan 29 20:18:24 BOT 2012: Ajax->Mostrar Ranking:  
Sun Jan 29 20:18:24 BOT 2012: ASYNC -> STATS> Tiempo respuesta 0.472451 seg.
Sun Jan 29 20:22:49 BOT 2012: Ajax->Mostrar Ranking:  
Sun Jan 29 20:23:09 BOT 2012: Check Session > msisdn: 75355753 > Usuario Valido 
Sun Jan 29 20:23:09 BOT 2012: ASYNC -> STATS> Tiempo respuesta 0.080835 seg.
Sun Jan 29 20:23:19 BOT 2012: Mostrar Comentarios : tono:103469 
Sun Jan 29 20:24:19 BOT 2012: Ajax->Mostrar Comentarios:  
Sun Jan 29 20:25:59 BOT 2012: Ajax->Mostrar Comentarios:  
Sun Jan 29 20:27:29 BOT 2012: Ajax-> Mostrar  Nombre Artista > tono:128602 
Sun Jan 29 20:30:08 BOT 2012: MTD_DB_BUSCAR_ARTISTAS > retornando registros:35
Sun Jan 29 20:30:14 BOT 2012: Ajax->Mostrar Megusta:  
Sun Jan 29 20:30:53 BOT 2012: Ajax->Mostrar Nombre Artista:  
Sun Jan 29 20:31:00 BOT 2012: Busqueda Inteligente: Resultado 
 103211;el gato y el raton;los simpsons;Sonidos
102749;Popurri de Sonidos de Simpsons;Mbarete;Sonidos
 
Sun Jan 29 20:31:27 BOT 2012: SMS >: Servidor responde: > STATS > tiempo respuesta:0.00095500000000004 
Sun Jan 29 20:32:58 BOT 2012: Ajax-> Mostrar  Nombre Genero > tono:103745 
Sun Jan 29 20:33:43 BOT 2012: ASYNC -> STATS> Tiempo respuesta -0.132625 seg.
Sun Jan 29 20:34:07 BOT 2012: ASYNC -> STATS> Tiempo respuesta 0.01321 seg.
Sun Jan 29 20:35:01 BOT 2012: STATS > BUSQUEDA DE BACKTONE >Tiempo: 0.033805 seg. | registros: 4
Sun Jan 29 20:35:04 BOT 2012: Ajax-> Mostrar  Nombre Artista > tono:103521 
Sun Jan 29 20:35:28 BOT 2012: Asignar backtone escuchado > Asi termino:102713,102903,109624,109623,109336,109381,109380,109604,109612,103203,112462,104692,102749,103211,103275,103132,105760,103274,102800,
Sun Jan 29 20:35:40 BOT 2012: Ajax->Mostrar Reproducciones:  
Sun Jan 29 20:35:43 BOT 2012: Ajax->Mostrar Imagen Portada:  
Sun Jan 29 20:37:52 BOT 2012: Ajax-> Mostrar  Nombre Genero > tono:131823 
Sun Jan 29 20:38:04 BOT 2012: Check Session > msisdn: 77557263 > Usuario Valido 
Sun Jan 29 20:39:13 BOT 2012: Ajax->Mostrar Nombre Genero:  
Sun Jan 29 20:39:34 BOT 2012: Ajax-> Mostrar  Nombre Genero > tono:105096 
Sun Jan 29 20:39:59 BOT 2012: Iniciando compra - msisdn:75252492 tono:103069
Sun Jan 29 20:40:32 BOT 2012: Ajax-> Mostrar  Nombre Genero > tono:104289 
Sun Jan 29 20:42:08 BOT 2012: Ajax-> Mostrar Megusta> tono:103072 
Sun Jan 29 20:43:02 BOT 2012: Mostrar Genero: >G&eacute;nero:  <a href='index.php?seccion=playlist&genero=136'>Reggaeton</a>
Sun Jan 29 20:43:17 BOT 2012: Ajax-> Mostrar Comentarios> tono:109322 
Sun Jan 29 20:43:20 BOT 2012: Ajax->Mostrar Imagen Portada:  
Sun Jan 29 20:44:44 BOT 2012: Ajax->Mostrar Reproducciones:  
Sun Jan 29 20:45:26 BOT 2012: Ajax-> Mostrar Comentarios> tono:102979 
Sun Jan 29 20:46:17 BOT 2012: Ajax->Mostrar Imagen Portada:  
Sun Jan 29 20:46:20 BOT 2012: Ajax-> Mostrar  Nombre Genero > tono:104328 
Sun Jan 29 20:47:18 BOT 2012: Busqueda Inteligente: resultados >133415
Sun Jan 29 20:48:45 BOT 2012: Ajax->Mostrar Nombre Genero:  
Sun Jan 29 20:48:48 BOT 2012: Ajax->Mostrar Comentarios:  
Sun Jan 29 20:49:42 BOT 2012: Ajax-> Mostrar Ranking > tono:143078 
Sun Jan 29 20:49:57 BOT 2012: Ajax->Mostrar Megusta:  
Sun Jan 29 20:50:00 BOT 2012: Ajax->Mostrar Ranking:  
Sun Jan 29 20:52:03 BOT 2012: Ajax->Mostrar Ranking:  
Sun Jan 29 20:53:27 BOT 2012: Ajax->Mostrar Megusta:  
Sun Jan 29 20:53:36 BOT 2012: Ajax->Mostrar Megusta:  
Sun Jan 29 20:53:45 BOT 2012: Ajax->Mostrar Nombre Genero:  
Sun Jan 29 20:54:27 BOT 2012: Busqueda Inteligente: Hermanos Yaipen Opratel
Sun Jan 29 20:57:49 BOT 2012: ASYNC -> STATS> Tiempo respuesta 0.00104 seg.
Sun Jan 29 20:57:49 BOT 2012: Ajax->Mostrar Reproducciones:  
Sun Jan 29 20:59:19 BOT 2012: ASYNC -> STATS> Tiempo respuesta 0.136828 seg.
Sun Jan 29 20:59:54 BOT 2012: Busqueda Inteligente: resultados >109339
Sun Jan 29 21:01:16 BOT 2012: Ajax-> Mostrar  Imagen Portada> tono:133826 
Sun Jan 29 21:02:53 BOT 2012: Ajax->Mostrar Nombre Genero:  
Sun Jan 29 21:04:59 BOT 2012: ASYNC -> STATS> Tiempo respuesta 0.010778 seg.
Sun Jan 29 21:05:38 BOT 2012: Ajax->Mostrar Megusta:  
Sun Jan 29 21:05:56 BOT 2012: ASYNC -> STATS> Tiempo respuesta 0.01707 seg.
Sun Jan 29 21:06:02 BOT 2012: ASYNC -> STATS> Tiempo respuesta 0.384161 seg.
Sun Jan 29 21:08:26 BOT 2012: Ajax->Mostrar Imagen Portada:  
Sun Jan 29 21:11:06 BOT 2012: Ajax->Mostrar Comentarios:  
Sun Jan 29 21:11:24 BOT 2012: Ajax->Mostrar Nombre Genero:  
Sun Jan 29 21:12:00 BOT 2012: MTD_LISTAR_TONOS -> Se encontraron los siguientes tonos:
Sun Jan 29 21:14:33 BOT 2012: ASYNC -> STATS> Tiempo respuesta 0.166872 seg.
Sun Jan 29 21:14:39 BOT 2012: Ajax->Mostrar Reproducciones:  
Sun Jan 29 21:15:30 BOT 2012: Ajax-> Mostrar  Imagen Portada> Album:albumes/album-default.jpg
Sun Jan 29 21:16:09 BOT 2012: Ajax-> Mostrar Ranking > tono:133826 
Sun Jan 29 21:16:30 BOT 2012: Ajax->Mostrar Imagen Portada:  
Sun Jan 29 21:16:30 BOT 2012: ASYNC -> STATS> Tiempo respuesta 0.265652 seg.
Sun Jan 29 21:16:39 BOT 2012: ASYNC -> STATS> Tiempo respuesta 0.003582 seg.
Sun Jan 29 21:18:03 BOT 2012: Ajax-> Mostrar  Imagen Portada> tono:144152 
Sun Jan 29 21:18:42 BOT 2012: ASYNC -> STATS> Tiempo respuesta 0.012413 seg.
Sun Jan 29 21:19:36 BOT 2012: Mostrar Genero: >G&eacute;nero:  <a href='index.php?seccion=playlist&genero=171'>Mi Promo ConTigo</a>
Sun Jan 29 21:20:12 BOT 2012: ASYNC -> STATS> Tiempo respuesta 0.011218 seg.
Sun Jan 29 22:19:29 BOT 2012: Ajax-> Mostrar Comentarios> tono:123528 
Sun Jan 29 22:22:57 BOT 2012: Mostrar Megusta> tono: 128221 msisdn: > a otros 4  les gusta 
Sun Jan 29 22:27:03 BOT 2012: Ajax-> Mostrar Ranking > tono:128297 
Sun Jan 29 22:27:18 BOT 2012: ASYNC -> STATS> Tiempo respuesta 0.202362 seg.
Sun Jan 29 22:27:46 BOT 2012: Ajax->Mostrar Reproducciones:  
Sun Jan 29 22:28:01 BOT 2012: Ajax-> Mostrar  Nombre Artista > tono:105060 
Sun Jan 29 22:30:25 BOT 2012: Busqueda Inteligente: resultados >133850
Sun Jan 29 22:30:55 BOT 2012: ASYNC -> STATS> Tiempo respuesta -0.251838 seg.
Sun Jan 29 22:31:55 BOT 2012: Ajax->Mostrar Nombre Genero:  
Sun Jan 29 22:31:58 BOT 2012: Ajax-> Mostrar  Nombre Genero > tono:102997 
Sun Jan 29 22:34:13 BOT 2012: ASYNC -> STATS> Tiempo respuesta 0.398974 seg.
Sun Jan 29 22:34:13 BOT 2012: Asignar backtone escuchado > Asi termino:127759,
Sun Jan 29 22:39:42 BOT 2012: Ajax-> Mostrar Megusta> tono:104874 
Sun Jan 29 22:47:03 BOT 2012: Consulta de precio de reason:2 - msisdn: tono:104335 Async responde:350
 
Sun Jan 29 22:47:06 BOT 2012: ASYNC -> STATS> Tiempo respuesta -0.123219 seg.
Sun Jan 29 22:47:51 BOT 2012: Ajax->Mostrar Reproducciones:  
Sun Jan 29 22:49:24 BOT 2012: ASYNC -> STATS> Tiempo respuesta 0.885063 seg.
Sun Jan 29 22:51:19 BOT 2012: Asignar backtone escuchado > Asi termino:61,105276,140778,125088,509,130053,103827,104051,104991,104335,104183,135107,134685,134683,107721,107741,107737,102610,104171,134164,
Sun Jan 29 22:54:28 BOT 2012: Ajax->Mostrar Imagen Portada:  
Sun Jan 29 22:54:58 BOT 2012: ASYNC -> STATS> Tiempo respuesta 0.013348 seg.
Sun Jan 29 22:57:02 BOT 2012: Ajax->Mostrar Ranking:  
Sun Jan 29 22:58:20 BOT 2012: Ajax->Mostrar Comentarios:  
Sun Jan 29 22:58:29 BOT 2012: Ajax-> Mostrar  Nombre Artista > tono:118736 
Sun Jan 29 23:01:20 BOT 2012: ASYNC -> STATS> Tiempo respuesta 0.0069509999999999 seg.
Sun Jan 29 23:02:20 BOT 2012: Mostrar Ranking: tono:109975 calificacion: 
Sun Jan 29 23:02:44 BOT 2012: Ajax->Mostrar Imagen Portada:  
Sun Jan 29 23:02:56 BOT 2012: Ajax->Mostrar Nombre Genero:  
Sun Jan 29 23:02:59 BOT 2012: Ajax->Mostrar Megusta:  
Sun Jan 29 23:03:48 BOT 2012: Ajax-> Mostrar Megusta> tono:104538 
Sun Jan 29 23:04:57 BOT 2012: Ajax->Mostrar Nombre Genero:  
Sun Jan 29 23:05:42 BOT 2012: Error al consultar precio de renovacion - msisdn: tono:102680 - Async responde -3
Sun Jan 29 23:06:39 BOT 2012: Retornando el siguiente resultado 
 <div><div id='contenedor-albumes'><div  id="contenedor-busqueda" style="height:35px;">
    <div class="contenedor-enlaces-busqueda"  >
        <a class="enlaces-busqueda" style="color:navy;"href='index.php?seccion=playlist&autor=1408' >Wachiturros</a>
    </div>
</div>
<div  id="contenedor-busqueda" style="height:35px;">
    <div class="contenedor-enlaces-busqueda"  >
        <a class="enlaces-busqueda" style="color:navy;"href='index.php?seccion=playlist&autor=214' >Waynawilla</a>
    </div>
</div>
<div  id="contenedor-busqueda" style="height:35px;">
    <div class="contenedor-enlaces-busqueda"  >
        <a class="enlaces-busqueda" style="color:navy;"href='index.php?seccion=playlist&autor=613' >Wazzup</a>
    </div>
</div>
<div  id="contenedor-busqueda" style="height:35px;">
    <div class="contenedor-enlaces-busqueda"  >
        <a class="enlaces-busqueda" style="color:navy;"href='index.php?seccion=playlist&autor=1235' >Wham</a>
    </div>
</div>
<div  id="contenedor-busqueda" style="height:35px;">
    <div class="contenedor-enlaces-busqueda"  >
        <a class="enlaces-busqueda" style="color:navy;"href='index.php?seccion=playlist&autor=657' >Whitney Houston</a>
    </div>
</div>
<div  id="contenedor-busqueda" style="height:35px;">
    <div class="contenedor-enlaces-busqueda"  >
        <a class="enlaces-busqueda" style="color:navy;"href='index.php?seccion=playlist&autor=238' >WILL ADAMS</a>
    </div>
</div>
<div  id="contenedor-busqueda" style="height:35px;">
    <div class="contenedor-enlaces-busqueda"  >
        <a class="enlaces-busqueda" style="color:navy;"href='index.php?seccion=playlist&autor=569' >WilliamHanna JosephBarbera ..</a>
    </div>
</div>
<div  id="contenedor-busqueda" style="height:35px;">
    <div class="contenedor-enlaces-busqueda"  >
        <a class="enlaces-busqueda" style="color:navy;"href='index.php?seccion=playlist&autor=185' >Wimax</a>
    </div>
</div>
<div  id="contenedor-busqueda" style="height:35px;">
    <div class="contenedor-enlaces-busqueda"  >
        <a class="enlaces-busqueda" style="color:navy;"href='index.php?seccion=playlist&autor=516' >Wisin y Yandel</a>
    </div>
</div>
</div></div>
Sun Jan 29 23:07:18 BOT 2012: Ajax->Mostrar Imagen Portada:  
Sun Jan 29 23:07:33 BOT 2012: Ajax->Mostrar Comentarios:  
Sun Jan 29 23:09:18 BOT 2012: Ajax-> Mostrar  Imagen Portada> tono:107573 
Sun Jan 29 23:09:51 BOT 2012: Ajax->Mostrar Nombre Genero:  
Sun Jan 29 23:10:06 BOT 2012: ASYNC -> STATS> Tiempo respuesta 0.486612 seg.
Sun Jan 29 23:15:49 BOT 2012: Ajax->Mostrar Nombre Genero:  
Sun Jan 29 23:17:53 BOT 2012: Ajax->Mostrar Nombre Genero:  
Sun Jan 29 23:18:17 BOT 2012: Ajax-> Mostrar  Nombre Genero > tono:105547 
Sun Jan 29 23:20:32 BOT 2012: Asignar backtone escuchado > Asi termino:137820,109261,137822,106232,123008,104991,123520,123537,123533,123542,123527,123540,123515,123528,131730,123530,123525,131042,123518,123531,
Sun Jan 29 23:20:44 BOT 2012: Ajax-> Mostrar  Nombre Genero > tono:104999 
Sun Jan 29 23:24:36 BOT 2012: ASYNC -> STATS> Tiempo respuesta 0.012063 seg.
Sun Jan 29 23:26:57 BOT 2012: ASYNC -> STATS> Tiempo respuesta 0.013095 seg.
Sun Jan 29 23:27:00 BOT 2012: ASYNC -> STATS> Tiempo respuesta 0.108016 seg.
Sun Jan 29 23:27:03 BOT 2012: ASYNC -> STATS> Tiempo respuesta -0.005377 seg.
Sun Jan 29 23:27:12 BOT 2012: ASYNC -> STATS> Tiempo respuesta 0.003463 seg.
Sun Jan 29 23:30:37 BOT 2012: Ajax-> Mostrar  Nombre Artista > tono:104171 
