Fri Sep 7 0:04:43 BOT 2012: ASYNC -> STATS> Tiempo respuesta -0.641818 seg.
Fri Sep 7 0:35:34 BOT 2012: ASYNC -> STATS> Tiempo respuesta 0.0091680000000001 seg.
Fri Sep 7 0:37:11 BOT 2012: Busqueda Inteligente: Lucky
Fri Sep 7 0:39:20 BOT 2012: ASYNC -> STATS> Tiempo respuesta 0.016287 seg.
Fri Sep 7 0:41:50 BOT 2012: Ajax->Mostrar Reproducciones:  
Fri Sep 7 0:44:27 BOT 2012: Ajax-> Mostrar Megusta> tono:457 
Fri Sep 7 0:49:31 BOT 2012: WEB_REPRODUCIR_BUSQUEDA > Se recibieron:114 tonos
Fri Sep 7 0:52:08 BOT 2012: Busqueda Inteligente: resultados >238
Fri Sep 7 1:02:16 BOT 2012: Busqueda Inteligente: resultados >317
Fri Sep 7 1:04:10 BOT 2012: Busqueda Inteligente: Resultado 
 105423;Contrabando De Amor;Los fabulosos cadillacs;Latinas
103965;Demasiada Presion;Los fabulosos cadillacs;Latinas
103121;El genio;Los fabulosos cadillacs;Latinas
103122;el satanico;Los fabulosos cadillacs;Latinas
103267;ElLeonTumbao;Los fabulosos cadillacs;Latinas
104259;La Luz Del Ritmo;Los fabulosos cadillacs;Latinas
92;La parte de adelante;Los fabulosos cadillacs;Latinas
103266;LaParteDeAdelante;Los fabulosos cadillacs;Latinas
103123;Mal bicho;Los fabulosos cadillacs;Latinas
103124;Matador;Los fabulosos cadillacs;Latinas
103268;MiNoviaSeCayoEnUnPozo;Los fabulosos cadillacs;Latinas
103968;Padre Nuestro;Los fabulosos cadillacs;Latinas
103125;Sopa de caracol rmx;Los fabulosos cadillacs;Latinas
103269;StrawberryFields;Los fabulosos cadillacs;Latinas
103126;vsos vacios;Los fabulosos cadillacs;Latinas
103966;Yo te avise;Los fabulosos cadillacs;Latinas
140836;Fabulosos Canillas;Version Solumovil;Chistes
103967;Carnaval toda la vida;Los fabulosos cadillacs;Latinas
103472;2te hice mal;Los Temerarios;Latinas
102639;A Besitos;Los Diablitos;Latinas
103062;a pesar;Los Cafres;Pop
103816;Abre los cielos;Grupo Renacer;Cristianas
104554;Abre los cielos_;Jesus A Romero;Cristianas
104926;Agente 86 y los enanos;Version Opratel;Sonidos
107573;Ahora pienso en Ti;Los Temerarios;Latinas
102953;ahora pienso mas en ti;Los Temerarios;Latinas
131616;Al Final;Los Kjarkas;Folklore
103597;AlMayorDeLos;Vicente Fernandez;Vicente Fernandez
102817;amanecio;Los Internacionales;Latinas
102804;Amigo Bronco;Los Brons;Latinas
102811;Amigos con derecho;Los Brons;Latinas
102818;amor anejo;Los Internacionales;Latinas
104612;Amor De Los Dos En Vivo;Vicente Fernandez;Vicente Fernandez
102537;Amores como el nuestro;los Charros;Cumbia
104431;Ando Bien Arreglado;los tucanes;Rancheras
131625;Ave de cristal;Los Kjarkas;Folklore
107571;Ay amigo;Los Temerarios;Latinas
125514;Baile de los Pobres;Calle13;Reggaeton
104376;Basta para mi;los tipitos;Latinas
102812;Besos Frios;Los Internacionales;Latinas
104629;Blooming 1 a Nac Potosi 0;Carlos Castilla;Blooming
104628;Blooming 2 a Nac Potosi 0 CA 2009 F12;Carlos Castilla;Blooming
102718;Blooming1 contra Olimpia;Luis Carlos;Blooming
131627;Bolivia;Los Kjarkas;Folklore
214;Bombon asesino;Los palmeras;Latinas
151056;Boogie coro dos;Los Salmones;Rock
151042;Boogie uno;Los Salmones;Rock
109261;borrachos2;Los Mismos;Promoción Te Matamos de Risa
102663;Botella envenenada;Los Temerarios;Latinas
145198;Cantico los Chiflados;Opratel;A todo futbol con Tigo
109394;carlos;Homero;Mi Promo ConTigo
109395;carlos1;Homero;Mi Promo ConTigo
104663;celos;Fanny Lu;Latinas
120248;Celos chiste;Chaplin Show;Chistes
143739;Celoso;Go Media;Chistes
142223;Chicos Malos;Go Media;Chistes
238;Chupachichi;Los petes;Cumbia
109240;como diablos;Pipe Bueno;Vallenatos
102954;como te recuerdo;Los Temerarios;Latinas
130816;Como te voy a olvidar;Los Angeles Azules Opratel;Mi Promo ConTi 
Fri Sep 7 1:04:28 BOT 2012: ASYNC -> STATS> Tiempo respuesta 0.0038370000000001 seg.
Fri Sep 7 1:05:40 BOT 2012: Asignar backtone escuchado > Asi termino:103267,103122,103121,103965,105423,103841,103840,105638,103838,167,155,104031,104024,130830,
Fri Sep 7 1:11:21 BOT 2012: ASYNC -> STATS> Tiempo respuesta -0.690612 seg.
Fri Sep 7 1:14:06 BOT 2012: Ajax->Mostrar Megusta:  
Fri Sep 7 1:25:27 BOT 2012: Ajax-> Mostrar Ranking > tono:94 
Fri Sep 7 1:28:54 BOT 2012: Ajax-> Mostrar Megusta> tono:556 
Fri Sep 7 1:41:15 BOT 2012: Asignar backtone escuchado > Asi termino:103885,602,113598,104886,102622,122283,113634,155394,103897,103557,113632,155476,113631,113630,113628,103896,556,103894,113627,155498,
Fri Sep 7 8:19:45 BOT 2012: Ajax-> Mostrar  Genero > G&eacute;nero:  <a href='index.php?seccion=playlist&genero=143'>Latinas</a>
Fri Sep 7 9:05:51 BOT 2012: Ajax->Mostrar Imagen Portada:  
Fri Sep 7 9:12:10 BOT 2012: Ajax->Mostrar Comentarios:  
Fri Sep 7 9:14:35 BOT 2012: Consulta de precio de reason:10 - msisdn: tono:154234 Async responde:350
 
Fri Sep 7 9:29:57 BOT 2012: Ajax-> Mostrar  Imagen Portada> tono:509 
Fri Sep 7 9:30:06 BOT 2012: Ajax-> Mostrar  Nombre Artista > tono:131719 
Fri Sep 7 9:35:31 BOT 2012: Ajax-> Mostrar  Nombre Artista > tono:509 
Fri Sep 7 9:39:05 BOT 2012: Ajax-> Mostrar Ranking > tono:153342 
Fri Sep 7 9:39:11 BOT 2012: Busqueda Inteligente: resultados >103475
Fri Sep 7 9:40:03 BOT 2012: Ajax->Mostrar Imagen Portada:  
Fri Sep 7 9:40:09 BOT 2012: Mostrar Ranking: tono:104991 calificacion: 1
Fri Sep 7 9:45:19 BOT 2012: Check Session > msisdn: 78838932 > Usuario Valido 
Fri Sep 7 9:45:19 BOT 2012: Ajax->Mostrar Nombre Genero:  
Fri Sep 7 9:45:25 BOT 2012: Asignar backtone escuchado > Asi termino:134685,134683,149592,
Fri Sep 7 9:55:31 BOT 2012: Ajax->Mostrar Nombre Artista:  
Fri Sep 7 9:56:22 BOT 2012: Ajax->Mostrar Nombre Artista:  
Fri Sep 7 9:58:14 BOT 2012: Ajax-> Mostrar Megusta> tono:152530 
Fri Sep 7 9:58:47 BOT 2012: Ajax->Mostrar Reproducciones:  
Fri Sep 7 9:59:59 BOT 2012: ASYNC -> STATS> Tiempo respuesta 0.003467 seg.
Fri Sep 7 10:01:20 BOT 2012: Ajax-> Mostrar Comentarios> tono:131702 
Fri Sep 7 10:02:27 BOT 2012: Ajax-> Mostrar Comentarios> tono:133405 
Fri Sep 7 10:03:00 BOT 2012: Ajax->Mostrar Imagen Portada:  
Fri Sep 7 10:03:33 BOT 2012: Ajax-> Mostrar Megusta> tono:109264 
Fri Sep 7 10:04:16 BOT 2012: Ajax-> Mostrar Ranking > tono:102969 
Fri Sep 7 10:04:46 BOT 2012: Ajax-> Mostrar Comentarios> tono:102662 
Fri Sep 7 10:13:50 BOT 2012: Ajax->Mostrar Ranking:  
Fri Sep 7 10:15:14 BOT 2012: Ajax->Mostrar Nombre Genero:  
Fri Sep 7 10:17:51 BOT 2012: Ajax->Mostrar Nombre Artista:  
Fri Sep 7 10:21:04 BOT 2012: ASYNC -> STATS> Tiempo respuesta 0.003727 seg.
Fri Sep 7 10:21:28 BOT 2012: Ajax-> Mostrar  Imagen Portada> tono:104409 
Fri Sep 7 10:23:43 BOT 2012: Ajax->Mostrar Nombre Genero:  
Fri Sep 7 10:24:19 BOT 2012: Ajax->Mostrar Nombre Artista:  
Fri Sep 7 10:24:55 BOT 2012: Consulta de precio de reason:3 - msisdn:77215779 tono:338 Async responde:350
 
Fri Sep 7 10:25:08 BOT 2012: Ajax-> Mostrar  Genero > G&eacute;nero:  <a href='index.php?seccion=playlist&genero=108'>Cristianas</a>
Fri Sep 7 10:26:47 BOT 2012: Ajax->Mostrar Nombre Genero:  
Fri Sep 7 10:31:39 BOT 2012: Ajax-> Mostrar  Nombre Artista > tono:152880 
Fri Sep 7 10:38:56 BOT 2012: Mostrar Album: >albumes/album-default.jpg
Fri Sep 7 10:42:03 BOT 2012: Ajax-> Mostrar Ranking > tono:112707 
Fri Sep 7 10:50:23 BOT 2012: Ajax-> Mostrar Ranking > tono:102940 
Fri Sep 7 10:53:48 BOT 2012: Ajax->Mostrar Comentarios:  
Fri Sep 7 11:00:59 BOT 2012: MTD_DB_BUSCAR_ARTISTAS > retornando registros:77
Fri Sep 7 11:05:36 BOT 2012: Ajax->Mostrar Nombre Genero:  
Fri Sep 7 11:06:27 BOT 2012: Ajax-> Asignar tonos Amigos: > msisdn:77390582 > ani :76078599 tono:105109 
Fri Sep 7 11:06:30 BOT 2012: Ajax->Mostrar Comentarios:  
Fri Sep 7 11:09:46 BOT 2012: ASYNC -> STATS> Tiempo respuesta -0.092869 seg.
Fri Sep 7 11:12:38 BOT 2012: Ajax-> Mostrar  Imagen Portada> tono:128668 
Fri Sep 7 11:16:15 BOT 2012: Ajax-> Mostrar  Imagen Portada> tono:125513 
Fri Sep 7 11:17:24 BOT 2012: Ajax->Mostrar Ranking:  
Fri Sep 7 11:19:43 BOT 2012: Asignar backtone escuchado > Asi termino:105280,105277,105284,133790,133788,137231,133786,105270,84,103477,105036,104285,105077,104670,102893,150032,103148,150036,104564,102694,
Fri Sep 7 11:19:43 BOT 2012: Ajax-> Mostrar Ranking > tono:105988 
Fri Sep 7 11:55:13 BOT 2012: Busqueda Inteligente: resultados >114587
Fri Sep 7 11:55:13 BOT 2012: Ajax->Mostrar Reproducciones:  
Fri Sep 7 11:58:19 BOT 2012: Busqueda Inteligente: resultados >102663
Fri Sep 7 11:58:22 BOT 2012: Busqueda Inteligente: resultados >127771
Fri Sep 7 11:59:29 BOT 2012: Ajax-> Mostrar  Nombre Genero > tono:104189 
Fri Sep 7 11:59:32 BOT 2012: Ajax->Mostrar Nombre Genero:  
Fri Sep 7 12:00:14 BOT 2012: Ajax->Mostrar Ranking:  
Fri Sep 7 12:02:36 BOT 2012: Ajax->Mostrar Megusta:  
Fri Sep 7 12:03:36 BOT 2012: Ajax->Mostrar Nombre Genero:  
Fri Sep 7 12:05:33 BOT 2012: Ajax-> Mostrar  Imagen Portada> tono:25 
Fri Sep 7 13:04:19 BOT 2012: Ajax->Mostrar Reproducciones:  
Fri Sep 7 13:09:11 BOT 2012: Ajax-> Mostrar Ranking > tono:105370 
Fri Sep 7 13:09:51 BOT 2012: Ajax-> Mostrar  Imagen Portada> tono:150290 
Fri Sep 7 13:10:24 BOT 2012: ASYNC -> STATS> Tiempo respuesta 0.003395 seg.
Fri Sep 7 13:10:30 BOT 2012: Ajax->Mostrar Reproducciones:  
Fri Sep 7 13:11:03 BOT 2012: Ajax-> Mostrar  Nombre Artista > tono:102799 
Fri Sep 7 13:14:37 BOT 2012: Mostrar Album: >Artista:  <a href='index.php?seccion=playlist&autor=295'>Marco Antonio Solis</a>
Fri Sep 7 13:16:22 BOT 2012: Ajax-> Mostrar Comentarios> tono:128427 
Fri Sep 7 13:20:29 BOT 2012: Ajax->Mostrar Megusta:  
Fri Sep 7 13:20:29 BOT 2012: Ajax->Mostrar Ranking:  
Fri Sep 7 13:22:18 BOT 2012: ASYNC -> STATS> Tiempo respuesta 0.003506 seg.
Fri Sep 7 13:22:27 BOT 2012: Ajax->Mostrar Megusta:  
Fri Sep 7 13:23:27 BOT 2012: Ajax->Mostrar Ranking:  
Fri Sep 7 13:24:36 BOT 2012: Busqueda Inteligente: resultados >110329
Fri Sep 7 13:24:49 BOT 2012: Ajax->Mostrar Nombre Genero:  
Fri Sep 7 13:25:58 BOT 2012: Consulta de precio de reason:10 - msisdn: tono:155510 Async responde:350
 
Fri Sep 7 13:25:58 BOT 2012: ASYNC -> STATS> Tiempo respuesta 0.221633 seg.
Fri Sep 7 13:26:52 BOT 2012: Asignar backtone escuchado > Asi termino:104261,124965,85,43,104286,150076,105607,127001,126994,113024,155396,107775,142174,104285,105540,131819,106288,110493,102699,148,
Fri Sep 7 13:28:04 BOT 2012: Ajax->Mostrar Nombre Genero:  
Fri Sep 7 13:28:59 BOT 2012: Ajax->Mostrar Comentarios:  
Fri Sep 7 13:31:41 BOT 2012: Ajax->Mostrar Ranking:  
Fri Sep 7 13:31:53 BOT 2012: Ajax-> Mostrar Comentarios> tono:376 
Fri Sep 7 13:33:57 BOT 2012: Ajax->Mostrar Nombre Artista:  
Fri Sep 7 13:35:24 BOT 2012: Ajax->Mostrar Comentarios:  
Fri Sep 7 13:36:40 BOT 2012: Asignar backtone escuchado > Asi termino:132455,103346,105996,125090,126167,150090,276,140778,453,109963,103051,509,150304,127757,127759,155504,
Fri Sep 7 13:37:07 BOT 2012: WEB_REPRODUCIR_BUSQUEDA > Se recibieron:17 tonos
Fri Sep 7 13:39:19 BOT 2012: Ajax->Mostrar Nombre Genero:  
Fri Sep 7 13:40:20 BOT 2012: Mostrar Ranking: tono:155388 calificacion: 
Fri Sep 7 13:40:26 BOT 2012: Ajax->Mostrar Nombre Genero:  
Fri Sep 7 13:42:53 BOT 2012: Ajax->Mostrar Megusta:  
Fri Sep 7 13:42:56 BOT 2012: ASYNC -> STATS> Tiempo respuesta 0.413851 seg.
Fri Sep 7 13:42:56 BOT 2012: Consulta de precio de reason:2 - msisdn:77575837 tono:150298 Async responde:350
 
Fri Sep 7 13:42:56 BOT 2012: ASYNC -> STATS> Tiempo respuesta -0.001489 seg.
Fri Sep 7 13:42:59 BOT 2012: Ajax-> Mostrar Megusta> tono:150298 
Fri Sep 7 13:44:00 BOT 2012: Asignar backtone escuchado > Asi termino:150100,103604,102778,127001,155468,103887,103558,147862,105259,522,105408,422,103052,103149,143076,126994,104876,104877,113602,155432,
Fri Sep 7 13:44:48 BOT 2012: Ajax->Mostrar Imagen Portada:  
Fri Sep 7 13:51:56 BOT 2012: Ajax->Mostrar Reproducciones:  
Fri Sep 7 13:52:29 BOT 2012: Ajax->Mostrar Nombre Genero:  
Fri Sep 7 13:52:38 BOT 2012: Asignar backtone escuchado > Asi termino:138306,137972,134658,126173,126172,126167,125661,155510,134686,134683,134015,155820,
Fri Sep 7 13:54:27 BOT 2012: Ajax->Mostrar Megusta:  
Fri Sep 7 13:54:57 BOT 2012: Ajax->Mostrar Nombre Genero:  
Fri Sep 7 13:55:15 BOT 2012: Asignar backtone escuchado > Asi termino:104454,102651,103580,105999,150074,154234,104307,132466,102695,149530,110187,134015,105988,103476,103478,103475,103793,276,509,123242,
Fri Sep 7 13:55:27 BOT 2012: Ajax-> Mostrar Ranking > tono:102789 
Fri Sep 7 13:55:57 BOT 2012: Ajax-> Mostrar Ranking > tono:116506 
Fri Sep 7 13:56:33 BOT 2012: Ajax-> Mostrar  Imagen Portada> tono:104221 
Fri Sep 7 13:57:09 BOT 2012: Error al consultar precio de renovacion - msisdn: tono:143 - Async responde -3
Fri Sep 7 13:57:49 BOT 2012: Ajax->Mostrar Comentarios:  
Fri Sep 7 13:58:34 BOT 2012: ASYNC -> STATS> Tiempo respuesta 0.003544 seg.
Fri Sep 7 13:58:37 BOT 2012: Ajax-> Mostrar Ranking > tono:103482 
Fri Sep 7 13:59:04 BOT 2012: Ajax->Mostrar Comentarios:  
Fri Sep 7 13:59:34 BOT 2012: Ajax->Mostrar Comentarios:  
Fri Sep 7 14:00:04 BOT 2012: Asignar backtone escuchado > Asi termino:322,123218,102645,105996,103762,125088,125517,104902,126657,125067,105997,296,145220,122648,145207,102697,104454,102651,103580,105999,
Fri Sep 7 14:00:37 BOT 2012: ASYNC -> STATS> Tiempo respuesta 0.002888 seg.
Fri Sep 7 14:00:37 BOT 2012: Ajax-> Mostrar Ranking > tono:105260 
Fri Sep 7 14:01:22 BOT 2012: Ajax-> Mostrar  Nombre Genero > tono:103029 
Fri Sep 7 14:02:26 BOT 2012: Ajax-> Mostrar Ranking > tono:145165 
Fri Sep 7 14:06:09 BOT 2012: Ajax-> Mostrar Comentarios> tono:135727 
Fri Sep 7 14:07:51 BOT 2012: Ajax->Mostrar Reproducciones:  
Fri Sep 7 14:08:06 BOT 2012: Ajax-> Mostrar Ranking > tono:124243 
Fri Sep 7 14:09:40 BOT 2012: Ajax->Mostrar Imagen Portada:  
Fri Sep 7 14:10:28 BOT 2012: Ajax->Mostrar Nombre Genero:  
Fri Sep 7 14:11:10 BOT 2012: Ajax->Mostrar Ranking:  
Fri Sep 7 14:13:29 BOT 2012: Asignar backtone escuchado > Asi termino:134661,134660,149592,105235,103274,137276,155282,127374,155488,127771,102650,105711,240,
Fri Sep 7 14:13:47 BOT 2012: Ajax->Mostrar Reproducciones:  
Fri Sep 7 14:16:41 BOT 2012: Ajax-> Mostrar  Imagen Portada> Album:albumes/al fondo hay sitio.jpg
Fri Sep 7 14:17:05 BOT 2012: Ajax-> Mostrar Comentarios> tono:117850 
Fri Sep 7 14:18:12 BOT 2012: Ajax-> Mostrar  Nombre Artista > tono:155504 
Fri Sep 7 14:18:51 BOT 2012: Mostrar Album: >Artista:  <a href='index.php?seccion=playlist&autor=157'>telecel</a>
Fri Sep 7 14:20:12 BOT 2012: Session Start>  session por defecto 
Fri Sep 7 14:20:45 BOT 2012: Ajax-> Mostrar  Nombre Genero > tono:150326 
Fri Sep 7 14:22:28 BOT 2012: Ajax-> Mostrar Ranking > tono:276 
Fri Sep 7 14:22:52 BOT 2012: Ajax-> Mostrar  Nombre Genero > tono:139339 
Fri Sep 7 14:29:36 BOT 2012: Ajax-> Mostrar  Nombre Genero > tono:155448 
Fri Sep 7 14:34:01 BOT 2012: Ajax-> Mostrar Ranking > tono:137972 
Fri Sep 7 14:36:50 BOT 2012: Ajax-> Mostrar Ranking > tono:102953 
Fri Sep 7 14:40:12 BOT 2012: Ajax-> Mostrar Megusta> tono:109337 
Fri Sep 7 14:40:27 BOT 2012: ASYNC -> STATS> Tiempo respuesta 0.003058 seg.
Fri Sep 7 14:43:34 BOT 2012: Ajax->Mostrar Imagen Portada:  
Fri Sep 7 14:45:10 BOT 2012: Ajax->Mostrar Imagen Portada:  
Fri Sep 7 14:47:26 BOT 2012: ASYNC -> STATS> Tiempo respuesta 0.001593 seg.
Fri Sep 7 14:47:38 BOT 2012: Mostrar Comentarios : tono:152128 
Fri Sep 7 14:47:44 BOT 2012: Ajax->Mostrar Reproducciones:  
Fri Sep 7 14:47:53 BOT 2012: Ajax->Mostrar Imagen Portada:  
Fri Sep 7 14:47:53 BOT 2012: Ajax->Mostrar Nombre Genero:  
Fri Sep 7 14:48:47 BOT 2012: Ajax-> Mostrar Comentarios> tono:104804 
Fri Sep 7 14:52:24 BOT 2012: Ajax->Mostrar Comentarios:  
Fri Sep 7 15:00:20 BOT 2012: Ajax-> Mostrar  Imagen Portada> tono:133407 
Fri Sep 7 15:00:38 BOT 2012: Ajax->Mostrar Reproducciones:  
Fri Sep 7 15:01:02 BOT 2012: Mostrar Cantidad reproducciones: tono:103616 cantidad: 0
Fri Sep 7 15:02:18 BOT 2012: Asignar backtone escuchado > Asi termino:102682,150234,102799,103699,150290,105370,102681,103854,150294,135109,102786,102680,109402,102679,102974,150298,155390,102678,105374,155388,
Fri Sep 7 15:03:54 BOT 2012: Ajax-> Mostrar Ranking > tono:103558 
Fri Sep 7 15:04:27 BOT 2012: Ajax-> Mostrar Megusta> tono:103887 
Fri Sep 7 15:06:25 BOT 2012: Asignar backtone escuchado > Asi termino:109604,103596,126470,103274,142230,104440,104554,104024,112705,104200,103086,127417,124025,104553,103142,126462,130984,134015,149822,109227,
Fri Sep 7 15:17:55 BOT 2012: Ajax-> Mostrar  Nombre Artista > tono:135688 
Fri Sep 7 15:20:22 BOT 2012: Ajax->Mostrar Reproducciones:  
Fri Sep 7 15:20:31 BOT 2012: Ajax-> Mostrar Ranking > tono:134012 
Fri Sep 7 15:22:47 BOT 2012: Ajax-> Mostrar  Nombre Genero > tono:105309 
Fri Sep 7 15:22:50 BOT 2012: Ajax->Mostrar Nombre Genero:  
Fri Sep 7 15:24:30 BOT 2012: Asignar backtone escuchado > Asi termino:105534,102622,104532,104178,102610,145261,104957,106330,
Fri Sep 7 15:26:03 BOT 2012: Asignar backtone escuchado > Asi termino:103466,104179,104165,105534,102622,104532,104178,102610,145261,104957,106330,
Fri Sep 7 15:26:03 BOT 2012: Ajax->Mostrar Megusta:  
Fri Sep 7 15:26:06 BOT 2012: Ajax->Mostrar Ranking:  
Fri Sep 7 15:26:06 BOT 2012: Ajax->Mostrar Reproducciones:  
Fri Sep 7 15:26:06 BOT 2012: Ajax->Mostrar Comentarios:  
Fri Sep 7 15:26:09 BOT 2012: Consulta de precio de reason:5 - msisdn: tono:149822 Async responde:350
 
Fri Sep 7 15:26:09 BOT 2012: ASYNC -> STATS> Tiempo respuesta -0.374946 seg.
Fri Sep 7 15:26:12 BOT 2012: Ajax->Mostrar Reproducciones:  
Fri Sep 7 15:26:12 BOT 2012: Ajax->Mostrar Comentarios:  
Fri Sep 7 15:26:12 BOT 2012: Asignar backtone escuchado > Asi termino:103690,104469,104473,104472,105003,104467,104466,105002,104471,104395,147767,104999,129230,123218,110221,103686,103713,104465,141881,149592,
Fri Sep 7 15:26:12 BOT 2012: Ajax->Mostrar Nombre Artista:  
Fri Sep 7 15:28:00 BOT 2012: Ajax->Mostrar Ranking:  
Fri Sep 7 15:28:00 BOT 2012: Ajax->Mostrar Comentarios:  
Fri Sep 7 15:29:55 BOT 2012: Ajax-> Mostrar Ranking > tono:155324 
Fri Sep 7 15:31:09 BOT 2012: Asignar backtone escuchado > Asi termino:102595,102596,102597,103174,102603,103553,155304,155300,112318,103570,155332,103569,155322,103970,155330,155324,155318,105522,16,103969,
Fri Sep 7 15:31:18 BOT 2012: Ajax->Mostrar Nombre Genero:  
Fri Sep 7 15:31:24 BOT 2012: Ajax-> Mostrar Megusta> tono:104496 
Fri Sep 7 15:36:01 BOT 2012: Consulta de precio de reason:2 - msisdn:75872969 tono:131613 Async responde:350
 
Fri Sep 7 15:36:28 BOT 2012: Ajax-> Mostrar Comentarios> tono:103322 
Fri Sep 7 15:43:27 BOT 2012: ASYNC -> STATS> Tiempo respuesta 0.002438 seg.
Fri Sep 7 15:43:45 BOT 2012: Ajax-> Mostrar Comentarios> tono:102766 
Fri Sep 7 15:45:51 BOT 2012: Ajax-> Mostrar  Nombre Genero > tono:155392 
Fri Sep 7 15:49:22 BOT 2012: Ajax->Mostrar Comentarios:  
Fri Sep 7 15:50:17 BOT 2012: Ajax->Mostrar Nombre Genero:  
Fri Sep 7 15:53:08 BOT 2012: Busqueda Inteligente: resultados >104203
Fri Sep 7 15:54:21 BOT 2012: Ajax->Mostrar Comentarios:  
Fri Sep 7 15:54:51 BOT 2012: Ajax-> Mostrar Comentarios> tono:107794 
Fri Sep 7 15:55:39 BOT 2012: Ajax->Mostrar Imagen Portada:  
Fri Sep 7 15:58:28 BOT 2012: Ajax-> Mostrar  Nombre Genero > tono:107797 
Fri Sep 7 16:05:12 BOT 2012: Busqueda Inteligente: Luciano Pereyra
Fri Sep 7 16:05:36 BOT 2012: Ajax-> Mostrar Comentarios> tono:109412 
Fri Sep 7 16:07:21 BOT 2012: Ajax-> Mostrar Ranking > tono:150294 
Fri Sep 7 16:10:19 BOT 2012: Ajax-> Mostrar Ranking > tono:104789 
Fri Sep 7 16:11:04 BOT 2012: Asignar backtone escuchado > Asi termino:103819,437,103428,104558,129238,127425,113050,127446,104092,144638,145181,473,126028,104783,472,127440,127769,142154,102726,155124,
Fri Sep 7 16:11:47 BOT 2012: Busqueda Inteligente: resultados >131645
Fri Sep 7 16:12:08 BOT 2012: WEB_REPRODUCIR_BUSQUEDA > Se recibieron:114 tonos
Fri Sep 7 16:13:05 BOT 2012: Consulta de precio de reason:2 - msisdn: tono:155816 Async responde:350
 
Fri Sep 7 16:13:35 BOT 2012: Ajax->Mostrar Imagen Portada:  
Fri Sep 7 16:18:06 BOT 2012: Ajax->Mostrar Ranking:  
Fri Sep 7 16:19:28 BOT 2012: Ajax->Mostrar Ranking:  
Fri Sep 7 16:20:04 BOT 2012: Ajax->Actualizar pin usuario >recibe el msisdn: 
Fri Sep 7 16:22:08 BOT 2012: WEB_REPRODUCIR_BUSQUEDA > Se recibieron:114 tonos
Fri Sep 7 16:22:56 BOT 2012: Asignar backtone escuchado > Asi termino:105041,104806,104805,104804,104803,104802,124975,104801,104800,104799,104798,104797,104796,104795,104794,104793,104792,104791,104790,104789,
Fri Sep 7 16:25:39 BOT 2012: Mostrar Album: >albumes/album-default.jpg
Fri Sep 7 16:26:45 BOT 2012: Consulta de precio de reason:2 - msisdn: tono:126026 Async responde:350
 
Fri Sep 7 16:29:01 BOT 2012: Ajax-> Mostrar Comentarios> tono:109410 
Fri Sep 7 16:32:50 BOT 2012: Check Session > msisdn: 75983224 > Usuario Valido 
Fri Sep 7 16:32:56 BOT 2012: Asignar backtone escuchado > Asi termino:104813,104812,104811,104809,104808,104807,105041,104806,104805,104804,104803,104802,124975,104801,104800,104799,104798,104797,104796,104795,
Fri Sep 7 16:39:45 BOT 2012: Ajax-> Mostrar  Nombre Artista > tono:141881 
Fri Sep 7 16:39:45 BOT 2012: Ajax-> Mostrar Comentarios> tono:136633 
Fri Sep 7 16:43:07 BOT 2012: Ajax->Mostrar Comentarios:  
Fri Sep 7 16:44:44 BOT 2012: ASYNC -> STATS> Tiempo respuesta 0.002347 seg.
Fri Sep 7 16:46:59 BOT 2012: Ajax->Mostrar Comentarios:  
Fri Sep 7 16:47:29 BOT 2012: Ajax->Mostrar Reproducciones:  
Fri Sep 7 16:47:44 BOT 2012: Ajax-> Mostrar  Imagen Portada> tono:102539 
Fri Sep 7 16:48:45 BOT 2012: Ajax-> Mostrar Comentarios> tono:103287 
Fri Sep 7 16:49:15 BOT 2012: Ajax->Mostrar Megusta:  
Fri Sep 7 16:49:45 BOT 2012: Consulta de precio de reason:3 - msisdn: tono:104813 Async responde:350
 
Fri Sep 7 16:51:00 BOT 2012: Ajax->Mostrar Imagen Portada:  
Fri Sep 7 16:52:01 BOT 2012: Ajax->Mostrar Comentarios:  
Fri Sep 7 16:53:10 BOT 2012: Mostrar Album: >albumes/AlianzaNueva_Adorandote.jpg
Fri Sep 7 16:54:22 BOT 2012: Ajax-> Mostrar  Imagen Portada> tono:154234 
Fri Sep 7 16:57:14 BOT 2012: Ajax-> Mostrar  Imagen Portada> Album:albumes/Limp Bizkit Gold Cobra[1].JPG
Fri Sep 7 16:58:28 BOT 2012: Ajax->Mostrar Reproducciones:  
Fri Sep 7 17:08:28 BOT 2012: Ajax->Mostrar Megusta:  
Fri Sep 7 17:08:58 BOT 2012: Asignar backtone escuchado > Asi termino:104165,120243,103273,149,75,132098,155388,140795,103288,130965,130958,130982,103302,103542,133407,103581,578,446,584,155506,
Fri Sep 7 17:09:59 BOT 2012: WEB REPROD BUSQ > Facebook link: http%3A%2F%2Fbacktones.tigo.com.bo%2Fv3%2Findex.php%3Fseccion%3Dplaylist%26autor%3D1370%26f%3D1%26t%3D1231233
Fri Sep 7 17:10:50 BOT 2012: Ajax->Mostrar Ranking:  
Fri Sep 7 17:10:53 BOT 2012: Ajax-> Mostrar Ranking > tono:104802 
Fri Sep 7 17:10:53 BOT 2012: Asignar backtone escuchado > Asi termino:104171,257,
Fri Sep 7 17:13:08 BOT 2012: Ajax-> Mostrar Ranking > tono:103430 
Fri Sep 7 17:13:08 BOT 2012: Ajax->Mostrar Comentarios:  
Fri Sep 7 17:13:33 BOT 2012: Mostrar Album: >Artista:  <a href='index.php?seccion=playlist&autor=145'>Banda reggaeton</a>
Fri Sep 7 17:14:00 BOT 2012: Mostrar Ranking: tono:106380 calificacion: 5
Fri Sep 7 17:14:03 BOT 2012: Ajax->Mostrar Ranking:  
Fri Sep 7 17:19:25 BOT 2012: Ajax-> Mostrar Megusta> tono:122285 
Fri Sep 7 17:19:40 BOT 2012: Ajax->Mostrar Nombre Artista:  
Fri Sep 7 17:22:05 BOT 2012: Ajax-> Mostrar Comentarios> tono:103066 
Fri Sep 7 17:24:38 BOT 2012: ASYNC -> STATS> Tiempo respuesta 0.005706 seg.
Fri Sep 7 17:27:36 BOT 2012: Ajax-> Mostrar  Nombre Artista > tono:120243 
Fri Sep 7 17:29:52 BOT 2012: ASYNC -> STATS> Tiempo respuesta 0.002025 seg.
Fri Sep 7 17:30:55 BOT 2012: Ajax-> Mostrar Megusta> tono:130830 
Fri Sep 7 17:34:32 BOT 2012: Ajax->Mostrar Imagen Portada:  
Fri Sep 7 17:35:56 BOT 2012: Ajax-> Mostrar Ranking > tono:133736 
Fri Sep 7 17:37:24 BOT 2012: Ajax->Mostrar Comentarios:  
Fri Sep 7 17:38:12 BOT 2012: ASYNC -> STATS> Tiempo respuesta 0.003786 seg.
Fri Sep 7 17:40:43 BOT 2012: Ajax-> Mostrar  Imagen Portada> tono:128304 
Fri Sep 7 17:41:43 BOT 2012: Ajax-> Mostrar  Imagen Portada> Album:Artista:  <a href='index.php?seccion=playlist&autor=1282'>Panda</a>
Fri Sep 7 17:41:52 BOT 2012: ASYNC -> STATS> Tiempo respuesta 0.40528 seg.
Fri Sep 7 17:41:52 BOT 2012: Ajax->Mostrar Imagen Portada:  
Fri Sep 7 17:43:04 BOT 2012: Ajax->Mostrar Reproducciones:  
Fri Sep 7 17:43:31 BOT 2012: Ajax-> Mostrar Megusta> tono:126855 
Fri Sep 7 17:44:14 BOT 2012: Ajax-> Mostrar Comentarios> tono:102623 
Fri Sep 7 17:45:26 BOT 2012: Ajax->Mostrar Reproducciones:  
Fri Sep 7 17:45:53 BOT 2012: Ajax-> Mostrar  Imagen Portada> tono:470 
Fri Sep 7 17:46:35 BOT 2012: ASYNC -> STATS> Tiempo respuesta 0.38165 seg.
Fri Sep 7 17:46:35 BOT 2012: Asignar backtone escuchado > Asi termino:103453,104171,145176,107775,107769,107794,107788,107763,106329,106328,106326,104567,105813,104981,137817,128304,137815,128309,130979,128299,
Fri Sep 7 17:47:56 BOT 2012: Asignar backtone escuchado > Asi termino:104403,516,103232,103940,103939,103798,103051,102818,103349,110187,386,509,104468,105006,103690,104469,104472,104466,105001,104395,
Fri Sep 7 17:48:18 BOT 2012: Ajax->Mostrar Comentarios:  
Fri Sep 7 17:49:27 BOT 2012: ASYNC -> STATS> Tiempo respuesta 0.001309 seg.
Fri Sep 7 17:49:42 BOT 2012: Ajax->Mostrar Imagen Portada:  
Fri Sep 7 17:51:18 BOT 2012: Ajax-> Mostrar Comentarios> tono:104803 
Fri Sep 7 17:52:37 BOT 2012: ASYNC -> STATS> Tiempo respuesta 0.003047 seg.
Fri Sep 7 17:53:28 BOT 2012: Ajax->Mostrar Imagen Portada:  
Fri Sep 7 17:58:50 BOT 2012: Ajax-> Mostrar  Imagen Portada> Album:Artista:  <a href='index.php?seccion=playlist&autor=492'>Opratel</a>
Fri Sep 7 17:59:51 BOT 2012: Ajax-> Mostrar Ranking > tono:135057 
Fri Sep 7 18:00:06 BOT 2012: Asignar backtone escuchado > Asi termino:109410,109412,104814,104813,104812,104811,104809,104808,104807,105041,104806,104805,104804,104803,104802,124975,104801,104800,104799,104798,
Fri Sep 7 18:02:03 BOT 2012: Mostrar Album: >albumes/chino supremo.jpg
Fri Sep 7 18:09:41 BOT 2012: Ajax->Mostrar Imagen Portada:  
Fri Sep 7 18:10:14 BOT 2012: Ajax->Mostrar Megusta:  
Fri Sep 7 18:10:39 BOT 2012: Ajax->Mostrar Comentarios:  
Fri Sep 7 18:12:39 BOT 2012: Ajax->Mostrar Imagen Portada:  
Fri Sep 7 18:16:46 BOT 2012: Consulta de precio de reason:3 - msisdn: tono:105041 Async responde:350
 
Fri Sep 7 18:16:46 BOT 2012: Ajax->Mostrar Comentarios:  
Fri Sep 7 18:18:32 BOT 2012: Asignar backtone escuchado > Asi termino:144150,144149,104171,104177,103521,133434,155816,
Fri Sep 7 18:19:23 BOT 2012: Ajax->Mostrar Megusta:  
Fri Sep 7 18:19:56 BOT 2012: ASYNC -> STATS> Tiempo respuesta 0.003321 seg.
Fri Sep 7 18:20:38 BOT 2012: Ajax->Mostrar Nombre Artista:  
Fri Sep 7 18:22:57 BOT 2012: Mostrar Genero: >G&eacute;nero:  <a href='index.php?seccion=playlist&genero=108'>Cristianas</a>
Fri Sep 7 18:27:19 BOT 2012: Asignar backtone escuchado > Asi termino:147352,131821,128311,127767,127765,127763,127760,127759,127757,127756,127754,127752,102954,102953,150032,155502,113047,
Fri Sep 7 18:49:23 BOT 2012: Ajax->Mostrar Comentarios:  
Fri Sep 7 18:54:39 BOT 2012: MTD_DB_BUSCAR_ARTISTAS > retornando registros:10
Fri Sep 7 18:57:55 BOT 2012: ASYNC -> STATS> Tiempo respuesta 0.001559 seg.
Fri Sep 7 18:58:59 BOT 2012: Session Start>  session por defecto 
Fri Sep 7 19:00:41 BOT 2012: Ajax->Mostrar Imagen Portada:  
Fri Sep 7 19:03:33 BOT 2012: Ajax->Mostrar Ranking:  
Fri Sep 7 19:06:16 BOT 2012: Ajax-> Login Usuario msisdn:   pin: > Validar msisdn
Fri Sep 7 19:07:16 BOT 2012: Ajax-> Mostrar  Nombre Artista > tono:102953 
Fri Sep 7 19:09:16 BOT 2012: Ajax->Mostrar Reproducciones:  
Fri Sep 7 19:09:56 BOT 2012: Mostrar Album: >Artista:  <a href='index.php?seccion=playlist&autor=516'>Wisin y Yandel</a>
Fri Sep 7 19:10:23 BOT 2012: Ajax-> Mostrar Megusta> tono:104383 
Fri Sep 7 19:13:24 BOT 2012: Ajax->Mostrar Megusta:  
Fri Sep 7 19:14:21 BOT 2012: Ajax->Mostrar Nombre Artista:  
Fri Sep 7 19:17:06 BOT 2012: Consulta de precio de reason:10 - msisdn: tono:145227 Async responde:350
 
Fri Sep 7 19:19:22 BOT 2012: Ajax->Mostrar Imagen Portada:  
Fri Sep 7 19:23:35 BOT 2012: Ajax->Mostrar Reproducciones:  
Fri Sep 7 19:27:33 BOT 2012: STATS > BUSQUEDA DE BACKTONE >Tiempo: 0.141351 seg. | registros: 1
Fri Sep 7 19:32:08 BOT 2012: Ajax-> Mostrar  Nombre Genero > tono:131044 
Fri Sep 7 19:32:32 BOT 2012: Ajax->Mostrar Imagen Portada:  
Fri Sep 7 19:38:36 BOT 2012: Busqueda Inteligente: resultados >104048
Fri Sep 7 19:39:07 BOT 2012: Busqueda Inteligente: resultados >110300
Fri Sep 7 19:41:43 BOT 2012: Ajax-> Mostrar  Imagen Portada> tono:104991 
Fri Sep 7 19:43:11 BOT 2012: Ajax-> Mostrar Comentarios> tono:142908 
Fri Sep 7 19:44:53 BOT 2012: Ajax->Mostrar Reproducciones:  
Fri Sep 7 19:45:41 BOT 2012: Session Start>  session por defecto 
Fri Sep 7 19:49:03 BOT 2012: Ajax->Mostrar Ranking:  
Fri Sep 7 19:50:13 BOT 2012: Session Start>  session por defecto 
Fri Sep 7 19:55:20 BOT 2012: Ajax->Mostrar Comentarios:  
Fri Sep 7 19:58:54 BOT 2012: Mostrar Cantidad reproducciones: tono:79 cantidad: 0
Fri Sep 7 20:00:00 BOT 2012: Session Start>  session por defecto 
Fri Sep 7 20:00:43 BOT 2012: Ajax->Mostrar Ranking:  
Fri Sep 7 20:04:01 BOT 2012: ASYNC -> STATS> Tiempo respuesta 0.0025849999999999 seg.
Fri Sep 7 20:06:08 BOT 2012: Asignar backtone escuchado > Asi termino:121499,121501,121503,121504,121506,121508,121510,131044,123533,131042,121512,131049,
Fri Sep 7 20:13:40 BOT 2012: STATS > BUSQUEDA DE BACKTONE >Tiempo: -0.102598 seg. | registros: 1
Fri Sep 7 20:17:50 BOT 2012: Asignar backtone escuchado > Asi termino:106304,104567,155492,150318,133434,134681,134023,134661,134660,150020,134015,322,386,103475,103793,276,509,103940,103939,104991,
Fri Sep 7 20:18:35 BOT 2012: Ajax-> Mostrar Comentarios> tono:102675 
Fri Sep 7 20:18:41 BOT 2012: Ajax->Mostrar Nombre Artista:  
Fri Sep 7 20:18:44 BOT 2012: Asignar backtone escuchado > Asi termino:135673,103681,103680,103679,133871,103678,132,64,77,103683,152502,
Fri Sep 7 20:19:26 BOT 2012: Asignar backtone escuchado > Asi termino:105539,133880,135128,103682,133884,135673,103681,103680,103679,133871,103678,132,64,77,103683,152502,
Fri Sep 7 20:22:48 BOT 2012: Asignar backtone escuchado > Asi termino:138286,138309,130960,130958,130956,130954,130981,130982,130984,130975,130973,130971,130969,130967,130965,130964,130962,130977,137972,
Fri Sep 7 20:24:10 BOT 2012: Ajax->Mostrar Comentarios:  
Fri Sep 7 20:30:17 BOT 2012: Asignar backtone escuchado > Asi termino:132108,128612,128237,128235,128233,128231,128221,23,105539,133880,135128,103682,133884,135673,103681,103680,103679,133871,103678,132,
Fri Sep 7 20:33:42 BOT 2012: ASYNC -> STATS> Tiempo respuesta 0.004203 seg.
Fri Sep 7 20:36:16 BOT 2012: Ajax->Mostrar Imagen Portada:  
Fri Sep 7 20:37:07 BOT 2012: Ajax->Mostrar Ranking:  
Fri Sep 7 20:37:46 BOT 2012: Ajax-> Mostrar Ranking > tono:138309 
Fri Sep 7 20:42:12 BOT 2012: Ajax->Mostrar Megusta:  
Fri Sep 7 20:42:12 BOT 2012: ASYNC -> STATS> Tiempo respuesta -0.702888 seg.
Fri Sep 7 20:42:15 BOT 2012: ASYNC -> STATS> Tiempo respuesta 0.013034 seg.
Fri Sep 7 20:53:42 BOT 2012: Ajax-> Mostrar  Imagen Portada> tono:109240 
Fri Sep 7 20:54:42 BOT 2012: Ajax->Mostrar Ranking:  
Fri Sep 7 20:54:57 BOT 2012: Mostrar Album: >albumes/album-default.jpg
Fri Sep 7 20:55:09 BOT 2012: Ajax-> Mostrar Ranking > tono:133736 
Fri Sep 7 20:55:27 BOT 2012: ASYNC -> STATS> Tiempo respuesta -0.158726 seg.
Fri Sep 7 20:55:30 BOT 2012: Ajax->Mostrar Ranking:  
Fri Sep 7 20:58:04 BOT 2012: ASYNC -> STATS> Tiempo respuesta 0.0038050000000001 seg.
Fri Sep 7 20:58:26 BOT 2012: Ajax->Mostrar Nombre Genero:  
Fri Sep 7 20:59:08 BOT 2012: Ajax-> Mostrar Ranking > tono:138309 
Fri Sep 7 21:00:08 BOT 2012: Ajax->Mostrar Reproducciones:  
Fri Sep 7 21:00:11 BOT 2012: Ajax-> Mostrar  Imagen Portada> tono:155388 
Fri Sep 7 21:01:11 BOT 2012: Asignar backtone escuchado > Asi termino:121501,131730,123525,131042,131035,121511,121497,121503,121500,121499,131728,131049,121510,121508,121506,131044,123533,123542,104445,
Fri Sep 7 21:01:47 BOT 2012: Ajax-> Mostrar Comentarios> tono:84 
Fri Sep 7 21:01:50 BOT 2012: Asignar backtone escuchado > Asi termino:123537,121497,121510,121501,131730,123525,131042,131035,121511,121503,121500,121499,131728,131049,121508,121506,131044,123533,123542,104445,
Fri Sep 7 21:06:40 BOT 2012: Ajax-> Mostrar Ranking > tono:103462 
Fri Sep 7 21:06:40 BOT 2012: Ajax->Mostrar Imagen Portada:  
Fri Sep 7 21:07:40 BOT 2012: Ajax->Mostrar Comentarios:  
Fri Sep 7 21:08:28 BOT 2012: Ajax->Mostrar Ranking:  
Fri Sep 7 21:09:41 BOT 2012: Mostrar Album: >Artista:  <a href='index.php?seccion=playlist&autor=538'>Aspirante</a>
Fri Sep 7 21:10:20 BOT 2012: Ajax-> Mostrar Ranking > tono:102974 
Fri Sep 7 21:10:29 BOT 2012: Ajax->Mostrar Megusta:  
Fri Sep 7 21:11:35 BOT 2012: Ajax-> Mostrar  Nombre Artista > tono:130 
Fri Sep 7 21:18:26 BOT 2012: Busqueda Inteligente: resultados >116510
Fri Sep 7 21:19:41 BOT 2012: Ajax->Mostrar Nombre Genero:  
Fri Sep 7 21:22:15 BOT 2012: Ajax->Mostrar Megusta:  
Fri Sep 7 21:28:53 BOT 2012: ASYNC -> STATS> Tiempo respuesta 0.005359 seg.
Fri Sep 7 21:36:20 BOT 2012: Asignar backtone escuchado > Asi termino:102667,102960,103472,102959,102953,107573,105779,105778,133432,103758,104054,103744,103563,104053,104052,103827,104991,141881,144152,
Fri Sep 7 21:37:56 BOT 2012: Ajax-> popup_listar_amigos: msisdn: 
Fri Sep 7 21:41:24 BOT 2012: Mostrar Genero: >G&eacute;nero:  <a href='index.php?seccion=playlist&genero=108'>Cristianas</a>
Fri Sep 7 21:42:03 BOT 2012: Ajax-> Login Usuario msisdn: 78002300  pin: > Validar msisdn
Fri Sep 7 21:44:55 BOT 2012: Ajax->Mostrar Imagen Portada:  
Fri Sep 7 21:46:04 BOT 2012: ASYNC -> STATS> Tiempo respuesta 0.7141 seg.
Fri Sep 7 21:53:14 BOT 2012: ASYNC -> STATS> Tiempo respuesta 0.001688 seg.
Fri Sep 7 21:55:35 BOT 2012: Ajax-> Mostrar Comentarios> tono:145192 
Fri Sep 7 22:09:41 BOT 2012: Ajax->Mostrar Reproducciones:  
Fri Sep 7 22:14:16 BOT 2012: Asignar backtone escuchado > Asi termino:104532,107799,107763,509,137970,137086,138311,138306,137972,138286,138309,118724,104823,103519,105249,104631,104152,103521,103063,104367,
Fri Sep 7 22:14:25 BOT 2012: ASYNC -> STATS> Tiempo respuesta 0.003227 seg.
Fri Sep 7 22:15:08 BOT 2012: Mostrar Cantidad reproducciones: tono:126146 cantidad: 0
Fri Sep 7 22:17:56 BOT 2012: Ajax-> Mostrar Ranking > tono:123010 
Fri Sep 7 22:23:40 BOT 2012: Ajax-> Mostrar Ranking > tono:110210 
Fri Sep 7 22:23:52 BOT 2012: Ajax->Mostrar Nombre Genero:  
Fri Sep 7 22:35:01 BOT 2012: Ajax->Mostrar Nombre Artista:  
Fri Sep 7 22:35:37 BOT 2012: Ajax-> Mostrar Ranking > tono:205 
Fri Sep 7 22:37:25 BOT 2012: Ajax-> Mostrar Megusta> tono:128597 
Fri Sep 7 22:37:43 BOT 2012: Ajax->Actualizar pin usuario >recibe el msisdn:75886054 
Fri Sep 7 22:38:17 BOT 2012: Ajax-> Mostrar  Nombre Artista > tono:103596 
Fri Sep 7 22:44:51 BOT 2012: Session Start>  session por defecto 
Fri Sep 7 22:51:08 BOT 2012: Ajax->Mostrar Ranking:  
Fri Sep 7 22:53:30 BOT 2012: Consulta de precio de reason:3 - msisdn:75637060 tono:104352 Async responde:350
 
Fri Sep 7 23:02:29 BOT 2012: ASYNC -> STATS> Tiempo respuesta 0.003355 seg.
Fri Sep 7 23:03:44 BOT 2012: Ajax-> Mostrar Comentarios> tono:131035 
Fri Sep 7 23:04:23 BOT 2012: Ajax->Mostrar Megusta:  
Fri Sep 7 23:05:48 BOT 2012: Ajax-> Mostrar Comentarios> tono:246 
Fri Sep 7 23:07:21 BOT 2012: Ajax-> Mostrar  Nombre Genero > tono:103793 
Fri Sep 7 23:07:42 BOT 2012: Ajax-> Mostrar Ranking > tono:103872 
Fri Sep 7 23:11:37 BOT 2012: Asignar backtone escuchado > Asi termino:104491,102757,105243,105242,105281,104508,149,107573,110495,103479,105096,103793,276,509,246,135727,240,102727,127457,110100,
Fri Sep 7 23:11:52 BOT 2012: Ajax->Mostrar Ranking:  
Fri Sep 7 23:16:26 BOT 2012: Ajax->Mostrar Reproducciones:  
Fri Sep 7 23:16:38 BOT 2012: Ajax->Mostrar Ranking:  
Fri Sep 7 23:16:59 BOT 2012: Ajax-> Mostrar Comentarios> tono:105247 
Fri Sep 7 23:18:57 BOT 2012: WEB_REPRODUCIR_BUSQUEDA > Se recibieron:38 tonos
Fri Sep 7 23:24:22 BOT 2012: Asignar backtone escuchado > Asi termino:155508,105536,136630,126150,136632,126100,130802,130806,135087,135042,137970,137086,103489,135274,592,104532,152128,150032,154234,
Fri Sep 7 23:25:31 BOT 2012: Consulta de precio de reason:2 - msisdn: tono:104815 Async responde:350
 
Fri Sep 7 23:27:11 BOT 2012: Ajax->Mostrar Nombre Artista:  
Fri Sep 7 23:29:47 BOT 2012: Asignar backtone escuchado > Asi termino:155492,135059,130808,104532,138311,102622,130988,602,113598,105068,104886,102646,103474,103328,107721,107741,103211,110338,105038,107460,
Fri Sep 7 23:30:24 BOT 2012: Ajax->Mostrar Ranking:  
Fri Sep 7 23:31:21 BOT 2012: Session Start>  session por defecto 
Fri Sep 7 23:31:33 BOT 2012: Ajax-> Mostrar Ranking > tono:126141 
Fri Sep 7 23:32:06 BOT 2012: Ajax-> Mostrar  Imagen Portada> tono:113602 
Fri Sep 7 23:32:06 BOT 2012: Session Start>  Chequeo de sesion
Fri Sep 7 23:35:37 BOT 2012: Ajax-> Mostrar  Nombre Artista > tono:142273 
Fri Sep 7 23:36:34 BOT 2012: Ajax->Mostrar Megusta:  
Fri Sep 7 23:40:53 BOT 2012: Asignar backtone escuchado > Asi termino:173,83,104464,130,113631,103896,103891,103890,113614,113605,113600,602,104886,104508,122283,601,113621,137044,113602,103885,
Fri Sep 7 23:43:00 BOT 2012: Ajax-> Mostrar Comentarios> tono:146577 
Fri Sep 7 23:53:05 BOT 2012: Mostrar Ranking: tono:109240 calificacion: 
Fri Sep 7 23:53:14 BOT 2012: Ajax->Mostrar Megusta:  
Fri Sep 7 23:53:47 BOT 2012: Ajax-> Mostrar Ranking > tono:139963 
Fri Sep 7 23:56:48 BOT 2012: WEB_REPRODUCIR_BUSQUEDA > Se recibieron:114 tonos
Fri Sep 7 23:59:13 BOT 2012: ASYNC -> STATS> Tiempo respuesta 0.002489 seg.
Fri Sep 7 23:59:31 BOT 2012: Ajax->Mostrar Nombre Artista:  
