Sat Jul 21 16:04:23 BOT 2012: Busqueda Inteligente: resultados >74
Sat Jul 21 16:12:25 BOT 2012: Mostrar Ranking: tono:104989 calificacion: 
Sat Jul 21 16:18:35 BOT 2012: Ajax->Mostrar Reproducciones:  
Sat Jul 21 16:20:41 BOT 2012: Ajax-> Mostrar Ranking > tono:103475 
Sat Jul 21 16:26:34 BOT 2012: Asignar backtone escuchado > Asi termino:103510,103130,128610,103509,103129,144,103272,104651,105043,81,105266,103128,30,103508,105265,104298,105264,103507,104650,103506,
Sat Jul 21 16:26:55 BOT 2012: Consulta de precio de reason:10 - msisdn: tono:133824 Async responde:350
 
Sat Jul 21 16:26:58 BOT 2012: ASYNC -> STATS> Tiempo respuesta -0.225514 seg.
Sat Jul 21 16:27:04 BOT 2012: Ajax-> Mostrar Comentarios> tono:135155 
Sat Jul 21 18:06:08 BOT 2012: Ajax->Mostrar Ranking:  
Sat Jul 21 18:07:11 BOT 2012: Busqueda Inteligente: resultados >140797
Sat Jul 21 18:10:14 BOT 2012: Ajax->Mostrar Nombre Artista:  
Sat Jul 21 18:10:14 BOT 2012: Ajax-> Mostrar  Nombre Genero > tono:105264 
Sat Jul 21 18:10:50 BOT 2012: Ajax->Mostrar Megusta:  
Sat Jul 21 18:21:01 BOT 2012: Ajax-> Mostrar Comentarios> tono:106311 
Sat Jul 21 18:22:26 BOT 2012: Ajax-> Mostrar Comentarios> tono:104469 
Sat Jul 21 18:28:48 BOT 2012: Ajax->Mostrar Imagen Portada:  
Sat Jul 21 18:30:03 BOT 2012: Ajax->Mostrar Ranking:  
Sat Jul 21 18:32:43 BOT 2012: Ajax-> Mostrar  Nombre Artista > tono:149822 
Sat Jul 21 18:33:22 BOT 2012: ASYNC -> STATS> Tiempo respuesta -0.466126 seg.
Sat Jul 21 18:33:25 BOT 2012: Consulta de precio de reason:2 - msisdn: tono:144150 Async responde:350
 
Sat Jul 21 18:33:46 BOT 2012: Ajax->Mostrar Nombre Genero:  
Sat Jul 21 18:36:37 BOT 2012: Ajax-> Mostrar  Nombre Artista > tono:103239 
Sat Jul 21 18:37:45 BOT 2012: ASYNC -> STATS> Tiempo respuesta 0.317202 seg.
Sat Jul 21 18:38:43 BOT 2012: Ajax-> Mostrar Comentarios> tono:145154 
Sat Jul 21 18:41:50 BOT 2012: Consulta de precio de reason:3 - msisdn: tono:103507 Async responde:350
 
Sat Jul 21 18:44:23 BOT 2012: Ajax->Mostrar Comentarios:  
Sat Jul 21 18:45:11 BOT 2012: Asignar backtone escuchado > Asi termino:129886,129884,
Sat Jul 21 18:45:45 BOT 2012: Ajax->Mostrar Reproducciones:  
Sat Jul 21 18:45:54 BOT 2012: MTD_CHEQUEO_REINTENTO >- msisdn:luli tono: Asignad?o:1342910752 
Sat Jul 21 18:52:43 BOT 2012: Ajax->Mostrar Comentarios:  
Sat Jul 21 18:53:40 BOT 2012: Ajax->Mostrar Reproducciones:  
Sat Jul 21 18:54:25 BOT 2012: Ajax-> Mostrar Ranking > tono:126154 
Sat Jul 21 18:55:34 BOT 2012: Ajax->Mostrar Comentarios:  
Sat Jul 21 18:55:53 BOT 2012: Consulta de precio de reason:10 - msisdn: tono:131038 Async responde:350
 
Sat Jul 21 18:55:53 BOT 2012: Ajax->Mostrar Ranking:  
Sat Jul 21 18:56:05 BOT 2012: ASYNC -> STATS> Tiempo respuesta 0.002274 seg.
Sat Jul 21 18:56:08 BOT 2012: ASYNC -> STATS> Tiempo respuesta 0.002462 seg.
Sat Jul 21 18:56:08 BOT 2012: Asignar backtone escuchado > Asi termino:149,103512,103131,103511,103273,103510,103130,128610,103509,103129,144,103272,104651,105043,81,105266,103128,30,103508,105265,
Sat Jul 21 18:58:53 BOT 2012: Ajax->Mostrar Imagen Portada:  
Sat Jul 21 19:04:18 BOT 2012: Ajax->Mostrar Reproducciones:  
Sat Jul 21 19:06:37 BOT 2012: Asignar backtone escuchado > Asi termino:127463,129899,135225,145182,104088,136630,110210,113047,127441,103872,103817,103429,136632,136633,103816,104560,129234,104553,103451,103430,
Sat Jul 21 19:07:10 BOT 2012: Ajax->Mostrar Reproducciones:  
Sat Jul 21 19:07:58 BOT 2012: Ajax->Mostrar Reproducciones:  
Sat Jul 21 19:08:28 BOT 2012: MTD_DB_BUSCAR_ARTISTAS > retornando registros:61
Sat Jul 21 19:10:47 BOT 2012: WEB_REPRODUCIR_BUSQUEDA > Se recibieron:114 tonos
Sat Jul 21 19:10:59 BOT 2012: ASYNC -> STATS> Tiempo respuesta 0.001076 seg.
Sat Jul 21 20:37:26 BOT 2012: Busqueda Inteligente: resultados >145825
Sat Jul 21 20:38:57 BOT 2012: Ajax-> Mostrar  Imagen Portada> tono:129238 
Sat Jul 21 20:40:48 BOT 2012: Checklogin > msisdn: 77390568 , pin:aaQSqAReePlq6
Sat Jul 21 20:41:36 BOT 2012: Ajax->Mostrar Reproducciones:  
Sat Jul 21 20:46:34 BOT 2012: Ajax-> Mostrar Megusta> tono:103273 
Sat Jul 21 20:48:26 BOT 2012: ASYNC -> STATS> Tiempo respuesta -0.378108 seg.
Sat Jul 21 20:48:29 BOT 2012: Ajax->Mostrar Ranking:  
Sat Jul 21 20:51:38 BOT 2012: Ajax-> Mostrar Ranking > tono:537 
Sat Jul 21 21:02:04 BOT 2012: Ajax-> Mostrar  Nombre Genero > tono:516 
Sat Jul 21 21:03:46 BOT 2012: Ajax->Mostrar Reproducciones:  
