Tue Jul 31 1:04:48 BOT 2012: Session Start>  session por defecto 
Tue Jul 31 1:04:50 BOT 2012: session-default => asignando por default session
Tue Jul 31 1:04:52 BOT 2012: Busqueda Inteligente: FooFighters
Tue Jul 31 1:04:53 BOT 2012: Session Start>  session por defecto 
Tue Jul 31 1:04:55 BOT 2012: session-default => asignando por default session
Tue Jul 31 1:04:56 BOT 2012: Busqueda Inteligente: Resultado 
 -1 
Tue Jul 31 1:04:58 BOT 2012: Busqueda Inteligente: ser recibieron 1 resultados
Tue Jul 31 1:04:59 BOT 2012: Session Start>  session por defecto 
Tue Jul 31 1:05:00 BOT 2012: Busqueda Inteligente: resultados >-1
Tue Jul 31 1:05:01 BOT 2012: session-default => asignando por default session
Tue Jul 31 1:05:02 BOT 2012: Busqueda de Backtones Intel: 
 SQL:SELECT t.id, t.nombre as tono,aut.nombre as autor, alb.imagen, round(avg(wr.calificacion),0) as calificacion
                    FROM tonos as t
                    inner join autores as aut on ( t.autor = aut.id)
                    inner join billing as bil on (t.billing = bil.caso  and bil.concepto=2)
                    left join albumes as alb on (t.album = alb.id_album)
                    left join web_tonos_ranking as wr on (t.id = wr.tonos_id)
                    WHERE
                    t.id > 0
                     AND t.autor=367 
                    and t.categoria <> 207 and t.interfases &1 
                    group by t.id, t.nombre ,aut.nombre , alb.imagen
                    order by t.nombre ,aut.nombre 
                    limit 114 
Tue Jul 31 1:05:03 BOT 2012: Busqueda Inteligente: Valentin Elizalde
Tue Jul 31 1:05:04 BOT 2012: STATS > BUSQUEDA DE BACKTONE >Tiempo: 0.05394 seg. | registros: 7
Tue Jul 31 1:05:06 BOT 2012: DB_LISTAR_TONOS> Se econtraron 7 resultados con estos ID:103103,103250,103104,103251,103102,103252,103105, 
Tue Jul 31 1:05:07 BOT 2012: Busqueda Inteligente: Resultado 
 -1 
Tue Jul 31 1:05:07 BOT 2012: Session Start>  session por defecto 
Tue Jul 31 1:05:08 BOT 2012: WEB_REPRODUCIR_BUSQUEDA > Se recibieron:7 tonos
Tue Jul 31 1:05:09 BOT 2012: Busqueda Inteligente: ser recibieron 1 resultados
Tue Jul 31 1:05:09 BOT 2012: session-default => asignando por default session
Tue Jul 31 1:05:10 BOT 2012: WEB_REPRODUCIR_BUSQUEDA > Se formatearon:7 tonos
Tue Jul 31 1:05:11 BOT 2012: Busqueda Inteligente: resultados >-1
Tue Jul 31 1:05:12 BOT 2012: WEB REPROD BUSQ > Facebook link: http%3A%2F%2Fbacktones.tigo.com.bo%2Fv3%2Findex.php%3Fseccion%3Dplaylist%26autor%3D367%26f%3D1%26t%3D1231233
Tue Jul 31 1:05:12 BOT 2012: Session Start>  session por defecto 
Tue Jul 31 1:05:13 BOT 2012: Busqueda de Backtones Intel: 
 SQL:SELECT t.id, t.nombre as tono,aut.nombre as autor, alb.imagen, round(avg(wr.calificacion),0) as calificacion
                    FROM tonos as t
                    inner join autores as aut on ( t.autor = aut.id)
                    inner join billing as bil on (t.billing = bil.caso  and bil.concepto=2)
                    left join albumes as alb on (t.album = alb.id_album)
                    left join web_tonos_ranking as wr on (t.id = wr.tonos_id)
                    WHERE
                    t.id > 0
                     AND t.autor=339 
                    and t.categoria <> 207 and t.interfases &1 
                    group by t.id, t.nombre ,aut.nombre , alb.imagen
                    order by t.nombre ,aut.nombre 
                    limit 114 
Tue Jul 31 1:05:14 BOT 2012: session-default => asignando por default session
Tue Jul 31 1:05:15 BOT 2012: STATS > BUSQUEDA DE BACKTONE >Tiempo: 0.045325 seg. | registros: 7
Tue Jul 31 1:05:16 BOT 2012: Busqueda Inteligente: Cali y el Dandee
Tue Jul 31 1:05:17 BOT 2012: DB_LISTAR_TONOS> Se econtraron 7 resultados con estos ID:102976,104681,104682,104683,104684,102977,104685, 
Tue Jul 31 1:05:19 BOT 2012: WEB_REPRODUCIR_BUSQUEDA > Se recibieron:7 tonos
Tue Jul 31 1:05:19 BOT 2012: Busqueda Inteligente: Resultado 
 -1 
Tue Jul 31 1:05:19 BOT 2012: WEB_REPRODUCIR_BUSQUEDA > Se formatearon:7 tonos
Tue Jul 31 1:05:21 BOT 2012: Busqueda Inteligente: ser recibieron 1 resultados
Tue Jul 31 1:05:21 BOT 2012: WEB REPROD BUSQ > Facebook link: http%3A%2F%2Fbacktones.tigo.com.bo%2Fv3%2Findex.php%3Fseccion%3Dplaylist%26autor%3D339%26f%3D1%26t%3D1231233
Tue Jul 31 1:05:22 BOT 2012: Busqueda Inteligente: resultados >-1
Tue Jul 31 1:05:24 BOT 2012: Busqueda de Backtones Intel: 
 SQL:SELECT t.id, t.nombre as tono,aut.nombre as autor, alb.imagen, round(avg(wr.calificacion),0) as calificacion
                    FROM tonos as t
                    inner join autores as aut on ( t.autor = aut.id)
                    inner join billing as bil on (t.billing = bil.caso  and bil.concepto=2)
                    left join albumes as alb on (t.album = alb.id_album)
                    left join web_tonos_ranking as wr on (t.id = wr.tonos_id)
                    WHERE
                    t.id > 0
                     AND t.autor=1618 
                    and t.categoria <> 207 and t.interfases &1 
                    group by t.id, t.nombre ,aut.nombre , alb.imagen
                    order by t.nombre ,aut.nombre 
                    limit 114 
Tue Jul 31 1:05:25 BOT 2012: Session Start>  session por defecto 
Tue Jul 31 1:05:25 BOT 2012: session-default => asignando por default session
Tue Jul 31 1:05:27 BOT 2012: Busqueda Inteligente: Banda Descadenados
Tue Jul 31 1:05:28 BOT 2012: Session Start>  session por defecto 
Tue Jul 31 1:05:30 BOT 2012: session-default => asignando por default session
Tue Jul 31 1:05:30 BOT 2012: Busqueda Inteligente: Resultado 
 -1 
Tue Jul 31 1:05:31 BOT 2012: Busqueda Inteligente: ser recibieron 1 resultados
Tue Jul 31 1:05:31 BOT 2012: Busqueda Inteligente: Los de Adentro
Tue Jul 31 1:05:33 BOT 2012: Busqueda Inteligente: resultados >-1
Tue Jul 31 1:05:34 BOT 2012: Busqueda de Backtones Intel: 
 SQL:SELECT t.id, t.nombre as tono,aut.nombre as autor, alb.imagen, round(avg(wr.calificacion),0) as calificacion
                    FROM tonos as t
                    inner join autores as aut on ( t.autor = aut.id)
                    inner join billing as bil on (t.billing = bil.caso  and bil.concepto=2)
                    left join albumes as alb on (t.album = alb.id_album)
                    left join web_tonos_ranking as wr on (t.id = wr.tonos_id)
                    WHERE
                    t.id > 0
                     AND t.autor=672 
                    and t.categoria <> 207 and t.interfases &1 
                    group by t.id, t.nombre ,aut.nombre , alb.imagen
                    order by t.nombre ,aut.nombre 
                    limit 114 
Tue Jul 31 1:05:35 BOT 2012: Busqueda Inteligente: Resultado 
 -1 
Tue Jul 31 1:05:36 BOT 2012: STATS > BUSQUEDA DE BACKTONE >Tiempo: -0.074 seg. | registros: 1
Tue Jul 31 1:05:37 BOT 2012: Session Start>  session por defecto 
Tue Jul 31 1:05:37 BOT 2012: Busqueda Inteligente: ser recibieron 1 resultados
Tue Jul 31 1:05:37 BOT 2012: session-default => asignando por default session
Tue Jul 31 1:05:37 BOT 2012: Busqueda Inteligente: resultados >-1
Tue Jul 31 1:05:38 BOT 2012: Session Start>  session por defecto 
Tue Jul 31 1:05:38 BOT 2012: DB_LISTAR_TONOS> Se econtraron 1 resultados con estos ID:105015, 
Tue Jul 31 1:05:39 BOT 2012: Busqueda de Backtones Intel: 
 SQL:SELECT t.id, t.nombre as tono,aut.nombre as autor, alb.imagen, round(avg(wr.calificacion),0) as calificacion
                    FROM tonos as t
                    inner join autores as aut on ( t.autor = aut.id)
                    inner join billing as bil on (t.billing = bil.caso  and bil.concepto=2)
                    left join albumes as alb on (t.album = alb.id_album)
                    left join web_tonos_ranking as wr on (t.id = wr.tonos_id)
                    WHERE
                    t.id > 0
                     AND t.autor=519 
                    and t.categoria <> 207 and t.interfases &1 
                    group by t.id, t.nombre ,aut.nombre , alb.imagen
                    order by t.nombre ,aut.nombre 
                    limit 114 
Tue Jul 31 1:05:40 BOT 2012: Session Start>  session por defecto 
Tue Jul 31 1:05:40 BOT 2012: session-default => asignando por default session
Tue Jul 31 1:05:40 BOT 2012: session-default => asignando por default session
Tue Jul 31 1:05:40 BOT 2012: STATS > BUSQUEDA DE BACKTONE >Tiempo: -0.074461 seg. | registros: 4
Tue Jul 31 1:05:40 BOT 2012: WEB_REPRODUCIR_BUSQUEDA > Se recibieron:1 tonos
Tue Jul 31 1:05:42 BOT 2012: DB_LISTAR_TONOS> Se econtraron 4 resultados con estos ID:103931,103932,103933,103934, 
Tue Jul 31 1:05:42 BOT 2012: WEB_REPRODUCIR_BUSQUEDA > Se formatearon:1 tonos
Tue Jul 31 1:05:43 BOT 2012: Session Start>  session por defecto 
Tue Jul 31 1:05:43 BOT 2012: session-default => asignando por default session
Tue Jul 31 1:05:43 BOT 2012: WEB REPROD BUSQ > Facebook link: http%3A%2F%2Fbacktones.tigo.com.bo%2Fv3%2Findex.php%3Fseccion%3Dplaylist%26autor%3D672%26f%3D1%26t%3D1231233
Tue Jul 31 1:05:44 BOT 2012: WEB_REPRODUCIR_BUSQUEDA > Se recibieron:4 tonos
Tue Jul 31 1:05:45 BOT 2012: Busqueda Inteligente: A Banda Sombra
Tue Jul 31 1:05:46 BOT 2012: WEB_REPRODUCIR_BUSQUEDA > Se formatearon:4 tonos
Tue Jul 31 1:05:47 BOT 2012: Session Start>  session por defecto 
Tue Jul 31 1:05:48 BOT 2012: Busqueda Inteligente: Resultado 
 -1 
Tue Jul 31 1:05:48 BOT 2012: WEB REPROD BUSQ > Facebook link: http%3A%2F%2Fbacktones.tigo.com.bo%2Fv3%2Findex.php%3Fseccion%3Dplaylist%26autor%3D519%26f%3D1%26t%3D1231233
Tue Jul 31 1:05:49 BOT 2012: session-default => asignando por default session
Tue Jul 31 1:05:49 BOT 2012: Session Start>  session por defecto 
Tue Jul 31 1:05:49 BOT 2012: Busqueda Inteligente: Espacio Sideral
Tue Jul 31 1:05:49 BOT 2012: session-default => asignando por default session
Tue Jul 31 1:05:50 BOT 2012: Busqueda Inteligente: ser recibieron 1 resultados
Tue Jul 31 1:05:51 BOT 2012: Busqueda Inteligente: Prisma
Tue Jul 31 1:05:52 BOT 2012: Busqueda Inteligente: resultados >-1
Tue Jul 31 1:05:52 BOT 2012: Busqueda Inteligente: Resultado 
 -1 
Tue Jul 31 1:05:52 BOT 2012: Busqueda de Backtones Intel: 
 SQL:SELECT t.id, t.nombre as tono,aut.nombre as autor, alb.imagen, round(avg(wr.calificacion),0) as calificacion
                    FROM tonos as t
                    inner join autores as aut on ( t.autor = aut.id)
                    inner join billing as bil on (t.billing = bil.caso  and bil.concepto=2)
                    left join albumes as alb on (t.album = alb.id_album)
                    left join web_tonos_ranking as wr on (t.id = wr.tonos_id)
                    WHERE
                    t.id > 0
                     AND t.autor=223 
                    and t.categoria <> 207 and t.interfases &1 
                    group by t.id, t.nombre ,aut.nombre , alb.imagen
                    order by t.nombre ,aut.nombre 
                    limit 114 
Tue Jul 31 1:05:54 BOT 2012: Busqueda Inteligente: ser recibieron 1 resultados
Tue Jul 31 1:05:54 BOT 2012: Busqueda Inteligente: Resultado 
 -1 
Tue Jul 31 1:05:54 BOT 2012: STATS > BUSQUEDA DE BACKTONE >Tiempo: -0.057874 seg. | registros: 16
Tue Jul 31 1:05:55 BOT 2012: Busqueda Inteligente: resultados >-1
Tue Jul 31 1:05:55 BOT 2012: Busqueda Inteligente: ser recibieron 1 resultados
Tue Jul 31 1:05:55 BOT 2012: DB_LISTAR_TONOS> Se econtraron 16 resultados con estos ID:509,105986,105988,510,511,512,102504,102505,102506,513,105989,105991,514,102507,105992,105994, 
Tue Jul 31 1:05:57 BOT 2012: Busqueda de Backtones Intel: 
 SQL:SELECT t.id, t.nombre as tono,aut.nombre as autor, alb.imagen, round(avg(wr.calificacion),0) as calificacion
                    FROM tonos as t
                    inner join autores as aut on ( t.autor = aut.id)
                    inner join billing as bil on (t.billing = bil.caso  and bil.concepto=2)
                    left join albumes as alb on (t.album = alb.id_album)
                    left join web_tonos_ranking as wr on (t.id = wr.tonos_id)
                    WHERE
                    t.id > 0
                     AND t.autor=701 
                    and t.categoria <> 207 and t.interfases &1 
                    group by t.id, t.nombre ,aut.nombre , alb.imagen
                    order by t.nombre ,aut.nombre 
                    limit 114 
Tue Jul 31 1:05:57 BOT 2012: Busqueda Inteligente: resultados >-1
Tue Jul 31 1:05:57 BOT 2012: WEB_REPRODUCIR_BUSQUEDA > Se recibieron:16 tonos
Tue Jul 31 1:05:58 BOT 2012: Busqueda de Backtones Intel: 
 SQL:SELECT t.id, t.nombre as tono,aut.nombre as autor, alb.imagen, round(avg(wr.calificacion),0) as calificacion
                    FROM tonos as t
                    inner join autores as aut on ( t.autor = aut.id)
                    inner join billing as bil on (t.billing = bil.caso  and bil.concepto=2)
                    left join albumes as alb on (t.album = alb.id_album)
                    left join web_tonos_ranking as wr on (t.id = wr.tonos_id)
                    WHERE
                    t.id > 0
                     AND t.autor=183 
                    and t.categoria <> 207 and t.interfases &1 
                    group by t.id, t.nombre ,aut.nombre , alb.imagen
                    order by t.nombre ,aut.nombre 
                    limit 114 
Tue Jul 31 1:05:58 BOT 2012: WEB_REPRODUCIR_BUSQUEDA > Se formatearon:16 tonos
Tue Jul 31 1:06:00 BOT 2012: WEB REPROD BUSQ > Facebook link: http%3A%2F%2Fbacktones.tigo.com.bo%2Fv3%2Findex.php%3Fseccion%3Dplaylist%26autor%3D223%26f%3D1%26t%3D1231233
Tue Jul 31 1:06:00 BOT 2012: STATS > BUSQUEDA DE BACKTONE >Tiempo: -0.072252 seg. | registros: 12
Tue Jul 31 1:06:01 BOT 2012: DB_LISTAR_TONOS> Se econtraron 12 resultados con estos ID:103477,103306,376,377,103308,103307,378,103309,103310,102585,102587,102588, 
Tue Jul 31 1:06:01 BOT 2012: Session Start>  session por defecto 
Tue Jul 31 1:06:03 BOT 2012: session-default => asignando por default session
Tue Jul 31 1:06:03 BOT 2012: WEB_REPRODUCIR_BUSQUEDA > Se recibieron:12 tonos
Tue Jul 31 1:06:04 BOT 2012: WEB_REPRODUCIR_BUSQUEDA > Se formatearon:12 tonos
Tue Jul 31 1:06:06 BOT 2012: WEB REPROD BUSQ > Facebook link: http%3A%2F%2Fbacktones.tigo.com.bo%2Fv3%2Findex.php%3Fseccion%3Dplaylist%26autor%3D183%26f%3D1%26t%3D1231233
Tue Jul 31 1:06:07 BOT 2012: Session Start>  session por defecto 
Tue Jul 31 1:06:07 BOT 2012: Session Start>  session por defecto 
Tue Jul 31 1:06:07 BOT 2012: Session Start>  session por defecto 
Tue Jul 31 1:06:09 BOT 2012: session-default => asignando por default session
Tue Jul 31 1:06:09 BOT 2012: session-default => asignando por default session
Tue Jul 31 1:06:09 BOT 2012: session-default => asignando por default session
Tue Jul 31 1:06:14 BOT 2012: Session Start>  session por defecto 
Tue Jul 31 1:06:14 BOT 2012: Session Start>  session por defecto 
Tue Jul 31 1:06:16 BOT 2012: session-default => asignando por default session
Tue Jul 31 1:06:16 BOT 2012: session-default => asignando por default session
Tue Jul 31 1:06:16 BOT 2012: Session Start>  session por defecto 
Tue Jul 31 1:06:18 BOT 2012: Busqueda Inteligente: Charlee Kingston
Tue Jul 31 1:06:18 BOT 2012: session-default => asignando por default session
Tue Jul 31 1:06:19 BOT 2012: Busqueda Inteligente: Esteban Mogrado
Tue Jul 31 1:06:22 BOT 2012: Session Start>  session por defecto 
Tue Jul 31 1:06:22 BOT 2012: Busqueda Inteligente: Resultado 
 -1 
Tue Jul 31 1:06:22 BOT 2012: Busqueda Inteligente: ser recibieron 1 resultados
Tue Jul 31 1:06:23 BOT 2012: Busqueda Inteligente: Resultado 
 -1 
Tue Jul 31 1:06:24 BOT 2012: session-default => asignando por default session
Tue Jul 31 1:06:24 BOT 2012: Busqueda Inteligente: resultados >-1
Tue Jul 31 1:06:25 BOT 2012: Busqueda Inteligente: ser recibieron 1 resultados
Tue Jul 31 1:06:25 BOT 2012: Busqueda Inteligente: resultados >-1
Tue Jul 31 1:06:26 BOT 2012: Busqueda de Backtones Intel: 
 SQL:SELECT t.id, t.nombre as tono,aut.nombre as autor, alb.imagen, round(avg(wr.calificacion),0) as calificacion
                    FROM tonos as t
                    inner join autores as aut on ( t.autor = aut.id)
                    inner join billing as bil on (t.billing = bil.caso  and bil.concepto=2)
                    left join albumes as alb on (t.album = alb.id_album)
                    left join web_tonos_ranking as wr on (t.id = wr.tonos_id)
                    WHERE
                    t.id > 0
                     AND t.autor=51 
                    and t.categoria <> 207 and t.interfases &1 
                    group by t.id, t.nombre ,aut.nombre , alb.imagen
                    order by t.nombre ,aut.nombre 
                    limit 114 
Tue Jul 31 1:06:27 BOT 2012: Session Start>  session por defecto 
Tue Jul 31 1:06:27 BOT 2012: Busqueda de Backtones Intel: 
 SQL:SELECT t.id, t.nombre as tono,aut.nombre as autor, alb.imagen, round(avg(wr.calificacion),0) as calificacion
                    FROM tonos as t
                    inner join autores as aut on ( t.autor = aut.id)
                    inner join billing as bil on (t.billing = bil.caso  and bil.concepto=2)
                    left join albumes as alb on (t.album = alb.id_album)
                    left join web_tonos_ranking as wr on (t.id = wr.tonos_id)
                    WHERE
                    t.id > 0
                     AND t.autor=282 
                    and t.categoria <> 207 and t.interfases &1 
                    group by t.id, t.nombre ,aut.nombre , alb.imagen
                    order by t.nombre ,aut.nombre 
                    limit 114 
Tue Jul 31 1:06:28 BOT 2012: STATS > BUSQUEDA DE BACKTONE >Tiempo: 0.571343 seg. | registros: 1
Tue Jul 31 1:06:29 BOT 2012: session-default => asignando por default session
Tue Jul 31 1:06:30 BOT 2012: DB_LISTAR_TONOS> Se econtraron 1 resultados con estos ID:18, 
Tue Jul 31 1:06:31 BOT 2012: Busqueda Inteligente: Christopher Lawrence Opratel
Tue Jul 31 1:06:31 BOT 2012: WEB_REPRODUCIR_BUSQUEDA > Se recibieron:1 tonos
Tue Jul 31 1:06:32 BOT 2012: Session Start>  session por defecto 
Tue Jul 31 1:06:33 BOT 2012: WEB_REPRODUCIR_BUSQUEDA > Se formatearon:1 tonos
Tue Jul 31 1:06:33 BOT 2012: Busqueda Inteligente: Resultado 
 -1 
Tue Jul 31 1:06:34 BOT 2012: session-default => asignando por default session
Tue Jul 31 1:06:34 BOT 2012: Session Start>  session por defecto 
Tue Jul 31 1:06:34 BOT 2012: session-default => asignando por default session
Tue Jul 31 1:06:35 BOT 2012: Busqueda Inteligente: ser recibieron 1 resultados
Tue Jul 31 1:06:35 BOT 2012: WEB REPROD BUSQ > Facebook link: http%3A%2F%2Fbacktones.tigo.com.bo%2Fv3%2Findex.php%3Fseccion%3Dplaylist%26autor%3D51%26f%3D1%26t%3D1231233
Tue Jul 31 1:06:36 BOT 2012: Busqueda Inteligente: Chichita Vega
Tue Jul 31 1:06:37 BOT 2012: Busqueda Inteligente: resultados >-1
Tue Jul 31 1:06:37 BOT 2012: Busqueda de Backtones Intel: 
 SQL:SELECT t.id, t.nombre as tono,aut.nombre as autor, alb.imagen, round(avg(wr.calificacion),0) as calificacion
                    FROM tonos as t
                    inner join autores as aut on ( t.autor = aut.id)
                    inner join billing as bil on (t.billing = bil.caso  and bil.concepto=2)
                    left join albumes as alb on (t.album = alb.id_album)
                    left join web_tonos_ranking as wr on (t.id = wr.tonos_id)
                    WHERE
                    t.id > 0
                     AND t.autor=1462 
                    and t.categoria <> 207 and t.interfases &1 
                    group by t.id, t.nombre ,aut.nombre , alb.imagen
                    order by t.nombre ,aut.nombre 
                    limit 114 
Tue Jul 31 1:06:39 BOT 2012: Busqueda Inteligente: Resultado 
 -1 
Tue Jul 31 1:06:40 BOT 2012: Busqueda Inteligente: ser recibieron 1 resultados
Tue Jul 31 1:06:42 BOT 2012: Busqueda Inteligente: resultados >-1
Tue Jul 31 1:06:43 BOT 2012: Busqueda de Backtones Intel: 
 SQL:SELECT t.id, t.nombre as tono,aut.nombre as autor, alb.imagen, round(avg(wr.calificacion),0) as calificacion
                    FROM tonos as t
                    inner join autores as aut on ( t.autor = aut.id)
                    inner join billing as bil on (t.billing = bil.caso  and bil.concepto=2)
                    left join albumes as alb on (t.album = alb.id_album)
                    left join web_tonos_ranking as wr on (t.id = wr.tonos_id)
                    WHERE
                    t.id > 0
                     AND t.autor=1615 
                    and t.categoria <> 207 and t.interfases &1 
                    group by t.id, t.nombre ,aut.nombre , alb.imagen
                    order by t.nombre ,aut.nombre 
                    limit 114 
Tue Jul 31 1:06:50 BOT 2012: Session Start>  session por defecto 
Tue Jul 31 1:06:50 BOT 2012: session-default => asignando por default session
