Fri Apr 20 16:09:59 BOT 2012: Ajax-> Mostrar Megusta> tono:147878 
Fri Apr 20 16:10:11 BOT 2012: ASYNC -> STATS> Tiempo respuesta -0.155347 seg.
Fri Apr 20 16:10:11 BOT 2012: ASYNC -> STATS> Tiempo respuesta 0.345154 seg.
Fri Apr 20 16:10:44 BOT 2012: Ajax-> Mostrar  Imagen Portada> Album:albumes/album-default.jpg
Fri Apr 20 16:14:42 BOT 2012: Consulta de precio de reason:3 - msisdn: tono:123218 Async responde:350
 
Fri Apr 20 16:16:33 BOT 2012: Ajax->Mostrar Imagen Portada:  
Fri Apr 20 16:17:12 BOT 2012: Mostrar Album: >Artista:  <a href='index.php?seccion=playlist&autor=148'>D</a>
Fri Apr 20 16:22:40 BOT 2012: Ajax-> Mostrar Ranking > tono:131728 
Fri Apr 20 16:23:25 BOT 2012: Asignar backtone escuchado > Asi termino:123537,123534,123533,123531,123530,123528,123527,123525,123523,123519,123518,123516,123515,123513,131728,131730,131049,131048,131046,131044,
Fri Apr 20 16:27:01 BOT 2012: Ajax-> Mostrar Comentarios> tono:123218 
Fri Apr 20 16:28:59 BOT 2012: Ajax->Mostrar Reproducciones:  
Fri Apr 20 16:29:02 BOT 2012: Ajax-> Mostrar Ranking > tono:123218 
Fri Apr 20 16:29:02 BOT 2012: Ajax-> Mostrar Comentarios> tono:128235 
Fri Apr 20 16:29:08 BOT 2012: Ajax->Mostrar Nombre Genero:  
Fri Apr 20 16:29:44 BOT 2012: Ajax->Mostrar Reproducciones:  
Fri Apr 20 16:29:59 BOT 2012: Busqueda Inteligente: Resultado 
 -1 
Fri Apr 20 16:32:32 BOT 2012: Ajax-> Mostrar Ranking > tono:123513 
Fri Apr 20 16:32:35 BOT 2012: Ajax-> Mostrar Ranking > tono:123218 
Fri Apr 20 16:32:44 BOT 2012: Ajax->Mostrar Comentarios:  
Fri Apr 20 16:32:44 BOT 2012: Mostrar Ranking: tono:123513 calificacion: 
Fri Apr 20 16:32:44 BOT 2012: Ajax-> Mostrar Megusta> tono:123218 
Fri Apr 20 16:32:47 BOT 2012: ASYNC -> STATS> Tiempo respuesta -0.03795 seg.
Fri Apr 20 16:33:38 BOT 2012: Ajax->Mostrar Reproducciones:  
Fri Apr 20 16:37:30 BOT 2012: Ajax->Mostrar Megusta:  
Fri Apr 20 16:37:57 BOT 2012: Ajax-> Mostrar  Nombre Artista > tono:147093 
Fri Apr 20 16:38:57 BOT 2012: Ajax->Mostrar Megusta:  
Fri Apr 20 16:39:24 BOT 2012: Ajax-> Mostrar Ranking > tono:102694 
Fri Apr 20 16:42:19 BOT 2012: Ajax->Mostrar Ranking:  
Fri Apr 20 16:42:52 BOT 2012: Mostrar Genero: >G&eacute;nero:  <a href='index.php?seccion=playlist&genero=104'>Clasicos</a>
Fri Apr 20 16:43:52 BOT 2012: Ajax->Mostrar Comentarios:  
Fri Apr 20 16:44:07 BOT 2012: Asignar backtone escuchado > Asi termino:123218,118749,136633,126152,126150,126154,118736,126100,147090,136635,126028,139960,126026,118738,118741,136632,118748,136630,139844,
Fri Apr 20 16:45:22 BOT 2012: Ajax->Mostrar Comentarios:  
Fri Apr 20 16:45:40 BOT 2012: Ajax->Mostrar Reproducciones:  
Fri Apr 20 16:47:50 BOT 2012: Ajax-> Mostrar Ranking > tono:136635 
Fri Apr 20 16:48:05 BOT 2012: Ajax->Mostrar Reproducciones:  
Fri Apr 20 16:48:11 BOT 2012: Ajax->Mostrar Reproducciones:  
Fri Apr 20 16:48:17 BOT 2012: Ajax->Mostrar Comentarios:  
Fri Apr 20 16:48:50 BOT 2012: ASYNC -> STATS> Tiempo respuesta 0.002294 seg.
Fri Apr 20 16:49:56 BOT 2012: Asignar backtone escuchado > Asi termino:112702,102630,104472,142527,145695,102811,105231,105242,112705,103284,105096,141106,104991,128425,102592,126093,104454,103580,105999,122645,
Fri Apr 20 16:50:20 BOT 2012: Asignar backtone escuchado > Asi termino:123218,126026,147075,136632,136630,139964,126154,126152,147077,136633,126150,131001,126100,136635,139963,126028,147079,118747,147081,
Fri Apr 20 16:50:26 BOT 2012: ASYNC -> STATS> Tiempo respuesta -0.189579 seg.
Fri Apr 20 16:50:26 BOT 2012: Asignar backtone escuchado > Asi termino:123218,147081,139961,118754,118749,118736,147090,139960,118738,118741,118748,139844,147092,139956,147093,118734,139958,147095,118752,
Fri Apr 20 16:50:29 BOT 2012: ASYNC -> STATS> Tiempo respuesta 0.009788 seg.
Fri Apr 20 16:53:26 BOT 2012: Ajax-> Mostrar Ranking > tono:102934 
Fri Apr 20 16:56:00 BOT 2012: Mostrar Cantidad reproducciones: tono:104342 cantidad: 0
Fri Apr 20 16:56:06 BOT 2012: Asignar backtone escuchado > Asi termino:407,104342,384,109229,109227,104643,105420,103653,103032,200,103239,104460,105078,104670,201,112702,102630,104472,142527,145695,
Fri Apr 20 16:56:18 BOT 2012: Ajax->Mostrar Comentarios:  
Fri Apr 20 16:56:51 BOT 2012: Ajax->Mostrar Comentarios:  
Fri Apr 20 16:56:57 BOT 2012: ASYNC -> STATS> Tiempo respuesta -0.397296 seg.
Fri Apr 20 16:57:00 BOT 2012: Ajax->Mostrar Megusta:  
Fri Apr 20 16:57:57 BOT 2012: Ajax->Mostrar Comentarios:  
Fri Apr 20 17:07:04 BOT 2012: Mostrar Cantidad reproducciones: tono:102827 cantidad: 0
Fri Apr 20 17:07:04 BOT 2012: Mostrar Genero: >G&eacute;nero:  <a href='index.php?seccion=playlist&genero=96'>Bachata y Vallenato</a>
Fri Apr 20 17:07:07 BOT 2012: Consulta de precio de reason:10 - msisdn: tono:124041 Async responde:350
 
Fri Apr 20 17:07:07 BOT 2012: ASYNC -> STATS> Tiempo respuesta 0.267875 seg.
Fri Apr 20 17:07:07 BOT 2012: Ajax->Mostrar Reproducciones:  
Fri Apr 20 17:07:37 BOT 2012: STATS > BUSQUEDA DE BACKTONE >Tiempo: 0.043347 seg. | registros: 114
Fri Apr 20 17:07:37 BOT 2012: Asignar backtone escuchado > Asi termino:123218,126026,136635,126028,118730,136633,139846,126150,136632,118728,136630,126154,118745,126152,118727,118725,126100,118724,139838,
Fri Apr 20 17:07:50 BOT 2012: ASYNC -> STATS> Tiempo respuesta 0.001847 seg.
Fri Apr 20 17:10:08 BOT 2012: Ajax->Mostrar Comentarios:  
Fri Apr 20 17:10:41 BOT 2012: Asignar backtone escuchado > Asi termino:131046,131044,131042,131040,131038,131036,131035,123542,123541,123540,123538,123537,123534,123533,123531,123530,123528,123527,123525,123523,
Fri Apr 20 17:11:38 BOT 2012: Ajax->Mostrar Ranking:  
Fri Apr 20 17:12:02 BOT 2012: Ajax->Mostrar Reproducciones:  
Fri Apr 20 17:12:02 BOT 2012: Ajax-> Mostrar Comentarios> tono:103944 
Fri Apr 20 17:12:08 BOT 2012: Ajax->Mostrar Comentarios:  
Fri Apr 20 17:12:14 BOT 2012: ASYNC -> STATS> Tiempo respuesta 0.590387 seg.
Fri Apr 20 17:12:17 BOT 2012: ASYNC -> STATS> Tiempo respuesta -0.0092239999999999 seg.
Fri Apr 20 17:12:23 BOT 2012: ASYNC -> STATS> Tiempo respuesta 0.392555 seg.
Fri Apr 20 17:12:23 BOT 2012: ASYNC -> STATS> Tiempo respuesta 0.196256 seg.
Fri Apr 20 17:14:18 BOT 2012: ASYNC -> STATS> Tiempo respuesta 0.004121 seg.
Fri Apr 20 17:14:21 BOT 2012: Error al consultar precio de renovacion - msisdn: tono:123218 - Async responde -3
Fri Apr 20 17:15:18 BOT 2012: Ajax-> Mostrar Ranking > tono:126154 
Fri Apr 20 17:15:51 BOT 2012: ASYNC -> STATS> Tiempo respuesta 0.007095 seg.
Fri Apr 20 17:16:21 BOT 2012: Ajax->Mostrar Megusta:  
Fri Apr 20 17:16:24 BOT 2012: Mostrar Album: >Artista:  <a href='index.php?seccion=playlist&autor=124'>Ricardo Arjona</a>
Fri Apr 20 17:16:36 BOT 2012: ASYNC -> STATS> Tiempo respuesta -0.039983 seg.
Fri Apr 20 17:16:36 BOT 2012: ASYNC -> STATS> Tiempo respuesta 0.3623 seg.
Fri Apr 20 17:17:15 BOT 2012: Ajax-> Mostrar  Imagen Portada> tono:103136 
Fri Apr 20 17:17:21 BOT 2012: Mostrar Album: >Artista:  <a href='index.php?seccion=playlist&autor=1538'>Go Media</a>
Fri Apr 20 17:17:51 BOT 2012: Asignar backtone escuchado > Asi termino:104454,102651,509,135168,134635,103782,145895,128668,140990,135074,125661,102560,103284,126470,103062,62,126144,105653,134685,134015,
Fri Apr 20 17:18:27 BOT 2012: Ajax->Mostrar Nombre Artista:  
Fri Apr 20 17:19:43 BOT 2012: Ajax->Mostrar Nombre Artista:  
Fri Apr 20 17:20:28 BOT 2012: ASYNC -> STATS> Tiempo respuesta 0.003893 seg.
Fri Apr 20 17:23:46 BOT 2012: Asignar backtone escuchado > Asi termino:123218,136632,136630,118736,126154,147090,126152,136633,126150,139960,126100,118738,136635,126028,118741,126026,118748,139844,147092,
Fri Apr 20 17:26:35 BOT 2012: Ajax-> Mostrar Ranking > tono:126100 
Fri Apr 20 17:28:47 BOT 2012: Ajax->Mostrar Imagen Portada:  
Fri Apr 20 17:29:41 BOT 2012: Ajax->Mostrar Reproducciones:  
Fri Apr 20 17:29:50 BOT 2012: ASYNC -> STATS> Tiempo respuesta 0.363562 seg.
Fri Apr 20 17:29:53 BOT 2012: Consulta de precio de reason:2 - msisdn: tono:104784 Async responde:350
 
Fri Apr 20 17:29:53 BOT 2012: Ajax->Mostrar Ranking:  
Fri Apr 20 17:29:53 BOT 2012: ASYNC -> STATS> Tiempo respuesta 0.001178 seg.
Fri Apr 20 17:29:53 BOT 2012: Ajax->Mostrar Ranking:  
Fri Apr 20 17:29:56 BOT 2012: ASYNC -> STATS> Tiempo respuesta -0.051415 seg.
Fri Apr 20 17:29:59 BOT 2012: Ajax->Mostrar Nombre Artista:  
Fri Apr 20 17:29:59 BOT 2012: Asignar backtone escuchado > Asi termino:104784,105527,135283,103181,102564,104556,127472,104312,136630,102694,103743,104492,103345,103166,105362,103742,103741,103740,103739,115941,
Fri Apr 20 17:29:59 BOT 2012: Ajax->Mostrar Megusta:  
Fri Apr 20 17:29:59 BOT 2012: Ajax->Mostrar Comentarios:  
Fri Apr 20 17:31:11 BOT 2012: ASYNC -> STATS> Tiempo respuesta 0.003718 seg.
Fri Apr 20 17:31:59 BOT 2012: ASYNC -> STATS> Tiempo respuesta 0.0055230000000001 seg.
Fri Apr 20 17:32:32 BOT 2012: Consulta de precio de reason:3 - msisdn: tono:134164 Async responde:350
 
Fri Apr 20 17:33:36 BOT 2012: Ajax-> Mostrar Comentarios> tono:104364 
Fri Apr 20 17:34:03 BOT 2012: Ajax-> Mostrar Ranking > tono:103940 
Fri Apr 20 17:34:39 BOT 2012: Ajax->Mostrar Ranking:  
Fri Apr 20 17:34:45 BOT 2012: Ajax->Mostrar Ranking:  
Fri Apr 20 17:34:54 BOT 2012: Ajax->Mostrar Megusta:  
Fri Apr 20 17:35:54 BOT 2012: Ajax->Mostrar Comentarios:  
Fri Apr 20 17:35:57 BOT 2012: Ajax->Mostrar Ranking:  
Fri Apr 20 17:36:00 BOT 2012: ASYNC -> STATS> Tiempo respuesta -0.01606 seg.
Fri Apr 20 17:38:30 BOT 2012: Ajax->Mostrar Imagen Portada:  
Fri Apr 20 17:38:36 BOT 2012: Ajax->Mostrar Nombre Artista:  
Fri Apr 20 17:38:42 BOT 2012: Ajax->Mostrar Megusta:  
Fri Apr 20 17:39:33 BOT 2012: ASYNC -> STATS> Tiempo respuesta 0.231445 seg.
Fri Apr 20 17:39:37 BOT 2012: ASYNC -> STATS> Tiempo respuesta -0.003206 seg.
Fri Apr 20 17:40:58 BOT 2012: Ajax-> Mostrar Ranking > tono:106306 
Fri Apr 20 17:41:16 BOT 2012: Ajax->Mostrar Ranking:  
Fri Apr 20 17:41:19 BOT 2012: Ajax->Mostrar Megusta:  
Fri Apr 20 17:44:43 BOT 2012: Ajax-> Mostrar Ranking > tono:134164 
Fri Apr 20 17:44:55 BOT 2012: Ajax-> Mostrar Comentarios> tono:126028 
Fri Apr 20 17:46:53 BOT 2012: Ajax->Mostrar Ranking:  
Fri Apr 20 17:47:32 BOT 2012: Ajax->Mostrar Ranking:  
Fri Apr 20 17:48:44 BOT 2012: Ajax-> Mostrar Comentarios> tono:142230 
Fri Apr 20 17:49:08 BOT 2012: Mostrar Cantidad reproducciones: tono:139960 cantidad: 0
Fri Apr 20 17:49:20 BOT 2012: Asignar backtone escuchado > Asi termino:135049,109643,109508,107780,541,135046,135050,561,135042,119,103713,103712,104547,141114,103470,103265,103120,103264,105059,103119,
Fri Apr 20 17:49:23 BOT 2012: Ajax->Mostrar Reproducciones:  
Fri Apr 20 17:49:35 BOT 2012: ASYNC -> STATS> Tiempo respuesta 0.002736 seg.
Fri Apr 20 17:49:44 BOT 2012: Asignar backtone escuchado > Asi termino:126028,123218,126026,126100,136635,139960,136633,126150,118738,136632,118741,136630,126154,118748,126152,139844,147092,139956,147093,
Fri Apr 20 18:20:26 BOT 2012: Asignar backtone escuchado > Asi termino:103174,103570,102603,102597,112318,103553,16,105521,123008,
Fri Apr 20 18:20:32 BOT 2012: Ajax->Mostrar Reproducciones:  
Fri Apr 20 18:21:03 BOT 2012: Asignar backtone escuchado > Asi termino:123218,136630,126154,147077,136632,126152,136633,131001,126150,139963,126100,136635,147079,126028,126026,118747,147081,139961,118754,
Fri Apr 20 18:22:06 BOT 2012: ASYNC -> STATS> Tiempo respuesta 0.00211 seg.
Fri Apr 20 18:22:45 BOT 2012: Ajax->Mostrar Reproducciones:  
Fri Apr 20 18:24:06 BOT 2012: ASYNC -> STATS> Tiempo respuesta 0.00396 seg.
Fri Apr 20 18:25:36 BOT 2012: Busqueda Inteligente: resultados >109227
Fri Apr 20 18:27:33 BOT 2012: ASYNC -> STATS> Tiempo respuesta 0.214984 seg.
Fri Apr 20 18:27:33 BOT 2012: Ajax->Mostrar Ranking:  
Fri Apr 20 18:27:39 BOT 2012: ASYNC -> STATS> Tiempo respuesta 0.970666 seg.
Fri Apr 20 18:27:39 BOT 2012: ASYNC -> STATS> Tiempo respuesta 0.765268 seg.
Fri Apr 20 18:28:07 BOT 2012: Ajax->Mostrar Comentarios:  
Fri Apr 20 18:28:31 BOT 2012: Ajax->Mostrar Imagen Portada:  
Fri Apr 20 18:29:10 BOT 2012: Asignar backtone escuchado > Asi termino:126100,123218,136635,126028,118724,126152,126026,139838,118732,136633,126150,136632,131003,136630,130999,126154,139971,139969,139968,
Fri Apr 20 18:29:16 BOT 2012: ASYNC -> STATS> Tiempo respuesta 0.002058 seg.
Fri Apr 20 18:29:40 BOT 2012: ASYNC -> STATS> Tiempo respuesta 0.006033 seg.
Fri Apr 20 18:29:55 BOT 2012: Session Start>  session por defecto 
Fri Apr 20 18:30:04 BOT 2012: Consulta de precio de reason:2 - msisdn: tono:123218 Async responde:350
 
Fri Apr 20 18:30:07 BOT 2012: ASYNC -> STATS> Tiempo respuesta 0.007471 seg.
