Wed Feb 1 0:16:31 BOT 2012: Ajax-> Mostrar  Imagen Portada> tono:105282 
Wed Feb 1 9:20:39 BOT 2012: ASYNC -> STATS> Tiempo respuesta -0.386034 seg.
Wed Feb 1 9:23:21 BOT 2012: Session Start>  session por defecto 
Wed Feb 1 9:23:57 BOT 2012: Ajax->Mostrar Ranking:  
Wed Feb 1 9:24:45 BOT 2012: Consulta de precio de reason:10 - msisdn: tono:103086 Async responde:350
 
Wed Feb 1 9:25:39 BOT 2012: Consulta de precio de reason:2 - msisdn: tono:102777 Async responde:350
 
Wed Feb 1 9:27:09 BOT 2012: Ajax->Mostrar Ranking:  
Wed Feb 1 10:11:56 BOT 2012: Ajax->Mostrar Reproducciones:  
Wed Feb 1 10:13:47 BOT 2012: ASYNC -> STATS> Tiempo respuesta 0.538923 seg.
Wed Feb 1 10:15:33 BOT 2012: MTD_CHEQUEO_REINTENTO >- msisdn:76341140 tono:105009 diferencia tiempo:144 
Wed Feb 1 10:17:06 BOT 2012: STATS > BUSQUEDA DE BACKTONE >Tiempo: -0.74213 seg. | registros: 1
Wed Feb 1 10:22:24 BOT 2012: Ajax->Mostrar Nombre Artista:  
Wed Feb 1 10:22:24 BOT 2012: Busqueda Inteligente: Daniel Calveti
Wed Feb 1 10:26:22 BOT 2012: Ajax-> Mostrar Comentarios> tono:103817 
Wed Feb 1 10:26:22 BOT 2012: Ajax-> Mostrar Ranking > tono:102776 
Wed Feb 1 10:27:07 BOT 2012: Mostrar Album: >Artista:  <a href='index.php?seccion=playlist&autor=163'>Yalo cuellar</a>
Wed Feb 1 10:28:19 BOT 2012: Ajax->Mostrar Megusta:  
Wed Feb 1 10:29:43 BOT 2012: Ajax->Mostrar Megusta:  
Wed Feb 1 10:30:14 BOT 2012: Ajax->Mostrar Nombre Genero:  
Wed Feb 1 10:30:23 BOT 2012: Mostrar Comentarios : tono:511 
Wed Feb 1 10:30:26 BOT 2012: ASYNC -> STATS> Tiempo respuesta 0.003007 seg.
Wed Feb 1 10:30:50 BOT 2012: Ajax->Mostrar Nombre Genero:  
Wed Feb 1 10:30:53 BOT 2012: Ajax->Mostrar Nombre Genero:  
Wed Feb 1 10:31:50 BOT 2012: Ajax->Mostrar Ranking:  
Wed Feb 1 10:31:50 BOT 2012: Ajax->Mostrar Ranking:  
Wed Feb 1 10:32:23 BOT 2012: ASYNC -> STATS> Tiempo respuesta 0.161258 seg.
Wed Feb 1 10:32:56 BOT 2012: Ajax->Mostrar Ranking:  
Wed Feb 1 10:34:08 BOT 2012: Ajax-> Mostrar Comentarios> tono:104508 
Wed Feb 1 10:34:14 BOT 2012: Asignar backtone escuchado > Asi termino:104554,113047,127472,127438,127429,127435,127463,127441,127417,127451,127470,127456,127427,127418,127437,127422,127469,127467,127474,
Wed Feb 1 10:35:20 BOT 2012: Ajax->Mostrar Nombre Artista:  
Wed Feb 1 10:35:53 BOT 2012: Ajax->Mostrar Imagen Portada:  
Wed Feb 1 10:37:39 BOT 2012: Ajax->Mostrar Comentarios:  
Wed Feb 1 10:38:00 BOT 2012: ACTUALIZAR_PIN_USUARIO >77335502 usuario registrado async responde:
Wed Feb 1 10:39:45 BOT 2012: Consulta de precio de reason:10 - msisdn: tono:314 Async responde:350
 
Wed Feb 1 10:39:48 BOT 2012: Ajax->Mostrar Nombre Artista:  
Wed Feb 1 10:40:18 BOT 2012: ASYNC -> STATS> Tiempo respuesta -0.187741 seg.
Wed Feb 1 10:40:18 BOT 2012: Consulta de precio de reason:3 - msisdn: tono:102788 Async responde:350
 
Wed Feb 1 10:40:21 BOT 2012: ASYNC -> STATS> Tiempo respuesta -0.021092 seg.
Wed Feb 1 10:40:21 BOT 2012: Ajax->Mostrar Ranking:  
Wed Feb 1 10:40:21 BOT 2012: ASYNC -> STATS> Tiempo respuesta -0.001317 seg.
Wed Feb 1 10:40:21 BOT 2012: Consulta de precio de reason:2 - msisdn: tono:144173 Async responde:350
 
Wed Feb 1 10:40:21 BOT 2012: Ajax->Mostrar Ranking:  
Wed Feb 1 10:41:45 BOT 2012: Ajax-> Mostrar  Nombre Artista > tono:144106 
Wed Feb 1 10:42:51 BOT 2012: Busqueda Inteligente: resultados >103448
Wed Feb 1 10:44:33 BOT 2012: Mostrar Album: >Artista:  <a href='index.php?seccion=playlist&autor=1383'>Noel Schajris</a>
Wed Feb 1 10:44:52 BOT 2012: ASYNC -> STATS> Tiempo respuesta -0.946447 seg.
Wed Feb 1 10:44:55 BOT 2012: ASYNC -> STATS> Tiempo respuesta -0.91421 seg.
Wed Feb 1 10:45:58 BOT 2012: Asignar backtone escuchado > Asi termino:116508,105543,116507,104939,116466,116500,116501,116505,104460,112702,103086,116502,116506,103087,116514,103465,
Wed Feb 1 10:47:01 BOT 2012: Ajax-> Mostrar Ranking > tono:142927 
Wed Feb 1 10:47:31 BOT 2012: Ajax-> Mostrar Ranking > tono:122656 
Wed Feb 1 10:48:10 BOT 2012: ACTUALIZAR_PIN_USUARIO >76282869 el usuario ya se encuentra registrado = 76282869
Wed Feb 1 10:48:58 BOT 2012: Ajax->Mostrar Comentarios:  
Wed Feb 1 10:49:13 BOT 2012: Check Session > msisdn: 76282869 > Usuario Valido 
Wed Feb 1 10:52:23 BOT 2012: Asignar backtone escuchado > Asi termino:44,105340,102963,109803,105711,297,104656,104428,102525,126150,126028,126154,126152,126100,127461,110097,130832,131642,
Wed Feb 1 10:55:56 BOT 2012: Ajax->Mostrar Megusta:  
Wed Feb 1 10:56:47 BOT 2012: Ajax->Mostrar Ranking:  
Wed Feb 1 10:56:53 BOT 2012: Busqueda Inteligente: resultados >103939
Wed Feb 1 10:57:20 BOT 2012: ASYNC -> STATS> Tiempo respuesta 0.005661 seg.
Wed Feb 1 10:57:38 BOT 2012: Ajax->Mostrar Reproducciones:  
Wed Feb 1 10:57:41 BOT 2012: Asignar backtone escuchado > Asi termino:105292,127433,104556,127472,104782,103450,103818,105702,103431,104089,105290,127438,127429,110101,129891,126026,434,104555,102728,107585,
Wed Feb 1 10:57:59 BOT 2012: STATS > BUSQUEDA DE BACKTONE >Tiempo: 0.079653 seg. | registros: 114
Wed Feb 1 10:58:17 BOT 2012: Ajax->Mostrar Comentarios:  
Wed Feb 1 10:58:47 BOT 2012: Consulta de precio de reason:2 - msisdn: tono:120956 Async responde:350
 
Wed Feb 1 10:58:47 BOT 2012: ASYNC -> STATS> Tiempo respuesta 0.324346 seg.
Wed Feb 1 10:58:50 BOT 2012: Ajax-> Mostrar Comentarios> tono:104435 
Wed Feb 1 10:58:50 BOT 2012: Asignar backtone escuchado > Asi termino:127457,142148,435,102727,129901,144638,107737,109336,104024,103991,104428,102588,104346,44,105340,102963,109803,105711,297,
Wed Feb 1 10:59:26 BOT 2012: Ajax->Mostrar Nombre Artista:  
Wed Feb 1 11:56:39 BOT 2012: Busqueda Inteligente: 
Wed Feb 1 11:57:19 BOT 2012: Ajax->Mostrar Ranking:  
Wed Feb 1 11:57:19 BOT 2012: Ajax->Mostrar Reproducciones:  
Wed Feb 1 11:57:58 BOT 2012: Ajax->Mostrar Megusta:  
Wed Feb 1 11:58:01 BOT 2012: Ajax->Mostrar Nombre Genero:  
Wed Feb 1 11:58:31 BOT 2012: Ajax-> Mostrar Megusta> tono:104582 
Wed Feb 1 11:58:31 BOT 2012: Ajax->Mostrar Ranking:  
Wed Feb 1 11:58:31 BOT 2012: Ajax->Mostrar Ranking:  
Wed Feb 1 11:58:31 BOT 2012: ASYNC -> STATS> Tiempo respuesta 0.089766 seg.
Wed Feb 1 11:58:34 BOT 2012: Ajax->Mostrar Ranking:  
Wed Feb 1 12:01:31 BOT 2012: Ajax-> Mostrar  Imagen Portada> tono:103824 
Wed Feb 1 12:01:58 BOT 2012: Ajax->Mostrar Ranking:  
Wed Feb 1 12:02:07 BOT 2012: Ajax->Mostrar Ranking:  
Wed Feb 1 12:03:01 BOT 2012: Ajax->Mostrar Nombre Artista:  
Wed Feb 1 12:03:10 BOT 2012: Ajax->Mostrar Ranking:  
Wed Feb 1 12:03:13 BOT 2012: Ajax->Mostrar Ranking:  
Wed Feb 1 12:03:19 BOT 2012: Ajax->Mostrar Reproducciones:  
Wed Feb 1 12:04:14 BOT 2012: Mostrar Album: >albumes/tapa cd cumbia juan.JPG
Wed Feb 1 12:04:26 BOT 2012: Ajax->Mostrar Comentarios:  
Wed Feb 1 12:05:05 BOT 2012: ASYNC -> STATS> Tiempo respuesta 0.01278 seg.
Wed Feb 1 12:05:08 BOT 2012: Ajax->Mostrar Ranking:  
Wed Feb 1 12:06:14 BOT 2012: Ajax-> Mostrar  Nombre Artista > tono:127298 
Wed Feb 1 12:06:26 BOT 2012: Ajax->Mostrar Imagen Portada:  
Wed Feb 1 12:07:41 BOT 2012: Ajax->Mostrar Nombre Artista:  
Wed Feb 1 12:09:02 BOT 2012: ASYNC -> STATS> Tiempo respuesta -0.008439 seg.
Wed Feb 1 12:09:08 BOT 2012: Asignar backtone escuchado > Asi termino:130814,140830,130808,130806,130804,140821,130802,139727,135057,118724,118745,118727,118725,144150,144152,135277,135063,104538,104540,
Wed Feb 1 12:09:11 BOT 2012: ASYNC -> STATS> Tiempo respuesta 0.076034 seg.
Wed Feb 1 12:09:11 BOT 2012: Ajax->Mostrar Ranking:  
Wed Feb 1 12:09:11 BOT 2012: Asignar backtone escuchado > Asi termino:104024,103086,163,103991,103466,103469,103790,102630,471,127452,142148,127457,104090,470,129236,129892,102723,103423,103448,105294,
Wed Feb 1 12:09:11 BOT 2012: Asignar backtone escuchado > Asi termino:103642,105238,207,102630,119851,119842,128,104394,103239,104120,112316,116502,116504,104029,103090,103782,104460,199,103790,104295,
Wed Feb 1 12:09:11 BOT 2012: Asignar backtone escuchado > Asi termino:103068,
Wed Feb 1 12:09:14 BOT 2012: Asignar backtone escuchado > Asi termino:137828,137826,137817,105813,104981,137824,137820,109261,137822,123515,123528,131730,131042,131036,123534,123520,131048,131046,123516,131038,
Wed Feb 1 12:11:17 BOT 2012: set_session  => Actualizando datos token
Wed Feb 1 12:12:30 BOT 2012: Busqueda Inteligente: resultados >118744
Wed Feb 1 12:12:33 BOT 2012: Ajax-> Mostrar Comentarios> tono:441 
Wed Feb 1 12:12:33 BOT 2012: MTD_DB_BUSCAR_ARTISTAS > retornando registros:35
Wed Feb 1 12:13:33 BOT 2012: Ajax->Mostrar Imagen Portada:  
Wed Feb 1 12:13:45 BOT 2012: Ajax->Mostrar Nombre Artista:  
Wed Feb 1 12:14:06 BOT 2012: ASYNC -> STATS> Tiempo respuesta 0.001731 seg.
Wed Feb 1 12:15:12 BOT 2012: Asignar backtone escuchado > Asi termino:103451,103452,441,438,435,103450,103449,442,105704,102723,105702,104561,129899,144866,
Wed Feb 1 12:15:45 BOT 2012: Session Start>  session por defecto 
Wed Feb 1 12:15:54 BOT 2012: Busqueda Inteligente: resultados >125067
Wed Feb 1 12:17:45 BOT 2012: Ajax-> Mostrar Ranking > tono:136216 
Wed Feb 1 12:18:18 BOT 2012: Ajax->Mostrar Nombre Artista:  
Wed Feb 1 12:19:28 BOT 2012: Ajax->Mostrar Megusta:  
Wed Feb 1 12:19:37 BOT 2012: Asignar backtone escuchado > Asi termino:127895,104496,104577,104991,
Wed Feb 1 12:20:25 BOT 2012: Ajax-> Mostrar Ranking > tono:137264 
Wed Feb 1 12:21:04 BOT 2012: Busqueda Inteligente: rihanna
Wed Feb 1 12:22:25 BOT 2012: MTD_DB_BUSCAR_ARTISTAS > retornando registros:45
Wed Feb 1 12:23:13 BOT 2012: Mostrar Cantidad reproducciones: tono:104435 cantidad: 0
Wed Feb 1 12:23:52 BOT 2012: Ajax->Mostrar Imagen Portada:  
Wed Feb 1 12:24:19 BOT 2012: Ajax->Mostrar Nombre Artista:  
Wed Feb 1 12:24:25 BOT 2012: Ajax->Mostrar Reproducciones:  
Wed Feb 1 12:24:25 BOT 2012: Ajax-> Mostrar Ranking > tono:116504 
Wed Feb 1 12:24:25 BOT 2012: Mostrar Megusta> tono: 109242 msisdn: > a otros 4  les gusta 
Wed Feb 1 12:24:25 BOT 2012: Mostrar Cantidad reproducciones: tono:133736 cantidad: 0
Wed Feb 1 12:27:35 BOT 2012: Ajax->Mostrar Imagen Portada:  
Wed Feb 1 12:28:47 BOT 2012: ASYNC -> STATS> Tiempo respuesta 0.013906 seg.
Wed Feb 1 12:29:17 BOT 2012: Asignar backtone escuchado > Asi termino:185,105048,132451,126175,
Wed Feb 1 12:30:50 BOT 2012: Ajax->Mostrar Comentarios:  
Wed Feb 1 12:30:59 BOT 2012: Session Start>  Chequeo de sesion
Wed Feb 1 12:33:15 BOT 2012: STATS > BUSQUEDA DE BACKTONE >Tiempo: -0.247299 seg. | registros: 9
Wed Feb 1 12:34:06 BOT 2012: Ajax->Mostrar Nombre Artista:  
Wed Feb 1 12:34:33 BOT 2012: Mostrar Album: >Artista:  <a href='index.php?seccion=playlist&autor=1249'>Qmbia Juan</a>
Wed Feb 1 12:36:03 BOT 2012: ASYNC -> STATS> Tiempo respuesta -0.448975 seg.
Wed Feb 1 12:37:54 BOT 2012: Ajax->Mostrar Ranking:  
Wed Feb 1 13:16:40 BOT 2012: ELIMINAR_BACKTONE > Envio a ASYNC:76177373 tono:102910 Reason 6
Wed Feb 1 13:19:04 BOT 2012: ASYNC -> STATS> Tiempo respuesta 0.008582 seg.
Wed Feb 1 13:19:10 BOT 2012: Ajax->Mostrar Nombre Artista:  
Wed Feb 1 13:19:40 BOT 2012: Ajax-> Mostrar  Nombre Artista > tono:538 
Wed Feb 1 13:22:59 BOT 2012: Ajax-> Mostrar  Imagen Portada> tono:141114 
Wed Feb 1 13:23:02 BOT 2012: Ajax->Mostrar Reproducciones:  
Wed Feb 1 13:23:11 BOT 2012: Ajax->Mostrar Comentarios:  
Wed Feb 1 13:24:26 BOT 2012: Busqueda Inteligente: resultados >109409
Wed Feb 1 13:24:26 BOT 2012: Ajax-> Mostrar  Imagen Portada> Album:albumes/Solumovil-Version Solumovil.jpg
Wed Feb 1 13:24:47 BOT 2012: Ajax-> Mostrar Megusta> tono:144646 
Wed Feb 1 13:27:20 BOT 2012: Check Session > msisdn: 76754003 > Usuario Valido 
Wed Feb 1 13:30:42 BOT 2012: Asignar backtone escuchado > Asi termino:102912,102911,102910,364,103832,123218,131757,127376,105237,131829,140783,133698,103741,104937,
Wed Feb 1 13:31:27 BOT 2012: Ajax-> Mostrar Megusta> tono:102916 
Wed Feb 1 13:32:03 BOT 2012: ASYNC -> STATS> Tiempo respuesta 0.0042540000000001 seg.
Wed Feb 1 13:35:03 BOT 2012: Ajax->Mostrar Megusta:  
Wed Feb 1 13:35:33 BOT 2012: Ajax->Mostrar Megusta:  
Wed Feb 1 13:35:52 BOT 2012: ASYNC -> STATS> Tiempo respuesta 0.00944 seg.
Wed Feb 1 13:35:58 BOT 2012: Asignar backtone escuchado > Asi termino:125516,
Wed Feb 1 13:36:52 BOT 2012: Ajax->Mostrar Imagen Portada:  
Wed Feb 1 13:37:01 BOT 2012: Ajax->Mostrar Nombre Artista:  
Wed Feb 1 13:38:13 BOT 2012: WEB_REPRODUCIR_BUSQUEDA > Se recibieron:14 tonos
Wed Feb 1 13:38:49 BOT 2012: Ajax->Mostrar Nombre Genero:  
Wed Feb 1 13:39:19 BOT 2012: Ajax-> Mostrar  Imagen Portada> tono:137264 
Wed Feb 1 13:39:31 BOT 2012: ASYNC -> STATS> Tiempo respuesta 0.006165 seg.
Wed Feb 1 13:40:46 BOT 2012: Consulta de precio de reason:3 - msisdn: tono:104308 Async responde:350
 
Wed Feb 1 13:40:52 BOT 2012: Busqueda Inteligente: resultados >113504
Wed Feb 1 13:41:28 BOT 2012: ASYNC -> STATS> Tiempo respuesta 0.003997 seg.
Wed Feb 1 13:41:31 BOT 2012: Asignar backtone escuchado > Asi termino:142527,
Wed Feb 1 13:43:29 BOT 2012: Mostrar Comentarios : tono:144860 
Wed Feb 1 13:43:41 BOT 2012: Ajax-> Mostrar  Genero > G&eacute;nero:  <a href='index.php?seccion=playlist&genero=143'>Latinas</a>
Wed Feb 1 13:44:44 BOT 2012: Consulta de precio de reason:2 - msisdn: tono:137884 Async responde:350
 
Wed Feb 1 13:44:44 BOT 2012: Consulta de precio de reason:2 - msisdn: tono:209 Async responde:350
 
Wed Feb 1 13:44:47 BOT 2012: Ajax-> Mostrar Comentarios> tono:137884 
Wed Feb 1 13:45:05 BOT 2012: Mostrar Ranking: tono:637 calificacion: 
Wed Feb 1 13:45:56 BOT 2012: Ajax-> Mostrar Comentarios> tono:104307 
Wed Feb 1 13:46:17 BOT 2012: ASYNC -> STATS> Tiempo respuesta 0.003167 seg.
Wed Feb 1 13:47:20 BOT 2012: ASYNC -> STATS> Tiempo respuesta 0.004266 seg.
Wed Feb 1 13:47:29 BOT 2012: Ajax->Mostrar Nombre Genero:  
Wed Feb 1 13:48:00 BOT 2012: Ajax->Mostrar Nombre Artista:  
Wed Feb 1 13:49:11 BOT 2012: Mostrar Album: >albumes/HOSSANA.jpg
Wed Feb 1 13:49:14 BOT 2012: Ajax-> Mostrar Ranking > tono:142223 
Wed Feb 1 13:49:35 BOT 2012: Ajax-> Mostrar Ranking > tono:141833 
Wed Feb 1 13:50:20 BOT 2012: ASYNC -> STATS> Tiempo respuesta 0.572304 seg.
Wed Feb 1 13:50:24 BOT 2012: Ajax->Mostrar Ranking:  
Wed Feb 1 13:50:30 BOT 2012: Consulta de precio de reason:3 - msisdn: tono:105810 Async responde:350
 
Wed Feb 1 13:50:30 BOT 2012: Ajax->Mostrar Reproducciones:  
Wed Feb 1 13:52:21 BOT 2012: WEB_REPRODUCIR_BUSQUEDA > Se recibieron:19 tonos
Wed Feb 1 13:54:30 BOT 2012: Session Start>  Chequeo de sesion
Wed Feb 1 13:55:18 BOT 2012: ASYNC -> STATS> Tiempo respuesta 0.005695 seg.
Wed Feb 1 13:55:24 BOT 2012: Ajax->Mostrar Nombre Artista:  
Wed Feb 1 13:56:00 BOT 2012: Busqueda Inteligente: resultados >144150
Wed Feb 1 13:57:06 BOT 2012: ASYNC -> STATS> Tiempo respuesta 0.002963 seg.
Wed Feb 1 14:00:34 BOT 2012: Ajax->Mostrar Imagen Portada:  
Wed Feb 1 14:01:01 BOT 2012: Mostrar Megusta > tono: 104024 msisdn:76119190 > cantidad de registros: 0
Wed Feb 1 14:02:40 BOT 2012: ACTUALIZAR_PIN_USUARIO >75309354 el usuario ya se encuentra registrado = 75309354
Wed Feb 1 14:02:49 BOT 2012: Ajax-> Mostrar Ranking > tono:104954 
Wed Feb 1 14:04:28 BOT 2012: Busqueda Inteligente: Sebastian
Wed Feb 1 14:04:37 BOT 2012: Ajax-> Mostrar  Imagen Portada> tono:108557 
Wed Feb 1 14:05:11 BOT 2012: ASYNC -> STATS> Tiempo respuesta 0.023795 seg.
Wed Feb 1 14:08:11 BOT 2012: Session Start>  Chequeo de sesion
Wed Feb 1 14:08:23 BOT 2012: Ajax->Mostrar Nombre Artista:  
Wed Feb 1 14:09:02 BOT 2012: Session Start>  Chequeo de sesion
Wed Feb 1 14:09:11 BOT 2012: ASYNC -> STATS> Tiempo respuesta 0.0081410000000001 seg.
Wed Feb 1 14:10:05 BOT 2012: Session Start>  Chequeo de sesion
Wed Feb 1 14:15:27 BOT 2012: Mostrar Cantidad reproducciones: tono:140823 cantidad: 0
Wed Feb 1 14:16:57 BOT 2012: Ajax->Mostrar Reproducciones:  
Wed Feb 1 14:16:57 BOT 2012: Ajax-> Mostrar  Nombre Artista > tono:105804 
Wed Feb 1 14:18:36 BOT 2012: Asignar backtone escuchado > Asi termino:104782,103450,103818,105702,103431,104089,105290,127438,127429,110101,129891,126026,434,104555,102728,107585,104781,127435,127463,103447,
Wed Feb 1 14:20:16 BOT 2012: WEB REPROD BUSQ > Facebook link: http%3A%2F%2Fbacktones.tigo.com.bo%2Fv3%2Findex.php%3Fseccion%3Dplaylist%26genero%3D155%26f%3D1%26t%3D123123
Wed Feb 1 14:21:16 BOT 2012: Ajax-> Mostrar Megusta> tono:144648 
Wed Feb 1 14:22:22 BOT 2012: Ajax-> Mostrar Comentarios> tono:140836 
Wed Feb 1 14:22:31 BOT 2012: Ajax->Mostrar Nombre Artista:  
Wed Feb 1 14:22:46 BOT 2012: Ajax-> Mostrar Comentarios> tono:104393 
Wed Feb 1 14:23:04 BOT 2012: Ajax->Mostrar Comentarios:  
Wed Feb 1 14:23:19 BOT 2012: Ajax-> Mostrar  Nombre Artista > tono:103466 
Wed Feb 1 14:23:55 BOT 2012: Ajax->Mostrar Megusta:  
Wed Feb 1 14:24:04 BOT 2012: Ajax-> Mostrar Megusta> tono:103991 
Wed Feb 1 14:24:49 BOT 2012: Mostrar Megusta > tono: 137246 msisdn:77290842 > cantidad de registros: 0
Wed Feb 1 14:26:41 BOT 2012: ASYNC -> STATS> Tiempo respuesta 0.00693 seg.
Wed Feb 1 14:26:44 BOT 2012: ASYNC -> STATS> Tiempo respuesta -0.568977 seg.
Wed Feb 1 14:26:44 BOT 2012: ASYNC -> STATS> Tiempo respuesta -0.689911 seg.
Wed Feb 1 14:26:59 BOT 2012: Ajax->Mostrar Nombre Artista:  
Wed Feb 1 14:28:05 BOT 2012: Asignar backtone escuchado > Asi termino:144564,120251,141122,140821,137830,141126,120252,141128,141130,140836,120255,144153,145083,144234,144195,135057,106356,104567,130053,104180,
Wed Feb 1 14:28:17 BOT 2012: Ajax->Mostrar Reproducciones:  
Wed Feb 1 14:28:53 BOT 2012: Ajax->Mostrar Ranking:  
Wed Feb 1 14:28:59 BOT 2012: Ajax->Mostrar Imagen Portada:  
Wed Feb 1 14:29:38 BOT 2012: Ajax-> Mostrar Ranking > tono:120248 
Wed Feb 1 14:29:44 BOT 2012: Ajax->Mostrar Reproducciones:  
Wed Feb 1 14:29:44 BOT 2012: Asignar backtone escuchado > Asi termino:137830,120254,143076,144564,120251,141122,140821,141126,120252,141128,141130,140836,120255,144153,145083,144234,144195,135057,106356,
Wed Feb 1 14:29:59 BOT 2012: Busqueda Inteligente: resultados >103037
Wed Feb 1 14:30:32 BOT 2012: Ajax->Mostrar Nombre Artista:  
Wed Feb 1 14:30:56 BOT 2012: Ajax-> Mostrar Megusta> tono:105290 
Wed Feb 1 14:31:53 BOT 2012: Ajax->Mostrar Nombre Artista:  
Wed Feb 1 14:31:53 BOT 2012: STATS > BUSQUEDA DE BACKTONE >Tiempo: 0.499092 seg. | registros: 32
Wed Feb 1 14:32:41 BOT 2012: Ajax-> Mostrar Comentarios> tono:104560 
Wed Feb 1 14:33:20 BOT 2012: Ajax-> Mostrar  Nombre Artista > tono:113024 
Wed Feb 1 14:33:20 BOT 2012: Ajax->Mostrar Nombre Genero:  
Wed Feb 1 14:33:54 BOT 2012: Ajax-> Mostrar Ranking > tono:144160 
Wed Feb 1 14:34:09 BOT 2012: Ajax->Mostrar Ranking:  
Wed Feb 1 14:34:09 BOT 2012: Ajax->Mostrar Comentarios:  
Wed Feb 1 14:34:18 BOT 2012: ASYNC -> STATS> Tiempo respuesta -0.284665 seg.
Wed Feb 1 14:34:18 BOT 2012: Ajax->Mostrar Reproducciones:  
Wed Feb 1 14:34:18 BOT 2012: Asignar backtone escuchado > Asi termino:120250,140810,143739,120248,144562,143738,142632,141835,139303,106382,142225,142220,142168,140808,141918,140826,143744,141833,142273,
Wed Feb 1 14:34:39 BOT 2012: ASYNC -> STATS> Tiempo respuesta -0.647253 seg.
Wed Feb 1 14:38:06 BOT 2012: Ajax->Mostrar Nombre Artista:  
Wed Feb 1 14:38:12 BOT 2012: Ajax-> Mostrar  Imagen Portada> tono:578 
Wed Feb 1 14:38:18 BOT 2012: Ajax-> popup_listar_amigos: msisdn:77651432 
Wed Feb 1 14:40:21 BOT 2012: Ajax->Mostrar Ranking:  
Wed Feb 1 14:40:21 BOT 2012: ASYNC -> STATS> Tiempo respuesta 0.602719 seg.
Wed Feb 1 14:41:18 BOT 2012: STATS > BUSQUEDA DE BACKTONE >Tiempo: 0.074295 seg. | registros: 90
Wed Feb 1 14:43:01 BOT 2012: Busqueda Inteligente: resultados >104171
Wed Feb 1 14:43:22 BOT 2012: Ajax-> Mostrar Megusta> tono:104787 
Wed Feb 1 14:44:16 BOT 2012: Ajax-> Mostrar Megusta> tono:104024 
Wed Feb 1 14:44:31 BOT 2012: Mostrar Megusta> tono: 572 msisdn:78513152 > a otros 1  les gusta 
Wed Feb 1 14:46:19 BOT 2012: ASYNC -> STATS> Tiempo respuesta -0.214105 seg.
Wed Feb 1 14:47:04 BOT 2012: Ajax-> Mostrar Megusta> tono:102789 
Wed Feb 1 14:47:10 BOT 2012: Ajax->Mostrar Reproducciones:  
Wed Feb 1 14:49:14 BOT 2012: Ajax->Mostrar Imagen Portada:  
Wed Feb 1 14:50:08 BOT 2012: ASYNC -> STATS> Tiempo respuesta 0.003185 seg.
Wed Feb 1 14:50:35 BOT 2012: Ajax->Mostrar Comentarios:  
Wed Feb 1 14:50:56 BOT 2012: Busqueda Inteligente: 
Wed Feb 1 14:52:26 BOT 2012: Ajax->Mostrar Reproducciones:  
Wed Feb 1 14:55:35 BOT 2012: ASYNC -> STATS> Tiempo respuesta 0.339178 seg.
Wed Feb 1 14:55:35 BOT 2012: Ajax-> Mostrar Ranking > tono:131042 
Wed Feb 1 14:55:35 BOT 2012: ASYNC -> STATS> Tiempo respuesta 0.475586 seg.
Wed Feb 1 14:55:35 BOT 2012: Ajax->Mostrar Ranking:  
Wed Feb 1 14:55:35 BOT 2012: ASYNC -> STATS> Tiempo respuesta 0.484028 seg.
Wed Feb 1 14:55:53 BOT 2012: Busqueda Inteligente: resultados >267
Wed Feb 1 14:56:09 BOT 2012: Ajax->Mostrar Comentarios:  
Wed Feb 1 14:57:03 BOT 2012: ASYNC -> STATS> Tiempo respuesta -0.607858 seg.
Wed Feb 1 14:57:06 BOT 2012: ASYNC -> STATS> Tiempo respuesta 0.02638 seg.
Wed Feb 1 14:57:15 BOT 2012: Ajax-> Mostrar Megusta> tono:131038 
Wed Feb 1 14:59:33 BOT 2012: Ajax-> Mostrar Ranking > tono:120252 
Wed Feb 1 14:59:33 BOT 2012: Ajax-> Mostrar Ranking > tono:104670 
Wed Feb 1 14:59:33 BOT 2012: Check Session > msisdn: 76006732 > Usuario Valido 
Wed Feb 1 15:00:09 BOT 2012: Ajax-> Mostrar  Imagen Portada> tono:105382 
Wed Feb 1 15:01:18 BOT 2012: Busqueda Inteligente: Jesus Adrian Romero
Wed Feb 1 15:01:21 BOT 2012: Ajax->Mostrar Comentarios:  
Wed Feb 1 15:02:00 BOT 2012: Ajax->Mostrar Nombre Genero:  
Wed Feb 1 15:02:33 BOT 2012: Ajax-> Mostrar  Imagen Portada> tono:103458 
Wed Feb 1 15:03:18 BOT 2012: Ajax-> Mostrar  Nombre Artista > tono:53 
Wed Feb 1 15:04:49 BOT 2012: Ajax-> Mostrar  Nombre Artista > tono:126098 
Wed Feb 1 15:07:28 BOT 2012: Ajax-> Mostrar Ranking > tono:118180 
Wed Feb 1 15:11:40 BOT 2012: Ajax->Mostrar Reproducciones:  
Wed Feb 1 15:12:23 BOT 2012: Ajax->Mostrar Nombre Genero:  
Wed Feb 1 15:13:41 BOT 2012: Consulta de precio de reason:5 - msisdn: tono:131812 Async responde:350
 
Wed Feb 1 15:14:35 BOT 2012: Mostrar Album: >albumes/selena-gomez when.jpg
Wed Feb 1 15:14:56 BOT 2012: Ajax->Mostrar Nombre Artista:  
Wed Feb 1 15:15:44 BOT 2012: Ajax->Mostrar Ranking:  
Wed Feb 1 15:17:33 BOT 2012: Busqueda Inteligente: Resultado 
 105281;A Contraluz;Paulina Rubio;Latinas
105242;Algo de ti;Paulina Rubio;Latinas
105243;Amaneci sin ti;Paulina Rubio;Latinas
102757;Ayudame;Paulina Rubio;Pop
104491;Causa y efecto;Paulina Rubio;Latinas
102758;Dame otro tequila;Paulina Rubio;Pop
102759;dedicacion;Paulina Rubio;Pop
593;Dont say goodbye;Paulina Rubio;Pop
105244;Enseñame;Paulina Rubio;Latinas
102760;I was made for lovin you;Paulina Rubio;Pop
105245;La Danza del Escorpion;Paulina Rubio;Latinas
102761;Lo que pensamos;Paulina Rubio;Pop
105246;Mas que amigo;Paulina Rubio;Latinas
137268;Me Gustas Tanto;Paulina Rubio;Latinas
105241;Melodi de tu alma;Paulina Rubio;Latinas
102762;Mienteme Una Vez Mas;Paulina Rubio;Pop
104675;Nada puede cambiarm;Paulina Rubio;Latinas
102763;Nada Puede Cambiarme;Paulina Rubio;Pop
105247;Ni rosas ni juguetes;Paulina Rubio;Latinas
125;Ni una sola palabra;Paulina Rubio;Pop
102765;NO;Paulina Rubio;Pop
102764;No Te Cambio;Paulina Rubio;Pop
102766;Te Quiese Tanto;Paulina Rubio;Pop
102905;Te Quiese Tanto2;Paulina Rubio;Pop
594;Te quise tanto;Paulina Rubio;Pop
595;tu amgo ya te responde;Paulina Rubio;Pop
105282; Escaleras De Arena;Paulina Rubio;Latinas
109675;paulina;Homero;Mi Promo ConTigo
106368;Paulina reg;Nombre Reggaeton;TU NOMBRE
 
Wed Feb 1 15:17:51 BOT 2012: Ajax-> Mostrar  Imagen Portada> tono:124971 
Wed Feb 1 15:18:11 BOT 2012: Ajax->Mostrar Nombre Artista:  
Wed Feb 1 15:18:23 BOT 2012: WEB_REPRODUCIR_BUSQUEDA > Se recibieron:56 tonos
Wed Feb 1 15:18:50 BOT 2012: Busqueda Inteligente: resultados >105036
Wed Feb 1 15:21:18 BOT 2012: Asignar backtone escuchado > Asi termino:118741,118748,139844,139956,118734,139958,118752,118744,118728,118745,118727,118725,131747,131824,131751,132078,
Wed Feb 1 15:21:39 BOT 2012: Ajax->Mostrar Reproducciones:  
Wed Feb 1 15:23:12 BOT 2012: Ajax->Mostrar Comentarios:  
Wed Feb 1 15:23:24 BOT 2012: ASYNC -> STATS> Tiempo respuesta -0.282431 seg.
Wed Feb 1 15:24:18 BOT 2012: Ajax-> Mostrar  Nombre Artista > tono:104026 
Wed Feb 1 15:24:39 BOT 2012: Ajax->Mostrar Nombre Genero:  
Wed Feb 1 15:25:48 BOT 2012: Asignar backtone escuchado > Asi termino:104606,104605,130999,102617,
Wed Feb 1 15:26:43 BOT 2012: Ajax->Mostrar Ranking:  
Wed Feb 1 15:26:43 BOT 2012: STATS > BUSQUEDA DE BACKTONE >Tiempo: 0.028623 seg. | registros: 25
Wed Feb 1 15:27:49 BOT 2012: Ajax-> Mostrar Ranking > tono:144570 
Wed Feb 1 16:36:07 BOT 2012: Ajax-> Mostrar Megusta> tono:289 
Wed Feb 1 16:38:31 BOT 2012: Ajax->Mostrar Reproducciones:  
Wed Feb 1 16:39:22 BOT 2012: Ajax->Mostrar Ranking:  
Wed Feb 1 16:41:41 BOT 2012: Busqueda Inteligente: resultados >127855
Wed Feb 1 16:42:59 BOT 2012: Ajax->Asignar modalidad backtone: msisdn:77477261   
Wed Feb 1 16:43:32 BOT 2012: Ajax->Mostrar Reproducciones:  
Wed Feb 1 16:44:11 BOT 2012: ASYNC -> STATS> Tiempo respuesta 0.006392 seg.
Wed Feb 1 16:45:32 BOT 2012: Ajax-> Mostrar Megusta> tono:135057 
Wed Feb 1 16:45:32 BOT 2012: Ajax->Mostrar Reproducciones:  
Wed Feb 1 16:45:59 BOT 2012: DB_ELIMINAR_BACKTONES > Msisdn:77243643 tono :109968 -> quitando tonos asignados a 1 amigos
Wed Feb 1 16:48:57 BOT 2012: Ajax->Mostrar Megusta:  
Wed Feb 1 16:50:03 BOT 2012: Ajax->Mostrar Ranking:  
Wed Feb 1 16:50:21 BOT 2012: Ajax-> Mostrar Ranking > tono:105282 
Wed Feb 1 16:50:30 BOT 2012: ASYNC -> STATS> Tiempo respuesta 0.005057 seg.
Wed Feb 1 16:51:48 BOT 2012: Ajax->Mostrar Ranking:  
Wed Feb 1 16:52:06 BOT 2012: Mostrar Megusta> tono: 102957 msisdn:77937347 > 001
Wed Feb 1 16:52:12 BOT 2012: Ajax->Mostrar Imagen Portada:  
Wed Feb 1 16:53:30 BOT 2012: Ajax->Mostrar Nombre Genero:  
Wed Feb 1 19:04:47 BOT 2012: ASYNC -> STATS> Tiempo respuesta 0.002305 seg.
Wed Feb 1 19:04:50 BOT 2012: Ajax->Mostrar Reproducciones:  
Wed Feb 1 19:04:53 BOT 2012: Ajax-> Mostrar  Nombre Genero > tono:103700 
Wed Feb 1 19:05:47 BOT 2012: Ajax->Mostrar Megusta:  
Wed Feb 1 19:08:35 BOT 2012: Ajax-> Mostrar Ranking > tono:133736 
Wed Feb 1 19:09:23 BOT 2012: ASYNC -> STATS> Tiempo respuesta 0.846789 seg.
Wed Feb 1 19:09:26 BOT 2012: Ajax->Mostrar Ranking:  
Wed Feb 1 19:09:35 BOT 2012: ASYNC -> STATS> Tiempo respuesta 0.013225 seg.
Wed Feb 1 19:09:41 BOT 2012: Asignar backtone escuchado > Asi termino:104031,105420,103507,103790,102630,102621,102610,103261,104300,104967,104676,105036,105096,
Wed Feb 1 19:09:44 BOT 2012: Ajax->Mostrar Ranking:  
Wed Feb 1 19:09:44 BOT 2012: Ajax->Mostrar Ranking:  
Wed Feb 1 19:10:27 BOT 2012: ASYNC -> STATS> Tiempo respuesta -0.794498 seg.
Wed Feb 1 19:10:27 BOT 2012: Session Start>  session por defecto 
Wed Feb 1 19:10:42 BOT 2012: ASYNC -> STATS> Tiempo respuesta 0.004956 seg.
Wed Feb 1 19:10:48 BOT 2012: ASYNC -> STATS> Tiempo respuesta 0.005404 seg.
Wed Feb 1 19:11:15 BOT 2012: Ajax->Mostrar Ranking:  
Wed Feb 1 19:11:33 BOT 2012: Ajax->Mostrar Imagen Portada:  
Wed Feb 1 19:12:03 BOT 2012: Ajax->Mostrar Megusta:  
Wed Feb 1 19:12:03 BOT 2012: Ajax->Mostrar Reproducciones:  
Wed Feb 1 19:12:42 BOT 2012: Ajax-> Mostrar  Genero > G&eacute;nero:  <a href='index.php?seccion=playlist&genero=132'>Pop</a>
Wed Feb 1 19:13:03 BOT 2012: Ajax-> Mostrar  Nombre Artista > tono:142929 
Wed Feb 1 19:15:00 BOT 2012: Ajax-> Mostrar  Nombre Genero > tono:126505 
Wed Feb 1 19:15:24 BOT 2012: Session Start>  session por defecto 
Wed Feb 1 19:15:30 BOT 2012: Ajax-> Mostrar Megusta> tono:126991 
Wed Feb 1 19:16:06 BOT 2012: Asignar backtone escuchado > Asi termino:103342,104393,240,
Wed Feb 1 19:16:33 BOT 2012: Ajax->Mostrar Imagen Portada:  
Wed Feb 1 19:19:22 BOT 2012: Ajax->Mostrar Reproducciones:  
Wed Feb 1 19:21:28 BOT 2012: Mostrar Album: >albumes/album-default.jpg
Wed Feb 1 19:22:19 BOT 2012: Ajax-> Mostrar Ranking > tono:103041 
Wed Feb 1 19:25:02 BOT 2012: ASYNC -> STATS> Tiempo respuesta 0.007119 seg.
Wed Feb 1 19:25:14 BOT 2012: Consulta de precio de reason:2 - msisdn:76849165 tono:107573 Async responde:350
 
Wed Feb 1 19:26:05 BOT 2012: Ajax->Mostrar Comentarios:  
Wed Feb 1 19:26:38 BOT 2012: Ajax->Mostrar Nombre Genero:  
Wed Feb 1 19:29:27 BOT 2012: Ajax->Mostrar Nombre Genero:  
Wed Feb 1 19:32:06 BOT 2012: Consulta de precio de reason:2 - msisdn: tono:129936 Async responde:350
 
Wed Feb 1 19:32:06 BOT 2012: ASYNC -> STATS> Tiempo respuesta 0.193268 seg.
Wed Feb 1 19:32:06 BOT 2012: Ajax->Mostrar Reproducciones:  
Wed Feb 1 19:33:36 BOT 2012: Ajax->Mostrar Ranking:  
Wed Feb 1 19:35:30 BOT 2012: Ajax->Mostrar Megusta:  
Wed Feb 1 19:35:57 BOT 2012: Ajax-> Mostrar Comentarios> tono:104250 
Wed Feb 1 19:36:42 BOT 2012: Ajax->Mostrar Imagen Portada:  
Wed Feb 1 19:37:01 BOT 2012: STATS > BUSQUEDA DE BACKTONE >Tiempo: -0.971179 seg. | registros: 30
Wed Feb 1 19:37:55 BOT 2012: Asignar backtone escuchado > Asi termino:102773,102883,128608,133856,103941,128602,103688,105005,105004,105003,105002,105001,105000,104998,104999,110221,103686,132096,103713,104465,
Wed Feb 1 19:39:20 BOT 2012: ASYNC -> STATS> Tiempo respuesta 0.005302 seg.
Wed Feb 1 19:39:20 BOT 2012: Ajax->Mostrar Ranking:  
Wed Feb 1 19:39:26 BOT 2012: Ajax->Mostrar Megusta:  
Wed Feb 1 19:39:29 BOT 2012: ASYNC -> STATS> Tiempo respuesta 0.030506 seg.
Wed Feb 1 19:39:35 BOT 2012: Asignar backtone escuchado > Asi termino:102774,104212,102881,104255,102884,102773,102883,128608,133856,103941,128602,103688,105005,105004,105003,105002,105001,105000,104998,104999,
Wed Feb 1 19:39:35 BOT 2012: Ajax-> Mostrar Ranking > tono:141880 
Wed Feb 1 19:40:44 BOT 2012: Ajax-> Mostrar  Imagen Portada> tono:103541 
Wed Feb 1 19:41:17 BOT 2012: Consulta de precio de reason:2 - msisdn: tono:142230 Async responde:350
 
Wed Feb 1 19:41:22 BOT 2012: ASYNC -> STATS> Tiempo respuesta -0.284387 seg.
Wed Feb 1 19:42:34 BOT 2012: ASYNC -> STATS> Tiempo respuesta 0.0060640000000001 seg.
Wed Feb 1 19:42:37 BOT 2012: Ajax->Mostrar Megusta:  
Wed Feb 1 19:42:37 BOT 2012: Ajax->Mostrar Nombre Genero:  
Wed Feb 1 19:42:52 BOT 2012: Mostrar Cantidad reproducciones: tono:123218 cantidad: 0
Wed Feb 1 19:43:34 BOT 2012: Ajax-> Mostrar Ranking > tono:104214 
Wed Feb 1 19:43:55 BOT 2012: Ajax->Mostrar Reproducciones:  
Wed Feb 1 19:45:38 BOT 2012: Ajax-> Mostrar Megusta> tono:102788 
Wed Feb 1 19:46:14 BOT 2012: Busqueda Inteligente: Resultado 
 130816;Como te voy a olvidar;Los Angeles Azules Opratel;Mi Promo ConTigo
130815;El liston de tu pelo;Los Angeles Azules Opratel;Mi Promo ConTigo
130819;Mi nina mujer;Los Angeles Azules Opratel;Mi Promo ConTigo
102686;Que bien te ves;Los angeles azules;Latinas
102687;Tu jueguete;Los angeles azules;Latinas
130817;Un suenio;Los Angeles Azules Opratel;Mi Promo ConTigo
103762;E ACORDARAS DE MI;Los angeles de charlie;Latinas
103472;2te hice mal;Los Temerarios;Latinas
103473;2te quiero;Los Temerarios;Latinas
102639;A Besitos;Los Diablitos;Latinas
103062;a pesar;Los Cafres;Pop
103816;Abre los cielos;Grupo Renacer;Cristianas
104554;Abre los cielos_;Jesus A Romero;Cristianas
104926;Agente 86 y los enanos;Version Opratel;Sonidos
107573;Ahora pienso en Ti;Los Temerarios;Latinas
102953;ahora pienso mas en ti;Los Temerarios;Latinas
131616;Al Final;Los Kjarkas;Folklore
103597;AlMayorDeLos;Vicente Fernandez;Rancheras
102817;amanecio;Los Internacionales;Latinas
102804;Amigo Bronco;Los Brons;Latinas
102811;Amigos con derecho;Los Brons;Latinas
102818;amor anejo;Los Internacionales;Latinas
104612;Amor De Los Dos En Vivo;Vicente Fernandez;Rancheras
102537;Amores como el nuestro;los Charros;Cumbia
104431;Ando Bien Arreglado;los tucanes;Rancheras
131625;Ave de cristal;Los Kjarkas;Folklore
107571;Ay amigo;Los Temerarios;Latinas
125514;Baile de los Pobres;Calle13;Reggaeton
104376;Basta para mi;los tipitos;Latinas
102812;Besos Frios;Los Internacionales;Latinas
104629;Blooming 1 a Nac Potosi 0;Carlos Castilla;Blooming
104628;Blooming 2 a Nac Potosi 0 CA 2009 F12;Carlos Castilla;Blooming
102718;Blooming1 contra Olimpia;Luis Carlos;Blooming
131627;Bolivia;Los Kjarkas;Folklore
214;Bombon asesino;Los palmeras;Latinas
109261;borrachos2;Los Mismos;Promoción Te Matamos de Risa
102663;Botella envenenada;Los Temerarios;Latinas
109394;carlos;Homero;Mi Promo ConTigo
109395;carlos1;Homero;Mi Promo ConTigo
103967;Carnaval toda la vida;Los fabulosos cadillacs;Latinas
104663;celos;Fanny Lu;Latinas
120248;Celos chiste;Chaplin Show;Chistes
143739;Celoso;Go Media;Chistes
142223;Chicos Malos;Go Media;Chistes
238;Chupachichi;Los petes;Cumbia
109240;como diablos;Pipe Bueno;Vallenatos
102954;como te recuerdo;Los Temerarios;Latinas
102955;como tu;Los Temerarios;Latinas
102662;confesion;Los Temerarios;Latinas
102664;Conocerte;Los Temerarios;Latinas
105423;Contrabando De Amor;Los fabulosos cadillacs;Latinas
126994;Contrabando y Traicion;Los Tigres del Norte;Rancheras
102805;Corazon Bandido;Los Brons;Latinas
103064;D aqui;Los tocayos;Latinas
132452;Dale entrega la flor Feat Los Gedes;Damas gratis;Cumbia
127001;De Paisano a Paisano;Los Tigres del Norte;Rancheras
103965;Demasiada Presion;Los fabulosos cadillacs;Latinas
104441;Angeles;Merche;Latinas
103082;Angeles caidos;Ataque77;Latinas
102813;Desnudos;Los Internacionales;Latinas
272;Destroyers;Los cambitas;FANATIGO
103191;deudas;los Bunkers;Latinas
144802;Diablos locos;Tigo;Carnaval de Oruro
126681;Directo al Corazon;Los Tigres del Norte;Rancheras
103988;DISCO GAY;Los Sultanes;Latinas
104432;El Aguila Blanca;los tucanes;Rancheras
131646;El arbol de mi destino;Los Kjarkas;Folklore
132464;El Cartel de los Sapos Opratel;El Cartel de los Sapos Opratel;Rancheras
126167;El Dia De Los Muertos feat Jorge y Otro;A.B. Quintanilla;Cumbia
103211;el gato y el raton;los simpsons;Sonidos
103121;El genio;Los fabulosos cadillacs;Latinas
126683;El golpe traidor;Los Tigres del Norte;Rancheras
104430;El Hijo Del Pueblo;Los Tigres del Norte;Rancheras
131618;El hombre equivocado;Los Kjarkas;Folklore
124960;El mejor de todos los tiempos;Daddy Yankee;Reggaeton
102969;EL MZ ;los tucanes;Rancheras
109262;el paco y la vieja2;Los Mismos;Promoción Te Matamos de Risa
102529;El Pricionero;LEO MATTIOLI y LOS PIBES CHORROS;Cumbia
103122;el satanico;Los fabulosos cadillacs;Latinas
102806;El sheriff de Chocolate;Los Brons;Latinas
104434;El tucanazo;los tucanes;Rancheras
104435;El virus del amor live;los tucanes;Rancheras
102847;Elena No;Los Enanos;Latinas
103267;ElLeonTumbao;Los fabulosos cadillacs;Latinas
103979;EN LOS BRAZOS DE EL;Banda XXI;Salsa y Merengue
102956;enamorado de ti;Los Temerarios;Latinas
105777;Entre la tierra y el cielo;Los Nocheros;Los Nocheros
130988;Entre Los Dos;Tony Dize;Reggaeton
110228;eres mi vida.;Los tocayos;Pop
102957;eres un sueno;Los Temerarios;Latinas
142128;Es El Pasit 
Wed Feb 1 19:46:35 BOT 2012: Ajax-> Mostrar Megusta> tono:105366 
Wed Feb 1 19:47:08 BOT 2012: Ajax-> Mostrar Megusta> tono:106005 
Wed Feb 1 19:47:20 BOT 2012: Mostrar Ranking: tono:122538 calificacion: 
Wed Feb 1 19:47:53 BOT 2012: Ajax-> Mostrar Ranking > tono:122539 
Wed Feb 1 19:48:02 BOT 2012: Asignar backtone escuchado > Asi termino:131747,131824,132078,130802,139727,130814,
Wed Feb 1 19:48:38 BOT 2012: Busqueda Inteligente: lloras de plan b 
Wed Feb 1 19:49:08 BOT 2012: Ajax->Mostrar Megusta:  
Wed Feb 1 19:51:00 BOT 2012: Ajax->Mostrar Reproducciones:  
Wed Feb 1 19:51:51 BOT 2012: Busqueda Inteligente: resultados >104862
Wed Feb 1 19:51:57 BOT 2012: Ajax-> Mostrar Ranking > tono:126141 
Wed Feb 1 19:57:13 BOT 2012: ASYNC -> STATS> Tiempo respuesta 0.005155 seg.
Wed Feb 1 19:57:31 BOT 2012: Busqueda Inteligente: 
Wed Feb 1 19:57:40 BOT 2012: Ajax-> Mostrar Ranking > tono:105075 
Wed Feb 1 19:58:22 BOT 2012: Ajax->Mostrar Nombre Artista:  
Wed Feb 1 19:58:37 BOT 2012: ASYNC -> STATS> Tiempo respuesta 0.022924 seg.
Wed Feb 1 19:59:22 BOT 2012: Check Session > msisdn: 75529334 > Usuario Valido 
Wed Feb 1 19:59:22 BOT 2012: ASYNC -> STATS> Tiempo respuesta -0.341798 seg.
Wed Feb 1 20:00:34 BOT 2012: Consulta de precio de reason:10 - msisdn: tono:129268 Async responde:350
 
Wed Feb 1 20:00:37 BOT 2012: ASYNC -> STATS> Tiempo respuesta -0.0010829999999999 seg.
Wed Feb 1 20:00:40 BOT 2012: Ajax->Mostrar Ranking:  
Wed Feb 1 20:00:43 BOT 2012: ASYNC -> STATS> Tiempo respuesta -0.041486 seg.
Wed Feb 1 20:00:43 BOT 2012: ASYNC -> STATS> Tiempo respuesta 8.0999999999998E-05 seg.
Wed Feb 1 20:01:10 BOT 2012: Ajax->Mostrar Megusta:  
Wed Feb 1 20:01:43 BOT 2012: Ajax->Mostrar Imagen Portada:  
Wed Feb 1 20:04:23 BOT 2012: Mostrar Megusta> tono: 104393 msisdn: > a otros 2  les gusta 
Wed Feb 1 20:04:50 BOT 2012: WEB_REPRODUCIR_BUSQUEDA > Se recibieron:31 tonos
Wed Feb 1 20:05:14 BOT 2012: Ajax->Mostrar Reproducciones:  
Wed Feb 1 20:07:59 BOT 2012: Consulta de precio de reason:3 - msisdn: tono:108582 Async responde:350
 
Wed Feb 1 20:08:38 BOT 2012: Session Start>  session por defecto 
Wed Feb 1 20:09:20 BOT 2012: Ajax->Mostrar Imagen Portada:  
Wed Feb 1 20:09:20 BOT 2012: Session Start>  session por defecto 
Wed Feb 1 20:09:50 BOT 2012: Busqueda Inteligente: 
Wed Feb 1 20:10:20 BOT 2012: Ajax-> Mostrar Ranking > tono:102622 
Wed Feb 1 20:11:54 BOT 2012: Ajax-> Login Usuario msisdn: 97591006  pin:dios > Validar msisdn
Wed Feb 1 20:12:03 BOT 2012: Ajax-> Compra de backtone msisdn: 78107796  tono:104279
Wed Feb 1 20:15:06 BOT 2012: Ajax-> Mostrar Megusta> tono:123515 
Wed Feb 1 20:15:33 BOT 2012: ASYNC -> STATS> Tiempo respuesta 0.015332 seg.
Wed Feb 1 20:15:42 BOT 2012: Ajax->Mostrar Megusta:  
Wed Feb 1 20:16:51 BOT 2012: Ajax->Mostrar Comentarios:  
Wed Feb 1 20:20:49 BOT 2012: Ajax->Mostrar Comentarios:  
Wed Feb 1 20:20:52 BOT 2012: Ajax->Mostrar Ranking:  
Wed Feb 1 20:20:52 BOT 2012: Asignar backtone escuchado > Asi termino:104024,103086,163,103991,103466,103469,103790,102630,133736,130806,130804,135057,131001,130999,
Wed Feb 1 20:21:01 BOT 2012: Consulta de precio de reason:5 - msisdn: tono:138311 Async responde:350
 
Wed Feb 1 20:21:01 BOT 2012: ASYNC -> STATS> Tiempo respuesta -0.20825 seg.
Wed Feb 1 20:21:01 BOT 2012: Ajax->Mostrar Megusta:  
Wed Feb 1 20:21:13 BOT 2012: Error al consultar precio de renovacion - msisdn: tono:102727 - Async responde -3
Wed Feb 1 20:21:37 BOT 2012: ASYNC -> STATS> Tiempo respuesta -0.113399 seg.
Wed Feb 1 20:24:07 BOT 2012: Ajax-> Mostrar  Imagen Portada> Album:Artista:  <a href='index.php?seccion=playlist&autor=539'>Chapa C</a>
Wed Feb 1 20:24:22 BOT 2012: Session Start>  Chequeo de sesion
Wed Feb 1 20:25:46 BOT 2012: Ajax-> Mostrar  Nombre Artista > tono:103142 
Wed Feb 1 20:26:50 BOT 2012: Ajax->Mostrar Reproducciones:  
Wed Feb 1 20:26:56 BOT 2012: Ajax->Mostrar Reproducciones:  
Wed Feb 1 20:26:56 BOT 2012: Ajax->Mostrar Ranking:  
Wed Feb 1 20:27:08 BOT 2012: ASYNC -> STATS> Tiempo respuesta -0.632086 seg.
Wed Feb 1 20:28:44 BOT 2012: Ajax->Mostrar Ranking:  
Wed Feb 1 20:28:50 BOT 2012: Asignar backtone escuchado > Asi termino:104084,127461,102727,113052,127771,127459,436,105290,127438,127429,102723,103435,105388,103451,103430,103939,102630,
Wed Feb 1 20:29:23 BOT 2012: Ajax->Mostrar Reproducciones:  
Wed Feb 1 20:29:32 BOT 2012: Ajax->Mostrar Ranking:  
Wed Feb 1 20:31:32 BOT 2012: Ajax-> Mostrar  Nombre Artista > tono:104307 
Wed Feb 1 20:32:26 BOT 2012: Ajax->Mostrar Ranking:  
Wed Feb 1 20:33:05 BOT 2012: ASYNC -> STATS> Tiempo respuesta 0.355117 seg.
Wed Feb 1 20:33:14 BOT 2012: ASYNC -> STATS> Tiempo respuesta 0.006094 seg.
Wed Feb 1 20:33:53 BOT 2012: Ajax-> Login Usuario msisdn: 77208211  pin:6682 > Validar msisdn
Wed Feb 1 20:34:24 BOT 2012: Ajax->Mostrar Imagen Portada:  
Wed Feb 1 20:34:24 BOT 2012: Ajax->Mostrar Imagen Portada:  
Wed Feb 1 20:34:36 BOT 2012: Busqueda Inteligente: resultados >107582
Wed Feb 1 20:36:18 BOT 2012: Ajax-> Mostrar Megusta> tono:103045 
Wed Feb 1 20:37:06 BOT 2012: Ajax->Mostrar Nombre Artista:  
Wed Feb 1 20:38:12 BOT 2012: Ajax-> Mostrar Ranking > tono:104398 
Wed Feb 1 20:39:36 BOT 2012: Asignar backtone escuchado > Asi termino:103580,126677,103476,103475,509,105500,104465,103712,142527,104991,104393,240,139339,126172,103738,126175,455,18,126154,454,
Wed Feb 1 20:40:12 BOT 2012: Asignar backtone escuchado > Asi termino:104271,103169,103729,103311,103050,103047,533,103045,426,425,424,423,139337,105750,104820,105415,103521,134178,104905,102537,
Wed Feb 1 20:40:21 BOT 2012: ASYNC -> STATS> Tiempo respuesta -0.047591 seg.
Wed Feb 1 20:40:33 BOT 2012: Ajax-> Mostrar Megusta> tono:131708 
Wed Feb 1 20:41:22 BOT 2012: MTD_DB_BUSCAR_ARTISTAS > retornando registros:38
Wed Feb 1 20:42:22 BOT 2012: Ajax-> Mostrar Comentarios> tono:103817 
Wed Feb 1 20:43:07 BOT 2012: Ajax-> Mostrar  Nombre Artista > tono:103227 
Wed Feb 1 20:44:49 BOT 2012: Check Session > msisdn: 76129789 > Usuario Valido 
Wed Feb 1 20:45:19 BOT 2012: ASYNC -> STATS> Tiempo respuesta 0.0050209999999999 seg.
Wed Feb 1 20:45:37 BOT 2012: Mostrar Genero: >G&eacute;nero:  <a href='index.php?seccion=playlist&genero=96'>Bachata y Vallenato</a>
Wed Feb 1 20:45:37 BOT 2012: Ajax-> Mostrar Ranking > tono:104991 
Wed Feb 1 20:45:46 BOT 2012: Error al consultar precio de renovacion - msisdn: tono:104991 - Async responde -3
Wed Feb 1 20:45:46 BOT 2012: Consulta de precio de reason:3 - msisdn: tono:145059 Async responde:350
 
Wed Feb 1 20:45:46 BOT 2012: ASYNC -> STATS> Tiempo respuesta 0.026125 seg.
Wed Feb 1 20:45:46 BOT 2012: Ajax->Mostrar Reproducciones:  
Wed Feb 1 20:45:49 BOT 2012: Consulta de precio de reason:2 - msisdn: tono:102910 Async responde:350
 
Wed Feb 1 21:18:17 BOT 2012: Ajax-> Mostrar Comentarios> tono:103433 
Wed Feb 1 21:18:23 BOT 2012: ASYNC -> STATS> Tiempo respuesta 0.871569 seg.
Wed Feb 1 21:18:23 BOT 2012: Asignar backtone escuchado > Asi termino:133441,141113,140845,141114,144570,140843,141116,144568,140842,131808,143764,140840,143748,143742,143737,131805,137879,143078,120258,133447,
Wed Feb 1 21:19:45 BOT 2012: Ajax->Mostrar Megusta:  
Wed Feb 1 21:20:24 BOT 2012: Ajax-> Mostrar  Nombre Artista > tono:127769 
Wed Feb 1 21:21:06 BOT 2012: Ajax->Mostrar Comentarios:  
Wed Feb 1 21:23:36 BOT 2012: Ajax->Mostrar Nombre Genero:  
Wed Feb 1 21:25:06 BOT 2012: Ajax->Mostrar Nombre Artista:  
Wed Feb 1 21:25:21 BOT 2012: Ajax->Mostrar Ranking:  
Wed Feb 1 21:26:34 BOT 2012: Ajax->Mostrar Imagen Portada:  
Wed Feb 1 21:27:16 BOT 2012: Asignar backtone escuchado > Asi termino:102630,131821,127752,127759,103014,104393,240,
Wed Feb 1 21:27:37 BOT 2012: Consulta de precio de reason:2 - msisdn: tono:103688 Async responde:350
 
Wed Feb 1 21:28:16 BOT 2012: STATS > BUSQUEDA DE BACKTONE >Tiempo: 0.037196 seg. | registros: 25
Wed Feb 1 21:31:10 BOT 2012: Ajax->Mostrar Megusta:  
Wed Feb 1 21:32:46 BOT 2012: Ajax-> Mostrar Megusta> tono:107749 
Wed Feb 1 21:34:38 BOT 2012: Ajax->Mostrar Comentarios:  
Wed Feb 1 21:35:02 BOT 2012: Ajax-> Mostrar  Imagen Portada> tono:144836 
Wed Feb 1 21:39:20 BOT 2012: Ajax->Mostrar Comentarios:  
Wed Feb 1 21:39:32 BOT 2012: Consulta de precio de reason:3 - msisdn:78480818 tono:137812 Async responde:350
 
Wed Feb 1 21:39:35 BOT 2012: Ajax->Mostrar Ranking:  
Wed Feb 1 21:39:44 BOT 2012: MTD_DB_BUSCAR_ARTISTAS > retornando registros:9
Wed Feb 1 21:39:59 BOT 2012: Ajax->Mostrar Reproducciones:  
Wed Feb 1 21:43:03 BOT 2012: Mostrar Genero: >G&eacute;nero:  <a href='index.php?seccion=playlist&genero=112'>Electronicas</a>
Wed Feb 1 21:44:12 BOT 2012: Ajax->Mostrar Reproducciones:  
Wed Feb 1 21:45:12 BOT 2012: Ajax->Eliminando backtone: msisdn:76231278   
Wed Feb 1 21:47:36 BOT 2012: Ajax->Mostrar Ranking:  
Wed Feb 1 21:48:49 BOT 2012: Ajax->Mostrar Nombre Artista:  
Wed Feb 1 21:48:55 BOT 2012: Ajax->Mostrar Nombre Genero:  
Wed Feb 1 21:50:01 BOT 2012: ASYNC -> STATS> Tiempo respuesta -0.124367 seg.
Wed Feb 1 21:50:04 BOT 2012: Ajax->Mostrar Nombre Artista:  
Wed Feb 1 21:57:53 BOT 2012: Ajax-> Mostrar Megusta> tono:113632 
Wed Feb 1 21:57:59 BOT 2012: Ajax->Mostrar Megusta:  
Wed Feb 1 21:59:05 BOT 2012: MTD_DB_BUSCAR_ARTISTAS > retornando registros:49
Wed Feb 1 22:03:06 BOT 2012: WEB_REPRODUCIR_BUSQUEDA > Se recibieron:94 tonos
Wed Feb 1 22:03:59 BOT 2012: Ajax-> Mostrar  Imagen Portada> tono:127759 
Wed Feb 1 22:09:45 BOT 2012: Ajax-> Mostrar Ranking > tono:130815 
Wed Feb 1 22:10:57 BOT 2012: Ajax->Mostrar Reproducciones:  
Wed Feb 1 22:13:10 BOT 2012: ASYNC -> STATS> Tiempo respuesta 0.009469 seg.
Wed Feb 1 22:13:34 BOT 2012: Ajax->Mostrar Nombre Artista:  
Wed Feb 1 22:14:25 BOT 2012: Session Start>  Chequeo de sesion
Wed Feb 1 22:15:55 BOT 2012: Ajax->Mostrar Nombre Artista:  
Wed Feb 1 22:16:13 BOT 2012: Ajax->Mostrar Nombre Artista:  
Wed Feb 1 22:16:37 BOT 2012: Ajax->Mostrar Ranking:  
Wed Feb 1 22:16:52 BOT 2012: ASYNC -> STATS> Tiempo respuesta 0.002262 seg.
Wed Feb 1 22:17:13 BOT 2012: Ajax-> Mostrar  Nombre Artista > tono:107747 
Wed Feb 1 22:21:08 BOT 2012: Ajax->Mostrar Nombre Genero:  
Wed Feb 1 22:21:20 BOT 2012: Ajax->Mostrar Ranking:  
Wed Feb 1 22:22:56 BOT 2012: ASYNC -> STATS> Tiempo respuesta 0.001398 seg.
Wed Feb 1 22:23:29 BOT 2012: Ajax->Actualizar pin usuario
Wed Feb 1 22:23:35 BOT 2012: Asignar backtone escuchado > Asi termino:142166,139723,137882,140821,145137,144574,144572,
Wed Feb 1 22:24:32 BOT 2012: Ajax-> Mostrar  Imagen Portada> tono:127258 
Wed Feb 1 22:27:42 BOT 2012: Ajax->Mostrar Ranking:  
Wed Feb 1 22:27:48 BOT 2012: Ajax->Mostrar Reproducciones:  
Wed Feb 1 22:29:12 BOT 2012: Busqueda Inteligente: La mosca
Wed Feb 1 22:29:36 BOT 2012: Ajax-> Mostrar Comentarios> tono:135063 
Wed Feb 1 22:29:57 BOT 2012: Ajax->Mostrar Comentarios:  
Wed Feb 1 22:31:12 BOT 2012: Ajax->Mostrar Reproducciones:  
Wed Feb 1 22:32:27 BOT 2012: Ajax-> Cerrar session: msisdn: 
Wed Feb 1 22:32:45 BOT 2012: Ajax->Mostrar Nombre Artista:  
Wed Feb 1 22:33:18 BOT 2012: ASYNC -> STATS> Tiempo respuesta 0.159083 seg.
Wed Feb 1 22:33:24 BOT 2012: Ajax-> Mostrar Ranking > tono:104203 
Wed Feb 1 22:34:55 BOT 2012: ASYNC -> STATS> Tiempo respuesta -0.102573 seg.
Wed Feb 1 22:38:46 BOT 2012: Asignar backtone escuchado > Asi termino:132098,128612,128237,88,592,105304,105305,104281,105845,105341,105985,133695,105342,103470,103265,103120,103264,103119,128668,128601,
Wed Feb 1 22:41:25 BOT 2012: Mostrar Megusta > tono: 136043 msisdn:77290387 > cantidad de registros: 0
Wed Feb 1 22:44:11 BOT 2012: Ajax-> Mostrar  Imagen Portada> tono:105765 
Wed Feb 1 22:45:44 BOT 2012: Ajax->Mostrar Reproducciones:  
Wed Feb 1 22:52:21 BOT 2012: Ajax->Mostrar Megusta:  
Wed Feb 1 22:54:00 BOT 2012: ASYNC -> STATS> Tiempo respuesta -0.317617 seg.
Wed Feb 1 22:54:03 BOT 2012: Ajax-> Mostrar Ranking > tono:140823 
Wed Feb 1 22:54:39 BOT 2012: Ajax-> Mostrar  Nombre Artista > tono:104814 
Wed Feb 1 22:56:06 BOT 2012: Consulta de precio de reason:5 - msisdn: tono:137970 Async responde:350
 
Wed Feb 1 22:58:16 BOT 2012: Ajax->Mostrar Reproducciones:  
Wed Feb 1 23:02:31 BOT 2012: Ajax->Mostrar Comentarios:  
Wed Feb 1 23:02:37 BOT 2012: Busqueda Inteligente: alejandro fernandez
Wed Feb 1 23:04:13 BOT 2012: Mostrar Album: >albumes/album-default.jpg
Wed Feb 1 23:05:35 BOT 2012: Session Start>  session por defecto 
Wed Feb 1 23:06:02 BOT 2012: Ajax->Mostrar Megusta:  
Wed Feb 1 23:09:02 BOT 2012: Ajax->Mostrar Ranking:  
Wed Feb 1 23:09:29 BOT 2012: Ajax->Mostrar Megusta:  
Wed Feb 1 23:09:56 BOT 2012: Consulta de precio de reason:2 - msisdn:77290387 tono:118725 Async responde:350
 
Wed Feb 1 23:09:56 BOT 2012: ASYNC -> STATS> Tiempo respuesta 0.522663 seg.
Wed Feb 1 23:10:35 BOT 2012: ASYNC -> STATS> Tiempo respuesta 0.007641 seg.
Wed Feb 1 23:13:51 BOT 2012: Busqueda Inteligente: Thalia
Wed Feb 1 23:14:06 BOT 2012: Ajax-> Mostrar  Nombre Artista > tono:102539 
Wed Feb 1 23:15:00 BOT 2012: Ajax-> Comprar Backtone: msisdn: 
Wed Feb 1 23:15:54 BOT 2012: Ajax->Mostrar Megusta:  
Wed Feb 1 23:16:24 BOT 2012: Ajax->Mostrar Nombre Artista:  
Wed Feb 1 23:16:24 BOT 2012: Ajax-> Mostrar Comentarios> tono:104172 
Wed Feb 1 23:18:34 BOT 2012: Ajax->Mostrar Reproducciones:  
Wed Feb 1 23:18:55 BOT 2012: Ajax->Mostrar Megusta:  
Wed Feb 1 23:20:46 BOT 2012: Ajax->Mostrar Nombre Genero:  
Wed Feb 1 23:21:13 BOT 2012: Ajax-> Mostrar  Nombre Artista > tono:135060 
Wed Feb 1 23:25:43 BOT 2012: ASYNC -> STATS> Tiempo respuesta 0.424137 seg.
Wed Feb 1 23:27:08 BOT 2012: ASYNC -> STATS> Tiempo respuesta -0.437811 seg.
Wed Feb 1 23:27:11 BOT 2012: ASYNC -> STATS> Tiempo respuesta -0.094086 seg.
Wed Feb 1 23:27:35 BOT 2012: Ajax->Mostrar Megusta:  
Wed Feb 1 23:29:29 BOT 2012: Ajax->Mostrar Ranking:  
Wed Feb 1 23:29:38 BOT 2012: Ajax-> Mostrar  Nombre Artista > tono:102700 
Wed Feb 1 23:29:56 BOT 2012: Asignar backtone escuchado > Asi termino:105861,365,109965,109964,109963,109968,103830,109966,102824,135286,135285,123718,509,109557,103072,103225,11,104036,104026,
Wed Feb 1 23:31:26 BOT 2012: Busqueda Inteligente: 
Wed Feb 1 23:32:02 BOT 2012: Ajax->Mostrar Reproducciones:  
Wed Feb 1 23:47:05 BOT 2012: Ajax-> Mostrar  Nombre Genero > tono:106380 
Wed Feb 1 23:47:44 BOT 2012: Ajax->Mostrar Imagen Portada:  
Wed Feb 1 23:48:29 BOT 2012: Ajax->Mostrar Nombre Artista:  
Wed Feb 1 23:48:35 BOT 2012: ASYNC -> STATS> Tiempo respuesta -0.432853 seg.
Wed Feb 1 23:50:35 BOT 2012: STATS > BUSQUEDA DE BACKTONE >Tiempo: 0.085543 seg. | registros: 114
Wed Feb 1 23:54:27 BOT 2012: Ajax-> Mostrar Megusta> tono:105771 
