Tue Aug 28 12:06:24 BOT 2012: Ajax-> Mostrar  Nombre Genero > tono:145320 
Tue Aug 28 12:07:30 BOT 2012: ASYNC -> STATS> Tiempo respuesta 0.0037379999999999 seg.
Tue Aug 28 12:12:22 BOT 2012: Busqueda Inteligente: resultados >145920
Tue Aug 28 12:12:24 BOT 2012: Ajax->Actualizar pin usuario
Tue Aug 28 12:13:21 BOT 2012: Busqueda Inteligente: resultados >104558
Tue Aug 28 12:16:07 BOT 2012: Ajax-> Mostrar  Nombre Genero > tono:141881 
Tue Aug 28 12:16:25 BOT 2012: Asignar backtone escuchado > Asi termino:470,129236,129892,102723,155090,103423,103448,105294,110100,469,105292,127433,104556,127472,104782,155120,103450,103818,105702,103431,
Tue Aug 28 12:17:31 BOT 2012: Ajax->Mostrar Comentarios:  
Tue Aug 28 12:18:43 BOT 2012: Ajax->Mostrar Comentarios:  
Tue Aug 28 12:20:17 BOT 2012: Ajax-> Mostrar Comentarios> tono:149592 
Tue Aug 28 12:23:51 BOT 2012: Mostrar Ranking: tono:145921 calificacion: 
Tue Aug 28 12:24:55 BOT 2012: Ajax->Mostrar Reproducciones:  
Tue Aug 28 12:25:49 BOT 2012: Ajax-> Mostrar Ranking > tono:135057 
Tue Aug 28 12:26:55 BOT 2012: Asignar backtone escuchado > Asi termino:103342,109240,104393,
Tue Aug 28 12:30:15 BOT 2012: Ajax->Mostrar Reproducciones:  
Tue Aug 28 12:30:36 BOT 2012: Ajax-> Mostrar Ranking > tono:128220 
Tue Aug 28 12:36:40 BOT 2012: Ajax-> Mostrar Ranking > tono:127769 
Tue Aug 28 12:43:39 BOT 2012: Ajax->Mostrar Ranking:  
Tue Aug 28 13:07:26 BOT 2012: Busqueda Inteligente: 
Tue Aug 28 13:07:47 BOT 2012: Ajax-> Mostrar Ranking > tono:104092 
Tue Aug 28 15:57:44 BOT 2012: Busqueda Inteligente: resultados >135112
Tue Aug 28 16:00:14 BOT 2012: Ajax-> Mostrar Ranking > tono:127892 
Tue Aug 28 16:01:45 BOT 2012: Ajax->Mostrar Reproducciones:  
Tue Aug 28 16:01:51 BOT 2012: Ajax->Mostrar Ranking:  
Tue Aug 28 16:05:43 BOT 2012: Ajax->Mostrar Comentarios:  
Tue Aug 28 16:11:06 BOT 2012: ASYNC -> STATS> Tiempo respuesta 0.002973 seg.
Tue Aug 28 16:22:05 BOT 2012: Ajax->Mostrar Reproducciones:  
Tue Aug 28 16:22:26 BOT 2012: Asignar backtone escuchado > Asi termino:137972,138306,
Tue Aug 28 16:29:10 BOT 2012: Ajax->Mostrar Nombre Artista:  
Tue Aug 28 16:31:44 BOT 2012: Ajax-> Mostrar Ranking > tono:127771 
Tue Aug 28 16:32:44 BOT 2012: Session Start>  session por defecto 
Tue Aug 28 18:00:17 BOT 2012: Ajax->Mostrar Nombre Genero:  
Tue Aug 28 18:01:56 BOT 2012: Ajax->Mostrar Ranking:  
Tue Aug 28 18:06:21 BOT 2012: Busqueda Inteligente: resultados >104323
Tue Aug 28 18:06:30 BOT 2012: Ajax->Mostrar Ranking:  
Tue Aug 28 18:06:49 BOT 2012: Ajax-> Mostrar Megusta> tono:135110 
Tue Aug 28 18:11:05 BOT 2012: Ajax-> Mostrar Megusta> tono:112468 
Tue Aug 28 18:16:10 BOT 2012: WEB_REPRODUCIR_BUSQUEDA > Se recibieron:15 tonos
Tue Aug 28 18:17:31 BOT 2012: Ajax-> Mostrar Comentarios> tono:154226 
Tue Aug 28 18:19:26 BOT 2012: Ajax->Mostrar Megusta:  
Tue Aug 28 18:20:05 BOT 2012: Mostrar Cantidad reproducciones: tono:104171 cantidad: 0
Tue Aug 28 19:02:54 BOT 2012: Consulta de precio de reason:2 - msisdn: tono:103740 Async responde:350
 
Tue Aug 28 19:03:51 BOT 2012: Ajax->Mostrar Reproducciones:  
Tue Aug 28 19:04:15 BOT 2012: Ajax->Mostrar Megusta:  
Tue Aug 28 19:08:40 BOT 2012: Ajax-> Mostrar Ranking > tono:103343 
Tue Aug 28 19:09:04 BOT 2012: Mostrar Album: >albumes/album-default.jpg
Tue Aug 28 19:10:05 BOT 2012: Ajax-> Mostrar Ranking > tono:155380 
Tue Aug 28 19:10:08 BOT 2012: ASYNC -> STATS> Tiempo respuesta -0.108509 seg.
Tue Aug 28 19:10:11 BOT 2012: Ajax-> Mostrar Ranking > tono:155380 
Tue Aug 28 19:12:24 BOT 2012: Mostrar Ranking: tono:152224 calificacion: 
Tue Aug 28 19:13:27 BOT 2012: Ajax-> Mostrar Ranking > tono:104200 
Tue Aug 28 19:14:30 BOT 2012: Ajax->Mostrar Imagen Portada:  
Tue Aug 28 19:17:43 BOT 2012: Ajax-> Mostrar  Nombre Artista > tono:104355 
Tue Aug 28 19:19:20 BOT 2012: Ajax->Mostrar Nombre Genero:  
Tue Aug 28 19:23:03 BOT 2012: Ajax->Mostrar Reproducciones:  
Tue Aug 28 19:27:34 BOT 2012: Error al consultar precio de renovacion - msisdn: tono:137296 - Async responde -3
Tue Aug 28 19:27:37 BOT 2012: ASYNC -> STATS> Tiempo respuesta 0.059349 seg.
Tue Aug 28 19:29:02 BOT 2012: Ajax->Mostrar Ranking:  
Tue Aug 28 19:32:30 BOT 2012: Busqueda Inteligente: resultados >150280
Tue Aug 28 19:32:39 BOT 2012: STATS > BUSQUEDA DE BACKTONE >Tiempo: 0.0425 seg. | registros: 114
Tue Aug 28 19:36:01 BOT 2012: Ajax-> Mostrar Ranking > tono:133447 
Tue Aug 28 19:36:28 BOT 2012: Ajax-> Mostrar Comentarios> tono:294 
Tue Aug 28 19:37:07 BOT 2012: Ajax-> Mostrar  Imagen Portada> tono:137879 
Tue Aug 28 19:38:39 BOT 2012: Error al consultar precio de renovacion - msisdn: tono:120 - Async responde -3
Tue Aug 28 19:38:54 BOT 2012: Ajax-> Mostrar Ranking > tono:115945 
Tue Aug 28 19:45:29 BOT 2012: Busqueda Inteligente: resultados >136264
Tue Aug 28 19:45:56 BOT 2012: Ajax->Mostrar Ranking:  
Tue Aug 28 19:46:36 BOT 2012: Asignar backtone escuchado > Asi termino:580,579,104315,155506,104314,122538,127423,449,104278,103343,240,130832,131642,130834,135152,105777,105783,105782,105780,105779,
Tue Aug 28 19:47:00 BOT 2012: ASYNC -> STATS> Tiempo respuesta 0.003368 seg.
Tue Aug 28 19:49:15 BOT 2012: Ajax->Mostrar Nombre Artista:  
Tue Aug 28 19:56:27 BOT 2012: Ajax-> Mostrar  Nombre Genero > tono:131640 
Tue Aug 28 19:57:42 BOT 2012: ASYNC -> STATS> Tiempo respuesta 0.003749 seg.
Tue Aug 28 19:58:27 BOT 2012: Ajax->Mostrar Ranking:  
Tue Aug 28 19:59:21 BOT 2012: Ajax->Mostrar Imagen Portada:  
Tue Aug 28 20:02:22 BOT 2012: Ajax-> Mostrar Comentarios> tono:105534 
Tue Aug 28 20:05:02 BOT 2012: Ajax->Mostrar Comentarios:  
Tue Aug 28 20:05:48 BOT 2012: Ajax-> Mostrar  Nombre Artista > tono:109233 
Tue Aug 28 20:06:06 BOT 2012: Ajax->Mostrar Reproducciones:  
Tue Aug 28 20:06:21 BOT 2012: MTD_DB_BUSCAR_ARTISTAS > retornando registros:1
Tue Aug 28 20:06:51 BOT 2012: Ajax-> Mostrar Comentarios> tono:128462 
Tue Aug 28 20:09:43 BOT 2012: Ajax->Mostrar Reproducciones:  
Tue Aug 28 20:11:55 BOT 2012: Ajax-> Mostrar Ranking > tono:404 
Tue Aug 28 20:12:38 BOT 2012: Ajax->Mostrar Comentarios:  
Tue Aug 28 20:13:14 BOT 2012: Ajax-> Mostrar Comentarios> tono:135153 
Tue Aug 28 20:22:23 BOT 2012: WEB_REPRODUCIR_BUSQUEDA > Se recibieron:114 tonos
Tue Aug 28 20:22:47 BOT 2012: Ajax->Mostrar Reproducciones:  
Tue Aug 28 20:28:55 BOT 2012: Ajax->Mostrar Nombre Artista:  
Tue Aug 28 20:29:10 BOT 2012: Ajax->Mostrar Ranking:  
Tue Aug 28 20:31:11 BOT 2012: Mostrar Album: >Artista:  <a href='index.php?seccion=playlist&autor=373'>Sin Bandera</a>
Tue Aug 28 20:38:19 BOT 2012: ASYNC -> STATS> Tiempo respuesta 0.018024 seg.
Tue Aug 28 20:38:52 BOT 2012: Session Start>  session por defecto 
Tue Aug 28 20:44:45 BOT 2012: Mostrar Cantidad reproducciones: tono:123010 cantidad: 0
Tue Aug 28 20:47:34 BOT 2012: WEB_REPRODUCIR_BUSQUEDA > Se recibieron:4 tonos
Tue Aug 28 20:47:52 BOT 2012: Consulta de precio de reason:2 - msisdn:77891423 tono:103600 Async responde:350
 
Tue Aug 28 20:50:26 BOT 2012: Ajax->Mostrar Megusta:  
Tue Aug 28 20:51:08 BOT 2012: Mostrar Album: >albumes/BackTonesGoMedia 1.jpg
Tue Aug 28 20:51:41 BOT 2012: ASYNC -> STATS> Tiempo respuesta 0.061029 seg.
Tue Aug 28 20:51:50 BOT 2012: Ajax-> Mostrar Megusta> tono:141833 
Tue Aug 28 20:57:19 BOT 2012: STATS > BUSQUEDA DE BACKTONE >Tiempo: -0.006397 seg. | registros: 27
Tue Aug 28 21:02:08 BOT 2012: SMS >: Servidor responde: > STATS > tiempo respuesta:0.015041 
Tue Aug 28 21:06:46 BOT 2012: Ajax-> Mostrar  Nombre Artista > tono:136632 
Tue Aug 28 21:07:10 BOT 2012: Ajax-> Mostrar Megusta> tono:135225 
Tue Aug 28 21:11:23 BOT 2012: ASYNC -> STATS> Tiempo respuesta -0.196287 seg.
Tue Aug 28 21:12:36 BOT 2012: Ajax->Mostrar Megusta:  
Tue Aug 28 21:12:39 BOT 2012: ASYNC -> STATS> Tiempo respuesta -0.655427 seg.
Tue Aug 28 21:20:09 BOT 2012: Ajax->Mostrar Reproducciones:  
Tue Aug 28 21:22:28 BOT 2012: Mostrar Genero: >G&eacute;nero:  <a href='index.php?seccion=playlist&genero=143'>Latinas</a>
Tue Aug 28 21:23:34 BOT 2012: Ajax-> Mostrar Ranking > tono:105036 
Tue Aug 28 21:23:55 BOT 2012: Ajax-> Mostrar  Nombre Genero > tono:105627 
Tue Aug 28 21:25:47 BOT 2012: ASYNC -> STATS> Tiempo respuesta 0.003277 seg.
Tue Aug 28 21:26:08 BOT 2012: Mostrar Megusta> tono: 127855 msisdn: > a otros 2  les gusta 
Tue Aug 28 21:28:12 BOT 2012: Ajax->Mostrar Megusta:  
Tue Aug 28 21:28:27 BOT 2012: Ajax-> Mostrar  Nombre Artista > tono:142919 
Tue Aug 28 21:29:12 BOT 2012: Ajax->Mostrar Comentarios:  
Tue Aug 28 21:37:39 BOT 2012: Ajax->Mostrar Nombre Artista:  
Tue Aug 28 21:39:12 BOT 2012: Ajax->Mostrar Reproducciones:  
Tue Aug 28 21:41:13 BOT 2012: Mostrar Album: >Artista:  <a href='index.php?seccion=playlist&autor=503'>Version Opratel</a>
Tue Aug 28 21:42:10 BOT 2012: Ajax->Mostrar Comentarios:  
Tue Aug 28 21:49:54 BOT 2012: Asignar backtone escuchado > Asi termino:129675,142913,126710,133882,133881,135056,131834,103668,105263,135064,104427,105017,133713,133710,152124,105093,147530,147197,105092,
Tue Aug 28 21:50:57 BOT 2012: Ajax-> Comprar Backtone: msisdn: 
Tue Aug 28 21:51:28 BOT 2012: ACTUALIZAR_PIN_USUARIO >76000977 el usuario ya se encuentra registrado = 76000977
Tue Aug 28 22:03:26 BOT 2012: Session Start>  session por defecto 
Tue Aug 28 22:04:53 BOT 2012: WEB REPROD BUSQ > Facebook link: http%3A%2F%2Fbacktones.tigo.com.bo%2Fv3%2Findex.php%3Fseccion%3Dplaylist%26genero%3D186%26f%3D1%26t%3D123123
Tue Aug 28 22:05:41 BOT 2012: Error al consultar precio de renovacion - msisdn: tono:125102 - Async responde -3
Tue Aug 28 22:07:36 BOT 2012: Ajax-> Mostrar Ranking > tono:126173 
Tue Aug 28 22:10:07 BOT 2012: Ajax->Mostrar Nombre Genero:  
Tue Aug 28 22:13:15 BOT 2012: Ajax->Mostrar Imagen Portada:  
Tue Aug 28 22:17:41 BOT 2012: Ajax-> Mostrar Comentarios> tono:103084 
Tue Aug 28 22:26:48 BOT 2012: Ajax->Mostrar Imagen Portada:  
Tue Aug 28 22:41:10 BOT 2012: Ajax-> Mostrar  Nombre Artista > tono:109610 
Tue Aug 28 22:51:56 BOT 2012: Ajax-> Mostrar Megusta> tono:105377 
Tue Aug 28 23:17:17 BOT 2012: Ajax-> Mostrar Ranking > tono:103086 
Tue Aug 28 23:24:07 BOT 2012: Session Start>  Chequeo de sesion
Tue Aug 28 23:26:32 BOT 2012: ASYNC -> STATS> Tiempo respuesta 0.002146 seg.
Tue Aug 28 23:26:35 BOT 2012: Ajax-> Mostrar Ranking > tono:135975 
Tue Aug 28 23:26:35 BOT 2012: Ajax->Mostrar Ranking:  
Tue Aug 28 23:28:56 BOT 2012: Ajax->Mostrar Nombre Artista:  
Tue Aug 28 23:34:37 BOT 2012: ASYNC -> STATS> Tiempo respuesta 0.002945 seg.
Tue Aug 28 23:40:29 BOT 2012: Busqueda Inteligente: resultados >144690
Tue Aug 28 23:52:12 BOT 2012: Busqueda Inteligente: 
Tue Aug 28 23:52:27 BOT 2012: Ajax->Mostrar Comentarios:  
Tue Aug 28 23:53:01 BOT 2012: Ajax->Mostrar Nombre Genero:  
