Tue Feb 21 13:19:42 BOT 2012: Ajax-> Mostrar Ranking > tono:144166 
Tue Feb 21 13:24:04 BOT 2012: Asignar backtone escuchado > Asi termino:142230,140821,129445,129230,123218,103712,142527,106345,106330,106316,104567,102630,509,
Tue Feb 21 13:27:25 BOT 2012: Ajax->Mostrar Nombre Artista:  
Tue Feb 21 13:28:20 BOT 2012: Ajax->Mostrar Nombre Artista:  
Tue Feb 21 13:30:29 BOT 2012: Ajax-> Mostrar Ranking > tono:141918 
Tue Feb 21 13:39:24 BOT 2012: Ajax->Mostrar Ranking:  
Tue Feb 21 13:46:19 BOT 2012: WEB_REPRODUCIR_BUSQUEDA > Se recibieron:92 tonos
Tue Feb 21 13:52:50 BOT 2012: Session Start>  session por defecto 
Tue Feb 21 13:59:12 BOT 2012: Ajax-> Mostrar Megusta> tono:105233 
Tue Feb 21 14:00:42 BOT 2012: Ajax->Mostrar Nombre Artista:  
Tue Feb 21 14:00:57 BOT 2012: Ajax->Mostrar Comentarios:  
Tue Feb 21 14:04:24 BOT 2012: Ajax-> Mostrar Megusta> tono:116500 
Tue Feb 21 14:09:37 BOT 2012: Ajax-> Mostrar Comentarios> tono:145165 
Tue Feb 21 14:13:32 BOT 2012: Busqueda Inteligente: Resultado 
 102818;amor anejo;Los Internacionales;Latinas
102812;Besos Frios;Los Internacionales;Latinas
102813;Desnudos;Los Internacionales;Latinas
102814;Mi dulce Veneno;Los Internacionales;Latinas
102900;regalo de boda2;Los Internacionales;Latinas
102816;Tu complice;Los Internacionales;Super Promo
102817;amanecio;Los Internacionales;Latinas
103472;2te hice mal;Los Temerarios;Latinas
102639;A Besitos;Los Diablitos;Latinas
103062;a pesar;Los Cafres;Pop
103816;Abre los cielos;Grupo Renacer;Cristianas
104554;Abre los cielos_;Jesus A Romero;Cristianas
104926;Agente 86 y los enanos;Version Opratel;Sonidos
107573;Ahora pienso en Ti;Los Temerarios;Latinas
102953;ahora pienso mas en ti;Los Temerarios;Latinas
131616;Al Final;Los Kjarkas;Folklore
103597;AlMayorDeLos;Vicente Fernandez;Rancheras
102804;Amigo Bronco;Los Brons;Latinas
102811;Amigos con derecho;Los Brons;Latinas
104612;Amor De Los Dos En Vivo;Vicente Fernandez;Rancheras
102537;Amores como el nuestro;los Charros;Cumbia
104431;Ando Bien Arreglado;los tucanes;Rancheras
131625;Ave de cristal;Los Kjarkas;Folklore
107571;Ay amigo;Los Temerarios;Latinas
125514;Baile de los Pobres;Calle13;Reggaeton
104376;Basta para mi;los tipitos;Latinas
104629;Blooming 1 a Nac Potosi 0;Carlos Castilla;Blooming
104628;Blooming 2 a Nac Potosi 0 CA 2009 F12;Carlos Castilla;Blooming
102718;Blooming1 contra Olimpia;Luis Carlos;Blooming
131627;Bolivia;Los Kjarkas;Folklore
214;Bombon asesino;Los palmeras;Latinas
109261;borrachos2;Los Mismos;Promoción Te Matamos de Risa
102663;Botella envenenada;Los Temerarios;Latinas
145198;Cantico los Chiflados;opratel;Futbol
109394;carlos;Homero;Mi Promo ConTigo
109395;carlos1;Homero;Mi Promo ConTigo
103967;Carnaval toda la vida;Los fabulosos cadillacs;Latinas
104663;celos;Fanny Lu;Latinas
120248;Celos chiste;Chaplin Show;Chistes
143739;Celoso;Go Media;Chistes
142223;Chicos Malos;Go Media;Chistes
238;Chupachichi;Los petes;Cumbia
109240;como diablos;Pipe Bueno;Vallenatos
102954;como te recuerdo;Los Temerarios;Latinas
130816;Como te voy a olvidar;Los Angeles Azules Opratel;Mi Promo ConTigo
102955;como tu;Los Temerarios;Latinas
102662;confesion;Los Temerarios;Latinas
102664;Conocerte;Los Temerarios;Latinas
105423;Contrabando De Amor;Los fabulosos cadillacs;Latinas
126994;Contrabando y Traicion;Los Tigres del Norte;Rancheras
102805;Corazon Bandido;Los Brons;Latinas
103064;D aqui;Los tocayos;Latinas
132452;Dale entrega la flor Feat Los Gedes;Damas gratis;Cumbia
127001;De Paisano a Paisano;Los Tigres del Norte;Rancheras
103965;Demasiada Presion;Los fabulosos cadillacs;Latinas
272;Destroyers;Los cambitas;FANATIGO
103191;deudas;los Bunkers;Latinas
144802;Diablos locos;Tigo;Carnaval de Oruro
126681;Directo al Corazon;Los Tigres del Norte;Rancheras
103988;DISCO GAY;Los Sultanes;Latinas
103762;E ACORDARAS DE MI;Los angeles de charlie;Latinas
104432;El Aguila Blanca;los tucanes;Rancheras
131646;El arbol de mi destino;Los Kjarkas;Folklore
132464;El Cartel de los Sapos Opratel;El Cartel de los Sapos Opratel;Rancheras
126167;El Dia De Los Muertos feat Jorge y Otro;A.B. Quintanilla;Cumbia
103211;el gato y el raton;los simpsons;Sonidos
103121;El genio;Los fabulosos cadillacs;Latinas
126683;El golpe traidor;Los Tigres del Norte;Rancheras
104430;El Hijo Del Pueblo;Los Tigres del Norte;Rancheras
131618;El hombre equivocado;Los Kjarkas;Folklore
130815;El liston de tu pelo;Los Angeles Azules Opratel;Mi Promo ConTigo
124960;El mejor de todos los tiempos;Daddy Yankee;Reggaeton
102969;EL MZ ;los tucanes;Rancheras
109262;el paco y la vieja2;Los Mismos;Promoción Te Matamos de Risa
102529;El Pricionero;LEO MATTIOLI y LOS PIBES CHORROS;Cumbia
103122;el satanico;Los fabulosos cadillacs;Latinas
102806;El sheriff de Chocolate;Los Brons;Latinas
104434;El tucanazo;los tucanes;Rancheras
104435;El virus del amor live;los tucanes;Rancheras
102847;Elena No;Los Enanos;Latinas
103267;ElLeonTumbao;Los fabulosos cadillacs;Latinas
103979;EN LOS BRAZOS DE EL;Banda XXI;Salsa y Merengue
102956;enamorado de ti;Los Temerarios;Latinas
105777;Entre la tierra y el cielo;Los Nocheros;Los Nocheros
130988;Entre Los Dos;Tony Dize;Reggaeton
110228;eres mi vida.;Los tocayos;Pop
102957;eres un sueno;Los Temerarios;Latinas
142128;Es El Pasito FT Los Parte Discotekas;Wachiturros;Cumbia
104398;Es que te amo;LOS LEALES;Cumbia
103065;esperarte y caminar;Los tocayos;Latinas
102810;Estabas tan linda;Los Brons;Latinas
103607;EstosCelos;Vicente Fernandez;Rancheras
140836;Fabulosos Canillas;Version Solumovil;Chistes
131615;Fria ;Los Kjarkas;Folklore
109264;ganadero original;Los Mismos;Promoción Te Matamos de Risa
127003;Gaviota;Los Tigres del Norte;Rancheras
103048;Gol de Blooming 1 a Real Mamore 1;Carlos Saucedo;Blooming
103049;Gol de Blooming 2 a Real Mamore 1;Carlos Saucedo;Blooming
103370;Gol de Carlos Saucedo Blooming 2 a La Paz Futbol Club 0;Carlos Saucedo;Blooming
103621;Gol de Carlos Saucedo Blooming 2 a Oriente 1;Radio Noticia la Red;Blooming
103519;Gol de Saucedo Blooming 1 a Oriente 2;Carlos Saucedo;FANATIGO
103325;Golosa y Gostosa;Banda reggaeton;Reggaeton
128297;Golpes En El Corazon MTV;Los Tigres del Norte;Latinas
102643;Hoja en Blanco;Los Diablitos;Latinas
104564;Homero los ninos y la iglesia;Version Opratel;Sonidos
105057;Homero y la corte de los milagros;Version Opratel;Sonidos
104690;Homero y los viejitos;Homero;Sonidos
104997;In The Closet;Michael Jackson;Michael Jackson
541;inalcanzable;Carlos Galvanna;Latinas
 
Tue Feb 21 14:13:35 BOT 2012: ASYNC -> STATS> Tiempo respuesta 0.006983 seg.
Tue Feb 21 14:21:15 BOT 2012: Ajax->Mostrar Reproducciones:  
Tue Feb 21 14:21:33 BOT 2012: Ajax->Mostrar Megusta:  
Tue Feb 21 14:39:26 BOT 2012: Ajax-> Mostrar Megusta> tono:103940 
Tue Feb 21 14:40:32 BOT 2012: Ajax->Mostrar Ranking:  
Tue Feb 21 14:42:38 BOT 2012: Busqueda Inteligente: resultados >105912
Tue Feb 21 14:43:57 BOT 2012: Ajax-> Mostrar Comentarios> tono:103459 
Tue Feb 21 14:46:45 BOT 2012: Ajax-> Mostrar Ranking > tono:103462 
Tue Feb 21 14:49:15 BOT 2012: Ajax->Mostrar Ranking:  
Tue Feb 21 14:50:40 BOT 2012: Ajax->Mostrar Comentarios:  
Tue Feb 21 14:55:01 BOT 2012: Ajax-> Mostrar Ranking > tono:325 
Tue Feb 21 14:55:01 BOT 2012: Ajax->Mostrar Megusta:  
Tue Feb 21 14:55:07 BOT 2012: Session Start>  session por defecto 
Tue Feb 21 15:00:26 BOT 2012: Busqueda Inteligente: resultados >103237
Tue Feb 21 15:05:20 BOT 2012: Session Start>  session por defecto 
Tue Feb 21 15:07:06 BOT 2012: Ajax->Mostrar Imagen Portada:  
Tue Feb 21 15:08:06 BOT 2012: Ajax->Actualizar pin usuario
Tue Feb 21 15:08:51 BOT 2012: ASYNC -> STATS> Tiempo respuesta 0.001122 seg.
Tue Feb 21 15:12:33 BOT 2012: Ajax-> Mostrar Ranking > tono:117846 
Tue Feb 21 15:20:04 BOT 2012: Session Start>  session por defecto 
Tue Feb 21 15:27:48 BOT 2012: WEB_REPRODUCIR_BUSQUEDA > Se recibieron:48 tonos
Tue Feb 21 15:35:00 BOT 2012: ASYNC -> STATS> Tiempo respuesta 0.0082479999999999 seg.
Tue Feb 21 15:37:10 BOT 2012: STATS > BUSQUEDA DE BACKTONE >Tiempo: 0.039458 seg. | registros: 34
Tue Feb 21 15:43:11 BOT 2012: Busqueda Inteligente: resultados >127449
Tue Feb 21 16:03:19 BOT 2012: Ajax-> Mostrar  Imagen Portada> tono:129899 
Tue Feb 21 16:04:43 BOT 2012: Ajax->Mostrar Ranking:  
Tue Feb 21 16:05:01 BOT 2012: Mostrar Comentarios : tono:103423 
Tue Feb 21 16:05:05 BOT 2012: Asignar backtone escuchado > Asi termino:129236,103423,127433,105702,105290,104089,126026,102729,129899,103429,104560,103430,
Tue Feb 21 16:10:14 BOT 2012: Ajax->Mostrar Nombre Genero:  
Tue Feb 21 16:12:11 BOT 2012: Busqueda Inteligente: resultados >143353
Tue Feb 21 16:12:17 BOT 2012: Busqueda Inteligente: resultados >133413
Tue Feb 21 16:13:18 BOT 2012: Ajax->Mostrar Comentarios:  
Tue Feb 21 16:14:54 BOT 2012: WEB REPROD BUSQ > Facebook link: http%3A%2F%2Fbacktones.tigo.com.bo%2Fv3%2Findex.php%3Fseccion%3Dplaylist%26genero%3D104%26f%3D1%26t%3D123123
Tue Feb 21 16:26:46 BOT 2012: Ajax->Mostrar Imagen Portada:  
Tue Feb 21 16:31:32 BOT 2012: Ajax->Mostrar Imagen Portada:  
Tue Feb 21 16:39:12 BOT 2012: ASYNC -> STATS> Tiempo respuesta 0.006574 seg.
Tue Feb 21 16:45:16 BOT 2012: Session Start>  session por defecto 
Tue Feb 21 16:50:38 BOT 2012: STATS > BUSQUEDA DE BACKTONE >Tiempo: -0.307454 seg. | registros: 7
Tue Feb 21 17:08:34 BOT 2012: ASYNC -> STATS> Tiempo respuesta 0.003794 seg.
Tue Feb 21 17:15:32 BOT 2012: Busqueda de Backtones Intel: 
 SQL:SELECT t.id, t.nombre as tono,aut.nombre as autor, alb.imagen, round(avg(wr.calificacion),0) as calificacion
                    FROM tonos as t
                    inner join autores as aut on ( t.autor = aut.id)
                    inner join billing as bil on (t.billing = bil.caso  and bil.concepto=2)
                    left join albumes as alb on (t.album = alb.id_album)
                    left join web_tonos_ranking as wr on (t.id = wr.tonos_id)
                    WHERE
                    t.id > 0
                     AND t.genero =169 
                    and t.categoria <> 207 and t.interfases &1 
                    group by t.id, t.nombre ,aut.nombre , alb.imagen
                    order by t.nombre ,aut.nombre 
                    limit 114 
Tue Feb 21 17:20:45 BOT 2012: Asignar backtone escuchado > Asi termino:104180,104177,104171,102997,137875,104195,105533,130956,103328,383,
Tue Feb 21 17:23:31 BOT 2012: Ajax->Mostrar Nombre Artista:  
Tue Feb 21 17:26:01 BOT 2012: Ajax->Mostrar Reproducciones:  
Tue Feb 21 17:26:19 BOT 2012: Busqueda Inteligente: resultados >136043
Tue Feb 21 17:32:53 BOT 2012: Ajax->Mostrar Imagen Portada:  
Tue Feb 21 17:33:20 BOT 2012: Ajax->Mostrar Comentarios:  
Tue Feb 21 17:36:26 BOT 2012: Ajax->Mostrar Nombre Genero:  
Tue Feb 21 17:38:24 BOT 2012: Ajax-> Mostrar Ranking > tono:102622 
Tue Feb 21 17:43:36 BOT 2012: ASYNC -> STATS> Tiempo respuesta 0.089673 seg.
Tue Feb 21 17:45:43 BOT 2012: Ajax->Mostrar Nombre Genero:  
Tue Feb 21 17:52:37 BOT 2012: Ajax->Mostrar Ranking:  
Tue Feb 21 17:55:08 BOT 2012: Ajax->Mostrar Nombre Genero:  
Tue Feb 21 17:56:29 BOT 2012: Busqueda Inteligente: 
Tue Feb 21 17:59:35 BOT 2012: Ajax-> Mostrar  Nombre Genero > tono:104469 
Tue Feb 21 17:59:41 BOT 2012: Ajax-> Mostrar  Imagen Portada> tono:107582 
Tue Feb 21 18:01:51 BOT 2012: Ajax->Mostrar Reproducciones:  
Tue Feb 21 18:04:57 BOT 2012: STATS > BUSQUEDA DE BACKTONE >Tiempo: 0.531143 seg. | registros: 114
Tue Feb 21 18:08:37 BOT 2012: Ajax->Mostrar Nombre Genero:  
Tue Feb 21 18:13:49 BOT 2012: Ajax->Mostrar Imagen Portada:  
Tue Feb 21 18:27:42 BOT 2012: Session Start>  session por defecto 
Tue Feb 21 18:28:30 BOT 2012: Asignar backtone escuchado > Asi termino:129211,127423,103177,145152,125516,
Tue Feb 21 18:31:43 BOT 2012: Busqueda Inteligente: mil semonioa
Tue Feb 21 18:40:02 BOT 2012: Asignar backtone escuchado > Asi termino:295,112707,112706,112470,112466,112469,118725,122287,105361,
Tue Feb 21 18:42:14 BOT 2012: WEB_REPRODUCIR_BUSQUEDA > Se recibieron:2 tonos
Tue Feb 21 18:42:32 BOT 2012: Asignar backtone escuchado > Asi termino:359,360,104941,146242,295,112707,112706,112470,112466,112469,118725,122287,105361,
Tue Feb 21 18:42:44 BOT 2012: MTD_DB_BUSCAR_ARTISTAS > retornando registros:37
Tue Feb 21 18:43:23 BOT 2012: Asignar backtone escuchado > Asi termino:103264,105059,103119,
Tue Feb 21 18:47:57 BOT 2012: Mostrar Megusta> tono: 103233 msisdn: > a otros 1  les gusta 
Tue Feb 21 20:20:33 BOT 2012: Ajax->Mostrar Nombre Genero:  
Tue Feb 21 20:28:58 BOT 2012: ASYNC -> STATS> Tiempo respuesta -0.174935 seg.
Tue Feb 21 20:29:10 BOT 2012: Ajax-> Mostrar Ranking > tono:127463 
Tue Feb 21 20:31:53 BOT 2012: Ajax->Mostrar Ranking:  
Tue Feb 21 20:32:02 BOT 2012: Ajax->Mostrar Nombre Artista:  
Tue Feb 21 20:34:47 BOT 2012: Ajax->Mostrar Ranking:  
Tue Feb 21 22:07:52 BOT 2012: Ajax->Mostrar Comentarios:  
