Fri Oct 19 0:04:59 BOT 2012: Asignar backtone escuchado > Asi termino:105540,102650,240,150316,104341,104470,105501,104473,103689,104471,141881,367,368,102918,365,364,102911,102913,102914,102917,
Fri Oct 19 0:07:11 BOT 2012: Ajax->Mostrar Nombre Artista:  
Fri Oct 19 0:09:56 BOT 2012: Ajax->Mostrar Ranking:  
Fri Oct 19 1:06:53 BOT 2012: Session Start>  session por defecto 
Fri Oct 19 1:13:49 BOT 2012: Mostrar Ranking: tono:123010 calificacion: 
Fri Oct 19 1:27:03 BOT 2012: Ajax->Mostrar Comentarios:  
Fri Oct 19 1:30:21 BOT 2012: Ajax-> Mostrar Megusta> tono:118730 
Fri Oct 19 1:34:43 BOT 2012: Busqueda Inteligente: resultados >147864
Fri Oct 19 1:34:55 BOT 2012: Session Start>  session por defecto 
Fri Oct 19 1:48:21 BOT 2012: Session Start>  session por defecto 
Fri Oct 19 2:20:18 BOT 2012: Consulta de precio de reason:3 - msisdn: tono:131046 Async responde:350
 
Fri Oct 19 9:17:03 BOT 2012: Ajax->Mostrar Comentarios:  
Fri Oct 19 9:30:47 BOT 2012: Ajax->Mostrar Imagen Portada:  
Fri Oct 19 9:36:30 BOT 2012: ASYNC -> STATS> Tiempo respuesta 0.003643 seg.
Fri Oct 19 9:37:09 BOT 2012: Ajax->Mostrar Ranking:  
Fri Oct 19 9:37:49 BOT 2012: Ajax-> Mostrar  Nombre Genero > tono:149592 
Fri Oct 19 9:37:58 BOT 2012: ASYNC -> STATS> Tiempo respuesta 0.003302 seg.
Fri Oct 19 9:38:01 BOT 2012: ASYNC -> STATS> Tiempo respuesta -0.743204 seg.
Fri Oct 19 9:38:04 BOT 2012: Ajax->Mostrar Reproducciones:  
Fri Oct 19 9:38:04 BOT 2012: ASYNC -> STATS> Tiempo respuesta -0.000586 seg.
Fri Oct 19 9:38:07 BOT 2012: ASYNC -> STATS> Tiempo respuesta -0.005384 seg.
Fri Oct 19 9:45:14 BOT 2012: Error al consultar precio de renovacion - msisdn: tono:112442 - Async responde -3
Fri Oct 19 9:46:11 BOT 2012: Ajax-> Mostrar Ranking > tono:105610 
Fri Oct 19 9:46:59 BOT 2012: Asignar backtone escuchado > Asi termino:145305,520,103885,602,113598,105068,104886,104120,131645,145261,84,129924,102646,103474,103328,102622,104171,105361,312,102960,
Fri Oct 19 9:47:08 BOT 2012: ASYNC -> STATS> Tiempo respuesta -0.311399 seg.
Fri Oct 19 9:47:14 BOT 2012: Ajax->Mostrar Nombre Genero:  
Fri Oct 19 9:47:56 BOT 2012: Ajax-> Mostrar Megusta> tono:62 
Fri Oct 19 9:48:11 BOT 2012: Session Start>  Chequeo de sesion
Fri Oct 19 9:50:18 BOT 2012: Ajax->Mostrar Nombre Genero:  
Fri Oct 19 9:50:30 BOT 2012: Ajax-> Mostrar  Nombre Genero > tono:102800 
Fri Oct 19 9:52:00 BOT 2012: Asignar backtone escuchado > Asi termino:104408,104407,103189,103063,104367,104402,135152,103777,104405,105257,103776,103084,517,104404,103054,104403,103233,516,103083,104379,
Fri Oct 19 9:52:03 BOT 2012: Ajax->Mostrar Nombre Artista:  
Fri Oct 19 9:53:45 BOT 2012: Ajax-> Mostrar Megusta> tono:102626 
Fri Oct 19 9:55:31 BOT 2012: Ajax->Mostrar Imagen Portada:  
Fri Oct 19 9:55:43 BOT 2012: Ajax-> Mostrar Ranking > tono:102721 
Fri Oct 19 9:56:01 BOT 2012: Ajax->Mostrar Ranking:  
Fri Oct 19 9:57:37 BOT 2012: Session Start>  session por defecto 
Fri Oct 19 9:58:16 BOT 2012: Ajax-> Mostrar Ranking > tono:155378 
Fri Oct 19 9:58:25 BOT 2012: Busqueda Inteligente: Illya Kuryaki
Fri Oct 19 10:15:37 BOT 2012: ASYNC -> STATS> Tiempo respuesta 0.003085 seg.
Fri Oct 19 10:21:29 BOT 2012: ASYNC -> STATS> Tiempo respuesta -0.544063 seg.
Fri Oct 19 10:21:29 BOT 2012: Asignar backtone escuchado > Asi termino:129241,130986,128224,129247,129245,129239,131645,131643,110188,
Fri Oct 19 10:21:32 BOT 2012: Ajax->Mostrar Megusta:  
Fri Oct 19 10:21:35 BOT 2012: Consulta de precio de reason:2 - msisdn: tono:129247 Async responde:350
 
Fri Oct 19 10:22:35 BOT 2012: Ajax-> Mostrar Comentarios> tono:131645 
Fri Oct 19 10:27:33 BOT 2012: Ajax->Mostrar Megusta:  
Fri Oct 19 10:28:27 BOT 2012: Ajax-> Mostrar  Imagen Portada> tono:103842 
Fri Oct 19 10:28:45 BOT 2012: Mostrar Comentarios : tono:134015 
Fri Oct 19 10:33:16 BOT 2012: Consulta de precio de reason:3 - msisdn:77726488 tono:82 Async responde:350
 
Fri Oct 19 10:35:16 BOT 2012: Ajax->Mostrar Nombre Genero:  
Fri Oct 19 10:44:15 BOT 2012: WEB_REPRODUCIR_BUSQUEDA > Se recibieron:114 tonos
Fri Oct 19 10:46:42 BOT 2012: Ajax->Mostrar Megusta:  
Fri Oct 19 10:48:36 BOT 2012: Ajax-> Mostrar  Imagen Portada> tono:103838 
Fri Oct 19 10:49:55 BOT 2012: Mostrar Comentarios : tono:622 
Fri Oct 19 10:50:01 BOT 2012: Ajax-> Compra de backtone msisdn: 77656564  tono:622
Fri Oct 19 10:50:07 BOT 2012: WEB_REPRODUCIR_BUSQUEDA > Se recibieron:111 tonos
Fri Oct 19 10:58:05 BOT 2012: Error al consultar precio de renovacion - msisdn:77726488 tono:126093 - Async responde -3
Fri Oct 19 11:01:57 BOT 2012: Ajax->Mostrar Nombre Genero:  
Fri Oct 19 11:04:48 BOT 2012: Ajax->Mostrar Imagen Portada:  
Fri Oct 19 11:08:16 BOT 2012: Ajax->Mostrar Megusta:  
Fri Oct 19 11:11:07 BOT 2012: ASYNC -> STATS> Tiempo respuesta -0.12188 seg.
Fri Oct 19 11:11:34 BOT 2012: ASYNC -> STATS> Tiempo respuesta 0.0019750000000001 seg.
Fri Oct 19 11:18:26 BOT 2012: Ajax-> Mostrar  Imagen Portada> tono:103839 
Fri Oct 19 11:18:35 BOT 2012: Ajax-> Mostrar  Nombre Artista > tono:103135 
Fri Oct 19 11:39:09 BOT 2012: Asignar backtone escuchado > Asi termino:103162,105534,124069,132078,
Fri Oct 19 11:43:28 BOT 2012: Ajax->Mostrar Reproducciones:  
Fri Oct 19 11:45:40 BOT 2012: Ajax->Actualizar pin usuario
Fri Oct 19 11:54:51 BOT 2012: WEB_REPRODUCIR_BUSQUEDA > Se recibieron:114 tonos
Fri Oct 19 11:56:18 BOT 2012: Ajax-> Mostrar  Imagen Portada> Album:Artista:  <a href='index.php?seccion=playlist&autor=28'>Reik</a>
Fri Oct 19 11:57:27 BOT 2012: Asignar backtone escuchado > Asi termino:105043,81,105266,103128,30,103508,105265,104298,105264,103507,104650,103506,149,
Fri Oct 19 11:57:39 BOT 2012: Ajax-> Mostrar  Imagen Portada> tono:144 
Fri Oct 19 12:01:13 BOT 2012: ASYNC -> STATS> Tiempo respuesta 0.002906 seg.
Fri Oct 19 12:02:04 BOT 2012: ASYNC -> STATS> Tiempo respuesta 0.236243 seg.
Fri Oct 19 12:02:49 BOT 2012: Ajax->Mostrar Ranking:  
Fri Oct 19 12:03:28 BOT 2012: ASYNC -> STATS> Tiempo respuesta 0.003158 seg.
Fri Oct 19 12:04:58 BOT 2012: Ajax->Mostrar Comentarios:  
Fri Oct 19 12:12:45 BOT 2012: Busqueda Inteligente: 
Fri Oct 19 12:13:06 BOT 2012: Busqueda Inteligente: resultados >153126
Fri Oct 19 12:13:33 BOT 2012: Ajax->Mostrar Megusta:  
Fri Oct 19 12:15:21 BOT 2012: Ajax-> Mostrar  Imagen Portada> tono:114 
Fri Oct 19 12:16:27 BOT 2012: Ajax-> Mostrar Ranking > tono:523 
Fri Oct 19 12:19:16 BOT 2012: ASYNC -> STATS> Tiempo respuesta 0.004137 seg.
Fri Oct 19 12:22:22 BOT 2012: Ajax-> Mostrar  Nombre Genero > tono:104745 
Fri Oct 19 12:42:14 BOT 2012: Ajax->Mostrar Megusta:  
Fri Oct 19 12:57:08 BOT 2012: Ajax-> Mostrar  Nombre Artista > tono:105263 
Fri Oct 19 13:05:12 BOT 2012: Ajax->Mostrar Reproducciones:  
Fri Oct 19 13:12:10 BOT 2012: Ajax-> Mostrar  Nombre Genero > tono:121508 
Fri Oct 19 13:14:08 BOT 2012: Ajax-> Mostrar Ranking > tono:123538 
Fri Oct 19 13:24:34 BOT 2012: Busqueda Inteligente: Paul McCartney
Fri Oct 19 13:26:16 BOT 2012: Ajax-> Mostrar  Imagen Portada> Album:Artista:  <a href='index.php?seccion=playlist&autor=312'>Vieira</a>
Fri Oct 19 13:32:53 BOT 2012: Ajax->Mostrar Imagen Portada:  
Fri Oct 19 13:34:41 BOT 2012: Mostrar Genero: >G&eacute;nero:  <a href='index.php?seccion=playlist&genero=155'>Romanticas</a>
Fri Oct 19 13:43:19 BOT 2012: ASYNC -> STATS> Tiempo respuesta 0.004281 seg.
Fri Oct 19 13:56:12 BOT 2012: Ajax-> Mostrar Ranking > tono:139727 
Fri Oct 19 13:59:18 BOT 2012: Consulta de precio de reason:2 - msisdn: tono:155258 Async responde:350
 
Fri Oct 19 14:01:34 BOT 2012: Ajax->Mostrar Reproducciones:  
Fri Oct 19 14:02:07 BOT 2012: Asignar backtone escuchado > Asi termino:103580,102812,105999,150074,154234,157090,122645,142119,132455,104905,102537,155258,104307,132466,325,110188,102539,102695,102818,
Fri Oct 19 14:03:37 BOT 2012: Ajax->Mostrar Comentarios:  
Fri Oct 19 14:03:55 BOT 2012: Ajax->Mostrar Comentarios:  
Fri Oct 19 14:06:44 BOT 2012: Busqueda Inteligente: resultados >104431
Fri Oct 19 14:07:02 BOT 2012: Ajax-> Mostrar  Imagen Portada> tono:102518 
Fri Oct 19 14:08:56 BOT 2012: Ajax-> Mostrar Ranking > tono:156526 
Fri Oct 19 14:09:17 BOT 2012: ASYNC -> STATS> Tiempo respuesta -0.199567 seg.
Fri Oct 19 14:09:20 BOT 2012: Ajax-> Mostrar Ranking > tono:102777 
Fri Oct 19 14:12:51 BOT 2012: Busqueda Inteligente: resultados >104924
Fri Oct 19 14:20:22 BOT 2012: Ajax-> Mostrar  Nombre Genero > tono:131841 
Fri Oct 19 14:30:03 BOT 2012: Asignar backtone escuchado > Asi termino:102695,102818,150078,128606,125510,126677,102817,150068,102694,125090,150026,150088,106000,104640,125088,155340,102813,150086,125517,102777,
Fri Oct 19 14:31:03 BOT 2012: Asignar backtone escuchado > Asi termino:102812,103580,105999,150074,154234,157090,122645,142119,132455,104905,102537,155258,104307,132466,325,110188,102539,102695,102818,150078,
Fri Oct 19 14:31:30 BOT 2012: Asignar backtone escuchado > Asi termino:134631,109963,122647,145207,102697,104454,102651,104639,145205,103051,104493,214,103581,102812,103580,105999,150074,154234,157090,122645,
Fri Oct 19 14:31:48 BOT 2012: MTD_CHEQUEO_REINTENTO >- msisdn: tono: diferencia tiempo:2 
Fri Oct 19 14:33:40 BOT 2012: Ajax->Mostrar Imagen Portada:  
Fri Oct 19 14:37:01 BOT 2012: Ajax-> Mostrar Comentarios> tono:104220 
Fri Oct 19 14:46:33 BOT 2012: Ajax->Mostrar Nombre Genero:  
Fri Oct 19 14:49:36 BOT 2012: Ajax->Mostrar Ranking:  
Fri Oct 19 14:50:21 BOT 2012: Ajax->Mostrar Comentarios:  
Fri Oct 19 14:56:50 BOT 2012: ASYNC -> STATS> Tiempo respuesta 0.00113 seg.
Fri Oct 19 14:58:02 BOT 2012: Ajax->Mostrar Ranking:  
Fri Oct 19 15:01:02 BOT 2012: STATS > BUSQUEDA DE BACKTONE >Tiempo: 0.0060469999999999 seg. | registros: 93
Fri Oct 19 15:02:38 BOT 2012: Busqueda Inteligente: resultados >104755
Fri Oct 19 15:06:03 BOT 2012: Busqueda Inteligente: resultados >144173
Fri Oct 19 15:14:50 BOT 2012: Error al consultar precio de renovacion - msisdn: tono:104128 - Async responde -3
Fri Oct 19 15:15:59 BOT 2012: Ajax->Mostrar Reproducciones:  
Fri Oct 19 15:16:32 BOT 2012: Ajax-> Mostrar Ranking > tono:156788 
Fri Oct 19 15:21:00 BOT 2012: Busqueda Inteligente: resultados >104285
Fri Oct 19 15:21:36 BOT 2012: Consulta de precio de reason:3 - msisdn: tono:136633 Async responde:350
 
Fri Oct 19 15:21:54 BOT 2012: ASYNC -> STATS> Tiempo respuesta 0.006949 seg.
Fri Oct 19 15:21:57 BOT 2012: Ajax->Mostrar Megusta:  
Fri Oct 19 15:25:09 BOT 2012: Ajax->Mostrar Reproducciones:  
Fri Oct 19 15:26:06 BOT 2012: Ajax-> Mostrar Comentarios> tono:104655 
Fri Oct 19 15:26:27 BOT 2012: Asignar backtone escuchado > Asi termino:104655,105066,104654,105243,103322,150068,155502,149,103885,602,113598,126470,104886,148,103142,103479,103284,102622,104681,
Fri Oct 19 15:33:11 BOT 2012: Ajax->Mostrar Comentarios:  
Fri Oct 19 15:40:10 BOT 2012: WEB_REPRODUCIR_BUSQUEDA > Se recibieron:51 tonos
Fri Oct 19 15:47:03 BOT 2012: Ajax->Mostrar Nombre Genero:  
Fri Oct 19 15:50:27 BOT 2012: Asignar backtone escuchado > Asi termino:109322,103128,384,103507,102976,150220,104087,104590,103366,134012,134010,156618,133882,133881,105234,125516,106266,124243,
Fri Oct 19 15:50:30 BOT 2012: Ajax->Mostrar Megusta:  
Fri Oct 19 15:51:33 BOT 2012: Asignar backtone escuchado > Asi termino:7,103886,82,120,155502,145305,520,103885,602,113598,105068,104886,104120,131645,145261,84,129924,102646,103474,103328,
Fri Oct 19 15:51:36 BOT 2012: Consulta de precio de reason:3 - msisdn: tono:102928 Async responde:350
 
Fri Oct 19 16:03:27 BOT 2012: Ajax-> Mostrar Ranking > tono:104122 
Fri Oct 19 16:05:01 BOT 2012: Ajax-> Mostrar  Nombre Artista > tono:150220 
Fri Oct 19 16:05:55 BOT 2012: Ajax-> Mostrar  Nombre Artista > tono:149 
Fri Oct 19 16:07:37 BOT 2012: Ajax->Mostrar Ranking:  
Fri Oct 19 16:08:58 BOT 2012: Mostrar Album: >Artista:  <a href='index.php?seccion=playlist&autor=188'>E.A.L</a>
Fri Oct 19 16:09:25 BOT 2012: Asignar backtone escuchado > Asi termino:105266,105265,103130,103510,103273,104650,149,102826,102663,578,446,104315,155506,103929,155508,105536,104023,105555,112462,112464,
Fri Oct 19 16:10:26 BOT 2012: Ajax->Mostrar Comentarios:  
Fri Oct 19 16:11:44 BOT 2012: MTD_LISTAR_TONOS -> Se encontraron los siguientes tonos:109916
Fri Oct 19 16:14:47 BOT 2012: Mostrar Ranking: tono:102976 calificacion: 
Fri Oct 19 16:15:17 BOT 2012: ASYNC -> STATS> Tiempo respuesta 0.002738 seg.
Fri Oct 19 16:17:36 BOT 2012: Ajax->Mostrar Ranking:  
Fri Oct 19 16:26:01 BOT 2012: Session Start>  session por defecto 
Fri Oct 19 16:26:10 BOT 2012: Busqueda Inteligente: de musica ligera
Fri Oct 19 16:33:48 BOT 2012: Ajax->Mostrar Megusta:  
Fri Oct 19 16:34:09 BOT 2012: Asignar backtone escuchado > Asi termino:103346,103762,150088,150086,391,156526,103052,132053,126091,104219,149590,104454,103051,150074,132455,102539,150078,102694,103349,103476,
Fri Oct 19 16:40:28 BOT 2012: Busqueda Inteligente: Resultado 
 102646;5 de septiembre;Banda reggaeton;Reggaeton
520;Ahora es.;Banda reggaeton;Reggaeton
103320;Boricua morena dominicano;Banda reggaeton;Reggaeton
521;Carita de angel;Banda reggaeton;Reggaeton
522;Dale candela;Banda reggaeton;Reggaeton
103321;Dale don dale;Banda reggaeton;Reggaeton
103322;dile;Banda reggaeton;Reggaeton
103323;el pantalon;Banda reggaeton;Reggaeton
102647;El tra;Banda reggaeton;Reggaeton
103324;gillete;Banda reggaeton;Reggaeton
103325;Golosa y Gostosa;Banda reggaeton;Reggaeton
267;La cumbia de los aburridos;Banda reggaeton;Reggaeton
523;La perfecta ocasion;Banda reggaeton;Reggaeton
102648;La vecina;Banda reggaeton;Reggaeton
102649;Limpia Parabrisas;Banda reggaeton;Reggaeton
102684;Lloraras por mi;Banda reggaeton;Reggaeton
103326;Lo grande que es perdonar;Banda reggaeton;Reggaeton
103327;Martes de galeria;Banda reggaeton;Reggaeton
103329;mis ojos no lloran por ti;Banda reggaeton;Reggaeton
102523;Morire;Banda reggaeton;Reggaeton
102908;MORIRE2;Banda reggaeton;Reggaeton
102685;Movimiento sabroso;Banda reggaeton;Reggaeton
102525;No debiste volver;Banda reggaeton;Reggaeton
103331;No ha sido facil;Banda reggaeton;Reggaeton
103333;Nunca sabras;Banda reggaeton;Reggaeton
524;Pa la tumba;Banda reggaeton;Reggaeton
103334;Papi Chulo;Banda reggaeton;Reggaeton
525;Ponmela;Banda reggaeton;Reggaeton
279;Quiero una chica especial;Banda reggaeton;Reggaeton
103335;Quitarte too;Banda reggaeton;Reggaeton
103336;Se vale too too;Banda reggaeton;Reggaeton
526;Sexy movimiento..;Banda reggaeton;Reggaeton
103344;Si te vas;Banda reggaeton;Reggaeton
527;Sigue_bailando;Banda reggaeton;Reggaeton
528;Soy igual que tu;Banda reggaeton;Reggaeton
102887;Soy igual que tu2;Banda reggaeton;Reggaeton
103338;suave;Banda reggaeton;Reggaeton
277;Sube el jamon;Banda reggaeton;Reggaeton
103339;tango pecado;Banda reggaeton;Reggaeton
103340;Tu Maestro;Banda reggaeton;Reggaeton
529;Velandote;Banda reggaeton;Reggaeton
102522;Yo soy tu gatita;Banda reggaeton;Reggaeton
530;Zun da da;Banda reggaeton;Reggaeton
103337;Solido;Banda Continental;Reggaeton
103328;-Me vas a extranhar;Banda reggaeton;Reggaeton
104171; A la Bim Bom Bam_;Banda Poopo;Carnaval
104174; Ananau;Banda Poopo;Carnaval
104190; Canita Canaveral;Banda Juventud Centralistas de La Paz;Carnaval
104177; Chirapas;La Banda de Perucho;Carnaval
104189; El Tio;Banda Juventud Centralistas de La Paz;Carnaval
104178; En Las Playas Del Beni;La Banda de Perucho;Carnaval
104172; La Brujita;Banda Poopo;Carnaval
104195; Mi Fiel Promesa;Banda Juventud Centralistas de La Paz;Carnaval
104165; Soy Tarateno;Banda Poopo;Carnaval
104175; Tahichi Aguilera;La Banda de Perucho;Carnaval
104173; Viva viva Bolivia;Banda Poopo;Carnaval
509;12 Rosas;A Banda Sombra;Cumbia
276;15 dias;La banda de lechuga;Cumbia
105986;A danca du creu;A Banda Sombra;Cumbia
105988;A llorar a otra parte;A Banda Sombra;Cumbia
325;Amor en bici;La banda de lechuga;Cumbia
104193;Ay Rosita;Banda Juventud Centralistas de La Paz;Carnaval
141918;Banda en la calle;Tigo plus;super
145319;Banda Loca del Aurinegro;Opratel;Futbol
104051;Bandas marchando;Version Opratel;Clasicos
105642;Cambas Flojonazos (Banda);Banda;Carnaval
105564;cantos vallegrandinos;BANDAS;Carnaval
105567;carnaval de vallegrande;BANDAS;Carnaval
105569;carnaval vallegrandino;BANDAS;Carnaval
510;Castillo azul;A Banda Sombra;Cumbia
105622;chiquita orurenita;BANDAS;Carnaval
383;Conectate;Banda XXI;Salsa y Merengue
104167;Cotacotena;Banda Poopo;Carnaval
104176;Crema Camba;La Banda de Perucho;Carnaval
105562;Cuando muera el carnaval;BANDAS;Carnaval
179;Cuanto cuestas;Banda Continental;Latinas
105613;cuanto cuestas cuanto vales;BANDAS;Carnaval
104902;Curita;La banda de lechuga;Cumbia
104654;delante de mi;Banda el Recodo;Latinas
104169;El Carino;Banda Poopo;Carnaval
105614;el funeral del rio;BANDAS;Carnaval
103979;EN LOS BRAZOS DE EL;Banda XXI;Salsa y Merengue
105571;Holgazanes;BANDAS;Carnaval
104681;la banda borracha;Valentin Elizalde;Latinas
384;Llorar duele mas;Banda XXI;Salsa y Merengue
511;Los Mangueros;A Banda Sombra;Cumbia
104164;Los Novenantes en Colquepata;Banda Poopo;Carnaval
104166;Los Novenantes en Colquepata_;Banda Poopo;Carnaval
105572;Mamarrachos;BANDAS;Carnaval
104168;Me Juraste Amor;Banda Poopo;Carnaval
105492;Mi Formula de amor;La Banda del Loco;Latinas
105491;Mi Formula de amor (coro);La Banda del Loco;Latinas
105577;mop 
Fri Oct 19 16:45:02 BOT 2012: Ajax->Mostrar Megusta:  
Fri Oct 19 16:46:38 BOT 2012: Busqueda Inteligente: resultados >131036
Fri Oct 19 16:47:56 BOT 2012: Ajax-> Mostrar Ranking > tono:103189 
Fri Oct 19 16:52:42 BOT 2012: Ajax->Mostrar Ranking:  
Fri Oct 19 17:02:04 BOT 2012: Ajax-> Mostrar Ranking > tono:104174 
Fri Oct 19 17:10:15 BOT 2012: ASYNC -> STATS> Tiempo respuesta 0.002057 seg.
Fri Oct 19 17:23:17 BOT 2012: Ajax->Mostrar Reproducciones:  
Fri Oct 19 17:26:57 BOT 2012: Busqueda Inteligente: resultados >104880
Fri Oct 19 17:36:19 BOT 2012: Ajax-> Mostrar Megusta> tono:128233 
Fri Oct 19 17:36:22 BOT 2012: Ajax->Mostrar Nombre Genero:  
Fri Oct 19 17:37:44 BOT 2012: Ajax->Mostrar Nombre Artista:  
Fri Oct 19 17:45:00 BOT 2012: WEB_REPRODUCIR_BUSQUEDA > Se recibieron:1 tonos
Fri Oct 19 17:45:24 BOT 2012: Ajax->Mostrar Megusta:  
Fri Oct 19 17:57:50 BOT 2012: Ajax-> Mostrar  Nombre Artista > tono:105360 
Fri Oct 19 18:03:09 BOT 2012: WEB REPROD BUSQ > Facebook link: http%3A%2F%2Fbacktones.tigo.com.bo%2Fv3%2Findex.php%3Fseccion%3Dplaylist%26autor%3D726%26f%3D1%26t%3D1231233
Fri Oct 19 18:05:57 BOT 2012: ASYNC -> STATS> Tiempo respuesta 0.0038090000000001 seg.
Fri Oct 19 18:06:00 BOT 2012: Ajax-> Mostrar  Nombre Genero > tono:104279 
Fri Oct 19 18:07:40 BOT 2012: Ajax->Mostrar Megusta:  
Fri Oct 19 18:09:07 BOT 2012: Ajax-> Mostrar Comentarios> tono:130834 
Fri Oct 19 18:14:41 BOT 2012: WEB_REPRODUCIR_BUSQUEDA > Se recibieron:21 tonos
Fri Oct 19 18:19:15 BOT 2012: WEB_REPRODUCIR_BUSQUEDA > Se recibieron:7 tonos
Fri Oct 19 18:20:12 BOT 2012: Busqueda Inteligente: resultados >109608
Fri Oct 19 18:24:09 BOT 2012: WEB_REPRODUCIR_BUSQUEDA > Se recibieron:3 tonos
Fri Oct 19 18:42:55 BOT 2012: Ajax->Mostrar Ranking:  
Fri Oct 19 18:48:02 BOT 2012: Ajax-> Mostrar Ranking > tono:103128 
Fri Oct 19 18:51:32 BOT 2012: Asignar backtone escuchado > Asi termino:103507,102976,150220,104087,104590,103366,109322,103128,384,
Fri Oct 19 19:10:45 BOT 2012: Ajax->Mostrar Reproducciones:  
Fri Oct 19 19:27:36 BOT 2012: Asignar backtone escuchado > Asi termino:151286,132110,105546,105262,
Fri Oct 19 19:29:00 BOT 2012: ACTUALIZAR_PIN_USUARIO >77244335 el usuario ya se encuentra registrado = 77244335
Fri Oct 19 19:29:21 BOT 2012: Ajax->Mostrar Nombre Genero:  
Fri Oct 19 19:32:31 BOT 2012: Mostrar Comentarios : tono:122291 
Fri Oct 19 19:35:37 BOT 2012: Ajax-> Mostrar  Imagen Portada> Album:Artista:  <a href='index.php?seccion=playlist&autor=412'>Bajo Fondo</a>
Fri Oct 19 19:42:38 BOT 2012: Ajax-> Mostrar  Nombre Artista > tono:118724 
Fri Oct 19 19:48:48 BOT 2012: Ajax-> Mostrar Ranking > tono:104958 
Fri Oct 19 19:56:32 BOT 2012: Asignar backtone escuchado > Asi termino:134178,131036,125510,134034,104364,104910,23,104958,103749,104803,104109,105610,105746,104447,104280,144686,104301,108558,
Fri Oct 19 19:56:44 BOT 2012: WEB_REPRODUCIR_BUSQUEDA > Se recibieron:6 tonos
Fri Oct 19 19:59:08 BOT 2012: Ajax->Mostrar Nombre Genero:  
Fri Oct 19 20:03:09 BOT 2012: Ajax->Mostrar Ranking:  
Fri Oct 19 20:12:20 BOT 2012: Busqueda Inteligente: Aspirante
Fri Oct 19 20:13:44 BOT 2012: ASYNC -> STATS> Tiempo respuesta 0.43978 seg.
Fri Oct 19 20:13:56 BOT 2012: Ajax->Mostrar Nombre Artista:  
Fri Oct 19 20:13:56 BOT 2012: Session Start>  session por defecto 
Fri Oct 19 20:19:30 BOT 2012: Ajax-> Mostrar Comentarios> tono:144174 
Fri Oct 19 20:22:33 BOT 2012: Busqueda Inteligente: resultados >103091
Fri Oct 19 20:22:33 BOT 2012: Ajax-> Mostrar Ranking > tono:105044 
Fri Oct 19 20:24:58 BOT 2012: Ajax-> Mostrar  Nombre Genero > tono:104532 
Fri Oct 19 20:28:44 BOT 2012: ASYNC -> STATS> Tiempo respuesta 0.006488 seg.
Fri Oct 19 20:33:33 BOT 2012: Ajax->Mostrar Reproducciones:  
Fri Oct 19 20:40:19 BOT 2012: Ajax->Mostrar Reproducciones:  
Fri Oct 19 20:47:05 BOT 2012: Mostrar Cantidad reproducciones: tono:105066 cantidad: 0
Fri Oct 19 20:51:15 BOT 2012: WEB_REPRODUCIR_BUSQUEDA > Se formatearon:27 tonos
Fri Oct 19 20:52:24 BOT 2012: ASYNC -> STATS> Tiempo respuesta 0.004757 seg.
Fri Oct 19 20:55:13 BOT 2012: Ajax->Mostrar Reproducciones:  
Fri Oct 19 20:56:34 BOT 2012: Ajax->Mostrar Megusta:  
Fri Oct 19 21:12:23 BOT 2012: Ajax-> Mostrar Comentarios> tono:157854 
Fri Oct 19 21:12:53 BOT 2012: Ajax->Mostrar Megusta:  
Fri Oct 19 21:16:11 BOT 2012: Ajax->Mostrar Imagen Portada:  
Fri Oct 19 21:17:54 BOT 2012: Asignar backtone escuchado > Asi termino:104399,104429,112464,
Fri Oct 19 21:21:55 BOT 2012: Ajax->Mostrar Reproducciones:  
Fri Oct 19 21:29:38 BOT 2012: ASYNC -> STATS> Tiempo respuesta 0.002647 seg.
Fri Oct 19 22:18:23 BOT 2012: Ajax-> Mostrar  Imagen Portada> tono:150030 
Fri Oct 19 22:24:21 BOT 2012: Ajax->Mostrar Ranking:  
Fri Oct 19 22:26:46 BOT 2012: Ajax->Mostrar Megusta:  
Fri Oct 19 22:28:13 BOT 2012: Ajax-> Mostrar  Nombre Artista > tono:150040 
Fri Oct 19 23:02:07 BOT 2012: Ajax->Mostrar Comentarios:  
Fri Oct 19 23:14:04 BOT 2012: Ajax-> Mostrar  Nombre Genero > tono:108594 
Fri Oct 19 23:16:34 BOT 2012: MTD_DB_BUSCAR_ARTISTAS > retornando registros:43
Fri Oct 19 23:23:30 BOT 2012: Ajax->Mostrar Reproducciones:  
Fri Oct 19 23:28:52 BOT 2012: Ajax->Mostrar Nombre Artista:  
Fri Oct 19 23:29:13 BOT 2012: Busqueda Inteligente: 
Fri Oct 19 23:30:01 BOT 2012: Ajax-> Mostrar Ranking > tono:103086 
Fri Oct 19 23:40:00 BOT 2012: Ajax->Mostrar Imagen Portada:  
Fri Oct 19 23:57:54 BOT 2012: Asignar backtone escuchado > Asi termino:272,145313,145315,142904,142894,142906,142908,145311,105250,103375,105249,103369,103049,103048,104083,104270,103520,103518,105833,104631,
