Thu Dec 29 0:03:27 BOT 2011: Ajax-> Mostrar  Imagen Portada> Album:albumes/album-default.jpg
Thu Dec 29 0:05:22 BOT 2011: Ajax-> Mostrar Megusta> tono:112459 
Thu Dec 29 0:08:59 BOT 2011: Ajax-> Mostrar  Imagen Portada> tono:102824 
Thu Dec 29 0:09:53 BOT 2011: ASYNC -> STATS> Tiempo respuesta 0.003096 seg.
Thu Dec 29 0:10:44 BOT 2011: Mostrar Ranking: tono:103029 calificacion: 
Thu Dec 29 0:13:27 BOT 2011: Busqueda Inteligente: Resultado 
 119842;Enamorados;Luis Miguel;Latinas
119848;Hablame de Luis Miguel  ;Luis Miguel;Latinas
119847;Isabel de Luis Miguel;Luis Miguel;Latinas
119852;La chica del bikini azul ;Luis Miguel;Latinas
119859;Los muchachos de hoy ;Luis Miguel;Latinas
119851;Me gustas tal como eres ;Luis Miguel;Latinas
119857;No me puedes dejar asi ;Luis Miguel;Latinas
119850;Palabra de Honor ;Luis Miguel;Latinas
119855;Soy como soy ;Luis Miguel;Latinas
133858;Extra Extra;Miguel Mateos;Rock
133873;Llamame Si Me Necesitas;Miguel Mateos;Rock
133872;Lola ;Miguel Mateos;Latinas
109551;miguel;Homero;Mi Promo ConTigo
141049;San Miguel Arcangel Coro;ALdo Pe침a;Carnaval
141050;San Miguel Arcangel Coro;ALdo Pe침a;Carnaval
141052;San Miguel Arcangel Introduccion;ALdo Pe침a;Carnaval
134019;Solo Una Noche;Miguel Mateos;Latinas
134024;Solo Una Noche;Miguel Mateos;Latinas
104457;Te amo pero no quiero;Miguel Angel;Cumbia
133854;Tira Para Arriba;Miguel Mateos;Latinas
128;Tu eres la culpable;Miguel Play;Latinas
119853;Directo al corazon;Luis Miguel;Latinas
102672;Abrazar La Vida;Luis Fonsi;Luis Fonsi
102673;amor secreto;Luis Fonsi;Luis Fonsi
104670;Aqui estoy yo;Luis Fonsi;Luis Fonsi
105078;Aqui estoy yo (Dance remix);Luis Fonsi;Luis Fonsi
105077;Aqui estoy yo (Urban remix);Luis Fonsi;Luis Fonsi
103029;aunque estes con el;Luis Fonsi;Luis Fonsi
102718;Blooming1 contra Olimpia;Luis Carlos;Blooming
109915;cuando me enamoro;Enrique Iglesias feat Juan Luis Guerra;TOP 5
106005;Cuando me enamoro-;Enrique Iglesias feat Juan Luis Guerra;TOP 5
126853;Gritar;Luis Fonsi;Latinas
102674;Imaginame Sin Ti;Luis Fonsi;Luis Fonsi
126175;Invisible feat Luis Enrique and DJ Kane;A.B. Quintanilla;Cumbia
103030;la mentira;Luis Fonsi;Luis Fonsi
103031;lagrimas del mar;Luis Fonsi;Luis Fonsi
103032;llueve por dentro;Luis Fonsi;Luis Fonsi
109533;luis;Homero;Mi Promo ConTigo
106359;Luis-;Nombre Reggaeton;TU NOMBRE
102619;no me doy por vencido;Luis Fonsi;Luis Fonsi
103033;otro dia sera;Luis Fonsi;Luis Fonsi
103034;Persiguiendo el paraiso;Luis Fonsi;Luis Fonsi
103035;quien le va a decir;Luis Fonsi;Luis Fonsi
137266;Respira;Luis Fonsi;Latinas
103036;tienes razon;Luis Fonsi;Luis Fonsi
103037;todo lo que tengo;Luis Fonsi;Luis Fonsi
103038;todo vuelve a empezar;Luis Fonsi;Luis Fonsi
104190; Canita Canaveral;Banda Juventud Centralistas de La Paz;Carnaval
104189; El Tio;Banda Juventud Centralistas de La Paz;Carnaval
104195; Mi Fiel Promesa;Banda Juventud Centralistas de La Paz;Carnaval
110495;A donde vamos a parar;Marco Antonio Solis;Latinas
142166;Analista Pol칤tico;Go Media;Chistes
104193;Ay Rosita;Banda Juventud Centralistas de La Paz;Carnaval
129891;Cerca Como El Habla feat Melissa Romero;Jesus Adrian Romero;Cristianas
102675;donde estara mi primavera;Marco Antonio Solis;Marco Antonio Solis
104074;El Jalisciense Remix;Vicente Fernandez;Vicente Fernandez
102645;El liston de tu pelo;DR;Latinas
130815;El liston de tu pelo;Los Angeles Azules Opratel;Mi Promo ConTigo
142132;Envidia;Culisueltas_MG;Cumbia
118744;Gettin over (feat Chris Willis);David Guetta;David Guetta
103954;Homero riendose de Lisa;Homero;Sonidos
142134;La culisuelta;Culisueltas_MG;Cumbia
102676;la venia bendita;Marco Antonio Solis;Marco Antonio Solis
142136;Latigo;Culisueltas_MG;Cumbia
103682;Listen from the motion picture Dreamgirls;Beyonce;Pop
131632;Listen Like Thieves;INXS;Rock
102677;Mas que tu amigo;Marco Antonio Solis;Marco Antonio Solis
105374;Mas Que Tu Amigo Live Version;Marco Antonio Soliz;Marco Antonio Solis
102678;morenita;Marco Antonio Solis;Marco Antonio Solis
102974;no molestar;Marco Antonio Solis;Marco Antonio Solis
102679;No puedo olvidarla;Marco Antonio Solis;Marco Antonio Solis
102680;O me voy o te vas;Marco Antonio Solis;Marco Antonio Solis
142138;Pienso en ti;Culisueltas_MG;Cumbia
142140;Pienso en ti 2;Culisueltas_MG;Cumbia
142141;Rakataka;Culisueltas_MG;Cumbia
142143;Rakataka2;Culisueltas_MG;Cumbia
104191;Recuerdos;Banda Juventud Centralistas de La Paz;Carnaval
105621;saya centralista;BANDAS;Carnaval
102681;Si te pudiera mentir;Marco Antonio Solis;Marco Antonio Solis
105370;Si Te Pudiera Mentir (Live Version);Marco Antonio Soliz;Marco Antonio Solis
102682;Te Voy A Esperar;Marco Antonio Solis;Marco Antonio Solis
105377;Yo Creia Que Si (Album version);Marco Antonio Soliz;Marco Antonio Solis
105365;ㅁmor En Silencio (Live Version);Marco Antonio Soliz;Marco An 
Thu Dec 29 0:16:29 BOT 2011: Ajax->Mostrar Comentarios:  
Thu Dec 29 12:16:22 BOT 2011: Mostrar Comentarios : tono:103462 
Thu Dec 29 16:12:54 BOT 2011: Ajax-> Mostrar  Nombre Artista > tono:103571 
Thu Dec 29 16:13:36 BOT 2011: Ajax->Mostrar Comentarios:  
Thu Dec 29 16:15:06 BOT 2011: Ajax->Mostrar Ranking:  
Thu Dec 29 16:15:36 BOT 2011: Ajax->Mostrar Reproducciones:  
Thu Dec 29 16:15:36 BOT 2011: Ajax-> Login Usuario msisdn:   pin: > Validar msisdn
Thu Dec 29 16:16:00 BOT 2011: Ajax->Mostrar Nombre Genero:  
Thu Dec 29 16:16:09 BOT 2011: Ajax->Mostrar Comentarios:  
Thu Dec 29 16:16:27 BOT 2011: ASYNC -> STATS> Tiempo respuesta -0.042758 seg.
Thu Dec 29 16:16:27 BOT 2011: Ajax->Mostrar Comentarios:  
Thu Dec 29 16:16:30 BOT 2011: ASYNC -> STATS> Tiempo respuesta 0.812482 seg.
Thu Dec 29 16:16:30 BOT 2011: Ajax->Mostrar Comentarios:  
Thu Dec 29 16:17:13 BOT 2011: Ajax->Mostrar Nombre Genero:  
Thu Dec 29 16:17:16 BOT 2011: Mostrar Cantidad reproducciones: tono:139960 cantidad: 0
Thu Dec 29 16:17:22 BOT 2011: Ajax-> Mostrar Ranking > tono:141881 
Thu Dec 29 16:17:55 BOT 2011: Ajax->Mostrar Nombre Genero:  
Thu Dec 29 16:18:25 BOT 2011: Busqueda Inteligente: resultados >102621
Thu Dec 29 16:18:31 BOT 2011: ASYNC -> STATS> Tiempo respuesta 0.011756 seg.
Thu Dec 29 16:19:46 BOT 2011: Ajax->Mostrar Megusta:  
Thu Dec 29 16:21:25 BOT 2011: ASYNC -> STATS> Tiempo respuesta -0.078541 seg.
Thu Dec 29 16:21:34 BOT 2011: Ajax-> Mostrar  Nombre Artista > tono:137261 
Thu Dec 29 16:22:10 BOT 2011: WEB REPROD BUSQ > Facebook link: http%3A%2F%2Fbacktones.tigo.com.bo%2Fv3%2Findex.php%3Fseccion%3Dplaylist%26genero%3D104%26f%3D1%26t%3D123123
Thu Dec 29 16:22:49 BOT 2011: Ajax-> Mostrar  Nombre Genero > tono:140795 
Thu Dec 29 16:23:25 BOT 2011: Ajax->Mostrar Reproducciones:  
Thu Dec 29 16:23:43 BOT 2011: Asignar backtone escuchado > Asi termino:103640,125517,508,105712,110097,130832,104383,104794,104510,104215,104294,
Thu Dec 29 16:23:49 BOT 2011: Ajax->Mostrar Reproducciones:  
Thu Dec 29 16:26:11 BOT 2011: Ajax-> Mostrar  Genero > G&eacute;nero:  <a href='index.php?seccion=playlist&genero=98'>Brasileras</a>
Thu Dec 29 16:26:44 BOT 2011: Ajax->Mostrar Megusta:  
Thu Dec 29 16:27:59 BOT 2011: ASYNC -> STATS> Tiempo respuesta 0.001475 seg.
Thu Dec 29 16:27:59 BOT 2011: Ajax-> Mostrar Ranking > tono:104174 
Thu Dec 29 16:30:41 BOT 2011: Ajax-> Mostrar  Imagen Portada> tono:103284 
Thu Dec 29 16:33:36 BOT 2011: ASYNC -> STATS> Tiempo respuesta 0.006324 seg.
Thu Dec 29 16:36:00 BOT 2011: Ajax-> Mostrar Comentarios> tono:103239 
Thu Dec 29 16:36:27 BOT 2011: ASYNC -> STATS> Tiempo respuesta 0.158531 seg.
Thu Dec 29 16:36:39 BOT 2011: Mostrar Ranking: tono:126169 calificacion: 
Thu Dec 29 16:36:45 BOT 2011: ASYNC -> STATS> Tiempo respuesta -0.122874 seg.
Thu Dec 29 16:37:09 BOT 2011: Ajax-> Mostrar Ranking > tono:103736 
Thu Dec 29 16:39:43 BOT 2011: Ajax-> Mostrar Ranking > tono:133413 
Thu Dec 29 16:40:28 BOT 2011: ASYNC -> STATS> Tiempo respuesta 0.001969 seg.
Thu Dec 29 16:41:25 BOT 2011: Ajax-> Mostrar  Imagen Portada> tono:102978 
Thu Dec 29 16:42:07 BOT 2011: Ajax->Mostrar Comentarios:  
Thu Dec 29 16:43:25 BOT 2011: ASYNC -> STATS> Tiempo respuesta 0.009615 seg.
Thu Dec 29 16:44:16 BOT 2011: ASYNC -> STATS> Tiempo respuesta 0.0059360000000001 seg.
Thu Dec 29 16:46:16 BOT 2011: Asignar backtone escuchado > Asi termino:126149,126170,126147,126169,127423,127450,127424,126146,126098,104648,104299,104358,104357,103130,128610,103506,149,104296,103708,
Thu Dec 29 16:47:53 BOT 2011: Session Start>  session por defecto 
Thu Dec 29 16:48:20 BOT 2011: Ajax-> Mostrar  Nombre Genero > tono:103194 
Thu Dec 29 16:49:11 BOT 2011: Ajax-> Mostrar  Nombre Genero > tono:106266 
Thu Dec 29 16:49:14 BOT 2011: Check Session > msisdn: 77800725 > Usuario Valido 
Thu Dec 29 16:49:14 BOT 2011: Ajax->Mostrar Reproducciones:  
Thu Dec 29 16:49:32 BOT 2011: Ajax-> Mostrar Ranking > tono:104030 
Thu Dec 29 16:49:50 BOT 2011: Ajax->Mostrar Imagen Portada:  
Thu Dec 29 16:50:53 BOT 2011: Ajax-> Mostrar Comentarios> tono:142932 
Thu Dec 29 16:51:11 BOT 2011: Asignar backtone escuchado > Asi termino:142933,142932,142930,142929,142927,142926,142924,142923,142921,142919,142918,142914,142912,142910,136644,136640,136639,136637,136636,142936,
Thu Dec 29 16:52:20 BOT 2011: Mostrar Megusta > tono: 104294 msisdn:75660552 > cantidad de registros: 0
Thu Dec 29 16:53:33 BOT 2011: Ajax-> Mostrar Ranking > tono:127447 
Thu Dec 29 16:53:48 BOT 2011: Ajax-> Mostrar Ranking > tono:135727 
Thu Dec 29 16:53:51 BOT 2011: Ajax->Mostrar Comentarios:  
Thu Dec 29 16:55:51 BOT 2011: Ajax->Mostrar Comentarios:  
Thu Dec 29 16:56:30 BOT 2011: Asignar backtone escuchado > Asi termino:104872,103415,105392,104982,102985,104510,104508,141109,140847,141920,140849,142233,133441,141113,141114,141116,140838,140840,137884,131805,
Thu Dec 29 16:56:36 BOT 2011: ASYNC -> STATS> Tiempo respuesta 0.011556 seg.
Thu Dec 29 16:56:42 BOT 2011: Msisdn:78869065 ingreso exitoso de billing tono: 104503 
Thu Dec 29 16:57:30 BOT 2011: Ajax->Mostrar Comentarios:  
Thu Dec 29 16:58:06 BOT 2011: Ajax-> Mostrar Comentarios> tono:102624 
Thu Dec 29 16:59:09 BOT 2011: Ajax->Mostrar Comentarios:  
Thu Dec 29 17:01:16 BOT 2011: Ajax->Mostrar Ranking:  
Thu Dec 29 17:01:46 BOT 2011: Mostrar Ranking: tono:104393 calificacion: 4
Thu Dec 29 17:01:46 BOT 2011: ASYNC -> STATS> Tiempo respuesta 0.001338 seg.
Thu Dec 29 17:01:55 BOT 2011: ASYNC -> STATS> Tiempo respuesta 0.001526 seg.
Thu Dec 29 17:01:55 BOT 2011: ASYNC -> STATS> Tiempo respuesta 0.17497 seg.
Thu Dec 29 17:01:55 BOT 2011: Ajax->Mostrar Ranking:  
Thu Dec 29 17:01:55 BOT 2011: Ajax->Mostrar Ranking:  
Thu Dec 29 17:06:04 BOT 2011: Asignar backtone escuchado > Asi termino:109242,135727,104279,448,109314,102650,102693,103342,109240,104393,240,109322,103343,104278,109249,109320,109247,109318,109317,246,
Thu Dec 29 17:07:50 BOT 2011: Ajax->Mostrar Ranking:  
Thu Dec 29 17:07:50 BOT 2011: Ajax->Mostrar Nombre Artista:  
Thu Dec 29 17:08:05 BOT 2011: WEB_REPRODUCIR_BUSQUEDA > Se recibieron:50 tonos
Thu Dec 29 17:09:20 BOT 2011: ASYNC -> STATS> Tiempo respuesta 0.004775 seg.
Thu Dec 29 17:09:53 BOT 2011: Ajax->Mostrar Imagen Portada:  
Thu Dec 29 17:09:59 BOT 2011: Ajax->Mostrar Comentarios:  
Thu Dec 29 17:10:14 BOT 2011: ASYNC -> STATS> Tiempo respuesta 0.006164 seg.
Thu Dec 29 17:10:29 BOT 2011: Ajax->Mostrar Ranking:  
Thu Dec 29 17:12:20 BOT 2011: Ajax->Mostrar Nombre Genero:  
Thu Dec 29 17:12:20 BOT 2011: Ajax->Mostrar Reproducciones:  
Thu Dec 29 17:12:23 BOT 2011: ASYNC -> STATS> Tiempo respuesta 0.006779 seg.
Thu Dec 29 17:13:59 BOT 2011: Ajax->Mostrar Ranking:  
Thu Dec 29 17:14:15 BOT 2011: ASYNC -> STATS> Tiempo respuesta -0.982068 seg.
Thu Dec 29 17:15:03 BOT 2011: Ajax->Mostrar Comentarios:  
Thu Dec 29 17:15:09 BOT 2011: STATS > BUSQUEDA DE BACKTONE >Tiempo: 0.040355 seg. | registros: 73
Thu Dec 29 17:15:39 BOT 2011: Ajax-> Mostrar Ranking > tono:125513 
Thu Dec 29 17:21:24 BOT 2011: ASYNC -> STATS> Tiempo respuesta 0.00527 seg.
Thu Dec 29 17:24:25 BOT 2011: Ajax->Mostrar Reproducciones:  
Thu Dec 29 17:25:31 BOT 2011: Ajax->Mostrar Nombre Artista:  
Thu Dec 29 17:25:31 BOT 2011: Ajax->Mostrar Imagen Portada:  
Thu Dec 29 17:27:22 BOT 2011: ASYNC -> STATS> Tiempo respuesta 0.008124 seg.
Thu Dec 29 17:27:58 BOT 2011: Ajax->Mostrar Reproducciones:  
Thu Dec 29 17:28:16 BOT 2011: MTD_DB_BUSCAR_ARTISTAS > retornando registros:20
Thu Dec 29 17:28:35 BOT 2011: Ajax->Mostrar Ranking:  
Thu Dec 29 17:29:23 BOT 2011: Ajax->Mostrar Nombre Genero:  
Thu Dec 29 17:29:32 BOT 2011: Ajax->Mostrar Nombre Artista:  
Thu Dec 29 17:30:26 BOT 2011: ASYNC -> STATS> Tiempo respuesta -0.073582 seg.
Thu Dec 29 17:31:14 BOT 2011: Ajax->Mostrar Nombre Artista:  
Thu Dec 29 17:33:02 BOT 2011: Ajax-> Mostrar  Nombre Genero > tono:129217 
Thu Dec 29 17:33:41 BOT 2011: Mostrar Cantidad reproducciones: tono:103600 cantidad: 0
Thu Dec 29 17:33:41 BOT 2011: Ajax->Eliminando backtone: msisdn:76973351   
Thu Dec 29 17:36:18 BOT 2011: Asignar backtone escuchado > Asi termino:105534,142929,102818,102622,
Thu Dec 29 17:37:33 BOT 2011: ASYNC -> STATS> Tiempo respuesta 0.010354 seg.
Thu Dec 29 17:37:36 BOT 2011: ASYNC -> STATS> Tiempo respuesta -0.706074 seg.
Thu Dec 29 17:37:36 BOT 2011: Ajax->Mostrar Ranking:  
Thu Dec 29 17:37:36 BOT 2011: Ajax->Mostrar Megusta:  
Thu Dec 29 17:38:00 BOT 2011: Ajax->Mostrar Imagen Portada:  
Thu Dec 29 17:38:48 BOT 2011: ASYNC -> STATS> Tiempo respuesta 0.246547 seg.
Thu Dec 29 17:41:03 BOT 2011: Ajax-> Mostrar Ranking > tono:104001 
Thu Dec 29 17:42:33 BOT 2011: Ajax->Mostrar Comentarios:  
Thu Dec 29 17:42:46 BOT 2011: Ajax->Mostrar Megusta:  
Thu Dec 29 17:43:04 BOT 2011: Asignar backtone escuchado > Asi termino:106005,104393,240,102630,141880,141881,142527,102531,126096,105771,126098,577,104470,104468,105006,105500,122289,104469,129433,104472,
Thu Dec 29 17:43:52 BOT 2011: ASYNC -> STATS> Tiempo respuesta 0.006928 seg.
Thu Dec 29 17:44:10 BOT 2011: Ajax->Mostrar Nombre Artista:  
Thu Dec 29 17:44:10 BOT 2011: Mostrar Genero: >G&eacute;nero:  <a href='index.php?seccion=playlist&genero=96'>Bachata y Vallenato</a>
Thu Dec 29 17:44:16 BOT 2011: Mostrar Genero: >G&eacute;nero:  <a href='index.php?seccion=playlist&genero=171'>Mi Promo ConTigo</a>
Thu Dec 29 17:44:19 BOT 2011: Ajax->Mostrar Nombre Genero:  
Thu Dec 29 17:44:46 BOT 2011: Ajax->Mostrar Ranking:  
Thu Dec 29 17:45:10 BOT 2011: ASYNC -> STATS> Tiempo respuesta 0.026185 seg.
Thu Dec 29 17:45:40 BOT 2011: Ajax->Mostrar Nombre Artista:  
Thu Dec 29 17:45:49 BOT 2011: Asignar backtone escuchado > Asi termino:103628,572,112702,102672,104024,103086,163,103991,103466,103469,103790,102630,103614,102973,104685,103613,104003,104439,102949,102977,
Thu Dec 29 17:46:28 BOT 2011: Ajax->Mostrar Nombre Genero:  
Thu Dec 29 17:46:40 BOT 2011: ASYNC -> STATS> Tiempo respuesta 0.004208 seg.
Thu Dec 29 17:46:46 BOT 2011: ASYNC -> STATS> Tiempo respuesta 0.50474 seg.
Thu Dec 29 17:46:46 BOT 2011: ASYNC -> STATS> Tiempo respuesta 0.137751 seg.
Thu Dec 29 17:46:46 BOT 2011: Consulta de precio de reason:2 - msisdn: tono:123218 Async responde:350
 
Thu Dec 29 17:46:49 BOT 2011: ASYNC -> STATS> Tiempo respuesta 0.542114 seg.
Thu Dec 29 17:47:04 BOT 2011: Mostrar Album: >Artista:  <a href='index.php?seccion=playlist&autor=555'>HA ASH</a>
Thu Dec 29 17:48:16 BOT 2011: Ajax->Mostrar Nombre Artista:  
Thu Dec 29 17:49:04 BOT 2011: ASYNC -> STATS> Tiempo respuesta 0.127294 seg.
Thu Dec 29 17:49:10 BOT 2011: ASYNC -> STATS> Tiempo respuesta 0.027685 seg.
Thu Dec 29 17:49:13 BOT 2011: ASYNC -> STATS> Tiempo respuesta 0.012976 seg.
Thu Dec 29 17:49:13 BOT 2011: Ajax->Mostrar Megusta:  
Thu Dec 29 17:49:50 BOT 2011: Asignar backtone escuchado > Asi termino:103640,102675,102890,102978,102626,102791,103275,102638,102876,200,116505,103239,116502,116504,104029,103090,103782,104028,103993,103238,
Thu Dec 29 17:50:50 BOT 2011: Ajax->Mostrar Nombre Genero:  
Thu Dec 29 17:51:05 BOT 2011: Ajax-> Mostrar Ranking > tono:104031 
Thu Dec 29 17:51:53 BOT 2011: Mostrar Genero: >G&eacute;nero:  <a href='index.php?seccion=playlist&genero=155'>Romanticas</a>
Thu Dec 29 17:53:20 BOT 2011: Asignar backtone escuchado > Asi termino:103131,103512,128610,105266,103128,103508,149,
Thu Dec 29 17:53:26 BOT 2011: Asignar backtone escuchado > Asi termino:103510,103273,103511,103131,103512,128610,105266,103128,103508,149,
Thu Dec 29 17:53:26 BOT 2011: Asignar backtone escuchado > Asi termino:142929,142927,142926,142924,142923,142921,142919,142918,142914,142912,142910,136644,136640,136639,136637,136636,142936,142935,142933,142932,
Thu Dec 29 17:55:02 BOT 2011: ASYNC -> STATS> Tiempo respuesta 0.00736 seg.
Thu Dec 29 17:58:57 BOT 2011: Consulta de precio de reason:3 - msisdn: tono:104643 Async responde:350
 
Thu Dec 29 18:03:33 BOT 2011: Ajax->Mostrar Ranking:  
Thu Dec 29 18:04:43 BOT 2011: Check Session > msisdn: 77739852 > Usuario Valido 
Thu Dec 29 18:04:55 BOT 2011: Ajax->Mostrar Imagen Portada:  
Thu Dec 29 18:06:10 BOT 2011: Ajax-> Mostrar Megusta> tono:135727 
Thu Dec 29 18:07:04 BOT 2011: Ajax->Mostrar Comentarios:  
Thu Dec 29 18:09:07 BOT 2011: Consulta de precio de reason:3 - msisdn: tono:126853 Async responde:350
 
Thu Dec 29 18:10:28 BOT 2011: Ajax-> Mostrar Megusta> tono:103462 
Thu Dec 29 18:10:43 BOT 2011: Busqueda Inteligente: resultados >102626
Thu Dec 29 18:10:52 BOT 2011: Ajax->Mostrar Nombre Genero:  
Thu Dec 29 18:10:52 BOT 2011: Ajax->Mostrar Imagen Portada:  
Thu Dec 29 18:17:32 BOT 2011: Ajax->Mostrar Ranking:  
Thu Dec 29 18:18:20 BOT 2011: Ajax->Mostrar Reproducciones:  
Thu Dec 29 18:19:42 BOT 2011: Asignar backtone escuchado > Asi termino:139969,
Thu Dec 29 18:20:09 BOT 2011: Mostrar Album: >Artista:  <a href='index.php?seccion=playlist&autor=222'>PK2</a>
Thu Dec 29 18:21:09 BOT 2011: Ajax->Mostrar Megusta:  
Thu Dec 29 18:21:54 BOT 2011: ASYNC -> STATS> Tiempo respuesta 0.008726 seg.
Thu Dec 29 18:22:06 BOT 2011: Ajax-> Mostrar Ranking > tono:142919 
Thu Dec 29 18:22:51 BOT 2011: Session Start>  Chequeo de sesion
Thu Dec 29 18:23:36 BOT 2011: Ajax-> Mostrar  Nombre Genero > tono:107747 
Thu Dec 29 18:24:03 BOT 2011: ASYNC -> STATS> Tiempo respuesta 0.535374 seg.
Thu Dec 29 18:24:45 BOT 2011: Ajax-> Mostrar  Nombre Genero > tono:107751 
Thu Dec 29 18:27:31 BOT 2011: Ajax-> Mostrar  Nombre Artista > tono:140826 
Thu Dec 29 18:28:34 BOT 2011: Ajax-> Mostrar Ranking > tono:139846 
Thu Dec 29 18:29:01 BOT 2011: Ajax-> Mostrar Megusta> tono:139844 
Thu Dec 29 18:31:37 BOT 2011: ASYNC -> STATS> Tiempo respuesta 0.0055050000000001 seg.
Thu Dec 29 18:35:14 BOT 2011: Ajax->Mostrar Imagen Portada:  
Thu Dec 29 18:38:20 BOT 2011: Ajax->Mostrar Nombre Artista:  
Thu Dec 29 18:38:41 BOT 2011: Ajax-> Mostrar Ranking > tono:104598 
Thu Dec 29 18:40:30 BOT 2011: Mostrar Ranking: tono:104127 calificacion: 
Thu Dec 29 18:41:30 BOT 2011: Ajax-> Mostrar  Nombre Genero > tono:139960 
Thu Dec 29 18:43:15 BOT 2011: Ajax->Mostrar Reproducciones:  
Thu Dec 29 18:44:15 BOT 2011: Ajax-> Mostrar Ranking > tono:142923 
Thu Dec 29 18:44:18 BOT 2011: Ajax->Mostrar Megusta:  
Thu Dec 29 18:44:57 BOT 2011: Ajax->Mostrar Nombre Artista:  
Thu Dec 29 18:46:18 BOT 2011: Ajax->Mostrar Megusta:  
Thu Dec 29 18:47:43 BOT 2011: Ajax->Mostrar Comentarios:  
Thu Dec 29 18:47:46 BOT 2011: Ajax->Mostrar Imagen Portada:  
Thu Dec 29 18:48:10 BOT 2011: Ajax->Mostrar Comentarios:  
Thu Dec 29 18:48:10 BOT 2011: Ajax->Mostrar Reproducciones:  
Thu Dec 29 18:48:13 BOT 2011: Ajax-> Mostrar Ranking > tono:103979 
Thu Dec 29 18:50:04 BOT 2011: Consulta de precio de reason:2 - msisdn: tono:105001 Async responde:350
 
Thu Dec 29 18:50:55 BOT 2011: Mostrar Cantidad reproducciones: tono:103462 cantidad: 0
Thu Dec 29 18:52:10 BOT 2011: ASYNC -> STATS> Tiempo respuesta 0.002878 seg.
Thu Dec 29 18:53:46 BOT 2011: ASYNC -> STATS> Tiempo respuesta 0.004252 seg.
Thu Dec 29 18:54:26 BOT 2011: Ajax-> Mostrar Comentarios> tono:104165 
Thu Dec 29 18:54:47 BOT 2011: Ajax->Mostrar Nombre Genero:  
Thu Dec 29 18:55:05 BOT 2011: Asignar backtone escuchado > Asi termino:109318,109317,240,109320,109247,109249,109240,104393,109246,
Thu Dec 29 18:55:35 BOT 2011: Ajax->Mostrar Megusta:  
Thu Dec 29 18:57:11 BOT 2011: Ajax-> Mostrar  Nombre Artista > tono:122647 
Thu Dec 29 18:57:53 BOT 2011: ASYNC -> STATS> Tiempo respuesta 0.006144 seg.
Thu Dec 29 18:58:14 BOT 2011: Ajax->Mostrar Megusta:  
Thu Dec 29 19:06:30 BOT 2011: Ajax-> Mostrar  Imagen Portada> tono:205 
Thu Dec 29 19:06:54 BOT 2011: Asignar backtone escuchado > Asi termino:104676,135723,135286,135285,
Thu Dec 29 19:12:28 BOT 2011: Ajax->Mostrar Megusta:  
Thu Dec 29 19:12:31 BOT 2011: Ajax-> Mostrar Ranking > tono:124243 
Thu Dec 29 19:15:22 BOT 2011: Ajax-> Mostrar  Nombre Artista > tono:112704 
Thu Dec 29 19:15:44 BOT 2011: Check Session > msisdn: 78008094 > Usuario Valido 
Thu Dec 29 19:16:23 BOT 2011: Ajax-> Mostrar  Nombre Genero > tono:126993 
Thu Dec 29 19:16:26 BOT 2011: Ajax->Mostrar Nombre Artista:  
Thu Dec 29 19:17:17 BOT 2011: Ajax->Mostrar Reproducciones:  
Thu Dec 29 19:17:26 BOT 2011: Consulta de precio de reason:3 - msisdn: tono:104194 Async responde:350
 
Thu Dec 29 19:17:56 BOT 2011: Ajax->Mostrar Comentarios:  
Thu Dec 29 19:18:05 BOT 2011: Ajax->Mostrar Nombre Genero:  
Thu Dec 29 19:18:23 BOT 2011: Ajax-> Mostrar  Nombre Genero > tono:124043 
Thu Dec 29 19:19:50 BOT 2011: Ajax->Mostrar Imagen Portada:  
Thu Dec 29 19:20:53 BOT 2011: ASYNC -> STATS> Tiempo respuesta 0.640018 seg.
Thu Dec 29 19:20:59 BOT 2011: Consulta de precio de reason:5 - msisdn: tono:142935 Async responde:350
 
Thu Dec 29 19:21:05 BOT 2011: ASYNC -> STATS> Tiempo respuesta 0.181195 seg.
Thu Dec 29 19:21:08 BOT 2011: Error al consultar precio de renovacion - msisdn: tono:133791 - Async responde -3
Thu Dec 29 19:21:11 BOT 2011: ASYNC -> STATS> Tiempo respuesta -0.177712 seg.
Thu Dec 29 19:21:53 BOT 2011: Mostrar Ranking: tono:136636 calificacion: 
Thu Dec 29 19:24:48 BOT 2011: Ajax->Mostrar Megusta:  
Thu Dec 29 19:27:12 BOT 2011: ASYNC -> STATS> Tiempo respuesta 0.0080469999999999 seg.
Thu Dec 29 19:27:36 BOT 2011: Ajax-> Mostrar Megusta> tono:104152 
Thu Dec 29 19:33:34 BOT 2011: Mostrar Album: >Artista:  <a href='index.php?seccion=playlist&autor=1109'>Chino y Nacho</a>
Thu Dec 29 19:36:46 BOT 2011: Asignar backtone escuchado > Asi termino:126736,103500,142115,130804,130814,136258,
Thu Dec 29 19:37:07 BOT 2011: ASYNC -> STATS> Tiempo respuesta 0.852392 seg.
Thu Dec 29 19:38:20 BOT 2011: Busqueda Inteligente: 
Thu Dec 29 19:42:20 BOT 2011: Ajax->Mostrar Nombre Genero:  
Thu Dec 29 19:43:26 BOT 2011: Ajax->Mostrar Nombre Artista:  
Thu Dec 29 19:45:17 BOT 2011: Ajax->Mostrar Ranking:  
Thu Dec 29 19:47:54 BOT 2011: Ajax-> Mostrar Megusta> tono:240 
Thu Dec 29 19:48:45 BOT 2011: Ajax->Mostrar Megusta:  
Thu Dec 29 19:49:06 BOT 2011: Ajax->Mostrar Nombre Artista:  
Thu Dec 29 19:49:15 BOT 2011: Ajax-> Mostrar Ranking > tono:141055 
Thu Dec 29 19:51:21 BOT 2011: Ajax->Mostrar Imagen Portada:  
Thu Dec 29 19:52:28 BOT 2011: Ajax->Mostrar Reproducciones:  
Thu Dec 29 19:52:37 BOT 2011: Busqueda Inteligente: 
Thu Dec 29 19:53:13 BOT 2011: Mostrar Album: >Artista:  <a href='index.php?seccion=playlist&autor=1552'>Michel Tel칩</a>
Thu Dec 29 19:54:52 BOT 2011: Ajax->Mostrar Reproducciones:  
Thu Dec 29 19:56:34 BOT 2011: Ajax->Mostrar Ranking:  
Thu Dec 29 19:56:40 BOT 2011: Asignar backtone escuchado > Asi termino:128670,104213,128672,104643,102776,104291,102777,102778,128606,537,103992,104024,102650,240,109617,103274,163,104171,257,109339,
Thu Dec 29 19:56:55 BOT 2011: ASYNC -> STATS> Tiempo respuesta 0.041505 seg.
Thu Dec 29 19:58:31 BOT 2011: ASYNC -> STATS> Tiempo respuesta 0.005015 seg.
Thu Dec 29 20:00:23 BOT 2011: Ajax-> Mostrar Comentarios> tono:104393 
Thu Dec 29 20:01:35 BOT 2011: Asignar backtone escuchado > Asi termino:127256,132102,124958,560,68,104310,124956,121513,122283,126736,103500,142115,130804,130814,136258,
Thu Dec 29 20:01:35 BOT 2011: Asignar backtone escuchado > Asi termino:104087,105096,102976,104590,133404,133666,
Thu Dec 29 20:02:02 BOT 2011: Ajax->Mostrar Imagen Portada:  
Thu Dec 29 20:02:32 BOT 2011: Session Start>  session por defecto 
Thu Dec 29 20:02:32 BOT 2011: Session Start>  session por defecto 
Thu Dec 29 20:04:05 BOT 2011: Ajax->Mostrar Nombre Artista:  
Thu Dec 29 20:05:14 BOT 2011: WEB REPROD BUSQ > Facebook link: http%3A%2F%2Fbacktones.tigo.com.bo%2Fv3%2Findex.php%3Fseccion%3Dplaylist%26genero%3D112%26f%3D1%26t%3D123123
Thu Dec 29 20:06:02 BOT 2011: Ajax->Mostrar Megusta:  
Thu Dec 29 20:06:45 BOT 2011: Ajax->Mostrar Imagen Portada:  
Thu Dec 29 20:07:27 BOT 2011: Asignar backtone escuchado > Asi termino:129675,138286,130804,131615,123718,135057,128223,139846,139844,139838,
Thu Dec 29 20:07:30 BOT 2011: Error al consultar precio de renovacion - msisdn: tono:104465 - Async responde -3
Thu Dec 29 20:07:33 BOT 2011: Ajax->Mostrar Reproducciones:  
Thu Dec 29 20:08:03 BOT 2011: Asignar backtone escuchado > Asi termino:103086,103790,102630,
Thu Dec 29 20:08:39 BOT 2011: Ajax->Mostrar Megusta:  
Thu Dec 29 20:11:00 BOT 2011: ASYNC -> STATS> Tiempo respuesta 0.130383 seg.
Thu Dec 29 20:12:33 BOT 2011: Ajax->Mostrar Reproducciones:  
Thu Dec 29 20:19:07 BOT 2011: Ajax-> Mostrar Megusta> tono:103113 
Thu Dec 29 20:19:37 BOT 2011: Asignar backtone escuchado > Asi termino:104658,82,120,104108,127374,571,104660,115937,105647,115946,24,115945,104659,112707,112469,122287,133698,103166,115941,103474,
Thu Dec 29 20:20:52 BOT 2011: Ajax->Mostrar Nombre Genero:  
Thu Dec 29 20:29:24 BOT 2011: Mostrar Album: >albumes/album-default.jpg
Thu Dec 29 20:34:30 BOT 2011: Ajax->Mostrar Nombre Artista:  
Thu Dec 29 20:35:36 BOT 2011: Ajax-> Mostrar Ranking > tono:106351 
Thu Dec 29 20:37:28 BOT 2011: Check Session > msisdn: 77978968 > Usuario Valido 
Thu Dec 29 20:37:49 BOT 2011: Ajax-> Mostrar Ranking > tono:105276 
Thu Dec 29 20:38:04 BOT 2011: Ajax->Mostrar Imagen Portada:  
Thu Dec 29 20:39:28 BOT 2011: Ajax-> Mostrar Ranking > tono:103273 
Thu Dec 29 20:41:13 BOT 2011: Ajax->Mostrar Imagen Portada:  
Thu Dec 29 20:41:34 BOT 2011: Ajax->Mostrar Comentarios:  
Thu Dec 29 20:42:31 BOT 2011: ASYNC -> STATS> Tiempo respuesta 0.016272 seg.
Thu Dec 29 20:45:50 BOT 2011: Ajax->Mostrar Reproducciones:  
Thu Dec 29 20:46:47 BOT 2011: Ajax->Mostrar Nombre Artista:  
Thu Dec 29 20:46:47 BOT 2011: Ajax->Mostrar Megusta:  
Thu Dec 29 20:47:14 BOT 2011: Asignar backtone escuchado > Asi termino:110374,106390,131645,84,129924,102646,103474,103328,102622,107760,107758,107757,107755,107752,107751,107749,107747,107794,107788,107763,
Thu Dec 29 20:51:03 BOT 2011: Ajax->Mostrar Reproducciones:  
Thu Dec 29 20:51:42 BOT 2011: Asignar backtone escuchado > Asi termino:118725,118728,118727,118724,121513,105365,129675,123218,142912,103876,
Thu Dec 29 20:51:54 BOT 2011: Ajax-> Mostrar  Nombre Artista > tono:123540 
Thu Dec 29 20:52:48 BOT 2011: ASYNC -> STATS> Tiempo respuesta 0.007892 seg.
Thu Dec 29 20:54:09 BOT 2011: ASYNC -> STATS> Tiempo respuesta 0.008671 seg.
Thu Dec 29 20:54:27 BOT 2011: Ajax->Mostrar Imagen Portada:  
Thu Dec 29 20:55:39 BOT 2011: Asignar backtone escuchado > Asi termino:133434,104817,131823,104663,
Thu Dec 29 20:57:22 BOT 2011: Busqueda Inteligente: Resultado 
 130364;Goodbye;RKM & Ken y;Latinas
129927;Mas  ;RKM & Ken y;Reggaeton
133452;Mi Corazon Esta Muerto;RKM & Ken y;Reggaeton
133453;Mi Corazon Esta Muerto;RKM & Ken y;Reggaeton
105248;Mis dias sin ti remix;RKM & Ken y;Latinas
133454;Prefiero Morir;RKM & Ken y;Latinas
133859;Prefiero Morir Remix;RKM & Ken y;Reggaeton
133865;Te Doy Una Rosa;RKM & Ken y;Reggaeton
135674;Yo Se Feat Arthur Hanlon;RKM & Ken y;Latinas
128220;Lloras Feat RKM and Ken Y;Plan B;Reggaeton
120233;Me estas tentando W&Y;Wisin y Yandel;Reggaeton
130360;Hoy lo siento Opratel;Zion y Lennox Opratel;Mi Promo ConTigo
103682;Listen from the motion picture Dreamgirls;Beyonce;Pop
121499;Pablo Fernandez centro de asistencia gay;opratel;Promoci蚤 Te Matamos de Risa
102823;veni raquel;Autenticos decadentes;Latinas
104092;Hoy te vengo a bendecir;Jesus A Romero;Cristianas
104328;Si Ya No Estas;RKM;Latinas
104330;Tuve Un Sueno;RKM;Latinas
130986;Mi Amor Es Pobre Feat Ken Y and Arcangel;Tony Dize;Latinas
120971;The twelve days of Christmas;Kenny Garcia;Navidad
104165; Soy Tarateno;Banda Poopo;Carnaval
124025;A year without rain;Selena Gomez;Pop
107775;Isa Que tengas una llamada Increible-MTV ISA TKM;MTV;MTV
107785;Linda te Ensena a Bailar-MTV ISA TKM;MTV;MTV
102727;Enamorame;Jesus A Romero;Cristianas
123044;katy Karamelo;Kati Karamelo;Salsa y Merengue
104263;Levanten las manos;La Rama;Latinas
387;Nos Enamoramos;Agrupacion marilyn;Cumbia
104268;Ven devorame otra vez;Covertone;Latinas
128462;Y voy a ser feliz;Kati Karamelo;Salsa y Merengue
104195; Mi Fiel Promesa;Banda Juventud Centralistas de La Paz;Carnaval
109614;belen;Homero;Mi Promo ConTigo
104481;bolivia 6 argentina1;Gooool de Bolivia;Super Promo
137820;Buenas tardes jonichi;Hans y Chivo;Promoci蚤 Te Matamos de Risa
102870;calentando me voy;David Bisal;Latinas
131816;Dices Who Says Spanish Vrs;Selena Gomez;Pop
112466;esclavo de tu piel;Dyland Lenny;Reggaeton
124047;Ghost of you;Selena Gomez;Pop
133723;Helen Wheels;Paul McCartney;Pop
105045;Himno Cruceno vRock1;Glen Vargas;BICENTENARIO
105046;Himno Cruceno vRock2;Glen Vargas;BICENTENARIO
138643;Hoy Lo Siento Feat Tony  Dize;Zion and Lennox;Latinas
103769;Hoy Todo Es Mejor;ElencoHighSchoolMusical;Infantiles
112469;Intro My World ;Dyland Lenny;Reggaeton
135717;La Cita Ft Jowell y Randy;Zion and Lennox;Reggaeton
117853;Lenceria Hot;Play Boy;Play Boy
103116;Lento;Julieta Venegas;Pop
112470;Loco Bridge;Dyland Lenny;Reggaeton
103867;Los reyes magos;Coro Belen;Navidad
131824;Love You Like A Love Song;Selena Gomez;Pop
129922;Love You Now;Zion and Lennox;Latinas
109659;magdalena;Homero;Mi Promo ConTigo
131751;My Dilemma;Selena Gomez;Pop
112468;nadie te amaria como yo;Dyland Lenny;Reggaeton
109246;no voy a morir;Pipe Bueno;Vallenatos
112707;Quiere pa que te quieran;Dyland Lenny;Reggaeton
112706;Sexo en la disco ;Dyland Lenny;Reggaeton
109249;si yo fuera ladron;Pipe Bueno;Vallenatos
124065;Sick of you; 
Thu Dec 29 20:59:10 BOT 2011: ASYNC -> STATS> Tiempo respuesta 0.004901 seg.
Thu Dec 29 20:59:58 BOT 2011: Ajax-> Mostrar Ranking > tono:104350 
Thu Dec 29 21:03:37 BOT 2011: ASYNC -> STATS> Tiempo respuesta 0.007278 seg.
Thu Dec 29 21:05:38 BOT 2011: Ajax->Mostrar Megusta:  
Thu Dec 29 21:07:44 BOT 2011: ASYNC -> STATS> Tiempo respuesta 0.011587 seg.
Thu Dec 29 21:07:50 BOT 2011: Consulta de precio de reason:10 - msisdn:77159519 tono:127298 Async responde:350
 
Thu Dec 29 21:08:20 BOT 2011: Ajax->Mostrar Comentarios:  
Thu Dec 29 21:09:44 BOT 2011: Ajax->Mostrar Nombre Genero:  
Thu Dec 29 21:10:26 BOT 2011: Ajax->Mostrar Nombre Artista:  
Thu Dec 29 21:11:57 BOT 2011: Ajax->Mostrar Imagen Portada:  
Thu Dec 29 21:15:03 BOT 2011: Ajax->Asignar modalidad backtone: msisdn:77020277   
Thu Dec 29 21:16:27 BOT 2011: WEB_REPRODUCIR_BUSQUEDA > Se recibieron:7 tonos
Thu Dec 29 21:21:28 BOT 2011: Ajax->Mostrar Comentarios:  
Thu Dec 29 21:23:13 BOT 2011: Ajax->Mostrar Comentarios:  
Thu Dec 29 21:23:19 BOT 2011: Busqueda Inteligente: resultados >103818
Thu Dec 29 21:23:52 BOT 2011: Ajax->Mostrar Nombre Genero:  
Thu Dec 29 21:29:11 BOT 2011: Ajax->Mostrar Nombre Genero:  
Thu Dec 29 21:30:05 BOT 2011: Mostrar Megusta > tono: 128307 msisdn:78480167 > cantidad de registros: 0
Thu Dec 29 21:30:32 BOT 2011: Busqueda Inteligente: resultados >125734
Thu Dec 29 21:31:23 BOT 2011: Ajax-> Mostrar Comentarios> tono:131040 
Thu Dec 29 21:31:32 BOT 2011: Ajax->Mostrar Nombre Genero:  
Thu Dec 29 21:32:03 BOT 2011: Ajax->Mostrar Nombre Genero:  
Thu Dec 29 21:33:39 BOT 2011: Ajax->Mostrar Megusta:  
Thu Dec 29 21:34:03 BOT 2011: Ajax->Mostrar Nombre Artista:  
Thu Dec 29 21:35:06 BOT 2011: Check Session > msisdn: 75273005 > Usuario Valido 
Thu Dec 29 21:36:03 BOT 2011: Ajax-> Mostrar Megusta> tono:127447 
Thu Dec 29 21:36:21 BOT 2011: Ajax-> Mostrar  Nombre Artista > tono:104206 
Thu Dec 29 21:36:21 BOT 2011: Ajax->Mostrar Megusta:  
Thu Dec 29 21:36:33 BOT 2011: ASYNC -> STATS> Tiempo respuesta 0.002965 seg.
Thu Dec 29 21:36:39 BOT 2011: Asignar backtone escuchado > Asi termino:112702,103086,103465,
Thu Dec 29 21:36:39 BOT 2011: Ajax->Mostrar Reproducciones:  
Thu Dec 29 21:38:00 BOT 2011: Asignar backtone escuchado > Asi termino:116508,105543,116505,116502,104460,112702,103086,103465,
Thu Dec 29 21:38:18 BOT 2011: Ajax->Mostrar Megusta:  
Thu Dec 29 21:38:36 BOT 2011: Busqueda Inteligente: resultados >103993
Thu Dec 29 21:40:16 BOT 2011: Asignar backtone escuchado > Asi termino:135274,103499,114,104516,104914,592,177,123010,104532,131003,118732,139838,130999,131001,139963,139844,139956,118734,139958,118752,
Thu Dec 29 21:40:37 BOT 2011: Ajax-> Mostrar  Nombre Artista > tono:123531 
Thu Dec 29 21:41:22 BOT 2011: ASYNC -> STATS> Tiempo respuesta 0.002641 seg.
Thu Dec 29 21:42:40 BOT 2011: Ajax-> Mostrar Megusta> tono:123531 
Thu Dec 29 21:42:40 BOT 2011: Ajax-> Mostrar Ranking > tono:103441 
Thu Dec 29 21:43:52 BOT 2011: Ajax-> Mostrar Comentarios> tono:110197 
Thu Dec 29 21:44:04 BOT 2011: Mostrar Comentarios : tono:105365 
Thu Dec 29 21:47:59 BOT 2011: ASYNC -> STATS> Tiempo respuesta 0.167402 seg.
Thu Dec 29 21:47:59 BOT 2011: ASYNC -> STATS> Tiempo respuesta 0.089638 seg.
Thu Dec 29 21:47:59 BOT 2011: Ajax-> Mostrar  Nombre Artista > tono:105547 
Thu Dec 29 21:48:11 BOT 2011: Mostrar Album: >albumes/BackTonesGoMedia 1.jpg
Thu Dec 29 21:48:41 BOT 2011: Ajax->Mostrar Megusta:  
Thu Dec 29 21:50:29 BOT 2011: Ajax->Mostrar Reproducciones:  
Thu Dec 29 21:51:20 BOT 2011: Ajax->Mostrar Imagen Portada:  
Thu Dec 29 21:51:23 BOT 2011: ASYNC -> STATS> Tiempo respuesta 0.010923 seg.
Thu Dec 29 21:52:18 BOT 2011: Consulta de precio de reason:2 - msisdn:75874335 tono:126147 Async responde:350
 
Thu Dec 29 21:52:36 BOT 2011: ASYNC -> STATS> Tiempo respuesta -0.758175 seg.
Thu Dec 29 21:52:48 BOT 2011: ASYNC -> STATS> Tiempo respuesta 0.00329 seg.
Thu Dec 29 21:53:21 BOT 2011: ASYNC -> STATS> Tiempo respuesta 0.006264 seg.
Thu Dec 29 21:55:06 BOT 2011: Ajax-> Mostrar Ranking > tono:104787 
Thu Dec 29 21:55:33 BOT 2011: Ajax->Mostrar Comentarios:  
Thu Dec 29 21:55:45 BOT 2011: ASYNC -> STATS> Tiempo respuesta 0.004699 seg.
Thu Dec 29 21:55:48 BOT 2011: Consulta de precio de reason:2 - msisdn: tono:103475 Async responde:350
 
Thu Dec 29 21:55:48 BOT 2011: ASYNC -> STATS> Tiempo respuesta 0.49587 seg.
Thu Dec 29 21:55:57 BOT 2011: ASYNC -> STATS> Tiempo respuesta 0.278372 seg.
Thu Dec 29 21:56:00 BOT 2011: Consulta de precio de reason:5 - msisdn: tono:103475 Async responde:350
 
Thu Dec 29 21:56:00 BOT 2011: ASYNC -> STATS> Tiempo respuesta 0.0087790000000001 seg.
Thu Dec 29 21:56:03 BOT 2011: ASYNC -> STATS> Tiempo respuesta 0.598647 seg.
Thu Dec 29 21:56:27 BOT 2011: Ajax-> Comprar Backtone: msisdn:75937737 
Thu Dec 29 22:00:19 BOT 2011: Ajax->Mostrar Nombre Genero:  
Thu Dec 29 22:00:25 BOT 2011: ASYNC -> STATS> Tiempo respuesta -0.813634 seg.
Thu Dec 29 22:01:52 BOT 2011: ASYNC -> STATS> Tiempo respuesta 0.005662 seg.
Thu Dec 29 22:03:16 BOT 2011: Ajax->Mostrar Comentarios:  
Thu Dec 29 22:05:43 BOT 2011: Ajax->Mostrar Nombre Artista:  
Thu Dec 29 22:06:41 BOT 2011: Ajax->Mostrar Nombre Genero:  
Thu Dec 29 22:06:59 BOT 2011: Ajax->Mostrar Nombre Artista:  
Thu Dec 29 22:09:05 BOT 2011: Ajax-> Mostrar Ranking > tono:109339 
Thu Dec 29 22:09:26 BOT 2011: ASYNC -> STATS> Tiempo respuesta 0.003384 seg.
Thu Dec 29 22:09:29 BOT 2011: ASYNC -> STATS> Tiempo respuesta 0.004191 seg.
Thu Dec 29 22:11:29 BOT 2011: Ajax-> Mostrar Comentarios> tono:141881 
Thu Dec 29 22:14:42 BOT 2011: Busqueda Inteligente: 
Thu Dec 29 22:16:21 BOT 2011: Ajax->Mostrar Imagen Portada:  
Thu Dec 29 22:16:42 BOT 2011: Ajax->Mostrar Reproducciones:  
Thu Dec 29 22:23:04 BOT 2011: Ajax->Mostrar Reproducciones:  
Thu Dec 29 22:29:44 BOT 2011: Asignar backtone escuchado > Asi termino:131036,123534,141105,141028,141098,141097,141078,102608,142223,104662,104038,102982,104661,141055,141088,141101,131616,105621,105619,
Thu Dec 29 22:30:38 BOT 2011: Busqueda Inteligente: intoxicados
Thu Dec 29 22:34:45 BOT 2011: Ajax->Mostrar Ranking:  
Thu Dec 29 22:36:54 BOT 2011: Busqueda Inteligente: resultados >104569
Thu Dec 29 22:38:18 BOT 2011: Ajax->Mostrar Megusta:  
Thu Dec 29 22:40:31 BOT 2011: Ajax-> Mostrar  Imagen Portada> tono:163 
Thu Dec 29 22:41:37 BOT 2011: Ajax->Mostrar Nombre Artista:  
Thu Dec 29 22:42:55 BOT 2011: Ajax->Mostrar Imagen Portada:  
Thu Dec 29 22:46:04 BOT 2011: Ajax->Mostrar Megusta:  
Thu Dec 29 22:46:43 BOT 2011: Ajax->Mostrar Reproducciones:  
Thu Dec 29 22:46:56 BOT 2011: ASYNC -> STATS> Tiempo respuesta 0.019847 seg.
Thu Dec 29 22:47:59 BOT 2011: Ajax->Mostrar Nombre Artista:  
Thu Dec 29 22:48:02 BOT 2011: Ajax->Mostrar Comentarios:  
Thu Dec 29 22:48:53 BOT 2011: Asignar backtone escuchado > Asi termino:103478,550,128672,102776,128670,102777,102778,128606,102804,103991,103474,103477,103552,105038,126476,105576,257,
Thu Dec 29 22:50:44 BOT 2011: Asignar backtone escuchado > Asi termino:103579,103351,103532,103350,103478,550,128672,102776,128670,102777,102778,128606,102804,103991,103474,103477,103552,105038,126476,105576,
Thu Dec 29 22:50:53 BOT 2011: Ajax-> Mostrar Ranking > tono:106380 
Thu Dec 29 22:50:53 BOT 2011: Ajax->Mostrar Ranking:  
Thu Dec 29 22:51:08 BOT 2011: Ajax->Mostrar Ranking:  
Thu Dec 29 22:51:20 BOT 2011: Consulta de precio de reason:2 - msisdn:76503061 tono:103349 Async responde:350
 
Thu Dec 29 22:59:51 BOT 2011: Ajax->Eliminando backtone: msisdn:77301787   
Thu Dec 29 23:00:51 BOT 2011: Ajax->Mostrar Ranking:  
Thu Dec 29 23:02:04 BOT 2011: Asignar backtone escuchado > Asi termino:135225,103872,127417,129234,103451,103430,123218,103713,103712,141881,142527,141835,139303,106382,142225,142220,142168,140808,141918,140826,
Thu Dec 29 23:02:07 BOT 2011: ASYNC -> STATS> Tiempo respuesta 0.09446 seg.
Thu Dec 29 23:06:59 BOT 2011: Ajax-> Mostrar Megusta> tono:560 
Thu Dec 29 23:07:50 BOT 2011: ASYNC -> STATS> Tiempo respuesta 0.003463 seg.
Thu Dec 29 23:11:03 BOT 2011: Mostrar Ranking: tono:113053 calificacion: 
Thu Dec 29 23:12:51 BOT 2011: Ajax->Mostrar Nombre Artista:  
Thu Dec 29 23:20:37 BOT 2011: Ajax-> Mostrar  Nombre Artista > tono:142168 
Thu Dec 29 23:37:06 BOT 2011: Ajax->Mostrar Imagen Portada:  
Thu Dec 29 23:39:19 BOT 2011: Checklogin > msisdn: 78880704 , pin:aaqpT.d0cLVNg
Thu Dec 29 23:40:10 BOT 2011: Asignar backtone escuchado > Asi termino:479,103712,136632,136633,129234,103838,110495,104183,335,103466,103470,103328,104179,104173,104547,104175,104165,104195,104305,104172,
Thu Dec 29 23:41:07 BOT 2011: Ajax-> Mostrar  Nombre Artista > tono:115942 
Thu Dec 29 23:44:01 BOT 2011: ASYNC -> STATS> Tiempo respuesta 0.741729 seg.
Thu Dec 29 23:44:34 BOT 2011: Ajax-> Mostrar Ranking > tono:127759 
Thu Dec 29 23:48:26 BOT 2011: Ajax->Mostrar Ranking:  
Thu Dec 29 23:52:36 BOT 2011: Ajax->Mostrar Nombre Genero:  
Thu Dec 29 23:54:06 BOT 2011: Ajax-> Mostrar Ranking > tono:103204 
Thu Dec 29 23:55:45 BOT 2011: Ajax-> Mostrar  Nombre Genero > tono:104473 
