Sun Oct 21 0:06:49 BOT 2012: STATS > BUSQUEDA DE BACKTONE >Tiempo: -0.718851 seg. | registros: 1
Sun Oct 21 0:08:40 BOT 2012: ASYNC -> STATS> Tiempo respuesta 0.347425 seg.
Sun Oct 21 0:11:28 BOT 2012: Mostrar Genero: >G&eacute;nero:  <a href='index.php?seccion=playlist&genero=126'>MTV</a>
Sun Oct 21 0:18:05 BOT 2012: Busqueda Inteligente: resultados >103782
Sun Oct 21 0:19:06 BOT 2012: Asignar backtone escuchado > Asi termino:107766,107764,107762,107760,107758,107757,107755,107752,107751,107749,107747,107794,107788,107763,107802,107801,107799,107797,107792,107790,
Sun Oct 21 0:25:00 BOT 2012: Ajax->Mostrar Imagen Portada:  
Sun Oct 21 0:33:53 BOT 2012: Ajax->Mostrar Ranking:  
Sun Oct 21 0:35:26 BOT 2012: Asignar backtone escuchado > Asi termino:107757,107755,107752,107751,107749,107747,107794,107788,107763,107802,107801,107799,107797,107792,107790,107787,107785,107783,107781,107780,
Sun Oct 21 0:38:09 BOT 2012: Ajax-> Login Usuario msisdn: 75280293  pin:9224 > Validar msisdn
Sun Oct 21 0:40:45 BOT 2012: Mostrar Megusta> tono: 107799 msisdn: > a otros 1  les gusta 
Sun Oct 21 0:48:55 BOT 2012: Ajax->Mostrar Reproducciones:  
Sun Oct 21 0:48:55 BOT 2012: Ajax-> Mostrar Comentarios> tono:78 
Sun Oct 21 0:49:59 BOT 2012: Ajax->Mostrar Megusta:  
Sun Oct 21 0:57:42 BOT 2012: Asignar backtone escuchado > Asi termino:145182,127441,104560,103430,145921,125516,135975,136220,135954,133784,103300,132050,151050,129209,103177,129211,127423,151044,102660,133873,
Sun Oct 21 0:59:09 BOT 2012: Ajax->Mostrar Ranking:  
Sun Oct 21 0:59:09 BOT 2012: Ajax->Mostrar Nombre Genero:  
Sun Oct 21 1:03:28 BOT 2012: WEB REPROD BUSQ > Facebook link: http%3A%2F%2Fbacktones.tigo.com.bo%2Fv3%2Findex.php%3Fseccion%3Dplaylist%26autor%3D536%26f%3D1%26t%3D1231233
Sun Oct 21 1:16:58 BOT 2012: ASYNC -> STATS> Tiempo respuesta 0.003273 seg.
Sun Oct 21 9:15:14 BOT 2012: Ajax->Mostrar Megusta:  
Sun Oct 21 9:15:59 BOT 2012: Ajax->Mostrar Reproducciones:  
Sun Oct 21 9:17:00 BOT 2012: Asignar backtone escuchado > Asi termino:104043,104042,11,103994,104026,104024,103603,103602,103597,103596,103595,104025,103225,103072,131036,103671,103224,104206,103613,104003,
Sun Oct 21 9:19:45 BOT 2012: Ajax->Mostrar Imagen Portada:  
Sun Oct 21 9:20:12 BOT 2012: Session Start>  session por defecto 
Sun Oct 21 9:21:36 BOT 2012: ASYNC -> STATS> Tiempo respuesta 0.003135 seg.
Sun Oct 21 9:21:39 BOT 2012: Ajax-> Mostrar Megusta> tono:103475 
Sun Oct 21 9:24:49 BOT 2012: Ajax-> Mostrar  Nombre Genero > tono:128297 
Sun Oct 21 9:39:55 BOT 2012: Ajax-> Mostrar Comentarios> tono:152118 
Sun Oct 21 9:50:08 BOT 2012: Ajax->Mostrar Nombre Genero:  
Sun Oct 21 9:52:42 BOT 2012: Asignar backtone escuchado > Asi termino:145207,102697,104454,102651,105999,155258,125510,110187,150020,103476,103478,103793,509,144149,128297,126681,126999,136050,104901,126679,
Sun Oct 21 9:53:06 BOT 2012: Session Start>  session por defecto 
Sun Oct 21 10:02:31 BOT 2012: Session Start>  session por defecto 
Sun Oct 21 10:28:06 BOT 2012: Ajax->Mostrar Ranking:  
Sun Oct 21 10:30:12 BOT 2012: Busqueda Inteligente: resultados >150114
Sun Oct 21 10:30:30 BOT 2012: Ajax->Mostrar Reproducciones:  
Sun Oct 21 10:30:51 BOT 2012: Asignar backtone escuchado > Asi termino:139964,118724,144195,144194,137972,118747,118745,118738,118736,118734,118732,118730,118728,118727,118725,155646,
Sun Oct 21 10:34:04 BOT 2012: ASYNC -> STATS> Tiempo respuesta 0.222567 seg.
Sun Oct 21 10:38:53 BOT 2012: Ajax->Mostrar Comentarios:  
Sun Oct 21 10:39:26 BOT 2012: Busqueda Inteligente: Comparsa Chuturubises
Sun Oct 21 10:42:41 BOT 2012: Ajax->Mostrar Megusta:  
Sun Oct 21 10:48:57 BOT 2012: Ajax-> Mostrar  Nombre Artista > tono:149592 
Sun Oct 21 10:49:28 BOT 2012: Ajax->Mostrar Ranking:  
Sun Oct 21 10:56:32 BOT 2012: ASYNC -> STATS> Tiempo respuesta 0.002375 seg.
Sun Oct 21 10:57:05 BOT 2012: Ajax->Mostrar Comentarios:  
Sun Oct 21 10:57:14 BOT 2012: ASYNC -> STATS> Tiempo respuesta 0.009357 seg.
Sun Oct 21 11:00:44 BOT 2012: Busqueda Inteligente: 
Sun Oct 21 11:02:39 BOT 2012: ASYNC -> STATS> Tiempo respuesta 0.177399 seg.
Sun Oct 21 11:03:42 BOT 2012: Ajax->Mostrar Reproducciones:  
Sun Oct 21 11:03:57 BOT 2012: Ajax->Mostrar Reproducciones:  
Sun Oct 21 11:09:46 BOT 2012: Busqueda Inteligente: ser recibieron 3 resultados
Sun Oct 21 11:10:52 BOT 2012: STATS > BUSQUEDA DE BACKTONE >Tiempo: 0.11673 seg. | registros: 2
Sun Oct 21 11:12:07 BOT 2012: WEB_REPRODUCIR_BUSQUEDA > Se recibieron:2 tonos
Sun Oct 21 11:29:04 BOT 2012: Ajax-> Mostrar  Nombre Artista > tono:106236 
Sun Oct 21 11:29:31 BOT 2012: Ajax-> Mostrar Ranking > tono:107460 
Sun Oct 21 11:30:26 BOT 2012: Ajax-> Mostrar Ranking > tono:104144 
Sun Oct 21 11:31:11 BOT 2012: Ajax->Mostrar Imagen Portada:  
Sun Oct 21 11:31:44 BOT 2012: Ajax-> Mostrar  Imagen Portada> tono:132449 
Sun Oct 21 11:33:53 BOT 2012: Ajax-> Mostrar  Nombre Artista > tono:141122 
Sun Oct 21 11:34:20 BOT 2012: Ajax->Mostrar Megusta:  
Sun Oct 21 11:47:53 BOT 2012: Ajax->Mostrar Comentarios:  
Sun Oct 21 11:50:44 BOT 2012: Ajax->Mostrar Nombre Artista:  
Sun Oct 21 11:51:23 BOT 2012: Ajax-> Mostrar Ranking > tono:108557 
Sun Oct 21 11:56:48 BOT 2012: Session Start>  session por defecto 
Sun Oct 21 12:09:29 BOT 2012: STATS > BUSQUEDA DE BACKTONE >Tiempo: 0.572675 seg. | registros: 1
Sun Oct 21 12:10:45 BOT 2012: ASYNC -> STATS> Tiempo respuesta 0.002871 seg.
Sun Oct 21 12:13:21 BOT 2012: Ajax->Mostrar Imagen Portada:  
Sun Oct 21 12:13:24 BOT 2012: ASYNC -> STATS> Tiempo respuesta -0.03769 seg.
Sun Oct 21 12:18:58 BOT 2012: Ajax->Mostrar Nombre Genero:  
Sun Oct 21 12:24:08 BOT 2012: Ajax->Mostrar Reproducciones:  
Sun Oct 21 12:26:02 BOT 2012: STATS > BUSQUEDA DE BACKTONE >Tiempo: 0.033933 seg. | registros: 2
Sun Oct 21 12:27:35 BOT 2012: WEB_REPRODUCIR_BUSQUEDA > Se recibieron:10 tonos
Sun Oct 21 12:28:27 BOT 2012: Ajax-> Mostrar Ranking > tono:155504 
Sun Oct 21 12:28:39 BOT 2012: Ajax-> Mostrar Megusta> tono:136635 
Sun Oct 21 12:29:03 BOT 2012: Ajax->Mostrar Reproducciones:  
Sun Oct 21 12:29:15 BOT 2012: Ajax->Mostrar Ranking:  
Sun Oct 21 12:29:39 BOT 2012: Ajax-> Mostrar  Imagen Portada> tono:113052 
Sun Oct 21 12:33:18 BOT 2012: Ajax-> Mostrar Ranking > tono:135151 
Sun Oct 21 12:36:25 BOT 2012: Session Start>  session por defecto 
Sun Oct 21 12:39:16 BOT 2012: Session Start>  session por defecto 
Sun Oct 21 12:40:23 BOT 2012: Ajax-> Mostrar  Nombre Artista > tono:136630 
Sun Oct 21 12:41:35 BOT 2012: Session Start>  session por defecto 
Sun Oct 21 12:42:35 BOT 2012: ASYNC -> STATS> Tiempo respuesta -0.493178 seg.
Sun Oct 21 12:48:12 BOT 2012: Ajax->Mostrar Nombre Genero:  
Sun Oct 21 12:49:15 BOT 2012: Consulta de precio de reason:2 - msisdn: tono:104612 Async responde:350
 
Sun Oct 21 12:49:36 BOT 2012: Consulta de precio de reason:3 - msisdn: tono:104199 Async responde:350
 
Sun Oct 21 12:49:57 BOT 2012: Ajax-> Mostrar Comentarios> tono:116514 
Sun Oct 21 12:52:22 BOT 2012: Consulta de precio de reason:3 - msisdn: tono:152116 Async responde:350
 
Sun Oct 21 12:52:22 BOT 2012: ASYNC -> STATS> Tiempo respuesta -0.066716 seg.
Sun Oct 21 12:53:16 BOT 2012: Asignar backtone escuchado > Asi termino:155258,104307,132466,103997,103224,103824,104199,104612,130832,150078,103084,155090,106005,109915,103506,104069,141080,109415,109414,112704,
Sun Oct 21 13:00:11 BOT 2012: Ajax-> Mostrar Megusta> tono:103430 
Sun Oct 21 13:00:44 BOT 2012: Error al consultar precio de renovacion - msisdn:75062740 tono:103557 - Async responde -3
Sun Oct 21 13:00:47 BOT 2012: Ajax->Mostrar Imagen Portada:  
Sun Oct 21 13:00:50 BOT 2012: Asignar backtone escuchado > Asi termino:103557,103897,155394,155502,104886,104773,104763,
Sun Oct 21 13:02:23 BOT 2012: Asignar backtone escuchado > Asi termino:127759,
Sun Oct 21 13:02:44 BOT 2012: Mostrar Ranking: tono:131721 calificacion: 
Sun Oct 21 13:03:35 BOT 2012: Asignar backtone escuchado > Asi termino:155646,
Sun Oct 21 13:06:27 BOT 2012: Ajax->Mostrar Nombre Genero:  
Sun Oct 21 13:13:31 BOT 2012: WEB_REPRODUCIR_BUSQUEDA > Se recibieron:14 tonos
Sun Oct 21 13:16:47 BOT 2012: Ajax->Mostrar Ranking:  
Sun Oct 21 13:22:54 BOT 2012: Busqueda Inteligente: resultados >130984
Sun Oct 21 13:23:21 BOT 2012: Ajax->Mostrar Reproducciones:  
Sun Oct 21 13:34:44 BOT 2012: Ajax->Mostrar Reproducciones:  
Sun Oct 21 13:35:14 BOT 2012: Ajax->Mostrar Comentarios:  
Sun Oct 21 13:42:33 BOT 2012: Ajax->Mostrar Megusta:  
Sun Oct 21 13:42:45 BOT 2012: Ajax->Mostrar Comentarios:  
Sun Oct 21 13:42:54 BOT 2012: ASYNC -> STATS> Tiempo respuesta 0.603021 seg.
Sun Oct 21 13:45:01 BOT 2012: Ajax->Mostrar Reproducciones:  
Sun Oct 21 13:45:04 BOT 2012: ASYNC -> STATS> Tiempo respuesta -0.196416 seg.
Sun Oct 21 13:45:07 BOT 2012: Asignar backtone escuchado > Asi termino:130834,130833,130832,135153,135152,135151,131642,131640,
Sun Oct 21 13:45:10 BOT 2012: ASYNC -> STATS> Tiempo respuesta -0.008296 seg.
Sun Oct 21 13:51:38 BOT 2012: Inicio de administracion perfil
Sun Oct 21 13:55:20 BOT 2012: Ajax->Mostrar Nombre Genero:  
Sun Oct 21 13:55:41 BOT 2012: Ajax-> Mostrar  Nombre Genero > tono:129234 
Sun Oct 21 13:57:30 BOT 2012: Consulta de precio de reason:2 - msisdn:75244182 tono:147195 Async responde:350
 
Sun Oct 21 13:59:51 BOT 2012: Ajax->Mostrar Megusta:  
Sun Oct 21 14:05:52 BOT 2012: ASYNC -> STATS> Tiempo respuesta 0.00218 seg.
Sun Oct 21 14:18:21 BOT 2012: Ajax-> Mostrar  Imagen Portada> tono:126172 
Sun Oct 21 14:37:34 BOT 2012: Ajax->Mostrar Comentarios:  
Sun Oct 21 14:39:34 BOT 2012: Ajax->Mostrar Comentarios:  
Sun Oct 21 14:40:13 BOT 2012: Ajax-> Mostrar Ranking > tono:155646 
Sun Oct 21 14:41:28 BOT 2012: Ajax-> Mostrar Megusta> tono:157844 
Sun Oct 21 14:44:23 BOT 2012: Mostrar Album: >albumes/album-default.jpg
Sun Oct 21 14:46:48 BOT 2012: Ajax->Mostrar Nombre Genero:  
Sun Oct 21 15:01:36 BOT 2012: Ajax-> Mostrar Megusta> tono:116469 
Sun Oct 21 15:02:03 BOT 2012: Asignar backtone escuchado > Asi termino:102777,102778,134631,109963,122647,145207,102697,104454,102651,104639,145205,103051,276,509,620,141088,141086,141084,141077,141078,
Sun Oct 21 15:02:09 BOT 2012: ASYNC -> STATS> Tiempo respuesta 0.010281 seg.
Sun Oct 21 15:02:09 BOT 2012: Ajax->Mostrar Ranking:  
Sun Oct 21 15:02:12 BOT 2012: ASYNC -> STATS> Tiempo respuesta -0.001528 seg.
Sun Oct 21 15:02:12 BOT 2012: Ajax->Mostrar Reproducciones:  
Sun Oct 21 15:02:15 BOT 2012: Consulta de precio de reason:5 - msisdn: tono:155646 Async responde:350
 
Sun Oct 21 15:02:15 BOT 2012: Consulta de precio de reason:10 - msisdn: tono:143076 Async responde:350
 
Sun Oct 21 15:02:15 BOT 2012: Ajax->Mostrar Imagen Portada:  
Sun Oct 21 15:02:18 BOT 2012: ASYNC -> STATS> Tiempo respuesta 0.021744 seg.
Sun Oct 21 15:02:18 BOT 2012: ASYNC -> STATS> Tiempo respuesta -0.016554 seg.
Sun Oct 21 15:02:27 BOT 2012: Ajax->Mostrar Comentarios:  
Sun Oct 21 15:02:27 BOT 2012: Asignar backtone escuchado > Asi termino:130833,131642,135152,104035,105402,103643,103653,102630,
Sun Oct 21 15:02:45 BOT 2012: Mostrar Album: >Artista:  <a href='index.php?seccion=playlist&autor=365'>Camila</a>
Sun Oct 21 15:07:28 BOT 2012: Busqueda Inteligente: resultados >325
Sun Oct 21 15:15:47 BOT 2012: Busqueda Inteligente: resultados >152506
Sun Oct 21 15:17:56 BOT 2012: Busqueda Inteligente: resultados >139992
Sun Oct 21 15:20:24 BOT 2012: Ajax-> Mostrar Comentarios> tono:130967 
Sun Oct 21 15:20:27 BOT 2012: Session Start>  session por defecto 
Sun Oct 21 15:20:57 BOT 2012: Session Start>  session por defecto 
Sun Oct 21 15:21:15 BOT 2012: Ajax->Mostrar Imagen Portada:  
Sun Oct 21 15:22:24 BOT 2012: ASYNC -> STATS> Tiempo respuesta -0.21029 seg.
Sun Oct 21 15:22:27 BOT 2012: ASYNC -> STATS> Tiempo respuesta -0.278764 seg.
Sun Oct 21 15:22:27 BOT 2012: ASYNC -> STATS> Tiempo respuesta -0.004358 seg.
Sun Oct 21 15:22:30 BOT 2012: Consulta de precio de reason:3 - msisdn: tono:105534 Async responde:350
 
Sun Oct 21 15:22:30 BOT 2012: ASYNC -> STATS> Tiempo respuesta -0.0066409999999999 seg.
Sun Oct 21 15:22:33 BOT 2012: Ajax->Mostrar Reproducciones:  
Sun Oct 21 15:22:33 BOT 2012: Ajax->Mostrar Ranking:  
Sun Oct 21 15:22:39 BOT 2012: Consulta de precio de reason:3 - msisdn: tono:157090 Async responde:350
 
Sun Oct 21 15:23:21 BOT 2012: Session Start>  session por defecto 
Sun Oct 21 15:25:22 BOT 2012: Session Start>  session por defecto 
Sun Oct 21 15:26:46 BOT 2012: Ajax->Mostrar Imagen Portada:  
Sun Oct 21 15:28:46 BOT 2012: ASYNC -> STATS> Tiempo respuesta 0.002703 seg.
Sun Oct 21 15:28:52 BOT 2012: Ajax->Mostrar Megusta:  
Sun Oct 21 15:35:11 BOT 2012: Ajax->Mostrar Megusta:  
Sun Oct 21 15:35:47 BOT 2012: Ajax->Mostrar Nombre Genero:  
Sun Oct 21 15:36:54 BOT 2012: Check Session > msisdn: 77286724 > Usuario Valido 
Sun Oct 21 15:42:04 BOT 2012: Asignar backtone escuchado > Asi termino:155646,
Sun Oct 21 15:44:31 BOT 2012: Asignar backtone escuchado > Asi termino:103086,150036,150032,148116,115937,104660,104211,150244,120,
Sun Oct 21 15:54:03 BOT 2012: Check Session > msisdn: 77077236 > Usuario Valido 
Sun Oct 21 15:55:42 BOT 2012: ASYNC -> STATS> Tiempo respuesta 0.002534 seg.
Sun Oct 21 16:03:04 BOT 2012: Ajax->Mostrar Reproducciones:  
Sun Oct 21 16:05:53 BOT 2012: WEB_REPRODUCIR_BUSQUEDA > Se recibieron:46 tonos
Sun Oct 21 16:15:45 BOT 2012: Ajax->Mostrar Reproducciones:  
Sun Oct 21 16:21:07 BOT 2012: Busqueda Inteligente: GrooveArmada
Sun Oct 21 16:22:07 BOT 2012: Busqueda Inteligente: resultados >240
Sun Oct 21 16:23:14 BOT 2012: Ajax->Mostrar Nombre Genero:  
Sun Oct 21 16:30:39 BOT 2012: Ajax->Mostrar Nombre Genero:  
Sun Oct 21 16:35:04 BOT 2012: ASYNC -> STATS> Tiempo respuesta 0.001761 seg.
Sun Oct 21 16:35:43 BOT 2012: Session Start>  session por defecto 
Sun Oct 21 16:41:14 BOT 2012: Check Session > msisdn: 76385875 > Usuario Valido 
Sun Oct 21 17:06:45 BOT 2012: Ajax-> Mostrar  Nombre Artista > tono:102650 
Sun Oct 21 17:07:36 BOT 2012: Ajax->Mostrar Comentarios:  
Sun Oct 21 17:18:20 BOT 2012: Mostrar Album: >albumes/album-default.jpg
Sun Oct 21 17:22:39 BOT 2012: ASYNC -> STATS> Tiempo respuesta 0.204149 seg.
Sun Oct 21 17:31:46 BOT 2012: Session Start>  session por defecto 
Sun Oct 21 17:31:52 BOT 2012: Session Start>  session por defecto 
Sun Oct 21 17:34:47 BOT 2012: Busqueda Inteligente: resultados >104107
Sun Oct 21 17:35:47 BOT 2012: Busqueda Inteligente: resultados >102972
Sun Oct 21 17:37:26 BOT 2012: Ajax->Mostrar Reproducciones:  
Sun Oct 21 17:42:57 BOT 2012: Ajax-> Mostrar  Nombre Genero > tono:104255 
Sun Oct 21 17:43:54 BOT 2012: Ajax-> Mostrar Megusta> tono:151286 
Sun Oct 21 17:49:19 BOT 2012: Ajax-> Mostrar  Nombre Genero > tono:103686 
Sun Oct 21 17:52:20 BOT 2012: Ajax-> Mostrar  Imagen Portada> tono:102650 
Sun Oct 21 17:53:47 BOT 2012: Consulta de precio de reason:3 - msisdn:77800903 tono:338 Async responde:350
 
Sun Oct 21 17:53:47 BOT 2012: ASYNC -> STATS> Tiempo respuesta 0.360617 seg.
Sun Oct 21 17:54:08 BOT 2012: Ajax->Mostrar Nombre Artista:  
Sun Oct 21 17:54:23 BOT 2012: Ajax->Mostrar Nombre Genero:  
Sun Oct 21 17:58:21 BOT 2012: ASYNC -> STATS> Tiempo respuesta 0.004697 seg.
Sun Oct 21 17:58:24 BOT 2012: ASYNC -> STATS> Tiempo respuesta -0.01523 seg.
Sun Oct 21 17:58:27 BOT 2012: ASYNC -> STATS> Tiempo respuesta -0.055042 seg.
Sun Oct 21 17:58:42 BOT 2012: Consulta de precio de reason:10 - msisdn:77800903 tono:145906 Async responde:350
 
Sun Oct 21 17:58:42 BOT 2012: ASYNC -> STATS> Tiempo respuesta -0.244338 seg.
Sun Oct 21 18:00:15 BOT 2012: Ajax->Mostrar Comentarios:  
Sun Oct 21 18:04:22 BOT 2012: WEB_REPRODUCIR_BUSQUEDA > Se recibieron:114 tonos
Sun Oct 21 18:12:47 BOT 2012: Ajax->Mostrar Comentarios:  
Sun Oct 21 18:13:00 BOT 2012: Ajax-> Mostrar Comentarios> tono:140814 
Sun Oct 21 18:13:45 BOT 2012: Mostrar Cantidad reproducciones: tono:127855 cantidad: 0
Sun Oct 21 18:14:03 BOT 2012: Ajax->Mostrar Nombre Artista:  
Sun Oct 21 18:15:27 BOT 2012: Mostrar Genero: >G&eacute;nero:  <a href='index.php?seccion=playlist&genero=102'>Chistes</a>
Sun Oct 21 18:21:01 BOT 2012: Ajax-> Mostrar  Nombre Artista > tono:134032 
Sun Oct 21 18:22:43 BOT 2012: ASYNC -> STATS> Tiempo respuesta 0.414563 seg.
Sun Oct 21 18:22:43 BOT 2012: Ajax->Mostrar Ranking:  
Sun Oct 21 18:23:28 BOT 2012: ASYNC -> STATS> Tiempo respuesta 0.587736 seg.
Sun Oct 21 18:23:31 BOT 2012: ASYNC -> STATS> Tiempo respuesta -0.013768 seg.
Sun Oct 21 18:23:34 BOT 2012: Ajax->Mostrar Ranking:  
Sun Oct 21 18:23:34 BOT 2012: Ajax->Mostrar Megusta:  
Sun Oct 21 18:23:43 BOT 2012: ASYNC -> STATS> Tiempo respuesta 0.002367 seg.
Sun Oct 21 18:23:49 BOT 2012: Ajax->Mostrar Imagen Portada:  
Sun Oct 21 18:29:14 BOT 2012: Consulta de precio de reason:10 - msisdn:77800903 tono:103885 Async responde:350
 
Sun Oct 21 18:34:09 BOT 2012: Ajax-> Mostrar Comentarios> tono:106266 
Sun Oct 21 18:46:41 BOT 2012: WEB_REPRODUCIR_BUSQUEDA > Se recibieron:58 tonos
Sun Oct 21 18:47:05 BOT 2012: Ajax->Mostrar Imagen Portada:  
Sun Oct 21 18:55:25 BOT 2012: Busqueda Inteligente: resultados >113604
Sun Oct 21 18:55:49 BOT 2012: Ajax-> Mostrar Comentarios> tono:104295 
Sun Oct 21 18:56:55 BOT 2012: Busqueda Inteligente: resultados >131036
Sun Oct 21 19:05:39 BOT 2012: ASYNC -> STATS> Tiempo respuesta 0.002581 seg.
Sun Oct 21 19:08:42 BOT 2012: Error al consultar precio de renovacion - msisdn: tono:103704 - Async responde -3
Sun Oct 21 19:21:27 BOT 2012: Ajax-> Mostrar Comentarios> tono:134686 
Sun Oct 21 19:23:24 BOT 2012: ASYNC -> STATS> Tiempo respuesta 0.005498 seg.
Sun Oct 21 19:31:10 BOT 2012: Ajax->Mostrar Ranking:  
Sun Oct 21 20:09:32 BOT 2012: Ajax->Mostrar Comentarios:  
Sun Oct 21 20:26:50 BOT 2012: Ajax->Mostrar Megusta:  
Sun Oct 21 20:30:39 BOT 2012: Ajax-> Mostrar Ranking > tono:126861 
Sun Oct 21 20:32:39 BOT 2012: ASYNC -> STATS> Tiempo respuesta -0.117849 seg.
Sun Oct 21 20:36:16 BOT 2012: Ajax-> Mostrar Megusta> tono:104296 
Sun Oct 21 20:36:58 BOT 2012: Asignar backtone escuchado > Asi termino:104296,103709,103708,126712,126710,108275,103710,103705,126861,118756,103700,126855,103703,126993,126859,116862,105419,126857,150214,
Sun Oct 21 20:37:07 BOT 2012: Ajax->Mostrar Megusta:  
Sun Oct 21 21:14:13 BOT 2012: Ajax->Mostrar Nombre Genero:  
Sun Oct 21 21:28:07 BOT 2012: Asignar backtone escuchado > Asi termino:105377,105370,104045,104044,104049,103226,133413,11,102625,104024,103627,103469,102630,103790,104647,103789,
Sun Oct 21 21:29:58 BOT 2012: Ajax->Mostrar Imagen Portada:  
Sun Oct 21 21:38:14 BOT 2012: Busqueda Inteligente: resultados >110373
Sun Oct 21 21:38:18 BOT 2012: Ajax->Mostrar Nombre Genero:  
Sun Oct 21 21:47:04 BOT 2012: STATS > BUSQUEDA DE BACKTONE >Tiempo: -0.044097 seg. | registros: 3
Sun Oct 21 21:47:13 BOT 2012: Ajax->Mostrar Ranking:  
Sun Oct 21 21:51:35 BOT 2012: ASYNC -> STATS> Tiempo respuesta 0.005258 seg.
Sun Oct 21 21:51:56 BOT 2012: Ajax->Mostrar Megusta:  
Sun Oct 21 21:52:11 BOT 2012: Busqueda Inteligente: resultados >106305
Sun Oct 21 21:52:41 BOT 2012: Ajax->Mostrar Reproducciones:  
Sun Oct 21 21:54:17 BOT 2012: Session Start>  Chequeo de sesion
Sun Oct 21 22:00:00 BOT 2012: Ajax->Mostrar Nombre Artista:  
Sun Oct 21 22:02:10 BOT 2012: Ajax->Mostrar Nombre Artista:  
Sun Oct 21 22:03:01 BOT 2012: Ajax->Mostrar Megusta:  
Sun Oct 21 22:11:02 BOT 2012: Compra exitosa de backtone - ingresando el backtone al usuario  msisdn:76230255 tono:102620
Sun Oct 21 22:11:47 BOT 2012: Ajax->Mostrar Ranking:  
Sun Oct 21 22:12:30 BOT 2012: Ajax->Mostrar Megusta:  
Sun Oct 21 22:15:57 BOT 2012: Ajax-> Comprar Backtone: msisdn: 
Sun Oct 21 22:37:46 BOT 2012: ASYNC -> STATS> Tiempo respuesta 0.002914 seg.
Sun Oct 21 22:48:12 BOT 2012: Asignar backtone escuchado > Asi termino:145203,145202,145186,145176,144794,144234,145083,144194,150318,123008,134683,134681,
Sun Oct 21 22:56:13 BOT 2012: Ajax->No hay tono:  
