Fri Aug 24 9:32:01 BOT 2012: STATS > BUSQUEDA DE BACKTONE >Tiempo: -0.049337 seg. | registros: 13
Fri Aug 24 9:48:33 BOT 2012: Ajax-> Mostrar Ranking > tono:103438 
Fri Aug 24 9:51:24 BOT 2012: Ajax-> Mostrar  Nombre Artista > tono:103462 
Fri Aug 24 10:51:56 BOT 2012: Ajax->Mostrar Nombre Genero:  
Fri Aug 24 10:52:05 BOT 2012: Ajax->Mostrar Nombre Artista:  
Fri Aug 24 10:52:44 BOT 2012: ASYNC -> STATS> Tiempo respuesta 0.00367 seg.
Fri Aug 24 10:53:35 BOT 2012: Asignar backtone escuchado > Asi termino:105030,118725,
Fri Aug 24 10:55:39 BOT 2012: Ajax->Mostrar Comentarios:  
Fri Aug 24 10:56:00 BOT 2012: ASYNC -> STATS> Tiempo respuesta -0.689387 seg.
Fri Aug 24 10:56:00 BOT 2012: ASYNC -> STATS> Tiempo respuesta 0.0563 seg.
Fri Aug 24 11:00:49 BOT 2012: Ajax-> Mostrar Comentarios> tono:131038 
Fri Aug 24 11:02:19 BOT 2012: Ajax->Mostrar Reproducciones:  
Fri Aug 24 11:04:38 BOT 2012: ASYNC -> STATS> Tiempo respuesta 0.267048 seg.
Fri Aug 24 11:04:41 BOT 2012: Ajax-> Mostrar Megusta> tono:143744 
Fri Aug 24 11:04:41 BOT 2012: Asignar backtone escuchado > Asi termino:123534,131728,123523,123527,123541,123542,123533,131044,131038,123516,131046,131048,123537,123520,131036,381,106237,130053,117848,117841,
Fri Aug 24 11:08:42 BOT 2012: ASYNC -> STATS> Tiempo respuesta 0.001696 seg.
Fri Aug 24 11:09:51 BOT 2012: Busqueda Inteligente: resultados >104024
Fri Aug 24 13:04:46 BOT 2012: Ajax->Actualizar pin usuario
Fri Aug 24 13:06:04 BOT 2012: Busqueda Inteligente: 
Fri Aug 24 13:07:20 BOT 2012: Ajax-> Mostrar  Nombre Genero > tono:102872 
Fri Aug 24 13:10:36 BOT 2012: Ajax-> Mostrar Ranking > tono:104652 
Fri Aug 24 13:10:51 BOT 2012: Ajax-> Mostrar  Nombre Artista > tono:102892 
Fri Aug 24 13:12:27 BOT 2012: Ajax->Mostrar Comentarios:  
Fri Aug 24 13:18:56 BOT 2012: Ajax->Mostrar Nombre Artista:  
Fri Aug 24 13:20:59 BOT 2012: Ajax-> Mostrar Ranking > tono:103921 
Fri Aug 24 13:21:11 BOT 2012: Busqueda Inteligente: 
Fri Aug 24 13:28:19 BOT 2012: Mostrar Cantidad reproducciones: tono:103640 cantidad: 0
Fri Aug 24 13:29:35 BOT 2012: Asignar backtone escuchado > Asi termino:102872,102870,102877,102875,102871,102874,120237,105238,150280,102876,102873,102787,102785,110493,102784,102783,102782,102781,
Fri Aug 24 13:31:32 BOT 2012: Consulta de precio de reason:2 - msisdn: tono:134023 Async responde:350
 
Fri Aug 24 13:32:14 BOT 2012: Ajax->Mostrar Reproducciones:  
Fri Aug 24 13:33:36 BOT 2012: ASYNC -> STATS> Tiempo respuesta 0.003636 seg.
Fri Aug 24 13:36:12 BOT 2012: MTD_DB_BUSCAR_ARTISTAS > retornando registros:90
Fri Aug 24 13:38:37 BOT 2012: Ajax->Mostrar Megusta:  
Fri Aug 24 13:40:25 BOT 2012: Mostrar Album: >Artista:  <a href='index.php?seccion=playlist&autor=1485'>Hans y Chivo</a>
Fri Aug 24 13:43:41 BOT 2012: Mostrar Megusta> tono: 134683 msisdn: > a otros 2  les gusta 
Fri Aug 24 13:50:55 BOT 2012: Ajax->Mostrar Ranking:  
Fri Aug 24 13:54:35 BOT 2012: Busqueda Inteligente: resultados >105368
Fri Aug 24 13:54:48 BOT 2012: Busqueda Inteligente: resultados >105381
Fri Aug 24 13:59:16 BOT 2012: Mostrar Album: >albumes/album-default.jpg
Fri Aug 24 14:03:08 BOT 2012: Ajax->Mostrar Imagen Portada:  
Fri Aug 24 14:07:51 BOT 2012: ASYNC -> STATS> Tiempo respuesta 0.383314 seg.
Fri Aug 24 14:08:18 BOT 2012: Ajax-> Mostrar  Nombre Genero > tono:147093 
Fri Aug 24 14:08:45 BOT 2012: Ajax->Mostrar Reproducciones:  
Fri Aug 24 14:16:29 BOT 2012: Mostrar Album: >albumes/disco-dancing-sil.jpg
Fri Aug 24 14:16:56 BOT 2012: Ajax->Mostrar Comentarios:  
Fri Aug 24 14:17:54 BOT 2012: Ajax-> Mostrar Comentarios> tono:103521 
Fri Aug 24 14:18:30 BOT 2012: Ajax-> Mostrar Ranking > tono:104773 
Fri Aug 24 14:18:36 BOT 2012: Ajax->Mostrar Nombre Artista:  
Fri Aug 24 14:23:01 BOT 2012: Ajax->Mostrar Nombre Genero:  
Fri Aug 24 14:26:18 BOT 2012: ASYNC -> STATS> Tiempo respuesta 0.001816 seg.
Fri Aug 24 14:26:27 BOT 2012: Ajax-> Mostrar  Imagen Portada> tono:131827 
Fri Aug 24 14:29:07 BOT 2012: Ajax->Mostrar Comentarios:  
Fri Aug 24 14:31:02 BOT 2012: Ajax->Mostrar Comentarios:  
Fri Aug 24 14:35:33 BOT 2012: Asignar backtone escuchado > Asi termino:133736,
Fri Aug 24 14:39:04 BOT 2012: Ajax->Mostrar Nombre Artista:  
Fri Aug 24 14:39:10 BOT 2012: Ajax->Mostrar Ranking:  
Fri Aug 24 14:39:13 BOT 2012: Consulta de precio de reason:10 - msisdn:69365797 tono:102874 Async responde:350
 
Fri Aug 24 14:41:40 BOT 2012: Ajax->Mostrar Ranking:  
Fri Aug 24 14:45:26 BOT 2012: Ajax->Mostrar Reproducciones:  
Fri Aug 24 14:45:29 BOT 2012: Ajax->Actualizar pin usuario
Fri Aug 24 14:47:15 BOT 2012: Ajax-> Mostrar  Imagen Portada> Album:albumes/Rihanna 1.jpg
Fri Aug 24 14:49:15 BOT 2012: Ajax->Mostrar Imagen Portada:  
Fri Aug 24 14:49:21 BOT 2012: WEB REPROD BUSQ > Facebook link: 
Fri Aug 24 14:50:16 BOT 2012: Ajax-> Mostrar Ranking > tono:102874 
Fri Aug 24 14:50:46 BOT 2012: Asignar backtone escuchado > Asi termino:102871,102874,120237,105238,150280,102876,102873,102872,102870,102877,102875,102787,102785,110493,102784,102783,102782,102781,
Fri Aug 24 14:50:58 BOT 2012: Ajax-> Mostrar Megusta> tono:115947 
Fri Aug 24 14:51:34 BOT 2012: Busqueda Inteligente: La Rama
Fri Aug 24 14:53:10 BOT 2012: Ajax->Mostrar Nombre Artista:  
Fri Aug 24 14:54:05 BOT 2012: Ajax->Mostrar Ranking:  
Fri Aug 24 14:55:17 BOT 2012: Ajax-> Mostrar  Imagen Portada> Album:Artista:  <a href='index.php?seccion=playlist&autor=1370'>LMFAO</a>
Fri Aug 24 14:56:05 BOT 2012: Ajax->Mostrar Nombre Artista:  
Fri Aug 24 14:56:53 BOT 2012: Ajax-> Mostrar  Imagen Portada> tono:142624 
Fri Aug 24 15:01:24 BOT 2012: Ajax->Mostrar Ranking:  
Fri Aug 24 15:01:58 BOT 2012: Ajax->Mostrar Imagen Portada:  
Fri Aug 24 15:03:10 BOT 2012: Ajax-> Mostrar  Nombre Artista > tono:139844 
Fri Aug 24 15:04:19 BOT 2012: Busqueda Inteligente: resultados >104841
Fri Aug 24 15:05:01 BOT 2012: Asignar backtone escuchado > Asi termino:140828,140817,140814,105810,143739,120248,146592,144562,143738,142632,141835,139303,106382,145741,146588,142220,146585,142168,140808,141918,
Fri Aug 24 15:08:47 BOT 2012: Ajax->Mostrar Nombre Artista:  
Fri Aug 24 15:09:02 BOT 2012: Mostrar Megusta> tono: 103232 msisdn: > a otros 1  les gusta 
Fri Aug 24 15:09:54 BOT 2012: Ajax->Mostrar Reproducciones:  
Fri Aug 24 15:09:54 BOT 2012: Ajax-> Mostrar Ranking > tono:103480 
Fri Aug 24 15:13:23 BOT 2012: Mostrar Comentarios : tono:152504 
Fri Aug 24 15:14:18 BOT 2012: Consulta de precio de reason:3 - msisdn: tono:134681 Async responde:350
 
Fri Aug 24 15:15:54 BOT 2012: ASYNC -> STATS> Tiempo respuesta 0.0017090000000001 seg.
Fri Aug 24 15:18:13 BOT 2012: ASYNC -> STATS> Tiempo respuesta -0.412471 seg.
Fri Aug 24 15:21:35 BOT 2012: Busqueda Inteligente: resultados >127558
Fri Aug 24 15:22:59 BOT 2012: Ajax-> Mostrar Ranking > tono:106237 
Fri Aug 24 15:25:36 BOT 2012: Busqueda Inteligente: Resultado 
 103836;have you vever seen the rain;Version Opratel;Pop
130365;Have Yor Ever Opratel;Creedence Opratel;Mi Promo ConTigo
102772;Girls jusn wanna have fun;Miley Cyrus;Pop
137240;Gotta Have It;Jay Z;Hip hop
103835;Have in mind;Version Opratel;Pop
134033;Have in Mind Opratel;Cetu Javu Opratel;Clasicos
106372;Hugo chavez;Chaplin Show;Promoción Te Matamos de Risa
103017;I have a dream;Mama mia;Latinas
104750;I Have Nothing;Whitney Houston;Pop
104570;Cant get enough of your love babe;Barry White;Pop
136186;Knockin on heavens door Begining;Guns N Roses;Rock
130973;Tears In Heaven;Noel Schajris;Pop
140967;What The Water Gave Me;Florence and the Machine;Pop
104052;Beethoven 5ta sinfonia;Version Opratel;Clasicos
104053;Beethoven Himno de la Alegria;Version Opratel;Clasicos
144152;Chovena Beniana;Opratel;Carnavaleando con Tigo
630;Chovena de gilberto;New Bolivia band;Carnaval
103263;ATHAUALPAYOUFUNKY;KevinJohansen;Latinas
573;Be with you;Enrique Iglesias;Enrique Inglesias
102789;be wiyh you;Enrique Iglesias;Enrique Inglesias
104348;Because You Loved Me;Celine Dion;Latinas
548;Big girls (you are beautiful);Michael Holbrook;Rock
104854;Girl Dont Take Your Love From Me;Michael Jackson;Michael Jackson
597;Hate that I love You;Rihanna;Pop
104605;How Am I Supposed To Live Without You;Michael Bolton;Pop
104808;Shes Been Good To Me;Marc Anthony;Marc Anthony
103182;since yo been gone;rainbow;Pop
104841;Ben2003;Michael Jackson;Michael Jackson
135714;Besos En La Boca;Chayanne;Latinas
104190; Canita Canaveral;Banda Juventud Centralistas de La Paz;Carnaval
104372;Calavera;la mancha de rolando;Latinas
104789;Amor Aventurero;Marc Anthony;Marc Anthony
240;Amor de madre;Aventura;Cumbia
102658;Ave_Fenix;Track;Rock
145210;Esta Noche Quiero Hacerte Mia;Verduleros;Cumbia
110079;me haces tanto bien;OXIGENO;Latinas
110077;me haces tanto bien intro;OXIGENO;Latinas
110078;me haces tanto bien-made;OXIGENO;Latinas
110080;me haces tanto bien-rap;OXIGENO;Latinas
135669;Me haces tanto bien_Carlitos;OXIGENO;Latinas
135670;Me haces tanto bien_Guiseppe;OXIGENO;Latinas
135114;Me haces tanto bien_intro;OXIGENO;OXIGENO
135115;Me haces tanto bien_Juan;OXIGENO;OXIGENO
135119;Me haces tanto bien_Made;OXIGENO;OXIGENO
103770;Mejor Hacerlo Todos Juntos;ElencoHighSchoolMusical;Infantiles
105387;No hace falta;Abel Zavala;Cristianas
109247;quiero hacerte el amor;Pipe Bueno;Vallenatos
103158;te hacen falta vitaminas;Soda Stereo;Latinas
104812;Tu Amor Me Hace Bien;Marc Anthony;Marc Anthony
105285;Vamos A Hacerlo (Album Version); Yandel-Franco "El Gorilla";Latinas
103858;Yo puedo hacer;Version Opratel;Latinas
105091;Yo puedo hacer que tu camino;Covertone MG;Latinas
104393;Burbujas de Amor;Aventura;Cumbia
105702;Como rio en primavera;Marcela Gandara;Cristianas
103342;dos locos;Aventura;Cumbia
102693;El Aborto;Aventura;Cumbia
102650;Ensename a Olvidar;Aventura;Cumbia
127771;Es Una Aventura;Marcela Gandara;Cristianas
450;Espinas en el rosal;Canaveral de pavon;Latinas
139722;Isabel y La Calavera;Opratel;Chistes
131621;Just Like Heaven;The Cure;Pop
135950;Knockin On Heavens Door;Guns N Roses;Guns N Roses
135961;Knockin on heavens door Axel on phone;Guns N Roses;Guns N Roses
136198;Knockin On Heavens Door Bridge;Guns N Roses;Rock
136043;Knockin on heavens door Slash Solo;Guns N Roses;Rock
448;La boda;Aventura;Cumbia
104279;Lagrimas;Aventura;Cumbia
104000;Las Llaves De Mi Alma;Vicente Fernandez;Vicente Fernandez
104843;Leave Me Alone;Michael Jackson;Michael Jackson
127423;Los Malaventurados No Lloran;Panda;Rock
449;Mi corazoncito;Aventura;Cumbia
137279;Never Gonna Leave This Bed;Maroon5;Pop
137855;Nube de Testigos;AVE;Rock
142150;Nube De Testigos _Ave;AVE;Cristianas
246;Obsesion;Aventura;Cumbia
125513;Powerslave Coro;Iron Maiden;Rock
626;Querendon y aventurero;Negro palma;Carnaval
104278;Te Invito;Aventura;Cumbia
103343;Te quiero igual que ayer;Aventura;Cumbia
124050;Love the way you lie;Rihanna;Pop
124051;Love the way you lie 2;Rihanna;Pop
103643;Love To See You Cry;Enrique Iglesias;Enrique Inglesias
131824;Love You Like A Love Song;Selena Gomez;Pop
129922;Love You Now;Zion and Lennox;Latinas
138875;Loves Lookin Good On You;Lady Antebellum;Pop
138864;Loves Lookin Good On You;Lady Antebellum;Pop
108572;never let you go;Justin Bieber;Pop
103754;Open your heart;Version Opratel;Pop
103907;Thats what you get;Version Opratel;Pop
10411 
Fri Aug 24 15:29:37 BOT 2012: Ajax-> Mostrar  Nombre Artista > tono:102871 
Fri Aug 24 15:32:19 BOT 2012: Ajax->Mostrar Comentarios:  
Fri Aug 24 15:33:55 BOT 2012: Ajax-> Mostrar Ranking > tono:127377 
Fri Aug 24 15:38:39 BOT 2012: Ajax-> Mostrar Ranking > tono:137817 
Fri Aug 24 15:40:15 BOT 2012: Mostrar Cantidad reproducciones: tono:141080 cantidad: 0
Fri Aug 24 15:42:29 BOT 2012: Ajax-> Mostrar  Nombre Artista > tono:152118 
Fri Aug 24 15:46:03 BOT 2012: Ajax->Mostrar Ranking:  
Fri Aug 24 15:47:10 BOT 2012: Ajax->Mostrar Nombre Artista:  
Fri Aug 24 15:47:46 BOT 2012: Asignar backtone escuchado > Asi termino:102870,102877,102875,102871,102874,120237,105238,150280,102876,102873,102872,102787,102785,110493,102784,102783,102782,102781,
Fri Aug 24 15:53:11 BOT 2012: Ajax->Mostrar Nombre Genero:  
Fri Aug 24 15:57:43 BOT 2012: Ajax->Mostrar Comentarios:  
Fri Aug 24 15:59:52 BOT 2012: Asignar backtone escuchado > Asi termino:102873,102872,102870,102877,102875,102871,102874,120237,105238,150280,102876,102787,102785,110493,102784,102783,102782,102781,
Fri Aug 24 16:03:29 BOT 2012: Ajax-> Mostrar  Imagen Portada> tono:103872 
Fri Aug 24 16:05:42 BOT 2012: Ajax-> Mostrar Ranking > tono:103342 
Fri Aug 24 16:07:09 BOT 2012: Ajax->Mostrar Nombre Artista:  
Fri Aug 24 16:08:04 BOT 2012: Asignar backtone escuchado > Asi termino:123010,104532,110097,130832,129675,130804,131618,131616,131615,138309,137086,154234,116864,61,139838,
Fri Aug 24 16:11:07 BOT 2012: Ajax-> Mostrar Megusta> tono:137970 
Fri Aug 24 16:14:59 BOT 2012: MTD_DB_BUSCAR_ARTISTAS > retornando registros:62
Fri Aug 24 16:18:06 BOT 2012: Ajax->Mostrar Ranking:  
Fri Aug 24 16:18:42 BOT 2012: Ajax->Mostrar Reproducciones:  
Fri Aug 24 16:18:51 BOT 2012: Ajax->Mostrar Megusta:  
Fri Aug 24 16:19:49 BOT 2012: Asignar backtone escuchado > Asi termino:130816,130815,103762,
Fri Aug 24 16:22:10 BOT 2012: Ajax-> Mostrar Ranking > tono:142932 
Fri Aug 24 16:22:37 BOT 2012: Ajax->Mostrar Megusta:  
Fri Aug 24 16:23:16 BOT 2012: ASYNC -> STATS> Tiempo respuesta 0.002758 seg.
Fri Aug 24 16:23:47 BOT 2012: Ajax-> Mostrar Ranking > tono:135274 
Fri Aug 24 16:24:17 BOT 2012: Ajax->Mostrar Nombre Genero:  
Fri Aug 24 16:24:20 BOT 2012: Ajax->Mostrar Megusta:  
Fri Aug 24 16:24:38 BOT 2012: Mostrar Cantidad reproducciones: tono:109242 cantidad: 0
Fri Aug 24 16:25:35 BOT 2012: Asignar backtone escuchado > Asi termino:109243,449,109242,135727,104279,448,109314,102650,102693,103342,109240,104393,240,109322,103343,104278,109249,109320,109247,109318,
Fri Aug 24 16:26:02 BOT 2012: Ajax->Mostrar Ranking:  
Fri Aug 24 16:28:18 BOT 2012: Ajax->Mostrar Megusta:  
Fri Aug 24 16:30:33 BOT 2012: Ajax-> Mostrar Ranking > tono:109502 
Fri Aug 24 16:31:21 BOT 2012: ASYNC -> STATS> Tiempo respuesta 0.297973 seg.
Fri Aug 24 16:32:43 BOT 2012: Ajax->Mostrar Megusta:  
Fri Aug 24 16:34:10 BOT 2012: Mostrar Megusta> tono: 102650 msisdn: > a otros 5  les gusta 
Fri Aug 24 16:34:37 BOT 2012: Ajax-> Mostrar Megusta> tono:109503 
Fri Aug 24 16:34:49 BOT 2012: Ajax->Mostrar Reproducciones:  
Fri Aug 24 16:36:05 BOT 2012: Ajax-> Mostrar Comentarios> tono:145695 
Fri Aug 24 16:36:41 BOT 2012: Busqueda de Backtones Intel: 
 SQL:SELECT t.id, t.nombre as tono,aut.nombre as autor, alb.imagen, round(avg(wr.calificacion),0) as calificacion
                    FROM tonos as t
                    inner join autores as aut on ( t.autor = aut.id)
                    inner join billing as bil on (t.billing = bil.caso  and bil.concepto=2)
                    left join albumes as alb on (t.album = alb.id_album)
                    left join web_tonos_ranking as wr on (t.id = wr.tonos_id)
                    WHERE
                    FIND_IN_SET(t.id, '105545,145229,134661,128286,105618,102535,102898,248,103142,104024,109965,582,104580,103992,144860,144852,105533,104195,102622,105746,103478,103477,103472,149822,130984,126462,104553,127417,112705,104554,104440,103274,126470,103596,109604,109605,107573,102953,103187,109380,109381,109336,109337,127441,109384,109382,113047,110210,126228,126493,305,109242,105096,104189,105282,103521,127558,105534,103284,103453,103451,103479,103470,102646,103821,126476,150214,110495,103991,103822,129261,138518,105302,129451,104661,146575,152114,103202,109339,109338,104088,103279,104582,144642,145182,141080,104069,103506,109606,142166,109608,109610,')
                    
                    and t.categoria <> 207 and t.interfases &1 
                    group by t.id, t.nombre ,aut.nombre , alb.imagen
                    order by FIND_IN_SET(t.id, '105545,145229,134661,128286,105618,102535,102898,248,103142,104024,109965,582,104580,103992,144860,144852,105533,104195,102622,105746,103478,103477,103472,149822,130984,126462,104553,127417,112705,104554,104440,103274,126470,103596,109604,109605,107573,102953,103187,109380,109381,109336,109337,127441,109384,109382,113047,110210,126228,126493,305,109242,105096,104189,105282,103521,127558,105534,103284,103453,103451,103479,103470,102646,103821,126476,150214,110495,103991,103822,129261,138518,105302,129451,104661,146575,152114,103202,109339,109338,104088,103279,104582,144642,145182,141080,104069,103506,109606,142166,109608,109610,')
                    limit 114 
Fri Aug 24 16:38:35 BOT 2012: Asignar backtone escuchado > Asi termino:103472,134661,105545,103762,127374,
Fri Aug 24 16:39:06 BOT 2012: Asignar backtone escuchado > Asi termino:137290,137288,137277,137280,137276,137286,137285,137281,102621,105295,105302,102788,103627,18,129261,103190,103691,104440,112705,148,
Fri Aug 24 16:39:06 BOT 2012: Ajax->Mostrar Imagen Portada:  
Fri Aug 24 16:40:15 BOT 2012: ASYNC -> STATS> Tiempo respuesta 0.00286 seg.
Fri Aug 24 16:40:36 BOT 2012: Ajax->Mostrar Reproducciones:  
Fri Aug 24 16:42:46 BOT 2012: Ajax-> Mostrar Megusta> tono:103343 
Fri Aug 24 16:45:10 BOT 2012: Ajax-> Mostrar  Imagen Portada> tono:103086 
Fri Aug 24 16:46:01 BOT 2012: Session Start>  session por defecto 
Fri Aug 24 16:46:22 BOT 2012: ASYNC -> STATS> Tiempo respuesta 0.002989 seg.
Fri Aug 24 16:47:53 BOT 2012: Ajax->Mostrar Ranking:  
Fri Aug 24 16:48:38 BOT 2012: Ajax->Mostrar Reproducciones:  
Fri Aug 24 16:48:38 BOT 2012: ASYNC -> STATS> Tiempo respuesta 0.226618 seg.
Fri Aug 24 16:48:44 BOT 2012: ASYNC -> STATS> Tiempo respuesta 0.005216 seg.
Fri Aug 24 16:48:47 BOT 2012: Ajax->Mostrar Ranking:  
Fri Aug 24 16:48:50 BOT 2012: ASYNC -> STATS> Tiempo respuesta 0.004807 seg.
Fri Aug 24 16:51:54 BOT 2012: Asignar backtone escuchado > Asi termino:131771,102755,102753,102754,150170,150292,102774,104212,126489,102881,102883,120947,120956,104793,104792,104791,104790,104789,104788,104787,
Fri Aug 24 16:52:00 BOT 2012: Busqueda Inteligente: Camila
Fri Aug 24 16:52:09 BOT 2012: Ajax-> Mostrar  Genero > G&eacute;nero:  <a href='index.php?seccion=playlist&genero=155'>Romanticas</a>
Fri Aug 24 16:53:30 BOT 2012: STATS > BUSQUEDA DE BACKTONE >Tiempo: 0.260819 seg. | registros: 68
Fri Aug 24 16:56:34 BOT 2012: Session Start>  session por defecto 
Fri Aug 24 16:56:55 BOT 2012: ASYNC -> STATS> Tiempo respuesta 0.0023540000000001 seg.
Fri Aug 24 16:59:20 BOT 2012: Ajax-> Mostrar  Imagen Portada> tono:104795 
Fri Aug 24 17:03:18 BOT 2012: Ajax->Mostrar Ranking:  
Fri Aug 24 17:04:09 BOT 2012: Ajax->Mostrar Nombre Genero:  
Fri Aug 24 17:08:16 BOT 2012: Ajax->Mostrar Imagen Portada:  
Fri Aug 24 17:09:20 BOT 2012: Ajax->Mostrar Imagen Portada:  
Fri Aug 24 17:09:23 BOT 2012: Session Start>  session por defecto 
Fri Aug 24 17:10:05 BOT 2012: Consulta de precio de reason:10 - msisdn: tono:104459 Async responde:350
 
Fri Aug 24 17:11:08 BOT 2012: Ajax->Mostrar Nombre Genero:  
Fri Aug 24 17:11:56 BOT 2012: Ajax->Mostrar Megusta:  
Fri Aug 24 17:11:56 BOT 2012: Ajax->Mostrar Nombre Artista:  
Fri Aug 24 17:15:54 BOT 2012: Ajax->Mostrar Reproducciones:  
Fri Aug 24 17:15:57 BOT 2012: Mostrar Megusta> tono: 127894 msisdn: > a otros 1  les gusta 
Fri Aug 24 17:16:27 BOT 2012: Ajax-> Mostrar Ranking > tono:135156 
Fri Aug 24 17:16:37 BOT 2012: Ajax->Mostrar Reproducciones:  
Fri Aug 24 17:16:40 BOT 2012: Check Session > msisdn: 78687595 > Usuario Valido 
Fri Aug 24 17:16:52 BOT 2012: WEB_REPRODUCIR_BUSQUEDA > Se recibieron:1 tonos
Fri Aug 24 17:17:10 BOT 2012: Ajax-> Mostrar Megusta> tono:108594 
Fri Aug 24 17:19:10 BOT 2012: Mostrar Cantidad reproducciones: tono:154234 cantidad: 0
Fri Aug 24 17:20:29 BOT 2012: Ajax->Mostrar Ranking:  
Fri Aug 24 17:20:29 BOT 2012: Ajax-> Mostrar Ranking > tono:135158 
Fri Aug 24 17:20:32 BOT 2012: Ajax->Mostrar Nombre Artista:  
Fri Aug 24 17:20:59 BOT 2012: Asignar backtone escuchado > Asi termino:124243,106266,152504,
Fri Aug 24 17:21:53 BOT 2012: Ajax->Mostrar Nombre Artista:  
Fri Aug 24 17:23:35 BOT 2012: Mostrar Ranking: tono:102953 calificacion: 
Fri Aug 24 17:26:27 BOT 2012: Ajax-> Mostrar Ranking > tono:109435 
Fri Aug 24 17:27:42 BOT 2012: Ajax->Mostrar Nombre Artista:  
Fri Aug 24 17:29:31 BOT 2012: Ajax->Mostrar Reproducciones:  
Fri Aug 24 17:32:35 BOT 2012: Ajax-> Mostrar  Imagen Portada> tono:130962 
Fri Aug 24 17:36:18 BOT 2012: Ajax-> Mostrar  Imagen Portada> tono:104569 
Fri Aug 24 17:39:49 BOT 2012: Ajax->Mostrar Nombre Genero:  
Fri Aug 24 17:42:04 BOT 2012: Ajax->Mostrar Megusta:  
Fri Aug 24 17:44:53 BOT 2012: Ajax-> Mostrar  Imagen Portada> tono:126141 
Fri Aug 24 17:45:50 BOT 2012: Asignar backtone escuchado > Asi termino:103086,116516,103088,116471,116514,103087,103465,116469,103235,152126,152118,104177,104510,104190,102610,104171,104300,104357,133666,
Fri Aug 24 17:48:00 BOT 2012: Ajax->Mostrar Nombre Genero:  
Fri Aug 24 17:48:57 BOT 2012: ASYNC -> STATS> Tiempo respuesta 0.00315 seg.
Fri Aug 24 17:50:25 BOT 2012: Ajax->Mostrar Comentarios:  
Fri Aug 24 17:53:50 BOT 2012: Busqueda Inteligente: resultados >150148
Fri Aug 24 18:04:41 BOT 2012: Ajax-> Mostrar Ranking > tono:103232 
Fri Aug 24 18:12:22 BOT 2012: Ajax->Mostrar Megusta:  
Fri Aug 24 18:15:22 BOT 2012: Ajax-> Mostrar Megusta> tono:103458 
Fri Aug 24 18:15:37 BOT 2012: Ajax-> Mostrar Ranking > tono:103790 
Fri Aug 24 18:33:15 BOT 2012: Asignar backtone escuchado > Asi termino:103816,127417,104560,129234,104553,103451,103430,
Fri Aug 24 18:36:07 BOT 2012: Ajax->Mostrar Comentarios:  
Fri Aug 24 18:36:25 BOT 2012: ASYNC -> STATS> Tiempo respuesta 0.0059440000000001 seg.
Fri Aug 24 18:36:28 BOT 2012: ASYNC -> STATS> Tiempo respuesta -0.0090640000000001 seg.
Fri Aug 24 18:36:31 BOT 2012: ASYNC -> STATS> Tiempo respuesta 0.194481 seg.
Fri Aug 24 18:37:10 BOT 2012: Ajax-> Mostrar Ranking > tono:112705 
Fri Aug 24 18:37:22 BOT 2012: Ajax-> Mostrar  Imagen Portada> tono:129261 
Fri Aug 24 18:37:29 BOT 2012: Ajax->Mostrar Megusta:  
Fri Aug 24 18:37:35 BOT 2012: Busqueda Inteligente: resultados >103086
Fri Aug 24 18:37:41 BOT 2012: Ajax-> Mostrar Ranking > tono:64 
Fri Aug 24 18:37:41 BOT 2012: Asignar backtone escuchado > Asi termino:139337,139303,139347,147873,147528,104991,135057,130814,141134,141132,141128,141122,141130,120251,106384,146572,152118,145217,141833,142273,
Fri Aug 24 18:37:44 BOT 2012: ASYNC -> STATS> Tiempo respuesta -0.53051 seg.
Fri Aug 24 18:37:44 BOT 2012: ASYNC -> STATS> Tiempo respuesta -0.014229 seg.
Fri Aug 24 18:37:44 BOT 2012: Ajax->Mostrar Reproducciones:  
Fri Aug 24 18:37:50 BOT 2012: Asignar backtone escuchado > Asi termino:126146,126098,126149,126170,126147,126169,127423,127450,127424,125661,
Fri Aug 24 18:37:50 BOT 2012: Ajax->Mostrar Megusta:  
Fri Aug 24 18:43:42 BOT 2012: Consulta de precio de reason:2 - msisdn:77969950 tono:103045 Async responde:350
 
Fri Aug 24 18:43:42 BOT 2012: Ajax->Mostrar Ranking:  
Fri Aug 24 18:43:42 BOT 2012: Ajax->Mostrar Ranking:  
Fri Aug 24 18:47:01 BOT 2012: Ajax-> Mostrar  Nombre Artista > tono:137811 
Fri Aug 24 18:49:56 BOT 2012: Ajax->Mostrar Megusta:  
Fri Aug 24 18:53:36 BOT 2012: ASYNC -> STATS> Tiempo respuesta 0.004285 seg.
Fri Aug 24 18:59:14 BOT 2012: Ajax-> Mostrar Ranking > tono:571 
Fri Aug 24 18:59:23 BOT 2012: Ajax->Mostrar Nombre Genero:  
Fri Aug 24 19:00:02 BOT 2012: ASYNC -> STATS> Tiempo respuesta 0.002255 seg.
Fri Aug 24 19:03:06 BOT 2012: Ajax-> Mostrar Ranking > tono:139960 
Fri Aug 24 19:05:07 BOT 2012: Mostrar Genero: >G&eacute;nero:  <a href='index.php?seccion=playlist&genero=155'>Romanticas</a>
Fri Aug 24 19:05:22 BOT 2012: ASYNC -> STATS> Tiempo respuesta 0.234015 seg.
Fri Aug 24 19:05:28 BOT 2012: ASYNC -> STATS> Tiempo respuesta -0.00873 seg.
Fri Aug 24 19:05:31 BOT 2012: Ajax-> Mostrar  Nombre Genero > tono:102637 
Fri Aug 24 19:05:37 BOT 2012: WEB_REPRODUCIR_BUSQUEDA > Se recibieron:11 tonos
Fri Aug 24 19:05:40 BOT 2012: Ajax-> Mostrar Comentarios> tono:102803 
Fri Aug 24 19:05:55 BOT 2012: Ajax->Mostrar Ranking:  
Fri Aug 24 19:06:04 BOT 2012: Ajax-> Mostrar Comentarios> tono:153346 
Fri Aug 24 19:06:22 BOT 2012: Session Start>  session por defecto 
Fri Aug 24 19:06:34 BOT 2012: Ajax->Mostrar Nombre Artista:  
Fri Aug 24 19:07:17 BOT 2012: Ajax-> Mostrar  Nombre Genero > tono:147530 
Fri Aug 24 19:44:00 BOT 2012: Ajax->Mostrar Megusta:  
Fri Aug 24 19:47:55 BOT 2012: Ajax->Mostrar Nombre Artista:  
Fri Aug 24 19:48:43 BOT 2012: Mostrar Genero: >G&eacute;nero:  <a href='index.php?seccion=playlist&genero=145'>Rock</a>
Fri Aug 24 19:49:35 BOT 2012: Busqueda Inteligente: MTV
Fri Aug 24 19:49:41 BOT 2012: Busqueda Inteligente: Pitbull
Fri Aug 24 19:50:41 BOT 2012: Ajax-> Mostrar Ranking > tono:136258 
Fri Aug 24 19:51:41 BOT 2012: Ajax->Mostrar Megusta:  
Fri Aug 24 19:53:00 BOT 2012: Ajax-> Mostrar  Imagen Portada> tono:105092 
Fri Aug 24 19:58:28 BOT 2012: Ajax-> Mostrar Ranking > tono:104809 
Fri Aug 24 20:07:29 BOT 2012: ASYNC -> STATS> Tiempo respuesta 0.003593 seg.
Fri Aug 24 20:08:14 BOT 2012: Ajax->Mostrar Reproducciones:  
Fri Aug 24 20:08:26 BOT 2012: Asignar backtone escuchado > Asi termino:103234,103233,103232,103939,103084,516,103083,104379,515,103082,118180,103940,127273,129419,103548,110,103547,104097,145926,145390,
Fri Aug 24 20:10:21 BOT 2012: Ajax->Mostrar Ranking:  
Fri Aug 24 20:10:54 BOT 2012: Ajax->Mostrar Reproducciones:  
Fri Aug 24 20:12:39 BOT 2012: Ajax-> Mostrar  Imagen Portada> tono:115947 
Fri Aug 24 20:13:03 BOT 2012: Asignar backtone escuchado > Asi termino:103541,
Fri Aug 24 20:13:15 BOT 2012: Ajax-> Mostrar  Nombre Genero > tono:435 
Fri Aug 24 20:14:19 BOT 2012: Ajax->Mostrar Nombre Artista:  
Fri Aug 24 20:14:55 BOT 2012: Mostrar Ranking: tono:147077 calificacion: 
Fri Aug 24 20:16:22 BOT 2012: Ajax-> Mostrar  Imagen Portada> tono:147081 
Fri Aug 24 20:18:50 BOT 2012: ASYNC -> STATS> Tiempo respuesta -0.155195 seg.
Fri Aug 24 20:21:05 BOT 2012: Asignar backtone escuchado > Asi termino:118736,147090,147095,118725,118749,139960,118738,118741,118748,139844,147092,139956,147093,118734,139958,118752,118744,118745,118727,
Fri Aug 24 20:21:36 BOT 2012: Ajax-> Mostrar Megusta> tono:105036 
Fri Aug 24 20:23:32 BOT 2012: Busqueda Inteligente: resultados >102944
Fri Aug 24 20:25:30 BOT 2012: Ajax-> Mostrar Megusta> tono:103273 
Fri Aug 24 20:26:09 BOT 2012: ASYNC -> STATS> Tiempo respuesta 0.024723 seg.
Fri Aug 24 20:27:15 BOT 2012: Ajax->Mostrar Reproducciones:  
Fri Aug 24 20:28:40 BOT 2012: Mostrar Cantidad reproducciones: tono:147090 cantidad: 0
Fri Aug 24 20:30:28 BOT 2012: Mostrar Megusta> tono: 118724 msisdn:76143616 > a otros 4  les gusta 
Fri Aug 24 20:30:55 BOT 2012: session-default => asignando por default session
Fri Aug 24 20:33:17 BOT 2012: Ajax-> Mostrar  Imagen Portada> tono:103793 
Fri Aug 24 20:34:32 BOT 2012: Ajax->Mostrar Reproducciones:  
Fri Aug 24 21:29:48 BOT 2012: Busqueda Inteligente: resultados >103597
Fri Aug 24 21:31:24 BOT 2012: Busqueda Inteligente: resultados >150060
Fri Aug 24 21:36:05 BOT 2012: Ajax->Mostrar Reproducciones:  
Fri Aug 24 21:38:20 BOT 2012: Ajax-> Mostrar  Nombre Artista > tono:104465 
Fri Aug 24 21:42:06 BOT 2012: Ajax->Mostrar Comentarios:  
Fri Aug 24 21:42:15 BOT 2012: Ajax->Mostrar Imagen Portada:  
Fri Aug 24 21:43:18 BOT 2012: Ajax-> Mostrar Megusta> tono:139337 
Fri Aug 24 21:48:05 BOT 2012: Ajax->Mostrar Megusta:  
Fri Aug 24 21:48:08 BOT 2012: Ajax->Mostrar Megusta:  
Fri Aug 24 21:50:08 BOT 2012: Ajax-> Mostrar Comentarios> tono:144149 
Fri Aug 24 21:52:39 BOT 2012: Error al consultar precio de renovacion - msisdn: tono:134178 - Async responde -3
Fri Aug 24 21:57:25 BOT 2012: Ajax->Mostrar Nombre Artista:  
Fri Aug 24 22:05:21 BOT 2012: Busqueda Inteligente: resultados >104628
Fri Aug 24 22:05:24 BOT 2012: Ajax-> Mostrar Ranking > tono:121501 
Fri Aug 24 22:06:00 BOT 2012: Ajax->Mostrar Ranking:  
Fri Aug 24 22:07:49 BOT 2012: Ajax-> Mostrar  Nombre Genero > tono:123540 
Fri Aug 24 22:12:23 BOT 2012: Ajax-> Mostrar  Nombre Artista > tono:135064 
Fri Aug 24 22:12:32 BOT 2012: ASYNC -> STATS> Tiempo respuesta 0.108176 seg.
Fri Aug 24 22:18:24 BOT 2012: Ajax->Mostrar Megusta:  
Fri Aug 24 22:25:56 BOT 2012: Mostrar Genero: >G&eacute;nero:  <a href='index.php?seccion=playlist&genero=132'>Pop</a>
Fri Aug 24 22:27:00 BOT 2012: Ajax-> Mostrar Ranking > tono:145742 
Fri Aug 24 22:27:06 BOT 2012: Asignar backtone escuchado > Asi termino:145849,145742,103736,145834,145837,103735,145825,103474,9,88,145826,
Fri Aug 24 22:27:24 BOT 2012: Ajax->Mostrar Nombre Genero:  
Fri Aug 24 22:27:42 BOT 2012: Ajax-> Mostrar Ranking > tono:144111 
Fri Aug 24 22:28:03 BOT 2012: Busqueda Inteligente: Eros Ramazzotti
Fri Aug 24 22:28:09 BOT 2012: Ajax-> Mostrar Ranking > tono:145420 
Fri Aug 24 22:28:48 BOT 2012: Ajax-> Mostrar Ranking > tono:104788 
Fri Aug 24 22:28:51 BOT 2012: ASYNC -> STATS> Tiempo respuesta 0.003087 seg.
Fri Aug 24 22:35:35 BOT 2012: Ajax->Mostrar Imagen Portada:  
Fri Aug 24 22:36:02 BOT 2012: Ajax-> Mostrar Ranking > tono:137253 
Fri Aug 24 22:37:53 BOT 2012: Ajax->Mostrar Ranking:  
Fri Aug 24 22:39:45 BOT 2012: Busqueda Inteligente: resultados >103394
Fri Aug 24 22:53:41 BOT 2012: Session Start>  session por defecto 
Fri Aug 24 22:54:02 BOT 2012: ASYNC -> STATS> Tiempo respuesta 0.002827 seg.
Fri Aug 24 23:01:52 BOT 2012: Ajax-> Mostrar Ranking > tono:110495 
Fri Aug 24 23:08:42 BOT 2012: ASYNC -> STATS> Tiempo respuesta 0.020197 seg.
Fri Aug 24 23:55:04 BOT 2012: Asignar backtone escuchado > Asi termino:442,135057,130814,105564,104051,123218,
