Sat Nov 17 0:39:46 BOT 2012: ASYNC -> STATS> Tiempo respuesta -0.993482 seg.
Sat Nov 17 0:53:53 BOT 2012: Busqueda Inteligente: resultados >102622
Sat Nov 17 0:57:12 BOT 2012: ASYNC -> STATS> Tiempo respuesta 0.003363 seg.
Sat Nov 17 1:35:21 BOT 2012: MTD_DB_BUSCAR_ARTISTAS > retornando registros:24
Sat Nov 17 1:41:43 BOT 2012: Asignar backtone escuchado > Asi termino:105545,103095,103466,105282,105036,105096,
Sat Nov 17 1:45:17 BOT 2012: Ajax-> Mostrar  Imagen Portada> tono:104131 
Sat Nov 17 1:58:49 BOT 2012: Consulta de precio de reason:2 - msisdn: tono:103273 Async responde:350
 
Sat Nov 17 2:00:49 BOT 2012: Ajax->Mostrar Reproducciones:  
Sat Nov 17 2:23:08 BOT 2012: Ajax->Mostrar Comentarios:  
Sat Nov 17 9:19:45 BOT 2012: Ajax->Mostrar Ranking:  
Sat Nov 17 9:20:00 BOT 2012: Ajax->Mostrar Reproducciones:  
Sat Nov 17 9:34:12 BOT 2012: Consulta de precio de reason:2 - msisdn: tono:102962 Async responde:350
 
Sat Nov 17 9:44:44 BOT 2012: ASYNC -> STATS> Tiempo respuesta 0.13297 seg.
Sat Nov 17 10:04:53 BOT 2012: Mostrar Album: >albumes/album-default.jpg
Sat Nov 17 10:18:02 BOT 2012: ASYNC -> STATS> Tiempo respuesta -0.317239 seg.
Sat Nov 17 10:18:05 BOT 2012: ASYNC -> STATS> Tiempo respuesta -0.015814 seg.
Sat Nov 17 10:18:05 BOT 2012: Asignar backtone escuchado > Asi termino:103459,103458,103462,
Sat Nov 17 10:18:08 BOT 2012: Error al consultar precio de renovacion - msisdn: tono:116508 - Async responde -3
Sat Nov 17 10:19:53 BOT 2012: Ajax->Mostrar Comentarios:  
Sat Nov 17 10:22:32 BOT 2012: Ajax->Mostrar Nombre Genero:  
Sat Nov 17 10:25:36 BOT 2012: ASYNC -> STATS> Tiempo respuesta 0.002621 seg.
Sat Nov 17 10:31:40 BOT 2012: ASYNC -> STATS> Tiempo respuesta 0.003051 seg.
Sat Nov 17 10:34:47 BOT 2012: ASYNC -> STATS> Tiempo respuesta -0.022216 seg.
