Thu Jun 28 20:20:36 BOT 2012: Consulta de precio de reason:2 - msisdn: tono:103430 Async responde:350
 
Thu Jun 28 20:20:36 BOT 2012: Ajax->Mostrar Reproducciones:  
Thu Jun 28 20:20:39 BOT 2012: ASYNC -> STATS> Tiempo respuesta -0.489527 seg.
Thu Jun 28 20:20:54 BOT 2012: Consulta de precio de reason:10 - msisdn:77750144 tono:104190 Async responde:350
 
Thu Jun 28 20:22:42 BOT 2012: Ajax->Eliminando backtone: msisdn:77059602   
Thu Jun 28 20:23:00 BOT 2012: Mostrar Album: >albumes/album-default.jpg
Thu Jun 28 20:23:03 BOT 2012: Busqueda Inteligente: resultados >103475
Thu Jun 28 20:25:13 BOT 2012: ASYNC -> STATS> Tiempo respuesta -0.448357 seg.
Thu Jun 28 20:25:16 BOT 2012: ASYNC -> STATS> Tiempo respuesta 0.005446 seg.
Thu Jun 28 20:25:19 BOT 2012: Asignar backtone escuchado > Asi termino:105028,105271,133786,553,105275,105273,105284,105024,105276,
Thu Jun 28 20:28:55 BOT 2012: ASYNC -> STATS> Tiempo respuesta 0.0033380000000001 seg.
Thu Jun 28 20:28:55 BOT 2012: ASYNC -> STATS> Tiempo respuesta 0.653419 seg.
Thu Jun 28 20:29:02 BOT 2012: Ajax-> Mostrar Megusta> tono:135727 
Thu Jun 28 20:29:05 BOT 2012: Ajax-> Mostrar  Imagen Portada> tono:132054 
Thu Jun 28 20:29:32 BOT 2012: Ajax-> Mostrar Megusta> tono:131003 
Thu Jun 28 20:32:56 BOT 2012: Mostrar Comentarios : tono:104093 
Thu Jun 28 20:36:24 BOT 2012: Busqueda Inteligente: Tercer Cielo
Thu Jun 28 20:38:42 BOT 2012: Asignar backtone escuchado > Asi termino:61,133790,105030,105269,105280,482,105279,137237,137235,133787,105267,105278,4,19,105029,137240,105028,105271,133786,553,
Thu Jun 28 20:41:19 BOT 2012: Ajax->Actualizar pin usuario
Thu Jun 28 20:41:19 BOT 2012: Asignar backtone escuchado > Asi termino:32,133440,131616,126462,102812,103580,105999,110188,509,118724,104201,104251,104200,133412,104831,133432,105640,104195,104189,104190,
Thu Jun 28 20:41:25 BOT 2012: Ajax->Mostrar Nombre Genero:  
Thu Jun 28 20:41:34 BOT 2012: Ajax->Mostrar Reproducciones:  
Thu Jun 28 20:45:17 BOT 2012: Ajax-> Mostrar  Imagen Portada> tono:103060 
Thu Jun 28 20:46:38 BOT 2012: WEB_REPRODUCIR_BUSQUEDA > Se recibieron:114 tonos
Thu Jun 28 20:47:47 BOT 2012: Check Session > msisdn: 77750144 > Usuario Valido 
Thu Jun 28 20:53:24 BOT 2012: Ajax->Mostrar Nombre Genero:  
Thu Jun 28 20:53:57 BOT 2012: ASYNC -> STATS> Tiempo respuesta 0.0034639999999999 seg.
Thu Jun 28 20:54:00 BOT 2012: ASYNC -> STATS> Tiempo respuesta 0.628552 seg.
Thu Jun 28 20:54:57 BOT 2012: Session Start>  Chequeo de sesion
Thu Jun 28 20:55:18 BOT 2012: MTD_DB_BUSCAR_ARTISTAS > retornando registros:47
