Sun Dec 25 0:26:52 BOT 2011: Ajax->Mostrar Ranking:  
Sun Dec 25 0:47:31 BOT 2011: Ajax->Mostrar Megusta:  
Sun Dec 25 1:32:25 BOT 2011: WEB_REPRODUCIR_BUSQUEDA > Se recibieron:101 tonos
Sun Dec 25 1:39:05 BOT 2011: ASYNC -> STATS> Tiempo respuesta 0.006604 seg.
Sun Dec 25 1:39:11 BOT 2011: Ajax-> Mostrar Ranking > tono:134638 
Sun Dec 25 1:40:14 BOT 2011: Busqueda Inteligente: resultados >127855
Sun Dec 25 1:42:05 BOT 2011: ASYNC -> STATS> Tiempo respuesta 0.597288 seg.
Sun Dec 25 1:45:48 BOT 2011: Ajax->Mostrar Megusta:  
Sun Dec 25 1:51:13 BOT 2011: Ajax->Mostrar Comentarios:  
Sun Dec 25 2:18:34 BOT 2011: ASYNC -> STATS> Tiempo respuesta 0.008738 seg.
Sun Dec 25 2:26:54 BOT 2011: Session Start>  session por defecto 
Sun Dec 25 2:27:06 BOT 2011: Session Start>  session por defecto 
Sun Dec 25 2:47:32 BOT 2011: ACTUALIZAR_PIN_USUARIO > nuevo pin:2609
Sun Dec 25 3:07:57 BOT 2011: ASYNC -> STATS> Tiempo respuesta -0.142823 seg.
Sun Dec 25 3:48:36 BOT 2011: Busqueda Inteligente: resultados >103652
Sun Dec 25 4:13:33 BOT 2011: Ajax-> Mostrar Ranking > tono:104494 
Sun Dec 25 10:16:25 BOT 2011: Session Start>  session por defecto 
Sun Dec 25 10:16:25 BOT 2011: Session Start>  session por defecto 
Sun Dec 25 18:19:01 BOT 2011: MTD_DB_BUSCAR_ARTISTAS > retornando registros:73
Sun Dec 25 18:20:40 BOT 2011: Ajax-> Mostrar  Imagen Portada> tono:104585 
Sun Dec 25 18:31:53 BOT 2011: Ajax->Mostrar Nombre Genero:  
Sun Dec 25 18:31:56 BOT 2011: Ajax->Mostrar Nombre Genero:  
Sun Dec 25 18:35:27 BOT 2011: Ajax->Mostrar Nombre Artista:  
Sun Dec 25 18:37:12 BOT 2011: ASYNC -> STATS> Tiempo respuesta -0.158711 seg.
Sun Dec 25 18:38:21 BOT 2011: ASYNC -> STATS> Tiempo respuesta 0.008063 seg.
Sun Dec 25 18:38:33 BOT 2011: Mostrar Cantidad reproducciones: tono:122287 cantidad: 0
Sun Dec 25 18:45:34 BOT 2011: Ajax->Mostrar Nombre Artista:  
Sun Dec 25 18:50:11 BOT 2011: Ajax->Mostrar Reproducciones:  
Sun Dec 25 18:52:23 BOT 2011: Mostrar Album: >Artista:  <a href='index.php?seccion=playlist&autor=49'>Calle13</a>
Sun Dec 25 18:56:03 BOT 2011: Ajax->Mostrar Nombre Artista:  
Sun Dec 25 18:57:48 BOT 2011: Ajax->Mostrar Reproducciones:  
Sun Dec 25 19:00:03 BOT 2011: Asignar backtone escuchado > Asi termino:116505,102876,116502,116504,103090,103238,103507,104027,104026,103235,116506,103089,104460,104670,102673,112702,102630,201,103671,
Sun Dec 25 19:02:06 BOT 2011: ASYNC -> STATS> Tiempo respuesta 0.104601 seg.
Sun Dec 25 19:06:13 BOT 2011: ASYNC -> STATS> Tiempo respuesta 0.004868 seg.
Sun Dec 25 19:08:04 BOT 2011: Busqueda Inteligente: EL ME MINTIO
Sun Dec 25 19:11:50 BOT 2011: Asignar backtone escuchado > Asi termino:127376,105237,131829,140783,133698,122,131758,131757,137972,
Sun Dec 25 19:13:56 BOT 2011: Asignar backtone escuchado > Asi termino:105842,122,131758,131757,127376,105237,131829,140783,133698,137972,
Sun Dec 25 19:13:59 BOT 2011: Ajax->Mostrar Reproducciones:  
Sun Dec 25 19:18:45 BOT 2011: STATS > BUSQUEDA DE BACKTONE >Tiempo: 0.209932 seg. | registros: 4
Sun Dec 25 19:19:27 BOT 2011: ASYNC -> STATS> Tiempo respuesta 0.007682 seg.
Sun Dec 25 19:27:37 BOT 2011: Ajax->Mostrar Nombre Artista:  
Sun Dec 25 19:27:37 BOT 2011: Ajax->Mostrar Comentarios:  
Sun Dec 25 19:29:55 BOT 2011: Ajax-> Mostrar  Imagen Portada> tono:104416 
Sun Dec 25 19:30:10 BOT 2011: Ajax->Mostrar Nombre Artista:  
Sun Dec 25 19:32:50 BOT 2011: Mostrar Ranking: tono:142628 calificacion: 
Sun Dec 25 19:33:14 BOT 2011: Ajax-> Mostrar Megusta> tono:104421 
Sun Dec 25 19:34:41 BOT 2011: Ajax-> Mostrar Megusta> tono:122647 
Sun Dec 25 19:36:50 BOT 2011: ASYNC -> STATS> Tiempo respuesta 0.0083260000000001 seg.
Sun Dec 25 19:36:53 BOT 2011: ASYNC -> STATS> Tiempo respuesta 0.678798 seg.
Sun Dec 25 19:36:53 BOT 2011: Asignar backtone escuchado > Asi termino:104926,102615,102614,107749,107747,133736,137261,137253,128612,112469,112468,
Sun Dec 25 19:36:56 BOT 2011: ASYNC -> STATS> Tiempo respuesta -0.030459 seg.
Sun Dec 25 19:39:48 BOT 2011: ASYNC -> STATS> Tiempo respuesta -0.087911 seg.
Sun Dec 25 19:39:51 BOT 2011: Ajax->Mostrar Ranking:  
Sun Dec 25 19:41:36 BOT 2011: Ajax->Mostrar Nombre Artista:  
Sun Dec 25 19:42:09 BOT 2011: Ajax-> Mostrar  Imagen Portada> tono:104410 
Sun Dec 25 19:44:36 BOT 2011: Busqueda Inteligente: Makano
Sun Dec 25 19:48:10 BOT 2011: Ajax->Mostrar Comentarios:  
Sun Dec 25 19:52:43 BOT 2011: Ajax-> Mostrar  Nombre Artista > tono:126141 
Sun Dec 25 19:55:59 BOT 2011: Ajax->Mostrar Ranking:  
Sun Dec 25 19:57:38 BOT 2011: Mostrar Ranking: tono:125517 calificacion: 5
Sun Dec 25 19:58:05 BOT 2011: Ajax->Mostrar Nombre Genero:  
Sun Dec 25 20:00:05 BOT 2011: Ajax->Mostrar Imagen Portada:  
Sun Dec 25 20:01:03 BOT 2011: Asignar backtone escuchado > Asi termino:104027,104026,104025,103225,103072,103224,103992,104024,130830,125517,126142,126164,126144,126165,125661,126172,126173,126175,134658,126141,
Sun Dec 25 20:02:18 BOT 2011: Ajax->Mostrar Nombre Genero:  
Sun Dec 25 20:07:00 BOT 2011: Consulta de precio de reason:2 - msisdn: tono:257 Async responde:350
 
Sun Dec 25 20:08:52 BOT 2011: Ajax-> Mostrar Ranking > tono:137283 
Sun Dec 25 20:09:49 BOT 2011: Ajax->Mostrar Reproducciones:  
Sun Dec 25 20:15:11 BOT 2011: Busqueda Inteligente: il volo
Sun Dec 25 20:19:11 BOT 2011: ASYNC -> STATS> Tiempo respuesta 0.008226 seg.
Sun Dec 25 20:19:59 BOT 2011: Ajax-> Mostrar  Nombre Artista > tono:140780 
Sun Dec 25 20:21:50 BOT 2011: Ajax->Mostrar Comentarios:  
Sun Dec 25 20:24:39 BOT 2011: ASYNC -> STATS> Tiempo respuesta 0.006821 seg.
Sun Dec 25 20:28:06 BOT 2011: Ajax->Mostrar Comentarios:  
Sun Dec 25 20:28:09 BOT 2011: Ajax->Mostrar Nombre Artista:  
Sun Dec 25 20:28:48 BOT 2011: ASYNC -> STATS> Tiempo respuesta 0.016281 seg.
Sun Dec 25 20:28:51 BOT 2011: Busqueda Inteligente: resultados >104335
Sun Dec 25 20:29:03 BOT 2011: Busqueda Inteligente: rafaga
Sun Dec 25 20:29:24 BOT 2011: Ajax->Mostrar Comentarios:  
Sun Dec 25 20:30:47 BOT 2011: Busqueda Inteligente: Resultado 
 105054;DARTH VADER tienes un Llamado;Version Opratel;Sonidos
104331;Cara de Dengue V1;DJ;Sonidos
104447;-ATENDE SUPERESTRELLA;Version Opratel;Sonidos
104147;Agente 86 Dile a 99;Version Opratel;Sonidos
104921;Agente 86 y el dueno de casa;Version Opratel;Sonidos
104927;ANIMADOR DE BACKTONE;Version Opratel;Sonidos
103825;Arde la ciudad;Version Opratel;Latinas
104928;ATENCION SOLDADO ATIENDA SU CELULAR;Version Opratel;Clasicos
104929;ATIENDE TU ZAPATOFONO;Version Opratel;Sonidos
104510; Chiquillada V2;Jardin Unicornio;Sonidos
276;15 dias;La banda de lechuga;Cumbia
121;Andando;Diego Torres;Latinas
103692;ANDANDO-;Diego Torres;Latinas
104051;Bandas marchando;Version Opratel;Clasicos
129936;Besos Usados Opratel;Andres Cepeda Opratel;Mi Promo ConTigo
104507; Dormite Tranquilo;Claudio Taddei;Sonidos
141636;ASE_02DEDIC2011_1_SALUDO;KARAOKE;KARAOKE
141626;ASE_02DEDIC2011_1_SONIDO;KARAOKE;KARAOKE
141631;ASE_02DEDIC2011_2_SONIDO;KARAOKE;KARAOKE
141659;ASE_03DEDIC2011_1_SALUDO;KARAOKE;KARAOKE
141661;ASE_03DEDIC2011_1_SONIDO;KARAOKE;KARAOKE
141676;ASE_03DEDIC2011_2_SALUDO;KARAOKE;KARAOKE
141665;ASE_03DEDIC2011_2_SONIDO;KARAOKE;KARAOKE
141677;ASE_03DEDIC2011_3_SALUDO;KARAOKE;KARAOKE
141673;ASE_03DEDIC2011_3_SONIDO;KARAOKE;KARAOKE
141674;ASE_03DEDIC2011_4_SONIDO;KARAOKE;KARAOKE
141678;ASE_03DEDIC2011_5_SONIDO;KARAOKE;KARAOKE
141682;ASE_03DEDIC2011_6_SONIDO;KARAOKE;KARAOKE
141683;ASE_03DEDIC2011_7_SONIDO;KARAOKE;KARAOKE
142066;ASE_10DEDIC2011_1_SONIDO;KARAOKE;KARAOKE
142069;ASE_10DEDIC2011_2_SONIDO;KARAOKE;KARAOKE
142184;ASE_11DEDIC2011_1_SALUDO;KARAOKE;KARAOKE
142782;ASE_23DEDIC2011_1_SALUDO;KARAOKE;KARAOKE
142807;ASE_24DEDIC2011_1_SALUDO;KARAOKE;KARAOKE
142809;ASE_24DEDIC2011_2_SALUDO;KARAOKE;KARAOKE
141563;AVV_01DEDIC2011_1_SALUDO;KARAOKE;KARAOKE
141639;AVV_03DEDIC2011_1_SALUDO;KARAOKE;KARAOKE
119877;AVV_03DEDIC_1_SALUDO;KARAOKE;KARAOKE
119881;AVV_03DEDIC_2_SALUDO;KARAOKE;KARAOKE
119882;AVV_03DEDIC_3_SALUDO;KARAOKE;KARAOKE
119884;AVV_03DEDIC_4_SALUDO;KARAOKE;KARAOKE
119965;AVV_05DEDIC_1_SALUDO;KARAOKE;KARAOKE
119969;AVV_05DEDIC_1_SONIDO;KARAOKE;KARAOKE
119966;AVV_05DEDIC_2_SALUDO;KARAOKE;KARAOKE
119980;AVV_05DEDIC_2_SONIDO;KARAOKE;KARAOKE
141807;AVV_06DEDIC2011_1_SALUDO ;KARAOKE;KARAOKE
141823;AVV_06DEDIC2011_2_SALUDO ;KARAOKE;KARAOKE
104877;CONSEJO DEL MAESTRO LING;opratel;Sonidos
104876;CONSEJO DEL MAESTRO LING 02;opratel;Sonidos
104931;CONTESTA RAPIDO ANTES DE QUE SE TE VAYA LA SEÑAL;Version Opratel;Chistes
128305;Contestadora Joniqui;Sebastian Moreno Opratel;Promoción Te Matamos de Risa
128925;Dandole;Gocho ft. Jowell Opratel;Mi Promo ConTigo
104056;Dibujito Loco;Version Opratel;Sonidos
137086;C Mon ft Diplo and Bustha Rhymes;Dj Tiesto;Electronicas
137970;C Mon ft Diplo and Bustha Rhymes;Dj Tiesto Vs Diplo;Electronicas
104332;Cara de Dengue V2;DJ;BICENTENARIO
103491;Soundsystem Jaded;Flip y djuma;Electronicas
138286;Traffic Radio Edit;Dj Tiesto;Electronicas
138311;Who Wants To Be Alone;Dj Tiesto feat Nelly Furtado;Electronicas
105754;moto mendez;Azul azul;AZUL AZUL
103821;A decir que si;Version Opratel;Latinas
103822;A ver si pueden;Version Opratel;Latinas
127855;Adios amor Opratel2;opratel;Mi Promo ConTigo
103823;Agarrense de las manos;Version Opratel;Latinas
104249;Agente 86 el sol y la luna;Version Opratel;Sonidos
104248;Agente 86 en el paraiso;Version Opratel;Sonidos
104247;Agente 86 Jefe y Jaime;Version Opratel;Sonidos
104246;Agente 86 KUNGFU;Version Opratel;Sonidos
104245;Agente 86 Maria Jose;Version Opratel;Sonidos
104244;Agente 86 Max el tomate;Version Opratel;Sonidos
104920;Agente 86 y el chino;Version Opratel;Sonidos
105048;Agente 86 y el hombre invisible;Version Opratel;Sonidos
105049;Agente 86 y el jefe;Version Opratel;Sonidos
105050;Agente 86 y el Tarta;Version Opratel;Sonidos
104922;Agente 86 y el timbre;Version Opratel;Sonidos
105051;Agente 86 y la ambulancia;Version Opratel;Sonidos
104923;Agente 86 y la contestadora;Version Opratel;Sonidos
104924;Agente 86 y la pata;Version Opratel;Sonidos
104925;Agente 86 y la suegra;Version Opratel;Sonidos
104926;Agente 86 y los enanos;Version Opratel;Sonidos
105052;Agente 86 y Sigfrid;Version Opratel;Sonidos
105610;Al Fondo Hay Sitio;Version Opratel;Super Promo
104870;ALIENIGENA;opratel;Sonidos
130832;Amor Clandestino;Mana Opratel;Mi Promo ConTigo
139723;Ana y la Huesuda;Opratel;Chistes
104109;Avisale tu;Version Opratel;So 
Sun Dec 25 20:30:49 BOT 2011: Ajax-> Mostrar Comentarios> tono:112702 
Sun Dec 25 20:34:52 BOT 2011: Asignar backtone escuchado > Asi termino:104532,141122,104431,134012,133881,105234,125516,103474,103328,102622,141050,131645,128218,104508,103594,
Sun Dec 25 20:39:20 BOT 2011: ASYNC -> STATS> Tiempo respuesta -0.41815 seg.
Sun Dec 25 20:39:26 BOT 2011: Asignar backtone escuchado > Asi termino:140783,131829,133698,130981,130982,104737,104780,105320,104771,126142,126164,126144,126165,125661,126172,126173,126175,134658,126141,
Sun Dec 25 20:40:32 BOT 2011: ASYNC -> STATS> Tiempo respuesta 0.007339 seg.
Sun Dec 25 20:41:02 BOT 2011: Ajax-> Mostrar Comentarios> tono:118744 
Sun Dec 25 20:42:44 BOT 2011: Ajax-> Mostrar  Nombre Genero > tono:129248 
Sun Dec 25 20:44:00 BOT 2011: Ajax->Mostrar Reproducciones:  
Sun Dec 25 20:46:06 BOT 2011: Ajax->Mostrar Imagen Portada:  
Sun Dec 25 20:49:51 BOT 2011: Ajax->Mostrar Megusta:  
Sun Dec 25 20:51:01 BOT 2011: ASYNC -> STATS> Tiempo respuesta 0.005333 seg.
Sun Dec 25 20:51:19 BOT 2011: Busqueda Inteligente: resultados >102768
Sun Dec 25 20:53:40 BOT 2011: Ajax->Mostrar Comentarios:  
Sun Dec 25 20:53:49 BOT 2011: ASYNC -> STATS> Tiempo respuesta 0.265978 seg.
Sun Dec 25 20:54:58 BOT 2011: Ajax-> Mostrar  Imagen Portada> Album:Artista:  <a href='index.php?seccion=playlist&autor=52'>Chayanne</a>
Sun Dec 25 20:57:07 BOT 2011: Consulta de precio de reason:3 - msisdn:78466633 tono:104950 Async responde:350
 
Sun Dec 25 21:00:50 BOT 2011: Ajax->Mostrar Nombre Artista:  
Sun Dec 25 21:04:57 BOT 2011: ASYNC -> STATS> Tiempo respuesta 0.005708 seg.
Sun Dec 25 21:08:00 BOT 2011: Asignar backtone escuchado > Asi termino:404,276,509,139347,103521,429,
Sun Dec 25 21:08:51 BOT 2011: Ajax->Mostrar Imagen Portada:  
Sun Dec 25 21:09:54 BOT 2011: Ajax->Mostrar Reproducciones:  
Sun Dec 25 21:10:39 BOT 2011: Ajax-> Mostrar Comentarios> tono:110108 
Sun Dec 25 21:11:09 BOT 2011: Ajax->Mostrar Comentarios:  
Sun Dec 25 21:31:45 BOT 2011: Ajax->Mostrar Nombre Genero:  
Sun Dec 25 21:34:19 BOT 2011: ASYNC -> STATS> Tiempo respuesta 0.006621 seg.
Sun Dec 25 21:34:58 BOT 2011: Ajax->Mostrar Reproducciones:  
Sun Dec 25 21:35:10 BOT 2011: Ajax->Mostrar Comentarios:  
Sun Dec 25 21:35:40 BOT 2011: Asignar backtone escuchado > Asi termino:102674,203,109975,108556,105762,102624,109973,137852,102628,103642,105238,102638,102876,134681,116505,134661,134023,134015,134638,134687,
Sun Dec 25 21:36:07 BOT 2011: Ajax->Mostrar Comentarios:  
Sun Dec 25 21:36:28 BOT 2011: ASYNC -> STATS> Tiempo respuesta 0.011109 seg.
Sun Dec 25 21:36:34 BOT 2011: ASYNC -> STATS> Tiempo respuesta 0.007731 seg.
Sun Dec 25 21:44:38 BOT 2011: Ajax-> Mostrar  Nombre Artista > tono:107436 
Sun Dec 25 21:45:47 BOT 2011: ASYNC -> STATS> Tiempo respuesta 0.002933 seg.
Sun Dec 25 21:45:50 BOT 2011: ASYNC -> STATS> Tiempo respuesta 0.146883 seg.
Sun Dec 25 21:48:15 BOT 2011: ASYNC -> STATS> Tiempo respuesta 0.009148 seg.
Sun Dec 25 21:49:12 BOT 2011: Ajax->Mostrar Megusta:  
Sun Dec 25 21:54:15 BOT 2011: Ajax->Mostrar Ranking:  
Sun Dec 25 21:56:28 BOT 2011: Ajax->Mostrar Nombre Genero:  
Sun Dec 25 21:56:46 BOT 2011: Ajax->Asignar modalidad backtone: msisdn:75062802   
Sun Dec 25 21:57:07 BOT 2011: Ajax-> Mostrar Comentarios> tono:124061 
Sun Dec 25 21:57:22 BOT 2011: ASYNC -> STATS> Tiempo respuesta -0.438253 seg.
Sun Dec 25 21:57:28 BOT 2011: ASYNC -> STATS> Tiempo respuesta -0.491342 seg.
Sun Dec 25 21:58:43 BOT 2011: Ajax-> Mostrar  Nombre Genero > tono:103453 
Sun Dec 25 21:59:25 BOT 2011: Ajax->Mostrar Comentarios:  
Sun Dec 25 22:08:50 BOT 2011: Asignar backtone escuchado > Asi termino:140825,140823,137882,106380,142230,140821,127759,124243,240,141835,141833,142273,142231,142227,142225,142223,142220,142168,142166,141917,
Sun Dec 25 22:13:36 BOT 2011: ASYNC -> STATS> Tiempo respuesta 0.0079020000000001 seg.
Sun Dec 25 22:19:46 BOT 2011: Mostrar Genero: >G&eacute;nero:  <a href='index.php?seccion=playlist&genero=110'>Cumbia</a>
Sun Dec 25 22:20:37 BOT 2011: Session Start>  session por defecto 
Sun Dec 25 22:24:38 BOT 2011: Asignar backtone escuchado > Asi termino:107760,107752,107788,107763,110338,104341,103770,104336,107737,139838,139965,139960,118752,118725,118724,125090,104904,391,125067,105997,
Sun Dec 25 22:27:17 BOT 2011: Ajax->Mostrar Imagen Portada:  
Sun Dec 25 22:28:17 BOT 2011: Mostrar Cantidad reproducciones: tono:104178 cantidad: 0
Sun Dec 25 22:29:02 BOT 2011: Asignar backtone escuchado > Asi termino:140851,105805,140847,141109,141111,106378,137874,137868,137867,133441,141113,140845,141114,131807,140842,140838,131808,140840,139725,139722,
Sun Dec 25 22:29:20 BOT 2011: Ajax->Mostrar Imagen Portada:  
Sun Dec 25 22:32:15 BOT 2011: Ajax-> Mostrar Ranking > tono:102621 
Sun Dec 25 22:32:36 BOT 2011: Ajax-> Mostrar Ranking > tono:103692 
Sun Dec 25 22:33:30 BOT 2011: Asignar backtone escuchado > Asi termino:137298,137276,137286,137281,102621,142145,104350,53,620,137270,105304,135054,103492,110367,78,110360,103682,133775,127275,106295,
Sun Dec 25 22:37:24 BOT 2011: ASYNC -> STATS> Tiempo respuesta 0.0026590000000001 seg.
Sun Dec 25 22:37:24 BOT 2011: Mostrar Ranking: tono:133668 calificacion: 
Sun Dec 25 22:41:19 BOT 2011: ASYNC -> STATS> Tiempo respuesta 0.003118 seg.
Sun Dec 25 22:41:37 BOT 2011: Mostrar Album: >albumes/Kiss Greatest.jpg
Sun Dec 25 22:41:46 BOT 2011: Ajax-> Mostrar Ranking > tono:107792 
Sun Dec 25 22:42:07 BOT 2011: Ajax-> Mostrar Comentarios> tono:135950 
Sun Dec 25 22:42:16 BOT 2011: Asignar backtone escuchado > Asi termino:136043,136198,136186,135961,135950,129215,116,130991,127273,136203,103221,136227,136235,127450,103069,103220,103549,129419,103548,110,
Sun Dec 25 22:43:01 BOT 2011: Ajax-> Mostrar Megusta> tono:129230 
Sun Dec 25 22:45:26 BOT 2011: Ajax->Mostrar Nombre Genero:  
Sun Dec 25 22:46:17 BOT 2011: Ajax-> Mostrar  Imagen Portada> tono:103069 
Sun Dec 25 22:48:08 BOT 2011: Ajax->Mostrar Reproducciones:  
Sun Dec 25 22:48:23 BOT 2011: Ajax->Mostrar Nombre Artista:  
Sun Dec 25 22:49:05 BOT 2011: Ajax-> Mostrar Ranking > tono:142622 
Sun Dec 25 22:49:14 BOT 2011: Ajax->Mostrar Imagen Portada:  
Sun Dec 25 22:49:32 BOT 2011: Ajax->Mostrar Nombre Genero:  
Sun Dec 25 22:49:47 BOT 2011: Ajax-> Mostrar  Nombre Genero > tono:104529 
Sun Dec 25 22:55:03 BOT 2011: Ajax->Mostrar Nombre Genero:  
Sun Dec 25 22:55:06 BOT 2011: Ajax->Mostrar Comentarios:  
Sun Dec 25 22:56:27 BOT 2011: Ajax->Mostrar Ranking:  
Sun Dec 25 23:01:25 BOT 2011: WEB_REPRODUCIR_BUSQUEDA > Se recibieron:34 tonos
Sun Dec 25 23:03:01 BOT 2011: Mostrar Ranking: tono:131616 calificacion: 
Sun Dec 25 23:08:53 BOT 2011: Ajax->Mostrar Nombre Artista:  
Sun Dec 25 23:10:47 BOT 2011: Ajax-> Mostrar Comentarios> tono:103744 
Sun Dec 25 23:11:59 BOT 2011: Ajax-> Mostrar Megusta> tono:105559 
Sun Dec 25 23:12:14 BOT 2011: ASYNC -> STATS> Tiempo respuesta 0.012309 seg.
Sun Dec 25 23:13:36 BOT 2011: Ajax->Mostrar Imagen Portada:  
Sun Dec 25 23:13:51 BOT 2011: Ajax->Mostrar Imagen Portada:  
Sun Dec 25 23:14:27 BOT 2011: Mostrar Genero: >G&eacute;nero:  <a href='index.php?seccion=playlist&genero=185'>David Guetta</a>
Sun Dec 25 23:15:18 BOT 2011: Ajax->Mostrar Nombre Genero:  
Sun Dec 25 23:17:39 BOT 2011: Session Start>  session por defecto 
Sun Dec 25 23:18:06 BOT 2011: Ajax-> Mostrar Megusta> tono:103596 
Sun Dec 25 23:18:54 BOT 2011: Ajax-> Mostrar  Nombre Genero > tono:104204 
Sun Dec 25 23:20:13 BOT 2011: Asignar backtone escuchado > Asi termino:137814,105021,124243,106266,104147,102741,104522,104508,104535,104533,104510,104991,105234,125516,
Sun Dec 25 23:26:58 BOT 2011: ASYNC -> STATS> Tiempo respuesta 0.008494 seg.
Sun Dec 25 23:27:26 BOT 2011: Ajax->Mostrar Megusta:  
Sun Dec 25 23:30:50 BOT 2011: Session Start>  session por defecto 
Sun Dec 25 23:38:48 BOT 2011: Ajax->Mostrar Reproducciones:  
Sun Dec 25 23:38:57 BOT 2011: Ajax->Mostrar Comentarios:  
Sun Dec 25 23:40:18 BOT 2011: Consulta de precio de reason:5 - msisdn:77627403 tono:109337 Async responde:350
 
Sun Dec 25 23:43:25 BOT 2011: ASYNC -> STATS> Tiempo respuesta -0.457858 seg.
Sun Dec 25 23:43:25 BOT 2011: Asignar backtone escuchado > Asi termino:102767,103072,103671,103224,103992,109337,106281,109336,104024,103991,106305,104569,104294,128604,104215,128668,128601,104183,172,103939,
Sun Dec 25 23:52:11 BOT 2011: ASYNC -> STATS> Tiempo respuesta 0.015755 seg.
Sun Dec 25 23:52:14 BOT 2011: ASYNC -> STATS> Tiempo respuesta 0.446274 seg.
Sun Dec 25 23:52:23 BOT 2011: ASYNC -> STATS> Tiempo respuesta 0.018897 seg.
Sun Dec 25 23:52:23 BOT 2011: ASYNC -> STATS> Tiempo respuesta 0.008545 seg.
