Sun Apr 8 13:22:24 BOT 2012: Busqueda Inteligente: Maria Juana
Sun Apr 8 13:35:02 BOT 2012: Ajax->Mostrar Ranking:  
Sun Apr 8 13:38:47 BOT 2012: Mostrar Megusta> tono: 448 msisdn: > a otros 1  les gusta 
Sun Apr 8 13:39:23 BOT 2012: Ajax->Mostrar Comentarios:  
Sun Apr 8 13:43:18 BOT 2012: Asignar backtone escuchado > Asi termino:125513,105758,103274,
Sun Apr 8 21:16:29 BOT 2012: ASYNC -> STATS> Tiempo respuesta -0.289007 seg.
Sun Apr 8 21:16:29 BOT 2012: ASYNC -> STATS> Tiempo respuesta 0.199195 seg.
Sun Apr 8 21:16:29 BOT 2012: Asignar backtone escuchado > Asi termino:104077,104000,104504,104065,104001,104463,103608,103611,103610,104078,104614,104202,104662,104684,102971,103612,104197,126996,104196,104066,
Sun Apr 8 21:20:24 BOT 2012: Ajax->Mostrar Nombre Genero:  
Sun Apr 8 21:22:30 BOT 2012: Ajax->Mostrar Megusta:  
Sun Apr 8 21:22:48 BOT 2012: Ajax->Mostrar Megusta:  
Sun Apr 8 21:24:03 BOT 2012: Ajax-> Mostrar Comentarios> tono:115947 
Sun Apr 8 21:26:58 BOT 2012: Ajax-> Mostrar  Imagen Portada> tono:141077 
Sun Apr 8 21:30:13 BOT 2012: Ajax->Mostrar Megusta:  
Sun Apr 8 21:31:05 BOT 2012: Ajax-> Mostrar Ranking > tono:103350 
Sun Apr 8 21:32:29 BOT 2012: Ajax->Mostrar Reproducciones:  
Sun Apr 8 21:32:29 BOT 2012: Asignar backtone escuchado > Asi termino:127759,127754,127756,115942,131821,127752,128311,105672,127765,127763,127760,127767,135108,127757,104991,240,131814,131616,
Sun Apr 8 21:36:02 BOT 2012: Ajax-> Mostrar  Nombre Artista > tono:136220 
Sun Apr 8 21:37:45 BOT 2012: Ajax->Mostrar Reproducciones:  
Sun Apr 8 21:37:45 BOT 2012: Ajax->Mostrar Ranking:  
Sun Apr 8 21:40:42 BOT 2012: Ajax->Mostrar Megusta:  
Sun Apr 8 21:40:54 BOT 2012: Mostrar Album: >albumes/album-default.jpg
Sun Apr 8 21:48:25 BOT 2012: Asignar backtone escuchado > Asi termino:105282,105096,129419,103548,103547,103546,135958,78,103544,102658,105234,125516,
Sun Apr 8 21:48:58 BOT 2012: Ajax->Mostrar Reproducciones:  
Sun Apr 8 21:49:13 BOT 2012: Ajax->Mostrar Comentarios:  
Sun Apr 8 21:49:31 BOT 2012: Ajax-> Mostrar Ranking > tono:133434 
Sun Apr 8 21:51:41 BOT 2012: Ajax->Mostrar Reproducciones:  
Sun Apr 8 21:51:41 BOT 2012: Ajax->Mostrar Ranking:  
Sun Apr 8 21:55:47 BOT 2012: Consulta de precio de reason:5 - msisdn: tono:103864 Async responde:350
 
Sun Apr 8 21:57:26 BOT 2012: Ajax->Mostrar Nombre Artista:  
Sun Apr 8 22:01:06 BOT 2012: ASYNC -> STATS> Tiempo respuesta 0.010934 seg.
Sun Apr 8 22:01:15 BOT 2012: Ajax->Mostrar Ranking:  
Sun Apr 8 22:05:07 BOT 2012: Ajax->Mostrar Reproducciones:  
Sun Apr 8 22:05:10 BOT 2012: Ajax->Mostrar Ranking:  
Sun Apr 8 22:05:10 BOT 2012: Asignar backtone escuchado > Asi termino:148116,
Sun Apr 8 22:08:55 BOT 2012: Ajax->Mostrar Nombre Artista:  
Sun Apr 8 22:17:54 BOT 2012: Ajax-> Mostrar Megusta> tono:127295 
Sun Apr 8 22:22:42 BOT 2012: Ajax->Mostrar Nombre Genero:  
Sun Apr 8 22:23:36 BOT 2012: Ajax->Mostrar Reproducciones:  
Sun Apr 8 22:24:07 BOT 2012: Ajax->Mostrar Megusta:  
