Thu Oct 11 0:05:54 BOT 2012: STATS > BUSQUEDA DE BACKTONE >Tiempo: 0.043452 seg. | registros: 25
Thu Oct 11 0:07:57 BOT 2012: Ajax->Mostrar Megusta:  
Thu Oct 11 0:10:18 BOT 2012: Ajax->Mostrar Nombre Artista:  
Thu Oct 11 0:14:49 BOT 2012: Ajax->Mostrar Comentarios:  
Thu Oct 11 0:19:56 BOT 2012: Session Start>  session por defecto 
Thu Oct 11 0:39:51 BOT 2012: Busqueda Inteligente: Lady Gaga
Thu Oct 11 9:01:36 BOT 2012: STATS > BUSQUEDA DE BACKTONE >Tiempo: 0.099879 seg. | registros: 114
Thu Oct 11 9:11:52 BOT 2012: Ajax->Mostrar Nombre Artista:  
Thu Oct 11 9:12:44 BOT 2012: Busqueda Inteligente: 
Thu Oct 11 9:12:44 BOT 2012: Ajax->Mostrar Comentarios:  
Thu Oct 11 9:16:20 BOT 2012: ASYNC -> STATS> Tiempo respuesta 0.113833 seg.
Thu Oct 11 9:25:07 BOT 2012: Ajax->Asignar modalidad backtone: > msisdn:75638233 >  modalidad :2  
Thu Oct 11 9:25:37 BOT 2012: Ajax->Mostrar Comentarios:  
Thu Oct 11 9:27:40 BOT 2012: Busqueda Inteligente: resultados >128616
Thu Oct 11 9:31:56 BOT 2012: Consulta de precio de reason:10 - msisdn:78444163 tono:152118 Async responde:350
 
Thu Oct 11 9:36:18 BOT 2012: Ajax-> Mostrar Comentarios> tono:156790 
Thu Oct 11 9:43:13 BOT 2012: Ajax->Mostrar Megusta:  
Thu Oct 11 9:45:16 BOT 2012: ASYNC -> STATS> Tiempo respuesta 0.002479 seg.
Thu Oct 11 9:46:52 BOT 2012: Ajax->Mostrar Reproducciones:  
Thu Oct 11 9:49:44 BOT 2012: Ajax-> Mostrar  Nombre Artista > tono:104950 
Thu Oct 11 9:57:24 BOT 2012: Ajax->Mostrar Megusta:  
Thu Oct 11 9:59:03 BOT 2012: Ajax->Mostrar Ranking:  
Thu Oct 11 10:01:25 BOT 2012: ASYNC -> STATS> Tiempo respuesta -0.228658 seg.
Thu Oct 11 10:03:37 BOT 2012: Ajax->Mostrar Ranking:  
Thu Oct 11 10:03:46 BOT 2012: Busqueda Inteligente: Resultado 
 127892;Bicycle Race;Queen;Pop
127898;Crazy Little Thing Called;Queen;Clasicos
103013;Dancing queen;Mama mia;Latinas
127897;Flashs Theme;Queen;Clasicos
127895;Radio Ga Ga Intro;Queen;Clasicos
136212;Rocket Queen;Guns N Roses;Rock
133717;The Queen;Lady Gaga;Pop
105040;A Quien Le Importa;Covertone;Latinas
104164;Los Novenantes en Colquepata;Banda Poopo;Carnaval
104166;Los Novenantes en Colquepata_;Banda Poopo;Carnaval
103643;Love To See You Cry;Enrique Iglesias;Enrique Inglesias
102632;Not In Love;Enrique Iglesias;Enrique Inglesias
106267;Quien eres tu-cover;Angela;Cumbia
104206;A Quien Vas A Amar Mas Que A mi;Vicente Fernandez;Vicente Fernandez
102591;Que no queden huellas;Daniel Agostini;Salsa y Merengue
104662;que me quemen la boca;El Trono de Mexico;Rancheras
102870;calentando me voy;David Bisal;Latinas
150042;Me voy;Hermanos Yaipen;Cumbia
156;Me Voy;Julieta Venegas;Pop
109246;no voy a morir;Pipe Bueno;Vallenatos
104044;Que voy a hacer con mi amor_;Alejandro Fernandez;Latinas
126499;Si Me Voy Antes Que Vos;Bahiano;Latinas
103214;te voy a romper el;yayo;Salsa y Merengue
127754;Voy A Caer En La Tentación;Chino y Nacho;CHINO Y NACHO
104135;voy a entrar en sus cuerpos;Dalebe;Sonidos
128462;Y voy a ser feliz;Kati Karamelo;Salsa y Merengue
135172;Yo te voy a querer;Al fondo hay sitio Opratel;Cumbia
102782;cada que;Belanova;Latinas
104752;hit santa cruz V1;Mastodonte (Remix Genova);ibiza open tour
155100;I Love You Baby;El Novato;Cristianas
486;Quiero tenerlo;Trova;Latinas
104754;Si tu Quieres v1;ExGenova;ibiza open tour
104755;Si tu Quieres v2;ExGenova;ibiza open tour
105007;Sol de plastico;Genova;Electronicas
105008;Volvere;Genova;Electronicas
104052;Beethoven 5ta sinfonia;Version Opratel;Clasicos
104053;Beethoven Himno de la Alegria;Version Opratel;Clasicos
105085;Besa mi vida y mis cenizas;Covertone MG;Latinas
104570;Cant get enough of your love babe;Barry White;Pop
144152;Chovena Beniana;Opratel;Carnavaleando con Tigo
630;Chovena de gilberto;New Bolivia band;Carnaval
142888;Don Chupa Riveros en la sur;Covertone MG;A todo futbol con Tigo
108608;forgiveness and love;Miley Cyrus;Pop
105230;Friends;Covertone;Pop
133706;Government Hooker;Lady Gaga;Pop
150274;Jello;Far East Movement;Pop
142622;La gente esta muy loca v2;Covertone MG;Electronicas
142628;La gente esta muy loca WTF;Covertone MG;Electronicas
142626;La gente loca_all day all night;Covertone MG;Electronicas
142624;La gente loca_jhony jhony;Covertone MG;Electronicas
302;La razon que te demora;Covertone;Latinas
142539;Lagente esta muy loca coverMG;Covertone MG;Electronicas
150270;Live My Life ft. Justin Bieber;Far East Movement;Pop
135107;Love Generation;Bob Sinclar;Electronicas
150296;Love Spent;Madonna;Pop
131824;Love You Like A Love Song;Selena Gomez;Pop
129922;Love You Now;Zion and Lennox;Latinas
126228;Me Enamore;Eddy Lover;Reggaeton
126493;Me enamore;Eddy Lover;Reggaeton
129531;One Love;Jennifer Lopez;Pop
150;Pegado;Jovenes Pordioseros;Rock
105087;Que ganas;Covertone MG;Latinas
105088;Resumiendo;Covertone MG;Latinas
105090;Si tuviera que elegir;Covertone MG;Latinas
129233;Starting Over;Jennifer Lopez;Pop
104268;Ven devorame otra vez;Covertone;Latinas
104190; Canita Canaveral;Banda Juventud Centralistas de La Paz;Carnaval
104189; El Tio;Banda Juventud Centralistas de La Paz;Carnaval
104195; Mi Fiel Promesa;Banda Juventud Centralistas de La Paz;Carnaval
104193;Ay Rosita;Banda Juventud Centralistas de La Paz;Carnaval
104191;Recuerdos;Banda Juventud Centralistas de La Paz;Carnaval
104330;Tuve Un Sueno;RKM;Latinas
104860;Youve Got A Friend;Michael Jackson;Michael Jackson
102630; Lloro Por Ti;Enrique Iglesias;Enrique Inglesias
103469;2Donde Estan Corazon2;Enrique Iglesias;Enrique Inglesias
104120;A que te enamoras;Chapa C;Reggaeton
103627;Addicted;Enrique Iglesias;Enrique Inglesias
102788;Adicted;Enrique Iglesias;Enrique Inglesias
103817;Al que ama mi alma;Grupo Renacer;Cristianas
572;Alguien soy yo;Enrique Iglesias;Enrique Inglesias
103628;Alguien Soy Yo.;Enrique Iglesias;Enrique Inglesias
102893;alguien soy yo2;Enrique Iglesias;Enrique Inglesias
142119;Ay que nena;Wachiturros;Cumbia
133413;Ayer_;Enrique Iglesias;Latinas
102625;Bailamos;Enrique Iglesias;Enrique Inglesias
573;Be with you;Enrique Iglesias;Enrique Inglesias
102789;be wiyh you;Enrique Iglesias;Enrique Inglesias
103083;Bunos aires en llamas;Ataque77 
Thu Oct 11 10:11:39 BOT 2012: Ajax-> Mostrar Megusta> tono:104276 
Thu Oct 11 10:15:07 BOT 2012: Asignar backtone escuchado > Asi termino:127295,136220,103068,153380,102658,108594,108595,105245,145152,134012,134010,156618,145927,133882,145931,133881,105234,125516,135975,135954,
Thu Oct 11 10:15:43 BOT 2012: Ajax-> Mostrar Megusta> tono:103542 
Thu Oct 11 10:16:19 BOT 2012: Ajax->Mostrar Reproducciones:  
Thu Oct 11 10:17:16 BOT 2012: Ajax->Mostrar Comentarios:  
Thu Oct 11 10:20:05 BOT 2012: Busqueda Inteligente: Resultado 
 445;Relax, take it easy;Mika;Latinas
145914;Iluminado;Kara N Daya;Pop
145912;Iluminado Dub;Kara N Daya;Pop
138604;Amiga Mia;Supertorpe;Latinas
125510;Amiga Traidora;Angela;Cumbia
138478;Amiga traidora;Angelica;Cumbia
104910;Amiga Traidora;Covertone;Latinas
104364;Amigas como tu;ISA;Infantiles
104972;Amigas como tu TKM;ISA;Infantiles
150148;Amigas En Comun;Opratel;Reggaeton
117840;Amigas y algo mas;Play Boy;Play Boy
105778;Noche amiga mia;Los Nocheros;Los Nocheros
239;Micaela;Damas gratis;Cumbia
105432;polemica de Maradona;TV argentina;A todo futbol con Tigo
123718;Flor dormida;Plan B;Cumbia
107758;Cata Eres la mejor amiga de-MTV ISA TKM;MTV;MTV
104949;FIEL AMIGA;Toing;Latinas
150102;Migajas de Amor;Agua Marina;Cumbia
139171;Tienda amiga;Tigo;Publicidad
145193;Trae A tu Amiga;Opratel;Reggaeton
133727;Check It Out;Nicki Minaj;Pop
130809;Check It Out;Nicki Minaj;Pop
108565;common denominator;Justin Bieber;Pop
138461;Cuerpo Criminal;18 kilates;Cumbia
104004;El Dominao V1;Azul azul;AZUL AZUL
104005;El Dominao V2;Azul azul;AZUL AZUL
103065;esperarte y caminar;Los tocayos;Latinas
131620;Girls Fall Like Dominoes;Nicki Minaj;Pop
104321;Minas Piedras;Juanes;Latinas
131650;Moment 4 Life;Nicki Minaj;Pop
268;Quiero vitamina;Damas gratis;Cumbia
131619;Right Thru Me;Nicki Minaj;Pop
109686;romina;Homero;Mi Promo ConTigo
152498;Starships;Nicki Minaj;Pop
130811;Super Bass;Nicki Minaj;Pop
103158;te hacen falta vitaminas;Soda Stereo;Latinas
130813;Your Love;Nicki Minaj;Pop
109670;mikaela;Homero;Mi Promo ConTigo
105276; Beautiful;Eminem;HipHop
104507; Dormite Tranquilo;Claudio Taddei;Sonidos
103521; Gol de Vieira Blooming 2 a Oriente 3;Vieira;A todo futbol con Tigo
104195; Mi Fiel Promesa;Banda Juventud Centralistas de La Paz;Carnaval
102622; Permitame;Wisin y Yandel;Reggaeton
103430;-Alma Mia;Daniel Calveti;Cristianas
103453;-Eres Todopoderoso Gri Voc Remix;Rojo;Latinas
103479;2EntraEnMiVidaAlbumVersion;Sin Bandera;Latinas
103476;2mi enamorada;nectar;Latinas
103750;4 minutes;Version Opratel;Latinas
102560;5 Minutos mas;Toing;Latinas
108557;7 things;Miley Cyrus;Pop
109227;a cara o cruz;Mike Suarez;Salsa y Merengue
155266;A La Camita;Opratel;Clasicos
127787;A llorar a otra parte Opratel;Opratel;Mi Promo ConTigo
145261;A mi ladito;Humbertiko y Urbano;Reggaeton
104607;A Mi Manera My Way;Raphael;Pop
104206;A Quien Vas A Amar Mas Que A mi;Vicente Fernandez;Vicente Fernandez
136258;ABC Salaam Remi Krunk A Delic Party Mix;Jackson 5;Pop
103086;Abrazame;Camila;CAMILA
103691;Abriendo Caminos;Diego Torres;Latinas
127855;Adios amor Opratel2;Opratel;Mi Promo ConTigo
109604;adriana;Homero;Mi Promo ConTigo
109605;agustina;Homero;Mi Promo ConTigo
142527;Ai Se Eu Te Pego;Michel Teló;Mama Te Quiero
103817;Al que ama mi alma;Grupo Renacer;Cristianas
109380;alberto;Homero;Mi Promo ConTigo
109381;alberto1;Homero;Mi Promo ConTigo
109336;alejandro;Homero;Mi Promo ConTigo
109337;alejandro1;Homero;Mi Promo ConTigo
112702;alejate de mi;Camila;Romanticas
109384;alfredo;Homero;Mi Promo ConTigo
109382;alfredo1;Homero;Mi Promo ConTigo
133881;All Along The Watchtower;Jimi Hendrix;Rock
133882;All Along The Watchtower Intrumental;Jimi Hendrix;Rock
155356;Alo Bloominista;Go Media;Chistes
146576;Alo Casimiro;Go Media;Chistes
109339;alvaro;Homero;Mi Promo ConTigo
109338;alvaro1;Homero;Mi Promo ConTigo
136630;Alzare mis manos;Alianza Nueva;Cristianas
107567;Amada Amante;Mike Suarez;Salsa y Merengue
104788;Amigo;Marc Anthony;Marc Anthony
144642;Amigo Betania;Jose Luis Melgar;Cristianas
127561;  CONTENIDO PUBLICITARIO;KARAOKE;KARAOKE
139516; AVV_26DEOCT2011_17_CANCION;KARAOKE;KARAOKE
150405; GMM_08DEMAYO12_11_CANCION  ;KARAOKE;KARAOKE
127558; GRABACION DEFECTUOSA	  NO SE ENTIENDE O NO SE ESCUCHA CLARO;KARAOKE;KARAOKE
108760; LCM_26DEJUNIO_3_SALUDOS;KARAOKE;KARAOKE
150709;"GMM_15DEMAYO12_01_CANCION  ;KARAOKE;KARAOKE
150710;"GMM_15DEMAYO12_02_CANCION  ;KARAOKE;KARAOKE
146672;"LGS_26DEFEBRERO12_01_CANCION;KARAOKE;KARAOKE
146673;"LGS_26DEFEBRERO12_02_CANCION;KARAOKE;KARAOKE
124341;0LVF_02DEMAR2011_1_CANCION;KARAOKE;KARAOKE
133281;13:02:42;KARAOKE;KARAOKE
140393;18:23:10;KARAOKE;KARAOKE
150005;19:16:49;KARAOKE;KARAOKE
139686;19:42:56;KARAOKE;KARAOKE
139695;22:07:23;KARAOKE;KARAOKE
103474;2te amo;Makano;Makano
123452;75237133;KARAOKE;KARAOKE
117150;76527052;KARAOKE;KARAOKE
126528;78779368;KARAOKE;KARAOKE
106399;AAK_10dejunio_2_ 
Thu Oct 11 10:21:05 BOT 2012: ASYNC -> STATS> Tiempo respuesta 0.003398 seg.
Thu Oct 11 10:21:08 BOT 2012: Ajax-> Mostrar  Nombre Genero > tono:103100 
Thu Oct 11 10:21:08 BOT 2012: ASYNC -> STATS> Tiempo respuesta 0.002913 seg.
Thu Oct 11 10:25:17 BOT 2012: Ajax-> Mostrar  Imagen Portada> tono:106288 
Thu Oct 11 10:27:27 BOT 2012: Ajax->Mostrar Megusta:  
Thu Oct 11 10:27:57 BOT 2012: Session Start>  session por defecto 
Thu Oct 11 10:29:27 BOT 2012: ASYNC -> STATS> Tiempo respuesta 0.003824 seg.
Thu Oct 11 10:30:03 BOT 2012: ASYNC -> STATS> Tiempo respuesta 0.304932 seg.
Thu Oct 11 10:34:55 BOT 2012: Mostrar Cantidad reproducciones: tono:125511 cantidad: 0
Thu Oct 11 10:37:13 BOT 2012: ASYNC -> STATS> Tiempo respuesta 0.833383 seg.
Thu Oct 11 10:37:28 BOT 2012: Ajax->Mostrar Reproducciones:  
Thu Oct 11 10:42:53 BOT 2012: Ajax-> Mostrar Ranking > tono:129234 
Thu Oct 11 10:48:30 BOT 2012: Ajax->Mostrar Imagen Portada:  
Thu Oct 11 10:51:28 BOT 2012: Mostrar Album: >Artista:  <a href='index.php?seccion=playlist&autor=67'>David Guetta</a>
Thu Oct 11 10:52:40 BOT 2012: Ajax->Mostrar Megusta:  
Thu Oct 11 10:57:56 BOT 2012: Ajax-> Mostrar Ranking > tono:123538 
Thu Oct 11 10:58:23 BOT 2012: Ajax->Mostrar Ranking:  
Thu Oct 11 11:00:14 BOT 2012: Check Session > msisdn: 77408064 > Usuario Valido 
Thu Oct 11 11:00:36 BOT 2012: Ajax->Mostrar Megusta:  
Thu Oct 11 11:02:24 BOT 2012: ASYNC -> STATS> Tiempo respuesta 0.001265 seg.
Thu Oct 11 11:02:24 BOT 2012: Ajax->Mostrar Reproducciones:  
Thu Oct 11 11:02:27 BOT 2012: Mostrar Album: >albumes/album-default.jpg
Thu Oct 11 11:07:40 BOT 2012: Ajax-> Mostrar Ranking > tono:104049 
Thu Oct 11 11:07:43 BOT 2012: Ajax->Mostrar Comentarios:  
Thu Oct 11 11:08:40 BOT 2012: Ajax->Mostrar Megusta:  
Thu Oct 11 11:12:29 BOT 2012: ASYNC -> STATS> Tiempo respuesta -0.785566 seg.
Thu Oct 11 11:13:56 BOT 2012: Ajax-> Mostrar  Nombre Genero > tono:103458 
Thu Oct 11 11:14:47 BOT 2012: Ajax-> Mostrar Ranking > tono:106370 
Thu Oct 11 11:15:05 BOT 2012: ASYNC -> STATS> Tiempo respuesta 0.446457 seg.
Thu Oct 11 11:15:08 BOT 2012: Asignar backtone escuchado > Asi termino:103960,106370,103205,106312,106311,104569,106304,104567,107788,107763,131003,118730,118728,118745,118727,118725,118724,104496,104577,102596,
Thu Oct 11 11:15:14 BOT 2012: ASYNC -> STATS> Tiempo respuesta 0.005923 seg.
Thu Oct 11 11:15:17 BOT 2012: ASYNC -> STATS> Tiempo respuesta -0.014413 seg.
Thu Oct 11 11:15:20 BOT 2012: Consulta de precio de reason:2 - msisdn: tono:131625 Async responde:350
 
Thu Oct 11 11:16:02 BOT 2012: Ajax-> Login Usuario msisdn: 75637050  pin:7118 > Validar msisdn
Thu Oct 11 11:17:41 BOT 2012: Ajax-> Mostrar  Imagen Portada> tono:105555 
Thu Oct 11 11:18:08 BOT 2012: Ajax-> Mostrar Comentarios> tono:210 
Thu Oct 11 11:19:33 BOT 2012: Asignar backtone escuchado > Asi termino:210,208,207,199,211,103226,104037,103073,103994,104029,104028,103993,104049,103075,103227,104046,104045,104044,104043,
Thu Oct 11 11:26:49 BOT 2012: Ajax-> Mostrar  Imagen Portada> Album:Artista:  <a href='index.php?seccion=playlist&autor=1628'>Agua Marina</a>
Thu Oct 11 11:28:25 BOT 2012: Ajax->Mostrar Comentarios:  
Thu Oct 11 11:28:58 BOT 2012: Mostrar Ranking: tono:104174 calificacion: 5
Thu Oct 11 11:31:38 BOT 2012: Ajax->Mostrar Nombre Artista:  
Thu Oct 11 11:34:05 BOT 2012: Ajax-> Mostrar  Nombre Genero > tono:102954 
Thu Oct 11 11:37:51 BOT 2012: Ajax-> Mostrar  Nombre Artista > tono:123513 
Thu Oct 11 11:40:24 BOT 2012: Asignar backtone escuchado > Asi termino:131046,131048,123537,123520,131036,123534,123542,123527,123513,123538,131040,123518,123531,131049,131730,123530,123525,131042,123519,131035,
Thu Oct 11 11:42:25 BOT 2012: Asignar backtone escuchado > Asi termino:127417,104560,103872,104554,103430,104567,103462,126100,
Thu Oct 11 11:42:25 BOT 2012: Ajax->Mostrar Reproducciones:  
Thu Oct 11 11:42:40 BOT 2012: ASYNC -> STATS> Tiempo respuesta 0.003657 seg.
Thu Oct 11 11:43:04 BOT 2012: Ajax->Mostrar Reproducciones:  
Thu Oct 11 11:44:40 BOT 2012: Ajax-> Mostrar Comentarios> tono:131036 
Thu Oct 11 11:46:13 BOT 2012: Ajax->Mostrar Ranking:  
Thu Oct 11 11:46:31 BOT 2012: Ajax->Mostrar Megusta:  
Thu Oct 11 11:47:44 BOT 2012: Ajax->Mostrar Comentarios:  
Thu Oct 11 11:51:32 BOT 2012: Ajax->Mostrar Imagen Portada:  
Thu Oct 11 11:51:50 BOT 2012: Ajax-> Mostrar Ranking > tono:131040 
Thu Oct 11 11:52:20 BOT 2012: Ajax->Mostrar Reproducciones:  
Thu Oct 11 11:52:44 BOT 2012: Check Session > msisdn: 77722079 > Usuario Valido 
Thu Oct 11 11:55:33 BOT 2012: Busqueda Inteligente: 
Thu Oct 11 11:57:12 BOT 2012: Consulta de precio de reason:10 - msisdn: tono:105270 Async responde:350
 
Thu Oct 11 11:57:24 BOT 2012: Ajax->Mostrar Comentarios:  
Thu Oct 11 12:01:31 BOT 2012: ASYNC -> STATS> Tiempo respuesta 0.003905 seg.
Thu Oct 11 12:03:04 BOT 2012: Ajax->Mostrar Imagen Portada:  
Thu Oct 11 12:04:22 BOT 2012: Busqueda Inteligente: kiss
Thu Oct 11 12:04:52 BOT 2012: Ajax->Mostrar Nombre Genero:  
Thu Oct 11 12:04:52 BOT 2012: Ajax->Mostrar Megusta:  
Thu Oct 11 12:05:20 BOT 2012: Check Session > msisdn: 76893961 > Usuario Valido 
Thu Oct 11 12:06:02 BOT 2012: Asignar backtone escuchado > Asi termino:131640,135153,135151,130833,131642,135152,109317,246,109246,109238,109245,109243,103342,109240,240,112464,131049,131035,123518,123528,
Thu Oct 11 12:06:14 BOT 2012: Ajax-> Mostrar  Nombre Artista > tono:145676 
Thu Oct 11 12:07:05 BOT 2012: Mostrar Cantidad reproducciones: tono:132455 cantidad: 0
Thu Oct 11 12:08:41 BOT 2012: Error al consultar precio de renovacion - msisdn: tono:102882 - Async responde -3
Thu Oct 11 12:08:41 BOT 2012: ASYNC -> STATS> Tiempo respuesta -0.0020939999999999 seg.
Thu Oct 11 12:08:44 BOT 2012: ASYNC -> STATS> Tiempo respuesta 0.010077 seg.
Thu Oct 11 12:08:47 BOT 2012: ASYNC -> STATS> Tiempo respuesta 0.00034100000000004 seg.
Thu Oct 11 12:08:47 BOT 2012: Ajax->Mostrar Reproducciones:  
Thu Oct 11 12:08:47 BOT 2012: ASYNC -> STATS> Tiempo respuesta -0.024612 seg.
Thu Oct 11 12:08:50 BOT 2012: ASYNC -> STATS> Tiempo respuesta 0.005154 seg.
Thu Oct 11 12:08:53 BOT 2012: Ajax->Mostrar Megusta:  
Thu Oct 11 12:08:53 BOT 2012: ASYNC -> STATS> Tiempo respuesta 0.288257 seg.
Thu Oct 11 12:08:53 BOT 2012: ASYNC -> STATS> Tiempo respuesta 0.009737 seg.
Thu Oct 11 12:08:56 BOT 2012: Ajax->Mostrar Reproducciones:  
Thu Oct 11 12:09:05 BOT 2012: ASYNC -> STATS> Tiempo respuesta 0.209915 seg.
Thu Oct 11 12:09:11 BOT 2012: Mostrar Ranking: tono:127441 calificacion: 
Thu Oct 11 12:09:14 BOT 2012: ASYNC -> STATS> Tiempo respuesta 0.032402 seg.
Thu Oct 11 12:09:17 BOT 2012: ASYNC -> STATS> Tiempo respuesta 0.04308 seg.
Thu Oct 11 12:09:23 BOT 2012: Ajax->Mostrar Megusta:  
Thu Oct 11 12:09:23 BOT 2012: Mostrar Megusta > tono: 139958 msisdn:76385590 > cantidad de registros: 0
Thu Oct 11 12:09:23 BOT 2012: Mostrar Album: >Artista:  <a href='index.php?seccion=playlist&autor=224'>VILMA PALMA E VAMPIROS</a>
Thu Oct 11 12:09:29 BOT 2012: ASYNC -> STATS> Tiempo respuesta 0.512556 seg.
Thu Oct 11 12:10:11 BOT 2012: Mostrar Ranking: tono:127435 calificacion: 
Thu Oct 11 12:11:42 BOT 2012: Ajax->Mostrar Reproducciones:  
Thu Oct 11 12:19:07 BOT 2012: Busqueda Inteligente: resultados >131829
Thu Oct 11 12:19:25 BOT 2012: ASYNC -> STATS> Tiempo respuesta -0.350237 seg.
Thu Oct 11 12:19:25 BOT 2012: Ajax->Mostrar Megusta:  
Thu Oct 11 12:19:28 BOT 2012: ASYNC -> STATS> Tiempo respuesta -0.026263 seg.
Thu Oct 11 12:20:22 BOT 2012: Ajax->Mostrar Nombre Artista:  
Thu Oct 11 12:21:40 BOT 2012: Ajax-> Mostrar Ranking > tono:121512 
Thu Oct 11 12:23:53 BOT 2012: Mostrar Album: >albumes/Pablo Fernandez.jpg
Thu Oct 11 12:25:02 BOT 2012: Ajax-> Mostrar Megusta> tono:128668 
Thu Oct 11 12:27:05 BOT 2012: ASYNC -> STATS> Tiempo respuesta 0.359264 seg.
Thu Oct 11 12:27:05 BOT 2012: Ajax->Mostrar Megusta:  
Thu Oct 11 12:28:39 BOT 2012: Ajax-> Mostrar Ranking > tono:103163 
Thu Oct 11 12:30:30 BOT 2012: Ajax-> Mostrar  Nombre Genero > tono:104199 
Thu Oct 11 12:33:39 BOT 2012: Ajax->Mostrar Reproducciones:  
Thu Oct 11 12:36:25 BOT 2012: Ajax-> Mostrar Ranking > tono:105415 
Thu Oct 11 12:37:28 BOT 2012: Ajax->Mostrar Ranking:  
Thu Oct 11 12:38:34 BOT 2012: Asignar backtone escuchado > Asi termino:103686,104628,113032,132096,113024,103713,104465,104629,103712,105415,145319,141880,103521,141881,156788,156792,
Thu Oct 11 12:40:29 BOT 2012: Ajax->Mostrar Nombre Genero:  
Thu Oct 11 12:42:08 BOT 2012: Ajax-> Mostrar  Nombre Genero > tono:106357 
Thu Oct 11 12:42:26 BOT 2012: Ajax-> Mostrar  Imagen Portada> tono:103707 
Thu Oct 11 12:43:08 BOT 2012: WEB_REPRODUCIR_BUSQUEDA > Se recibieron:12 tonos
Thu Oct 11 12:46:57 BOT 2012: Ajax->Mostrar Imagen Portada:  
Thu Oct 11 12:48:57 BOT 2012: Ajax-> Mostrar Ranking > tono:156792 
Thu Oct 11 12:55:25 BOT 2012: ASYNC -> STATS> Tiempo respuesta 0.004841 seg.
Thu Oct 11 12:55:46 BOT 2012: Asignar backtone escuchado > Asi termino:140830,105988,104199,107580,103095,105021,104398,103474,104492,103736,103735,104179,102622,102630,104591,104883,102892,392,126141,104118,
Thu Oct 11 12:55:55 BOT 2012: Ajax->Mostrar Reproducciones:  
Thu Oct 11 12:57:44 BOT 2012: Ajax->Mostrar Megusta:  
Thu Oct 11 12:59:05 BOT 2012: Ajax->Mostrar Comentarios:  
Thu Oct 11 12:59:08 BOT 2012: Ajax->Mostrar Megusta:  
Thu Oct 11 12:59:41 BOT 2012: Ajax->Mostrar Megusta:  
Thu Oct 11 13:00:23 BOT 2012: Ajax->Mostrar Imagen Portada:  
Thu Oct 11 13:00:32 BOT 2012: Consulta de precio de reason:10 - msisdn: tono:102973 Async responde:350
 
Thu Oct 11 13:05:21 BOT 2012: Ajax-> Mostrar Ranking > tono:104423 
Thu Oct 11 13:08:31 BOT 2012: Ajax->Mostrar Nombre Genero:  
Thu Oct 11 13:11:10 BOT 2012: Ajax->Mostrar Reproducciones:  
Thu Oct 11 13:15:41 BOT 2012: Ajax->Mostrar Reproducciones:  
Thu Oct 11 13:15:41 BOT 2012: Ajax->Mostrar Ranking:  
Thu Oct 11 13:15:41 BOT 2012: Ajax->Mostrar Megusta:  
Thu Oct 11 13:15:41 BOT 2012: ASYNC -> STATS> Tiempo respuesta -0.165933 seg.
Thu Oct 11 13:20:02 BOT 2012: Asignar backtone escuchado > Asi termino:102948,126999,104424,102968,104437,104683,104682,136050,104946,104901,102970,126679,104681,104503,127003,104445,104435,104434,102969,104430,
Thu Oct 11 13:21:18 BOT 2012: ASYNC -> STATS> Tiempo respuesta 0.007172 seg.
Thu Oct 11 13:21:24 BOT 2012: Ajax->Mostrar Comentarios:  
Thu Oct 11 13:23:51 BOT 2012: Msisdn:77154921.Tono:155502.Estado TryAndBuy: 0 estado
Thu Oct 11 13:31:17 BOT 2012: Check Session > msisdn: 77126312 > Usuario Valido 
Thu Oct 11 13:33:23 BOT 2012: ASYNC -> STATS> Tiempo respuesta 0.00679 seg.
Thu Oct 11 13:34:11 BOT 2012: Ajax->Mostrar Ranking:  
Thu Oct 11 13:39:22 BOT 2012: Ajax-> Compra de backtone msisdn: 77563784  tono:103481
Thu Oct 11 13:40:49 BOT 2012: STATS > BUSQUEDA DE BACKTONE >Tiempo: 0.108367 seg. | registros: 114
Thu Oct 11 13:41:41 BOT 2012: ASYNC -> STATS> Tiempo respuesta 0.00178 seg.
Thu Oct 11 13:44:53 BOT 2012: Check Session > msisdn: 77412883 > Usuario Valido 
Thu Oct 11 13:48:12 BOT 2012: Ajax-> Mostrar  Nombre Artista > tono:102880 
Thu Oct 11 13:49:36 BOT 2012: Busqueda Inteligente: resultados >102622
Thu Oct 11 13:49:39 BOT 2012: Ajax->Mostrar Reproducciones:  
Thu Oct 11 13:50:39 BOT 2012: WEB_REPRODUCIR_BUSQUEDA > Se recibieron:14 tonos
Thu Oct 11 13:52:12 BOT 2012: Ajax-> Mostrar Ranking > tono:128221 
Thu Oct 11 14:05:21 BOT 2012: ASYNC -> STATS> Tiempo respuesta 0.003618 seg.
Thu Oct 11 14:05:24 BOT 2012: Ajax-> Mostrar Ranking > tono:138 
Thu Oct 11 14:06:36 BOT 2012: ASYNC -> STATS> Tiempo respuesta 0.002404 seg.
Thu Oct 11 14:11:49 BOT 2012: Ajax->Mostrar Megusta:  
Thu Oct 11 14:12:46 BOT 2012: Ajax->Mostrar Reproducciones:  
Thu Oct 11 14:14:31 BOT 2012: ASYNC -> STATS> Tiempo respuesta 0.163558 seg.
Thu Oct 11 14:14:34 BOT 2012: ASYNC -> STATS> Tiempo respuesta 0.128612 seg.
Thu Oct 11 14:14:37 BOT 2012: Ajax->Mostrar Ranking:  
Thu Oct 11 14:20:02 BOT 2012: Ajax->Mostrar Megusta:  
Thu Oct 11 14:20:11 BOT 2012: LISTAR_MODO_ROTACION_BACTONES > usuario: 77412883  modo:2 
Thu Oct 11 14:27:36 BOT 2012: Asignar backtone escuchado > Asi termino:154234,157090,
Thu Oct 11 14:33:16 BOT 2012: LISTAR_MODO_ROTACION_BACTONES > usuario: 77121369  modo:2 
Thu Oct 11 14:36:11 BOT 2012: Ajax->Mostrar Nombre Genero:  
Thu Oct 11 14:36:59 BOT 2012: WEB_REPRODUCIR_BUSQUEDA > Se recibieron:30 tonos
Thu Oct 11 14:45:58 BOT 2012: Ajax-> Mostrar Comentarios> tono:113614 
Thu Oct 11 14:46:46 BOT 2012: Ajax->Mostrar Ranking:  
Thu Oct 11 14:46:58 BOT 2012: Ajax->Mostrar Reproducciones:  
Thu Oct 11 14:49:04 BOT 2012: Ajax->Mostrar Ranking:  
Thu Oct 11 14:49:13 BOT 2012: Asignar backtone escuchado > Asi termino:133790,131839,129886,129884,255,256,253,104578,104576,104577,127278,104858,104962,104993,104958,104997,104836,104834,105240,123008,
Thu Oct 11 14:49:13 BOT 2012: Asignar backtone escuchado > Asi termino:103922,120233,103921,103889,113617,113616,110106,137044,113614,120231,152504,105535,105260,110108,113611,113609,113607,113605,113604,103888,
Thu Oct 11 14:49:19 BOT 2012: ASYNC -> STATS> Tiempo respuesta -0.022421 seg.
Thu Oct 11 14:49:19 BOT 2012: Ajax->Mostrar Ranking:  
Thu Oct 11 14:49:22 BOT 2012: ASYNC -> STATS> Tiempo respuesta -0.044462 seg.
Thu Oct 11 14:49:22 BOT 2012: Consulta de precio de reason:2 - msisdn: tono:103923 Async responde:350
 
Thu Oct 11 14:49:22 BOT 2012: Ajax->Mostrar Comentarios:  
Thu Oct 11 14:53:05 BOT 2012: ASYNC -> STATS> Tiempo respuesta 0.006105 seg.
Thu Oct 11 14:54:38 BOT 2012: Ajax-> Mostrar Ranking > tono:104055 
Thu Oct 11 14:55:41 BOT 2012: Ajax-> Mostrar Megusta> tono:155372 
Thu Oct 11 14:56:54 BOT 2012: Ajax->Mostrar Imagen Portada:  
Thu Oct 11 15:00:39 BOT 2012: Ajax->Mostrar Megusta:  
Thu Oct 11 15:00:42 BOT 2012: Ajax-> Mostrar Ranking > tono:147195 
Thu Oct 11 15:02:00 BOT 2012: Asignar backtone escuchado > Asi termino:131721,147197,147195,138309,137086,139844,139838,155494,105858,105643,105612,128223,128237,103320,155246,104658,102622,155504,157090,156788,
Thu Oct 11 15:05:10 BOT 2012: ASYNC -> STATS> Tiempo respuesta 0.00417 seg.
Thu Oct 11 15:05:55 BOT 2012: Ajax->Mostrar Ranking:  
Thu Oct 11 15:05:58 BOT 2012: Consulta de precio de reason:2 - msisdn: tono:131049 Async responde:350
 
Thu Oct 11 15:06:13 BOT 2012: Ajax->Mostrar Ranking:  
Thu Oct 11 15:06:55 BOT 2012: Busqueda Inteligente: resultados >104133
Thu Oct 11 15:10:17 BOT 2012: Ajax->Mostrar Imagen Portada:  
Thu Oct 11 15:11:44 BOT 2012: Ajax-> Mostrar Megusta> tono:102622 
Thu Oct 11 15:12:53 BOT 2012: LISTAR_MODO_ROTACION_BACTONES > usuario: 76583082  modo:2 
Thu Oct 11 15:15:57 BOT 2012: ASYNC -> STATS> Tiempo respuesta -0.439906 seg.
Thu Oct 11 15:16:53 BOT 2012: Busqueda Inteligente: resultados >132084
Thu Oct 11 15:19:07 BOT 2012: Ajax->Mostrar Imagen Portada:  
Thu Oct 11 15:19:49 BOT 2012: Ajax->Mostrar Nombre Artista:  
Thu Oct 11 15:20:28 BOT 2012: Ajax->Mostrar Nombre Artista:  
Thu Oct 11 15:20:58 BOT 2012: ASYNC -> STATS> Tiempo respuesta 0.005636 seg.
Thu Oct 11 15:21:01 BOT 2012: Asignar backtone escuchado > Asi termino:105069,105065,105070,105063,105067,105047,105071,122291,135053,105076,105072,155392,105073,104461,105232,104747,105231,104250,104629,105415,
Thu Oct 11 15:21:22 BOT 2012: Check Session > msisdn: 75633699 > Usuario Valido 
Thu Oct 11 15:22:25 BOT 2012: Ajax->Mostrar Megusta:  
Thu Oct 11 15:22:46 BOT 2012: Ajax->Mostrar Nombre Genero:  
Thu Oct 11 15:26:29 BOT 2012: ASYNC -> STATS> Tiempo respuesta 0.190993 seg.
Thu Oct 11 15:26:32 BOT 2012: ASYNC -> STATS> Tiempo respuesta -0.060276 seg.
Thu Oct 11 15:26:35 BOT 2012: ASYNC -> STATS> Tiempo respuesta -0.585632 seg.
Thu Oct 11 15:27:50 BOT 2012: Busqueda Inteligente: resultados >124969
Thu Oct 11 15:32:48 BOT 2012: Ajax->Mostrar Imagen Portada:  
Thu Oct 11 15:33:36 BOT 2012: Ajax-> Mostrar Megusta> tono:106266 
Thu Oct 11 15:33:42 BOT 2012: ASYNC -> STATS> Tiempo respuesta -0.455982 seg.
Thu Oct 11 15:35:30 BOT 2012: Ajax-> Mostrar Ranking > tono:105067 
Thu Oct 11 15:35:36 BOT 2012: Ajax->Mostrar Reproducciones:  
Thu Oct 11 15:36:52 BOT 2012: Ajax->Mostrar Nombre Artista:  
Thu Oct 11 15:39:13 BOT 2012: ASYNC -> STATS> Tiempo respuesta 0.002494 seg.
Thu Oct 11 15:39:25 BOT 2012: Ajax->Mostrar Ranking:  
Thu Oct 11 15:41:10 BOT 2012: Ajax->Mostrar Nombre Artista:  
Thu Oct 11 15:41:16 BOT 2012: Ajax->Mostrar Megusta:  
Thu Oct 11 15:42:38 BOT 2012: Consulta de precio de reason:3 - msisdn: tono:103671 Async responde:350
 
Thu Oct 11 15:42:53 BOT 2012: Asignar backtone escuchado > Asi termino:104670,201,103671,102673,103997,103224,199,205,103992,209,211,202,102893,103628,572,112702,103274,102672,104024,103086,
Thu Oct 11 15:43:17 BOT 2012: Ajax-> Mostrar  Nombre Artista > tono:155372 
Thu Oct 11 15:44:35 BOT 2012: Ajax-> Mostrar  Nombre Genero > tono:102630 
Thu Oct 11 15:51:51 BOT 2012: Ajax->Mostrar Ranking:  
Thu Oct 11 15:53:18 BOT 2012: Consulta de precio de reason:2 - msisdn: tono:109247 Async responde:350
 
Thu Oct 11 15:53:18 BOT 2012: Ajax->Mostrar Ranking:  
Thu Oct 11 15:53:21 BOT 2012: Ajax->Mostrar Comentarios:  
Thu Oct 11 15:53:27 BOT 2012: Ajax->Mostrar Imagen Portada:  
Thu Oct 11 15:53:33 BOT 2012: ASYNC -> STATS> Tiempo respuesta 0.573361 seg.
Thu Oct 11 15:53:36 BOT 2012: ASYNC -> STATS> Tiempo respuesta 0.01025 seg.
Thu Oct 11 15:53:36 BOT 2012: ASYNC -> STATS> Tiempo respuesta 0.007501 seg.
Thu Oct 11 15:53:39 BOT 2012: Error al consultar precio de renovacion - msisdn: tono:105077 - Async responde -3
Thu Oct 11 15:54:22 BOT 2012: Ajax-> Mostrar  Nombre Genero > tono:104460 
Thu Oct 11 15:55:01 BOT 2012: WEB_REPRODUCIR_BUSQUEDA > Se recibieron:25 tonos
Thu Oct 11 15:56:10 BOT 2012: ASYNC -> STATS> Tiempo respuesta 0.001961 seg.
Thu Oct 11 15:57:19 BOT 2012: Ajax->Actualizar pin usuario >recibe el msisdn:antonioh 
Thu Oct 11 15:57:37 BOT 2012: Ajax-> Mostrar  Imagen Portada> tono:103119 
Thu Oct 11 15:57:55 BOT 2012: Ajax-> Mostrar  Nombre Genero > tono:204 
Thu Oct 11 15:58:46 BOT 2012: Ajax->Mostrar Imagen Portada:  
Thu Oct 11 16:01:11 BOT 2012: Ajax-> Mostrar Ranking > tono:103939 
Thu Oct 11 16:04:38 BOT 2012: Ajax-> Mostrar  Nombre Artista > tono:104034 
Thu Oct 11 16:10:18 BOT 2012: Ajax-> Mostrar  Nombre Genero > tono:104200 
Thu Oct 11 16:10:48 BOT 2012: Ajax->Mostrar Nombre Genero:  
Thu Oct 11 16:11:49 BOT 2012: Ajax-> Mostrar Megusta> tono:123525 
Thu Oct 11 16:15:19 BOT 2012: Mostrar Megusta> tono: 123044 msisdn: > 001
Thu Oct 11 16:15:31 BOT 2012: Ajax->Mostrar Ranking:  
Thu Oct 11 16:17:26 BOT 2012: STATS > BUSQUEDA DE BACKTONE >Tiempo: -0.46419 seg. | registros: 1
Thu Oct 11 16:18:17 BOT 2012: ASYNC -> STATS> Tiempo respuesta 0.123706 seg.
Thu Oct 11 16:18:29 BOT 2012: Ajax->Mostrar Imagen Portada:  
Thu Oct 11 16:18:32 BOT 2012: MTD_DB_BUSCAR_ARTISTAS > retornando registros:9
Thu Oct 11 16:18:47 BOT 2012: Ajax-> Mostrar Ranking > tono:156950 
Thu Oct 11 16:19:53 BOT 2012: Ajax-> Mostrar Ranking > tono:548 
Thu Oct 11 16:19:53 BOT 2012: Consulta de precio de reason:3 - msisdn: tono:144311 Async responde:50
 
Thu Oct 11 16:20:05 BOT 2012: Asignar backtone escuchado > Asi termino:104173,603,104481,531,135665,104482,144794,
Thu Oct 11 16:20:05 BOT 2012: ASYNC -> STATS> Tiempo respuesta 0.482334 seg.
Thu Oct 11 16:20:05 BOT 2012: Ajax->Mostrar Comentarios:  
Thu Oct 11 16:20:08 BOT 2012: ASYNC -> STATS> Tiempo respuesta -0.012182 seg.
Thu Oct 11 16:20:32 BOT 2012: Ajax->Mostrar Reproducciones:  
Thu Oct 11 16:22:11 BOT 2012: Ajax->Mostrar Reproducciones:  
Thu Oct 11 16:24:03 BOT 2012: ASYNC -> STATS> Tiempo respuesta 0.004583 seg.
Thu Oct 11 16:24:09 BOT 2012: Ajax-> Mostrar  Nombre Genero > tono:103068 
Thu Oct 11 16:24:51 BOT 2012: Ajax-> Mostrar  Nombre Artista > tono:102827 
Thu Oct 11 16:28:15 BOT 2012: ASYNC -> STATS> Tiempo respuesta 0.002582 seg.
Thu Oct 11 16:30:07 BOT 2012: Ajax->Actualizar pin usuario >recibe el msisdn:76029965 
Thu Oct 11 16:32:10 BOT 2012: ASYNC -> STATS> Tiempo respuesta 0.003958 seg.
Thu Oct 11 16:33:26 BOT 2012: Ajax->Mostrar Ranking:  
Thu Oct 11 16:34:41 BOT 2012: Ajax-> Mostrar Ranking > tono:131843 
Thu Oct 11 16:35:59 BOT 2012: Ajax->Mostrar Megusta:  
Thu Oct 11 16:41:30 BOT 2012: Ajax-> Mostrar Megusta> tono:124971 
Thu Oct 11 16:42:20 BOT 2012: Ajax->Mostrar Comentarios:  
Thu Oct 11 16:43:19 BOT 2012: Busqueda Inteligente: resultados >105382
Thu Oct 11 16:43:23 BOT 2012: Ajax->Mostrar Ranking:  
Thu Oct 11 16:44:18 BOT 2012: Mostrar Album: >albumes/album-default.jpg
Thu Oct 11 16:44:33 BOT 2012: ASYNC -> STATS> Tiempo respuesta 0.001667 seg.
Thu Oct 11 16:45:51 BOT 2012: Ajax-> Mostrar  Nombre Artista > tono:463 
Thu Oct 11 16:50:25 BOT 2012: LISTAR_MODO_ROTACION_BACTONES > usuario: 78502942  modo:2 
Thu Oct 11 16:52:58 BOT 2012: ASYNC -> STATS> Tiempo respuesta 0.078939 seg.
Thu Oct 11 16:55:08 BOT 2012: Consulta de precio de reason:5 - msisdn: tono:107797 Async responde:350
 
Thu Oct 11 16:59:02 BOT 2012: ASYNC -> STATS> Tiempo respuesta 0.0019169999999999 seg.
Thu Oct 11 16:59:41 BOT 2012: Ajax->Mostrar Nombre Genero:  
Thu Oct 11 17:02:57 BOT 2012: Ajax->Mostrar Ranking:  
Thu Oct 11 17:05:24 BOT 2012: Ajax-> Mostrar  Nombre Artista > tono:205 
Thu Oct 11 17:09:55 BOT 2012: Asignar backtone escuchado > Asi termino:240,104393,124243,156792,149592,135055,147354,114733,103657,103485,145330,130808,103667,139846,135085,135075,592,104532,155888,
Thu Oct 11 17:09:55 BOT 2012: Asignar backtone escuchado > Asi termino:105077,105078,104670,201,103671,102673,103997,103224,199,205,103992,209,211,202,102893,103628,572,112702,103274,102672,
Thu Oct 11 17:15:53 BOT 2012: Ajax->Mostrar Ranking:  
Thu Oct 11 17:18:11 BOT 2012: Mostrar Genero: >G&eacute;nero:  <a href='index.php?seccion=playlist&genero=132'>Pop</a>
Thu Oct 11 17:20:48 BOT 2012: Consulta de precio de reason:2 - msisdn: tono:155474 Async responde:350
 
Thu Oct 11 17:22:21 BOT 2012: Ajax-> Mostrar  Imagen Portada> Album:Artista:  <a href='index.php?seccion=playlist&autor=1670'>No Doubt</a>
Thu Oct 11 17:22:54 BOT 2012: Consulta de precio de reason:3 - msisdn: tono:155474 Async responde:350
 
Thu Oct 11 17:24:25 BOT 2012: Ajax-> Mostrar  Nombre Artista > tono:155482 
Thu Oct 11 17:24:55 BOT 2012: Ajax->Actualizar pin usuario
Thu Oct 11 17:26:28 BOT 2012: Ajax->Mostrar Megusta:  
Thu Oct 11 17:29:04 BOT 2012: Ajax-> Mostrar  Imagen Portada> tono:127904 
Thu Oct 11 17:30:11 BOT 2012: Ajax-> Mostrar Ranking > tono:104789 
Thu Oct 11 17:30:53 BOT 2012: WEB_REPRODUCIR_BUSQUEDA > Se recibieron:1 tonos
Thu Oct 11 17:32:44 BOT 2012: Mostrar Comentarios : tono:104789 
Thu Oct 11 17:33:26 BOT 2012: Ajax-> Mostrar  Imagen Portada> tono:102795 
Thu Oct 11 17:34:59 BOT 2012: Ajax->Mostrar Megusta:  
Thu Oct 11 17:40:12 BOT 2012: Ajax->Actualizar pin usuario
Thu Oct 11 17:43:49 BOT 2012: Ajax-> Mostrar Megusta> tono:152530 
Thu Oct 11 17:44:19 BOT 2012: Mostrar Cantidad reproducciones: tono:152530 cantidad: 0
Thu Oct 11 17:44:28 BOT 2012: Ajax->Mostrar Comentarios:  
Thu Oct 11 17:51:44 BOT 2012: Ajax->Mostrar Nombre Genero:  
Thu Oct 11 17:56:15 BOT 2012: Asignar backtone escuchado > Asi termino:142913,105549,105093,147195,129675,105262,151286,108577,108579,152474,150232,108558,105309,102703,155080,150316,135112,152530,156788,
Thu Oct 11 18:03:16 BOT 2012: Ajax-> Mostrar Comentarios> tono:130814 
Thu Oct 11 18:04:35 BOT 2012: ASYNC -> STATS> Tiempo respuesta 0.003386 seg.
Thu Oct 11 18:04:44 BOT 2012: Ajax-> Mostrar  Imagen Portada> tono:103274 
Thu Oct 11 18:05:47 BOT 2012: Ajax-> Mostrar Ranking > tono:123523 
Thu Oct 11 18:13:12 BOT 2012: Asignar backtone escuchado > Asi termino:126142,126164,126144,126165,125661,126172,126173,126175,152224,134658,126141,126167,125517,185,144198,104109,105048,103142,126462,
Thu Oct 11 18:13:12 BOT 2012: Asignar backtone escuchado > Asi termino:104080,103944,104688,104934,103946,103945,109380,109605,109604,133412,107802,107801,107799,107797,127752,107790,123243,131808,103410,107775,
Thu Oct 11 18:13:15 BOT 2012: Error al consultar precio de renovacion - msisdn: tono:126142 - Async responde -3
Thu Oct 11 18:13:15 BOT 2012: ASYNC -> STATS> Tiempo respuesta -0.022588 seg.
Thu Oct 11 18:13:18 BOT 2012: Asignar backtone escuchado > Asi termino:102677,102676,102675,155386,131771,
Thu Oct 11 18:14:45 BOT 2012: Ajax->Mostrar Comentarios:  
Thu Oct 11 18:15:30 BOT 2012: Ajax->Mostrar Reproducciones:  
Thu Oct 11 18:15:30 BOT 2012: ASYNC -> STATS> Tiempo respuesta 0.199196 seg.
Thu Oct 11 18:15:33 BOT 2012: Consulta de precio de reason:3 - msisdn: tono:131821 Async responde:350
 
Thu Oct 11 18:15:36 BOT 2012: Consulta de precio de reason:3 - msisdn: tono:149592 Async responde:350
 
Thu Oct 11 18:15:36 BOT 2012: Asignar backtone escuchado > Asi termino:110495,105367,152506,102682,102676,102675,102677,155386,131771,
Thu Oct 11 18:15:36 BOT 2012: Ajax->Mostrar Comentarios:  
Thu Oct 11 18:20:34 BOT 2012: Ajax-> Mostrar Ranking > tono:127767 
Thu Oct 11 18:22:50 BOT 2012: Asignar backtone escuchado > Asi termino:134010,103115,133415,133414,150148,107567,103691,104195,103521,103079,104263,126175,103017,104399,103983,155188,150096,103015,131805,534,
Thu Oct 11 18:31:24 BOT 2012: Ajax->Mostrar Megusta:  
Thu Oct 11 18:34:34 BOT 2012: Session Start>  session por defecto 
Thu Oct 11 18:37:46 BOT 2012: Consulta de precio de reason:2 - msisdn:76165324 tono:145315 Async responde:350
 
Thu Oct 11 18:37:49 BOT 2012: ASYNC -> STATS> Tiempo respuesta 0.007602 seg.
Thu Oct 11 18:37:52 BOT 2012: ASYNC -> STATS> Tiempo respuesta -0.005023 seg.
Thu Oct 11 18:37:58 BOT 2012: ASYNC -> STATS> Tiempo respuesta -0.00086399999999998 seg.
Thu Oct 11 18:40:14 BOT 2012: Consulta de precio de reason:10 - msisdn: tono:103458 Async responde:350
 
Thu Oct 11 18:40:14 BOT 2012: Asignar backtone escuchado > Asi termino:147352,131821,128311,127767,127765,127763,127760,127759,127757,127756,127754,127752,156954,
Thu Oct 11 18:44:29 BOT 2012: WEB REPROD BUSQ > Facebook link: http%3A%2F%2Fbacktones.tigo.com.bo%2Fv3%2Findex.php%3Fseccion%3Dplaylist%26autor%3D663%26f%3D1%26t%3D1231233
Thu Oct 11 18:51:01 BOT 2012: Ajax->Mostrar Ranking:  
Thu Oct 11 18:52:37 BOT 2012: Ajax-> Mostrar  Nombre Artista > tono:104567 
Thu Oct 11 18:54:01 BOT 2012: Ajax->Mostrar Imagen Portada:  
Thu Oct 11 18:59:11 BOT 2012: Session Start>  session por defecto 
Thu Oct 11 19:09:04 BOT 2012: Busqueda Inteligente: 
Thu Oct 11 19:10:31 BOT 2012: Asignar backtone escuchado > Asi termino:109314,102650,102693,103342,109240,104393,240,103868,104652,103136,103277,105769,105765,103132,105760,163,
Thu Oct 11 19:15:14 BOT 2012: Ajax->Mostrar Imagen Portada:  
Thu Oct 11 19:20:39 BOT 2012: Ajax-> Mostrar Comentarios> tono:104787 
Thu Oct 11 19:36:12 BOT 2012: Ajax-> Mostrar  Nombre Genero > tono:103466 
Thu Oct 11 19:37:42 BOT 2012: Ajax->Mostrar Comentarios:  
Thu Oct 11 19:38:27 BOT 2012: Ajax->Mostrar Megusta:  
Thu Oct 11 19:39:21 BOT 2012: Session Start>  Chequeo de sesion
Thu Oct 11 20:12:42 BOT 2012: Ajax-> Mostrar Comentarios> tono:102621 
Thu Oct 11 20:24:29 BOT 2012: Checklogin > msisdn: 75702113 , pin:aaQSqAReePlq6
Thu Oct 11 20:26:05 BOT 2012: Busqueda Inteligente: resultados >103476
Thu Oct 11 20:32:33 BOT 2012: Busqueda Inteligente: resultados >105320
Thu Oct 11 20:39:29 BOT 2012: Ajax->Mostrar Imagen Portada:  
Thu Oct 11 20:50:40 BOT 2012: Ajax-> Mostrar Ranking > tono:102958 
Thu Oct 11 20:53:37 BOT 2012: Ajax->Mostrar Ranking:  
Thu Oct 11 20:56:14 BOT 2012: ASYNC -> STATS> Tiempo respuesta 0.003642 seg.
Thu Oct 11 21:12:38 BOT 2012: Ajax->Mostrar Ranking:  
Thu Oct 11 21:15:11 BOT 2012: Asignar backtone escuchado > Asi termino:104910,125510,105778,104294,141098,133736,134685,127765,127760,127767,135108,127757,155504,147352,150242,127754,105672,127763,
Thu Oct 11 21:15:14 BOT 2012: Ajax-> Mostrar  Nombre Genero > tono:104364 
Thu Oct 11 21:16:41 BOT 2012: Mostrar Comentarios : tono:145307 
Thu Oct 11 21:17:11 BOT 2012: Ajax->Mostrar Imagen Portada:  
Thu Oct 11 21:27:16 BOT 2012: Ajax-> Comprar Backtone: msisdn: 
Thu Oct 11 21:29:37 BOT 2012: ASYNC -> STATS> Tiempo respuesta 0.004804 seg.
Thu Oct 11 21:34:17 BOT 2012: Busqueda Inteligente: resultados >592
Thu Oct 11 21:35:17 BOT 2012: Ajax->Mostrar Nombre Genero:  
Thu Oct 11 21:45:16 BOT 2012: Ajax->Mostrar Nombre Artista:  
Thu Oct 11 21:48:38 BOT 2012: ASYNC -> STATS> Tiempo respuesta 0.193514 seg.
Thu Oct 11 22:02:58 BOT 2012: Ajax-> Mostrar Ranking > tono:127769 
Thu Oct 11 22:10:26 BOT 2012: Ajax->Mostrar Megusta:  
Thu Oct 11 22:10:30 BOT 2012: Ajax-> Mostrar  Nombre Artista > tono:150214 
Thu Oct 11 22:12:09 BOT 2012: Asignar backtone escuchado > Asi termino:149592,156788,157090,
Thu Oct 11 22:19:20 BOT 2012: ASYNC -> STATS> Tiempo respuesta 0.0087930000000001 seg.
Thu Oct 11 22:22:06 BOT 2012: Ajax->Mostrar Nombre Artista:  
Thu Oct 11 22:22:21 BOT 2012: Ajax-> Mostrar Megusta> tono:150018 
Thu Oct 11 22:22:57 BOT 2012: Ajax->Mostrar Imagen Portada:  
Thu Oct 11 22:24:57 BOT 2012: Ajax->Mostrar Ranking:  
Thu Oct 11 22:27:03 BOT 2012: MTD_DB_BUSCAR_ARTISTAS > retornando registros:43
Thu Oct 11 22:34:29 BOT 2012: Ajax->Mostrar Megusta:  
Thu Oct 11 22:37:08 BOT 2012: Msisdn0:75927445.Tono:102723Renovacion:0
Thu Oct 11 22:38:47 BOT 2012: Ajax->Mostrar Imagen Portada:  
Thu Oct 11 22:39:32 BOT 2012: Ajax->Mostrar Ranking:  
Thu Oct 11 22:41:42 BOT 2012: Busqueda Inteligente: resultados >105704
Thu Oct 11 22:51:50 BOT 2012: Ajax->Mostrar Ranking:  
Thu Oct 11 22:52:05 BOT 2012: Ajax->Mostrar Comentarios:  
Thu Oct 11 22:52:20 BOT 2012: Ajax->Mostrar Ranking:  
Thu Oct 11 22:55:26 BOT 2012: Ajax->Mostrar Reproducciones:  
Thu Oct 11 22:56:05 BOT 2012: Ajax->Mostrar Reproducciones:  
Thu Oct 11 22:56:14 BOT 2012: Ajax-> Mostrar Comentarios> tono:127769 
Thu Oct 11 22:56:26 BOT 2012: Ajax->Mostrar Nombre Genero:  
Thu Oct 11 23:06:34 BOT 2012: Consulta de precio de reason:3 - msisdn: tono:150294 Async responde:350
 
Thu Oct 11 23:18:00 BOT 2012: ASYNC -> STATS> Tiempo respuesta 0.003256 seg.
Thu Oct 11 23:19:24 BOT 2012: ASYNC -> STATS> Tiempo respuesta 0.004459 seg.
Thu Oct 11 23:21:09 BOT 2012: Asignar backtone escuchado > Asi termino:135151,130833,130832,269,104508,103090,103782,104028,104025,104460,103992,163,102630,121,145158,104894,155198,102811,133414,104582,
Thu Oct 11 23:23:13 BOT 2012: Mostrar Cantidad reproducciones: tono:131830 cantidad: 0
Thu Oct 11 23:26:37 BOT 2012: Ajax-> Mostrar  Nombre Artista > tono:102954 
Thu Oct 11 23:29:05 BOT 2012: Ajax->Mostrar Ranking:  
Thu Oct 11 23:33:53 BOT 2012: Ajax->Mostrar Reproducciones:  
Thu Oct 11 23:33:59 BOT 2012: Asignar backtone escuchado > Asi termino:150298,150018,150264,110097,130832,150294,150236,150234,150290,147132,155420,155418,155422,155436,155434,155428,155424,155426,155432,
Thu Oct 11 23:35:06 BOT 2012: Ajax-> Mostrar  Nombre Genero > tono:103827 
Thu Oct 11 23:35:09 BOT 2012: Ajax->Mostrar Imagen Portada:  
Thu Oct 11 23:40:34 BOT 2012: ASYNC -> STATS> Tiempo respuesta -0.021929 seg.
Thu Oct 11 23:40:37 BOT 2012: Asignar backtone escuchado > Asi termino:103451,103430,103819,103818,
Thu Oct 11 23:40:43 BOT 2012: Consulta de precio de reason:2 - msisdn:77119660 tono:103533 Async responde:350
 
Thu Oct 11 23:40:43 BOT 2012: ASYNC -> STATS> Tiempo respuesta -0.627377 seg.
Thu Oct 11 23:40:43 BOT 2012: Ajax->Mostrar Nombre Artista:  
Thu Oct 11 23:40:43 BOT 2012: Asignar backtone escuchado > Asi termino:150236,150298,150018,150264,110097,130832,150294,150234,150290,147132,155420,155418,155422,155436,155434,155428,155424,155426,155432,
Thu Oct 11 23:41:31 BOT 2012: Ajax->Mostrar Nombre Artista:  
Thu Oct 11 23:43:58 BOT 2012: ASYNC -> STATS> Tiempo respuesta 0.0027199999999999 seg.
Thu Oct 11 23:44:01 BOT 2012: Ajax->Mostrar Nombre Genero:  
Thu Oct 11 23:49:14 BOT 2012: Ajax->Mostrar Nombre Genero:  
Thu Oct 11 23:50:20 BOT 2012: Ajax->Mostrar Imagen Portada:  
Thu Oct 11 23:51:23 BOT 2012: Ajax-> Mostrar Ranking > tono:104171 
Thu Oct 11 23:59:33 BOT 2012: STATS > BUSQUEDA DE BACKTONE >Tiempo: -0.346611 seg. | registros: 1
