Wed Jan 25 12:15:34 BOT 2012: Session Start>  Chequeo de sesion
Wed Jan 25 12:16:37 BOT 2012: STATS > BUSQUEDA DE BACKTONE >Tiempo: 0.036205 seg. | registros: 14
Wed Jan 25 12:21:47 BOT 2012: ASYNC -> STATS> Tiempo respuesta 0.001887 seg.
Wed Jan 25 12:21:50 BOT 2012: Mostrar Album: >albumes/album-default.jpg
Wed Jan 25 12:22:53 BOT 2012: ACTUALIZAR_PIN_USUARIO >76277722 el usuario es nuevo
Wed Jan 25 12:23:14 BOT 2012: Ajax-> Mostrar Megusta> tono:105368 
Wed Jan 25 12:24:26 BOT 2012: Ajax->Mostrar Nombre Genero:  
Wed Jan 25 12:25:27 BOT 2012: ASYNC -> STATS> Tiempo respuesta -0.119088 seg.
Wed Jan 25 12:31:16 BOT 2012: Ajax-> Mostrar  Nombre Genero > tono:127767 
Wed Jan 25 12:34:10 BOT 2012: Busqueda Inteligente: resultados >138465
Wed Jan 25 12:34:34 BOT 2012: Session Start>  Chequeo de sesion
Wed Jan 25 12:35:19 BOT 2012: Ajax-> Mostrar  Imagen Portada> tono:102630 
Wed Jan 25 12:37:01 BOT 2012: Ajax->Mostrar Reproducciones:  
Wed Jan 25 12:37:08 BOT 2012: Asignar backtone escuchado > Asi termino:102674,105762,103642,105420,104030,574,102978,103239,103238,103314,104670,102893,102630,104991,103086,163,103991,103466,103469,103790,
Wed Jan 25 13:21:42 BOT 2012: Ajax-> Mostrar Comentarios> tono:137886 
Wed Jan 25 13:21:57 BOT 2012: ASYNC -> STATS> Tiempo respuesta 0.013514 seg.
Wed Jan 25 14:46:38 BOT 2012: Busqueda Inteligente: resultados >104190
Wed Jan 25 20:50:30 BOT 2012: Ajax->Mostrar Nombre Artista:  
Wed Jan 25 20:52:00 BOT 2012: ASYNC -> STATS> Tiempo respuesta 0.0054639999999999 seg.
Wed Jan 25 20:52:15 BOT 2012: WEB REPROD BUSQ > Facebook link: http%3A%2F%2Fbacktones.tigo.com.bo%2Fv3%2Findex.php%3Fseccion%3Dplaylist%26genero%3D98%26f%3D1%26t%3D123123
Wed Jan 25 20:53:40 BOT 2012: Mostrar Comentarios : tono:104313 
Wed Jan 25 20:56:22 BOT 2012: Mostrar Comentarios : tono:105234 
Wed Jan 25 20:56:49 BOT 2012: Ajax-> Mostrar Megusta> tono:143078 
Wed Jan 25 20:58:16 BOT 2012: Ajax->Mostrar Imagen Portada:  
Wed Jan 25 21:02:44 BOT 2012: Ajax-> Mostrar Comentarios> tono:135727 
Wed Jan 25 21:04:38 BOT 2012: Ajax-> Mostrar  Imagen Portada> tono:109245 
Wed Jan 25 21:04:44 BOT 2012: ASYNC -> STATS> Tiempo respuesta -0.47322 seg.
Wed Jan 25 21:05:41 BOT 2012: ASYNC -> STATS> Tiempo respuesta 0.0076590000000001 seg.
Wed Jan 25 21:06:47 BOT 2012: Ajax->Mostrar Megusta:  
Wed Jan 25 21:09:24 BOT 2012: Ajax-> Mostrar  Nombre Genero > tono:131625 
Wed Jan 25 21:09:27 BOT 2012: STATS > BUSQUEDA DE BACKTONE >Tiempo: -0.001577 seg. | registros: 2
Wed Jan 25 21:12:27 BOT 2012: Mostrar Megusta> tono: 123530 msisdn:76434646 > 001
Wed Jan 25 21:15:46 BOT 2012: Consulta de precio de reason:10 - msisdn: tono:105402 Async responde:350
 
Wed Jan 25 21:17:10 BOT 2012: Ajax->Mostrar Ranking:  
Wed Jan 25 21:18:13 BOT 2012: Session Start>  session por defecto 
Wed Jan 25 21:18:52 BOT 2012: Ajax->Mostrar Nombre Genero:  
Wed Jan 25 21:18:58 BOT 2012: Ajax->Mostrar Imagen Portada:  
Wed Jan 25 21:19:04 BOT 2012: Ajax-> Mostrar Ranking > tono:103713 
Wed Jan 25 21:19:19 BOT 2012: Ajax-> Mostrar Ranking > tono:103713 
Wed Jan 25 21:20:49 BOT 2012: ASYNC -> STATS> Tiempo respuesta -0.049376 seg.
Wed Jan 25 21:22:49 BOT 2012: Busqueda Inteligente: resultados >138311
Wed Jan 25 21:23:05 BOT 2012: Ajax->Mostrar Imagen Portada:  
Wed Jan 25 21:24:02 BOT 2012: Ajax->Mostrar Ranking:  
Wed Jan 25 21:24:04 BOT 2012: Busqueda Inteligente: resultados >114733
Wed Jan 25 21:25:02 BOT 2012: Session Start>  session por defecto 
Wed Jan 25 21:25:23 BOT 2012: Ajax->Mostrar Nombre Genero:  
Wed Jan 25 21:25:59 BOT 2012: WEB_REPRODUCIR_BUSQUEDA > Se recibieron:30 tonos
Wed Jan 25 21:26:08 BOT 2012: ASYNC -> STATS> Tiempo respuesta 0.003945 seg.
Wed Jan 25 21:26:26 BOT 2012: Ajax-> Mostrar  Imagen Portada> tono:103342 
Wed Jan 25 21:26:29 BOT 2012: Ajax-> Mostrar Megusta> tono:256 
Wed Jan 25 21:26:41 BOT 2012: WEB_REPRODUCIR_BUSQUEDA > Se recibieron:114 tonos
Wed Jan 25 21:26:56 BOT 2012: Mostrar Cantidad reproducciones: tono:129938 cantidad: 0
Wed Jan 25 21:27:02 BOT 2012: Ajax-> Mostrar  Nombre Artista > tono:136248 
Wed Jan 25 21:28:11 BOT 2012: Asignar backtone escuchado > Asi termino:135059,
Wed Jan 25 21:28:44 BOT 2012: STATS > BUSQUEDA DE BACKTONE >Tiempo: 0.012107 seg. | registros: 5
Wed Jan 25 21:29:45 BOT 2012: Ajax-> Mostrar Megusta> tono:142273 
Wed Jan 25 21:31:09 BOT 2012: Ajax->Mostrar Reproducciones:  
Wed Jan 25 21:31:15 BOT 2012: ASYNC -> STATS> Tiempo respuesta -0.026983 seg.
Wed Jan 25 21:32:21 BOT 2012: Session Start>  session por defecto 
Wed Jan 25 21:35:22 BOT 2012: Ajax->Mostrar Ranking:  
Wed Jan 25 21:38:40 BOT 2012: Session Start>  Chequeo de sesion
Wed Jan 25 21:39:16 BOT 2012: Busqueda Inteligente: Alianza Nueva
Wed Jan 25 21:39:40 BOT 2012: Ajax-> Mostrar Ranking > tono:125513 
Wed Jan 25 21:40:25 BOT 2012: Session Start>  session por defecto 
Wed Jan 25 21:41:22 BOT 2012: Busqueda Inteligente: resultados >102746
Wed Jan 25 21:43:02 BOT 2012: Ajax-> Mostrar Megusta> tono:105521 
Wed Jan 25 21:48:12 BOT 2012: Msisdn:76552315 ingreso exitoso de billing tono: 134015 
Wed Jan 25 21:51:27 BOT 2012: Session Start>  session por defecto 
Wed Jan 25 21:52:15 BOT 2012: Ajax->Mostrar Reproducciones:  
Wed Jan 25 22:02:05 BOT 2012: Ajax-> Mostrar Ranking > tono:612 
Wed Jan 25 22:08:24 BOT 2012: Ajax->Mostrar Megusta:  
Wed Jan 25 22:08:33 BOT 2012: Ajax-> Mostrar Ranking > tono:106380 
Wed Jan 25 22:13:40 BOT 2012: Ajax->Mostrar Nombre Artista:  
Wed Jan 25 22:18:08 BOT 2012: Ajax->Mostrar Reproducciones:  
Wed Jan 25 22:21:26 BOT 2012: Ajax->Mostrar Imagen Portada:  
Wed Jan 25 22:31:40 BOT 2012: Busqueda Inteligente: resultados >127454
Wed Jan 25 22:32:34 BOT 2012: Ajax-> Mostrar Megusta> tono:110210 
Wed Jan 25 22:32:58 BOT 2012: Busqueda Inteligente: Simply Red
Wed Jan 25 22:35:10 BOT 2012: Ajax->Mostrar Nombre Artista:  
Wed Jan 25 22:36:16 BOT 2012: Ajax->Mostrar Nombre Artista:  
Wed Jan 25 22:37:11 BOT 2012: Session Start>  session por defecto 
Wed Jan 25 22:38:44 BOT 2012: ASYNC -> STATS> Tiempo respuesta 0.007761 seg.
Wed Jan 25 22:40:08 BOT 2012: Mostrar Ranking: tono:103762 calificacion: 5
Wed Jan 25 22:41:26 BOT 2012: Ajax-> Mostrar Comentarios> tono:104398 
Wed Jan 25 22:41:44 BOT 2012: Ajax->Mostrar Comentarios:  
Wed Jan 25 22:44:17 BOT 2012: Ajax->Mostrar Nombre Genero:  
Wed Jan 25 22:46:06 BOT 2012: Ajax->Mostrar Comentarios:  
Wed Jan 25 22:47:54 BOT 2012: WEB REPROD BUSQ > Facebook link: http%3A%2F%2Fbacktones.tigo.com.bo%2Fv3%2Findex.php%3Fseccion%3Dplaylist%26genero%3D157%26f%3D1%26t%3D123123
Wed Jan 25 23:33:04 BOT 2012: Busqueda Inteligente: resultados >105306
