Fri Mar 2 9:55:03 BOT 2012: ASYNC -> STATS> Tiempo respuesta -0.365192 seg.
Fri Mar 2 9:58:57 BOT 2012: Mostrar Comentarios : tono:293 
Fri Mar 2 9:59:54 BOT 2012: Ajax->Mostrar Nombre Artista:  
Fri Mar 2 10:00:06 BOT 2012: WEB_REPRODUCIR_BUSQUEDA > Se recibieron:95 tonos
Fri Mar 2 10:13:32 BOT 2012: Ajax->Mostrar Imagen Portada:  
Fri Mar 2 10:14:32 BOT 2012: ASYNC -> STATS> Tiempo respuesta 0.002294 seg.
Fri Mar 2 10:16:42 BOT 2012: ASYNC -> STATS> Tiempo respuesta -0.368246 seg.
Fri Mar 2 10:17:51 BOT 2012: ASYNC -> STATS> Tiempo respuesta 0.002085 seg.
Fri Mar 2 10:18:27 BOT 2012: Ajax->Mostrar Nombre Genero:  
Fri Mar 2 10:21:42 BOT 2012: Ajax-> Mostrar Comentarios> tono:126471 
Fri Mar 2 10:22:12 BOT 2012: Ajax->Mostrar Reproducciones:  
Fri Mar 2 10:24:40 BOT 2012: ASYNC -> STATS> Tiempo respuesta -0.375179 seg.
Fri Mar 2 10:24:43 BOT 2012: Ajax->Mostrar Ranking:  
Fri Mar 2 10:25:07 BOT 2012: Ajax->Mostrar Comentarios:  
Fri Mar 2 10:27:22 BOT 2012: Asignar backtone escuchado > Asi termino:129437,128616,176,122645,122643,122666,
Fri Mar 2 10:27:43 BOT 2012: Ajax->Mostrar Nombre Genero:  
Fri Mar 2 10:29:25 BOT 2012: ASYNC -> STATS> Tiempo respuesta 0.008253 seg.
Fri Mar 2 10:30:26 BOT 2012: Ajax-> Mostrar Ranking > tono:102669 
Fri Mar 2 10:31:17 BOT 2012: ASYNC -> STATS> Tiempo respuesta -0.572866 seg.
Fri Mar 2 10:31:20 BOT 2012: Error al consultar precio de renovacion - msisdn: tono:102670 - Async responde -3
Fri Mar 2 10:31:20 BOT 2012: ASYNC -> STATS> Tiempo respuesta -0.000359 seg.
Fri Mar 2 10:31:23 BOT 2012: Consulta de precio de reason:3 - msisdn:76710963 tono:103507 Async responde:350
 
Fri Mar 2 10:31:23 BOT 2012: Ajax->Mostrar Ranking:  
Fri Mar 2 10:31:26 BOT 2012: ASYNC -> STATS> Tiempo respuesta 0.006732 seg.
Fri Mar 2 10:31:26 BOT 2012: Asignar backtone escuchado > Asi termino:137880,137879,131805,140834,137877,140832,143743,106384,141120,142231,137875,137830,143076,141126,120252,120251,141122,141134,146592,
Fri Mar 2 10:31:29 BOT 2012: Consulta de precio de reason:2 - msisdn: tono:135057 Async responde:350
 
Fri Mar 2 10:31:29 BOT 2012: Ajax->Mostrar Reproducciones:  
Fri Mar 2 10:33:05 BOT 2012: Ajax->Mostrar Megusta:  
Fri Mar 2 10:33:35 BOT 2012: ASYNC -> STATS> Tiempo respuesta -0.274327 seg.
Fri Mar 2 10:33:35 BOT 2012: Consulta de precio de reason:10 - msisdn: tono:183 Async responde:350
 
Fri Mar 2 10:34:29 BOT 2012: Ajax->Mostrar Ranking:  
Fri Mar 2 10:35:26 BOT 2012: Ajax->Mostrar Nombre Artista:  
Fri Mar 2 10:38:42 BOT 2012: Session Start>  session por defecto 
Fri Mar 2 10:39:57 BOT 2012: Check Session > msisdn: 77400949 > Usuario Valido 
Fri Mar 2 10:41:15 BOT 2012: Ajax-> Mostrar  Nombre Artista > tono:240 
Fri Mar 2 10:41:21 BOT 2012: Ajax->Eliminando backtone: msisdn:76009767   
Fri Mar 2 10:42:00 BOT 2012: Session Start>  session por defecto 
Fri Mar 2 10:42:42 BOT 2012: WEB_REPRODUCIR_BUSQUEDA > Se recibieron:97 tonos
Fri Mar 2 10:44:58 BOT 2012: ASYNC -> STATS> Tiempo respuesta -0.599858 seg.
Fri Mar 2 10:45:04 BOT 2012: Ajax-> Mostrar Ranking > tono:109227 
Fri Mar 2 10:45:07 BOT 2012: Consulta de precio de reason:2 - msisdn: tono:139339 Async responde:350
 
Fri Mar 2 10:45:07 BOT 2012: Ajax->Mostrar Megusta:  
Fri Mar 2 10:45:07 BOT 2012: Asignar backtone escuchado > Asi termino:103045,135108,127757,127759,131616,103328,102622,
Fri Mar 2 10:45:07 BOT 2012: Editar tonos del amigo >  msisdn:76009767 ani:77069579  nombre:Amorcito, Se detecto tono asignado al usuario:128221
Fri Mar 2 10:45:10 BOT 2012: Consulta de precio de reason:10 - msisdn: tono:109227 Async responde:350
 
Fri Mar 2 10:46:01 BOT 2012: Ajax->Mostrar Megusta:  
Fri Mar 2 10:46:28 BOT 2012: Ajax->Mostrar Nombre Genero:  
Fri Mar 2 10:47:07 BOT 2012: STATS > BUSQUEDA DE BACKTONE >Tiempo: -0.333333 seg. | registros: 2
Fri Mar 2 10:48:10 BOT 2012: Ajax-> Mostrar Ranking > tono:133736 
Fri Mar 2 10:49:10 BOT 2012: Ajax-> Mostrar Ranking > tono:257 
Fri Mar 2 10:49:16 BOT 2012: Asignar backtone escuchado > Asi termino:133681,104348,105347,106284,103683,104744,104960,104959,103935,132078,127278,105985,133696,137281,104280,23,104958,108558,102757,126495,
Fri Mar 2 10:49:22 BOT 2012: ASYNC -> STATS> Tiempo respuesta 0.017349 seg.
Fri Mar 2 10:49:22 BOT 2012: ASYNC -> STATS> Tiempo respuesta 0.300821 seg.
Fri Mar 2 10:49:22 BOT 2012: ASYNC -> STATS> Tiempo respuesta 0.448162 seg.
Fri Mar 2 10:49:28 BOT 2012: Mostrar Genero: >G&eacute;nero:  <a href='index.php?seccion=playlist&genero=143'>Latinas</a>
Fri Mar 2 10:49:28 BOT 2012: Ajax->Mostrar Nombre Genero:  
Fri Mar 2 10:50:37 BOT 2012: Ajax-> Mostrar Ranking > tono:131812 
Fri Mar 2 10:52:02 BOT 2012: ASYNC -> STATS> Tiempo respuesta -0.056228 seg.
Fri Mar 2 10:52:20 BOT 2012: STATS > BUSQUEDA DE BACKTONE >Tiempo: -0.139998 seg. | registros: 70
Fri Mar 2 10:52:32 BOT 2012: Ajax->Mostrar Nombre Genero:  
Fri Mar 2 10:52:35 BOT 2012: Ajax->Mostrar Nombre Genero:  
Fri Mar 2 10:54:41 BOT 2012: Asignar backtone escuchado > Asi termino:102876,200,102638,103992,209,211,102672,103086,103640,102675,105361,206,105238,104035,103644,104034,207,120230,119112,
Fri Mar 2 10:55:02 BOT 2012: Ajax-> Mostrar  Imagen Portada> tono:103250 
Fri Mar 2 10:56:14 BOT 2012: Session Start>  session por defecto 
Fri Mar 2 10:56:41 BOT 2012: Busqueda Inteligente: resultados >145318
Fri Mar 2 10:56:47 BOT 2012: WEB_REPRODUCIR_BUSQUEDA > Se recibieron:57 tonos
Fri Mar 2 11:00:57 BOT 2012: Ajax-> Mostrar  Imagen Portada> tono:146557 
Fri Mar 2 11:02:39 BOT 2012: Consulta de precio de reason:2 - msisdn: tono:127757 Async responde:350
 
Fri Mar 2 11:02:39 BOT 2012: Ajax->Mostrar Reproducciones:  
Fri Mar 2 11:02:42 BOT 2012: Ajax->Mostrar Ranking:  
Fri Mar 2 11:03:33 BOT 2012: ASYNC -> STATS> Tiempo respuesta 0.004323 seg.
Fri Mar 2 11:03:45 BOT 2012: Ajax->Mostrar Ranking:  
Fri Mar 2 11:04:09 BOT 2012: Ajax->Mostrar Megusta:  
Fri Mar 2 11:04:36 BOT 2012: STATS > BUSQUEDA DE BACKTONE >Tiempo: 0.833109 seg. | registros: 91
Fri Mar 2 11:06:49 BOT 2012: Ajax->Mostrar Ranking:  
Fri Mar 2 11:07:13 BOT 2012: ASYNC -> STATS> Tiempo respuesta 0.00126 seg.
Fri Mar 2 11:08:25 BOT 2012: Ajax->Mostrar Megusta:  
Fri Mar 2 11:09:10 BOT 2012: Ajax-> Mostrar Comentarios> tono:103763 
Fri Mar 2 11:10:04 BOT 2012: Ajax->Mostrar Imagen Portada:  
Fri Mar 2 11:10:16 BOT 2012: Ajax-> Mostrar Comentarios> tono:102812 
Fri Mar 2 11:10:25 BOT 2012: Ajax-> Mostrar Megusta> tono:124958 
Fri Mar 2 11:10:28 BOT 2012: Ajax-> Login Usuario msisdn: 78456679  pin:9723 > Validar msisdn
Fri Mar 2 11:11:31 BOT 2012: Ajax->Mostrar Imagen Portada:  
Fri Mar 2 11:12:01 BOT 2012: Ajax->Actualizar pin usuario
Fri Mar 2 11:12:41 BOT 2012: Ajax-> Mostrar  Nombre Genero > tono:104261 
Fri Mar 2 11:12:56 BOT 2012: Ajax-> Mostrar Comentarios> tono:109314 
Fri Mar 2 11:13:20 BOT 2012: ASYNC -> STATS> Tiempo respuesta 0.005842 seg.
Fri Mar 2 11:13:20 BOT 2012: Ajax-> Mostrar Ranking > tono:129675 
Fri Mar 2 11:15:29 BOT 2012: Ajax->Mostrar Megusta:  
Fri Mar 2 11:15:29 BOT 2012: Mostrar Album: >albumes/album-default.jpg
Fri Mar 2 11:15:50 BOT 2012: Ajax-> Mostrar Ranking > tono:131042 
Fri Mar 2 11:16:23 BOT 2012: ASYNC -> STATS> Tiempo respuesta 0.0052479999999999 seg.
Fri Mar 2 11:16:26 BOT 2012: ASYNC -> STATS> Tiempo respuesta -0.082738 seg.
Fri Mar 2 11:16:41 BOT 2012: Ajax->Mostrar Reproducciones:  
Fri Mar 2 11:17:32 BOT 2012: Mostrar Album: >albumes/Jimi Hendrix-West Coast Seattle Boy.jpg
Fri Mar 2 11:17:38 BOT 2012: Asignar backtone escuchado > Asi termino:123515,123528,123518,123531,131046,131048,121508,121506,121504,121500,121499,131038,123541,123527,123540,131040,131035,123523,131044,123516,
Fri Mar 2 11:17:41 BOT 2012: Ajax->Actualizar pin usuario
Fri Mar 2 11:17:56 BOT 2012: Ajax-> Mostrar  Nombre Genero > tono:102693 
Fri Mar 2 11:19:45 BOT 2012: Mostrar Album: >albumes/disco-dancing-sil.jpg
Fri Mar 2 11:20:54 BOT 2012: Ajax-> Mostrar  Imagen Portada> Album:albumes/album-default.jpg
Fri Mar 2 11:21:24 BOT 2012: ASYNC -> STATS> Tiempo respuesta 0.002156 seg.
Fri Mar 2 11:21:36 BOT 2012: Ajax->Mostrar Nombre Artista:  
Fri Mar 2 11:22:06 BOT 2012: Ajax->Mostrar Comentarios:  
Fri Mar 2 11:22:12 BOT 2012: Asignar backtone escuchado > Asi termino:103086,163,102630,104107,104121,113598,129924,102622,103566,134032,104991,106317,106316,104567,448,109314,102693,109240,240,146583,
Fri Mar 2 11:22:12 BOT 2012: Ajax-> Mostrar  Imagen Portada> tono:104643 
Fri Mar 2 11:23:15 BOT 2012: Mostrar Cantidad reproducciones: tono:143741 cantidad: 0
Fri Mar 2 11:23:48 BOT 2012: Asignar backtone escuchado > Asi termino:200,204,201,209,105361,211,106266,124243,124958,
Fri Mar 2 11:24:31 BOT 2012: Ajax->Mostrar Imagen Portada:  
Fri Mar 2 11:25:22 BOT 2012: Busqueda Inteligente: inevitable me prende
Fri Mar 2 11:25:28 BOT 2012: Ajax-> Mostrar Ranking > tono:104128 
Fri Mar 2 11:27:13 BOT 2012: Error al consultar precio de renovacion - msisdn: tono:127474 - Async responde -3
Fri Mar 2 11:27:13 BOT 2012: Ajax->Mostrar Ranking:  
Fri Mar 2 11:27:13 BOT 2012: ASYNC -> STATS> Tiempo respuesta 0.295575 seg.
Fri Mar 2 11:27:16 BOT 2012: Consulta de precio de reason:2 - msisdn:77204466 tono:43 Async responde:350
 
Fri Mar 2 11:27:16 BOT 2012: ASYNC -> STATS> Tiempo respuesta 0.326023 seg.
Fri Mar 2 11:27:19 BOT 2012: ASYNC -> STATS> Tiempo respuesta -0.006958 seg.
Fri Mar 2 11:27:19 BOT 2012: ASYNC -> STATS> Tiempo respuesta -0.006204 seg.
Fri Mar 2 11:27:28 BOT 2012: Consulta de precio de reason:10 - msisdn: tono:211 Async responde:350
 
Fri Mar 2 11:27:28 BOT 2012: Ajax->Mostrar Ranking:  
Fri Mar 2 11:27:28 BOT 2012: ASYNC -> STATS> Tiempo respuesta 0.158649 seg.
Fri Mar 2 11:27:28 BOT 2012: ASYNC -> STATS> Tiempo respuesta -0.020866 seg.
Fri Mar 2 11:27:28 BOT 2012: Ajax->Mostrar Megusta:  
Fri Mar 2 11:27:28 BOT 2012: Ajax->Mostrar Megusta:  
Fri Mar 2 11:27:28 BOT 2012: Ajax->Mostrar Ranking:  
Fri Mar 2 11:27:28 BOT 2012: Consulta de precio de reason:2 - msisdn: tono:105294 Async responde:350
 
Fri Mar 2 11:27:34 BOT 2012: Asignar backtone escuchado > Asi termino:146557,135083,135101,135070,114,103376,146242,103704,104461,
Fri Mar 2 11:27:40 BOT 2012: Ajax->Mostrar Reproducciones:  
Fri Mar 2 11:27:43 BOT 2012: Ajax->Mostrar Nombre Artista:  
Fri Mar 2 11:28:07 BOT 2012: Session Start>  Chequeo de sesion
Fri Mar 2 11:28:37 BOT 2012: ASYNC -> STATS> Tiempo respuesta 0.06793 seg.
Fri Mar 2 11:29:25 BOT 2012: Ajax->Mostrar Comentarios:  
Fri Mar 2 11:29:25 BOT 2012: Busqueda Inteligente: 
Fri Mar 2 11:29:28 BOT 2012: Ajax-> Mostrar Ranking > tono:144562 
Fri Mar 2 11:29:31 BOT 2012: Ajax->Mostrar Ranking:  
Fri Mar 2 11:29:37 BOT 2012: Ajax-> Mostrar Ranking > tono:131035 
Fri Mar 2 11:29:43 BOT 2012: ASYNC -> STATS> Tiempo respuesta 0.015024 seg.
Fri Mar 2 11:31:10 BOT 2012: Ajax->Mostrar Ranking:  
Fri Mar 2 11:31:41 BOT 2012: Ajax->Mostrar Comentarios:  
Fri Mar 2 11:32:50 BOT 2012: ASYNC -> STATS> Tiempo respuesta 0.011416 seg.
Fri Mar 2 11:33:02 BOT 2012: Busqueda de Backtones Intel: 
 SQL:SELECT t.id, t.nombre as tono,aut.nombre as autor, alb.imagen, round(avg(wr.calificacion),0) as calificacion
                    FROM tonos as t
                    inner join autores as aut on ( t.autor = aut.id)
                    inner join billing as bil on (t.billing = bil.caso  and bil.concepto=2)
                    left join albumes as alb on (t.album = alb.id_album)
                    left join web_tonos_ranking as wr on (t.id = wr.tonos_id)
                    WHERE
                    FIND_IN_SET(t.id, '118725,118727,118745,118728,139846,118730,118744,118752,139958,118734,139956,139844,118748,118741,118738,139960,118736,118749,118754,139961,118747,139963,131001,139964,139965,139967,139968,139969,139971,130999,131003,118732,139838,118724,144690,145154,144686,145158,144688,104350,144692,145160,102870,134631,102872,102873,102876,105238,120237,102874,102871,102875,134662,102877,134664,104305,103349,131635,136216,102613,105033,136214,109915,106005,189,104257,103353,107794,446,578,132449,,')
                     AND t.autor=67 
                    and t.categoria <> 207 and t.interfases &1 
                    group by t.id, t.nombre ,aut.nombre , alb.imagen
                    order by FIND_IN_SET(t.id, '118725,118727,118745,118728,139846,118730,118744,118752,139958,118734,139956,139844,118748,118741,118738,139960,118736,118749,118754,139961,118747,139963,131001,139964,139965,139967,139968,139969,139971,130999,131003,118732,139838,118724,144690,145154,144686,145158,144688,104350,144692,145160,102870,134631,102872,102873,102876,105238,120237,102874,102871,102875,134662,102877,134664,104305,103349,131635,136216,102613,105033,136214,109915,106005,189,104257,103353,107794,446,578,132449,,')
                    limit 114 
Fri Mar 2 11:33:11 BOT 2012: Ajax-> Mostrar Comentarios> tono:122655 
Fri Mar 2 11:33:11 BOT 2012: Ajax->Mostrar Nombre Artista:  
Fri Mar 2 11:33:11 BOT 2012: Ajax->Mostrar Ranking:  
Fri Mar 2 11:33:14 BOT 2012: Ajax-> Mostrar Ranking > tono:107737 
Fri Mar 2 11:33:14 BOT 2012: Ajax-> Cerrar session: msisdn:78456679 
Fri Mar 2 11:33:14 BOT 2012: Ajax->Mostrar Ranking:  
Fri Mar 2 11:33:17 BOT 2012: Ajax-> Mostrar  Nombre Genero > tono:107737 
Fri Mar 2 11:33:44 BOT 2012: Ajax-> Mostrar Comentarios> tono:143748 
Fri Mar 2 11:33:53 BOT 2012: Ajax->Mostrar Comentarios:  
Fri Mar 2 11:34:17 BOT 2012: ASYNC -> STATS> Tiempo respuesta 0.001882 seg.
Fri Mar 2 11:34:26 BOT 2012: Ajax->Mostrar Ranking:  
Fri Mar 2 11:34:26 BOT 2012: Ajax-> Mostrar Ranking > tono:106384 
Fri Mar 2 11:34:41 BOT 2012: Ajax-> Mostrar Ranking > tono:116504 
Fri Mar 2 11:35:12 BOT 2012: Ajax-> Mostrar Ranking > tono:104261 
Fri Mar 2 11:35:42 BOT 2012: WEB REPROD BUSQ > Facebook link: http%3A%2F%2Fbacktones.tigo.com.bo%2Fv3%2Findex.php%3Fseccion%3Dplaylist%26genero%3D96%26f%3D1%26t%3D123123
Fri Mar 2 11:36:27 BOT 2012: Ajax->Mostrar Nombre Genero:  
Fri Mar 2 11:37:21 BOT 2012: Ajax-> Mostrar  Nombre Artista > tono:127295 
Fri Mar 2 11:37:45 BOT 2012: Ajax-> Login Usuario msisdn: 78237982  pin:9636 > Validar msisdn
Fri Mar 2 11:38:00 BOT 2012: STATS > BUSQUEDA DE BACKTONE >Tiempo: 0.155555 seg. | registros: 101
Fri Mar 2 11:38:24 BOT 2012: Ajax->Mostrar Megusta:  
Fri Mar 2 11:38:30 BOT 2012: Ajax->Mostrar Ranking:  
Fri Mar 2 11:39:42 BOT 2012: Ajax->Mostrar Imagen Portada:  
Fri Mar 2 11:40:48 BOT 2012: Ajax-> Mostrar  Nombre Genero > tono:118734 
Fri Mar 2 11:41:15 BOT 2012: ASYNC -> STATS> Tiempo respuesta 0.003258 seg.
Fri Mar 2 11:43:01 BOT 2012: Ajax->Mostrar Comentarios:  
Fri Mar 2 11:43:16 BOT 2012: Ajax->Mostrar Ranking:  
Fri Mar 2 11:43:58 BOT 2012: Ajax->Mostrar Ranking:  
Fri Mar 2 11:45:34 BOT 2012: Ajax->Asignar modalidad backtone: msisdn:76058593   
Fri Mar 2 11:46:10 BOT 2012: Ajax->Mostrar Reproducciones:  
Fri Mar 2 11:46:19 BOT 2012: Ajax->Mostrar Nombre Artista:  
Fri Mar 2 11:46:40 BOT 2012: Ajax-> Mostrar Comentarios> tono:146557 
Fri Mar 2 11:47:37 BOT 2012: Ajax-> Mostrar Ranking > tono:127289 
Fri Mar 2 11:47:55 BOT 2012: Ajax-> Mostrar Ranking > tono:105271 
Fri Mar 2 11:47:55 BOT 2012: Ajax-> Mostrar Ranking > tono:130806 
Fri Mar 2 11:49:22 BOT 2012: Mostrar Genero: >G&eacute;nero:  <a href='index.php?seccion=playlist&genero=143'>Latinas</a>
Fri Mar 2 11:49:31 BOT 2012: Asignar backtone escuchado > Asi termino:133732,127925,127277,133725,127289,127278,127275,127288,127264,127262,133731,133728,127922,133720,133721,127269,127284,133735,127280,127923,
Fri Mar 2 11:49:53 BOT 2012: Ajax->Mostrar Ranking:  
Fri Mar 2 11:49:53 BOT 2012: Ajax->Mostrar Ranking:  
Fri Mar 2 11:49:56 BOT 2012: ASYNC -> STATS> Tiempo respuesta 0.002044 seg.
Fri Mar 2 11:49:59 BOT 2012: ASYNC -> STATS> Tiempo respuesta -0.023278 seg.
Fri Mar 2 11:51:53 BOT 2012: Ajax->Mostrar Ranking:  
Fri Mar 2 11:53:05 BOT 2012: ASYNC -> STATS> Tiempo respuesta 0.003421 seg.
Fri Mar 2 11:54:11 BOT 2012: Ajax->Actualizar pin usuario >recibe el msisdn:75614424 
Fri Mar 2 11:54:56 BOT 2012: Ajax-> Mostrar Megusta> tono:135108 
Fri Mar 2 11:58:03 BOT 2012: Busqueda Inteligente: eres mi sueño
Fri Mar 2 11:58:09 BOT 2012: Ajax->Mostrar Megusta:  
Fri Mar 2 11:58:24 BOT 2012: Ajax->Mostrar Nombre Artista:  
Fri Mar 2 11:59:48 BOT 2012: Ajax-> Mostrar  Nombre Artista > tono:102811 
Fri Mar 2 12:03:24 BOT 2012: Ajax->Mostrar Megusta:  
Fri Mar 2 12:06:43 BOT 2012: Ajax-> Mostrar  Imagen Portada> tono:104224 
Fri Mar 2 12:09:10 BOT 2012: ASYNC -> STATS> Tiempo respuesta 0.002251 seg.
Fri Mar 2 12:13:02 BOT 2012: Mostrar Megusta > tono: 109975 msisdn:78136236 > cantidad de registros: 0
Fri Mar 2 12:13:44 BOT 2012: Ajax->Mostrar Megusta:  
Fri Mar 2 12:14:47 BOT 2012: Ajax->Mostrar Comentarios:  
Fri Mar 2 12:16:50 BOT 2012: STATS > BUSQUEDA DE BACKTONE >Tiempo: 0.313339 seg. | registros: 16
Fri Mar 2 12:16:59 BOT 2012: Ajax->Mostrar Reproducciones:  
Fri Mar 2 12:17:26 BOT 2012: Ajax->Mostrar Ranking:  
Fri Mar 2 12:17:44 BOT 2012: Ajax->Mostrar Nombre Genero:  
Fri Mar 2 12:19:02 BOT 2012: Ajax->Mostrar Comentarios:  
Fri Mar 2 12:19:02 BOT 2012: Ajax->Mostrar Megusta:  
Fri Mar 2 12:20:45 BOT 2012: ASYNC -> STATS> Tiempo respuesta -0.740224 seg.
Fri Mar 2 12:20:45 BOT 2012: WEB_REPRODUCIR_BUSQUEDA > Se recibieron:6 tonos
Fri Mar 2 12:21:09 BOT 2012: Ajax->Mostrar Ranking:  
Fri Mar 2 12:21:12 BOT 2012: Ajax->Mostrar Megusta:  
Fri Mar 2 12:21:12 BOT 2012: Ajax-> Mostrar Ranking > tono:131646 
Fri Mar 2 12:21:12 BOT 2012: Ajax->Mostrar Nombre Artista:  
Fri Mar 2 12:21:24 BOT 2012: ASYNC -> STATS> Tiempo respuesta -0.056789 seg.
Fri Mar 2 12:21:24 BOT 2012: ASYNC -> STATS> Tiempo respuesta 0.012901 seg.
Fri Mar 2 12:21:24 BOT 2012: Consulta de precio de reason:3 - msisdn:75366677 tono:103300 Async responde:350
 
Fri Mar 2 12:21:24 BOT 2012: Asignar backtone escuchado > Asi termino:105096,122285,126170,127423,102928,130985,125516,104413,102823,103939,103191,126146,130814,122287,
Fri Mar 2 12:21:24 BOT 2012: Asignar backtone escuchado > Asi termino:127278,105985,102610,129931,103261,104300,105242,103113,105096,124243,133,131814,129884,131616,108562,102768,124041,105343,133776,
Fri Mar 2 12:21:24 BOT 2012: Ajax->Mostrar Nombre Genero:  
Fri Mar 2 12:21:42 BOT 2012: ASYNC -> STATS> Tiempo respuesta 0.001724 seg.
Fri Mar 2 12:21:45 BOT 2012: Ajax->Mostrar Nombre Genero:  
Fri Mar 2 12:22:54 BOT 2012: Ajax-> Mostrar  Imagen Portada> Album:Artista:  <a href='index.php?seccion=playlist&autor=1107'>Version Solumovil</a>
Fri Mar 2 12:23:09 BOT 2012: Check Session > msisdn: 75394249 > Usuario Valido 
Fri Mar 2 12:23:21 BOT 2012: Ajax->Mostrar Imagen Portada:  
Fri Mar 2 12:23:21 BOT 2012: Ajax->Mostrar Imagen Portada:  
Fri Mar 2 12:24:21 BOT 2012: Ajax->Mostrar Ranking:  
Fri Mar 2 12:24:42 BOT 2012: Ajax->Mostrar Comentarios:  
Fri Mar 2 12:24:48 BOT 2012: Busqueda Inteligente: resultados >102870
Fri Mar 2 12:25:09 BOT 2012: Mostrar Album: >Artista:  <a href='index.php?seccion=playlist&autor=1485'>Hans y Chivo</a>
Fri Mar 2 12:25:45 BOT 2012: Ajax->Mostrar Comentarios:  
Fri Mar 2 12:29:19 BOT 2012: Consulta de precio de reason:2 - msisdn: tono:123008 Async responde:50
 
Fri Mar 2 12:29:28 BOT 2012: Ajax->Mostrar Reproducciones:  
Fri Mar 2 12:29:31 BOT 2012: Ajax->Mostrar Ranking:  
Fri Mar 2 12:29:37 BOT 2012: Consulta de precio de reason:10 - msisdn: tono:127472 Async responde:350
 
Fri Mar 2 12:29:55 BOT 2012: Ajax->Mostrar Nombre Genero:  
Fri Mar 2 12:29:58 BOT 2012: Ajax->Mostrar Nombre Genero:  
Fri Mar 2 12:30:40 BOT 2012: Ajax->Mostrar Ranking:  
Fri Mar 2 12:30:52 BOT 2012: Mostrar Ranking: tono:105309 calificacion: 
Fri Mar 2 12:32:55 BOT 2012: Ajax->Mostrar Reproducciones:  
Fri Mar 2 12:33:04 BOT 2012: Ajax->Mostrar Megusta:  
Fri Mar 2 12:33:31 BOT 2012: Ajax-> Mostrar  Imagen Portada> tono:103451 
Fri Mar 2 12:33:55 BOT 2012: Ajax->Mostrar Imagen Portada:  
Fri Mar 2 12:34:19 BOT 2012: Ajax->Mostrar Reproducciones:  
Fri Mar 2 12:34:28 BOT 2012: Ajax-> Mostrar Ranking > tono:103430 
Fri Mar 2 12:35:50 BOT 2012: Ajax->Mostrar Megusta:  
Fri Mar 2 12:36:14 BOT 2012: Ajax->Mostrar Nombre Genero:  
Fri Mar 2 12:38:20 BOT 2012: Mostrar Album: >Artista:  <a href='index.php?seccion=playlist&autor=1119'>Chaplin Show</a>
Fri Mar 2 12:39:29 BOT 2012: Ajax->Mostrar Megusta:  
Fri Mar 2 12:43:30 BOT 2012: Ajax-> Mostrar Comentarios> tono:126164 
Fri Mar 2 12:44:06 BOT 2012: ASYNC -> STATS> Tiempo respuesta 0.001774 seg.
Fri Mar 2 12:45:09 BOT 2012: Ajax->Mostrar Ranking:  
Fri Mar 2 12:46:27 BOT 2012: Ajax->Mostrar Imagen Portada:  
Fri Mar 2 12:47:00 BOT 2012: ASYNC -> STATS> Tiempo respuesta 0.157183 seg.
Fri Mar 2 12:47:00 BOT 2012: Ajax->Mostrar Ranking:  
Fri Mar 2 12:51:13 BOT 2012: Asignar backtone escuchado > Asi termino:102627,116502,103089,103992,211,202,102893,103628,572,112702,103086,102630,103506,103279,479,103458,102526,102788,103627,126462,
Fri Mar 2 12:52:46 BOT 2012: Ajax->Mostrar Ranking:  
Fri Mar 2 12:53:04 BOT 2012: Ajax-> Mostrar Megusta> tono:105238 
Fri Mar 2 12:55:07 BOT 2012: Ajax->Mostrar Nombre Genero:  
Fri Mar 2 12:55:13 BOT 2012: Busqueda Inteligente: resultados >106308
Fri Mar 2 12:57:05 BOT 2012: Check Session > msisdn: 78051600 > Usuario Valido 
Fri Mar 2 12:58:26 BOT 2012: Ajax->Mostrar Ranking:  
Fri Mar 2 12:59:53 BOT 2012: Ajax-> Mostrar Ranking > tono:103129 
Fri Mar 2 13:00:11 BOT 2012: Ajax->Mostrar Comentarios:  
Fri Mar 2 13:02:02 BOT 2012: Ajax->Mostrar Nombre Artista:  
Fri Mar 2 13:16:37 BOT 2012: Busqueda Inteligente: resultados >138518
Fri Mar 2 14:16:52 BOT 2012: Busqueda Inteligente: resultados >110514
Fri Mar 2 14:17:01 BOT 2012: Ajax-> Mostrar Ranking > tono:127898 
Fri Mar 2 14:17:07 BOT 2012: Ajax-> Mostrar Megusta> tono:103553 
Fri Mar 2 14:17:31 BOT 2012: Ajax->Mostrar Comentarios:  
Fri Mar 2 14:18:01 BOT 2012: STATS > BUSQUEDA DE BACKTONE >Tiempo: 0.038867 seg. | registros: 45
Fri Mar 2 14:18:10 BOT 2012: Ajax->Mostrar Megusta:  
Fri Mar 2 14:18:10 BOT 2012: Ajax->Mostrar Ranking:  
Fri Mar 2 14:21:16 BOT 2012: Mostrar Ranking: tono:142230 calificacion: 
Fri Mar 2 14:21:52 BOT 2012: Ajax-> Mostrar  Nombre Genero > tono:104285 
Fri Mar 2 14:21:58 BOT 2012: Ajax->Mostrar Ranking:  
Fri Mar 2 14:22:16 BOT 2012: Ajax->Mostrar Ranking:  
Fri Mar 2 14:22:25 BOT 2012: Ajax-> Mostrar  Nombre Genero > tono:61 
Fri Mar 2 14:22:41 BOT 2012: Actualizar datos del amigo >  msisdn:78884524 ani:76708497  nombre:monica, sql:UPDATE asignados set nombre='monica' where msisdn='78884524' and ani='76708497' limit 1;   
Fri Mar 2 14:22:47 BOT 2012: Asignar backtone escuchado > Asi termino:125516,145927,136248,127424,78,103068,102658,133881,146585,146583,146579,146581,
Fri Mar 2 14:22:50 BOT 2012: ASYNC -> STATS> Tiempo respuesta -0.01876 seg.
Fri Mar 2 14:22:50 BOT 2012: Consulta de precio de reason:3 - msisdn: tono:118744 Async responde:350
 
Fri Mar 2 14:22:50 BOT 2012: Asignar backtone escuchado > Asi termino:104895,104159,145210,104816,109410,104808,104798,257,145207,103014,104033,104815,145205,104894,103541,104896,104162,145209,104161,
Fri Mar 2 14:23:11 BOT 2012: Ajax-> Mostrar Ranking > tono:102795 
Fri Mar 2 14:23:11 BOT 2012: Asignar backtone escuchado > Asi termino:141835,145742,139303,146588,141833,142230,145825,140821,104393,103420,240,109227,105276,131821,141106,127752,135108,127759,104256,104916,
Fri Mar 2 14:23:11 BOT 2012: Ajax->Mostrar Ranking:  
Fri Mar 2 14:24:05 BOT 2012: Ajax->Mostrar Nombre Genero:  
Fri Mar 2 14:24:50 BOT 2012: ASYNC -> STATS> Tiempo respuesta 0.002714 seg.
Fri Mar 2 14:25:02 BOT 2012: Ajax->Mostrar Reproducciones:  
Fri Mar 2 14:26:29 BOT 2012: Ajax-> Mostrar  Nombre Genero > tono:105389 
Fri Mar 2 14:27:23 BOT 2012: ASYNC -> STATS> Tiempo respuesta -0.251957 seg.
Fri Mar 2 14:27:35 BOT 2012: Ajax->Mostrar Ranking:  
Fri Mar 2 14:27:35 BOT 2012: Ajax-> Mostrar  Nombre Genero > tono:103712 
Fri Mar 2 14:27:41 BOT 2012: Ajax->Mostrar Comentarios:  
Fri Mar 2 14:28:23 BOT 2012: Ajax-> Mostrar  Nombre Genero > tono:145225 
Fri Mar 2 14:28:32 BOT 2012: Ajax->Mostrar Nombre Artista:  
Fri Mar 2 14:29:14 BOT 2012: Asignar backtone escuchado > Asi termino:136214,103550,127273,136203,145387,103221,127450,103069,136188,103546,102928,125516,145927,136248,127424,78,103068,102658,133881,146585,
Fri Mar 2 14:30:36 BOT 2012: Ajax->Mostrar Nombre Genero:  
Fri Mar 2 14:30:54 BOT 2012: Consulta de precio de reason:2 - msisdn: tono:105096 Async responde:350
 
Fri Mar 2 14:31:12 BOT 2012: Ajax-> Mostrar  Nombre Genero > tono:103563 
Fri Mar 2 14:32:03 BOT 2012: Ajax-> Mostrar  Nombre Genero > tono:127897 
Fri Mar 2 14:32:48 BOT 2012: Ajax->Eliminando backtone:  > msisdn:78039882 >  tono :105132  
Fri Mar 2 14:33:36 BOT 2012: Ajax-> Mostrar  Nombre Genero > tono:103449 
Fri Mar 2 14:34:12 BOT 2012: Ajax-> Login Usuario msisdn: 76262299  pin: > Validar msisdn
Fri Mar 2 14:34:39 BOT 2012: Ajax-> Mostrar Ranking > tono:135228 
Fri Mar 2 14:34:48 BOT 2012: Ajax->Mostrar Reproducciones:  
Fri Mar 2 14:35:03 BOT 2012: Mostrar Genero: >G&eacute;nero:  <a href='index.php?seccion=playlist&genero=104'>Clasicos</a>
Fri Mar 2 14:36:22 BOT 2012: ASYNC -> STATS> Tiempo respuesta 0.002186 seg.
Fri Mar 2 14:36:58 BOT 2012: Ajax->Mostrar Megusta:  
Fri Mar 2 14:37:10 BOT 2012: Ajax->Mostrar Ranking:  
Fri Mar 2 14:38:47 BOT 2012: Ajax->Mostrar Nombre Artista:  
Fri Mar 2 14:40:04 BOT 2012: Ajax-> Mostrar  Nombre Genero > tono:116500 
Fri Mar 2 14:41:11 BOT 2012: Ajax->Mostrar Megusta:  
Fri Mar 2 14:41:35 BOT 2012: Ajax-> Mostrar Ranking > tono:129233 
Fri Mar 2 14:42:05 BOT 2012: Ajax->Mostrar Nombre Artista:  
Fri Mar 2 14:44:36 BOT 2012: Ajax->Mostrar Nombre Genero:  
Fri Mar 2 14:47:12 BOT 2012: Ajax->Mostrar Comentarios:  
Fri Mar 2 14:47:36 BOT 2012: Ajax->Mostrar Ranking:  
Fri Mar 2 14:47:54 BOT 2012: Ajax->Mostrar Megusta:  
Fri Mar 2 14:48:36 BOT 2012: Ajax->Mostrar Comentarios:  
Fri Mar 2 14:50:19 BOT 2012: Session Start>  session por defecto 
Fri Mar 2 14:51:22 BOT 2012: Ajax->Mostrar Ranking:  
Fri Mar 2 14:51:25 BOT 2012: ASYNC -> STATS> Tiempo respuesta -0.527617 seg.
Fri Mar 2 14:51:25 BOT 2012: Ajax->Mostrar Ranking:  
Fri Mar 2 14:51:28 BOT 2012: Consulta de precio de reason:3 - msisdn: tono:104288 Async responde:350
 
Fri Mar 2 14:51:28 BOT 2012: Consulta de precio de reason:2 - msisdn: tono:138306 Async responde:350
 
Fri Mar 2 14:51:28 BOT 2012: ASYNC -> STATS> Tiempo respuesta -0.016136 seg.
Fri Mar 2 14:53:46 BOT 2012: Busqueda Inteligente: Vallin
Fri Mar 2 14:54:01 BOT 2012: Ajax->Mostrar Nombre Genero:  
Fri Mar 2 14:54:13 BOT 2012: ASYNC -> STATS> Tiempo respuesta 0.004193 seg.
Fri Mar 2 14:56:44 BOT 2012: Ajax->Mostrar Nombre Genero:  
Fri Mar 2 14:57:41 BOT 2012: Ajax->Mostrar Nombre Artista:  
Fri Mar 2 14:59:38 BOT 2012: Ajax->Mostrar Reproducciones:  
Fri Mar 2 15:01:53 BOT 2012: ASYNC -> STATS> Tiempo respuesta 0.0023580000000001 seg.
Fri Mar 2 15:01:56 BOT 2012: ASYNC -> STATS> Tiempo respuesta -0.192076 seg.
Fri Mar 2 15:01:56 BOT 2012: ASYNC -> STATS> Tiempo respuesta 0.011123 seg.
Fri Mar 2 15:03:42 BOT 2012: Ajax->Mostrar Reproducciones:  
Fri Mar 2 15:05:45 BOT 2012: Ajax->Mostrar Nombre Genero:  
Fri Mar 2 15:05:51 BOT 2012: Ajax->Mostrar Imagen Portada:  
Fri Mar 2 15:06:51 BOT 2012: Ajax-> Mostrar  Nombre Artista > tono:116516 
Fri Mar 2 15:07:12 BOT 2012: Ajax->Mostrar Reproducciones:  
Fri Mar 2 15:07:33 BOT 2012: Ajax->Mostrar Imagen Portada:  
Fri Mar 2 15:08:09 BOT 2012: Ajax-> Mostrar  Imagen Portada> Album:Artista:  <a href='index.php?seccion=playlist&autor=453'>Luciano Pavarotti</a>
Fri Mar 2 15:10:18 BOT 2012: STATS > BUSQUEDA DE BACKTONE >Tiempo: 0.685612 seg. | registros: 22
Fri Mar 2 15:13:13 BOT 2012: ASYNC -> STATS> Tiempo respuesta 0.101031 seg.
Fri Mar 2 15:13:13 BOT 2012: ASYNC -> STATS> Tiempo respuesta -0.542712 seg.
Fri Mar 2 15:13:13 BOT 2012: ASYNC -> STATS> Tiempo respuesta -0.254122 seg.
Fri Mar 2 15:13:13 BOT 2012: Asignar backtone escuchado > Asi termino:129899,104088,136630,113047,127441,103872,103817,103429,136632,136633,104554,103816,127417,104560,129234,104553,103430,103451,
Fri Mar 2 15:13:16 BOT 2012: ASYNC -> STATS> Tiempo respuesta -0.005327 seg.
Fri Mar 2 15:14:10 BOT 2012: Mostrar Album: >albumes/BackTonesGoMedia 1.jpg
Fri Mar 2 15:14:13 BOT 2012: Asignar backtone escuchado > Asi termino:104576,105133,102593,102594,102595,102596,102597,102603,103757,110222,104055,104052,103827,103552,104991,135213,135200,127452,127438,434,
Fri Mar 2 15:15:40 BOT 2012: Ajax->Mostrar Megusta:  
Fri Mar 2 15:18:02 BOT 2012: Ajax-> Mostrar  Nombre Genero > tono:103573 
Fri Mar 2 15:18:20 BOT 2012: STATS > BUSQUEDA DE BACKTONE >Tiempo: 0.042815 seg. | registros: 114
Fri Mar 2 15:22:45 BOT 2012: Mostrar Ranking: tono:131040 calificacion: 
Fri Mar 2 15:22:50 BOT 2012: ASYNC -> STATS> Tiempo respuesta 0.965034 seg.
Fri Mar 2 15:22:50 BOT 2012: ASYNC -> STATS> Tiempo respuesta 0.554844 seg.
Fri Mar 2 15:22:53 BOT 2012: ASYNC -> STATS> Tiempo respuesta 0.044884 seg.
Fri Mar 2 15:22:54 BOT 2012: Ajax->Mostrar Nombre Genero:  
Fri Mar 2 15:23:03 BOT 2012: Ajax->Mostrar Nombre Genero:  
Fri Mar 2 15:23:45 BOT 2012: Ajax->Mostrar Imagen Portada:  
Fri Mar 2 15:24:51 BOT 2012: Ajax->Mostrar Reproducciones:  
Fri Mar 2 15:24:51 BOT 2012: Ajax->Mostrar Reproducciones:  
Fri Mar 2 15:24:54 BOT 2012: Ajax->Mostrar Megusta:  
Fri Mar 2 15:24:54 BOT 2012: Ajax->Mostrar Ranking:  
Fri Mar 2 15:24:54 BOT 2012: Ajax->Mostrar Ranking:  
Fri Mar 2 15:26:24 BOT 2012: Ajax-> Mostrar  Imagen Portada> tono:105270 
Fri Mar 2 15:28:33 BOT 2012: Asignar backtone escuchado > Asi termino:114064,114733,135091,109916,139846,135274,104532,381,106237,130053,198,105762,102624,102627,103782,103238,205,103469,102630,107797,
Fri Mar 2 15:28:42 BOT 2012: Ajax->Mostrar Imagen Portada:  
Fri Mar 2 15:30:06 BOT 2012: Ajax-> Mostrar  Imagen Portada> tono:137255 
Fri Mar 2 15:30:19 BOT 2012: Ajax->Mostrar Ranking:  
Fri Mar 2 15:31:07 BOT 2012: ASYNC -> STATS> Tiempo respuesta -0.856973 seg.
Fri Mar 2 15:31:07 BOT 2012: Asignar backtone escuchado > Asi termino:104287,105402,120225,102946,102943,102944,102945,109317,109320,109247,109318,109238,109314,122659,122657,122643,122655,122651,122650,
Fri Mar 2 15:31:07 BOT 2012: Ajax->Mostrar Ranking:  
Fri Mar 2 15:31:07 BOT 2012: ASYNC -> STATS> Tiempo respuesta 0.114498 seg.
Fri Mar 2 15:31:10 BOT 2012: ASYNC -> STATS> Tiempo respuesta -0.004103 seg.
Fri Mar 2 15:31:10 BOT 2012: Ajax->Mostrar Nombre Genero:  
Fri Mar 2 15:31:10 BOT 2012: Ajax->Mostrar Ranking:  
Fri Mar 2 15:31:10 BOT 2012: Ajax->Mostrar Ranking:  
Fri Mar 2 15:31:10 BOT 2012: ASYNC -> STATS> Tiempo respuesta -0.025481 seg.
Fri Mar 2 15:31:19 BOT 2012: ASYNC -> STATS> Tiempo respuesta -0.700833 seg.
Fri Mar 2 15:31:19 BOT 2012: Ajax->Mostrar Comentarios:  
Fri Mar 2 15:31:19 BOT 2012: Ajax->Mostrar Imagen Portada:  
Fri Mar 2 15:31:19 BOT 2012: Session Start>  Chequeo de sesion
Fri Mar 2 15:31:46 BOT 2012: Ajax->Mostrar Reproducciones:  
Fri Mar 2 15:32:07 BOT 2012: Ajax->Mostrar Reproducciones:  
Fri Mar 2 15:32:10 BOT 2012: Ajax->Mostrar Ranking:  
Fri Mar 2 15:33:16 BOT 2012: Ajax-> Mostrar Megusta> tono:104174 
Fri Mar 2 15:33:22 BOT 2012: Ajax-> Mostrar Ranking > tono:137248 
Fri Mar 2 15:33:22 BOT 2012: Ajax-> Mostrar  Nombre Genero > tono:103790 
Fri Mar 2 15:34:28 BOT 2012: Ajax->Mostrar Comentarios:  
Fri Mar 2 15:36:01 BOT 2012: Asignar backtone escuchado > Asi termino:102622,118180,103939,127376,122287,134023,134015,123718,135717,130360,127767,135108,127759,105270,105652,105342,105422,107737,106294,104165,
Fri Mar 2 15:36:52 BOT 2012: ASYNC -> STATS> Tiempo respuesta 0.004123 seg.
Fri Mar 2 15:37:04 BOT 2012: Ajax-> Mostrar Ranking > tono:112453 
Fri Mar 2 15:37:07 BOT 2012: Ajax->Mostrar Ranking:  
Fri Mar 2 15:37:10 BOT 2012: ASYNC -> STATS> Tiempo respuesta 0.014231 seg.
Fri Mar 2 15:37:13 BOT 2012: ASYNC -> STATS> Tiempo respuesta -0.009644 seg.
Fri Mar 2 15:37:13 BOT 2012: ASYNC -> STATS> Tiempo respuesta 0.37854 seg.
Fri Mar 2 15:37:13 BOT 2012: Ajax->Mostrar Nombre Artista:  
Fri Mar 2 15:37:19 BOT 2012: ASYNC -> STATS> Tiempo respuesta 0.343603 seg.
Fri Mar 2 15:37:50 BOT 2012: Ajax->Mostrar Reproducciones:  
Fri Mar 2 15:39:05 BOT 2012: Ajax->Mostrar Megusta:  
Fri Mar 2 15:40:08 BOT 2012: Ajax-> Login Usuario msisdn: 77270638  pin:7323 > Validar msisdn
Fri Mar 2 15:40:20 BOT 2012: Ajax->Mostrar Nombre Artista:  
Fri Mar 2 15:41:23 BOT 2012: Ajax-> Mostrar Megusta> tono:141120 
Fri Mar 2 15:41:50 BOT 2012: ASYNC -> STATS> Tiempo respuesta 0.001884 seg.
Fri Mar 2 15:41:53 BOT 2012: Asignar backtone escuchado > Asi termino:116504,103507,102630,104747,103506,103142,105096,240,104666,102622,118180,103939,127376,122287,134023,134015,123718,135717,130360,127767,
Fri Mar 2 15:42:29 BOT 2012: Ajax->Mostrar Ranking:  
Fri Mar 2 15:42:53 BOT 2012: Ajax->Mostrar Imagen Portada:  
Fri Mar 2 15:43:44 BOT 2012: Ajax->Mostrar Comentarios:  
Fri Mar 2 15:44:32 BOT 2012: Ajax->Mostrar Ranking:  
Fri Mar 2 15:44:50 BOT 2012: Mostrar Cantidad reproducciones: tono:104941 cantidad: 0
Fri Mar 2 15:45:06 BOT 2012: Ajax->Mostrar Nombre Artista:  
Fri Mar 2 15:47:27 BOT 2012: Ajax-> Mostrar  Nombre Artista > tono:103510 
Fri Mar 2 15:48:03 BOT 2012: Ajax-> Mostrar Ranking > tono:126167 
Fri Mar 2 15:48:27 BOT 2012: Ajax->Mostrar Megusta:  
Fri Mar 2 15:48:30 BOT 2012: Ajax-> Mostrar  Nombre Genero > tono:142132 
Fri Mar 2 15:48:48 BOT 2012: Ajax->Mostrar Nombre Genero:  
Fri Mar 2 15:48:51 BOT 2012: Busqueda Inteligente: resultados >105564
Fri Mar 2 15:50:03 BOT 2012: Ajax->Mostrar Nombre Genero:  
Fri Mar 2 15:50:15 BOT 2012: Ajax-> Mostrar Megusta> tono:105096 
Fri Mar 2 15:50:39 BOT 2012: Asignar backtone escuchado > Asi termino:116862,103703,126993,103700,126855,108275,103710,126712,126710,103706,103705,118756,105083,126859,105419,104297,103709,104296,103708,
Fri Mar 2 15:51:12 BOT 2012: Ajax-> Mostrar Ranking > tono:106001 
Fri Mar 2 15:51:15 BOT 2012: ASYNC -> STATS> Tiempo respuesta 0.0015270000000001 seg.
Fri Mar 2 15:52:09 BOT 2012: Mostrar Ranking: tono:103700 calificacion: 
Fri Mar 2 15:53:52 BOT 2012: Ajax-> Mostrar Ranking > tono:135151 
Fri Mar 2 15:54:16 BOT 2012: Ajax-> Mostrar Megusta> tono:103273 
Fri Mar 2 15:54:37 BOT 2012: Ajax-> Mostrar Ranking > tono:106279 
Fri Mar 2 15:54:49 BOT 2012: Ajax->Mostrar Nombre Artista:  
Fri Mar 2 15:55:25 BOT 2012: Error al consultar precio de renovacion - msisdn:76982811 tono:103284 - Async responde -3
Fri Mar 2 15:57:37 BOT 2012: Ajax->Mostrar Nombre Artista:  
Fri Mar 2 15:57:58 BOT 2012: Ajax->Mostrar Nombre Artista:  
Fri Mar 2 15:59:10 BOT 2012: Ajax-> Mostrar Ranking > tono:107775 
Fri Mar 2 16:01:02 BOT 2012: Ajax->Mostrar Megusta:  
Fri Mar 2 16:01:11 BOT 2012: LISTAR_MODO_ROTACION_BACTONES > usuario: 75639191  modo:2 
Fri Mar 2 16:02:20 BOT 2012: MTD_DB_BUSCAR_ARTISTAS > retornando registros:41
Fri Mar 2 16:02:29 BOT 2012: Mostrar Genero: >G&eacute;nero:  <a href='index.php?seccion=playlist&genero=98'>Brasileras</a>
Fri Mar 2 16:06:11 BOT 2012: Ajax->Mostrar Ranking:  
Fri Mar 2 16:06:59 BOT 2012: Ajax->Mostrar Reproducciones:  
Fri Mar 2 16:08:30 BOT 2012: Ajax->Mostrar Ranking:  
Fri Mar 2 16:08:30 BOT 2012: Mostrar Cantidad reproducciones: tono:133736 cantidad: 0
Fri Mar 2 16:08:30 BOT 2012: Ajax->Mostrar Ranking:  
Fri Mar 2 16:09:15 BOT 2012: Ajax->Mostrar Reproducciones:  
Fri Mar 2 16:09:15 BOT 2012: Ajax->Mostrar Megusta:  
Fri Mar 2 16:10:27 BOT 2012: Ajax->Mostrar Megusta:  
Fri Mar 2 16:12:36 BOT 2012: STATS > BUSQUEDA DE BACKTONE >Tiempo: 0.102367 seg. | registros: 114
Fri Mar 2 16:12:51 BOT 2012: ASYNC -> STATS> Tiempo respuesta 0.122418 seg.
Fri Mar 2 16:14:22 BOT 2012: ASYNC -> STATS> Tiempo respuesta -0.467661 seg.
Fri Mar 2 16:14:46 BOT 2012: Ajax-> Mostrar  Nombre Genero > tono:103142 
Fri Mar 2 16:14:46 BOT 2012: Ajax->Mostrar Reproducciones:  
Fri Mar 2 16:17:58 BOT 2012: Ajax->Mostrar Imagen Portada:  
Fri Mar 2 16:20:10 BOT 2012: Ajax->Mostrar Comentarios:  
Fri Mar 2 16:20:10 BOT 2012: Ajax-> Mostrar  Nombre Genero > tono:103465 
Fri Mar 2 16:22:05 BOT 2012: Busqueda Inteligente: selena
Fri Mar 2 16:22:09 BOT 2012: Busqueda Inteligente: resultados >109247
Fri Mar 2 16:23:56 BOT 2012: ASYNC -> STATS> Tiempo respuesta -0.134555 seg.
Fri Mar 2 16:24:14 BOT 2012: ASYNC -> STATS> Tiempo respuesta 0.003273 seg.
Fri Mar 2 16:26:11 BOT 2012: Ajax->Mostrar Nombre Artista:  
Fri Mar 2 16:26:23 BOT 2012: Ajax-> Mostrar  Nombre Genero > tono:322 
Fri Mar 2 16:27:35 BOT 2012: Ajax->Mostrar Nombre Genero:  
Fri Mar 2 16:27:44 BOT 2012: Ajax-> Mostrar  Nombre Genero > tono:130832 
Fri Mar 2 16:28:11 BOT 2012: Ajax->Mostrar Reproducciones:  
Fri Mar 2 16:28:26 BOT 2012: ASYNC -> STATS> Tiempo respuesta 0.87014 seg.
Fri Mar 2 16:28:26 BOT 2012: Consulta de precio de reason:2 - msisdn:77117544 tono:104614 Async responde:350
 
Fri Mar 2 16:28:26 BOT 2012: ASYNC -> STATS> Tiempo respuesta 0.637411 seg.
Fri Mar 2 16:29:24 BOT 2012: Ajax->Actualizar pin usuario >Asignar nuevo pin a msisdn:75454547 
Fri Mar 2 16:30:03 BOT 2012: Ajax-> Mostrar  Imagen Portada> tono:103145 
Fri Mar 2 16:31:06 BOT 2012: Ajax->Mostrar Comentarios:  
Fri Mar 2 16:31:21 BOT 2012: Ajax->Mostrar Reproducciones:  
Fri Mar 2 16:31:21 BOT 2012: Ajax->Mostrar Nombre Artista:  
Fri Mar 2 16:32:03 BOT 2012: Ajax->Mostrar Imagen Portada:  
Fri Mar 2 16:33:15 BOT 2012: Ajax->Mostrar Nombre Genero:  
Fri Mar 2 16:33:45 BOT 2012: Ajax->Mostrar Ranking:  
Fri Mar 2 16:34:03 BOT 2012: Session Start>  Chequeo de sesion
Fri Mar 2 16:34:06 BOT 2012: Ajax->Mostrar Ranking:  
Fri Mar 2 16:34:39 BOT 2012: Ajax->Mostrar Reproducciones:  
Fri Mar 2 16:34:48 BOT 2012: ASYNC -> STATS> Tiempo respuesta 0.003729 seg.
Fri Mar 2 16:34:51 BOT 2012: ASYNC -> STATS> Tiempo respuesta 0.654639 seg.
Fri Mar 2 16:34:51 BOT 2012: ASYNC -> STATS> Tiempo respuesta 0.621856 seg.
Fri Mar 2 16:34:51 BOT 2012: Ajax->Mostrar Megusta:  
Fri Mar 2 16:35:06 BOT 2012: Consulta de precio de reason:3 - msisdn: tono:102702 Async responde:350
 
Fri Mar 2 16:35:06 BOT 2012: ASYNC -> STATS> Tiempo respuesta 0.014405 seg.
Fri Mar 2 16:35:06 BOT 2012: Ajax->Mostrar Ranking:  
Fri Mar 2 16:35:09 BOT 2012: Ajax->Mostrar Megusta:  
Fri Mar 2 16:35:15 BOT 2012: Ajax->Mostrar Nombre Genero:  
Fri Mar 2 16:35:24 BOT 2012: Ajax->Mostrar Nombre Genero:  
Fri Mar 2 16:35:24 BOT 2012: Ajax-> Mostrar Ranking > tono:103276 
Fri Mar 2 16:36:07 BOT 2012: Ajax-> Mostrar  Imagen Portada> tono:144644 
Fri Mar 2 16:36:13 BOT 2012: Asignar backtone escuchado > Asi termino:102704,102745,102702,104875,104874,104873,104872,103209,104331,103207,103961,104337,106234,103203,104448,104449,105391,104927,102689,105049,
Fri Mar 2 16:37:16 BOT 2012: Ajax->Mostrar Megusta:  
Fri Mar 2 16:37:19 BOT 2012: Ajax->Mostrar Nombre Genero:  
Fri Mar 2 16:37:37 BOT 2012: Ajax->Mostrar Nombre Artista:  
Fri Mar 2 16:38:40 BOT 2012: Ajax->Mostrar Comentarios:  
Fri Mar 2 16:38:46 BOT 2012: Busqueda Inteligente: resultados >132082
Fri Mar 2 16:39:28 BOT 2012: ASYNC -> STATS> Tiempo respuesta -0.435485 seg.
Fri Mar 2 16:39:28 BOT 2012: Consulta de precio de reason:3 - msisdn:77973779 tono:105095 Async responde:350
 
Fri Mar 2 16:39:28 BOT 2012: Ajax->Mostrar Reproducciones:  
Fri Mar 2 16:39:31 BOT 2012: Ajax->Mostrar Reproducciones:  
Fri Mar 2 16:40:43 BOT 2012: Ajax-> Mostrar Megusta> tono:104925 
Fri Mar 2 16:41:25 BOT 2012: Ajax-> Comprar Backtone: msisdn: 
Fri Mar 2 16:41:31 BOT 2012: Ajax->Mostrar Reproducciones:  
Fri Mar 2 16:41:43 BOT 2012: ASYNC -> STATS> Tiempo respuesta 0.00229 seg.
Fri Mar 2 16:41:43 BOT 2012: Ajax-> Mostrar Comentarios> tono:128601 
Fri Mar 2 16:42:40 BOT 2012: ASYNC -> STATS> Tiempo respuesta 0.0018980000000001 seg.
Fri Mar 2 16:43:38 BOT 2012: Ajax->Actualizar pin usuario
Fri Mar 2 16:45:20 BOT 2012: Ajax->Mostrar Imagen Portada:  
Fri Mar 2 16:45:38 BOT 2012: Consulta de precio de reason:2 - msisdn:77511114 tono:137283 Async responde:350
 
Fri Mar 2 16:46:29 BOT 2012: Session Start>  Chequeo de sesion
Fri Mar 2 16:46:32 BOT 2012: Ajax->Mostrar Nombre Genero:  
Fri Mar 2 16:48:05 BOT 2012: Check Session > msisdn: 76369341 > Usuario Valido 
Fri Mar 2 16:48:59 BOT 2012: Ajax-> Mostrar  Imagen Portada> tono:126857 
Fri Mar 2 16:49:41 BOT 2012: Ajax->Mostrar Nombre Genero:  
Fri Mar 2 16:53:21 BOT 2012: Asignar backtone escuchado > Asi termino:143738,142632,139303,106382,142225,145741,146588,142220,146585,142168,145857,146587,143744,141833,142273,142166,139723,140825,140823,146583,
Fri Mar 2 16:53:27 BOT 2012: ASYNC -> STATS> Tiempo respuesta -0.124411 seg.
Fri Mar 2 16:53:27 BOT 2012: ASYNC -> STATS> Tiempo respuesta 0.319688 seg.
Fri Mar 2 18:09:54 BOT 2012: Ajax->Mostrar Imagen Portada:  
Fri Mar 2 18:10:06 BOT 2012: Ajax->Mostrar Ranking:  
Fri Mar 2 18:11:03 BOT 2012: Ajax->Mostrar Ranking:  
Fri Mar 2 18:11:03 BOT 2012: Ajax->Mostrar Reproducciones:  
Fri Mar 2 18:12:18 BOT 2012: Ajax-> Mostrar Ranking > tono:139967 
Fri Mar 2 18:13:12 BOT 2012: WEB_REPRODUCIR_BUSQUEDA > Se recibieron:4 tonos
Fri Mar 2 18:14:39 BOT 2012: Ajax-> Mostrar Ranking > tono:127855 
Fri Mar 2 18:15:58 BOT 2012: Ajax->Mostrar Ranking:  
Fri Mar 2 18:16:13 BOT 2012: Ajax-> Mostrar Ranking > tono:103451 
Fri Mar 2 18:16:13 BOT 2012: Ajax->Mostrar Reproducciones:  
Fri Mar 2 18:18:07 BOT 2012: ASYNC -> STATS> Tiempo respuesta -0.594079 seg.
Fri Mar 2 18:21:52 BOT 2012: ASYNC -> STATS> Tiempo respuesta -0.081673 seg.
Fri Mar 2 18:22:19 BOT 2012: Ajax->Mostrar Ranking:  
Fri Mar 2 18:31:09 BOT 2012: Ajax->Mostrar Nombre Artista:  
Fri Mar 2 18:32:09 BOT 2012: Consulta de precio de reason:2 - msisdn: tono:307 Async responde:350
 
Fri Mar 2 18:35:54 BOT 2012: Ajax->Mostrar Reproducciones:  
Fri Mar 2 18:36:15 BOT 2012: Busqueda Inteligente: resultados >104425
Fri Mar 2 18:36:15 BOT 2012: Asignar backtone escuchado > Asi termino:104305,130808,123010,104532,105275,105276,109322,246,109246,240,124243,128237,145223,103328,102622,146557,130,105312,132090,521,
Fri Mar 2 18:37:18 BOT 2012: Check Session > msisdn: 76999860 > Usuario Valido 
Fri Mar 2 18:37:21 BOT 2012: Ajax->Mostrar Comentarios:  
Fri Mar 2 18:37:33 BOT 2012: Ajax->Mostrar Comentarios:  
Fri Mar 2 18:39:52 BOT 2012: Ajax-> Mostrar Ranking > tono:104256 
Fri Mar 2 18:41:43 BOT 2012: Ajax->Mostrar Comentarios:  
Fri Mar 2 18:42:13 BOT 2012: Ajax->Mostrar Imagen Portada:  
Fri Mar 2 18:42:37 BOT 2012: Consulta de precio de reason:2 - msisdn:75639442 tono:73 Async responde:350
 
Fri Mar 2 18:42:43 BOT 2012: Asignar backtone escuchado > Asi termino:104256,108595,108594,167,155,122285,120958,105520,105522,105521,105276,133770,133768,131623,133769,104348,104284,120942,105540,
Fri Mar 2 18:42:46 BOT 2012: Ajax->Mostrar Reproducciones:  
Fri Mar 2 18:43:43 BOT 2012: Asignar backtone escuchado > Asi termino:145152,133881,105234,125516,103661,103495,135042,135072,73,103658,135057,135085,135089,137970,137086,104518,103489,104517,127256,135066,
Fri Mar 2 18:45:07 BOT 2012: ASYNC -> STATS> Tiempo respuesta 0.0032000000000001 seg.
Fri Mar 2 18:45:16 BOT 2012: ASYNC -> STATS> Tiempo respuesta 0.002979 seg.
Fri Mar 2 18:45:16 BOT 2012: ASYNC -> STATS> Tiempo respuesta -0.068035 seg.
Fri Mar 2 18:45:40 BOT 2012: Ajax->Mostrar Megusta:  
Fri Mar 2 18:46:02 BOT 2012: Session Start>  session por defecto 
Fri Mar 2 18:46:05 BOT 2012: Ajax->Mostrar Imagen Portada:  
Fri Mar 2 18:46:32 BOT 2012: Asignar backtone escuchado > Asi termino:103546,127424,129417,135958,145927,136229,103176,136188,129201,102659,103184,136216,136248,129435,53,78,145390,129218,103299,102928,
Fri Mar 2 18:47:17 BOT 2012: Ajax-> Mostrar Ranking > tono:136043 
Fri Mar 2 18:50:02 BOT 2012: Consulta de precio de reason:3 - msisdn: tono:127904 Async responde:350
 
Fri Mar 2 18:50:17 BOT 2012: Ajax->Mostrar Ranking:  
Fri Mar 2 18:51:34 BOT 2012: Ajax-> Mostrar Ranking > tono:240 
Fri Mar 2 18:52:28 BOT 2012: Ajax-> Mostrar  Nombre Artista > tono:107747 
Fri Mar 2 18:53:42 BOT 2012: Ajax->Mostrar Comentarios:  
Fri Mar 2 18:56:26 BOT 2012: Ajax->Mostrar Megusta:  
Fri Mar 2 18:56:29 BOT 2012: Consulta de precio de reason:2 - msisdn: tono:120946 Async responde:350
 
Fri Mar 2 18:56:32 BOT 2012: Ajax->Mostrar Comentarios:  
Fri Mar 2 18:56:32 BOT 2012: Ajax->Mostrar Ranking:  
Fri Mar 2 18:56:32 BOT 2012: Ajax->Mostrar Reproducciones:  
Fri Mar 2 18:56:32 BOT 2012: Asignar backtone escuchado > Asi termino:109227,107567,103420,103476,103478,103475,103793,276,509,140821,142527,
Fri Mar 2 18:56:41 BOT 2012: Ajax->Mostrar Reproducciones:  
Fri Mar 2 18:56:41 BOT 2012: Ajax->Mostrar Megusta:  
Fri Mar 2 18:56:41 BOT 2012: Ajax->Mostrar Megusta:  
Fri Mar 2 18:56:41 BOT 2012: Ajax->Mostrar Nombre Genero:  
Fri Mar 2 18:56:50 BOT 2012: Ajax->Mostrar Nombre Artista:  
Fri Mar 2 18:57:20 BOT 2012: Busqueda Inteligente: 
Fri Mar 2 18:58:14 BOT 2012: ASYNC -> STATS> Tiempo respuesta 0.003556 seg.
Fri Mar 2 18:58:20 BOT 2012: Ajax->Mostrar Comentarios:  
Fri Mar 2 19:00:02 BOT 2012: Ajax-> Mostrar  Nombre Genero > tono:142220 
Fri Mar 2 19:00:56 BOT 2012: Ajax-> Mostrar Comentarios> tono:141833 
Fri Mar 2 19:01:05 BOT 2012: Ajax-> Mostrar  Nombre Artista > tono:103469 
Fri Mar 2 19:02:15 BOT 2012: Ajax->Mostrar Comentarios:  
Fri Mar 2 19:02:51 BOT 2012: ASYNC -> STATS> Tiempo respuesta -0.737603 seg.
Fri Mar 2 19:07:54 BOT 2012: Ajax-> Mostrar  Nombre Artista > tono:104300 
Fri Mar 2 19:10:07 BOT 2012: Ajax->Mostrar Imagen Portada:  
Fri Mar 2 19:11:07 BOT 2012: Ajax->Mostrar Nombre Artista:  
Fri Mar 2 19:13:43 BOT 2012: Ajax->Mostrar Nombre Artista:  
Fri Mar 2 19:13:49 BOT 2012: Ajax->Mostrar Ranking:  
Fri Mar 2 19:14:25 BOT 2012: WEB REPROD BUSQ > Facebook link: http%3A%2F%2Fbacktones.tigo.com.bo%2Fv3%2Findex.php%3Fseccion%3Dplaylist%26search%3Dnatalino+y+es+por+eso%26f%3D1%26t%3D123213
Fri Mar 2 19:16:14 BOT 2012: Ajax->Mostrar Ranking:  
Fri Mar 2 19:17:53 BOT 2012: Ajax->Mostrar Imagen Portada:  
Fri Mar 2 19:17:59 BOT 2012: ASYNC -> STATS> Tiempo respuesta 0.002172 seg.
Fri Mar 2 19:26:48 BOT 2012: Ajax-> Mostrar  Nombre Genero > tono:103420 
Fri Mar 2 19:29:27 BOT 2012: Ajax->Mostrar Ranking:  
Fri Mar 2 19:30:00 BOT 2012: WEB REPROD BUSQ > Facebook link: http%3A%2F%2Fbacktones.tigo.com.bo%2Fv3%2Findex.php%3Fseccion%3Dplaylist%26genero%3D130%26f%3D1%26t%3D123123
Fri Mar 2 19:35:04 BOT 2012: MTD_DB_BUSCAR_ARTISTAS > retornando registros:73
Fri Mar 2 19:37:10 BOT 2012: STATS > BUSQUEDA DE BACKTONE >Tiempo: 0.190752 seg. | registros: 1
Fri Mar 2 19:37:22 BOT 2012: Consulta de precio de reason:10 - msisdn: tono:103423 Async responde:350
 
Fri Mar 2 19:45:14 BOT 2012: Ajax-> Mostrar  Imagen Portada> tono:435 
Fri Mar 2 20:01:10 BOT 2012: Ajax->Mostrar Ranking:  
Fri Mar 2 20:04:23 BOT 2012: Ajax->Mostrar Nombre Genero:  
Fri Mar 2 20:07:56 BOT 2012: ASYNC -> STATS> Tiempo respuesta 0.07852 seg.
Fri Mar 2 20:07:59 BOT 2012: Ajax->Mostrar Ranking:  
Fri Mar 2 20:08:57 BOT 2012: Ajax->Mostrar Megusta:  
Fri Mar 2 20:09:36 BOT 2012: ASYNC -> STATS> Tiempo respuesta -0.203413 seg.
Fri Mar 2 20:09:42 BOT 2012: Ajax->Mostrar Reproducciones:  
Fri Mar 2 20:11:06 BOT 2012: Ajax->Mostrar Reproducciones:  
Fri Mar 2 20:11:24 BOT 2012: Ajax->Mostrar Comentarios:  
Fri Mar 2 20:11:30 BOT 2012: Ajax-> Mostrar  Nombre Artista > tono:104666 
Fri Mar 2 20:11:36 BOT 2012: Ajax->Mostrar Ranking:  
Fri Mar 2 20:11:36 BOT 2012: Ajax->Mostrar Imagen Portada:  
Fri Mar 2 20:13:48 BOT 2012: Ajax->Mostrar Nombre Artista:  
Fri Mar 2 20:15:12 BOT 2012: Ajax-> Mostrar Comentarios> tono:272 
Fri Mar 2 20:15:39 BOT 2012: Busqueda Inteligente: resultados >140073
Fri Mar 2 20:16:06 BOT 2012: Ajax-> Mostrar  Nombre Artista > tono:124971 
Fri Mar 2 20:17:22 BOT 2012: Check Session > msisdn: 77905513 > Usuario Valido 
Fri Mar 2 20:19:50 BOT 2012: Asignar backtone escuchado > Asi termino:124971,112704,105420,109415,109414,
Fri Mar 2 20:19:56 BOT 2012: Ajax-> Mostrar Ranking > tono:105420 
Fri Mar 2 20:20:05 BOT 2012: Ajax->Mostrar Ranking:  
Fri Mar 2 20:21:20 BOT 2012: Ajax->Mostrar Reproducciones:  
Fri Mar 2 20:21:29 BOT 2012: ASYNC -> STATS> Tiempo respuesta 0.00382 seg.
Fri Mar 2 20:21:44 BOT 2012: Ajax-> Mostrar Ranking > tono:103793 
Fri Mar 2 20:21:44 BOT 2012: Ajax->Mostrar Reproducciones:  
Fri Mar 2 20:22:05 BOT 2012: Ajax->Mostrar Ranking:  
Fri Mar 2 20:22:11 BOT 2012: ASYNC -> STATS> Tiempo respuesta -0.211822 seg.
Fri Mar 2 20:22:14 BOT 2012: Ajax->Mostrar Ranking:  
Fri Mar 2 20:23:44 BOT 2012: Ajax->Mostrar Reproducciones:  
Fri Mar 2 20:25:35 BOT 2012: ASYNC -> STATS> Tiempo respuesta 0.017564 seg.
Fri Mar 2 20:26:42 BOT 2012: STATS > BUSQUEDA DE BACKTONE >Tiempo: -0.910664 seg. | registros: 114
Fri Mar 2 20:27:57 BOT 2012: Ajax->Mostrar Nombre Genero:  
Fri Mar 2 20:28:24 BOT 2012: ASYNC -> STATS> Tiempo respuesta -0.114453 seg.
Fri Mar 2 20:28:57 BOT 2012: ASYNC -> STATS> Tiempo respuesta 0.246001 seg.
Fri Mar 2 20:34:19 BOT 2012: Ajax->Mostrar Nombre Artista:  
Fri Mar 2 20:34:31 BOT 2012: Ajax-> Mostrar  Imagen Portada> tono:145741 
Fri Mar 2 20:35:58 BOT 2012: Ajax->Mostrar Reproducciones:  
Fri Mar 2 20:36:04 BOT 2012: Busqueda Inteligente: resultados >140017
Fri Mar 2 20:37:58 BOT 2012: Consulta de precio de reason:3 - msisdn:76211508 tono:132454 Async responde:50
 
Fri Mar 2 20:37:58 BOT 2012: ASYNC -> STATS> Tiempo respuesta -0.457145 seg.
Fri Mar 2 20:38:37 BOT 2012: Check Session > msisdn: 78542948 > Usuario Valido 
Fri Mar 2 20:42:38 BOT 2012: Ajax->Mostrar Nombre Artista:  
Fri Mar 2 20:42:59 BOT 2012: Ajax-> Mostrar Megusta> tono:105284 
Fri Mar 2 20:42:59 BOT 2012: ASYNC -> STATS> Tiempo respuesta 0.004282 seg.
Fri Mar 2 21:13:40 BOT 2012: Ajax-> Mostrar Megusta> tono:103521 
Fri Mar 2 21:15:22 BOT 2012: Ajax-> Mostrar  Imagen Portada> Album:Artista:  <a href='index.php?seccion=playlist&autor=763'>Thalia</a>
Fri Mar 2 21:17:11 BOT 2012: Busqueda Inteligente: resultados >118744
Fri Mar 2 21:18:20 BOT 2012: Ajax->Mostrar Nombre Artista:  
Fri Mar 2 21:19:17 BOT 2012: Ajax-> Mostrar Ranking > tono:109414 
Fri Mar 2 21:20:29 BOT 2012: Ajax->Mostrar Ranking:  
Fri Mar 2 21:20:35 BOT 2012: WEB_REPRODUCIR_BUSQUEDA > Se recibieron:107 tonos
Fri Mar 2 21:21:44 BOT 2012: Ajax-> Mostrar Ranking > tono:112704 
Fri Mar 2 21:22:32 BOT 2012: Ajax-> Mostrar Comentarios> tono:146575 
Fri Mar 2 21:24:57 BOT 2012: Busqueda Inteligente: resultados >105833
Fri Mar 2 21:28:03 BOT 2012: Ajax->Mostrar Nombre Artista:  
Fri Mar 2 21:29:21 BOT 2012: Ajax->Mostrar Reproducciones:  
Fri Mar 2 21:30:42 BOT 2012: Ajax->Mostrar Megusta:  
Fri Mar 2 21:31:07 BOT 2012: Busqueda Inteligente: Los Brons
Fri Mar 2 21:31:25 BOT 2012: Ajax->Mostrar Megusta:  
Fri Mar 2 21:31:40 BOT 2012: Ajax-> Mostrar Megusta> tono:123538 
Fri Mar 2 21:32:01 BOT 2012: Ajax-> Mostrar  Nombre Genero > tono:123513 
Fri Mar 2 21:32:55 BOT 2012: ASYNC -> STATS> Tiempo respuesta -0.068754 seg.
Fri Mar 2 21:33:07 BOT 2012: Ajax-> Mostrar Ranking > tono:131808 
Fri Mar 2 21:35:28 BOT 2012: Ajax->Mostrar Imagen Portada:  
Fri Mar 2 21:38:11 BOT 2012: Ajax-> Mostrar Ranking > tono:131808 
Fri Mar 2 21:38:32 BOT 2012: Mostrar Cantidad reproducciones: tono:360 cantidad: 0
Fri Mar 2 21:40:08 BOT 2012: Error al consultar precio de renovacion - msisdn: tono:116469 - Async responde -3
Fri Mar 2 21:42:08 BOT 2012: Ajax->Mostrar Ranking:  
Fri Mar 2 21:42:20 BOT 2012: Ajax-> Mostrar Comentarios> tono:105036 
Fri Mar 2 21:43:44 BOT 2012: Busqueda Inteligente: resultados >102790
Fri Mar 2 21:44:08 BOT 2012: ASYNC -> STATS> Tiempo respuesta 0.576545 seg.
Fri Mar 2 21:46:00 BOT 2012: Consulta de precio de reason:5 - msisdn: tono:513 Async responde:350
 
Fri Mar 2 21:47:03 BOT 2012: Ajax-> Mostrar Ranking > tono:102764 
Fri Mar 2 21:47:48 BOT 2012: Ajax->Mostrar Nombre Artista:  
Fri Mar 2 21:47:57 BOT 2012: Ajax-> Mostrar Comentarios> tono:104812 
Fri Mar 2 21:48:36 BOT 2012: Ajax->Mostrar Nombre Artista:  
Fri Mar 2 21:49:24 BOT 2012: Ajax->Mostrar Comentarios:  
Fri Mar 2 21:49:36 BOT 2012: Ajax->Mostrar Reproducciones:  
Fri Mar 2 21:50:51 BOT 2012: Ajax-> Mostrar Comentarios> tono:104032 
Fri Mar 2 21:52:25 BOT 2012: Ajax->Mostrar Ranking:  
Fri Mar 2 21:52:40 BOT 2012: ASYNC -> STATS> Tiempo respuesta -0.506847 seg.
Fri Mar 2 21:52:58 BOT 2012: Ajax->Mostrar Comentarios:  
Fri Mar 2 21:53:52 BOT 2012: Ajax-> Mostrar  Nombre Artista > tono:104507 
Fri Mar 2 22:00:17 BOT 2012: Ajax->Mostrar Reproducciones:  
Fri Mar 2 22:02:41 BOT 2012: Ajax-> Mostrar Ranking > tono:139846 
Fri Mar 2 22:10:09 BOT 2012: Asignar backtone escuchado > Asi termino:131036,127757,127759,140823,146583,146576,137882,146575,106380,131812,142230,140821,105096,145676,103545,127295,125516,103821,103480,105036,
Fri Mar 2 22:10:15 BOT 2012: ASYNC -> STATS> Tiempo respuesta -0.194292 seg.
Fri Mar 2 22:10:33 BOT 2012: Consulta de precio de reason:5 - msisdn: tono:103827 Async responde:350
 
Fri Mar 2 22:10:42 BOT 2012: MTD_DB_BUSCAR_ARTISTAS > retornando registros:16
Fri Mar 2 22:15:22 BOT 2012: Ajax-> Mostrar Ranking > tono:102882 
Fri Mar 2 22:16:43 BOT 2012: Busqueda Inteligente: resultados >104027
Fri Mar 2 22:17:04 BOT 2012: ASYNC -> STATS> Tiempo respuesta -0.27766 seg.
Fri Mar 2 22:17:04 BOT 2012: ASYNC -> STATS> Tiempo respuesta -0.344397 seg.
Fri Mar 2 22:17:04 BOT 2012: Ajax->Mostrar Ranking:  
Fri Mar 2 22:18:31 BOT 2012: Ajax-> Mostrar Comentarios> tono:141881 
Fri Mar 2 22:18:31 BOT 2012: Asignar backtone escuchado > Asi termino:105856,125517,126144,126175,126167,104294,104215,102881,102773,102882,131760,126489,102883,103683,105075,125735,129268,105760,103134,105767,
Fri Mar 2 22:19:28 BOT 2012: Busqueda Inteligente: resultados >138554
Fri Mar 2 22:20:28 BOT 2012: Ajax->Mostrar Ranking:  
Fri Mar 2 22:20:28 BOT 2012: Mostrar Cantidad reproducciones: tono:104736 cantidad: 0
Fri Mar 2 22:22:13 BOT 2012: Asignar backtone escuchado > Asi termino:105059,103119,105082,104736,103227,104024,105856,125517,126144,126175,126167,104294,104215,102881,102773,102882,131760,126489,102883,103683,
Fri Mar 2 22:23:44 BOT 2012: ASYNC -> STATS> Tiempo respuesta -0.180739 seg.
Fri Mar 2 22:27:29 BOT 2012: STATS > BUSQUEDA DE BACKTONE >Tiempo: 0.036652 seg. | registros: 57
Fri Mar 2 22:28:41 BOT 2012: Ajax->Mostrar Ranking:  
Fri Mar 2 22:28:44 BOT 2012: Ajax->Mostrar Reproducciones:  
Fri Mar 2 22:30:12 BOT 2012: Ajax->Mostrar Reproducciones:  
Fri Mar 2 22:31:06 BOT 2012: STATS > BUSQUEDA DE BACKTONE >Tiempo: 0.032019 seg. | registros: 73
Fri Mar 2 22:31:06 BOT 2012: Ajax->Mostrar Megusta:  
Fri Mar 2 22:32:15 BOT 2012: Ajax-> Mostrar  Imagen Portada> tono:104408 
Fri Mar 2 22:32:30 BOT 2012: Ajax-> Mostrar  Imagen Portada> tono:140782 
Fri Mar 2 22:32:48 BOT 2012: Ajax->Mostrar Megusta:  
Fri Mar 2 22:33:06 BOT 2012: Ajax-> Mostrar  Nombre Genero > tono:102672 
Fri Mar 2 22:33:15 BOT 2012: Ajax-> Mostrar Ranking > tono:202 
Fri Mar 2 22:33:27 BOT 2012: Consulta de precio de reason:10 - msisdn: tono:102673 Async responde:350
 
Fri Mar 2 22:33:45 BOT 2012: Ajax->Mostrar Imagen Portada:  
Fri Mar 2 22:33:45 BOT 2012: Ajax->Mostrar Comentarios:  
Fri Mar 2 22:35:03 BOT 2012: MTD_DB_BUSCAR_ARTISTAS > retornando registros:1
Fri Mar 2 22:35:09 BOT 2012: Busqueda Inteligente: resultados >106286
Fri Mar 2 22:36:03 BOT 2012: Ajax-> Mostrar Ranking > tono:144149 
Fri Mar 2 22:36:48 BOT 2012: Check Session > msisdn: 76981478 > Usuario Valido 
Fri Mar 2 22:37:22 BOT 2012: Asignar backtone escuchado > Asi termino:103402,110097,130832,468,131642,
Fri Mar 2 22:37:58 BOT 2012: ASYNC -> STATS> Tiempo respuesta -0.032755 seg.
Fri Mar 2 22:40:22 BOT 2012: Ajax-> Login Usuario msisdn: 76661611  pin:7949 > Validar msisdn
Fri Mar 2 22:41:10 BOT 2012: Error al consultar precio de renovacion - msisdn: tono:105408 - Async responde -3
Fri Mar 2 22:41:13 BOT 2012: ASYNC -> STATS> Tiempo respuesta 0.525343 seg.
Fri Mar 2 22:41:43 BOT 2012: Mostrar Comentarios : tono:106385 
Fri Mar 2 22:41:46 BOT 2012: ASYNC -> STATS> Tiempo respuesta 0.001772 seg.
Fri Mar 2 22:41:58 BOT 2012: Asignar backtone escuchado > Asi termino:113047,103430,
Fri Mar 2 22:42:07 BOT 2012: ASYNC -> STATS> Tiempo respuesta -0.248541 seg.
Fri Mar 2 22:42:07 BOT 2012: Ajax->Mostrar Ranking:  
Fri Mar 2 22:42:13 BOT 2012: Ajax->Mostrar Ranking:  
Fri Mar 2 22:42:16 BOT 2012: ASYNC -> STATS> Tiempo respuesta 0.0095460000000001 seg.
Fri Mar 2 22:42:37 BOT 2012: Consulta de precio de reason:2 - msisdn: tono:135225 Async responde:350
 
Fri Mar 2 22:42:43 BOT 2012: ASYNC -> STATS> Tiempo respuesta 0.009772 seg.
Fri Mar 2 22:42:46 BOT 2012: Asignar backtone escuchado > Asi termino:127894,105865,109966,109963,376,104904,109964,104273,296,145220,509,104991,102622,104394,104747,104582,103279,105242,104787,103822,
Fri Mar 2 22:42:49 BOT 2012: Ajax->Mostrar Ranking:  
Fri Mar 2 22:44:26 BOT 2012: ASYNC -> STATS> Tiempo respuesta 0.001988 seg.
Fri Mar 2 22:46:17 BOT 2012: Ajax-> Mostrar  Imagen Portada> tono:102881 
Fri Mar 2 22:47:02 BOT 2012: Ajax-> popup_listar_amigos: msisdn: 
Fri Mar 2 22:47:17 BOT 2012: Ajax->Mostrar Ranking:  
Fri Mar 2 22:47:32 BOT 2012: Consulta de precio de reason:3 - msisdn: tono:126100 Async responde:350
 
Fri Mar 2 22:48:17 BOT 2012: Busqueda Inteligente: Rihanna
Fri Mar 2 22:48:47 BOT 2012: Ajax-> Mostrar  Nombre Genero > tono:103458 
Fri Mar 2 22:52:33 BOT 2012: ASYNC -> STATS> Tiempo respuesta -0.065253 seg.
Fri Mar 2 22:52:36 BOT 2012: Consulta de precio de reason:2 - msisdn: tono:102610 Async responde:350
 
Fri Mar 2 22:52:36 BOT 2012: ASYNC -> STATS> Tiempo respuesta -0.164315 seg.
Fri Mar 2 23:03:43 BOT 2012: Ajax-> Mostrar  Nombre Artista > tono:104606 
Fri Mar 2 23:04:10 BOT 2012: Ajax->Mostrar Reproducciones:  
Fri Mar 2 23:04:22 BOT 2012: ASYNC -> STATS> Tiempo respuesta 0.002329 seg.
Fri Mar 2 23:07:44 BOT 2012: Ajax->Mostrar Comentarios:  
Fri Mar 2 23:08:02 BOT 2012: Ajax->Mostrar Nombre Genero:  
Fri Mar 2 23:11:15 BOT 2012: Ajax->Mostrar Nombre Artista:  
Fri Mar 2 23:13:51 BOT 2012: Busqueda Inteligente: resultados >115947
Fri Mar 2 23:15:45 BOT 2012: Ajax->Mostrar Ranking:  
Fri Mar 2 23:17:00 BOT 2012: Busqueda Inteligente: resultados >103016
Fri Mar 2 23:19:51 BOT 2012: Ajax->Mostrar Megusta:  
Fri Mar 2 23:20:33 BOT 2012: Ajax->Mostrar Comentarios:  
Fri Mar 2 23:22:10 BOT 2012: Ajax-> Mostrar  Imagen Portada> tono:118724 
Fri Mar 2 23:25:22 BOT 2012: Busqueda Inteligente: resultados >102645
Fri Mar 2 23:26:59 BOT 2012: Ajax-> Mostrar  Nombre Artista > tono:102674 
Fri Mar 2 23:31:18 BOT 2012: Ajax->Mostrar Nombre Artista:  
Fri Mar 2 23:31:21 BOT 2012: Busqueda Inteligente: alexi y fido contstame el celu
Fri Mar 2 23:32:33 BOT 2012: Ajax-> Mostrar  Nombre Artista > tono:124243 
Fri Mar 2 23:34:18 BOT 2012: Asignar backtone escuchado > Asi termino:137233,137242,137238,137243,137231,137237,137235,137240,137229,126736,124041,109730,131819,105644,104837,
Fri Mar 2 23:36:10 BOT 2012: ASYNC -> STATS> Tiempo respuesta 0.002301 seg.
Fri Mar 2 23:38:55 BOT 2012: Busqueda Inteligente: 
Fri Mar 2 23:40:58 BOT 2012: Ajax->Mostrar Nombre Artista:  
Fri Mar 2 23:42:10 BOT 2012: WEB REPROD BUSQ > Facebook link: http%3A%2F%2Fbacktones.tigo.com.bo%2Fv3%2Findex.php%3Fseccion%3Dplaylist%26search%3Dshakira+tu%26f%3D1%26t%3D123213
Fri Mar 2 23:49:08 BOT 2012: ASYNC -> STATS> Tiempo respuesta 0.003833 seg.
Fri Mar 2 23:53:57 BOT 2012: Ajax->Mostrar Reproducciones:  
Fri Mar 2 23:54:18 BOT 2012: Ajax->Mostrar Reproducciones:  
Fri Mar 2 23:56:57 BOT 2012: Ajax->Mostrar Comentarios:  
Fri Mar 2 23:58:55 BOT 2012: Session Start>  Chequeo de sesion
