Tue Apr 10 1:15:50 BOT 2012: Busqueda Inteligente: resultados >105640
Tue Apr 10 15:35:10 BOT 2012: Ajax->Mostrar Imagen Portada:  
Tue Apr 10 15:35:58 BOT 2012: ASYNC -> STATS> Tiempo respuesta -0.170758 seg.
Tue Apr 10 15:35:58 BOT 2012: ASYNC -> STATS> Tiempo respuesta -0.213417 seg.
Tue Apr 10 15:36:01 BOT 2012: Ajax->Mostrar Megusta:  
Tue Apr 10 15:36:01 BOT 2012: Asignar backtone escuchado > Asi termino:103238,103314,103089,199,103274,102630,104180,257,140825,140823,137882,146575,131812,142230,140821,
Tue Apr 10 15:36:01 BOT 2012: Ajax->Mostrar Megusta:  
Tue Apr 10 15:36:04 BOT 2012: ASYNC -> STATS> Tiempo respuesta -0.251052 seg.
Tue Apr 10 15:36:04 BOT 2012: ASYNC -> STATS> Tiempo respuesta -0.016809 seg.
Tue Apr 10 15:37:04 BOT 2012: Ajax-> Mostrar  Nombre Artista > tono:102959 
Tue Apr 10 15:37:40 BOT 2012: Ajax->Mostrar Reproducciones:  
Tue Apr 10 15:40:20 BOT 2012: Ajax->Mostrar Imagen Portada:  
Tue Apr 10 15:40:53 BOT 2012: Ajax-> Mostrar Ranking > tono:107582 
Tue Apr 10 15:41:44 BOT 2012: Session Start>  Chequeo de sesion
Tue Apr 10 15:46:42 BOT 2012: Ajax->Mostrar Reproducciones:  
Tue Apr 10 15:48:36 BOT 2012: Ajax-> Mostrar Comentarios> tono:104073 
Tue Apr 10 19:57:58 BOT 2012: Ajax-> Mostrar  Nombre Genero > tono:129675 
Tue Apr 10 19:58:04 BOT 2012: Ajax-> Mostrar  Nombre Artista > tono:103032 
Tue Apr 10 19:58:26 BOT 2012: Ajax->Mostrar Imagen Portada:  
Tue Apr 10 20:00:08 BOT 2012: Ajax-> Mostrar Ranking > tono:102886 
Tue Apr 10 20:00:35 BOT 2012: Ajax->Mostrar Imagen Portada:  
Tue Apr 10 20:01:05 BOT 2012: Asignar backtone escuchado > Asi termino:103232,103082,118180,103940,103939,
Tue Apr 10 20:01:32 BOT 2012: Ajax-> Mostrar Ranking > tono:109608 
Tue Apr 10 20:02:11 BOT 2012: Busqueda Inteligente: Resultado 
 103521; Gol de Vieira Blooming 2 a Oriente 3;Vieira;FANATIGO
104837;Blood On The Dance Floor;Michael Jackson;Michael Jackson
133695;Bloody Mary;Lady Gaga;Pop
105415;Blooming 1 a 0 Bolivar Primera Final;Vieira;Blooming
104629;Blooming 1 a Nac Potosi 0;Carlos Castilla;Blooming
113024;Blooming 1 Tigre 0;Hernan Boyero;Goles
113032;Blooming 1 Wilsterman 0;Hernan Sillero;Goles
104628;Blooming 2 a Nac Potosi 0 CA 2009 F12;Carlos Castilla;Blooming
113034;Blooming 2 La Paz 0;Jose Alfredo Castillo;Goles
113030;Blooming 2 Tigre 0;Hernan Sillero;Goles
102548;Blooming barra brava;Aldo Penha;Blooming
105605;Blooming Barra Brava(final);Aldo Penha;Blooming
102992;Blooming1 contra 0oriente;Joselito Vaca;Blooming
102779;Blooming1 contra 0Wilsterman;Vieira;Blooming
102718;Blooming1 contra Olimpia;Luis Carlos;Blooming
102767;Blooming1contra Olimpia;Alejandro Gomez;Blooming
102993;Blooming2 contra 0oriente;Alejandro Gomez;Blooming
102780;Blooming2 contra 0Wilsterman;Sabja;Blooming
102717;Blooming2 contra Olimpia;Anderson Gonzaga;Blooming
147462;Bloominista;Go Media;Chistes
144856;Bolivia Azul y Amarilloo;Tigo;Carnaval de Oruro
139303;Cancion Pato Para Blooming;Version Solumovil;Blooming
139335;Curva de Blooming;Version Solumovil;Futbol
139339;Es Para Voj Hincha de Blooming;Version Solumovil;Futbol
105421;FINAL Gol de Blooming 1 a Bolivar;Roger -Sucha- Suarez;Blooming
105833;Gol Blooming Castillo a Oriente;Jose Alfredo Castillo;FANATIGO
103518;Gol de Aguirre Oriente 2 a Blooming 0;Aguirre;Futbol
103520;Gol de Aguirre Oriente 3 a Blooming 1;Aguirre;Futbol
104270;Gol de Alejandro Gomez Blooming 1 a Oriente Petrolero 0;Radio Noticia la Red;Blooming
104083;Gol de Alejandro Gomez Blooming 1 vs Oriente 0;Alejandro Gomez;Blooming
103048;Gol de Blooming 1 a Real Mamore 1;Carlos Saucedo;Blooming
103049;Gol de Blooming 2 a Real Mamore 1;Carlos Saucedo;Blooming
103369;Gol de Boyero Blooming 1 a La Paz Futbol Club 0;Boyero;Blooming
105249;Gol de Boyero Blooming 1 a Wiltermann 1 CC 2009 F10;Equipos Futbol;Blooming
103375;Gol de Boyero Blooming 2 a Aurora 0;Boyero;Blooming
127924;Gol de Boyero Blooming 2 a Oriente P 1;Radio Noticia la Red;Goles
105250;Gol de Boyero Blooming 2 a Wiltermann 1- Radio Noticia la Red CC 2009 F10;Equipos Futbol;Blooming
103372;Gol de Boyero Blooming 4 a La Paz Futbol Club 0;Sabja;Blooming
103370;Gol de Carlos Saucedo Blooming 2 a La Paz Futbol Club 0;Carlos Saucedo;Blooming
103621;Gol de Carlos Saucedo Blooming 2 a Oriente 1;Radio Noticia la Red;Blooming
103731;Gol de Erland Alvarez La Paz Futbol Club 1 a Blooming 2;Erland Alvarez;FANATIGO
105251;Gol de Gabriel Rios Wiltermann 1 a Blooming 0 CC 2009 F10;Equipos Futbol;FANATIGO
103619;Gol de Grabowski Oriente 1 a Blooming 0;Radio Noticia la Red;FANATIGO
103373;Gol de Gualberto Mojica Blooming 5 a La Paz Futbol Club 0;Gualberto Mojica;Blooming
103313;Gol de Javier Lopez La Paz Futbol Club 2 a Blooming 1;Javier Lopez;FANATIGO
103517;Gol de Jhasmani Campos Oriente 1 a Blooming 0;Campos;FANATIGO
103312;Gol de Joselito Vaca Blooming 1 a LaPaz 1;Joselito Vaca;Blooming
103730;Gol de Joselo Nomey (en Contra) Blooming 2 a La Paz Futbol Club 0;Joselo Nomey;Blooming
103047;Gol de Real Mamore 1 a Blooming 0;Uriona;FANATIGO
103050;Gol de Real Mamore 2 a Blooming 2;Derlys Paredes;FANATIGO
103311;Gol de Regis de Souza La Paz Futbol Club 1 a Blooming 0;Regis de Souza;FANATIGO
103729;Gol de Ricardo Verduguez Blooming 1 a La Paz Futbol Club 0;Ricardo Verduguez;Blooming
104271;Gol de Sabja Bloooming 2 a Oriente Petrolero 0;Radio Noticia la Red;FANATIGO
103519;Gol de Saucedo Blooming 1 a Oriente 2;Carlos Saucedo;FANATIGO
103374;Gol de Schiapparelli Blooming 1 a Aurora 0;Schiapparelli;Blooming
103620;Gol de Vieira Blooming 1 a Oriente 1;Radio Noticia la Red;Blooming
103371;Gol de Vieira Blooming 3 a La Paz Futbol Club 0;Vieira;Blooming
103522;Gol de Vieira Blooming 3 a Oriente 3;Vieira;Blooming
115946;Good Looking;Don Omar;Reggaeton
139345;Hola Papa Blooming;Version Solumovil;Futbol
103221;If you want blood you got it;ACDC;Rock
103496;Look Up;Mark Webb;Electronicas
138866;Lookin For A Good Time;Lady Antebellum;Pop
138883;Lookin For A Good Time;Lady Antebellum;Pop
105402;Looking for paradise;Alejandro Sanz feat. Alicia Keys;Pop
147920;Looking Good;opratel;Reggaeton
138864;Loves Lookin Good On You;Lady Antebellum;Pop
138875;Loves Lookin Good On You;Lady Antebellum;Pop
124055;On the floor;Jennifer Lopez;Pop
114604;Oriente 1 Blooming 0;Oriente;FANATIGO
102719;Oriente 1 vs 0 Blooming;Carvalho;FANATIGO
102720;Oriente 2 vs 0 Blooming;Rolando Rea;FANATIGO
133671;Screaming Bloody Murder;Sum 41;Pop
105316;Semifinal 09 Blooming 1 Oriente 0;Akerman;Futbol
128414;Ven a Bailar_On The Floor;Jennifer Lopez;Pop
273;Viva blooming;Los cambitas;Futbol
105606;Viva blooming (coro);Los cambitas;Futbol
105607;Viva Blooming (Instrumental);Los Cartageneros;Blooming
104756;Waterloo;Elect Retro;Pop
102617;When You Look Me In The Eyes; Jonas Brothers;Pop
105391;Aullido de Lobo;Mob Effects;Sonidos
104526;Hombre Lobo;Wazzup;Sonidos
102741;africano loco;Mbarete;Sonidos
142168;Bicho Loco;Go Media;Chistes
144802;Diablos locos;Tigo;Carnaval de Oruro
104056;Dibujito Loco;Version Opratel;Sonidos
103342;dos locos;Aventura;Cumbia
125090;Dos Locos;La Kchorra;Cumbia
104006;El Loco;Azul azul;AZUL AZUL
104797;Este Loco Que Te Mira;Marc Anthony;Marc Anthony
103584;FiestaDeLocos;Calle13;Reggaeton
303;Loco;Covertone;Latinas
144117;Loco ;Duende;Rock
141022;Loco ;Teenangels;Pop
112470;Loco Bridge;Dyland Lenny;Reggaeton
105650;Loco loquisimo;Andy Aguilera;Latinas
103526;Loco loquito;Mayonesa;Salsa y Merengue
102665;Loco por ti;Los Temerarios;Latinas
145239;Loco Por Ti;Rumberos;Reggaeton
104035;Loco Si He Sabido Amor_;Alejandro Fernandez;Latinas
104823;LOCO TU FORMA DE SER;Covertone;FANATIGO
102833;loco un poco; 
Tue Apr 10 20:03:20 BOT 2012: Ajax->Mostrar Ranking:  
Tue Apr 10 20:03:50 BOT 2012: Mostrar Album: >Artista:  <a href='index.php?seccion=playlist&autor=1344'>Tali y Messiah Opratel</a>
Tue Apr 10 20:03:59 BOT 2012: Ajax->Mostrar Comentarios:  
Tue Apr 10 20:03:59 BOT 2012: Ajax-> Mostrar Ranking > tono:105005 
Tue Apr 10 20:04:14 BOT 2012: Check Session > msisdn: 77213936 > Usuario Valido 
Tue Apr 10 20:05:03 BOT 2012: Ajax-> Mostrar Megusta> tono:107755 
Tue Apr 10 20:42:08 BOT 2012: Busqueda Inteligente: resultados >106294
Tue Apr 10 20:43:39 BOT 2012: Ajax-> Mostrar Ranking > tono:106288 
Tue Apr 10 20:44:15 BOT 2012: Ajax->Mostrar Nombre Artista:  
Tue Apr 10 20:45:18 BOT 2012: Ajax->Mostrar Nombre Genero:  
Tue Apr 10 20:45:54 BOT 2012: Ajax->Mostrar Imagen Portada:  
Tue Apr 10 20:46:45 BOT 2012: Consulta de precio de reason:10 - msisdn: tono:106286 Async responde:350
 
Tue Apr 10 20:47:03 BOT 2012: Ajax->Mostrar Comentarios:  
Tue Apr 10 20:48:49 BOT 2012: Ajax-> Mostrar Megusta> tono:103521 
Tue Apr 10 20:49:25 BOT 2012: ASYNC -> STATS> Tiempo respuesta -0.403427 seg.
Tue Apr 10 20:51:34 BOT 2012: Ajax->Mostrar Comentarios:  
Tue Apr 10 20:53:37 BOT 2012: Ajax-> Mostrar Ranking > tono:137263 
Tue Apr 10 20:53:46 BOT 2012: Ajax->Mostrar Nombre Artista:  
Tue Apr 10 20:53:55 BOT 2012: Ajax->Mostrar Reproducciones:  
Tue Apr 10 20:53:59 BOT 2012: Ajax->Mostrar Nombre Artista:  
Tue Apr 10 20:54:08 BOT 2012: Ajax-> Mostrar  Imagen Portada> tono:561 
Tue Apr 10 20:55:41 BOT 2012: ASYNC -> STATS> Tiempo respuesta 0.001661 seg.
Tue Apr 10 20:55:56 BOT 2012: Session Start>  session por defecto 
Tue Apr 10 20:57:02 BOT 2012: Asignar backtone escuchado > Asi termino:103233,516,103083,104379,515,103232,103082,118180,103940,103939,103328,102622,105260,145235,110108,103736,112466,104324,104125,104124,
Tue Apr 10 20:57:29 BOT 2012: Ajax-> Mostrar  Nombre Artista > tono:102828 
Tue Apr 10 20:59:23 BOT 2012: Session Start>  session por defecto 
Tue Apr 10 20:59:35 BOT 2012: ASYNC -> STATS> Tiempo respuesta 0.0016309999999999 seg.
Tue Apr 10 21:00:35 BOT 2012: Ajax->Mostrar Megusta:  
Tue Apr 10 21:01:05 BOT 2012: Ajax-> Mostrar  Nombre Genero > tono:123010 
Tue Apr 10 21:02:09 BOT 2012: Mostrar Album: >albumes/timbaland shock value.jpg
Tue Apr 10 21:02:18 BOT 2012: Ajax->Mostrar Imagen Portada:  
Tue Apr 10 21:03:06 BOT 2012: Asignar backtone escuchado > Asi termino:146557,146559,146242,131001,138311,123010,104532,135097,109916,135054,147097,127260,127291,103487,135078,142624,142628,142622,103247,
Tue Apr 10 21:03:51 BOT 2012: Ajax->Mostrar Ranking:  
Tue Apr 10 21:04:21 BOT 2012: Ajax->Mostrar Reproducciones:  
Tue Apr 10 21:04:24 BOT 2012: Asignar backtone escuchado > Asi termino:119848,119842,119853,119855,119850,105363,105373,105383,105380,105381,105368,105371,105376,105379,105365,105377,105370,133736,57,
Tue Apr 10 21:05:03 BOT 2012: ASYNC -> STATS> Tiempo respuesta 0.189543 seg.
Tue Apr 10 21:05:39 BOT 2012: Ajax->Mostrar Reproducciones:  
Tue Apr 10 21:06:39 BOT 2012: Mostrar Ranking: tono:147195 calificacion: 
Tue Apr 10 21:08:49 BOT 2012: WEB_REPRODUCIR_BUSQUEDA > Se recibieron:114 tonos
Tue Apr 10 21:09:22 BOT 2012: Ajax-> Mostrar  Nombre Genero > tono:127767 
Tue Apr 10 21:10:34 BOT 2012: Ajax-> Mostrar  Nombre Artista > tono:108557 
