Tue Nov 6 0:17:02 BOT 2012: Session Start>  session por defecto 
Tue Nov 6 1:10:08 BOT 2012: Ajax->Mostrar Comentarios:  
Tue Nov 6 1:40:49 BOT 2012: session-default => asignando por default session
Tue Nov 6 1:44:55 BOT 2012: Session Start>  session por defecto 
Tue Nov 6 2:18:18 BOT 2012: Busqueda Inteligente: ser recibieron 92 resultados
Tue Nov 6 8:07:15 BOT 2012: Ajax->Mostrar Imagen Portada:  
Tue Nov 6 8:18:38 BOT 2012: ASYNC -> STATS> Tiempo respuesta -5.0999999999968E-05 seg.
Tue Nov 6 8:18:41 BOT 2012: ASYNC -> STATS> Tiempo respuesta -0.010401 seg.
Tue Nov 6 8:18:44 BOT 2012: Ajax->Mostrar Reproducciones:  
Tue Nov 6 8:24:12 BOT 2012: Mostrar Ranking: tono:104981 calificacion: 
Tue Nov 6 8:27:03 BOT 2012: Ajax->Mostrar Nombre Genero:  
Tue Nov 6 8:27:24 BOT 2012: Ajax-> Mostrar Megusta> tono:121497 
Tue Nov 6 8:30:52 BOT 2012: Consulta de precio de reason:2 - msisdn: tono:123008 Async responde:50
 
Tue Nov 6 8:35:23 BOT 2012: Ajax->Mostrar Reproducciones:  
Tue Nov 6 8:36:47 BOT 2012: Session Start>  Chequeo de sesion
Tue Nov 6 8:36:56 BOT 2012: Session Start>  session por defecto 
Tue Nov 6 8:39:11 BOT 2012: ASYNC -> STATS> Tiempo respuesta 0.659369 seg.
Tue Nov 6 8:39:20 BOT 2012: Ajax->Mostrar Comentarios:  
Tue Nov 6 8:39:29 BOT 2012: Error al consultar precio de renovacion - msisdn: tono:155354 - Async responde -3
Tue Nov 6 8:40:35 BOT 2012: ASYNC -> STATS> Tiempo respuesta 0.0019169999999999 seg.
Tue Nov 6 8:40:42 BOT 2012: Ajax->Mostrar Ranking:  
Tue Nov 6 8:42:09 BOT 2012: ASYNC -> STATS> Tiempo respuesta 0.003547 seg.
Tue Nov 6 8:42:33 BOT 2012: ASYNC -> STATS> Tiempo respuesta -0.494542 seg.
Tue Nov 6 8:44:45 BOT 2012: Ajax->Mostrar Nombre Artista:  
Tue Nov 6 8:51:01 BOT 2012: Ajax->Mostrar Comentarios:  
Tue Nov 6 8:54:59 BOT 2012: Ajax-> Comprar Backtone: msisdn:75958004 
Tue Nov 6 9:17:40 BOT 2012: Ajax->Mostrar Ranking:  
Tue Nov 6 9:21:20 BOT 2012: Ajax->Mostrar Nombre Genero:  
Tue Nov 6 9:22:59 BOT 2012: ASYNC -> STATS> Tiempo respuesta 0.003198 seg.
Tue Nov 6 9:23:38 BOT 2012: ASYNC -> STATS> Tiempo respuesta 0.004253 seg.
Tue Nov 6 9:24:17 BOT 2012: Ajax-> Mostrar Megusta> tono:103719 
Tue Nov 6 9:24:20 BOT 2012: Ajax->Mostrar Megusta:  
Tue Nov 6 9:24:53 BOT 2012: Ajax->Mostrar Megusta:  
Tue Nov 6 9:25:23 BOT 2012: Session Start>  session por defecto 
Tue Nov 6 9:25:44 BOT 2012: Ajax-> Mostrar Megusta> tono:102778 
Tue Nov 6 9:27:57 BOT 2012: Ajax->Mostrar Reproducciones:  
Tue Nov 6 9:30:48 BOT 2012: Ajax->Mostrar Megusta:  
Tue Nov 6 9:34:10 BOT 2012: Ajax->Mostrar Ranking:  
Tue Nov 6 9:39:20 BOT 2012: Check Session > msisdn: 77744100 > Usuario Valido 
Tue Nov 6 9:40:29 BOT 2012: Ajax->Mostrar Nombre Artista:  
Tue Nov 6 9:42:56 BOT 2012: Ajax-> Comprar Backtone: msisdn:76462741 
Tue Nov 6 9:43:41 BOT 2012: Ajax-> Mostrar Comentarios> tono:132095 
Tue Nov 6 9:50:18 BOT 2012: Ajax->Mostrar Nombre Artista:  
Tue Nov 6 9:50:42 BOT 2012: Ajax->Mostrar Reproducciones:  
Tue Nov 6 9:52:16 BOT 2012: Ajax->Mostrar Nombre Genero:  
Tue Nov 6 9:58:29 BOT 2012: Mostrar Cantidad reproducciones: tono:123008 cantidad: 0
Tue Nov 6 9:58:53 BOT 2012: Ajax->Mostrar Ranking:  
Tue Nov 6 9:59:05 BOT 2012: Ajax->Mostrar Nombre Artista:  
Tue Nov 6 9:59:08 BOT 2012: Ajax-> Mostrar Ranking > tono:103546 
Tue Nov 6 10:02:57 BOT 2012: ASYNC -> STATS> Tiempo respuesta 0.005574 seg.
Tue Nov 6 10:03:15 BOT 2012: ASYNC -> STATS> Tiempo respuesta 0.012215 seg.
Tue Nov 6 10:09:31 BOT 2012: ASYNC -> STATS> Tiempo respuesta 0.003214 seg.
Tue Nov 6 10:09:34 BOT 2012: Ajax->Mostrar Imagen Portada:  
Tue Nov 6 10:09:55 BOT 2012: ASYNC -> STATS> Tiempo respuesta 0.136486 seg.
Tue Nov 6 10:09:58 BOT 2012: Consulta de precio de reason:2 - msisdn:77490154 tono:102998 Async responde:350
 
Tue Nov 6 10:10:13 BOT 2012: Session Start>  session por defecto 
Tue Nov 6 10:11:13 BOT 2012: Mostrar Album: >albumes/album-default.jpg
Tue Nov 6 10:12:13 BOT 2012: Ajax-> Mostrar Ranking > tono:422 
Tue Nov 6 10:14:38 BOT 2012: Ajax->Mostrar Megusta:  
Tue Nov 6 10:15:41 BOT 2012: Ajax->Mostrar Imagen Portada:  
Tue Nov 6 10:21:27 BOT 2012: Ajax->Mostrar Comentarios:  
Tue Nov 6 10:25:31 BOT 2012: ASYNC -> STATS> Tiempo respuesta -0.19164 seg.
Tue Nov 6 10:28:49 BOT 2012: Ajax-> Mostrar Ranking > tono:103374 
Tue Nov 6 10:33:32 BOT 2012: ASYNC -> STATS> Tiempo respuesta -0.25231 seg.
Tue Nov 6 10:36:41 BOT 2012: Ajax->Mostrar Megusta:  
Tue Nov 6 10:50:02 BOT 2012: Ajax-> Mostrar Megusta> tono:130808 
Tue Nov 6 10:51:02 BOT 2012: ASYNC -> STATS> Tiempo respuesta 0.267954 seg.
Tue Nov 6 10:55:30 BOT 2012: Consulta de precio de reason:2 - msisdn:77966427 tono:126098 Async responde:350
 
Tue Nov 6 10:55:36 BOT 2012: Ajax-> Mostrar  Nombre Genero > tono:126169 
Tue Nov 6 10:58:03 BOT 2012: Ajax->Mostrar Reproducciones:  
Tue Nov 6 10:58:45 BOT 2012: Mostrar Album: >Artista:  <a href='index.php?seccion=playlist&autor=387'>kiss</a>
Tue Nov 6 11:02:22 BOT 2012: ASYNC -> STATS> Tiempo respuesta 0.030344 seg.
Tue Nov 6 11:02:28 BOT 2012: ASYNC -> STATS> Tiempo respuesta -0.079297 seg.
Tue Nov 6 11:02:49 BOT 2012: Check Session > msisdn: 77966427 > Usuario Valido 
Tue Nov 6 11:03:49 BOT 2012: Ajax-> Mostrar Ranking > tono:62 
Tue Nov 6 11:05:58 BOT 2012: Busqueda Inteligente: resultados >130806
Tue Nov 6 11:06:19 BOT 2012: Ajax->Mostrar Nombre Genero:  
Tue Nov 6 11:07:53 BOT 2012: ASYNC -> STATS> Tiempo respuesta 0.006081 seg.
Tue Nov 6 11:07:56 BOT 2012: Ajax-> Mostrar Comentarios> tono:135057 
Tue Nov 6 11:08:50 BOT 2012: Ajax-> Mostrar  Nombre Genero > tono:109414 
Tue Nov 6 11:09:02 BOT 2012: Ajax->Mostrar Ranking:  
Tue Nov 6 11:09:08 BOT 2012: Ajax->Mostrar Comentarios:  
Tue Nov 6 11:09:35 BOT 2012: Asignar backtone escuchado > Asi termino:104248,104249,104147,102741,103685,104523,104133,103533,104447,104547,104507,104522,104508,141881,
Tue Nov 6 11:11:02 BOT 2012: STATS > BUSQUEDA DE BACKTONE >Tiempo: 0.087277 seg. | registros: 1
Tue Nov 6 11:14:57 BOT 2012: Ajax-> Mostrar Ranking > tono:246 
Tue Nov 6 11:15:09 BOT 2012: ASYNC -> STATS> Tiempo respuesta 0.340201 seg.
Tue Nov 6 11:16:09 BOT 2012: ASYNC -> STATS> Tiempo respuesta 0.0033529999999999 seg.
Tue Nov 6 11:22:25 BOT 2012: Ajax->Mostrar Reproducciones:  
Tue Nov 6 11:24:01 BOT 2012: Ajax-> Mostrar Ranking > tono:103939 
Tue Nov 6 11:24:01 BOT 2012: Asignar backtone escuchado > Asi termino:103867,103866,142912,103876,143088,143085,142914,103868,103884,103724,103721,103722,321,142916,103875,103860,103718,103859,103716,
Tue Nov 6 11:24:10 BOT 2012: ASYNC -> STATS> Tiempo respuesta 0.005377 seg.
Tue Nov 6 11:25:38 BOT 2012: Check Session > msisdn: 76716873 > Usuario Valido 
Tue Nov 6 11:25:47 BOT 2012: Mostrar Album: >albumes/Sony-Michel_Telo-Bara_Bara_Bere_Bere-Pop.jpg
Tue Nov 6 11:28:35 BOT 2012: ASYNC -> STATS> Tiempo respuesta -0.289684 seg.
Tue Nov 6 11:28:38 BOT 2012: Consulta de precio de reason:10 - msisdn: tono:131760 Async responde:350
 
Tue Nov 6 11:30:26 BOT 2012: Mostrar Ranking: tono:131760 calificacion: 5
Tue Nov 6 11:31:39 BOT 2012: Asignar backtone escuchado > Asi termino:155502,104886,61,150274,150270,155818,155078,147352,127765,157852,148116,155504,131764,131767,140783,133698,109414,135057,130814,139727,
Tue Nov 6 11:33:09 BOT 2012: Ajax->Mostrar Ranking:  
Tue Nov 6 11:34:12 BOT 2012: Consulta de precio de reason:2 - msisdn:77613426 tono:126152 Async responde:350
 
Tue Nov 6 11:38:07 BOT 2012: Asignar backtone escuchado > Asi termino:133736,105236,105760,105758,103274,126154,126152,133434,442,102882,131760,129234,104353,102883,
Tue Nov 6 11:38:10 BOT 2012: Ajax-> Mostrar Ranking > tono:155412 
Tue Nov 6 11:39:55 BOT 2012: Session Start>  Chequeo de sesion
Tue Nov 6 11:40:07 BOT 2012: Busqueda Inteligente: resultados >105855
Tue Nov 6 11:40:55 BOT 2012: Asignar backtone escuchado > Asi termino:155504,127759,
Tue Nov 6 11:41:28 BOT 2012: Ajax-> Mostrar Ranking > tono:104301 
Tue Nov 6 11:42:16 BOT 2012: Busqueda Inteligente: Kidda
Tue Nov 6 11:43:44 BOT 2012: Busqueda Inteligente: Thalia
Tue Nov 6 11:44:50 BOT 2012: Ajax-> Mostrar Ranking > tono:572 
Tue Nov 6 11:45:20 BOT 2012: Asignar backtone escuchado > Asi termino:103460,103459,127447,150036,150032,148116,104179,103352,104794,128604,104466,104471,103712,141880,141881,149592,155334,110373,113602,103328,
Tue Nov 6 11:48:51 BOT 2012: Ajax->Mostrar Megusta:  
Tue Nov 6 11:50:15 BOT 2012: Busqueda Inteligente: resultados >106351
Tue Nov 6 11:51:12 BOT 2012: Session Start>  session por defecto 
Tue Nov 6 11:55:52 BOT 2012: Busqueda Inteligente: resultados >138481
Tue Nov 6 12:00:04 BOT 2012: Ajax-> Mostrar  Imagen Portada> tono:104208 
Tue Nov 6 12:01:38 BOT 2012: ASYNC -> STATS> Tiempo respuesta -0.050557 seg.
Tue Nov 6 12:02:29 BOT 2012: Busqueda Inteligente: resultados >105533
Tue Nov 6 12:12:43 BOT 2012: Ajax->Mostrar Megusta:  
Tue Nov 6 12:19:44 BOT 2012: DB_LISTAR_TONOS> Se econtraron 12 resultados con estos ID:137851,142148,137852,142154,137853,142152,137855,142150,137859,142156,137861,142147, 
Tue Nov 6 12:19:59 BOT 2012: Ajax->Mostrar Reproducciones:  
Tue Nov 6 12:19:59 BOT 2012: Ajax->Mostrar Nombre Artista:  
Tue Nov 6 12:20:17 BOT 2012: Busqueda Inteligente: resultados >108518
Tue Nov 6 12:23:14 BOT 2012: Ajax-> Mostrar  Genero > G&eacute;nero:  <a href='index.php?seccion=playlist&genero=179'>Promoción Te Matamos de Risa</a>
Tue Nov 6 12:23:32 BOT 2012: Ajax->Mostrar Reproducciones:  
Tue Nov 6 12:23:41 BOT 2012: Ajax-> Comprar Backtone: msisdn:75428889 
Tue Nov 6 12:25:12 BOT 2012: Ajax->Mostrar Reproducciones:  
Tue Nov 6 12:25:48 BOT 2012: Session Start>  session por defecto 
Tue Nov 6 12:26:48 BOT 2012: Busqueda Inteligente: resultados >110712
Tue Nov 6 12:26:48 BOT 2012: Ajax->Mostrar Nombre Artista:  
Tue Nov 6 12:27:42 BOT 2012: Busqueda Inteligente: resultados >102639
Tue Nov 6 12:27:48 BOT 2012: Ajax-> Mostrar  Nombre Genero > tono:135078 
Tue Nov 6 12:28:12 BOT 2012: Ajax-> Mostrar Ranking > tono:104943 
Tue Nov 6 12:28:21 BOT 2012: Ajax->Mostrar Ranking:  
Tue Nov 6 12:28:21 BOT 2012: Busqueda Inteligente: 
Tue Nov 6 12:28:21 BOT 2012: Busqueda Inteligente: resultados >133706
Tue Nov 6 12:28:30 BOT 2012: Ajax->Mostrar Reproducciones:  
Tue Nov 6 12:30:55 BOT 2012: Ajax-> Mostrar Megusta> tono:152222 
Tue Nov 6 12:32:01 BOT 2012: Ajax->Mostrar Imagen Portada:  
Tue Nov 6 12:33:01 BOT 2012: Busqueda Inteligente: resultados >140025
Tue Nov 6 12:34:46 BOT 2012: ASYNC -> STATS> Tiempo respuesta 0.00206 seg.
Tue Nov 6 12:35:43 BOT 2012: Ajax->Mostrar Imagen Portada:  
Tue Nov 6 12:37:47 BOT 2012: Ajax-> Mostrar Comentarios> tono:103462 
Tue Nov 6 12:40:11 BOT 2012: Ajax->Mostrar Ranking:  
Tue Nov 6 12:40:38 BOT 2012: Ajax-> Mostrar Megusta> tono:135069 
Tue Nov 6 12:42:42 BOT 2012: Ajax->Mostrar Nombre Artista:  
Tue Nov 6 12:43:15 BOT 2012: Busqueda Inteligente: resultados >110376
Tue Nov 6 12:44:54 BOT 2012: ASYNC -> STATS> Tiempo respuesta 0.0030699999999999 seg.
Tue Nov 6 12:48:07 BOT 2012: Ajax->Mostrar Megusta:  
Tue Nov 6 12:49:40 BOT 2012: STATS > BUSQUEDA DE BACKTONE >Tiempo: -0.396686 seg. | registros: 104
Tue Nov 6 12:52:37 BOT 2012: Ajax-> Mostrar  Nombre Artista > tono:137261 
Tue Nov 6 12:53:04 BOT 2012: Consulta de precio de reason:3 - msisdn: tono:118734 Async responde:350
 
Tue Nov 6 12:53:10 BOT 2012: Ajax->Mostrar Nombre Genero:  
Tue Nov 6 12:53:13 BOT 2012: Ajax-> Mostrar Comentarios> tono:155368 
Tue Nov 6 12:54:59 BOT 2012: Ajax->Mostrar Megusta:  
Tue Nov 6 12:56:20 BOT 2012: Ajax-> Mostrar Ranking > tono:130814 
Tue Nov 6 12:57:26 BOT 2012: ASYNC -> STATS> Tiempo respuesta 0.0047119999999999 seg.
Tue Nov 6 13:02:39 BOT 2012: Ajax->Mostrar Comentarios:  
Tue Nov 6 13:04:39 BOT 2012: Busqueda Inteligente: 
Tue Nov 6 13:04:45 BOT 2012: ASYNC -> STATS> Tiempo respuesta 0.86321 seg.
Tue Nov 6 13:04:48 BOT 2012: ASYNC -> STATS> Tiempo respuesta 0.673126 seg.
Tue Nov 6 13:04:51 BOT 2012: ASYNC -> STATS> Tiempo respuesta 0.00090599999999996 seg.
Tue Nov 6 13:04:57 BOT 2012: ASYNC -> STATS> Tiempo respuesta 0.6007 seg.
Tue Nov 6 13:06:31 BOT 2012: Ajax->Mostrar Megusta:  
Tue Nov 6 13:07:22 BOT 2012: Ajax->Mostrar Comentarios:  
Tue Nov 6 13:08:22 BOT 2012: ASYNC -> STATS> Tiempo respuesta -0.00388 seg.
Tue Nov 6 13:08:28 BOT 2012: Busqueda Inteligente: 
Tue Nov 6 13:10:01 BOT 2012: ASYNC -> STATS> Tiempo respuesta 0.005724 seg.
Tue Nov 6 13:10:07 BOT 2012: ASYNC -> STATS> Tiempo respuesta -0.026872 seg.
Tue Nov 6 13:10:10 BOT 2012: ASYNC -> STATS> Tiempo respuesta 0.006673 seg.
Tue Nov 6 13:14:35 BOT 2012: Ajax-> Mostrar Ranking > tono:156792 
Tue Nov 6 13:14:59 BOT 2012: DB_LISTAR_TONOS> Se econtraron 114 resultados con estos ID:102610,102621,106286,106288,106289,106290,106294,106295,103748,105422,108557,136251,126476,131819,103745,103062,144646,141266,124025,136258,127904,126857,126470,150302,105342,62,126095,103187,106281,66,102623,140980,103103,133699,492,104350,127275,104957,126855,104285,104749,102756,126471,155154,126495,102757,155264,108558,104958,23,104280,137281,151286,155270,155268,155262,155260,133696,105985,147768,127278,132078,155166,152472,103935,104959,104960,104744,157818,150292,103683,106284,105347,152482,104348,133681,103828,104852,104841,145294,144672,150260,103250,137286,137285,145180,144650,127892,548,145915,108561,104961,103936,127289,150312,131830,104283,493,126473,104837,133695,133770,144660,133725,105841,126209,104671,150232,105343,133777,133776,128413,103937,133402, 
Tue Nov 6 13:15:05 BOT 2012: Busqueda Inteligente: resultados >106068
Tue Nov 6 13:16:41 BOT 2012: ASYNC -> STATS> Tiempo respuesta 0.930713 seg.
Tue Nov 6 13:16:44 BOT 2012: Ajax->Mostrar Ranking:  
Tue Nov 6 13:18:54 BOT 2012: Ajax->Mostrar Nombre Artista:  
Tue Nov 6 13:20:30 BOT 2012: Mostrar Comentarios : tono:53 
Tue Nov 6 13:21:03 BOT 2012: Ajax-> Mostrar Comentarios> tono:145901 
Tue Nov 6 13:21:09 BOT 2012: Busqueda Inteligente: resultados >103329
Tue Nov 6 13:22:30 BOT 2012: ASYNC -> STATS> Tiempo respuesta 0.103106 seg.
Tue Nov 6 13:23:22 BOT 2012: WEB_REPRODUCIR_BUSQUEDA > Se recibieron:59 tonos
Tue Nov 6 13:24:46 BOT 2012: Session Start>  session por defecto 
Tue Nov 6 13:26:22 BOT 2012: Asignar backtone escuchado > Asi termino:102761,594,125,104356,103998,104744,104991,104254,128429,128438,128599,128427,104253,51,154234,157090,126857,103420,103480,
Tue Nov 6 13:29:53 BOT 2012: Consulta de precio de reason:2 - msisdn: tono:104437 Async responde:350
 
Tue Nov 6 13:30:29 BOT 2012: Ajax-> Mostrar  Imagen Portada> tono:102827 
Tue Nov 6 13:30:59 BOT 2012: Ajax->Mostrar Nombre Artista:  
Tue Nov 6 13:31:05 BOT 2012: Busqueda Inteligente: resultados >144110
Tue Nov 6 13:35:27 BOT 2012: ASYNC -> STATS> Tiempo respuesta 0.005558 seg.
Tue Nov 6 13:35:54 BOT 2012: ASYNC -> STATS> Tiempo respuesta -0.34048 seg.
Tue Nov 6 13:36:18 BOT 2012: Ajax->Mostrar Reproducciones:  
Tue Nov 6 13:36:24 BOT 2012: Ajax->Mostrar Imagen Portada:  
Tue Nov 6 13:47:14 BOT 2012: Session Start>  session por defecto 
Tue Nov 6 13:47:23 BOT 2012: ASYNC -> STATS> Tiempo respuesta -0.32296 seg.
Tue Nov 6 13:47:23 BOT 2012: Asignar backtone escuchado > Asi termino:104253,
Tue Nov 6 13:48:05 BOT 2012: Session Start>  session por defecto 
Tue Nov 6 13:52:54 BOT 2012: Ajax->Mostrar Reproducciones:  
Tue Nov 6 13:52:57 BOT 2012: Session Start>  session por defecto 
Tue Nov 6 14:03:59 BOT 2012: Session Start>  session por defecto 
Tue Nov 6 14:04:53 BOT 2012: ASYNC -> STATS> Tiempo respuesta -0.463049 seg.
Tue Nov 6 14:04:56 BOT 2012: ASYNC -> STATS> Tiempo respuesta -0.006046 seg.
Tue Nov 6 14:15:06 BOT 2012: Ajax->Mostrar Nombre Artista:  
Tue Nov 6 14:16:10 BOT 2012: Consulta de precio de reason:2 - msisdn: tono:105420 Async responde:350
 
Tue Nov 6 14:16:10 BOT 2012: ASYNC -> STATS> Tiempo respuesta -0.910987 seg.
Tue Nov 6 14:16:46 BOT 2012: Asignar backtone escuchado > Asi termino:109414,105420,112704,109415,
Tue Nov 6 14:18:07 BOT 2012: Ajax-> Mostrar Ranking > tono:155372 
Tue Nov 6 14:22:50 BOT 2012: Ajax-> Mostrar Ranking > tono:105808 
Tue Nov 6 14:28:21 BOT 2012: Ajax->Mostrar Reproducciones:  
Tue Nov 6 14:29:39 BOT 2012: Ajax-> Mostrar  Imagen Portada> tono:136258 
Tue Nov 6 14:29:51 BOT 2012: Ajax-> Mostrar  Nombre Genero > tono:123534 
Tue Nov 6 14:30:18 BOT 2012: Ajax-> Mostrar  Imagen Portada> tono:131042 
Tue Nov 6 14:31:15 BOT 2012: WEB_REPRODUCIR_BUSQUEDA > Se recibieron:4 tonos
Tue Nov 6 14:32:57 BOT 2012: Mostrar Megusta> tono: 105543 msisdn: > a otros 8  les gusta 
Tue Nov 6 14:33:39 BOT 2012: Ajax->Mostrar Megusta:  
Tue Nov 6 14:33:54 BOT 2012: Ajax-> Mostrar Ranking > tono:109971 
Tue Nov 6 14:36:49 BOT 2012: Busqueda Inteligente: resultados >110151
Tue Nov 6 14:37:13 BOT 2012: Session Start>  session por defecto 
Tue Nov 6 14:38:46 BOT 2012: Busqueda Inteligente: resultados >113351
Tue Nov 6 14:39:28 BOT 2012: Asignar backtone escuchado > Asi termino:126470,104886,136258,105534,102622,104178,
Tue Nov 6 14:41:44 BOT 2012: Ajax->Mostrar Megusta:  
Tue Nov 6 14:41:56 BOT 2012: Session Start>  session por defecto 
Tue Nov 6 14:44:20 BOT 2012: Ajax->Mostrar Ranking:  
Tue Nov 6 14:44:23 BOT 2012: ASYNC -> STATS> Tiempo respuesta 0.809736 seg.
Tue Nov 6 14:44:26 BOT 2012: ASYNC -> STATS> Tiempo respuesta -0.002311 seg.
Tue Nov 6 14:44:29 BOT 2012: Ajax->Mostrar Ranking:  
Tue Nov 6 14:44:35 BOT 2012: Ajax->Mostrar Comentarios:  
Tue Nov 6 14:44:38 BOT 2012: ASYNC -> STATS> Tiempo respuesta 0.004736 seg.
Tue Nov 6 14:45:33 BOT 2012: STATS > BUSQUEDA DE BACKTONE >Tiempo: -0.61228 seg. | registros: 3
Tue Nov 6 14:45:39 BOT 2012: ASYNC -> STATS> Tiempo respuesta 0.005259 seg.
Tue Nov 6 14:45:48 BOT 2012: ASYNC -> STATS> Tiempo respuesta 0.009597 seg.
Tue Nov 6 14:45:48 BOT 2012: Ajax->Mostrar Megusta:  
Tue Nov 6 14:45:48 BOT 2012: Ajax->Mostrar Imagen Portada:  
Tue Nov 6 14:47:15 BOT 2012: Ajax-> Mostrar Comentarios> tono:136246 
Tue Nov 6 14:48:51 BOT 2012: ASYNC -> STATS> Tiempo respuesta 0.009059 seg.
Tue Nov 6 14:49:09 BOT 2012: Busqueda Inteligente: Don Omar
Tue Nov 6 14:49:42 BOT 2012: Ajax-> Mostrar  Nombre Genero > tono:110209 
Tue Nov 6 14:51:43 BOT 2012: Ajax-> Mostrar Ranking > tono:113047 
Tue Nov 6 14:55:34 BOT 2012: Ajax->Mostrar Imagen Portada:  
Tue Nov 6 14:56:01 BOT 2012: ASYNC -> STATS> Tiempo respuesta 0.003996 seg.
Tue Nov 6 14:56:04 BOT 2012: ASYNC -> STATS> Tiempo respuesta 0.244294 seg.
Tue Nov 6 14:56:04 BOT 2012: ASYNC -> STATS> Tiempo respuesta -0.00084899999999999 seg.
Tue Nov 6 14:59:59 BOT 2012: ASYNC -> STATS> Tiempo respuesta 0.005675 seg.
Tue Nov 6 15:00:53 BOT 2012: Ajax-> Mostrar  Genero > G&eacute;nero:  <a href='index.php?seccion=playlist&genero=98'>Brasileras</a>
Tue Nov 6 15:05:39 BOT 2012: ASYNC -> STATS> Tiempo respuesta 0.003522 seg.
Tue Nov 6 15:09:10 BOT 2012: Ajax-> Mostrar Ranking > tono:207 
Tue Nov 6 15:09:16 BOT 2012: ASYNC -> STATS> Tiempo respuesta -0.616413 seg.
Tue Nov 6 15:09:46 BOT 2012: Ajax-> Mostrar Megusta> tono:124973 
Tue Nov 6 15:10:04 BOT 2012: Session Start>  session por defecto 
Tue Nov 6 15:11:10 BOT 2012: Ajax->Mostrar Nombre Artista:  
Tue Nov 6 15:11:13 BOT 2012: ASYNC -> STATS> Tiempo respuesta 0.004714 seg.
Tue Nov 6 15:11:22 BOT 2012: ASYNC -> STATS> Tiempo respuesta 0.007166 seg.
Tue Nov 6 15:16:35 BOT 2012: ASYNC -> STATS> Tiempo respuesta 0.087704 seg.
Tue Nov 6 15:28:52 BOT 2012: Ajax->Mostrar Megusta:  
Tue Nov 6 15:29:28 BOT 2012: Ajax-> Mostrar  Genero > G&eacute;nero:  <a href='index.php?seccion=playlist&genero=110'>Cumbia</a>
Tue Nov 6 15:30:25 BOT 2012: Ajax-> Mostrar  Imagen Portada> tono:105002 
Tue Nov 6 15:31:20 BOT 2012: WEB_REPRODUCIR_BUSQUEDA > Se recibieron:2 tonos
Tue Nov 6 15:32:02 BOT 2012: Ajax->Mostrar Megusta:  
Tue Nov 6 15:37:06 BOT 2012: Ajax->Mostrar Reproducciones:  
Tue Nov 6 15:38:03 BOT 2012: Mostrar Album: >Artista:  <a href='index.php?seccion=playlist&autor=613'>Wazzup</a>
Tue Nov 6 15:41:18 BOT 2012: Session Start>  session por defecto 
Tue Nov 6 15:41:36 BOT 2012: Ajax->Mostrar Reproducciones:  
Tue Nov 6 15:43:52 BOT 2012: Ajax-> Mostrar Megusta> tono:102650 
Tue Nov 6 15:45:28 BOT 2012: Ajax->Mostrar Imagen Portada:  
Tue Nov 6 15:48:41 BOT 2012: Ajax->Mostrar Nombre Artista:  
Tue Nov 6 15:49:59 BOT 2012: Ajax->Mostrar Nombre Genero:  
Tue Nov 6 15:51:11 BOT 2012: Ajax->Mostrar Megusta:  
Tue Nov 6 15:53:50 BOT 2012: Ajax->Mostrar Nombre Genero:  
Tue Nov 6 15:55:09 BOT 2012: Ajax-> Mostrar  Nombre Artista > tono:155470 
Tue Nov 6 15:55:30 BOT 2012: Ajax->Mostrar Comentarios:  
Tue Nov 6 15:55:57 BOT 2012: Ajax->Mostrar Comentarios:  
Tue Nov 6 15:56:27 BOT 2012: Ajax->Mostrar Ranking:  
Tue Nov 6 15:56:27 BOT 2012: ASYNC -> STATS> Tiempo respuesta 0.003539 seg.
Tue Nov 6 16:00:28 BOT 2012: Busqueda Inteligente: PSY
Tue Nov 6 16:01:25 BOT 2012: Ajax->Mostrar Megusta:  
Tue Nov 6 16:02:52 BOT 2012: Ajax->Mostrar Ranking:  
Tue Nov 6 16:02:52 BOT 2012: Asignar backtone escuchado > Asi termino:150078,126677,103349,105988,103478,103793,276,509,103576,104256,104991,135108,127757,127759,104171,104471,104466,129231,105001,147767,
Tue Nov 6 16:05:02 BOT 2012: Ajax->Mostrar Reproducciones:  
Tue Nov 6 16:10:24 BOT 2012: Ajax->Mostrar Imagen Portada:  
Tue Nov 6 16:12:39 BOT 2012: Mostrar Cantidad reproducciones: tono:123513 cantidad: 0
Tue Nov 6 16:13:33 BOT 2012: STATS > BUSQUEDA DE BACKTONE >Tiempo: 0.144002 seg. | registros: 49
Tue Nov 6 16:14:40 BOT 2012: Ajax-> Mostrar  Imagen Portada> tono:135954 
Tue Nov 6 16:15:31 BOT 2012: ASYNC -> STATS> Tiempo respuesta 0.026116 seg.
Tue Nov 6 16:17:28 BOT 2012: Busqueda Inteligente: resultados >140812
Tue Nov 6 16:20:22 BOT 2012: DB_ELIMINAR_BACKTONES > Msisdn:75774008 tono :122287 -> quitando tonos asignados a 1 amigos
Tue Nov 6 16:21:29 BOT 2012: Busqueda Inteligente: resultados >133453
Tue Nov 6 16:22:17 BOT 2012: Ajax-> Mostrar Ranking > tono:136220 
Tue Nov 6 16:22:59 BOT 2012: Ajax-> Mostrar  Nombre Artista > tono:128305 
Tue Nov 6 16:24:59 BOT 2012: Mostrar Ranking: tono:128305 calificacion: 5
Tue Nov 6 16:25:17 BOT 2012: Busqueda Inteligente: resultados >109646
Tue Nov 6 16:26:33 BOT 2012: Mostrar Megusta > tono: 102560 msisdn:75774008 > cantidad de registros: 0
Tue Nov 6 16:58:29 BOT 2012: Consulta de precio de reason:10 - msisdn: tono:127447 Async responde:350
 
Tue Nov 6 16:59:41 BOT 2012: Ajax-> Mostrar Ranking > tono:127447 
Tue Nov 6 17:06:00 BOT 2012: Ajax-> Mostrar  Nombre Artista > tono:127447 
Tue Nov 6 17:06:09 BOT 2012: Asignar backtone escuchado > Asi termino:103532,452,104346,103791,104196,104197,104198,104503,104643,104434,126681,104199,103790,155360,103274,104024,134685,134661,134660,132455,
Tue Nov 6 17:06:12 BOT 2012: Ajax-> Votar Me gusta: msisdn: 
Tue Nov 6 17:07:12 BOT 2012: Busqueda Inteligente: Resultado 
 127447;El Poder de un Lo Siento ;Tercer Cielo;Cristianas
103459;Hollywood;Tercer Cielo;Latinas
103460;La Calle;Tercer Cielo;Latinas
127449;Mas Que Vencedor ;Tercer Cielo;Cristianas
103461;Nieve;Tercer Cielo;Cristianas
103462;Yo Te Extranare;Tercer Cielo;Cristianas
103458;Afortunados;Tercer Cielo;Latinas
126098;Solo A Terceros;Panda;Electronicas
103816;Abre los cielos;Grupo Renacer;Cristianas
104554;Abre los cielos_;Jesus A Romero;Cristianas
102829;Arde el cielo;Toing;Latinas
109735;calor de cielo;Alberto Plaza;Latinas
105704;El mismo cielo;Marcela Gandara;Cristianas
147534;En el Cielo no Hay Hospital;Juan Luis Guerra;Cristianas
105777;Entre la tierra y el cielo;Los Nocheros;Los Nocheros
104757;Escalera al cielo;Elect Retro;Pop
103784;No Hay Cielo;fRANCO dE vITA;Latinas
104805;Que Precio Tiene El Cielo;Marc Anthony;Marc Anthony
104262;Un largo camino al cielo;Rodrigo;Salsa y Merengue
138622;Volar Al Cielo;Supertorpe;Latinas
 
Tue Nov 6 17:07:42 BOT 2012: Ajax->Mostrar Nombre Genero:  
Tue Nov 6 17:16:20 BOT 2012: Asignar backtone escuchado > Asi termino:325,110188,240,102695,150078,103262,128606,103478,103793,276,509,
Tue Nov 6 17:19:14 BOT 2012: WEB REPROD BUSQ > Facebook link: http%3A%2F%2Fbacktones.tigo.com.bo%2Fv3%2Findex.php%3Fseccion%3Dplaylist%26autor%3D1397%26f%3D1%26t%3D1231233
Tue Nov 6 17:19:53 BOT 2012: ASYNC -> STATS> Tiempo respuesta 0.001476 seg.
Tue Nov 6 17:23:09 BOT 2012: Ajax-> Mostrar Megusta> tono:113047 
Tue Nov 6 17:26:42 BOT 2012: Ajax->Mostrar Ranking:  
Tue Nov 6 17:30:04 BOT 2012: Ajax->Mostrar Comentarios:  
Tue Nov 6 17:31:19 BOT 2012: ASYNC -> STATS> Tiempo respuesta 0.007805 seg.
Tue Nov 6 17:31:43 BOT 2012: Ajax->Mostrar Megusta:  
Tue Nov 6 17:33:53 BOT 2012: Ajax->Mostrar Nombre Genero:  
Tue Nov 6 17:34:14 BOT 2012: Ajax->Mostrar Comentarios:  
Tue Nov 6 17:35:23 BOT 2012: Busqueda Inteligente: Noel Schajris
Tue Nov 6 17:36:44 BOT 2012: ASYNC -> STATS> Tiempo respuesta 0.003987 seg.
Tue Nov 6 17:40:23 BOT 2012: Ajax-> Mostrar Megusta> tono:103431 
Tue Nov 6 17:41:18 BOT 2012: Ajax-> Mostrar Megusta> tono:127759 
Tue Nov 6 17:42:48 BOT 2012: Ajax->Mostrar Imagen Portada:  
Tue Nov 6 17:45:25 BOT 2012: Ajax->Mostrar Nombre Genero:  
Tue Nov 6 17:46:04 BOT 2012: Ajax->Mostrar Nombre Genero:  
Tue Nov 6 17:47:34 BOT 2012: Asignar backtone escuchado > Asi termino:103032,120230,103239,200,103275,102890,103640,102793,206,102627,104643,109973,102674,103031,103653,103643,109975,102628,105420,103995,
Tue Nov 6 17:57:24 BOT 2012: Ajax->Mostrar Imagen Portada:  
Tue Nov 6 17:57:51 BOT 2012: Ajax->Mostrar Comentarios:  
Tue Nov 6 17:57:54 BOT 2012: Ajax-> Mostrar Megusta> tono:103876 
Tue Nov 6 18:08:28 BOT 2012: Mostrar Cantidad reproducciones: tono:103342 cantidad: 0
Tue Nov 6 18:10:47 BOT 2012: Ajax-> Mostrar  Imagen Portada> tono:118670 
Tue Nov 6 18:16:54 BOT 2012: ASYNC -> STATS> Tiempo respuesta 0.011296 seg.
Tue Nov 6 18:16:54 BOT 2012: ASYNC -> STATS> Tiempo respuesta -0.445843 seg.
Tue Nov 6 18:17:00 BOT 2012: Ajax->Mostrar Megusta:  
Tue Nov 6 18:17:24 BOT 2012: Busqueda Inteligente: resultados >102729
Tue Nov 6 18:17:48 BOT 2012: Ajax-> Mostrar  Nombre Genero > tono:104091 
Tue Nov 6 18:25:49 BOT 2012: Ajax-> Mostrar Ranking > tono:105242 
Tue Nov 6 18:25:49 BOT 2012: Ajax-> Mostrar  Imagen Portada> tono:136633 
Tue Nov 6 18:25:52 BOT 2012: ASYNC -> STATS> Tiempo respuesta 0.003007 seg.
Tue Nov 6 18:28:17 BOT 2012: Ajax->Mostrar Nombre Genero:  
Tue Nov 6 18:28:20 BOT 2012: Ajax->Mostrar Reproducciones:  
Tue Nov 6 18:28:50 BOT 2012: Asignar backtone escuchado > Asi termino:107589,155148,113049,126150,104557,104091,155114,435,103481,471,127452,142148,155122,127457,104090,470,129236,129892,102723,155090,
Tue Nov 6 18:29:35 BOT 2012: Consulta de precio de reason:3 - msisdn:77375484 tono:105704 Async responde:350
 
Tue Nov 6 18:31:41 BOT 2012: ASYNC -> STATS> Tiempo respuesta 0.003914 seg.
Tue Nov 6 18:33:03 BOT 2012: Ajax-> Mostrar Comentarios> tono:102727 
Tue Nov 6 18:41:28 BOT 2012: ASYNC -> STATS> Tiempo respuesta -0.393836 seg.
Tue Nov 6 18:55:06 BOT 2012: Ajax->Mostrar Ranking:  
Tue Nov 6 18:55:37 BOT 2012: Mostrar Album: >albumes/Axel un nuevo sol.jpg
Tue Nov 6 18:56:22 BOT 2012: Ajax->Mostrar Nombre Artista:  
Tue Nov 6 18:57:04 BOT 2012: Ajax->Mostrar Imagen Portada:  
Tue Nov 6 19:00:04 BOT 2012: ASYNC -> STATS> Tiempo respuesta 0.003892 seg.
Tue Nov 6 19:01:29 BOT 2012: Check Session > msisdn: 76241346 > Usuario Valido 
Tue Nov 6 19:02:17 BOT 2012: WEB_REPRODUCIR_BUSQUEDA > Se recibieron:4 tonos
Tue Nov 6 19:05:47 BOT 2012: ASYNC -> STATS> Tiempo respuesta 0.003869 seg.
Tue Nov 6 19:14:34 BOT 2012: Asignar backtone escuchado > Asi termino:296,102644,102954,103162,104364,145241,126464,102729,104249,110206,110204,110193,297,102777,102778,102804,104362,105367,103532,
Tue Nov 6 19:15:34 BOT 2012: session-default => asignando por default session
Tue Nov 6 19:16:28 BOT 2012: session-default => asignando por default session
Tue Nov 6 19:19:23 BOT 2012: Mostrar Cantidad reproducciones: tono:102726 cantidad: 0
Tue Nov 6 19:32:40 BOT 2012: Ajax->Mostrar Ranking:  
Tue Nov 6 19:38:17 BOT 2012: Busqueda Inteligente: resultados >146673
Tue Nov 6 19:39:23 BOT 2012: Ajax->Mostrar Nombre Artista:  
Tue Nov 6 19:47:06 BOT 2012: Asignar backtone escuchado > Asi termino:103542,125516,
Tue Nov 6 19:48:10 BOT 2012: Session Start>  session por defecto 
Tue Nov 6 19:48:52 BOT 2012: Ajax->Mostrar Reproducciones:  
Tue Nov 6 19:51:46 BOT 2012: Session Start>  session por defecto 
Tue Nov 6 19:55:08 BOT 2012: Session Start>  session por defecto 
Tue Nov 6 20:07:25 BOT 2012: Ajax-> Mostrar  Nombre Artista > tono:104200 
Tue Nov 6 20:11:05 BOT 2012: ASYNC -> STATS> Tiempo respuesta 0.001467 seg.
Tue Nov 6 20:11:08 BOT 2012: Ajax->Mostrar Reproducciones:  
Tue Nov 6 20:11:53 BOT 2012: Ajax-> Mostrar Ranking > tono:633 
Tue Nov 6 20:15:26 BOT 2012: Ajax->Mostrar Nombre Genero:  
Tue Nov 6 20:16:27 BOT 2012: Ajax->Mostrar Ranking:  
Tue Nov 6 20:20:51 BOT 2012: Session Start>  session por defecto 
Tue Nov 6 20:24:46 BOT 2012: Ajax->Mostrar Nombre Genero:  
Tue Nov 6 20:26:49 BOT 2012: Ajax->Mostrar Ranking:  
Tue Nov 6 20:31:23 BOT 2012: WEB_REPRODUCIR_BUSQUEDA > Se recibieron:42 tonos
Tue Nov 6 20:32:20 BOT 2012: ASYNC -> STATS> Tiempo respuesta 0.148179 seg.
Tue Nov 6 20:35:57 BOT 2012: Ajax->Mostrar Comentarios:  
Tue Nov 6 20:36:09 BOT 2012: ASYNC -> STATS> Tiempo respuesta -0.146751 seg.
Tue Nov 6 20:36:39 BOT 2012: Ajax->Mostrar Nombre Genero:  
Tue Nov 6 20:36:57 BOT 2012: Ajax-> Mostrar  Nombre Artista > tono:257 
Tue Nov 6 20:37:42 BOT 2012: Ajax->Mostrar Megusta:  
Tue Nov 6 20:37:42 BOT 2012: Ajax->Mostrar Imagen Portada:  
Tue Nov 6 20:37:48 BOT 2012: Ajax-> Mostrar Ranking > tono:102622 
Tue Nov 6 20:38:43 BOT 2012: Asignar backtone escuchado > Asi termino:103588,103789,110379,205,209,211,119842,103997,103466,
Tue Nov 6 20:38:52 BOT 2012: Ajax->Mostrar Imagen Portada:  
Tue Nov 6 20:39:04 BOT 2012: ASYNC -> STATS> Tiempo respuesta 0.003159 seg.
Tue Nov 6 20:41:07 BOT 2012: Mostrar Album: >albumes/album-default.jpg
Tue Nov 6 20:41:46 BOT 2012: SMS > ingreso de sms: Compraste el tono 2YTuTeVas - Chayanne que estara activo por 30 dias.Costo mensual de bs 3.50. | from: 0 | msisdn: 76277871
Tue Nov 6 20:42:04 BOT 2012: Session Start>  session por defecto 
Tue Nov 6 20:43:01 BOT 2012: Ajax->Mostrar Megusta:  
Tue Nov 6 20:43:25 BOT 2012: Ajax-> Mostrar Ranking > tono:109238 
Tue Nov 6 20:44:20 BOT 2012: ASYNC -> STATS> Tiempo respuesta 0.001762 seg.
Tue Nov 6 20:44:56 BOT 2012: Asignar backtone escuchado > Asi termino:129891,127435,127463,110210,127441,127417,110100,107747,134028,107586,103482,134025,103428,103481,103423,105290,104262,127447,127449,104757,
Tue Nov 6 20:45:47 BOT 2012: Ajax-> Mostrar Ranking > tono:240 
Tue Nov 6 20:47:56 BOT 2012: Ajax->Mostrar Comentarios:  
Tue Nov 6 20:55:06 BOT 2012: Busqueda Inteligente: resultados >109336
Tue Nov 6 20:55:12 BOT 2012: Busqueda Inteligente: 
Tue Nov 6 21:02:20 BOT 2012: Ajax-> Mostrar Ranking > tono:109261 
Tue Nov 6 21:02:29 BOT 2012: Ajax->Actualizar pin usuario >recibe el msisdn:77728598 
Tue Nov 6 21:05:47 BOT 2012: Busqueda Inteligente: resultados >125504
Tue Nov 6 21:07:30 BOT 2012: ASYNC -> STATS> Tiempo respuesta 0.003137 seg.
Tue Nov 6 21:07:39 BOT 2012: ASYNC -> STATS> Tiempo respuesta -0.032517 seg.
Tue Nov 6 21:11:45 BOT 2012: Ajax-> Mostrar Comentarios> tono:103068 
Tue Nov 6 21:12:15 BOT 2012: MTD_DB_BUSCAR_ARTISTAS > retornando registros:43
Tue Nov 6 21:17:26 BOT 2012: Ajax->Mostrar Comentarios:  
Tue Nov 6 21:19:23 BOT 2012: ASYNC -> STATS> Tiempo respuesta -0.106418 seg.
Tue Nov 6 21:19:23 BOT 2012: Asignar backtone escuchado > Asi termino:129231,126029,105498,103687,129445,129230,110221,103686,132096,103713,103712,141880,141881,149592,156792,103771,103770,103769,103768,103767,
Tue Nov 6 21:19:26 BOT 2012: ASYNC -> STATS> Tiempo respuesta -0.31171 seg.
Tue Nov 6 21:19:35 BOT 2012: ASYNC -> STATS> Tiempo respuesta 0.005689 seg.
Tue Nov 6 21:21:20 BOT 2012: ASYNC -> STATS> Tiempo respuesta 0.0034169999999999 seg.
Tue Nov 6 21:22:26 BOT 2012: Ajax->Mostrar Nombre Genero:  
Tue Nov 6 21:28:45 BOT 2012: ASYNC -> STATS> Tiempo respuesta 0.002949 seg.
Tue Nov 6 21:28:51 BOT 2012: Ajax-> Mostrar  Nombre Genero > tono:435 
Tue Nov 6 21:29:00 BOT 2012: Ajax->Mostrar Reproducciones:  
Tue Nov 6 21:31:04 BOT 2012: Ajax->Mostrar Imagen Portada:  
Tue Nov 6 21:33:34 BOT 2012: Ajax->Mostrar Reproducciones:  
Tue Nov 6 21:35:14 BOT 2012: Ajax->Mostrar Megusta:  
Tue Nov 6 21:36:05 BOT 2012: Ajax->Mostrar Nombre Genero:  
Tue Nov 6 21:38:05 BOT 2012: Ajax-> Mostrar  Imagen Portada> tono:112702 
Tue Nov 6 21:40:32 BOT 2012: Consulta de precio de reason:10 - msisdn: tono:141134 Async responde:350
 
Tue Nov 6 21:40:44 BOT 2012: Asignar backtone escuchado > Asi termino:120255,143741,106384,142231,137875,137830,120254,146574,143076,155368,141126,120252,141122,141134,140816,140814,105812,120250,140812,143738,
Tue Nov 6 21:41:33 BOT 2012: ASYNC -> STATS> Tiempo respuesta 0.005467 seg.
Tue Nov 6 21:42:21 BOT 2012: Ajax->Mostrar Imagen Portada:  
Tue Nov 6 21:43:03 BOT 2012: Ajax-> Mostrar  Nombre Artista > tono:145264 
Tue Nov 6 21:45:39 BOT 2012: Asignar backtone escuchado > Asi termino:110224,155350,104991,104432,126681,126994,104251,452,104199,127001,127003,104430,126683,132464,102976,104423,104431,104661,104200,155348,
Tue Nov 6 21:45:45 BOT 2012: ASYNC -> STATS> Tiempo respuesta 0.013781 seg.
Tue Nov 6 21:45:57 BOT 2012: ASYNC -> STATS> Tiempo respuesta 0.733724 seg.
Tue Nov 6 21:46:00 BOT 2012: ASYNC -> STATS> Tiempo respuesta 0.004686 seg.
Tue Nov 6 21:48:25 BOT 2012: ASYNC -> STATS> Tiempo respuesta 0.0041 seg.
Tue Nov 6 21:48:46 BOT 2012: Ajax->Mostrar Reproducciones:  
Tue Nov 6 21:56:56 BOT 2012: ASYNC -> STATS> Tiempo respuesta 0.051505 seg.
Tue Nov 6 22:01:24 BOT 2012: Ajax->Mostrar Reproducciones:  
Tue Nov 6 22:08:07 BOT 2012: Ajax->Mostrar Nombre Artista:  
Tue Nov 6 22:10:14 BOT 2012: Ajax->Mostrar Nombre Genero:  
Tue Nov 6 22:10:44 BOT 2012: Busqueda Inteligente: resultados >144690
Tue Nov 6 22:10:47 BOT 2012: Consulta de precio de reason:10 - msisdn: tono:104771 Async responde:350
 
Tue Nov 6 22:10:50 BOT 2012: Ajax->Mostrar Ranking:  
Tue Nov 6 22:11:35 BOT 2012: Ajax->Mostrar Ranking:  
Tue Nov 6 22:17:48 BOT 2012: Ajax->Mostrar Nombre Artista:  
Tue Nov 6 22:19:24 BOT 2012: Ajax->Mostrar Reproducciones:  
Tue Nov 6 22:20:30 BOT 2012: Ajax->Mostrar Megusta:  
Tue Nov 6 22:22:43 BOT 2012: ASYNC -> STATS> Tiempo respuesta -0.004541 seg.
Tue Nov 6 22:22:49 BOT 2012: Consulta de precio de reason:10 - msisdn: tono:136205 Async responde:350
 
Tue Nov 6 22:30:56 BOT 2012: Ajax-> Mostrar  Imagen Portada> tono:104942 
Tue Nov 6 22:36:27 BOT 2012: Ajax->Mostrar Reproducciones:  
Tue Nov 6 22:47:17 BOT 2012: Ajax->Mostrar Reproducciones:  
Tue Nov 6 22:54:06 BOT 2012: Ajax-> Mostrar  Imagen Portada> tono:136220 
Tue Nov 6 22:54:27 BOT 2012: Ajax->Mostrar Imagen Portada:  
Tue Nov 6 22:54:30 BOT 2012: ASYNC -> STATS> Tiempo respuesta -0.034838 seg.
Tue Nov 6 22:54:36 BOT 2012: ASYNC -> STATS> Tiempo respuesta -0.038381 seg.
Tue Nov 6 22:54:45 BOT 2012: ASYNC -> STATS> Tiempo respuesta 0.0064230000000001 seg.
Tue Nov 6 22:58:58 BOT 2012: Ajax->Mostrar Comentarios:  
Tue Nov 6 23:03:17 BOT 2012: Busqueda Inteligente: clasicos 
Tue Nov 6 23:06:44 BOT 2012: Consulta de precio de reason:2 - msisdn:76117662 tono:103565 Async responde:350
 
Tue Nov 6 23:24:11 BOT 2012: Asignar backtone escuchado > Asi termino:116502,104460,112702,103086,116855,135711,135727,135677,103239,135679,103237,135694,105545,103466,105242,105231,105096,105524,104991,151286,
Tue Nov 6 23:24:47 BOT 2012: Ajax-> Mostrar Megusta> tono:155368 
Tue Nov 6 23:44:05 BOT 2012: Consulta de precio de reason:3 - msisdn: tono:144642 Async responde:350
 
Tue Nov 6 23:45:32 BOT 2012: Ajax-> Mostrar Ranking > tono:103116 
Tue Nov 6 23:55:04 BOT 2012: Ajax->Actualizar pin usuario >recibe el msisdn: 
Tue Nov 6 23:59:11 BOT 2012: Ajax->Mostrar Nombre Artista:  
