Sun Oct 14 0:05:01 BOT 2012: Ajax-> Mostrar Megusta> tono:155646 
Sun Oct 14 0:08:16 BOT 2012: Busqueda Inteligente: resultados >141022
Sun Oct 14 0:09:14 BOT 2012: ASYNC -> STATS> Tiempo respuesta 0.003364 seg.
Sun Oct 14 0:12:38 BOT 2012: Ajax->Mostrar Reproducciones:  
Sun Oct 14 0:19:57 BOT 2012: Mostrar Cantidad reproducciones: tono:142126 cantidad: 0
Sun Oct 14 0:20:55 BOT 2012: Ajax-> Mostrar Ranking > tono:138286 
Sun Oct 14 0:23:19 BOT 2012: Ajax->Mostrar Nombre Artista:  
Sun Oct 14 0:23:37 BOT 2012: Ajax-> Mostrar  Nombre Artista > tono:144195 
Sun Oct 14 0:23:43 BOT 2012: Ajax->Mostrar Comentarios:  
Sun Oct 14 0:24:46 BOT 2012: Ajax-> Mostrar  Nombre Artista > tono:103500 
Sun Oct 14 0:25:29 BOT 2012: Consulta de precio de reason:2 - msisdn: tono:138309 Async responde:350
 
Sun Oct 14 0:25:41 BOT 2012: Ajax-> Mostrar  Nombre Artista > tono:130806 
Sun Oct 14 0:25:56 BOT 2012: Ajax->Mostrar Reproducciones:  
Sun Oct 14 0:30:35 BOT 2012: Session Start>  session por defecto 
Sun Oct 14 0:33:54 BOT 2012: Session Start>  session por defecto 
Sun Oct 14 0:34:24 BOT 2012: Ajax->Mostrar Comentarios:  
Sun Oct 14 0:35:33 BOT 2012: Ajax->Mostrar Nombre Artista:  
Sun Oct 14 0:38:25 BOT 2012: Busqueda Inteligente: resultados >141880
Sun Oct 14 0:39:46 BOT 2012: Ajax->Mostrar Reproducciones:  
Sun Oct 14 0:45:05 BOT 2012: Ajax->Mostrar Imagen Portada:  
Sun Oct 14 0:51:21 BOT 2012: Ajax->Mostrar Nombre Genero:  
Sun Oct 14 0:52:51 BOT 2012: Ajax-> Mostrar  Nombre Artista > tono:103554 
Sun Oct 14 0:53:54 BOT 2012: Ajax->Mostrar Reproducciones:  
Sun Oct 14 0:53:54 BOT 2012: Ajax->Mostrar Comentarios:  
Sun Oct 14 0:56:22 BOT 2012: Ajax-> Mostrar Ranking > tono:105292 
Sun Oct 14 0:58:31 BOT 2012: Ajax->Mostrar Comentarios:  
Sun Oct 14 1:08:18 BOT 2012: ASYNC -> STATS> Tiempo respuesta -0.368253 seg.
Sun Oct 14 1:15:46 BOT 2012: Asignar backtone escuchado > Asi termino:103346,150024,102644,150022,102651,142119,102695,102818,149530,102694,105986,509,104220,102639,105096,289,133833,133432,110184,623,
Sun Oct 14 1:16:22 BOT 2012: Ajax->Mostrar Imagen Portada:  
Sun Oct 14 1:20:17 BOT 2012: STATS > BUSQUEDA DE BACKTONE >Tiempo: 0.042598 seg. | registros: 114
Sun Oct 14 1:31:18 BOT 2012: ASYNC -> STATS> Tiempo respuesta 0.002313 seg.
Sun Oct 14 1:36:55 BOT 2012: Ajax->Mostrar Megusta:  
Sun Oct 14 1:37:04 BOT 2012: Mostrar Cantidad reproducciones: tono:104991 cantidad: 0
Sun Oct 14 2:03:12 BOT 2012: Ajax-> Mostrar Megusta> tono:141880 
Sun Oct 14 2:04:24 BOT 2012: Error al consultar precio de renovacion - msisdn: tono:109915 - Async responde -3
Sun Oct 14 2:12:37 BOT 2012: Ajax->Mostrar Comentarios:  
Sun Oct 14 2:19:26 BOT 2012: Ajax->Mostrar Comentarios:  
Sun Oct 14 9:37:05 BOT 2012: set_session  => asignando datos de la session
Sun Oct 14 9:40:21 BOT 2012: Ajax->Mostrar Reproducciones:  
Sun Oct 14 9:42:03 BOT 2012: Consulta de precio de reason:3 - msisdn: tono:137879 Async responde:350
 
Sun Oct 14 10:11:05 BOT 2012: Ajax->Mostrar Ranking:  
Sun Oct 14 10:11:41 BOT 2012: Ajax-> Mostrar Megusta> tono:135723 
Sun Oct 14 10:25:10 BOT 2012: Ajax-> Mostrar Megusta> tono:105999 
Sun Oct 14 10:25:10 BOT 2012: Ajax->Mostrar Megusta:  
Sun Oct 14 10:30:35 BOT 2012: Ajax-> Mostrar  Nombre Artista > tono:103478 
Sun Oct 14 10:31:59 BOT 2012: Ajax-> Mostrar Ranking > tono:104905 
Sun Oct 14 10:31:59 BOT 2012: Asignar backtone escuchado > Asi termino:105270,105274,105276,104553,103451,103430,104189,104190,104174,
Sun Oct 14 10:35:18 BOT 2012: Ajax-> Mostrar  Imagen Portada> tono:105271 
Sun Oct 14 10:37:39 BOT 2012: Mostrar Megusta> tono: 102622 msisdn: > a otros 3  les gusta 
Sun Oct 14 10:39:31 BOT 2012: Ajax-> Mostrar Ranking > tono:155502 
Sun Oct 14 10:41:34 BOT 2012: WEB REPROD BUSQ > Facebook link: http%3A%2F%2Fbacktones.tigo.com.bo%2Fv3%2Findex.php%3Fseccion%3Dplaylist%26genero%3D96%26f%3D1%26t%3D123123
Sun Oct 14 10:44:44 BOT 2012: Busqueda Inteligente: resultados >113602
Sun Oct 14 10:46:56 BOT 2012: Session Start>  session por defecto 
Sun Oct 14 10:56:43 BOT 2012: Consulta de precio de reason:2 - msisdn:76688450 tono:150032 Async responde:350
 
Sun Oct 14 10:57:37 BOT 2012: Ajax->Mostrar Ranking:  
Sun Oct 14 11:04:11 BOT 2012: ASYNC -> STATS> Tiempo respuesta 0.315947 seg.
Sun Oct 14 11:04:14 BOT 2012: ASYNC -> STATS> Tiempo respuesta -0.304297 seg.
Sun Oct 14 11:07:29 BOT 2012: Ajax->Asignar modalidad backtone: > msisdn:77684684 >  modalidad :2  
Sun Oct 14 11:12:30 BOT 2012: Mostrar Megusta > tono: 109249 msisdn:77607532 > cantidad de registros: 0
Sun Oct 14 11:32:01 BOT 2012: Ajax->Mostrar Reproducciones:  
Sun Oct 14 11:34:46 BOT 2012: Ajax->Mostrar Imagen Portada:  
Sun Oct 14 11:44:45 BOT 2012: Ajax-> Mostrar Megusta> tono:305 
Sun Oct 14 11:45:00 BOT 2012: Ajax->Mostrar Imagen Portada:  
Sun Oct 14 11:48:55 BOT 2012: Ajax-> Mostrar Ranking > tono:149 
Sun Oct 14 11:49:34 BOT 2012: Ajax->Mostrar Nombre Artista:  
Sun Oct 14 11:51:37 BOT 2012: Asignar backtone escuchado > Asi termino:555,134030,150312,75,130364,149,104749,
Sun Oct 14 11:55:53 BOT 2012: ASYNC -> STATS> Tiempo respuesta -0.571042 seg.
Sun Oct 14 11:57:02 BOT 2012: Ajax->Mostrar Reproducciones:  
Sun Oct 14 11:57:20 BOT 2012: Asignar backtone escuchado > Asi termino:105712,130832,110206,110204,135151,130833,131642,127457,163,128597,103735,104904,
Sun Oct 14 11:59:38 BOT 2012: Consulta de precio de reason:2 - msisdn: tono:104663 Async responde:350
 
Sun Oct 14 12:00:17 BOT 2012: Ajax->Mostrar Imagen Portada:  
Sun Oct 14 12:04:18 BOT 2012: STATS > BUSQUEDA DE BACKTONE >Tiempo: 0.237853 seg. | registros: 38
Sun Oct 14 12:05:15 BOT 2012: Mostrar Album: >albumes/album-default.jpg
Sun Oct 14 12:05:33 BOT 2012: Consulta de precio de reason:2 - msisdn: tono:104161 Async responde:350
 
Sun Oct 14 12:08:10 BOT 2012: ASYNC -> STATS> Tiempo respuesta -0.475799 seg.
Sun Oct 14 12:08:13 BOT 2012: Ajax->Mostrar Imagen Portada:  
Sun Oct 14 12:08:13 BOT 2012: Ajax->Mostrar Megusta:  
Sun Oct 14 12:08:22 BOT 2012: Ajax->Mostrar Nombre Genero:  
Sun Oct 14 12:09:37 BOT 2012: ASYNC -> STATS> Tiempo respuesta 0.0034420000000001 seg.
Sun Oct 14 12:09:49 BOT 2012: Ajax-> Mostrar  Nombre Artista > tono:140980 
Sun Oct 14 12:09:55 BOT 2012: Asignar backtone escuchado > Asi termino:152472,108558,140980,108586,108585,140971,108583,108574,108570,140982,140978,108590,108588,140975,108575,108577,108592,108572,152484,108579,
Sun Oct 14 12:13:02 BOT 2012: ASYNC -> STATS> Tiempo respuesta 0.093747 seg.
Sun Oct 14 12:15:26 BOT 2012: Ajax-> Mostrar  Genero > G&eacute;nero:  <a href='index.php?seccion=playlist&genero=132'>Pop</a>
Sun Oct 14 12:21:21 BOT 2012: MTD_LISTAR_TONOS -> Se encontraron los siguientes tonos:103089,103239
Sun Oct 14 12:33:21 BOT 2012: Ajax->Mostrar Ranking:  
Sun Oct 14 12:39:16 BOT 2012: Ajax-> Mostrar Megusta> tono:104035 
Sun Oct 14 12:42:04 BOT 2012: Ajax-> Mostrar Comentarios> tono:104848 
Sun Oct 14 12:42:46 BOT 2012: Ajax->Mostrar Comentarios:  
Sun Oct 14 12:45:14 BOT 2012: ASYNC -> STATS> Tiempo respuesta 0.0031 seg.
Sun Oct 14 12:46:23 BOT 2012: Session Start>  session por defecto 
Sun Oct 14 12:47:32 BOT 2012: Ajax->Mostrar Nombre Genero:  
Sun Oct 14 12:55:09 BOT 2012: Ajax-> Mostrar  Nombre Artista > tono:140782 
Sun Oct 14 12:58:07 BOT 2012: Session Start>  session por defecto 
Sun Oct 14 12:59:55 BOT 2012: ASYNC -> STATS> Tiempo respuesta 0.0020829999999999 seg.
Sun Oct 14 13:03:32 BOT 2012: Ajax-> Votar Ranking: msisdn: 
Sun Oct 14 13:06:20 BOT 2012: ASYNC -> STATS> Tiempo respuesta 0.0032319999999999 seg.
Sun Oct 14 13:08:51 BOT 2012: Ajax->Mostrar Reproducciones:  
Sun Oct 14 13:09:15 BOT 2012: Busqueda Inteligente: resultados >121499
Sun Oct 14 13:09:27 BOT 2012: Ajax->Mostrar Ranking:  
Sun Oct 14 13:14:12 BOT 2012: Ajax-> Mostrar Ranking > tono:123540 
Sun Oct 14 13:19:37 BOT 2012: Ajax->Mostrar Comentarios:  
Sun Oct 14 13:21:29 BOT 2012: ASYNC -> STATS> Tiempo respuesta 0.002843 seg.
Sun Oct 14 13:22:02 BOT 2012: Ajax->Mostrar Nombre Artista:  
Sun Oct 14 13:27:42 BOT 2012: Ajax-> Mostrar Megusta> tono:157546 
Sun Oct 14 13:28:51 BOT 2012: Ajax->Mostrar Megusta:  
Sun Oct 14 13:30:03 BOT 2012: Ajax-> Mostrar Ranking > tono:129426 
Sun Oct 14 13:34:16 BOT 2012: Ajax->Mostrar Ranking:  
Sun Oct 14 13:35:04 BOT 2012: Session Start>  session por defecto 
Sun Oct 14 13:36:13 BOT 2012: Ajax-> Mostrar  Imagen Portada> tono:104190 
Sun Oct 14 13:37:13 BOT 2012: Session Start>  session por defecto 
Sun Oct 14 13:38:02 BOT 2012: Consulta de precio de reason:2 - msisdn: tono:103838 Async responde:350
 
Sun Oct 14 13:38:05 BOT 2012: Ajax->Mostrar Reproducciones:  
Sun Oct 14 13:43:26 BOT 2012: STATS > BUSQUEDA DE BACKTONE >Tiempo: 0.095095 seg. | registros: 1
Sun Oct 14 13:46:42 BOT 2012: Mostrar Cantidad reproducciones: tono:157544 cantidad: 0
Sun Oct 14 13:47:57 BOT 2012: Ajax->Mostrar Comentarios:  
Sun Oct 14 13:48:39 BOT 2012: Ajax->Mostrar Comentarios:  
Sun Oct 14 13:49:18 BOT 2012: Ajax-> Mostrar Ranking > tono:124243 
Sun Oct 14 13:51:43 BOT 2012: Asignar backtone escuchado > Asi termino:157548,157546,157544,157550,
Sun Oct 14 13:51:46 BOT 2012: Ajax->Mostrar Reproducciones:  
Sun Oct 14 13:52:55 BOT 2012: ASYNC -> STATS> Tiempo respuesta 0.0044609999999999 seg.
Sun Oct 14 13:53:07 BOT 2012: Mostrar Ranking: tono:157550 calificacion: 
Sun Oct 14 13:59:02 BOT 2012: Ajax->Mostrar Megusta:  
Sun Oct 14 13:59:41 BOT 2012: Ajax->Mostrar Reproducciones:  
Sun Oct 14 14:01:05 BOT 2012: ASYNC -> STATS> Tiempo respuesta 0.002456 seg.
Sun Oct 14 14:01:05 BOT 2012: ASYNC -> STATS> Tiempo respuesta 0.002452 seg.
Sun Oct 14 14:01:08 BOT 2012: ASYNC -> STATS> Tiempo respuesta 0.100682 seg.
Sun Oct 14 14:01:14 BOT 2012: ASYNC -> STATS> Tiempo respuesta 0.366539 seg.
Sun Oct 14 14:01:14 BOT 2012: Consulta de precio de reason:3 - msisdn: tono:103049 Async responde:350
 
Sun Oct 14 14:01:14 BOT 2012: Ajax->Mostrar Reproducciones:  
Sun Oct 14 14:01:41 BOT 2012: Mostrar Album: >Artista:  <a href='index.php?seccion=playlist&autor=319'>Joaquin Botero</a>
Sun Oct 14 14:01:41 BOT 2012: ASYNC -> STATS> Tiempo respuesta 0.00568 seg.
Sun Oct 14 14:07:34 BOT 2012: Ajax-> Mostrar Ranking > tono:103447 
Sun Oct 14 14:09:31 BOT 2012: Ajax->Mostrar Comentarios:  
Sun Oct 14 14:11:01 BOT 2012: Ajax->Mostrar Nombre Genero:  
Sun Oct 14 14:17:32 BOT 2012: STATS > BUSQUEDA DE BACKTONE >Tiempo: 0.035196 seg. | registros: 42
Sun Oct 14 14:19:27 BOT 2012: Asignar backtone escuchado > Asi termino:118732,139838,147073,131001,147092,118728,118724,133447,141134,146576,155352,155372,103186,103522,105033,105415,145319,103521,103430,103819,
Sun Oct 14 14:19:33 BOT 2012: Mostrar Ranking: tono:150268 calificacion: 
Sun Oct 14 14:21:21 BOT 2012: ASYNC -> STATS> Tiempo respuesta 0.001492 seg.
Sun Oct 14 14:23:51 BOT 2012: Ajax-> Mostrar  Nombre Genero > tono:152118 
Sun Oct 14 14:25:04 BOT 2012: ASYNC -> STATS> Tiempo respuesta -0.158116 seg.
Sun Oct 14 14:25:07 BOT 2012: ASYNC -> STATS> Tiempo respuesta -0.001012 seg.
Sun Oct 14 14:30:17 BOT 2012: Ajax->Mostrar Ranking:  
Sun Oct 14 14:33:47 BOT 2012: Ajax->Mostrar Ranking:  
Sun Oct 14 14:35:32 BOT 2012: Ajax-> Mostrar Megusta> tono:157546 
Sun Oct 14 14:37:42 BOT 2012: ASYNC -> STATS> Tiempo respuesta 0.001559 seg.
Sun Oct 14 14:38:03 BOT 2012: Ajax-> Mostrar Ranking > tono:157548 
Sun Oct 14 14:42:03 BOT 2012: ASYNC -> STATS> Tiempo respuesta 0.003949 seg.
Sun Oct 14 14:46:13 BOT 2012: Ajax->Mostrar Reproducciones:  
Sun Oct 14 14:46:52 BOT 2012: Ajax->Mostrar Ranking:  
Sun Oct 14 14:49:23 BOT 2012: Asignar backtone escuchado > Asi termino:152118,155380,137879,145218,106385,143741,155362,155352,137882,106380,141122,120251,106384,141120,142227,146578,141124,146577,141917,141837,
Sun Oct 14 14:52:59 BOT 2012: Asignar backtone escuchado > Asi termino:106385,120251,141122,143739,120248,155364,140823,137882,140821,152118,155380,137879,145218,143741,155362,155352,106380,106384,141120,
Sun Oct 14 14:53:08 BOT 2012: Ajax->Mostrar Ranking:  
Sun Oct 14 14:55:39 BOT 2012: Ajax->Mostrar Megusta:  
Sun Oct 14 14:57:39 BOT 2012: ASYNC -> STATS> Tiempo respuesta 0.0053920000000001 seg.
Sun Oct 14 14:57:42 BOT 2012: Ajax->Mostrar Comentarios:  
Sun Oct 14 15:09:02 BOT 2012: Consulta de precio de reason:2 - msisdn: tono:157544 Async responde:200
 
Sun Oct 14 15:15:45 BOT 2012: WEB_REPRODUCIR_BUSQUEDA > Se recibieron:16 tonos
Sun Oct 14 15:17:27 BOT 2012: Busqueda Inteligente: resultados >155506
Sun Oct 14 15:17:42 BOT 2012: Ajax->Mostrar Nombre Artista:  
Sun Oct 14 15:17:55 BOT 2012: Ajax->Mostrar Comentarios:  
Sun Oct 14 15:23:26 BOT 2012: Ajax->Mostrar Megusta:  
Sun Oct 14 15:24:38 BOT 2012: Ajax->Mostrar Imagen Portada:  
Sun Oct 14 15:24:47 BOT 2012: Mostrar Ranking: tono:104886 calificacion: 3
Sun Oct 14 15:25:14 BOT 2012: Ajax->Mostrar Megusta:  
Sun Oct 14 15:25:17 BOT 2012: ASYNC -> STATS> Tiempo respuesta -0.056972 seg.
Sun Oct 14 15:25:29 BOT 2012: ASYNC -> STATS> Tiempo respuesta -0.47971 seg.
Sun Oct 14 15:26:08 BOT 2012: Ajax->Mostrar Nombre Artista:  
Sun Oct 14 15:27:20 BOT 2012: Ajax-> popup_listar_amigos: msisdn: 
Sun Oct 14 15:39:37 BOT 2012: Ajax-> Mostrar Megusta> tono:109435 
Sun Oct 14 15:40:34 BOT 2012: Check Session > msisdn: 75055357 > Usuario Valido 
Sun Oct 14 15:41:17 BOT 2012: Consulta de precio de reason:2 - msisdn: tono:105036 Async responde:350
 
Sun Oct 14 15:41:17 BOT 2012: ASYNC -> STATS> Tiempo respuesta -0.98556 seg.
Sun Oct 14 15:41:41 BOT 2012: Ajax-> popup_listar_amigos: msisdn:75055357 
Sun Oct 14 15:42:08 BOT 2012: Ajax->Mostrar Megusta:  
Sun Oct 14 15:45:11 BOT 2012: ASYNC -> STATS> Tiempo respuesta 0.0035040000000001 seg.
Sun Oct 14 15:48:48 BOT 2012: Ajax-> Mostrar Comentarios> tono:137824 
Sun Oct 14 15:51:51 BOT 2012: Ajax-> Mostrar  Nombre Genero > tono:435 
Sun Oct 14 15:56:16 BOT 2012: Ajax->Mostrar Megusta:  
Sun Oct 14 15:56:19 BOT 2012: Asignar backtone escuchado > Asi termino:102757,105243,105242,595,594,102905,102766,102765,125,105247,102763,102762,150238,147085,150278,105281,130981,103845,155364,156950,
Sun Oct 14 15:56:28 BOT 2012: Ajax->Mostrar Nombre Genero:  
Sun Oct 14 15:57:13 BOT 2012: ASYNC -> STATS> Tiempo respuesta 0.0014890000000001 seg.
Sun Oct 14 16:01:26 BOT 2012: Ajax-> popup_listar_amigos: msisdn: 
Sun Oct 14 16:06:21 BOT 2012: ASYNC -> STATS> Tiempo respuesta -0.177962 seg.
Sun Oct 14 16:06:24 BOT 2012: Error al consultar precio de renovacion - msisdn: tono:152116 - Async responde -3
Sun Oct 14 16:06:27 BOT 2012: Ajax->Mostrar Ranking:  
Sun Oct 14 16:08:48 BOT 2012: Ajax-> Mostrar  Imagen Portada> tono:137879 
Sun Oct 14 16:08:54 BOT 2012: Mostrar Cantidad reproducciones: tono:143078 cantidad: 0
Sun Oct 14 16:21:59 BOT 2012: WEB_REPRODUCIR_BUSQUEDA > Se recibieron:2 tonos
Sun Oct 14 16:23:36 BOT 2012: Session Start>  session por defecto 
Sun Oct 14 16:27:51 BOT 2012: Busqueda Inteligente: resultados >135061
Sun Oct 14 16:30:07 BOT 2012: Mostrar Album: >albumes/album-default.jpg
Sun Oct 14 16:31:01 BOT 2012: Session Start>  session por defecto 
Sun Oct 14 16:33:55 BOT 2012: ASYNC -> STATS> Tiempo respuesta 0.002687 seg.
Sun Oct 14 16:35:14 BOT 2012: Ajax->Mostrar Nombre Artista:  
Sun Oct 14 16:38:05 BOT 2012: Ajax->Mostrar Comentarios:  
Sun Oct 14 16:48:07 BOT 2012: Asignar backtone escuchado > Asi termino:152126,155380,152118,155372,102676,150018,110495,137818,144160,102754,102753,104190,104189,104177,
Sun Oct 14 16:48:13 BOT 2012: Ajax->Mostrar Reproducciones:  
Sun Oct 14 16:48:13 BOT 2012: Error al consultar precio de renovacion - msisdn: tono:152126 - Async responde -3
Sun Oct 14 16:48:13 BOT 2012: ASYNC -> STATS> Tiempo respuesta -0.003251 seg.
Sun Oct 14 16:48:16 BOT 2012: Ajax-> Mostrar  Imagen Portada> tono:240 
Sun Oct 14 16:51:28 BOT 2012: Ajax->Mostrar Nombre Artista:  
Sun Oct 14 16:54:02 BOT 2012: Consulta de precio de reason:3 - msisdn: tono:137253 Async responde:350
 
Sun Oct 14 16:54:02 BOT 2012: Asignar backtone escuchado > Asi termino:131760,102897,102774,104212,126489,102881,147098,104255,102884,102773,102883,103152,103292,103151,103291,103150,550,118670,
Sun Oct 14 16:56:50 BOT 2012: Session Start>  session por defecto 
Sun Oct 14 16:57:56 BOT 2012: Ajax->Mostrar Ranking:  
Sun Oct 14 16:58:09 BOT 2012: Ajax->Mostrar Nombre Artista:  
Sun Oct 14 17:08:22 BOT 2012: Ajax-> Mostrar  Imagen Portada> tono:102699 
Sun Oct 14 17:12:59 BOT 2012: Ajax->Mostrar Megusta:  
Sun Oct 14 17:12:59 BOT 2012: Ajax->Mostrar Ranking:  
Sun Oct 14 17:17:24 BOT 2012: Ajax->Mostrar Comentarios:  
Sun Oct 14 17:21:36 BOT 2012: Mostrar Cantidad reproducciones: tono:105309 cantidad: 0
Sun Oct 14 17:24:34 BOT 2012: Ajax->Mostrar Nombre Genero:  
Sun Oct 14 17:32:02 BOT 2012: Ajax-> Mostrar  Nombre Genero > tono:104797 
Sun Oct 14 17:34:21 BOT 2012: Ajax-> Login Usuario msisdn:   pin: > Validar msisdn
Sun Oct 14 17:36:09 BOT 2012: Ajax->Mostrar Reproducciones:  
Sun Oct 14 17:49:47 BOT 2012: Ajax->Mostrar Ranking:  
Sun Oct 14 17:53:39 BOT 2012: Ajax->Mostrar Comentarios:  
Sun Oct 14 18:14:25 BOT 2012: ASYNC -> STATS> Tiempo respuesta 0.003416 seg.
Sun Oct 14 18:25:45 BOT 2012: ASYNC -> STATS> Tiempo respuesta 0.002838 seg.
Sun Oct 14 18:26:36 BOT 2012: Session Start>  session por defecto 
Sun Oct 14 18:34:34 BOT 2012: ASYNC -> STATS> Tiempo respuesta 0.001794 seg.
Sun Oct 14 18:36:56 BOT 2012: Ajax-> Mostrar Ranking > tono:103824 
Sun Oct 14 18:40:17 BOT 2012: Busqueda Inteligente: 
Sun Oct 14 18:42:24 BOT 2012: Ajax->Mostrar Ranking:  
Sun Oct 14 18:44:36 BOT 2012: ASYNC -> STATS> Tiempo respuesta 0.001424 seg.
Sun Oct 14 18:55:53 BOT 2012: ASYNC -> STATS> Tiempo respuesta 0.003437 seg.
Sun Oct 14 19:08:01 BOT 2012: ASYNC -> STATS> Tiempo respuesta 0.000782 seg.
Sun Oct 14 19:11:01 BOT 2012: Ajax->Mostrar Comentarios:  
Sun Oct 14 19:12:41 BOT 2012: Ajax->Mostrar Reproducciones:  
Sun Oct 14 19:16:46 BOT 2012: Busqueda Inteligente: resultados >132460
Sun Oct 14 19:40:56 BOT 2012: Busqueda Inteligente: MAROON
Sun Oct 14 19:47:27 BOT 2012: ASYNC -> STATS> Tiempo respuesta 0.003588 seg.
Sun Oct 14 19:47:30 BOT 2012: ASYNC -> STATS> Tiempo respuesta -0.002395 seg.
Sun Oct 14 19:47:30 BOT 2012: Ajax->Mostrar Reproducciones:  
Sun Oct 14 19:47:36 BOT 2012: Ajax->Mostrar Megusta:  
Sun Oct 14 19:47:36 BOT 2012: Ajax->Mostrar Comentarios:  
Sun Oct 14 19:52:40 BOT 2012: Ajax->Mostrar Comentarios:  
Sun Oct 14 19:54:37 BOT 2012: Ajax-> Mostrar  Imagen Portada> tono:154234 
Sun Oct 14 19:55:40 BOT 2012: ASYNC -> STATS> Tiempo respuesta 0.001572 seg.
Sun Oct 14 19:55:43 BOT 2012: ASYNC -> STATS> Tiempo respuesta -0.229277 seg.
Sun Oct 14 19:55:43 BOT 2012: ASYNC -> STATS> Tiempo respuesta -0.21357 seg.
Sun Oct 14 19:56:34 BOT 2012: ASYNC -> STATS> Tiempo respuesta 0.005285 seg.
Sun Oct 14 19:56:40 BOT 2012: ASYNC -> STATS> Tiempo respuesta 0.637229 seg.
Sun Oct 14 19:56:46 BOT 2012: Ajax->Mostrar Ranking:  
Sun Oct 14 19:56:55 BOT 2012: ASYNC -> STATS> Tiempo respuesta 0.309376 seg.
Sun Oct 14 19:56:58 BOT 2012: Ajax->Mostrar Megusta:  
Sun Oct 14 20:03:48 BOT 2012: Ajax->Mostrar Reproducciones:  
Sun Oct 14 20:04:39 BOT 2012: Busqueda Inteligente: resultados >135713
Sun Oct 14 20:06:15 BOT 2012: WEB_REPRODUCIR_BUSQUEDA > Se recibieron:1 tonos
Sun Oct 14 20:20:23 BOT 2012: Ajax->Mostrar Nombre Genero:  
Sun Oct 14 20:24:51 BOT 2012: Ajax->Mostrar Ranking:  
Sun Oct 14 20:27:04 BOT 2012: ASYNC -> STATS> Tiempo respuesta 0.002318 seg.
Sun Oct 14 20:29:40 BOT 2012: Ajax-> Mostrar Ranking > tono:120251 
Sun Oct 14 20:32:59 BOT 2012: Ajax->Mostrar Nombre Artista:  
Sun Oct 14 20:37:32 BOT 2012: Ajax->Mostrar Comentarios:  
Sun Oct 14 20:43:30 BOT 2012: ASYNC -> STATS> Tiempo respuesta 0.004593 seg.
Sun Oct 14 20:44:01 BOT 2012: Asignar backtone escuchado > Asi termino:155366,104629,104628,104094,104559,129897,474,127469,127474,103819,129238,113050,104092,110100,110101,127435,127463,103447,102729,104095,
Sun Oct 14 20:55:42 BOT 2012: Asignar backtone escuchado > Asi termino:141881,104171,276,107747,103469,102675,104656,105008,156618,141918,123008,133434,131834,104288,129233,124055,129439,128414,104745,128418,
Sun Oct 14 20:57:57 BOT 2012: Ajax->Mostrar Nombre Artista:  
Sun Oct 14 20:58:18 BOT 2012: Ajax->Mostrar Reproducciones:  
Sun Oct 14 20:58:51 BOT 2012: Ajax->Mostrar Megusta:  
Sun Oct 14 20:59:30 BOT 2012: Ajax-> Mostrar  Imagen Portada> tono:155506 
Sun Oct 14 20:59:51 BOT 2012: Ajax->Mostrar Comentarios:  
Sun Oct 14 20:59:57 BOT 2012: STATS > BUSQUEDA DE BACKTONE >Tiempo: 0.493554 seg. | registros: 20
Sun Oct 14 21:01:55 BOT 2012: Ajax-> Mostrar Megusta> tono:104297 
Sun Oct 14 21:19:34 BOT 2012: Ajax->Mostrar Reproducciones:  
Sun Oct 14 21:24:01 BOT 2012: Ajax->Mostrar Megusta:  
Sun Oct 14 21:26:11 BOT 2012: WEB_REPRODUCIR_BUSQUEDA > Se recibieron:48 tonos
Sun Oct 14 21:28:38 BOT 2012: Busqueda Inteligente: resultados >127465
Sun Oct 14 21:34:03 BOT 2012: Ajax-> Mostrar Ranking > tono:153382 
Sun Oct 14 21:36:43 BOT 2012: Ajax->Mostrar Imagen Portada:  
Sun Oct 14 21:43:29 BOT 2012: Ajax->Mostrar Megusta:  
Sun Oct 14 21:45:53 BOT 2012: Mostrar Ranking: tono:105096 calificacion: 5
Sun Oct 14 21:46:23 BOT 2012: Ajax-> Mostrar  Imagen Portada> tono:104508 
Sun Oct 14 21:50:00 BOT 2012: Ajax-> Mostrar  Genero > G&eacute;nero:  <a href='index.php?seccion=playlist&genero=153'>Rock Latino</a>
Sun Oct 14 21:51:36 BOT 2012: Ajax->Mostrar Reproducciones:  
Sun Oct 14 21:52:21 BOT 2012: Ajax->Mostrar Imagen Portada:  
Sun Oct 14 21:52:51 BOT 2012: Ajax->Mostrar Nombre Genero:  
Sun Oct 14 21:56:01 BOT 2012: Asignar backtone escuchado > Asi termino:103507,211,102630,104991,155680,103083,104379,515,103232,103082,103939,149592,156792,141881,117854,145676,149528,130819,115884,104592,
Sun Oct 14 21:57:55 BOT 2012: Busqueda Inteligente: resultados >122653
Sun Oct 14 21:57:58 BOT 2012: ASYNC -> STATS> Tiempo respuesta 0.0021439999999999 seg.
Sun Oct 14 21:58:07 BOT 2012: STATS > BUSQUEDA DE BACKTONE >Tiempo: 0.082105 seg. | registros: 114
Sun Oct 14 21:58:52 BOT 2012: Ajax->Mostrar Reproducciones:  
Sun Oct 14 22:01:23 BOT 2012: Ajax->Mostrar Ranking:  
Sun Oct 14 22:01:23 BOT 2012: Asignar backtone escuchado > Asi termino:113598,104886,105535,113612,126679,120230,131616,131708,133440,104174,133434,133822,104391,133794,104826,112436,104195,105746,103095,136048,
Sun Oct 14 22:01:29 BOT 2012: ASYNC -> STATS> Tiempo respuesta 0.004892 seg.
Sun Oct 14 22:01:29 BOT 2012: Ajax->Mostrar Reproducciones:  
Sun Oct 14 22:01:29 BOT 2012: ASYNC -> STATS> Tiempo respuesta -0.776793 seg.
Sun Oct 14 22:01:32 BOT 2012: ASYNC -> STATS> Tiempo respuesta -0.011392 seg.
Sun Oct 14 22:01:38 BOT 2012: ASYNC -> STATS> Tiempo respuesta 0.014133 seg.
Sun Oct 14 22:01:41 BOT 2012: ASYNC -> STATS> Tiempo respuesta -0.726743 seg.
Sun Oct 14 22:02:02 BOT 2012: Ajax->Mostrar Nombre Artista:  
Sun Oct 14 22:02:02 BOT 2012: Asignar backtone escuchado > Asi termino:133434,103452,103451,103450,103449,442,113598,104886,198,102674,103507,211,102630,104991,155680,103083,104379,515,103232,103082,
Sun Oct 14 22:07:09 BOT 2012: Busqueda Inteligente: resultados >107792
Sun Oct 14 22:08:15 BOT 2012: Ajax->Mostrar Comentarios:  
Sun Oct 14 22:08:30 BOT 2012: Ajax->Mostrar Nombre Genero:  
Sun Oct 14 22:09:39 BOT 2012: Mostrar Genero: >G&eacute;nero:  <a href='index.php?seccion=playlist&genero=143'>Latinas</a>
Sun Oct 14 22:12:04 BOT 2012: Ajax->Mostrar Comentarios:  
Sun Oct 14 22:15:40 BOT 2012: Mostrar Album: >albumes/album-default.jpg
Sun Oct 14 22:23:33 BOT 2012: Ajax->Mostrar Reproducciones:  
Sun Oct 14 22:25:00 BOT 2012: Ajax->Mostrar Megusta:  
Sun Oct 14 22:25:21 BOT 2012: Asignar backtone escuchado > Asi termino:105036,105096,105274,105276,153338,156166,156168,156154,155680,
Sun Oct 14 22:25:33 BOT 2012: Ajax-> Mostrar Megusta> tono:104794 
Sun Oct 14 22:26:03 BOT 2012: ASYNC -> STATS> Tiempo respuesta -0.027892 seg.
Sun Oct 14 22:26:03 BOT 2012: Ajax->Mostrar Megusta:  
Sun Oct 14 22:26:33 BOT 2012: Ajax->Mostrar Nombre Artista:  
Sun Oct 14 22:26:42 BOT 2012: Ajax-> Mostrar  Nombre Genero > tono:133439 
Sun Oct 14 22:26:45 BOT 2012: Ajax->Mostrar Comentarios:  
Sun Oct 14 22:27:03 BOT 2012: Consulta de precio de reason:2 - msisdn: tono:103430 Async responde:350
 
Sun Oct 14 22:28:09 BOT 2012: Ajax->Mostrar Comentarios:  
Sun Oct 14 22:29:00 BOT 2012: Busqueda Inteligente: 
Sun Oct 14 22:29:03 BOT 2012: Ajax->Mostrar Megusta:  
Sun Oct 14 22:29:03 BOT 2012: Ajax->Mostrar Reproducciones:  
Sun Oct 14 22:30:13 BOT 2012: Consulta de precio de reason:3 - msisdn:76275359 tono:135095 Async responde:350
 
Sun Oct 14 22:30:16 BOT 2012: Ajax-> Mostrar  Imagen Portada> tono:137266 
Sun Oct 14 22:32:01 BOT 2012: Error al consultar precio de renovacion - msisdn: tono:127472 - Async responde -3
Sun Oct 14 22:33:04 BOT 2012: Ajax-> Mostrar Ranking > tono:153384 
Sun Oct 14 22:44:15 BOT 2012: Ajax->Mostrar Nombre Genero:  
Sun Oct 14 22:47:03 BOT 2012: Ajax->Mostrar Ranking:  
Sun Oct 14 22:47:03 BOT 2012: Asignar backtone escuchado > Asi termino:147354,129675,135956,103124,127376,122287,127400,105490,135225,110342,155820,133681,102731,102610,105274,105276,144149,107788,107763,147092,
Sun Oct 14 22:51:10 BOT 2012: Ajax->Mostrar Imagen Portada:  
Sun Oct 14 23:06:13 BOT 2012: Ajax-> Mostrar Megusta> tono:105235 
Sun Oct 14 23:12:23 BOT 2012: Ajax->Mostrar Reproducciones:  
Sun Oct 14 23:19:15 BOT 2012: ASYNC -> STATS> Tiempo respuesta 0.007013 seg.
Sun Oct 14 23:21:24 BOT 2012: Ajax->Mostrar Nombre Artista:  
Sun Oct 14 23:21:39 BOT 2012: Ajax->Mostrar Megusta:  
Sun Oct 14 23:25:16 BOT 2012: Ajax->Actualizar pin usuario >recibe el msisdn:75342363 
Sun Oct 14 23:27:16 BOT 2012: Ajax-> Mostrar Ranking > tono:104345 
