Sun Mar 25 20:20:13 BOT 2012: ASYNC -> STATS> Tiempo respuesta 0.014103 seg.
Sun Mar 25 20:22:19 BOT 2012: ASYNC -> STATS> Tiempo respuesta 0.164814 seg.
Sun Mar 25 20:22:22 BOT 2012: Consulta de precio de reason:2 - msisdn: tono:103487 Async responde:350
 
Sun Mar 25 20:25:26 BOT 2012: Ajax->Mostrar Megusta:  
Sun Mar 25 20:27:32 BOT 2012: Ajax->Mostrar Comentarios:  
Sun Mar 25 20:33:12 BOT 2012: ASYNC -> STATS> Tiempo respuesta 0.001169 seg.
Sun Mar 25 20:37:25 BOT 2012: Asignar backtone escuchado > Asi termino:82,120,103328,102622,127898,104991,124243,102693,135727,109240,240,112462,105024,105274,105276,105078,104670,538,103072,
Sun Mar 25 20:37:28 BOT 2012: ASYNC -> STATS> Tiempo respuesta 0.001288 seg.
Sun Mar 25 20:37:34 BOT 2012: Mostrar Ranking: tono:123008 calificacion: 
Sun Mar 25 20:37:55 BOT 2012: Ajax->Mostrar Imagen Portada:  
Sun Mar 25 20:41:25 BOT 2012: Mostrar Megusta > tono: 104470 msisdn:76922544 > cantidad de registros: 0
Sun Mar 25 20:42:01 BOT 2012: Asignar backtone escuchado > Asi termino:104027,102661,538,103790,102630,121503,121501,121500,137811,109260,109259,105807,137818,109264,128304,109262,105808,128305,137828,137826,
Sun Mar 25 20:43:05 BOT 2012: Mostrar Ranking: tono:323 calificacion: 
Sun Mar 25 20:44:38 BOT 2012: Mostrar Ranking: tono:104193 calificacion: 
Sun Mar 25 20:45:23 BOT 2012: Ajax-> Mostrar  Nombre Genero > tono:133828 
Sun Mar 25 20:45:26 BOT 2012: Busqueda Inteligente: resultados >104305
Sun Mar 25 20:47:50 BOT 2012: ASYNC -> STATS> Tiempo respuesta 0.803815 seg.
Sun Mar 25 20:48:11 BOT 2012: WEB REPROD BUSQ > Facebook link: http%3A%2F%2Fbacktones.tigo.com.bo%2Fv3%2Findex.php%3Fseccion%3Dplaylist%26search%3Dcategoria+los+mas+escuchados%26f%3D1%26t%3D123213
Sun Mar 25 20:49:06 BOT 2012: Ajax->Mostrar Nombre Artista:  
Sun Mar 25 20:49:24 BOT 2012: ASYNC -> STATS> Tiempo respuesta 0.001402 seg.
