Fri Oct 5 0:03:07 BOT 2012: Mostrar Album: >Artista:  <a href='index.php?seccion=playlist&autor=1538'>Go Media</a>
Fri Oct 5 0:03:53 BOT 2012: ASYNC -> STATS> Tiempo respuesta 0.001425 seg.
Fri Oct 5 0:07:50 BOT 2012: Session Start>  Chequeo de sesion
Fri Oct 5 0:11:27 BOT 2012: Ajax-> Mostrar Ranking > tono:118724 
Fri Oct 5 0:19:22 BOT 2012: Consulta de precio de reason:10 - msisdn: tono:105647 Async responde:350
 
Fri Oct 5 0:19:58 BOT 2012: Ajax-> Mostrar  Imagen Portada> tono:155478 
Fri Oct 5 0:42:53 BOT 2012: Ajax->Mostrar Reproducciones:  
Fri Oct 5 0:47:12 BOT 2012: Ajax->Mostrar Nombre Genero:  
Fri Oct 5 1:19:02 BOT 2012: Busqueda Inteligente: resultados >105374
Fri Oct 5 1:21:38 BOT 2012: Ajax->Mostrar Imagen Portada:  
Fri Oct 5 1:21:41 BOT 2012: Ajax->Mostrar Nombre Artista:  
Fri Oct 5 1:21:59 BOT 2012: Session Start>  session por defecto 
Fri Oct 5 9:04:57 BOT 2012: Ajax-> Mostrar Ranking > tono:102693 
Fri Oct 5 9:05:54 BOT 2012: Ajax->Mostrar Megusta:  
Fri Oct 5 9:07:45 BOT 2012: Ajax-> Mostrar  Nombre Artista > tono:103478 
Fri Oct 5 9:11:40 BOT 2012: Consulta de precio de reason:3 - msisdn: tono:109318 Async responde:350
 
Fri Oct 5 9:16:05 BOT 2012: ASYNC -> STATS> Tiempo respuesta 0.003481 seg.
Fri Oct 5 9:19:17 BOT 2012: Ajax->Mostrar Imagen Portada:  
Fri Oct 5 9:20:38 BOT 2012: ASYNC -> STATS> Tiempo respuesta 0.0039089999999999 seg.
Fri Oct 5 9:28:13 BOT 2012: ASYNC -> STATS> Tiempo respuesta 0.002814 seg.
Fri Oct 5 9:35:44 BOT 2012: Ajax-> Mostrar Megusta> tono:103999 
Fri Oct 5 9:36:05 BOT 2012: Busqueda Inteligente: resultados >129892
Fri Oct 5 9:43:57 BOT 2012: STATS > BUSQUEDA DE BACKTONE >Tiempo: 0.080028 seg. | registros: 114
Fri Oct 5 9:44:06 BOT 2012: Ajax->Mostrar Nombre Artista:  
Fri Oct 5 9:49:19 BOT 2012: Ajax-> Mostrar Ranking > tono:104646 
Fri Oct 5 9:57:15 BOT 2012: Ajax->Mostrar Comentarios:  
Fri Oct 5 10:02:52 BOT 2012: Ajax-> Mostrar Megusta> tono:109240 
Fri Oct 5 10:03:55 BOT 2012: Asignar backtone escuchado > Asi termino:112704,124971,105420,109415,109414,104998,103048,103458,103462,103461,127449,103460,103459,127447,
Fri Oct 5 10:06:01 BOT 2012: Ajax->Mostrar Reproducciones:  
Fri Oct 5 10:06:13 BOT 2012: Ajax->Mostrar Ranking:  
Fri Oct 5 10:10:50 BOT 2012: Ajax-> Mostrar Ranking > tono:109247 
Fri Oct 5 10:13:39 BOT 2012: Ajax->Mostrar Nombre Genero:  
Fri Oct 5 10:18:06 BOT 2012: Ajax->Mostrar Nombre Artista:  
Fri Oct 5 10:19:40 BOT 2012: Ajax->Mostrar Nombre Genero:  
Fri Oct 5 10:20:13 BOT 2012: Asignar backtone escuchado > Asi termino:102639,105096,103072,103029,103089,201,102630,127787,276,509,104661,104200,32,133440,129884,131616,104826,104193,104189,104174,
Fri Oct 5 10:22:22 BOT 2012: Ajax-> Mostrar Ranking > tono:127787 
Fri Oct 5 10:33:57 BOT 2012: Ajax->Mostrar Nombre Artista:  
Fri Oct 5 10:34:48 BOT 2012: Ajax-> Mostrar Ranking > tono:109320 
Fri Oct 5 10:37:40 BOT 2012: Ajax-> Mostrar  Imagen Portada> tono:103044 
Fri Oct 5 10:37:52 BOT 2012: Session Start>  session por defecto 
Fri Oct 5 10:39:49 BOT 2012: ASYNC -> STATS> Tiempo respuesta -0.101967 seg.
Fri Oct 5 10:40:22 BOT 2012: Mostrar Album: >Artista:  <a href='index.php?seccion=playlist&autor=108'>Paulina Rubio</a>
Fri Oct 5 10:41:44 BOT 2012: Ajax-> Mostrar Comentarios> tono:152504 
Fri Oct 5 10:42:59 BOT 2012: Ajax->Mostrar Nombre Genero:  
Fri Oct 5 10:43:26 BOT 2012: Ajax->Mostrar Imagen Portada:  
Fri Oct 5 10:45:08 BOT 2012: ASYNC -> STATS> Tiempo respuesta 0.005178 seg.
Fri Oct 5 10:47:03 BOT 2012: Mostrar Ranking: tono:104591 calificacion: 
Fri Oct 5 10:47:12 BOT 2012: Ajax->Mostrar Imagen Portada:  
Fri Oct 5 10:47:21 BOT 2012: ASYNC -> STATS> Tiempo respuesta -0.798179 seg.
Fri Oct 5 10:47:24 BOT 2012: Asignar backtone escuchado > Asi termino:103344,104591,133736,109243,449,102693,240,103639,102669,102505,13,126029,125660,103708,104067,134662,147767,103927,105540,
Fri Oct 5 10:47:33 BOT 2012: Ajax->Mostrar Imagen Portada:  
Fri Oct 5 10:47:54 BOT 2012: Ajax->Mostrar Imagen Portada:  
Fri Oct 5 10:49:09 BOT 2012: STATS > BUSQUEDA DE BACKTONE >Tiempo: -0.256305 seg. | registros: 1
Fri Oct 5 10:52:52 BOT 2012: Ajax->Mostrar Reproducciones:  
Fri Oct 5 10:53:25 BOT 2012: Ajax->Mostrar Megusta:  
Fri Oct 5 10:54:52 BOT 2012: Ajax-> Mostrar Ranking > tono:107788 
Fri Oct 5 10:55:34 BOT 2012: Ajax->Mostrar Nombre Artista:  
Fri Oct 5 10:55:43 BOT 2012: Consulta de precio de reason:5 - msisdn:77225261 tono:107794 Async responde:350
 
Fri Oct 5 10:55:49 BOT 2012: Ajax-> Mostrar Megusta> tono:107794 
Fri Oct 5 10:55:49 BOT 2012: Ajax->Mostrar Nombre Artista:  
Fri Oct 5 10:55:55 BOT 2012: ASYNC -> STATS> Tiempo respuesta -0.22483 seg.
Fri Oct 5 10:55:58 BOT 2012: Ajax->Mostrar Reproducciones:  
Fri Oct 5 10:56:07 BOT 2012: Ajax->Mostrar Reproducciones:  
Fri Oct 5 10:56:07 BOT 2012: Asignar backtone escuchado > Asi termino:107794,107788,107763,129924,144311,144306,137818,102727,137817,135674,130364,104819,107747,103578,103556,133865,104329,104328,133859,
Fri Oct 5 10:58:17 BOT 2012: Ajax-> Mostrar  Genero > G&eacute;nero:  <a href='index.php?seccion=playlist&genero=110'>Cumbia</a>
Fri Oct 5 11:04:45 BOT 2012: ASYNC -> STATS> Tiempo respuesta 0.002277 seg.
Fri Oct 5 11:05:57 BOT 2012: Consulta de precio de reason:3 - msisdn: tono:102564 Async responde:350
 
Fri Oct 5 11:05:57 BOT 2012: Ajax->Mostrar Comentarios:  
Fri Oct 5 11:05:57 BOT 2012: Asignar backtone escuchado > Asi termino:104991,104336,177,150260,150292,134681,134661,139727,151286,122655,134638,118727,118725,103872,
Fri Oct 5 11:06:30 BOT 2012: Mostrar Ranking: tono:127400 calificacion: 5
Fri Oct 5 11:07:33 BOT 2012: Session Start>  session por defecto 
Fri Oct 5 11:12:19 BOT 2012: Mostrar Ranking: tono:457 calificacion: 
Fri Oct 5 11:17:41 BOT 2012: Ajax-> Mostrar  Nombre Artista > tono:104553 
Fri Oct 5 11:19:05 BOT 2012: Ajax->Mostrar Megusta:  
Fri Oct 5 11:20:41 BOT 2012: Busqueda Inteligente: resultados >104383
Fri Oct 5 11:22:27 BOT 2012: Asignar backtone escuchado > Asi termino:104460,105077,105078,104670,201,103671,102673,103997,103224,199,205,103992,209,211,202,102893,103628,572,112702,103274,
Fri Oct 5 11:26:03 BOT 2012: Asignar backtone escuchado > Asi termino:137086,
Fri Oct 5 11:26:06 BOT 2012: ASYNC -> STATS> Tiempo respuesta 0.59469 seg.
Fri Oct 5 11:26:09 BOT 2012: Ajax->Mostrar Ranking:  
Fri Oct 5 11:26:12 BOT 2012: ASYNC -> STATS> Tiempo respuesta -0.004866 seg.
Fri Oct 5 11:26:12 BOT 2012: Ajax->Mostrar Ranking:  
Fri Oct 5 11:26:15 BOT 2012: Ajax->Mostrar Megusta:  
Fri Oct 5 11:26:24 BOT 2012: Ajax->Mostrar Reproducciones:  
Fri Oct 5 11:26:24 BOT 2012: Busqueda Inteligente: resultados >118745
Fri Oct 5 11:26:24 BOT 2012: Ajax->Mostrar Imagen Portada:  
Fri Oct 5 11:29:07 BOT 2012: Ajax->Mostrar Comentarios:  
Fri Oct 5 11:30:13 BOT 2012: Ajax->Mostrar Reproducciones:  
Fri Oct 5 11:37:02 BOT 2012: Asignar backtone escuchado > Asi termino:109240,104393,240,109322,103343,104278,109249,109320,109247,109318,109317,246,109246,109238,109245,109243,449,109242,135727,104279,
Fri Oct 5 11:37:05 BOT 2012: Ajax->Actualizar pin usuario >recibe el msisdn:78307299 
Fri Oct 5 11:43:39 BOT 2012: Session Start>  session por defecto 
Fri Oct 5 11:44:21 BOT 2012: Ajax-> Mostrar  Imagen Portada> tono:102956 
Fri Oct 5 11:45:22 BOT 2012: ASYNC -> STATS> Tiempo respuesta 0.002595 seg.
Fri Oct 5 11:46:31 BOT 2012: Ajax->Mostrar Ranking:  
Fri Oct 5 11:53:08 BOT 2012: Ajax->Mostrar Nombre Artista:  
Fri Oct 5 11:55:29 BOT 2012: Error al consultar precio de renovacion - msisdn: tono:246 - Async responde -3
Fri Oct 5 11:55:32 BOT 2012: ASYNC -> STATS> Tiempo respuesta 0.665854 seg.
Fri Oct 5 11:55:38 BOT 2012: Asignar backtone escuchado > Asi termino:103770,133856,102630,141106,144149,
Fri Oct 5 11:55:38 BOT 2012: Ajax->Mostrar Ranking:  
Fri Oct 5 11:55:41 BOT 2012: Session Start>  Chequeo de sesion
Fri Oct 5 11:56:20 BOT 2012: Ajax->Mostrar Imagen Portada:  
Fri Oct 5 12:22:12 BOT 2012: Ajax->Mostrar Nombre Artista:  
Fri Oct 5 12:32:59 BOT 2012: ASYNC -> STATS> Tiempo respuesta 0.042231 seg.
Fri Oct 5 12:33:59 BOT 2012: WEB_REPRODUCIR_BUSQUEDA > Se recibieron:27 tonos
Fri Oct 5 14:01:56 BOT 2012: Ajax->Mostrar Nombre Genero:  
Fri Oct 5 14:05:30 BOT 2012: Ajax->Mostrar Reproducciones:  
Fri Oct 5 14:07:48 BOT 2012: Mostrar Album: >Artista:  <a href='index.php?seccion=playlist&autor=1336'>Zion and Lennox</a>
Fri Oct 5 14:10:00 BOT 2012: Ajax-> Mostrar Ranking > tono:109240 
Fri Oct 5 14:10:42 BOT 2012: ASYNC -> STATS> Tiempo respuesta 0.002318 seg.
Fri Oct 5 14:11:03 BOT 2012: Ajax-> Mostrar Ranking > tono:103031 
Fri Oct 5 14:11:06 BOT 2012: Ajax-> Mostrar Comentarios> tono:103031 
Fri Oct 5 14:11:31 BOT 2012: Busqueda Inteligente: j alvarez
Fri Oct 5 14:12:07 BOT 2012: Busqueda Inteligente: resultados >103190
Fri Oct 5 14:13:01 BOT 2012: Ajax-> Mostrar Megusta> tono:104393 
Fri Oct 5 14:13:22 BOT 2012: ASYNC -> STATS> Tiempo respuesta 0.003802 seg.
Fri Oct 5 14:14:28 BOT 2012: Ajax-> Mostrar  Nombre Genero > tono:102723 
Fri Oct 5 14:18:44 BOT 2012: Mostrar Cantidad reproducciones: tono:456 cantidad: 0
Fri Oct 5 14:19:02 BOT 2012: Asignar backtone escuchado > Asi termino:134023,134015,134638,134687,134686,134685,134683,134681,134661,134660,141022,133876,141024,103170,130816,521,103082,128438,128440,
Fri Oct 5 14:19:38 BOT 2012: Asignar backtone escuchado > Asi termino:104393,240,
Fri Oct 5 14:19:38 BOT 2012: Asignar backtone escuchado > Asi termino:155216,
Fri Oct 5 14:19:47 BOT 2012: ASYNC -> STATS> Tiempo respuesta 0.002385 seg.
Fri Oct 5 14:22:51 BOT 2012: Ajax-> Mostrar Megusta> tono:103462 
Fri Oct 5 14:23:03 BOT 2012: Ajax->Mostrar Nombre Genero:  
Fri Oct 5 14:23:42 BOT 2012: Ajax-> Mostrar  Imagen Portada> tono:103115 
Fri Oct 5 14:23:54 BOT 2012: Ajax-> Mostrar  Imagen Portada> tono:146585 
Fri Oct 5 14:23:54 BOT 2012: Ajax-> Mostrar Comentarios> tono:103627 
Fri Oct 5 14:24:51 BOT 2012: ASYNC -> STATS> Tiempo respuesta 0.176267 seg.
Fri Oct 5 14:25:15 BOT 2012: ASYNC -> STATS> Tiempo respuesta 0.004066 seg.
Fri Oct 5 14:28:22 BOT 2012: Ajax-> Mostrar Comentarios> tono:246 
Fri Oct 5 14:34:56 BOT 2012: ASYNC -> STATS> Tiempo respuesta 0.003408 seg.
Fri Oct 5 14:34:59 BOT 2012: Ajax-> Mostrar  Nombre Artista > tono:130816 
Fri Oct 5 14:35:02 BOT 2012: ASYNC -> STATS> Tiempo respuesta 0.003005 seg.
Fri Oct 5 14:35:20 BOT 2012: Ajax-> Mostrar  Nombre Genero > tono:102630 
Fri Oct 5 14:36:23 BOT 2012: Mostrar Megusta> tono: 104279 msisdn: > 001
Fri Oct 5 14:40:27 BOT 2012: Ajax-> Mostrar Ranking > tono:127273 
Fri Oct 5 14:44:10 BOT 2012: Asignar backtone escuchado > Asi termino:136235,110,135958,103299,129435,145390,53,129217,136231,125516,135975,136220,135954,133873,145932,136043,135950,127273,127450,104097,
Fri Oct 5 14:45:28 BOT 2012: WEB_REPRODUCIR_BUSQUEDA > Se recibieron:74 tonos
Fri Oct 5 14:45:37 BOT 2012: ASYNC -> STATS> Tiempo respuesta -0.015314 seg.
Fri Oct 5 14:46:49 BOT 2012: ASYNC -> STATS> Tiempo respuesta 0.3034 seg.
Fri Oct 5 14:46:52 BOT 2012: Error al consultar precio de renovacion - msisdn: tono:116469 - Async responde -3
Fri Oct 5 14:49:19 BOT 2012: Ajax->Mostrar Megusta:  
Fri Oct 5 14:51:23 BOT 2012: Ajax->Mostrar Nombre Genero:  
Fri Oct 5 14:54:14 BOT 2012: Busqueda Inteligente: resultados >150264
Fri Oct 5 14:54:50 BOT 2012: Ajax-> Mostrar Comentarios> tono:134660 
Fri Oct 5 14:58:51 BOT 2012: Ajax-> Mostrar  Nombre Artista > tono:257 
Fri Oct 5 15:02:49 BOT 2012: Ajax-> Mostrar Ranking > tono:139345 
Fri Oct 5 15:05:58 BOT 2012: Ajax-> Mostrar Ranking > tono:103051 
Fri Oct 5 15:09:05 BOT 2012: Ajax-> Mostrar  Nombre Artista > tono:123525 
Fri Oct 5 15:09:44 BOT 2012: Ajax->Mostrar Nombre Genero:  
Fri Oct 5 15:09:50 BOT 2012: Ajax->Mostrar Ranking:  
Fri Oct 5 15:13:45 BOT 2012: Ajax-> Mostrar  Imagen Portada> tono:155480 
Fri Oct 5 15:14:39 BOT 2012: Ajax->Mostrar Comentarios:  
Fri Oct 5 15:22:17 BOT 2012: Ajax->Mostrar Imagen Portada:  
Fri Oct 5 15:26:32 BOT 2012: ASYNC -> STATS> Tiempo respuesta 0.341401 seg.
Fri Oct 5 15:33:22 BOT 2012: ASYNC -> STATS> Tiempo respuesta -0.699931 seg.
Fri Oct 5 15:35:43 BOT 2012: Ajax->Mostrar Megusta:  
Fri Oct 5 15:38:28 BOT 2012: Ajax->Mostrar Reproducciones:  
Fri Oct 5 15:41:26 BOT 2012: ASYNC -> STATS> Tiempo respuesta 0.004794 seg.
Fri Oct 5 15:42:23 BOT 2012: Ajax-> Mostrar Comentarios> tono:145928 
Fri Oct 5 15:43:02 BOT 2012: Ajax-> Mostrar Comentarios> tono:123218 
Fri Oct 5 15:45:15 BOT 2012: WEB_REPRODUCIR_BUSQUEDA > Se recibieron:3 tonos
Fri Oct 5 15:45:30 BOT 2012: Busqueda Inteligente: resultados >106292
Fri Oct 5 15:46:54 BOT 2012: Ajax-> Mostrar Ranking > tono:130814 
Fri Oct 5 15:47:09 BOT 2012: Ajax->Mostrar Ranking:  
Fri Oct 5 15:49:42 BOT 2012: Ajax-> Mostrar  Imagen Portada> tono:155412 
Fri Oct 5 15:49:51 BOT 2012: ASYNC -> STATS> Tiempo respuesta 0.661056 seg.
Fri Oct 5 15:50:12 BOT 2012: Check Session > msisdn: 78062052 > Usuario Valido 
Fri Oct 5 15:57:11 BOT 2012: Busqueda Inteligente: Eminem
Fri Oct 5 15:57:32 BOT 2012: ASYNC -> STATS> Tiempo respuesta 0.003172 seg.
Fri Oct 5 16:00:26 BOT 2012: Check Session > msisdn: 76402507 > Usuario Valido 
Fri Oct 5 16:00:44 BOT 2012: Busqueda Inteligente: resultados >104922
Fri Oct 5 16:00:50 BOT 2012: ASYNC -> STATS> Tiempo respuesta 0.003403 seg.
Fri Oct 5 16:05:01 BOT 2012: Busqueda Inteligente: resultados >132461
Fri Oct 5 16:09:31 BOT 2012: Mostrar Ranking: tono:126026 calificacion: 5
Fri Oct 5 16:11:16 BOT 2012: Ajax->Mostrar Nombre Artista:  
Fri Oct 5 16:14:26 BOT 2012: Ajax-> Mostrar  Nombre Artista > tono:135152 
Fri Oct 5 16:15:29 BOT 2012: ASYNC -> STATS> Tiempo respuesta 0.184025 seg.
Fri Oct 5 16:15:32 BOT 2012: Ajax-> Mostrar  Imagen Portada> Album:albumes/juanes.jpg
Fri Oct 5 16:16:53 BOT 2012: Busqueda Inteligente: resultados >144149
Fri Oct 5 16:16:56 BOT 2012: STATS > BUSQUEDA DE BACKTONE >Tiempo: 0.044504 seg. | registros: 2
Fri Oct 5 16:21:27 BOT 2012: Mostrar Megusta > tono: 133736 msisdn:76161938 > cantidad de registros: 0
Fri Oct 5 16:26:34 BOT 2012: Asignar backtone escuchado > Asi termino:129884,129886,133790,
Fri Oct 5 16:28:31 BOT 2012: ASYNC -> STATS> Tiempo respuesta -0.022446 seg.
Fri Oct 5 16:28:40 BOT 2012: Ajax->Mostrar Comentarios:  
Fri Oct 5 16:29:55 BOT 2012: Session Start>  Chequeo de sesion
Fri Oct 5 16:34:55 BOT 2012: Mostrar Album: >albumes/album-default.jpg
Fri Oct 5 16:35:19 BOT 2012: Ajax-> Mostrar  Imagen Portada> tono:104788 
Fri Oct 5 16:35:46 BOT 2012: Ajax-> Mostrar Ranking > tono:154228 
Fri Oct 5 16:37:49 BOT 2012: Consulta de precio de reason:2 - msisdn:77149665 tono:134661 Async responde:350
 
Fri Oct 5 16:43:05 BOT 2012: Ajax-> Mostrar  Nombre Genero > tono:105096 
Fri Oct 5 16:43:35 BOT 2012: Ajax->Mostrar Megusta:  
Fri Oct 5 16:44:27 BOT 2012: Busqueda Inteligente: Alejandro Sanz feat. Alicia Keys
Fri Oct 5 16:44:51 BOT 2012: Ajax-> Mostrar Comentarios> tono:134023 
Fri Oct 5 16:46:54 BOT 2012: Busqueda Inteligente: 
Fri Oct 5 16:48:54 BOT 2012: Ajax->Mostrar Comentarios:  
Fri Oct 5 16:52:25 BOT 2012: Ajax->Mostrar Comentarios:  
Fri Oct 5 16:52:28 BOT 2012: Error al consultar precio de renovacion - msisdn: tono:104655 - Async responde -3
Fri Oct 5 16:53:46 BOT 2012: Asignar backtone escuchado > Asi termino:132462,132108,128233,123718,128612,128237,131643,105040,144149,102630,243,103687,103712,141881,149592,156792,115945,104659,105645,104658,
Fri Oct 5 16:55:10 BOT 2012: Ajax->Mostrar Nombre Genero:  
Fri Oct 5 16:55:10 BOT 2012: Ajax->Mostrar Ranking:  
Fri Oct 5 16:55:13 BOT 2012: ASYNC -> STATS> Tiempo respuesta 0.754364 seg.
Fri Oct 5 16:55:16 BOT 2012: ASYNC -> STATS> Tiempo respuesta -0.007887 seg.
Fri Oct 5 16:55:38 BOT 2012: Ajax->Mostrar Nombre Genero:  
Fri Oct 5 16:56:20 BOT 2012: Ajax->Mostrar Imagen Portada:  
Fri Oct 5 16:57:17 BOT 2012: Mostrar Album: >Artista:  <a href='index.php?seccion=playlist&autor=31'>Shakira</a>
Fri Oct 5 16:57:32 BOT 2012: Ajax-> Mostrar Ranking > tono:105282 
Fri Oct 5 16:57:35 BOT 2012: Ajax->Mostrar Ranking:  
Fri Oct 5 17:00:14 BOT 2012: Ajax->Mostrar Megusta:  
Fri Oct 5 17:04:03 BOT 2012: Ajax->Mostrar Imagen Portada:  
Fri Oct 5 17:04:51 BOT 2012: Busqueda Inteligente: resultados >104249
Fri Oct 5 17:05:33 BOT 2012: MTD_DB_BUSCAR_ARTISTAS > retornando registros:38
Fri Oct 5 17:06:51 BOT 2012: Ajax->Mostrar Ranking:  
Fri Oct 5 17:06:54 BOT 2012: Ajax->Mostrar Comentarios:  
Fri Oct 5 17:10:49 BOT 2012: Busqueda Inteligente: resultados >102639
Fri Oct 5 17:11:04 BOT 2012: Ajax->Mostrar Nombre Artista:  
Fri Oct 5 17:11:40 BOT 2012: ASYNC -> STATS> Tiempo respuesta 0.003894 seg.
Fri Oct 5 17:15:17 BOT 2012: Ajax->Eliminando backtone: msisdn:75575409   
Fri Oct 5 17:21:45 BOT 2012: Ajax->Mostrar Comentarios:  
Fri Oct 5 17:23:51 BOT 2012: Busqueda Inteligente: resultados >103861
Fri Oct 5 17:25:40 BOT 2012: Session Start>  session por defecto 
Fri Oct 5 17:30:59 BOT 2012: Ajax-> Mostrar  Nombre Artista > tono:549 
Fri Oct 5 17:33:50 BOT 2012: Ajax->Mostrar Ranking:  
Fri Oct 5 17:33:59 BOT 2012: Consulta de precio de reason:5 - msisdn:77469018 tono:105519 Async responde:350
 
Fri Oct 5 17:35:08 BOT 2012: MTD_DB_BUSCAR_ARTISTAS > retornando registros:23
Fri Oct 5 17:36:18 BOT 2012: Ajax-> Mostrar Ranking > tono:549 
Fri Oct 5 17:37:24 BOT 2012: Mostrar Album: >Artista:  <a href='index.php?seccion=playlist&autor=141'>Aventura</a>
Fri Oct 5 17:37:27 BOT 2012: Ajax->Mostrar Ranking:  
Fri Oct 5 17:37:30 BOT 2012: ASYNC -> STATS> Tiempo respuesta -0.670394 seg.
Fri Oct 5 17:39:15 BOT 2012: ASYNC -> STATS> Tiempo respuesta 0.0027199999999999 seg.
Fri Oct 5 17:40:12 BOT 2012: Ajax->Mostrar Reproducciones:  
Fri Oct 5 17:40:51 BOT 2012: Mostrar Ranking: tono:106351 calificacion: 
Fri Oct 5 17:41:43 BOT 2012: Ajax->Mostrar Megusta:  
Fri Oct 5 17:42:07 BOT 2012: Session Start>  session por defecto 
Fri Oct 5 17:42:52 BOT 2012: Mostrar Album: >Artista:  <a href='index.php?seccion=playlist&autor=307'>Martha Sanchez</a>
Fri Oct 5 17:43:04 BOT 2012: Session Start>  session por defecto 
Fri Oct 5 17:43:10 BOT 2012: Consulta de precio de reason:10 - msisdn: tono:104221 Async responde:350
 
Fri Oct 5 17:45:10 BOT 2012: Ajax->Mostrar Nombre Genero:  
Fri Oct 5 17:45:16 BOT 2012: Ajax-> Mostrar Ranking > tono:103288 
Fri Oct 5 17:49:47 BOT 2012: Busqueda Inteligente: resultados >102672
Fri Oct 5 17:59:31 BOT 2012: Check Session > msisdn: 78536444 > Usuario Valido 
Fri Oct 5 18:01:16 BOT 2012: Asignar backtone escuchado > Asi termino:102515,133788,32,133440,131636,131615,104180,131618,135160,133,131842,131625,104177,129884,131616,240,104171,105621,104344,109322,
Fri Oct 5 18:01:40 BOT 2012: Ajax->Mostrar Nombre Genero:  
Fri Oct 5 18:02:07 BOT 2012: Busqueda Inteligente: Resultado 
 148116;Gol__;Cali y el Dandee;Reggaeton
150032;Yo te esperare;Cali y el Dandee;Latinas
150036;Yo te esperare Instrumental;Cali y el Dandee;Latinas
132461;Calido Y Frio Ft Santiago Cruz;fRANCO dE vITA;Latinas
142927;Sexo Sudor Y Calor;Opratel;Promo Clubstigo
142929;Sexo Sudor Y Calor 2;Opratel;Reggaeton
124041;California King Bed;Rihanna;Pop
103760;DALE CALIENTE;E.A.L;Reggaeton
103163;diabla caliente;PlanB;Latinas
109968;pechos calientes;La Noche;Cumbia
107737;-Were All In This Together-High School Musical;Disney;Disney
109735;calor de cielo;Alberto Plaza;Latinas
104442;Cal y arena;Merche;Latinas
102870;calentando me voy;David Bisal;Latinas
142225;Call Center Chica sexy;Go Media;Chistes
103431;Como No Hay Nadie;Daniel Calveti;Cristianas
127898;Crazy Little Thing Called;Queen;Clasicos
160;En Chacaltaya;Sin Autor;Latinas
153336;Feel So Close feat Benny Benassi Remix;Calvin Harris;Pop
103769;Hoy Todo Es Mejor;ElencoHighSchoolMusical;Infantiles
107732;I Want It All-High School Musical;Disney;Disney
139722;Isabel y La Calavera;Opratel;Chistes
125504;La Momposina Susana Baca y Maria Rita;Calle13;Reggaeton
130357;Las vocales Opratel;Tali y Messiah Opratel;Mi Promo ConTigo
103300;My Apocalypse;Metallica;Rock
103583;No hay nadie como tu;Calle13;Reggaeton
107733;Right Here  Right Now-High School Musical;Disney;Disney
153384;The Call Gotthard;Opratel;Heavy Metal
103587;VenYCriticame;Calle13;Reggaeton
103774;YaEsHoraDeBrillar;ElencoHighSchoolMusical;Infantiles
145848;Yo soy el carnaval ver calle;Berthy Takana;Carnaval
103437;Yo Te Pienso;Daniel Calveti;Cristianas
103775;YoSabia;ElencoHighSchoolMusical;Infantiles
107740;You Are the Music in Me-High School Musical;Disney;Disney
103422;Nadando;Mayonesa;Salsa y Merengue
86;Donde estas vida mia;Andy boy vitico;Pop
150026;Donde hubo fuego;Hermanos Yaipen;Cumbia
133794;Donde Y Cuando;Yalo cuellar;Folklore
133792;Donde Y Cuando;Yalo cuellar;Folklore
113620;oye donde esta el amor;Wisin y Yandel;Reggaeton
155078;Gol;Cali y el Dandee;Latinas
102610; Back To Black;Amy Winehouse;Pop
104178; En Las Playas Del Beni;La Banda de Perucho;Carnaval
150405; GMM_08DEMAYO12_11_CANCION  ;KARAOKE;KARAOKE
104532; My Religion;Wazzup;ibiza open tour
102622; Permitame;Wisin y Yandel;Reggaeton
105534; Sexo Seguro; Yandel-Franco "El Gorilla";Latinas
104165; Soy Tarateno;Banda Poopo;Carnaval
104179; Voy Por Un Besito;Pan de Arroz;Carnaval
150709;"GMM_15DEMAYO12_01_CANCION  ;KARAOKE;KARAOKE
150710;"GMM_15DEMAYO12_02_CANCION  ;KARAOKE;KARAOKE
106286;-Just dance;Cover Lady GaGa;Pop
106288;-Love game-;Cover Lady GaGa;Pop
106289;-Paparazzi-;Cover Lady GaGa;Pop
106290;-Poker Face;Cover Lady GaGa;Pop
107788;-Rey El Galan mas Galan-MTV ISA TKM;MTV;MTV
107794;-Rey Tu Credito se esta agotando-MTV ISA TKM;MTV;MTV
106294;-Speechless-;Cover Lady GaGa;Pop
106295;-The fame-;Cover Lady GaGa;Pop
105746;-You know me;Version Opratel;Latinas
103466;2YTuTeVas;Chayanne;Latinas
105422;3;Britney spears;Pop
108557;7 things;Miley Cyrus;Pop
109227;a cara o cruz;Mike Suarez;Salsa y Merengue
126476;A Destiempo;Luciano Pereyra;Pop
129924;A Ella Le Gusta El Dembow Feat Zion;RKM & Ken y;Reggaeton
386;A Escodidas;Agrupacion marilyn;Cumbia
322;A escondidas;Agrupacion marylin;Latinas
604;A escondidas.;Agrupacion marilyn;Cumbia
84;A fuegote;Daddy Yankee;Reggaeton
131819;A Good Day For Love To Die;The Wanted;Pop
103838;A La Bim Bom Bam;Llajtaymanta;Carnaval
150020;A llorar a otra parte;Hermanos Yaipen;Cumbia
145261;A mi ladito;Humbertiko y Urbano;Reggaeton
104607;A Mi Manera My Way;Raphael;Pop
131645;A Punto De Cazar Feat Cosculluela;Tony Dize;Reggaeton
144646;A Song For You;Amy Winehouse;Pop
107460;A Whole New World;Disney;Disney
124025;A year without rain;Selena Gomez;Pop
148;Abajeña en Sevaruyo;Sin Autor;Latinas
136258;ABC Salaam Remi Krunk A Delic Party Mix;Jackson 5;Pop
104200;Abrazame Muy Fuerte;Juan Gabriel;Rancheras
112705;abrazame muy fuerte 1;Marc Anthony;Latinas
104886;Abusadora;Wisin y Yandel;Reggaeton
126857;Addicted To You;Shakira;Pop
126470;Adeste Fideles O Come All Ye Faithful;Frank Sinatra;Pop
105302;Adios; Yandel-Franco "El Gorilla";Latinas
131812;Aerosol;Spray by Kareja;Chistes
149516;Afortunadamente No Eres Tu;Paty CÃƒÂ¡ntu;HipHop
105913;AFP_01DEMAYO_10_SONIDOS;KARAOKE;KARAOKE
105915;AFP_01DEMAYO_11_SONIDOS;KARAOKE;KARAOKE
105282; Escaleras De Arena;Paulina Rubio;Latinas
102 
Fri Oct 5 18:02:10 BOT 2012: Ajax-> Mostrar Ranking > tono:156790 
Fri Oct 5 18:02:55 BOT 2012: Consulta de precio de reason:2 - msisdn: tono:604 Async responde:350
 
Fri Oct 5 18:03:34 BOT 2012: MTD_DB_BUSCAR_ARTISTAS > retornando registros:1
Fri Oct 5 18:07:35 BOT 2012: Ajax-> Mostrar  Imagen Portada> tono:105999 
Fri Oct 5 18:08:35 BOT 2012: Ajax->Mostrar Imagen Portada:  
Fri Oct 5 18:15:57 BOT 2012: ASYNC -> STATS> Tiempo respuesta 0.003482 seg.
Fri Oct 5 18:20:49 BOT 2012: Ajax-> Mostrar  Imagen Portada> tono:104797 
Fri Oct 5 18:27:21 BOT 2012: Busqueda Inteligente: Bajo Fondo
Fri Oct 5 18:32:19 BOT 2012: Ajax-> Mostrar  Nombre Artista > tono:126861 
Fri Oct 5 18:34:37 BOT 2012: Ajax->Mostrar Nombre Artista:  
Fri Oct 5 18:35:19 BOT 2012: Session Start>  session por defecto 
Fri Oct 5 18:40:50 BOT 2012: Ajax-> Mostrar Ranking > tono:207 
Fri Oct 5 18:43:21 BOT 2012: Ajax->Mostrar Reproducciones:  
Fri Oct 5 18:43:33 BOT 2012: Asignar backtone escuchado > Asi termino:139956,118745,118725,105848,127376,105237,131829,140783,133698,103379,
Fri Oct 5 18:46:18 BOT 2012: Ajax->Mostrar Reproducciones:  
Fri Oct 5 18:46:49 BOT 2012: Mostrar Genero: >G&eacute;nero:  <a href='index.php?seccion=playlist&genero=110'>Cumbia</a>
Fri Oct 5 18:47:43 BOT 2012: Ajax->Mostrar Megusta:  
Fri Oct 5 18:48:01 BOT 2012: ASYNC -> STATS> Tiempo respuesta 0.003246 seg.
Fri Oct 5 18:49:22 BOT 2012: ASYNC -> STATS> Tiempo respuesta 0.0031270000000001 seg.
Fri Oct 5 18:51:55 BOT 2012: Busqueda Inteligente: 
Fri Oct 5 18:56:05 BOT 2012: Asignar backtone escuchado > Asi termino:150596,150598,150600,150602,150604,150492,103708,126712,105755,135044,145332,137266,126710,150114,135043,104118,103707,135041,103012,103011,
Fri Oct 5 18:56:35 BOT 2012: Ajax->Mostrar Megusta:  
Fri Oct 5 18:56:47 BOT 2012: Ajax->Mostrar Reproducciones:  
Fri Oct 5 18:56:53 BOT 2012: Ajax-> Mostrar Megusta> tono:135225 
Fri Oct 5 18:58:42 BOT 2012: Ajax-> Mostrar Comentarios> tono:104296 
Fri Oct 5 19:05:49 BOT 2012: Busqueda Inteligente: cumbia nueva
Fri Oct 5 19:09:41 BOT 2012: LISTAR_MODO_ROTACION_BACTONES > usuario: 76353662  modo:5 
Fri Oct 5 19:12:26 BOT 2012: Ajax-> Mostrar  Imagen Portada> tono:105566 
Fri Oct 5 19:13:14 BOT 2012: Ajax->Mostrar Ranking:  
Fri Oct 5 19:14:14 BOT 2012: Busqueda Inteligente: resultados >104254
Fri Oct 5 19:16:57 BOT 2012: Asignar backtone escuchado > Asi termino:104189,104190,104174,124243,152502,
Fri Oct 5 19:19:00 BOT 2012: Ajax->Mostrar Reproducciones:  
Fri Oct 5 19:22:28 BOT 2012: Ajax-> Mostrar Comentarios> tono:103030 
Fri Oct 5 19:22:55 BOT 2012: session-default => asignando por default session
Fri Oct 5 19:25:29 BOT 2012: WEB_REPRODUCIR_BUSQUEDA > Se recibieron:3 tonos
Fri Oct 5 19:26:44 BOT 2012: ASYNC -> STATS> Tiempo respuesta 0.002915 seg.
Fri Oct 5 19:32:48 BOT 2012: Ajax-> Mostrar Megusta> tono:139727 
Fri Oct 5 19:35:13 BOT 2012: Session Start>  session por defecto 
Fri Oct 5 19:38:52 BOT 2012: Ajax->Mostrar Reproducciones:  
Fri Oct 5 19:39:37 BOT 2012: Mostrar Cantidad reproducciones: tono:131616 cantidad: 0
Fri Oct 5 19:44:20 BOT 2012: Ajax-> Mostrar  Nombre Genero > tono:105078 
Fri Oct 5 19:44:56 BOT 2012: Ajax-> Mostrar Comentarios> tono:103736 
Fri Oct 5 19:44:56 BOT 2012: Mostrar Album: >albumes/album-default.jpg
Fri Oct 5 19:44:59 BOT 2012: Ajax-> Mostrar  Nombre Genero > tono:155364 
Fri Oct 5 19:45:51 BOT 2012: Session Start>  session por defecto 
Fri Oct 5 19:46:03 BOT 2012: Session Start>  session por defecto 
Fri Oct 5 19:46:30 BOT 2012: Ajax->Mostrar Reproducciones:  
Fri Oct 5 19:48:03 BOT 2012: Session Start>  session por defecto 
Fri Oct 5 19:54:04 BOT 2012: Ajax-> Mostrar Ranking > tono:135958 
Fri Oct 5 19:54:10 BOT 2012: Ajax-> Mostrar Ranking > tono:106235 
Fri Oct 5 19:56:01 BOT 2012: WEB_REPRODUCIR_BUSQUEDA > Se recibieron:68 tonos
Fri Oct 5 19:56:04 BOT 2012: Busqueda Inteligente: resultados >214
Fri Oct 5 20:06:21 BOT 2012: Ajax->Mostrar Reproducciones:  
Fri Oct 5 20:07:18 BOT 2012: Ajax-> Mostrar  Genero > G&eacute;nero:  <a href='index.php?seccion=playlist&genero=159'>Sonidos</a>
Fri Oct 5 20:07:42 BOT 2012: Ajax->Mostrar Ranking:  
Fri Oct 5 20:10:22 BOT 2012: Ajax->Mostrar Nombre Genero:  
Fri Oct 5 20:12:19 BOT 2012: Asignar backtone escuchado > Asi termino:116504,103993,102790,104460,205,112702,103274,103469,103790,102630,427,426,425,424,423,104874,104873,104110,102744,155196,
Fri Oct 5 20:12:22 BOT 2012: Ajax->Mostrar Megusta:  
Fri Oct 5 20:12:34 BOT 2012: Ajax->Mostrar Nombre Artista:  
Fri Oct 5 20:13:44 BOT 2012: ASYNC -> STATS> Tiempo respuesta -0.396698 seg.
Fri Oct 5 20:13:44 BOT 2012: Ajax->Mostrar Megusta:  
Fri Oct 5 20:13:50 BOT 2012: Ajax-> Mostrar  Nombre Artista > tono:134631 
Fri Oct 5 20:14:20 BOT 2012: Ajax-> Mostrar  Nombre Artista > tono:102537 
Fri Oct 5 20:14:50 BOT 2012: Ajax->Mostrar Comentarios:  
Fri Oct 5 20:15:41 BOT 2012: Ajax->Mostrar Ranking:  
Fri Oct 5 20:18:38 BOT 2012: Ajax->Mostrar Reproducciones:  
Fri Oct 5 20:19:09 BOT 2012: ASYNC -> STATS> Tiempo respuesta 0.004823 seg.
Fri Oct 5 20:19:39 BOT 2012: Ajax->Mostrar Reproducciones:  
Fri Oct 5 20:21:42 BOT 2012: Ajax-> Mostrar Megusta> tono:113620 
Fri Oct 5 20:23:54 BOT 2012: Ajax->Mostrar Nombre Genero:  
Fri Oct 5 20:24:12 BOT 2012: Ajax-> Mostrar Ranking > tono:104815 
Fri Oct 5 20:24:58 BOT 2012: Session Start>  Chequeo de sesion
Fri Oct 5 20:25:13 BOT 2012: Ajax->Mostrar Megusta:  
Fri Oct 5 20:25:22 BOT 2012: MTD_DB_BUSCAR_ARTISTAS > retornando registros:9
Fri Oct 5 20:25:25 BOT 2012: ASYNC -> STATS> Tiempo respuesta -0.136488 seg.
Fri Oct 5 20:25:31 BOT 2012: Consulta de precio de reason:3 - msisdn:75518230 tono:157090 Async responde:350
 
Fri Oct 5 20:25:31 BOT 2012: Ajax->Mostrar Nombre Artista:  
Fri Oct 5 20:25:31 BOT 2012: ASYNC -> STATS> Tiempo respuesta 0.005125 seg.
Fri Oct 5 20:25:34 BOT 2012: ASYNC -> STATS> Tiempo respuesta -0.00175 seg.
Fri Oct 5 20:27:04 BOT 2012: Ajax-> Mostrar  Imagen Portada> tono:105238 
Fri Oct 5 20:31:02 BOT 2012: Ajax->Mostrar Nombre Artista:  
Fri Oct 5 20:33:05 BOT 2012: Ajax->Mostrar Comentarios:  
Fri Oct 5 20:36:12 BOT 2012: Error al consultar precio de renovacion - msisdn: tono:102686 - Async responde -3
Fri Oct 5 20:36:30 BOT 2012: Ajax->Mostrar Comentarios:  
Fri Oct 5 20:37:21 BOT 2012: Ajax->Mostrar Megusta:  
Fri Oct 5 20:38:00 BOT 2012: Ajax-> Mostrar Megusta> tono:103595 
Fri Oct 5 20:38:24 BOT 2012: Ajax->Mostrar Megusta:  
Fri Oct 5 20:38:57 BOT 2012: ASYNC -> STATS> Tiempo respuesta 0.00249 seg.
Fri Oct 5 20:41:21 BOT 2012: WEB_REPRODUCIR_BUSQUEDA > Se recibieron:87 tonos
Fri Oct 5 20:41:31 BOT 2012: Ajax-> Mostrar  Nombre Artista > tono:106335 
Fri Oct 5 20:42:07 BOT 2012: Ajax-> Mostrar Megusta> tono:126142 
Fri Oct 5 20:42:25 BOT 2012: Ajax->Mostrar Imagen Portada:  
Fri Oct 5 20:44:40 BOT 2012: Ajax->Mostrar Comentarios:  
Fri Oct 5 20:46:41 BOT 2012: ASYNC -> STATS> Tiempo respuesta 0.006984 seg.
Fri Oct 5 20:46:47 BOT 2012: ASYNC -> STATS> Tiempo respuesta 0.001139 seg.
Fri Oct 5 20:46:50 BOT 2012: ASYNC -> STATS> Tiempo respuesta -0.317423 seg.
Fri Oct 5 20:46:53 BOT 2012: ASYNC -> STATS> Tiempo respuesta 0.005321 seg.
Fri Oct 5 20:46:59 BOT 2012: Error al consultar precio de renovacion - msisdn: tono:155422 - Async responde -3
Fri Oct 5 20:46:59 BOT 2012: Ajax->Mostrar Reproducciones:  
Fri Oct 5 20:47:02 BOT 2012: ASYNC -> STATS> Tiempo respuesta -0.01493 seg.
Fri Oct 5 20:47:05 BOT 2012: ASYNC -> STATS> Tiempo respuesta 0.006111 seg.
Fri Oct 5 20:49:56 BOT 2012: WEB REPROD BUSQ > Facebook link: http%3A%2F%2Fbacktones.tigo.com.bo%2Fv3%2Findex.php%3Fseccion%3Dplaylist%26genero%3D155%26f%3D1%26t%3D123123
Fri Oct 5 20:52:51 BOT 2012: Busqueda Inteligente: resultados >105251
Fri Oct 5 20:59:07 BOT 2012: Ajax->Mostrar Nombre Genero:  
Fri Oct 5 21:04:32 BOT 2012: WEB REPROD BUSQ > Facebook link: http%3A%2F%2Fbacktones.tigo.com.bo%2Fv3%2Findex.php%3Fseccion%3Dplaylist%26genero%3D151%26f%3D1%26t%3D123123
Fri Oct 5 21:06:41 BOT 2012: Busqueda Inteligente: resultados >103871
Fri Oct 5 21:08:11 BOT 2012: Busqueda Inteligente: resultados >127278
Fri Oct 5 21:08:17 BOT 2012: Session Start>  session por defecto 
Fri Oct 5 21:12:38 BOT 2012: Busqueda Inteligente: resultados >133776
Fri Oct 5 21:17:44 BOT 2012: Mostrar Genero: >G&eacute;nero:  <a href='index.php?seccion=playlist&genero=185'>David Guetta</a>
Fri Oct 5 21:19:53 BOT 2012: Ajax-> Mostrar Ranking > tono:104275 
Fri Oct 5 21:20:29 BOT 2012: Ajax-> Mostrar  Nombre Artista > tono:107794 
Fri Oct 5 21:25:33 BOT 2012: ASYNC -> STATS> Tiempo respuesta 0.524665 seg.
Fri Oct 5 21:29:28 BOT 2012: Ajax-> Mostrar Ranking > tono:112468 
Fri Oct 5 21:29:34 BOT 2012: Ajax->Mostrar Ranking:  
Fri Oct 5 21:29:40 BOT 2012: ASYNC -> STATS> Tiempo respuesta -0.02233 seg.
Fri Oct 5 21:30:31 BOT 2012: Ajax->Mostrar Ranking:  
Fri Oct 5 21:31:19 BOT 2012: Ajax-> Mostrar Megusta> tono:116512 
Fri Oct 5 21:41:33 BOT 2012: Ajax->Mostrar Reproducciones:  
Fri Oct 5 21:41:51 BOT 2012: ASYNC -> STATS> Tiempo respuesta -0.387343 seg.
Fri Oct 5 21:42:03 BOT 2012: Ajax-> Mostrar  Nombre Artista > tono:109314 
Fri Oct 5 21:42:36 BOT 2012: Busqueda Inteligente: resultados >-1
Fri Oct 5 21:45:10 BOT 2012: Ajax->Mostrar Megusta:  
Fri Oct 5 21:45:13 BOT 2012: Ajax-> Mostrar Ranking > tono:104178 
Fri Oct 5 21:46:16 BOT 2012: ASYNC -> STATS> Tiempo respuesta 0.004731 seg.
Fri Oct 5 21:46:46 BOT 2012: Ajax-> Mostrar  Imagen Portada> tono:105030 
Fri Oct 5 21:47:19 BOT 2012: Ajax-> Mostrar Megusta> tono:441 
Fri Oct 5 21:47:50 BOT 2012: Ajax-> Mostrar  Imagen Portada> tono:102774 
Fri Oct 5 21:48:11 BOT 2012: Ajax-> Mostrar Ranking > tono:155646 
Fri Oct 5 21:56:15 BOT 2012: Ajax->Mostrar Comentarios:  
Fri Oct 5 21:56:30 BOT 2012: Busqueda Inteligente: Marc Anthony
Fri Oct 5 21:58:03 BOT 2012: Ajax-> Mostrar Ranking > tono:131636 
Fri Oct 5 21:58:39 BOT 2012: Asignar backtone escuchado > Asi termino:583,102558,104315,122539,155506,577,133736,137244,137249,137251,137246,137257,137261,137253,155364,116502,116504,103086,112702,103790,
Fri Oct 5 21:58:48 BOT 2012: Ajax-> Mostrar Megusta> tono:103700 
Fri Oct 5 22:18:04 BOT 2012: ASYNC -> STATS> Tiempo respuesta 0.003051 seg.
Fri Oct 5 22:21:16 BOT 2012: Ajax-> Mostrar Comentarios> tono:130358 
Fri Oct 5 22:27:20 BOT 2012: Ajax->Mostrar Comentarios:  
Fri Oct 5 22:36:07 BOT 2012: Ajax-> Mostrar Ranking > tono:150596 
Fri Oct 5 22:46:21 BOT 2012: ASYNC -> STATS> Tiempo respuesta 0.006653 seg.
Fri Oct 5 22:50:55 BOT 2012: Ajax->Mostrar Nombre Genero:  
Fri Oct 5 22:54:01 BOT 2012: Ajax-> Mostrar Comentarios> tono:169 
Fri Oct 5 23:00:35 BOT 2012: Consulta de precio de reason:10 - msisdn: tono:129217 Async responde:350
 
Fri Oct 5 23:01:54 BOT 2012: Ajax->Mostrar Reproducciones:  
Fri Oct 5 23:04:45 BOT 2012: Ajax->Mostrar Imagen Portada:  
Fri Oct 5 23:05:06 BOT 2012: WEB REPROD BUSQ > Facebook link: http%3A%2F%2Fbacktones.tigo.com.bo%2Fv3%2Findex.php%3Fseccion%3Dplaylist%26search%3Dpearl+jam%26f%3D1%26t%3D123213
Fri Oct 5 23:05:15 BOT 2012: Ajax->Mostrar Nombre Genero:  
Fri Oct 5 23:05:24 BOT 2012: Ajax-> Mostrar Ranking > tono:133883 
Fri Oct 5 23:07:55 BOT 2012: Mostrar Megusta> tono: 108594 msisdn: > a otros 2  les gusta 
Fri Oct 5 23:08:25 BOT 2012: Session Start>  session por defecto 
Fri Oct 5 23:10:16 BOT 2012: Ajax-> Mostrar Ranking > tono:157090 
Fri Oct 5 23:15:56 BOT 2012: Ajax->Mostrar Reproducciones:  
Fri Oct 5 23:33:23 BOT 2012: Busqueda Inteligente: Resultado 
 105432;polemica de Maradona;TV argentina;A todo futbol con Tigo
107749;Alex Atiende tu celular-MTV ISA TKM;MTV;MTV
106232;Cobertura Tigo!;Tigo;Promo 50 ctv
128297;Golpes En El Corazon MTV;Los Tigres del Norte;Latinas
107769;Isa Falta Poco para que te Atiendan-MTV ISA TKM;MTV;MTV
136050;La Jaula De Oro MTV Unplugged;Los Tigres del Norte;Rancheras
150604;Soy De Oriente Miranos Por TV;Version Solumovil;A todo futbol con Tigo
103466;2YTuTeVas;Chayanne;Latinas
104440;Abre tu mente;Merche;Latinas
103458;Afortunados;Tercer Cielo;Latinas
104749;Asignatura Pendiente;Ricki Martin;Pop
104929;ATIENDE TU ZAPATOFONO;Version Opratel;Sonidos
434;Cantare de tu amor;Danilo Montero;Cristianas
106237;Cobertura Tigo 2!;telecel;Super Promo
102955;como tu;Los Temerarios;Latinas
150152;Como Tu No Hay Dos;Opratel;Promo Clubstigo
134030;Detective De Tu Amor;Zion and Lennox;Latinas
107763;-Cata sabe de tu conversacion-MTV ISA TKM;MTV;MTV
107794;-Rey Tu Credito se esta agotando-MTV ISA TKM;MTV;MTV
155506;A Dios Le Pido MTV Unplugged;Juanes;Latinas
107751;Alex Las palabras de tu corazon-MTV ISA TKM;MTV;MTV
107752;Alex necesita tu celular-MTV ISA TKM;MTV;MTV
107755;Alex te da temas de conversacion-MTV ISA TKM;MTV;MTV
123008;Amigos traigan cerveza;Opratel;Promo 50 ctv
107762;Cata Llamaste a lapedia-MTV ISA TKM;MTV;MTV
107766;Isa Donde esta tu Amigo-MTV ISA TKM;MTV;MTV
107775;Isa Que tengas una llamada Increible-MTV ISA TKM;MTV;MTV
107777;Isa Te quiere contestar Ya-MTV ISA TKM;MTV;MTV
107778;Isa Te quiere Mas-MTV ISA TKM;MTV;MTV
107780;Isa Ya te van a contestar-MTV ISA TKM;MTV;MTV
107783;Linda Siempre estara a tu Lado-MTV ISA TKM;MTV;MTV
107785;Linda te Ensena a Bailar-MTV ISA TKM;MTV;MTV
107787;Linda Ya te contestan-MTV ISA TKM;MTV;MTV
155088;Me Enamora (MTV Unplugged);Juanes;Latinas
144306;No hay consejo que valga coro;Kati Karamelo;Promo 50 ctv
144311;No hay consejo que valga coro 1;Kati Karamelo;Promo 50 ctv
107790;Rey Llamaste al Club de Fans del-MTV ISA TKM;MTV;MTV
107797;Sebas Escucha tu llamada-MTV ISA TKM;MTV;MTV
107799;Sebas Estas llamando a la chica de tus suenos-MTV ISA TKM;MTV;MTV
107802;Sebas Que haces llamando a este numero-MTV ISA TKM;MTV;MTV
102831;sobredosis de TV;Toing;Latinas
150492;Soy De Blooming Miranos Por TV;Version Solumovil;A todo futbol con Tigo
150602;Soy Del Aurora Miranos Por TV;Version Solumovil;A todo futbol con Tigo
150600;Soy Del Bolivar Miranos Por TV;Version Solumovil;A todo futbol con Tigo
150598;Soy Del San Jose Miranos Por TV;Version Solumovil;A todo futbol con Tigo
150596;Soy Del Tigre Miranos Por TV;Version Solumovil;A todo futbol con Tigo
104476;bolivia 1Argentina 0;Gooool de Bolivia;A todo futbol con Tigo
104477;bolivia 2 argentina 1;Gooool de Bolivia;A todo futbol con Tigo
104478;bolivia 3 Argentina 1;Gooool de Bolivia;A todo futbol con Tigo
104479;bolivia 4 argentina 1;Gooool de Bolivia;A todo futbol con Tigo
104480;bolivia 5 argentina 1;Gooool de Bolivia;A todo futbol con Tigo
104481;bolivia 6 argentina1;Gooool de Bolivia;Super Promo
133850;Gol de Aguero Argentina 1 a Bolivia 1;Radio Noticia la Red;Goles
132003;Gol de Edivaldo Bolivia 1 a Argentina 0;Radio Noticia la Red;Goles
109208;ole ole argentina;Generico;Mundial Sudáfrica
109210;vamos argentina;Generico;Mundial Sudáfrica
108518;vamos vamos argentina;Generico;Mundial Sudáfrica
103521; Gol de Vieira Blooming 2 a Oriente 3;Vieira;A todo futbol con Tigo
104383;-PEDIA TEMAS EN LA RADIO;Toing;Latinas
105746;-You know me;Version Opratel;Latinas
144149;11 Porciento;Opratel;Carnavaleando con Tigo
103477;2No me ensenaste ultima version;Prisma;Pop
103472;2te hice mal;Los Temerarios;Latinas
103750;4 minutes;Version Opratel;Latinas
103821;A decir que si;Version Opratel;Latinas
149822;A la Medida;Opratel;Latinas
127787;A llorar a otra parte Opratel;Opratel;Mi Promo ConTigo
154572;A Monteagudo;Tigo;Folklore
103822;A ver si pueden;Version Opratel;Latinas
112705;abrazame muy fuerte 1;Marc Anthony;Latinas
129261;Acerca De La Muerte;Gustavo Cordera;Latinas
18;Acercate mas;Charlee Kingston;Latinas
110318;ActivateIvr;Publicidad;Publicidad
138518;Adelante Bolivia;OXIGENO;A todo futbol con Tigo
127855;Adios amor Opratel2;Opratel;Mi Promo ConTigo
144150;Adios Perra;Opratel;Carnavaleando con Tigo
136633;Adorandote coro;Alianza Nueva;Cristianas
136632;Adorandote estrofa;Alianza Nueva;Cristianas
149516;Afortunadamente N 
Fri Oct 5 23:33:32 BOT 2012: Ajax->Mostrar Nombre Genero:  
Fri Oct 5 23:33:41 BOT 2012: Ajax->Mostrar Nombre Artista:  
Fri Oct 5 23:33:47 BOT 2012: ASYNC -> STATS> Tiempo respuesta 0.039955 seg.
Fri Oct 5 23:33:59 BOT 2012: Mostrar Ranking: tono:104296 calificacion: 
Fri Oct 5 23:33:59 BOT 2012: ASYNC -> STATS> Tiempo respuesta 0.004011 seg.
Fri Oct 5 23:40:52 BOT 2012: ASYNC -> STATS> Tiempo respuesta 0.168741 seg.
Fri Oct 5 23:41:01 BOT 2012: Ajax-> Mostrar Ranking > tono:108275 
Fri Oct 5 23:44:07 BOT 2012: Ajax->Mostrar Ranking:  
Fri Oct 5 23:50:08 BOT 2012: Session Start>  Chequeo de sesion
Fri Oct 5 23:55:42 BOT 2012: Ajax->Mostrar Reproducciones:  
Fri Oct 5 23:56:15 BOT 2012: ASYNC -> STATS> Tiempo respuesta 0.0064489999999999 seg.
