Thu Dec 22 9:17:11 BOT 2011: Ajax->Mostrar Reproducciones:  
Thu Dec 22 9:17:41 BOT 2011: Ajax-> Comprar Backtone: msisdn:76849699 
Thu Dec 22 9:29:31 BOT 2011: Error al consultar precio de renovacion - msisdn:78198467 tono:103593 - Async responde -3
Thu Dec 22 9:32:37 BOT 2011: Asignar backtone escuchado > Asi termino:123534,123520,123537,131048,131046,123516,131038,131728,123523,131044,123533,123542,123541,123527,123513,123538,131040,123540,123515,123528,
Thu Dec 22 9:35:01 BOT 2011: WEB REPROD BUSQ > Facebook link: http%3A%2F%2Fbacktones.tigo.com.bo%2Fv3%2Findex.php%3Fseccion%3Dplaylist%26search%3Danahi%26f%3D1%26t%3D123213
Thu Dec 22 9:35:59 BOT 2011: Ajax-> Mostrar  Imagen Portada> tono:109243 
Thu Dec 22 9:39:32 BOT 2011: ASYNC -> STATS> Tiempo respuesta -0.364151 seg.
Thu Dec 22 9:41:44 BOT 2011: ASYNC -> STATS> Tiempo respuesta 0.006657 seg.
Thu Dec 22 9:42:50 BOT 2011: ASYNC -> STATS> Tiempo respuesta 0.74577 seg.
Thu Dec 22 9:47:33 BOT 2011: Ajax->Mostrar Imagen Portada:  
Thu Dec 22 9:54:04 BOT 2011: Busqueda Inteligente: resultados >140821
Thu Dec 22 9:54:25 BOT 2011: Error al consultar precio de renovacion - msisdn: tono:135057 - Async responde -3
Thu Dec 22 9:56:34 BOT 2011: Ajax->Mostrar Reproducciones:  
Thu Dec 22 9:59:23 BOT 2011: Ajax->Mostrar Megusta:  
Thu Dec 22 10:00:26 BOT 2011: Busqueda Inteligente: resultados >106356
Thu Dec 22 10:00:50 BOT 2011: Ajax->Mostrar Reproducciones:  
Thu Dec 22 10:03:50 BOT 2011: Ajax-> Mostrar Ranking > tono:113602 
Thu Dec 22 10:03:59 BOT 2011: Ajax->Mostrar Imagen Portada:  
Thu Dec 22 10:05:15 BOT 2011: Ajax->Mostrar Megusta:  
Thu Dec 22 10:07:24 BOT 2011: Ajax-> Mostrar Comentarios> tono:131049 
Thu Dec 22 10:08:21 BOT 2011: Ajax-> Mostrar Comentarios> tono:131036 
Thu Dec 22 10:09:15 BOT 2011: Ajax->Mostrar Nombre Genero:  
Thu Dec 22 10:10:18 BOT 2011: Busqueda Inteligente: maneja bien
Thu Dec 22 10:12:04 BOT 2011: Ajax->Mostrar Imagen Portada:  
Thu Dec 22 10:14:16 BOT 2011: ASYNC -> STATS> Tiempo respuesta 0.013149 seg.
Thu Dec 22 10:15:31 BOT 2011: Ajax->Mostrar Nombre Genero:  
Thu Dec 22 10:17:46 BOT 2011: ASYNC -> STATS> Tiempo respuesta -0.00082099999999996 seg.
Thu Dec 22 10:17:55 BOT 2011: Consulta de precio de reason:3 - msisdn: tono:140845 Async responde:350
 
Thu Dec 22 10:18:50 BOT 2011: Ajax->Mostrar Megusta:  
Thu Dec 22 10:32:42 BOT 2011: Ajax-> Mostrar  Nombre Genero > tono:128235 
Thu Dec 22 10:33:37 BOT 2011: Ajax->Mostrar Nombre Genero:  
Thu Dec 22 10:35:52 BOT 2011: ASYNC -> STATS> Tiempo respuesta -0.023297 seg.
Thu Dec 22 10:35:52 BOT 2011: Asignar backtone escuchado > Asi termino:103479,109409,105096,127376,122287,109322,103342,109240,104393,240,
Thu Dec 22 10:36:25 BOT 2011: WEB_REPRODUCIR_BUSQUEDA > Se recibieron:1 tonos
Thu Dec 22 10:36:58 BOT 2011: Asignar backtone escuchado > Asi termino:103134,103275,104029,103993,104027,103086,163,112702,103274,103991,102630,128235,128237,105519,128231,128220,123718,128612,135705,122538,
Thu Dec 22 10:38:49 BOT 2011: Ajax->Mostrar Comentarios:  
Thu Dec 22 10:41:38 BOT 2011: Busqueda Inteligente: Axel
Thu Dec 22 10:41:59 BOT 2011: ASYNC -> STATS> Tiempo respuesta 0.006446 seg.
Thu Dec 22 10:43:53 BOT 2011: Ajax->Mostrar Imagen Portada:  
Thu Dec 22 10:44:23 BOT 2011: Ajax->Mostrar Ranking:  
Thu Dec 22 10:46:20 BOT 2011: Ajax->Mostrar Imagen Portada:  
Thu Dec 22 10:46:47 BOT 2011: Ajax-> Mostrar Megusta> tono:135690 
Thu Dec 22 10:48:00 BOT 2011: Ajax->Mostrar Nombre Artista:  
Thu Dec 22 10:49:42 BOT 2011: Ajax-> Mostrar  Imagen Portada> tono:102821 
Thu Dec 22 10:52:42 BOT 2011: Ajax->Mostrar Reproducciones:  
Thu Dec 22 10:54:10 BOT 2011: Ajax->Mostrar Ranking:  
Thu Dec 22 10:58:04 BOT 2011: Ajax->Mostrar Reproducciones:  
Thu Dec 22 10:58:13 BOT 2011: Ajax-> Mostrar  Imagen Portada> tono:104762 
Thu Dec 22 10:58:34 BOT 2011: Ajax->Mostrar Ranking:  
Thu Dec 22 10:59:22 BOT 2011: Error al consultar precio de renovacion - msisdn: tono:135695 - Async responde -3
Thu Dec 22 11:02:17 BOT 2011: Ajax->Mostrar Ranking:  
Thu Dec 22 11:02:50 BOT 2011: Asignar backtone escuchado > Asi termino:140973,140985,108558,
Thu Dec 22 11:03:53 BOT 2011: ASYNC -> STATS> Tiempo respuesta 0.010658 seg.
Thu Dec 22 11:05:08 BOT 2011: Ajax->Mostrar Reproducciones:  
Thu Dec 22 11:08:02 BOT 2011: Mostrar Album: >Artista:  <a href='index.php?seccion=playlist&autor=143'>Covertone</a>
Thu Dec 22 11:09:51 BOT 2011: ASYNC -> STATS> Tiempo respuesta 0.001655 seg.
Thu Dec 22 11:09:51 BOT 2011: ASYNC -> STATS> Tiempo respuesta -0.062154 seg.
Thu Dec 22 11:10:00 BOT 2011: Consulta de precio de reason:3 - msisdn: tono:103863 Async responde:350
 
Thu Dec 22 11:10:00 BOT 2011: ASYNC -> STATS> Tiempo respuesta 0.010765 seg.
Thu Dec 22 11:10:36 BOT 2011: Ajax-> Mostrar Ranking > tono:103864 
Thu Dec 22 11:16:31 BOT 2011: VALIDAR_MSISDN >76415179 numero valido
Thu Dec 22 11:18:13 BOT 2011: Ajax->Mostrar Megusta:  
Thu Dec 22 11:18:43 BOT 2011: ASYNC -> STATS> Tiempo respuesta -0.118944 seg.
Thu Dec 22 11:19:58 BOT 2011: Ajax->Mostrar Imagen Portada:  
Thu Dec 22 11:25:44 BOT 2011: Ajax-> Mostrar Comentarios> tono:104782 
Thu Dec 22 11:30:06 BOT 2011: Ajax->Mostrar Ranking:  
Thu Dec 22 11:30:48 BOT 2011: Ajax->Mostrar Ranking:  
Thu Dec 22 11:33:06 BOT 2011: Session Start>  session por defecto 
Thu Dec 22 11:34:45 BOT 2011: Asignar backtone escuchado > Asi termino:131036,103939,131038,123541,131042,106343,104567,104692,106304,124243,107747,107794,107763,117863,117840,133441,141113,137886,137880,
Thu Dec 22 11:35:00 BOT 2011: Ajax->Mostrar Megusta:  
Thu Dec 22 11:37:22 BOT 2011: Ajax-> Mostrar Ranking > tono:105758 
Thu Dec 22 11:44:14 BOT 2011: Busqueda Inteligente: Michel Teló
Thu Dec 22 11:45:14 BOT 2011: Asignar backtone escuchado > Asi termino:105775,103277,105765,105762,105764,103134,103275,103132,105760,105758,103274,104652,103872,105358,104968,140825,105036,125088,103782,105294,
Thu Dec 22 11:45:38 BOT 2011: Ajax-> Mostrar  Imagen Portada> Album:albumes/album-default.jpg
Thu Dec 22 11:45:56 BOT 2011: Ajax->Mostrar Nombre Artista:  
Thu Dec 22 11:46:20 BOT 2011: Ajax->Mostrar Nombre Genero:  
Thu Dec 22 11:46:20 BOT 2011: Ajax->Mostrar Comentarios:  
Thu Dec 22 11:46:32 BOT 2011: Ajax-> Mostrar Ranking > tono:105533 
Thu Dec 22 11:47:02 BOT 2011: Ajax-> Mostrar Comentarios> tono:105000 
Thu Dec 22 11:48:45 BOT 2011: ASYNC -> STATS> Tiempo respuesta 0.007679 seg.
Thu Dec 22 11:50:42 BOT 2011: Ajax->Mostrar Megusta:  
Thu Dec 22 11:50:42 BOT 2011: Asignar backtone escuchado > Asi termino:103134,103275,105235,103132,105760,106370,103729,163,105775,103277,105765,105762,105764,105758,103274,104652,103872,105358,104968,
Thu Dec 22 11:50:54 BOT 2011: Ajax->Mostrar Ranking:  
Thu Dec 22 11:51:00 BOT 2011: WEB REPROD BUSQ > Facebook link: http%3A%2F%2Fbacktones.tigo.com.bo%2Fv3%2Findex.php%3Fseccion%3Dplaylist%26genero%3D112%26f%3D1%26t%3D123123
Thu Dec 22 11:51:12 BOT 2011: Ajax->Mostrar Nombre Artista:  
Thu Dec 22 11:53:18 BOT 2011: Session Start>  session por defecto 
Thu Dec 22 11:55:49 BOT 2011: Ajax->Mostrar Nombre Genero:  
Thu Dec 22 12:00:19 BOT 2011: Ajax-> Mostrar Comentarios> tono:104567 
Thu Dec 22 12:00:46 BOT 2011: Ajax->Mostrar Nombre Genero:  
Thu Dec 22 12:02:07 BOT 2011: Ajax-> Mostrar Comentarios> tono:103430 
Thu Dec 22 12:05:59 BOT 2011: ASYNC -> STATS> Tiempo respuesta -0.342309 seg.
Thu Dec 22 12:07:11 BOT 2011: Consulta de precio de reason:10 - msisdn:77635445 tono:134178 Async responde:350
 
Thu Dec 22 12:10:51 BOT 2011: Ajax-> Mostrar Megusta> tono:134687 
Thu Dec 22 12:10:54 BOT 2011: Session Start>  session por defecto 
Thu Dec 22 12:11:36 BOT 2011: Ajax->Mostrar Reproducciones:  
Thu Dec 22 12:13:33 BOT 2011: Ajax->Mostrar Reproducciones:  
Thu Dec 22 12:13:33 BOT 2011: WEB_REPRODUCIR_BUSQUEDA > Se recibieron:65 tonos
Thu Dec 22 12:14:03 BOT 2011: Ajax->Mostrar Nombre Artista:  
Thu Dec 22 12:15:36 BOT 2011: Ajax->Mostrar Ranking:  
Thu Dec 22 12:20:55 BOT 2011: Ajax-> Mostrar  Imagen Portada> tono:104174 
Thu Dec 22 12:21:13 BOT 2011: Ajax->Mostrar Nombre Genero:  
Thu Dec 22 12:25:26 BOT 2011: Ajax-> Mostrar Megusta> tono:131035 
Thu Dec 22 12:25:44 BOT 2011: Ajax->Mostrar Imagen Portada:  
Thu Dec 22 12:25:59 BOT 2011: Ajax->Mostrar Reproducciones:  
Thu Dec 22 12:29:26 BOT 2011: Ajax-> Mostrar Ranking > tono:131040 
Thu Dec 22 12:29:32 BOT 2011: ASYNC -> STATS> Tiempo respuesta 0.0024460000000001 seg.
Thu Dec 22 12:31:30 BOT 2011: Ajax->Mostrar Megusta:  
Thu Dec 22 12:35:57 BOT 2011: ASYNC -> STATS> Tiempo respuesta 0.007757 seg.
Thu Dec 22 12:36:12 BOT 2011: Ajax-> Mostrar Ranking > tono:128220 
Thu Dec 22 12:36:15 BOT 2011: ASYNC -> STATS> Tiempo respuesta -0.022406 seg.
Thu Dec 22 12:36:15 BOT 2011: Ajax->Mostrar Reproducciones:  
Thu Dec 22 12:36:15 BOT 2011: Asignar backtone escuchado > Asi termino:209,208,207,206,205,204,203,202,201,200,199,198,105361,105360,211,210,105276,106279,102634,
Thu Dec 22 12:36:27 BOT 2011: ASYNC -> STATS> Tiempo respuesta -0.001547 seg.
Thu Dec 22 12:37:15 BOT 2011: Mostrar Cantidad reproducciones: tono:128231 cantidad: 0
Thu Dec 22 12:42:37 BOT 2011: Ajax->Mostrar Reproducciones:  
Thu Dec 22 12:45:19 BOT 2011: Ajax-> Mostrar  Nombre Artista > tono:105760 
Thu Dec 22 12:46:53 BOT 2011: ASYNC -> STATS> Tiempo respuesta 0.005556 seg.
Thu Dec 22 12:48:35 BOT 2011: Session Start>  session por defecto 
Thu Dec 22 12:51:26 BOT 2011: Ajax->Mostrar Megusta:  
Thu Dec 22 12:51:35 BOT 2011: Mostrar Ranking: tono:128612 calificacion: 5
Thu Dec 22 12:56:27 BOT 2011: Asignar backtone escuchado > Asi termino:103451,102621,105096,130367,110495,104676,104057,104056,103793,276,509,141881,142527,105501,104470,
Thu Dec 22 12:57:12 BOT 2011: Ajax->Mostrar Megusta:  
Thu Dec 22 12:57:39 BOT 2011: Ajax-> Mostrar Ranking > tono:103136 
Thu Dec 22 12:58:51 BOT 2011: Ajax->Mostrar Ranking:  
Thu Dec 22 12:58:54 BOT 2011: Ajax->Mostrar Comentarios:  
Thu Dec 22 12:58:54 BOT 2011: Ajax->Mostrar Megusta:  
Thu Dec 22 13:00:52 BOT 2011: Asignar backtone escuchado > Asi termino:141086,141084,105012,112439,112461,104390,619,112438,110218,110219,617,104827,109330,131837,104826,112436,131803,289,133432,109255,
Thu Dec 22 13:03:34 BOT 2011: Asignar backtone escuchado > Asi termino:128612,128237,128235,128233,128231,128221,128220,128218,134029,134027,132462,132108,123718,137972,134685,137044,105535,113612,120231,
Thu Dec 22 13:03:34 BOT 2011: Ajax->Mostrar Comentarios:  
Thu Dec 22 13:04:28 BOT 2011: Ajax->Mostrar Reproducciones:  
Thu Dec 22 13:05:22 BOT 2011: Ajax->Mostrar Reproducciones:  
Thu Dec 22 13:06:28 BOT 2011: Busqueda Inteligente: resultados >105664
Thu Dec 22 13:09:35 BOT 2011: Busqueda Inteligente: resultados >105276
Thu Dec 22 13:10:26 BOT 2011: Ajax->Eliminando backtone: msisdn:77260632   
Thu Dec 22 13:11:41 BOT 2011: Asignar backtone escuchado > Asi termino:133412,131615,131616,104646,109210,40,108518,109227,109257,141099,292,131843,110181,133810,112440,621,104829,133794,104828,141086,
Thu Dec 22 13:14:09 BOT 2011: Ajax->Mostrar Ranking:  
Thu Dec 22 13:15:54 BOT 2011: Asignar backtone escuchado > Asi termino:105750,420,139333,102752,102821,104481,104480,104479,104478,104477,104476,285,107436,104820,104821,102717,102780,102767,102993,
Thu Dec 22 13:16:21 BOT 2011: Ajax->Asignar modalidad backtone: > msisdn:77290031 >  modalidad :1  
Thu Dec 22 13:16:21 BOT 2011: Ajax->Mostrar Nombre Genero:  
Thu Dec 22 13:17:21 BOT 2011: Ajax-> Mostrar Ranking > tono:105752 
Thu Dec 22 13:19:15 BOT 2011: Ajax->Mostrar Reproducciones:  
Thu Dec 22 13:20:18 BOT 2011: Mostrar Megusta > tono: 202 msisdn:77909354 > cantidad de registros: 0
Thu Dec 22 13:21:16 BOT 2011: Asignar backtone escuchado > Asi termino:133434,623,131699,133432,133833,289,141098,109257,105640,624,109326,105034,131843,109255,112440,133794,179,620,105012,
Thu Dec 22 13:21:16 BOT 2011: Ajax->Mostrar Megusta:  
Thu Dec 22 13:28:38 BOT 2011: Ajax->Mostrar Nombre Artista:  
Thu Dec 22 13:29:44 BOT 2011: Ajax->Mostrar Ranking:  
Thu Dec 22 13:29:59 BOT 2011: ASYNC -> STATS> Tiempo respuesta 0.014494 seg.
Thu Dec 22 13:30:44 BOT 2011: Ajax->Mostrar Reproducciones:  
Thu Dec 22 13:31:17 BOT 2011: ASYNC -> STATS> Tiempo respuesta -0.019835 seg.
Thu Dec 22 13:35:33 BOT 2011: Ajax->Mostrar Ranking:  
Thu Dec 22 13:36:18 BOT 2011: ASYNC -> STATS> Tiempo respuesta 0.007273 seg.
Thu Dec 22 13:37:33 BOT 2011: Session Start>  session por defecto 
Thu Dec 22 13:40:48 BOT 2011: Ajax->Mostrar Comentarios:  
Thu Dec 22 13:40:54 BOT 2011: Ajax-> Compra de backtone msisdn: 77922722  tono:103577
Thu Dec 22 13:44:25 BOT 2011: Ajax-> Mostrar Ranking > tono:106380 
Thu Dec 22 13:44:55 BOT 2011: Ajax->Mostrar Megusta:  
Thu Dec 22 13:45:46 BOT 2011: Asignar backtone escuchado > Asi termino:141835,139303,106382,142225,142220,142168,140808,140826,141833,142273,142166,139723,140825,140823,137882,106380,131812,142230,140821,
Thu Dec 22 13:47:07 BOT 2011: Check Session > msisdn: 75789146 > Usuario Valido 
Thu Dec 22 13:50:05 BOT 2011: Ajax->Mostrar Ranking:  
Thu Dec 22 13:50:26 BOT 2011: Ajax->Mostrar Reproducciones:  
Thu Dec 22 13:52:32 BOT 2011: ASYNC -> STATS> Tiempo respuesta -0.094194 seg.
Thu Dec 22 13:52:35 BOT 2011: Ajax-> Mostrar Ranking > tono:132108 
Thu Dec 22 13:52:35 BOT 2011: Asignar backtone escuchado > Asi termino:120250,140810,120248,141835,139303,106382,142225,142220,142168,140808,140826,141833,142273,142166,139723,140825,140823,137882,106380,131812,
Thu Dec 22 13:53:17 BOT 2011: Ajax->Mostrar Comentarios:  
Thu Dec 22 13:53:47 BOT 2011: Ajax->Mostrar Comentarios:  
Thu Dec 22 13:57:09 BOT 2011: ASYNC -> STATS> Tiempo respuesta 0.009992 seg.
Thu Dec 22 13:57:12 BOT 2011: ASYNC -> STATS> Tiempo respuesta -0.62003 seg.
Thu Dec 22 14:02:40 BOT 2011: Ajax-> Mostrar Ranking > tono:103134 
Thu Dec 22 14:04:07 BOT 2011: Ajax->Mostrar Imagen Portada:  
Thu Dec 22 14:07:13 BOT 2011: ASYNC -> STATS> Tiempo respuesta 0.004377 seg.
Thu Dec 22 14:07:37 BOT 2011: Ajax->Mostrar Nombre Genero:  
Thu Dec 22 14:07:58 BOT 2011: Ajax->Mostrar Nombre Genero:  
Thu Dec 22 14:10:05 BOT 2011: Asignar backtone escuchado > Asi termino:104532,133790,137229,105031,137232,105276,126154,118732,118730,118728,118727,118725,142628,142539,
Thu Dec 22 14:11:59 BOT 2011: Ajax->Mostrar Megusta:  
Thu Dec 22 14:13:14 BOT 2011: Ajax-> Mostrar Megusta> tono:103469 
Thu Dec 22 14:14:08 BOT 2011: ASYNC -> STATS> Tiempo respuesta 0.514899 seg.
Thu Dec 22 14:15:17 BOT 2011: Ajax->Mostrar Nombre Genero:  
Thu Dec 22 14:21:15 BOT 2011: Ajax-> Mostrar Ranking > tono:558 
Thu Dec 22 14:23:22 BOT 2011: Asignar backtone escuchado > Asi termino:133786,129889,137235,133787,105271,553,105268,105273,105284,105024,105274,105276,118748,118727,118724,107747,139727,103083,135057,106269,
Thu Dec 22 14:24:31 BOT 2011: Ajax-> Mostrar Ranking > tono:104301 
Thu Dec 22 14:27:52 BOT 2011: Asignar backtone escuchado > Asi termino:445,108558,53,98,126486,104280,124965,104286,105856,94,120944,109406,140989,140965,107730,107737,
Thu Dec 22 14:28:01 BOT 2011: Ajax->Mostrar Nombre Artista:  
Thu Dec 22 14:29:23 BOT 2011: Ajax->Mostrar Nombre Genero:  
Thu Dec 22 14:30:23 BOT 2011: Consulta de precio de reason:3 - msisdn:76376505 tono:104428 Async responde:350
 
Thu Dec 22 14:32:29 BOT 2011: ASYNC -> STATS> Tiempo respuesta 0.183566 seg.
Thu Dec 22 14:36:21 BOT 2011: STATS > BUSQUEDA DE BACKTONE >Tiempo: -0.972133 seg. | registros: 44
Thu Dec 22 14:37:09 BOT 2011: Consulta de precio de reason:2 - msisdn: tono:105002 Async responde:350
 
Thu Dec 22 14:37:15 BOT 2011: Mostrar Ranking: tono:141027 calificacion: 
Thu Dec 22 14:37:15 BOT 2011: Ajax->Mostrar Reproducciones:  
Thu Dec 22 14:37:18 BOT 2011: ASYNC -> STATS> Tiempo respuesta -0.002303 seg.
Thu Dec 22 14:37:18 BOT 2011: Ajax->Mostrar Reproducciones:  
Thu Dec 22 14:37:24 BOT 2011: Ajax->Mostrar Imagen Portada:  
Thu Dec 22 14:37:45 BOT 2011: Ajax-> Mostrar  Imagen Portada> tono:123218 
Thu Dec 22 14:39:51 BOT 2011: ASYNC -> STATS> Tiempo respuesta 0.006272 seg.
Thu Dec 22 14:41:06 BOT 2011: ASYNC -> STATS> Tiempo respuesta 0.160678 seg.
Thu Dec 22 14:41:33 BOT 2011: Session Start>  session por defecto 
Thu Dec 22 14:42:39 BOT 2011: ASYNC -> STATS> Tiempo respuesta 0.663858 seg.
Thu Dec 22 14:42:42 BOT 2011: Ajax->Mostrar Ranking:  
Thu Dec 22 14:43:40 BOT 2011: Ajax-> Mostrar  Imagen Portada> tono:135108 
Thu Dec 22 14:46:25 BOT 2011: ASYNC -> STATS> Tiempo respuesta 0.006769 seg.
Thu Dec 22 14:46:28 BOT 2011: Ajax->Mostrar Comentarios:  
Thu Dec 22 14:47:16 BOT 2011: ASYNC -> STATS> Tiempo respuesta 0.386401 seg.
Thu Dec 22 14:50:53 BOT 2011: ASYNC -> STATS> Tiempo respuesta 0.02557 seg.
Thu Dec 22 14:53:47 BOT 2011: Ajax-> Mostrar  Imagen Portada> Album:albumes/album-default.jpg
Thu Dec 22 14:54:14 BOT 2011: Ajax-> Mostrar Ranking > tono:109246 
Thu Dec 22 14:57:08 BOT 2011: Asignar backtone escuchado > Asi termino:103874,103880,103718,103859,103716,103717,608,103876,103723,103866,140984,103860,103865,103862,103861,123218,123242,103033,102619,103030,
Thu Dec 22 14:59:48 BOT 2011: Ajax->Mostrar Ranking:  
Thu Dec 22 15:01:03 BOT 2011: Ajax->Mostrar Reproducciones:  
Thu Dec 22 15:04:58 BOT 2011: Ajax->Mostrar Reproducciones:  
Thu Dec 22 15:06:34 BOT 2011: Ajax->Mostrar Ranking:  
Thu Dec 22 15:10:46 BOT 2011: Ajax-> Mostrar  Imagen Portada> tono:129261 
Thu Dec 22 15:11:19 BOT 2011: Ajax->Mostrar Reproducciones:  
Thu Dec 22 15:13:08 BOT 2011: ASYNC -> STATS> Tiempo respuesta -0.571391 seg.
Thu Dec 22 15:13:17 BOT 2011: Ajax-> Mostrar Ranking > tono:510 
Thu Dec 22 15:14:11 BOT 2011: ASYNC -> STATS> Tiempo respuesta 0.07605 seg.
Thu Dec 22 15:14:23 BOT 2011: Ajax->Mostrar Megusta:  
Thu Dec 22 15:16:50 BOT 2011: Ajax->Mostrar Megusta:  
Thu Dec 22 15:24:37 BOT 2011: Ajax-> Mostrar Comentarios> tono:105304 
Thu Dec 22 15:24:40 BOT 2011: ASYNC -> STATS> Tiempo respuesta 0.191631 seg.
Thu Dec 22 15:26:44 BOT 2011: ASYNC -> STATS> Tiempo respuesta -0.70598 seg.
Thu Dec 22 15:32:09 BOT 2011: Ajax-> Mostrar Ranking > tono:132096 
Thu Dec 22 15:35:01 BOT 2011: ASYNC -> STATS> Tiempo respuesta -0.428687 seg.
Thu Dec 22 15:35:04 BOT 2011: ASYNC -> STATS> Tiempo respuesta 0.186205 seg.
Thu Dec 22 15:35:19 BOT 2011: ASYNC -> STATS> Tiempo respuesta 0.050928 seg.
Thu Dec 22 15:38:43 BOT 2011: Asignar backtone escuchado > Asi termino:127757,127759,
Thu Dec 22 15:41:53 BOT 2011: Ajax->Mostrar Megusta:  
Thu Dec 22 15:50:42 BOT 2011: ASYNC -> STATS> Tiempo respuesta 0.005543 seg.
Thu Dec 22 15:50:57 BOT 2011: ASYNC -> STATS> Tiempo respuesta 0.0073230000000001 seg.
Thu Dec 22 15:53:24 BOT 2011: Busqueda Inteligente: plan B
Thu Dec 22 15:54:31 BOT 2011: ASYNC -> STATS> Tiempo respuesta -0.122631 seg.
Thu Dec 22 15:54:34 BOT 2011: Ajax-> Mostrar Ranking > tono:131819 
Thu Dec 22 15:58:34 BOT 2011: Ajax->Mostrar Megusta:  
Thu Dec 22 16:00:35 BOT 2011: Asignar backtone escuchado > Asi termino:105407,105391,104929,104928,105406,102701,109251,102709,104927,102742,103414,103202,104870,104498,102689,104922,104249,104147,102741,103685,
Thu Dec 22 16:00:56 BOT 2011: Ajax->Mostrar Reproducciones:  
Thu Dec 22 16:02:08 BOT 2011: Ajax->Mostrar Megusta:  
Thu Dec 22 16:02:47 BOT 2011: Ajax-> Mostrar Comentarios> tono:109261 
Thu Dec 22 16:04:38 BOT 2011: Ajax->Mostrar Comentarios:  
Thu Dec 22 16:10:42 BOT 2011: Ajax-> Mostrar Megusta> tono:134638 
Thu Dec 22 16:11:06 BOT 2011: Ajax-> Mostrar  Nombre Artista > tono:103555 
Thu Dec 22 16:11:12 BOT 2011: Ajax-> Mostrar Ranking > tono:135108 
Thu Dec 22 16:15:55 BOT 2011: Ajax->Mostrar Nombre Artista:  
Thu Dec 22 16:16:10 BOT 2011: Ajax-> Mostrar  Nombre Artista > tono:102822 
Thu Dec 22 16:17:16 BOT 2011: ASYNC -> STATS> Tiempo respuesta 0.007196 seg.
Thu Dec 22 16:20:43 BOT 2011: Ajax->Mostrar Ranking:  
Thu Dec 22 16:24:26 BOT 2011: Mostrar Genero: >G&eacute;nero:  <a href='index.php?seccion=playlist&genero=169'>Backtones de 2 Bolivianos</a>
Thu Dec 22 16:24:47 BOT 2011: Ajax->Mostrar Imagen Portada:  
Thu Dec 22 16:28:50 BOT 2011: Asignar backtone escuchado > Asi termino:102911,105707,135697,148,103437,102672,103034,103033,103029,105077,105078,104670,102673,126853,103458,103462,103461,127449,103460,103459,
Thu Dec 22 16:34:03 BOT 2011: Ajax->Mostrar Megusta:  
Thu Dec 22 16:37:04 BOT 2011: Ajax->Mostrar Ranking:  
Thu Dec 22 16:38:40 BOT 2011: Ajax->Mostrar Nombre Genero:  
Thu Dec 22 16:39:55 BOT 2011: Ajax-> Mostrar Megusta> tono:102953 
Thu Dec 22 16:43:04 BOT 2011: Ajax->Mostrar Ranking:  
Thu Dec 22 16:43:10 BOT 2011: Mostrar Cantidad reproducciones: tono:124320 cantidad: 0
Thu Dec 22 16:43:10 BOT 2011: Ajax->Mostrar Imagen Portada:  
Thu Dec 22 16:43:59 BOT 2011: Session Start>  session por defecto 
Thu Dec 22 16:47:29 BOT 2011: Ajax-> Mostrar  Nombre Genero > tono:104999 
Thu Dec 22 16:49:17 BOT 2011: Ajax->Mostrar Ranking:  
Thu Dec 22 16:53:25 BOT 2011: Ajax-> Mostrar  Nombre Artista > tono:106236 
Thu Dec 22 16:53:58 BOT 2011: Ajax-> Mostrar Comentarios> tono:142111 
Thu Dec 22 16:57:52 BOT 2011: Ajax->Mostrar Megusta:  
Thu Dec 22 16:59:31 BOT 2011: Ajax->Mostrar Comentarios:  
Thu Dec 22 17:00:23 BOT 2011: Ajax-> Mostrar Ranking > tono:102704 
Thu Dec 22 17:00:47 BOT 2011: Ajax->Mostrar Ranking:  
Thu Dec 22 17:02:17 BOT 2011: Ajax-> Mostrar Megusta> tono:104521 
Thu Dec 22 17:03:23 BOT 2011: Ajax->Mostrar Megusta:  
Thu Dec 22 17:04:26 BOT 2011: Ajax-> Mostrar  Imagen Portada> Album:Artista:  <a href='index.php?seccion=playlist&autor=310'>Bronco</a>
Thu Dec 22 17:05:32 BOT 2011: Ajax->Mostrar Comentarios:  
Thu Dec 22 17:07:05 BOT 2011: Ajax->Mostrar Megusta:  
Thu Dec 22 17:07:08 BOT 2011: Ajax->Mostrar Nombre Artista:  
Thu Dec 22 17:07:08 BOT 2011: Ajax->Mostrar Ranking:  
Thu Dec 22 17:10:36 BOT 2011: Ajax-> Mostrar Megusta> tono:104078 
Thu Dec 22 17:10:39 BOT 2011: Ajax->Mostrar Ranking:  
Thu Dec 22 17:10:45 BOT 2011: Ajax->Mostrar Nombre Artista:  
Thu Dec 22 17:10:48 BOT 2011: LISTAR_MODO_ROTACION_BACTONES > usuario: 77091219  modo:2 
Thu Dec 22 17:10:51 BOT 2011: Mostrar Genero: >G&eacute;nero:  <a href='index.php?seccion=playlist&genero=130'>Rancheras</a>
Thu Dec 22 17:11:51 BOT 2011: Ajax->Mostrar Megusta:  
Thu Dec 22 17:15:49 BOT 2011: WEB REPROD BUSQ > Facebook link: http%3A%2F%2Fbacktones.tigo.com.bo%2Fv3%2Findex.php%3Fseccion%3Dplaylist%26search%3DPARAMORE%26f%3D1%26t%3D123213
Thu Dec 22 17:16:25 BOT 2011: Ajax-> Mostrar Ranking > tono:140810 
Thu Dec 22 17:17:40 BOT 2011: Ajax->Mostrar Comentarios:  
Thu Dec 22 17:18:13 BOT 2011: Asignar backtone escuchado > Asi termino:123718,125092,128425,104909,103798,142124,142113,142128,105998,142132,104398,140778,102645,110191,376,126167,103346,125090,125088,
Thu Dec 22 17:18:23 BOT 2011: ASYNC -> STATS> Tiempo respuesta 0.001456 seg.
Thu Dec 22 17:18:49 BOT 2011: ASYNC -> STATS> Tiempo respuesta -0.061158 seg.
Thu Dec 22 17:19:49 BOT 2011: Busqueda Inteligente: 
Thu Dec 22 17:20:55 BOT 2011: ASYNC -> STATS> Tiempo respuesta 0.008497 seg.
Thu Dec 22 17:21:32 BOT 2011: ASYNC -> STATS> Tiempo respuesta 0.004328 seg.
Thu Dec 22 17:22:56 BOT 2011: Ajax->Mostrar Nombre Genero:  
Thu Dec 22 17:23:20 BOT 2011: Ajax-> Mostrar Ranking > tono:104167 
Thu Dec 22 17:23:53 BOT 2011: Mostrar Ranking: tono:102672 calificacion: 
Thu Dec 22 17:24:20 BOT 2011: ASYNC -> STATS> Tiempo respuesta 0.003913 seg.
Thu Dec 22 17:25:47 BOT 2011: DB_LISTAR_TONOS> Se econtraron 1 resultados con estos ID:123010, 
Thu Dec 22 17:26:29 BOT 2011: Mostrar Ranking: tono:132454 calificacion: 5
Thu Dec 22 17:29:27 BOT 2011: Ajax->Mostrar Reproducciones:  
Thu Dec 22 17:40:13 BOT 2011: ASYNC -> STATS> Tiempo respuesta -0.141926 seg.
Thu Dec 22 17:42:28 BOT 2011: Ajax->Mostrar Nombre Artista:  
Thu Dec 22 17:45:29 BOT 2011: ASYNC -> STATS> Tiempo respuesta 0.014069 seg.
Thu Dec 22 17:47:32 BOT 2011: ASYNC -> STATS> Tiempo respuesta 0.006215 seg.
Thu Dec 22 17:48:29 BOT 2011: Ajax->Mostrar Comentarios:  
Thu Dec 22 17:49:20 BOT 2011: Ajax->Mostrar Comentarios:  
Thu Dec 22 17:50:39 BOT 2011: ASYNC -> STATS> Tiempo respuesta -0.503581 seg.
Thu Dec 22 17:50:54 BOT 2011: Ajax->Mostrar Imagen Portada:  
Thu Dec 22 17:54:12 BOT 2011: Ajax->Mostrar Nombre Artista:  
Thu Dec 22 17:55:03 BOT 2011: Ajax-> Mostrar Ranking > tono:103106 
Thu Dec 22 17:56:00 BOT 2011: Check Session > msisdn: 76001739 > Usuario Valido 
Thu Dec 22 17:56:18 BOT 2011: LISTAR_MODO_ROTACION_BACTONES > usuario: 78734447  modo:2 
Thu Dec 22 17:57:37 BOT 2011: Ajax->Mostrar Ranking:  
Thu Dec 22 17:59:55 BOT 2011: Ajax-> Mostrar Ranking > tono:139345 
Thu Dec 22 18:00:10 BOT 2011: ASYNC -> STATS> Tiempo respuesta 0.175853 seg.
Thu Dec 22 18:01:22 BOT 2011: Ajax-> Mostrar Megusta> tono:142230 
Thu Dec 22 18:03:13 BOT 2011: ASYNC -> STATS> Tiempo respuesta 0.005485 seg.
Thu Dec 22 18:04:35 BOT 2011: Check Session > msisdn: 76001739 > Usuario Valido 
Thu Dec 22 18:04:38 BOT 2011: ASYNC -> STATS> Tiempo respuesta -0.854949 seg.
Thu Dec 22 18:10:20 BOT 2011: ASYNC -> STATS> Tiempo respuesta 0.002264 seg.
Thu Dec 22 18:10:29 BOT 2011: Ajax->Mostrar Reproducciones:  
Thu Dec 22 18:11:20 BOT 2011: Ajax->Mostrar Reproducciones:  
Thu Dec 22 18:12:45 BOT 2011: Mostrar Cantidad reproducciones: tono:127447 cantidad: 0
Thu Dec 22 18:14:06 BOT 2011: Ajax-> Mostrar Comentarios> tono:125516 
Thu Dec 22 18:14:18 BOT 2011: Ajax->Mostrar Nombre Genero:  
Thu Dec 22 18:16:28 BOT 2011: Asignar backtone escuchado > Asi termino:105702,103872,129899,104560,103451,103430,104757,103784,104805,103461,103458,127449,127447,442,104562,127769,103432,135200,102723,
Thu Dec 22 18:17:06 BOT 2011: Ajax-> Mostrar  Nombre Genero > tono:103544 
Thu Dec 22 18:17:24 BOT 2011: Ajax-> Mostrar  Imagen Portada> tono:123518 
Thu Dec 22 18:18:18 BOT 2011: Asignar backtone escuchado > Asi termino:469,105292,104089,105290,105702,103872,129899,104560,103451,103430,104757,103784,104805,103461,103458,127449,127447,442,104562,127769,
Thu Dec 22 18:19:46 BOT 2011: Ajax->Mostrar Nombre Artista:  
Thu Dec 22 18:23:25 BOT 2011: Ajax->Mostrar Megusta:  
Thu Dec 22 18:25:49 BOT 2011: Ajax-> Mostrar  Nombre Genero > tono:123008 
Thu Dec 22 18:27:02 BOT 2011: Busqueda Inteligente: resultados >104457
Thu Dec 22 18:27:17 BOT 2011: Ajax->Mostrar Nombre Artista:  
Thu Dec 22 18:27:56 BOT 2011: Ajax-> Mostrar Megusta> tono:102797 
Thu Dec 22 18:28:50 BOT 2011: Ajax-> Mostrar Ranking > tono:118725 
Thu Dec 22 18:31:59 BOT 2011: Ajax-> Cerrar session: msisdn: > No cerro correctamente
Thu Dec 22 18:32:35 BOT 2011: ASYNC -> STATS> Tiempo respuesta 0.003301 seg.
Thu Dec 22 18:34:39 BOT 2011: Mostrar Cantidad reproducciones: tono:103995 cantidad: 0
Thu Dec 22 18:34:54 BOT 2011: ASYNC -> STATS> Tiempo respuesta 0.004979 seg.
Thu Dec 22 18:35:54 BOT 2011: Ajax-> Mostrar  Imagen Portada> tono:142168 
Thu Dec 22 18:37:06 BOT 2011: Ajax->Mostrar Nombre Artista:  
Thu Dec 22 18:38:27 BOT 2011: ASYNC -> STATS> Tiempo respuesta -0.205397 seg.
Thu Dec 22 18:39:27 BOT 2011: Ajax->Mostrar Comentarios:  
Thu Dec 22 18:39:33 BOT 2011: ASYNC -> STATS> Tiempo respuesta -0.025612 seg.
Thu Dec 22 18:39:36 BOT 2011: Ajax->Mostrar Ranking:  
Thu Dec 22 18:39:36 BOT 2011: Ajax->Mostrar Nombre Artista:  
Thu Dec 22 18:40:42 BOT 2011: Ajax->Mostrar Reproducciones:  
Thu Dec 22 18:41:58 BOT 2011: Asignar backtone escuchado > Asi termino:136207,135975,136220,133738,133762,103300,132050,132451,129213,104950,129215,103069,110,136044,135958,103299,78,103545,103068,125516,
Thu Dec 22 18:42:10 BOT 2011: Ajax-> Mostrar  Nombre Artista > tono:142230 
Thu Dec 22 18:42:22 BOT 2011: ASYNC -> STATS> Tiempo respuesta -0.587476 seg.
Thu Dec 22 18:42:22 BOT 2011: ASYNC -> STATS> Tiempo respuesta -0.384666 seg.
Thu Dec 22 18:44:46 BOT 2011: Ajax->Mostrar Imagen Portada:  
Thu Dec 22 18:45:46 BOT 2011: Ajax-> Mostrar Megusta> tono:141122 
Thu Dec 22 18:46:25 BOT 2011: Ajax->Mostrar Nombre Genero:  
Thu Dec 22 18:50:08 BOT 2011: Ajax->Mostrar Megusta:  
Thu Dec 22 18:50:08 BOT 2011: Ajax->Mostrar Ranking:  
Thu Dec 22 18:52:26 BOT 2011: Ajax->Mostrar Reproducciones:  
Thu Dec 22 18:53:20 BOT 2011: Ajax->Mostrar Nombre Genero:  
Thu Dec 22 18:54:44 BOT 2011: Ajax-> Mostrar Ranking > tono:120254 
Thu Dec 22 18:55:08 BOT 2011: Ajax-> Mostrar Ranking > tono:141124 
Thu Dec 22 18:55:26 BOT 2011: Ajax-> Mostrar  Imagen Portada> tono:102629 
Thu Dec 22 18:57:33 BOT 2011: Ajax->Mostrar Megusta:  
Thu Dec 22 18:57:33 BOT 2011: Ajax->Mostrar Nombre Genero:  
Thu Dec 22 18:57:51 BOT 2011: Ajax->Mostrar Nombre Artista:  
Thu Dec 22 19:00:45 BOT 2011: Consulta de precio de reason:3 - msisdn: tono:103328 Async responde:350
 
Thu Dec 22 19:00:45 BOT 2011: Ajax->Mostrar Comentarios:  
Thu Dec 22 19:00:48 BOT 2011: ASYNC -> STATS> Tiempo respuesta 0.087535 seg.
Thu Dec 22 19:00:51 BOT 2011: ASYNC -> STATS> Tiempo respuesta -0.072691 seg.
Thu Dec 22 19:00:54 BOT 2011: ASYNC -> STATS> Tiempo respuesta -0.007944 seg.
Thu Dec 22 19:00:54 BOT 2011: Ajax-> Mostrar Megusta> tono:133859 
Thu Dec 22 19:01:06 BOT 2011: ASYNC -> STATS> Tiempo respuesta 0.037245 seg.
Thu Dec 22 19:01:12 BOT 2011: ASYNC -> STATS> Tiempo respuesta 0.004032 seg.
Thu Dec 22 19:03:55 BOT 2011: Mostrar Megusta> tono: 125067 msisdn: > a otros 2  les gusta 
Thu Dec 22 19:05:04 BOT 2011: Ajax-> Mostrar Comentarios> tono:118724 
Thu Dec 22 19:07:01 BOT 2011: Ajax-> Mostrar  Nombre Artista > tono:103544 
Thu Dec 22 19:08:19 BOT 2011: Ajax-> Mostrar Ranking > tono:125094 
Thu Dec 22 19:10:07 BOT 2011: Ajax->Mostrar Reproducciones:  
Thu Dec 22 19:10:28 BOT 2011: Error al consultar precio de renovacion - msisdn: tono:126855 - Async responde -3
Thu Dec 22 19:10:34 BOT 2011: Busqueda Inteligente: resultados >103298
Thu Dec 22 19:11:59 BOT 2011: Ajax->Mostrar Ranking:  
Thu Dec 22 19:14:32 BOT 2011: ASYNC -> STATS> Tiempo respuesta 0.004348 seg.
Thu Dec 22 19:16:44 BOT 2011: Busqueda Inteligente: resultados >127400
Thu Dec 22 19:17:54 BOT 2011: Ajax->Mostrar Imagen Portada:  
Thu Dec 22 19:18:03 BOT 2011: Ajax->Actualizar pin usuario
Thu Dec 22 19:21:57 BOT 2011: Ajax->Mostrar Reproducciones:  
Thu Dec 22 19:25:28 BOT 2011: Busqueda Inteligente: 
Thu Dec 22 19:26:58 BOT 2011: ASYNC -> STATS> Tiempo respuesta 0.002381 seg.
Thu Dec 22 19:32:44 BOT 2011: Session Start>  session por defecto 
Thu Dec 22 19:41:39 BOT 2011: WEB_REPRODUCIR_BUSQUEDA > Se recibieron:14 tonos
Thu Dec 22 19:43:06 BOT 2011: Ajax->Mostrar Reproducciones:  
Thu Dec 22 19:43:09 BOT 2011: Mostrar Cantidad reproducciones: tono:142225 cantidad: 0
Thu Dec 22 19:43:48 BOT 2011: Ajax-> Mostrar Comentarios> tono:128218 
Thu Dec 22 19:44:30 BOT 2011: Mostrar Album: >albumes/album-default.jpg
Thu Dec 22 19:45:15 BOT 2011: Asignar backtone escuchado > Asi termino:103861,120947,120952,104348,120942,120950,
Thu Dec 22 19:49:40 BOT 2011: Ajax->Mostrar Nombre Artista:  
Thu Dec 22 19:50:10 BOT 2011: Ajax->Mostrar Comentarios:  
Thu Dec 22 19:57:32 BOT 2011: Ajax->Mostrar Ranking:  
Thu Dec 22 19:57:38 BOT 2011: Mostrar Megusta> tono: 123519 msisdn:77053385 > a otros 2  les gusta 
Thu Dec 22 20:01:20 BOT 2011: Ajax->Mostrar Imagen Portada:  
Thu Dec 22 20:02:15 BOT 2011: Ajax->Mostrar Reproducciones:  
Thu Dec 22 20:03:12 BOT 2011: Ajax->Mostrar Ranking:  
Thu Dec 22 20:05:12 BOT 2011: Ajax-> Mostrar  Imagen Portada> tono:128300 
Thu Dec 22 20:10:28 BOT 2011: Ajax->Mostrar Reproducciones:  
Thu Dec 22 20:10:43 BOT 2011: Ajax->Mostrar Reproducciones:  
Thu Dec 22 20:11:37 BOT 2011: Ajax->Eliminando backtone: msisdn:76002520   
Thu Dec 22 20:17:44 BOT 2011: Mostrar Cantidad reproducciones: tono:105672 cantidad: 0
Thu Dec 22 20:22:11 BOT 2011: Asignar backtone escuchado > Asi termino:128601,104678,
Thu Dec 22 20:23:09 BOT 2011: Ajax->Mostrar Imagen Portada:  
Thu Dec 22 20:26:09 BOT 2011: Ajax-> Mostrar Megusta> tono:133452 
Thu Dec 22 20:30:55 BOT 2011: ASYNC -> STATS> Tiempo respuesta -0.005996 seg.
Thu Dec 22 20:33:28 BOT 2011: Ajax->Mostrar Reproducciones:  
Thu Dec 22 20:34:16 BOT 2011: WEB_REPRODUCIR_BUSQUEDA > Se recibieron:84 tonos
Thu Dec 22 20:34:34 BOT 2011: ASYNC -> STATS> Tiempo respuesta 0.0012690000000001 seg.
Thu Dec 22 20:36:50 BOT 2011: Mostrar Cantidad reproducciones: tono:124025 cantidad: 0
Thu Dec 22 20:36:50 BOT 2011: WEB_REPRODUCIR_BUSQUEDA > Se recibieron:16 tonos
Thu Dec 22 20:37:20 BOT 2011: ASYNC -> STATS> Tiempo respuesta 0.006505 seg.
Thu Dec 22 20:38:50 BOT 2011: Ajax-> Mostrar Megusta> tono:140821 
Thu Dec 22 20:41:20 BOT 2011: Ajax-> Mostrar Ranking > tono:116862 
Thu Dec 22 20:41:20 BOT 2011: ASYNC -> STATS> Tiempo respuesta 0.206956 seg.
Thu Dec 22 20:42:47 BOT 2011: Ajax-> Mostrar Comentarios> tono:109240 
Thu Dec 22 20:43:44 BOT 2011: Ajax-> Mostrar  Imagen Portada> tono:109247 
Thu Dec 22 20:47:54 BOT 2011: Asignar backtone escuchado > Asi termino:104124,24,128235,138307,521,104115,102646,103474,103328,102622,105284,105270,105274,105276,135089,137086,103489,592,177,126146,
Thu Dec 22 20:49:06 BOT 2011: ASYNC -> STATS> Tiempo respuesta 0.006425 seg.
Thu Dec 22 20:49:09 BOT 2011: ASYNC -> STATS> Tiempo respuesta 0.221509 seg.
Thu Dec 22 20:49:09 BOT 2011: Ajax->Mostrar Reproducciones:  
Thu Dec 22 20:53:28 BOT 2011: Ajax->Mostrar Nombre Genero:  
Thu Dec 22 20:59:53 BOT 2011: Ajax-> Mostrar Ranking > tono:130833 
Thu Dec 22 21:02:02 BOT 2011: Asignar backtone escuchado > Asi termino:106266,124243,
Thu Dec 22 21:03:32 BOT 2011: Ajax->Mostrar Ranking:  
Thu Dec 22 21:04:14 BOT 2011: ASYNC -> STATS> Tiempo respuesta 0.010769 seg.
Thu Dec 22 21:04:23 BOT 2011: Asignar backtone escuchado > Asi termino:104293,104938,104214,104215,104353,104289,104646,102897,104212,126489,102884,102773,102883,120956,105419,104297,126857,103711,108275,103710,
Thu Dec 22 21:09:27 BOT 2011: ASYNC -> STATS> Tiempo respuesta 0.191215 seg.
Thu Dec 22 21:17:04 BOT 2011: Ajax->Mostrar Imagen Portada:  
Thu Dec 22 21:17:46 BOT 2011: ASYNC -> STATS> Tiempo respuesta 0.011051 seg.
Thu Dec 22 21:26:05 BOT 2011: ASYNC -> STATS> Tiempo respuesta 0.0045259999999999 seg.
Thu Dec 22 21:26:14 BOT 2011: ASYNC -> STATS> Tiempo respuesta 0.466445 seg.
Thu Dec 22 21:28:12 BOT 2011: Ajax->Mostrar Megusta:  
Thu Dec 22 21:28:42 BOT 2011: Ajax-> Mostrar Megusta> tono:104745 
Thu Dec 22 21:32:51 BOT 2011: Asignar backtone escuchado > Asi termino:102613,102615,102614,105294,131771,128608,133856,103941,128602,137268,104368,102825,104367,104213,104643,104346,104291,104292,537,102946,
Thu Dec 22 21:35:13 BOT 2011: Ajax->Mostrar Nombre Artista:  
Thu Dec 22 21:35:13 BOT 2011: Mostrar Album: >Artista:  <a href='index.php?seccion=playlist&autor=592'>Control Machete</a>
Thu Dec 22 21:37:07 BOT 2011: Ajax->Mostrar Nombre Genero:  
Thu Dec 22 21:37:13 BOT 2011: Ajax->Mostrar Reproducciones:  
Thu Dec 22 21:40:10 BOT 2011: Ajax->Mostrar Nombre Artista:  
Thu Dec 22 21:40:25 BOT 2011: Busqueda Inteligente: 
Thu Dec 22 21:42:47 BOT 2011: DB_LISTAR_TONOS> Se econtraron 4 resultados con estos ID:104253,104252,104354,104355, 
Thu Dec 22 21:43:47 BOT 2011: Ajax->Mostrar Nombre Artista:  
Thu Dec 22 21:47:23 BOT 2011: Ajax->Mostrar Nombre Genero:  
Thu Dec 22 21:49:39 BOT 2011: Ajax->Mostrar Nombre Genero:  
Thu Dec 22 21:49:42 BOT 2011: ASYNC -> STATS> Tiempo respuesta 0.005282 seg.
Thu Dec 22 21:49:45 BOT 2011: Consulta de precio de reason:2 - msisdn: tono:104253 Async responde:350
 
Thu Dec 22 21:49:48 BOT 2011: ASYNC -> STATS> Tiempo respuesta -0.430886 seg.
Thu Dec 22 21:49:48 BOT 2011: Ajax->Mostrar Reproducciones:  
Thu Dec 22 21:49:51 BOT 2011: ASYNC -> STATS> Tiempo respuesta -0.005142 seg.
Thu Dec 22 21:50:21 BOT 2011: Asignar backtone escuchado > Asi termino:104395,104466,104472,110221,142527,124243,
Thu Dec 22 21:56:49 BOT 2011: Ajax->Mostrar Nombre Genero:  
Thu Dec 22 21:57:04 BOT 2011: Ajax->Mostrar Megusta:  
Thu Dec 22 21:58:43 BOT 2011: Ajax->Mostrar Imagen Portada:  
Thu Dec 22 21:58:46 BOT 2011: Ajax->Mostrar Ranking:  
Thu Dec 22 21:58:52 BOT 2011: ASYNC -> STATS> Tiempo respuesta -0.01611 seg.
Thu Dec 22 21:58:52 BOT 2011: ASYNC -> STATS> Tiempo respuesta 0.466477 seg.
Thu Dec 22 21:59:25 BOT 2011: Session Start>  session por defecto 
Thu Dec 22 21:59:31 BOT 2011: Ajax-> Mostrar Megusta> tono:131627 
Thu Dec 22 22:00:25 BOT 2011: Ajax->Mostrar Reproducciones:  
Thu Dec 22 22:03:50 BOT 2011: MTD_DB_BUSCAR_ARTISTAS > retornando registros:1
Thu Dec 22 22:04:11 BOT 2011: Ajax->Mostrar Comentarios:  
Thu Dec 22 22:11:54 BOT 2011: Ajax->Mostrar Imagen Portada:  
Thu Dec 22 22:13:21 BOT 2011: STATS > BUSQUEDA DE BACKTONE >Tiempo: 0.319122 seg. | registros: 3
Thu Dec 22 22:14:51 BOT 2011: Asignar backtone escuchado > Asi termino:105985,66,106290,102610,105281,103479,105036,105096,106237,130053,
Thu Dec 22 22:14:54 BOT 2011: Asignar backtone escuchado > Asi termino:134658,126175,125661,134027,128235,128221,
Thu Dec 22 22:28:53 BOT 2011: Session Start>  session por defecto 
Thu Dec 22 22:32:09 BOT 2011: ASYNC -> STATS> Tiempo respuesta 0.011898 seg.
Thu Dec 22 22:32:54 BOT 2011: STATS > BUSQUEDA DE BACKTONE >Tiempo: 0.035019 seg. | registros: 82
Thu Dec 22 22:33:27 BOT 2011: Ajax-> Mostrar  Nombre Genero > tono:113024 
Thu Dec 22 22:33:49 BOT 2011: WEB_REPRODUCIR_BUSQUEDA > Se formatearon:102 tonos
Thu Dec 22 22:34:06 BOT 2011: ASYNC -> STATS> Tiempo respuesta 0.008691 seg.
Thu Dec 22 22:36:09 BOT 2011: ASYNC -> STATS> Tiempo respuesta -0.072803 seg.
Thu Dec 22 22:38:24 BOT 2011: Session Start>  session por defecto 
Thu Dec 22 22:44:01 BOT 2011: Session Start>  Chequeo de sesion
Thu Dec 22 22:45:10 BOT 2011: ASYNC -> STATS> Tiempo respuesta 0.0033190000000001 seg.
Thu Dec 22 22:47:59 BOT 2011: Ajax-> Mostrar Ranking > tono:125514 
Thu Dec 22 22:56:24 BOT 2011: Ajax-> Mostrar  Nombre Artista > tono:109433 
Thu Dec 22 23:00:00 BOT 2011: Ajax-> Mostrar Comentarios> tono:102713 
Thu Dec 22 23:08:10 BOT 2011: Ajax->Mostrar Ranking:  
Thu Dec 22 23:16:18 BOT 2011: Ajax->Mostrar Megusta:  
Thu Dec 22 23:23:25 BOT 2011: ASYNC -> STATS> Tiempo respuesta -0.245963 seg.
Thu Dec 22 23:33:59 BOT 2011: Mostrar Comentarios : tono:138307 
Thu Dec 22 23:36:50 BOT 2011: ASYNC -> STATS> Tiempo respuesta 0.0056229999999999 seg.
Thu Dec 22 23:43:15 BOT 2011: Ajax-> Mostrar Ranking > tono:107764 
Thu Dec 22 23:44:55 BOT 2011: Ajax->Mostrar Nombre Genero:  
Thu Dec 22 23:55:47 BOT 2011: Session Start>  session por defecto 
